1.2182 	WARNING 	We strongly recommend you activate the PTB sound engine in PsychoPy prefs as the preferred audio engine. Its timing is vastly superior. Your prefs are currently set to use ['sounddevice', 'PTB', 'pyo', 'pygame'] (in that order).
7.4973 	WARNING 	User requested fullscreen with size [1024  768], but screen is actually [1366, 768]. Using actual size
9.1800 	EXP 	Created window1 = Window(allowGUI=False, allowStencil=False, args=UNKNOWN, autoLog=True, bitsMode=UNKNOWN, blendMode='avg', bpc=(8, 8, 8), color=array([0., 0., 0.]), colorSpace='rgb', depthBits=8, fullscr=<method-wrapper '__getattribute__' of attributeSetter object at 0x000001DBC7F6D898>, gamma=None, gammaErrorPolicy='raise', kwargs=UNKNOWN, lms=UNKNOWN, monitor=<psychopy.monitors.calibTools.Monitor object at 0x000001DBC7C8A908>, multiSample=False, name='window1', numSamples=2, pos=[0.0, 0.0], screen=0, size=array([1366,  768]), stencilBits=0, stereo=False, units='height', useFBO=True, useRetina=False, viewOri=0.0, viewPos=None, viewScale=None, waitBlanking=True, winType='pyglet')
9.1807 	EXP 	window1: mouseVisible = True
9.1808 	EXP 	window1: recordFrameIntervals = False
9.3455 	EXP 	window1: recordFrameIntervals = True
9.5291 	EXP 	window1: recordFrameIntervals = False
10.2339 	EXP 	Sound Sonido set volume 1.000
10.2481 	EXP 	Created image_2 = ImageStim(__class__=<class 'psychopy.visual.image.ImageStim'>, autoLog=True, color=array([1., 1., 1.]), colorSpace='rgb', contrast=1.0, depth=-1.0, flipHoriz=False, flipVert=False, image='sin', interpolate=True, mask=None, maskParams=None, name='image_2', opacity=1.0, ori=0.0, pos=array([0. , 0.2]), size=array([0.5, 0.5]), texRes=128, units='height', win=Window(...))
10.2718 	EXP 	window1: mouseVisible = True
10.4629 	EXP 	Created slider_2 = Slider(__class__=<class 'psychopy.visual.slider.Slider'>, autoDraw=False, autoLog=True, color='LightGray', depth=0, flip=False, font='HelveticaBold', granularity=0, labelHeight=0.05, labelWrapWidth=None, labels=('0', '1000', '2000', '3000', '4000', '5000'), name='slider_2', pos=(0, -0.3), readOnly=False, self=UNKNOWN, size=(1.0, 0.05), style=method-wrapper(...), ticks=array([1, 2, 3, 4, 5, 6]), units='height', win=Window(...))
10.5323 	EXP 	Created text = TextStim(__class__=<class 'psychopy.visual.text.TextStim'>, alignHoriz=method-wrapper(...), alignText='center', alignVert=method-wrapper(...), anchorHoriz='center', anchorVert='center', antialias=True, autoLog=True, bold=False, color='white', colorSpace='named', contrast=1.0, depth=-1.0, flipHoriz=False, flipVert=False, font='Arial', fontFiles=[], height=0.1, italic=False, languageStyle='LTR', name='text', opacity=1.0, ori=0, pos=array([0.  , 0.15]), rgb=array([255., 255., 255.]), text='default text', units='height', win=Window(...), wrapWidth=1)
10.5421 	EXP 	Created text_4 = TextStim(__class__=<class 'psychopy.visual.text.TextStim'>, alignHoriz=method-wrapper(...), alignText='center', alignVert=method-wrapper(...), anchorHoriz='center', anchorVert='center', antialias=True, autoLog=True, bold=False, color='white', colorSpace='named', contrast=1.0, depth=0.0, flipHoriz=False, flipVert=False, font='Arial', fontFiles=[], height=0.1, italic=False, languageStyle='LTR', name='text_4', opacity=1.0, ori=0, pos=array([0., 0.]), rgb=array([255., 255., 255.]), text='default text', units='height', win=Window(...), wrapWidth=1)
10.6717 	EXP 	Imported ruidos.xlsx as conditions, 4 conditions, 2 params
10.6728 	EXP 	Created sequence: random, trialTypes=4, nReps=1, seed=None
10.6738 	EXP 	New trial (rep=0, index=0): OrderedDict([('Hertz', 1500), ('volumen', 0.02)])
10.6997 	EXP 	Imported imagenes.xlsx as conditions, 20 conditions, 3 params
10.7009 	EXP 	Created sequence: random, trialTypes=20, nReps=1, seed=None
10.7019 	EXP 	New trial (rep=0, index=0): OrderedDict([('Imagenes', 'imagenes\\bon-bon-bun.jpg'), ('Random', 0.7387922093313524), ('Correcto', None)])
10.7920 	EXP 	slider_2: autoLog = True
10.7920 	EXP 	slider_2: markerPos = None
10.7920 	EXP 	slider_2: rating = None
10.7920 	EXP 	slider_2: markerPos = None
10.7920 	EXP 	slider_2: contrast = 1.0
10.7920 	EXP 	slider_2: autoLog = True
10.7920 	EXP 	slider_2: style = ['rating']
10.7920 	EXP 	image_2: image = 'imagenes\\bon-bon-bun.jpg'
10.7920 	EXP 	slider_2: markerPos = None
10.7920 	EXP 	slider_2: markerPos = None
10.7920 	EXP 	slider_2: rating = None
12.8606 	EXP 	image_2: autoDraw = True
12.8606 	EXP 	slider_2: autoDraw = True
13.7510 	DATA 	Mouse: Left button down, pos=(666,153)
13.7615 	EXP 	slider_2: markerPos = 3.3893229166666665
13.7782 	EXP 	slider_2: markerPos = 3.3893229166666665
13.7953 	EXP 	slider_2: markerPos = 3.3893229166666665
13.8116 	EXP 	slider_2: markerPos = 3.3893229166666665
13.8282 	EXP 	slider_2: markerPos = 3.3893229166666665
13.8452 	EXP 	slider_2: markerPos = 3.3893229166666665
13.8615 	EXP 	slider_2: markerPos = 3.3893229166666665
13.8633 	DATA 	Mouse:  Left button up, pos=(666,153)
13.8780 	EXP 	slider_2: markerPos = 3.3893229166666665
13.8780 	EXP 	slider_2: rating = 3.3893229166666665
13.8816 	EXP 	New trial (rep=0, index=1): OrderedDict([('Imagenes', 'imagenes\\Nutella (1).jpg'), ('Random', 0.5277483225747329), ('Correcto', None)])
13.9043 	EXP 	image_2: autoDraw = False
13.9043 	EXP 	slider_2: autoDraw = False
13.9043 	EXP 	image_2: image = 'imagenes\\Nutella (1).jpg'
13.9043 	EXP 	slider_2: markerPos = None
13.9043 	EXP 	slider_2: markerPos = None
13.9043 	EXP 	slider_2: rating = None
15.8951 	EXP 	image_2: autoDraw = True
15.8951 	EXP 	slider_2: autoDraw = True
16.2149 	DATA 	Mouse: Left button down, pos=(687,152)
16.2281 	EXP 	slider_2: markerPos = 3.526041666666667
16.2447 	EXP 	slider_2: markerPos = 3.526041666666667
16.2614 	EXP 	slider_2: markerPos = 3.526041666666667
16.2781 	EXP 	slider_2: markerPos = 3.526041666666667
16.2946 	EXP 	slider_2: markerPos = 3.526041666666667
16.2969 	DATA 	Mouse:  Left button up, pos=(687,152)
16.3115 	EXP 	slider_2: markerPos = 3.526041666666667
16.3115 	EXP 	slider_2: rating = 3.526041666666667
16.3146 	EXP 	New trial (rep=0, index=2): OrderedDict([('Imagenes', 'imagenes\\Mango.jpeg'), ('Random', 0.555669112372461), ('Correcto', None)])
16.3516 	EXP 	image_2: autoDraw = False
16.3516 	EXP 	slider_2: autoDraw = False
16.3516 	EXP 	image_2: image = 'imagenes\\Mango.jpeg'
16.3516 	EXP 	slider_2: markerPos = None
16.3516 	EXP 	slider_2: markerPos = None
16.3516 	EXP 	slider_2: rating = None
17.9324 	WARNING 	Got keycode {} but that code isn't yet known
17.9324 	WARNING 	Keypress was given unknown key code (176)
18.3374 	EXP 	image_2: autoDraw = True
18.3374 	EXP 	slider_2: autoDraw = True
18.7479 	DATA 	Mouse: Left button down, pos=(687,152)
18.7791 	EXP 	slider_2: markerPos = 3.526041666666667
18.7979 	EXP 	slider_2: markerPos = 3.526041666666667
18.8151 	EXP 	slider_2: markerPos = 3.526041666666667
18.8319 	EXP 	slider_2: markerPos = 3.526041666666667
18.8522 	EXP 	slider_2: markerPos = 3.526041666666667
18.8764 	EXP 	slider_2: markerPos = 3.526041666666667
18.8861 	DATA 	Mouse:  Left button up, pos=(687,152)
18.8963 	EXP 	slider_2: markerPos = 3.526041666666667
18.9128 	EXP 	slider_2: markerPos = 3.526041666666667
18.9128 	EXP 	slider_2: rating = 3.526041666666667
18.9167 	EXP 	New trial (rep=0, index=3): OrderedDict([('Imagenes', 'imagenes\\Papas-naturales.jpg'), ('Random', 0.15856838916280946), ('Correcto', None)])
18.9375 	EXP 	image_2: autoDraw = False
18.9375 	EXP 	slider_2: autoDraw = False
18.9375 	EXP 	image_2: image = 'imagenes\\Papas-naturales.jpg'
18.9375 	EXP 	slider_2: markerPos = None
18.9375 	EXP 	slider_2: markerPos = None
18.9375 	EXP 	slider_2: rating = None
20.9326 	EXP 	image_2: autoDraw = True
20.9326 	EXP 	slider_2: autoDraw = True
21.7222 	DATA 	Mouse: Left button down, pos=(687,156)
21.7363 	EXP 	slider_2: markerPos = 3.526041666666667
21.7639 	EXP 	slider_2: markerPos = 3.526041666666667
21.7817 	EXP 	slider_2: markerPos = 3.526041666666667
21.7980 	EXP 	slider_2: markerPos = 3.526041666666667
21.8159 	EXP 	slider_2: markerPos = 3.526041666666667
21.8336 	EXP 	slider_2: markerPos = 3.526041666666667
21.8488 	EXP 	slider_2: markerPos = 3.526041666666667
21.8667 	EXP 	slider_2: markerPos = 3.526041666666667
21.8821 	EXP 	slider_2: markerPos = 3.526041666666667
21.8979 	EXP 	slider_2: markerPos = 3.526041666666667
21.9145 	EXP 	slider_2: markerPos = 3.526041666666667
21.9208 	DATA 	Mouse:  Left button up, pos=(687,156)
21.9292 	EXP 	slider_2: markerPos = 3.526041666666667
21.9463 	EXP 	slider_2: markerPos = 3.526041666666667
21.9463 	EXP 	slider_2: rating = 3.526041666666667
21.9502 	EXP 	New trial (rep=0, index=4): OrderedDict([('Imagenes', 'imagenes\\Yogurt-alpina.jpg'), ('Random', 0.21540995091807813), ('Correcto', None)])
21.9723 	EXP 	image_2: autoDraw = False
21.9723 	EXP 	slider_2: autoDraw = False
21.9723 	EXP 	image_2: image = 'imagenes\\Yogurt-alpina.jpg'
21.9723 	EXP 	slider_2: markerPos = None
21.9723 	EXP 	slider_2: markerPos = None
21.9723 	EXP 	slider_2: rating = None
23.9614 	EXP 	image_2: autoDraw = True
23.9614 	EXP 	slider_2: autoDraw = True
24.5820 	DATA 	Mouse: Left button down, pos=(679,148)
24.5946 	EXP 	slider_2: markerPos = 3.4739583333333335
24.6111 	EXP 	slider_2: markerPos = 3.4739583333333335
24.6277 	EXP 	slider_2: markerPos = 3.4739583333333335
24.6443 	EXP 	slider_2: markerPos = 3.4739583333333335
24.6610 	EXP 	slider_2: markerPos = 3.4739583333333335
24.6778 	EXP 	slider_2: markerPos = 3.4739583333333335
24.6803 	DATA 	Mouse:  Left button up, pos=(679,148)
24.6945 	EXP 	slider_2: markerPos = 3.4739583333333335
24.6945 	EXP 	slider_2: rating = 3.4739583333333335
24.6979 	EXP 	New trial (rep=0, index=5): OrderedDict([('Imagenes', 'imagenes\\Brownie.jpg'), ('Random', 0.17000143351927688), ('Correcto', None)])
24.7382 	EXP 	image_2: autoDraw = False
24.7382 	EXP 	slider_2: autoDraw = False
24.7382 	EXP 	image_2: image = 'imagenes\\Brownie.jpg'
24.7382 	EXP 	slider_2: markerPos = None
24.7382 	EXP 	slider_2: markerPos = None
24.7382 	EXP 	slider_2: rating = None
25.2649 	DATA 	Keypress: lwindows
26.7384 	EXP 	image_2: autoDraw = True
26.7384 	EXP 	slider_2: autoDraw = True
27.8725 	DATA 	Keypress: lwindows
28.9648 	DATA 	Mouse: Left button down, pos=(691,152)
29.0063 	DATA 	Mouse:  Left button up, pos=(691,152)
29.0102 	EXP 	slider_2: markerPos = 3.552083333333333
29.0194 	EXP 	slider_2: markerPos = 3.552083333333333
29.0194 	EXP 	slider_2: rating = 3.552083333333333
29.0226 	EXP 	New trial (rep=0, index=6): OrderedDict([('Imagenes', 'imagenes\\Popetas.jpg'), ('Random', 0.07650200324054446), ('Correcto', None)])
29.0737 	EXP 	image_2: autoDraw = False
29.0737 	EXP 	slider_2: autoDraw = False
29.0737 	EXP 	image_2: image = 'imagenes\\Popetas.jpg'
29.0737 	EXP 	slider_2: markerPos = None
29.0737 	EXP 	slider_2: markerPos = None
29.0737 	EXP 	slider_2: rating = None
31.0615 	EXP 	image_2: autoDraw = True
31.0615 	EXP 	slider_2: autoDraw = True
31.3733 	DATA 	Mouse: Left button down, pos=(688,152)
31.3943 	EXP 	slider_2: markerPos = 3.532552083333333
31.4108 	EXP 	slider_2: markerPos = 3.532552083333333
31.4281 	EXP 	slider_2: markerPos = 3.532552083333333
31.4442 	EXP 	slider_2: markerPos = 3.532552083333333
31.4608 	EXP 	slider_2: markerPos = 3.532552083333333
31.4775 	EXP 	slider_2: markerPos = 3.532552083333333
31.4796 	DATA 	Mouse:  Left button up, pos=(688,152)
31.4942 	EXP 	slider_2: markerPos = 3.532552083333333
31.4942 	EXP 	slider_2: rating = 3.532552083333333
31.4982 	EXP 	New trial (rep=0, index=7): OrderedDict([('Imagenes', 'imagenes\\Galletas Tosh.jpg'), ('Random', 0.478088790487872), ('Correcto', None)])
31.5452 	EXP 	image_2: autoDraw = False
31.5452 	EXP 	slider_2: autoDraw = False
31.5452 	EXP 	image_2: image = 'imagenes\\Galletas Tosh.jpg'
31.5452 	EXP 	slider_2: markerPos = None
31.5452 	EXP 	slider_2: markerPos = None
31.5452 	EXP 	slider_2: rating = None
33.5447 	EXP 	image_2: autoDraw = True
33.5447 	EXP 	slider_2: autoDraw = True
34.4966 	DATA 	Mouse: Left button down, pos=(691,153)
34.5106 	EXP 	slider_2: markerPos = 3.552083333333333
34.5272 	EXP 	slider_2: markerPos = 3.552083333333333
34.5442 	EXP 	slider_2: markerPos = 3.552083333333333
34.5603 	EXP 	slider_2: markerPos = 3.552083333333333
34.5771 	EXP 	slider_2: markerPos = 3.552083333333333
34.5942 	EXP 	slider_2: markerPos = 3.552083333333333
34.6104 	EXP 	slider_2: markerPos = 3.552083333333333
34.6272 	EXP 	slider_2: markerPos = 3.552083333333333
34.6298 	DATA 	Mouse:  Left button up, pos=(691,153)
34.6442 	EXP 	slider_2: markerPos = 3.552083333333333
34.6442 	EXP 	slider_2: rating = 3.552083333333333
34.6479 	EXP 	New trial (rep=0, index=8): OrderedDict([('Imagenes', 'imagenes\\Chocoramo.jfif.jpg'), ('Random', 0.7789437122019539), ('Correcto', None)])
34.6829 	EXP 	image_2: autoDraw = False
34.6829 	EXP 	slider_2: autoDraw = False
34.6829 	EXP 	image_2: image = 'imagenes\\Chocoramo.jfif.jpg'
34.6829 	EXP 	slider_2: markerPos = None
34.6829 	EXP 	slider_2: markerPos = None
34.6829 	EXP 	slider_2: rating = None
36.6775 	EXP 	image_2: autoDraw = True
36.6775 	EXP 	slider_2: autoDraw = True
36.9887 	DATA 	Mouse: Left button down, pos=(729,147)
37.0107 	EXP 	slider_2: markerPos = 3.799479166666667
37.0272 	EXP 	slider_2: markerPos = 3.799479166666667
37.0441 	EXP 	slider_2: markerPos = 3.799479166666667
37.0604 	EXP 	slider_2: markerPos = 3.79296875
37.0771 	EXP 	slider_2: markerPos = 3.760416666666667
37.0872 	DATA 	Mouse:  Left button up, pos=(698,150)
37.0940 	EXP 	slider_2: markerPos = 3.643229166666667
37.1107 	EXP 	slider_2: markerPos = 3.643229166666667
37.1107 	EXP 	slider_2: rating = 3.643229166666667
37.1140 	EXP 	New trial (rep=0, index=9): OrderedDict([('Imagenes', 'imagenes\\Banano.jpeg'), ('Random', 0.651633055306917), ('Correcto', None)])
37.1337 	EXP 	image_2: autoDraw = False
37.1337 	EXP 	slider_2: autoDraw = False
37.1337 	EXP 	image_2: image = 'imagenes\\Banano.jpeg'
37.1337 	EXP 	slider_2: markerPos = None
37.1337 	EXP 	slider_2: markerPos = None
37.1337 	EXP 	slider_2: rating = None
39.1271 	EXP 	image_2: autoDraw = True
39.1271 	EXP 	slider_2: autoDraw = True
39.5311 	DATA 	Mouse: Left button down, pos=(803,152)
39.5436 	EXP 	slider_2: markerPos = 4.28125
39.5606 	EXP 	slider_2: markerPos = 4.28125
39.5771 	EXP 	slider_2: markerPos = 4.28125
39.5941 	EXP 	slider_2: markerPos = 4.28125
39.6104 	EXP 	slider_2: markerPos = 4.28125
39.6271 	EXP 	slider_2: markerPos = 4.28125
39.6441 	EXP 	slider_2: markerPos = 4.28125
39.6518 	DATA 	Mouse:  Left button up, pos=(803,152)
39.6602 	EXP 	slider_2: markerPos = 4.28125
39.6767 	EXP 	slider_2: markerPos = 4.28125
39.6767 	EXP 	slider_2: rating = 4.28125
39.6801 	EXP 	New trial (rep=0, index=10): OrderedDict([('Imagenes', 'imagenes\\Papas-pollo.jpg'), ('Random', 0.6683114062971784), ('Correcto', None)])
39.6976 	EXP 	image_2: autoDraw = False
39.6976 	EXP 	slider_2: autoDraw = False
39.6976 	EXP 	image_2: image = 'imagenes\\Papas-pollo.jpg'
39.6976 	EXP 	slider_2: markerPos = None
39.6976 	EXP 	slider_2: markerPos = None
39.6976 	EXP 	slider_2: rating = None
41.6771 	EXP 	image_2: autoDraw = True
41.6771 	EXP 	slider_2: autoDraw = True
42.1916 	DATA 	Mouse: Left button down, pos=(655,143)
42.2102 	EXP 	slider_2: markerPos = 3.3177083333333335
42.2270 	EXP 	slider_2: markerPos = 3.3177083333333335
42.2439 	EXP 	slider_2: markerPos = 3.3177083333333335
42.2603 	EXP 	slider_2: markerPos = 3.3177083333333335
42.2769 	EXP 	slider_2: markerPos = 3.3177083333333335
42.2935 	EXP 	slider_2: markerPos = 3.3177083333333335
42.2959 	DATA 	Mouse:  Left button up, pos=(655,143)
42.3101 	EXP 	slider_2: markerPos = 3.3177083333333335
42.3101 	EXP 	slider_2: rating = 3.3177083333333335
42.3136 	EXP 	New trial (rep=0, index=11): OrderedDict([('Imagenes', 'imagenes\\Kiwi.jpg'), ('Random', 0.5893907384852061), ('Correcto', None)])
42.3264 	EXP 	image_2: autoDraw = False
42.3264 	EXP 	slider_2: autoDraw = False
42.3264 	EXP 	image_2: image = 'imagenes\\Kiwi.jpg'
42.3264 	EXP 	slider_2: markerPos = None
42.3264 	EXP 	slider_2: markerPos = None
42.3264 	EXP 	slider_2: rating = None
44.3244 	DATA 	Mouse: Left button down, pos=(668,146)
44.3268 	EXP 	image_2: autoDraw = True
44.3268 	EXP 	slider_2: autoDraw = True
44.3436 	EXP 	slider_2: markerPos = 3.40234375
44.3601 	EXP 	slider_2: markerPos = 3.40234375
44.3767 	EXP 	slider_2: markerPos = 3.40234375
44.3938 	EXP 	slider_2: markerPos = 3.40234375
44.4102 	EXP 	slider_2: markerPos = 3.40234375
44.4271 	EXP 	slider_2: markerPos = 3.40234375
44.4435 	EXP 	slider_2: markerPos = 3.40234375
44.4601 	EXP 	slider_2: markerPos = 3.40234375
44.4769 	EXP 	slider_2: markerPos = 3.40234375
44.4830 	DATA 	Mouse:  Left button up, pos=(668,146)
44.4937 	EXP 	slider_2: markerPos = 3.40234375
44.5102 	EXP 	slider_2: markerPos = 3.40234375
44.5102 	EXP 	slider_2: rating = 3.40234375
44.5132 	EXP 	New trial (rep=0, index=12): OrderedDict([('Imagenes', 'imagenes\\Uvas.jpg'), ('Random', 0.7734382152670648), ('Correcto', None)])
44.5320 	EXP 	image_2: autoDraw = False
44.5320 	EXP 	slider_2: autoDraw = False
44.5320 	EXP 	image_2: image = 'imagenes\\Uvas.jpg'
44.5320 	EXP 	slider_2: markerPos = None
44.5320 	EXP 	slider_2: markerPos = None
44.5320 	EXP 	slider_2: rating = None
46.5269 	EXP 	image_2: autoDraw = True
46.5269 	EXP 	slider_2: autoDraw = True
47.2654 	DATA 	Mouse: Left button down, pos=(542,171)
47.2767 	EXP 	slider_2: markerPos = 2.58203125
47.2938 	EXP 	slider_2: markerPos = 2.58203125
47.3102 	EXP 	slider_2: markerPos = 2.58203125
47.3266 	EXP 	slider_2: markerPos = 2.58203125
47.3433 	EXP 	slider_2: markerPos = 2.58203125
47.3454 	DATA 	Mouse:  Left button up, pos=(542,171)
47.3598 	EXP 	slider_2: markerPos = 2.58203125
47.3598 	EXP 	slider_2: rating = 2.58203125
47.3632 	EXP 	New trial (rep=0, index=13): OrderedDict([('Imagenes', 'imagenes\\Leche-de-almendras.jpg'), ('Random', 0.36073876480313727), ('Correcto', None)])
47.4518 	EXP 	image_2: autoDraw = False
47.4518 	EXP 	slider_2: autoDraw = False
47.4518 	EXP 	image_2: image = 'imagenes\\Leche-de-almendras.jpg'
47.4518 	EXP 	slider_2: markerPos = None
47.4518 	EXP 	slider_2: markerPos = None
47.4518 	EXP 	slider_2: rating = None
49.4442 	EXP 	image_2: autoDraw = True
49.4442 	EXP 	slider_2: autoDraw = True
50.2166 	DATA 	Mouse: Left button down, pos=(635,179)
50.4007 	DATA 	Mouse:  Left button up, pos=(635,179)
50.9466 	DATA 	Mouse: Left button down, pos=(662,149)
50.9601 	EXP 	slider_2: markerPos = 3.36328125
50.9770 	EXP 	slider_2: markerPos = 3.36328125
50.9938 	EXP 	slider_2: markerPos = 3.36328125
51.0102 	EXP 	slider_2: markerPos = 3.36328125
51.0273 	EXP 	slider_2: markerPos = 3.36328125
51.0435 	EXP 	slider_2: markerPos = 3.36328125
51.0500 	DATA 	Mouse:  Left button up, pos=(662,149)
51.0600 	EXP 	slider_2: markerPos = 3.36328125
51.0765 	EXP 	slider_2: markerPos = 3.36328125
51.0765 	EXP 	slider_2: rating = 3.36328125
51.0800 	EXP 	New trial (rep=0, index=14): OrderedDict([('Imagenes', 'imagenes\\Rosquitas (1).jpg'), ('Random', 0.3035383390851263), ('Correcto', None)])
51.1213 	EXP 	image_2: autoDraw = False
51.1213 	EXP 	slider_2: autoDraw = False
51.1213 	EXP 	image_2: image = 'imagenes\\Rosquitas (1).jpg'
51.1213 	EXP 	slider_2: markerPos = None
51.1213 	EXP 	slider_2: markerPos = None
51.1213 	EXP 	slider_2: rating = None
53.1102 	EXP 	image_2: autoDraw = True
53.1102 	EXP 	slider_2: autoDraw = True
55.3560 	DATA 	Mouse: Left button down, pos=(667,159)
55.3769 	EXP 	slider_2: markerPos = 3.3958333333333335
55.3930 	EXP 	slider_2: markerPos = 3.3958333333333335
55.4096 	EXP 	slider_2: markerPos = 3.3958333333333335
55.4265 	EXP 	slider_2: markerPos = 3.3958333333333335
55.4431 	EXP 	slider_2: markerPos = 3.3958333333333335
55.4596 	EXP 	slider_2: markerPos = 3.3958333333333335
55.4617 	DATA 	Mouse:  Left button up, pos=(667,159)
55.4765 	EXP 	slider_2: markerPos = 3.3958333333333335
55.4765 	EXP 	slider_2: rating = 3.3958333333333335
55.4800 	EXP 	New trial (rep=0, index=15): OrderedDict([('Imagenes', 'imagenes\\Alpinito.jpg'), ('Random', 0.4515332417045813), ('Correcto', None)])
55.5199 	EXP 	image_2: autoDraw = False
55.5199 	EXP 	slider_2: autoDraw = False
55.5199 	EXP 	image_2: image = 'imagenes\\Alpinito.jpg'
55.5199 	EXP 	slider_2: markerPos = None
55.5199 	EXP 	slider_2: markerPos = None
55.5199 	EXP 	slider_2: rating = None
57.5101 	EXP 	image_2: autoDraw = True
57.5101 	EXP 	slider_2: autoDraw = True
58.9510 	DATA 	Mouse: Left button down, pos=(696,163)
58.9620 	EXP 	slider_2: markerPos = 3.584635416666667
58.9762 	EXP 	slider_2: markerPos = 3.584635416666667
58.9929 	EXP 	slider_2: markerPos = 3.584635416666667
59.0096 	EXP 	slider_2: markerPos = 3.584635416666667
59.0262 	EXP 	slider_2: markerPos = 3.584635416666667
59.0428 	EXP 	slider_2: markerPos = 3.584635416666667
59.0592 	EXP 	slider_2: markerPos = 3.584635416666667
59.0618 	DATA 	Mouse:  Left button up, pos=(696,163)
59.0764 	EXP 	slider_2: markerPos = 3.584635416666667
59.0764 	EXP 	slider_2: rating = 3.584635416666667
59.0803 	EXP 	New trial (rep=0, index=16): OrderedDict([('Imagenes', 'imagenes\\Galletas-festival.jpg'), ('Random', 0.36121121246191135), ('Correcto', None)])
59.1175 	EXP 	image_2: autoDraw = False
59.1175 	EXP 	slider_2: autoDraw = False
59.1175 	EXP 	image_2: image = 'imagenes\\Galletas-festival.jpg'
59.1175 	EXP 	slider_2: markerPos = None
59.1175 	EXP 	slider_2: markerPos = None
59.1175 	EXP 	slider_2: rating = None
61.1105 	EXP 	image_2: autoDraw = True
61.1105 	EXP 	slider_2: autoDraw = True
63.8455 	DATA 	Mouse: Left button down, pos=(671,155)
63.8592 	EXP 	slider_2: markerPos = 3.421875
63.8763 	EXP 	slider_2: markerPos = 3.421875
63.8926 	EXP 	slider_2: markerPos = 3.421875
63.9093 	EXP 	slider_2: markerPos = 3.421875
63.9259 	EXP 	slider_2: markerPos = 3.421875
63.9353 	DATA 	Mouse:  Left button up, pos=(671,155)
63.9425 	EXP 	slider_2: markerPos = 3.421875
63.9591 	EXP 	slider_2: markerPos = 3.421875
63.9591 	EXP 	slider_2: rating = 3.421875
63.9622 	EXP 	New trial (rep=0, index=17): OrderedDict([('Imagenes', 'imagenes\\Manzana.jpg'), ('Random', 0.5168162194437935), ('Correcto', None)])
63.9949 	EXP 	image_2: autoDraw = False
63.9949 	EXP 	slider_2: autoDraw = False
63.9949 	EXP 	image_2: image = 'imagenes\\Manzana.jpg'
63.9949 	EXP 	slider_2: markerPos = None
63.9949 	EXP 	slider_2: markerPos = None
63.9949 	EXP 	slider_2: rating = None
65.9932 	EXP 	image_2: autoDraw = True
65.9932 	EXP 	slider_2: autoDraw = True
68.2624 	DATA 	Mouse: Left button down, pos=(824,153)
68.2758 	EXP 	slider_2: markerPos = 4.41796875
68.2926 	EXP 	slider_2: markerPos = 4.41796875
68.2986 	DATA 	Mouse:  Left button up, pos=(824,153)
68.3089 	EXP 	slider_2: markerPos = 4.41796875
68.3259 	EXP 	slider_2: markerPos = 4.41796875
68.3259 	EXP 	slider_2: rating = 4.41796875
68.3292 	EXP 	New trial (rep=0, index=18): OrderedDict([('Imagenes', 'imagenes\\Croissant.jpg'), ('Random', 0.6152458173421255), ('Correcto', None)])
68.3665 	EXP 	image_2: autoDraw = False
68.3665 	EXP 	slider_2: autoDraw = False
68.3665 	EXP 	image_2: image = 'imagenes\\Croissant.jpg'
68.3665 	EXP 	slider_2: markerPos = None
68.3665 	EXP 	slider_2: markerPos = None
68.3665 	EXP 	slider_2: rating = None
70.3604 	EXP 	image_2: autoDraw = True
70.3604 	EXP 	slider_2: autoDraw = True
72.6974 	DATA 	Mouse: Left button down, pos=(847,157)
72.7088 	EXP 	slider_2: markerPos = 4.567708333333333
72.7255 	EXP 	slider_2: markerPos = 4.567708333333333
72.7423 	EXP 	slider_2: markerPos = 4.567708333333333
72.7588 	EXP 	slider_2: markerPos = 4.567708333333333
72.7754 	EXP 	slider_2: markerPos = 4.567708333333333
72.7782 	DATA 	Mouse:  Left button up, pos=(847,157)
72.7924 	EXP 	slider_2: markerPos = 4.567708333333333
72.7924 	EXP 	slider_2: rating = 4.567708333333333
72.7964 	EXP 	New trial (rep=0, index=19): OrderedDict([('Imagenes', 'imagenes\\Papas-limon.jpg'), ('Random', 0.020692288100133793), ('Correcto', None)])
72.8128 	EXP 	image_2: autoDraw = False
72.8128 	EXP 	slider_2: autoDraw = False
72.8128 	EXP 	image_2: image = 'imagenes\\Papas-limon.jpg'
72.8128 	EXP 	slider_2: markerPos = None
72.8128 	EXP 	slider_2: markerPos = None
72.8128 	EXP 	slider_2: rating = None
74.8089 	EXP 	image_2: autoDraw = True
74.8089 	EXP 	slider_2: autoDraw = True
75.3871 	DATA 	Mouse: Left button down, pos=(533,148)
75.4088 	EXP 	slider_2: markerPos = 2.5234375
75.4257 	EXP 	slider_2: markerPos = 2.5234375
75.4421 	EXP 	slider_2: markerPos = 2.5234375
75.4586 	EXP 	slider_2: markerPos = 2.5234375
75.4759 	EXP 	slider_2: markerPos = 2.5234375
75.4920 	EXP 	slider_2: markerPos = 2.5234375
75.4948 	DATA 	Mouse:  Left button up, pos=(533,148)
75.5086 	EXP 	slider_2: markerPos = 2.5234375
75.5086 	EXP 	slider_2: rating = 2.5234375
75.5125 	EXP 	New trial (rep=0, index=1): OrderedDict([('Hertz', 400), ('volumen', 0.02)])
75.5245 	EXP 	Imported imagenes.xlsx as conditions, 20 conditions, 3 params
75.5250 	EXP 	Created sequence: random, trialTypes=20, nReps=1, seed=None
75.5254 	EXP 	New trial (rep=0, index=0): OrderedDict([('Imagenes', 'imagenes\\Uvas.jpg'), ('Random', 0.7734382152670648), ('Correcto', None)])
75.5577 	EXP 	image_2: autoDraw = False
75.5577 	EXP 	slider_2: autoDraw = False
75.5577 	EXP 	image_2: image = 'imagenes\\Uvas.jpg'
75.5577 	EXP 	slider_2: markerPos = None
75.5577 	EXP 	slider_2: markerPos = None
75.5577 	EXP 	slider_2: rating = None
77.5588 	EXP 	image_2: autoDraw = True
77.5588 	EXP 	slider_2: autoDraw = True
77.8206 	DATA 	Mouse: Left button down, pos=(675,127)
77.9275 	DATA 	Mouse:  Left button up, pos=(675,127)
78.2368 	DATA 	Mouse: Left button down, pos=(684,149)
78.2585 	EXP 	slider_2: markerPos = 3.506510416666667
78.2756 	EXP 	slider_2: markerPos = 3.506510416666667
78.2919 	EXP 	slider_2: markerPos = 3.506510416666667
78.3087 	EXP 	slider_2: markerPos = 3.506510416666667
78.3163 	DATA 	Mouse:  Left button up, pos=(684,149)
78.3254 	EXP 	slider_2: markerPos = 3.506510416666667
78.3418 	EXP 	slider_2: markerPos = 3.506510416666667
78.3418 	EXP 	slider_2: rating = 3.506510416666667
78.3467 	EXP 	New trial (rep=0, index=1): OrderedDict([('Imagenes', 'imagenes\\Croissant.jpg'), ('Random', 0.6152458173421255), ('Correcto', None)])
78.3882 	EXP 	image_2: autoDraw = False
78.3882 	EXP 	slider_2: autoDraw = False
78.3882 	EXP 	image_2: image = 'imagenes\\Croissant.jpg'
78.3882 	EXP 	slider_2: markerPos = None
78.3882 	EXP 	slider_2: markerPos = None
78.3882 	EXP 	slider_2: rating = None
80.3925 	EXP 	image_2: autoDraw = True
80.3925 	EXP 	slider_2: autoDraw = True
81.1788 	DATA 	Mouse: Left button down, pos=(551,154)
81.1918 	EXP 	slider_2: markerPos = 2.640625
81.2085 	EXP 	slider_2: markerPos = 2.640625
81.2255 	EXP 	slider_2: markerPos = 2.640625
81.2422 	EXP 	slider_2: markerPos = 2.73828125
81.2589 	EXP 	slider_2: markerPos = 2.842447916666667
81.2751 	EXP 	slider_2: markerPos = 2.9791666666666665
81.2917 	EXP 	slider_2: markerPos = 3.12890625
81.3086 	EXP 	slider_2: markerPos = 3.2591145833333335
81.3253 	EXP 	slider_2: markerPos = 3.4153645833333335
81.3418 	EXP 	slider_2: markerPos = 3.59765625
81.3584 	EXP 	slider_2: markerPos = 3.734375
81.3753 	EXP 	slider_2: markerPos = 3.87109375
81.3919 	EXP 	slider_2: markerPos = 4.053385416666667
81.4086 	EXP 	slider_2: markerPos = 4.151041666666667
81.4254 	EXP 	slider_2: markerPos = 4.22265625
81.4419 	EXP 	slider_2: markerPos = 4.255208333333333
81.4584 	EXP 	slider_2: markerPos = 4.268229166666667
81.4755 	EXP 	slider_2: markerPos = 4.274739583333333
81.4922 	EXP 	slider_2: markerPos = 4.274739583333333
81.5086 	EXP 	slider_2: markerPos = 4.274739583333333
81.5256 	EXP 	slider_2: markerPos = 4.274739583333333
81.5419 	EXP 	slider_2: markerPos = 4.274739583333333
81.5585 	EXP 	slider_2: markerPos = 4.28125
81.5751 	EXP 	slider_2: markerPos = 4.287760416666667
81.5920 	EXP 	slider_2: markerPos = 4.287760416666667
81.6084 	EXP 	slider_2: markerPos = 4.307291666666667
81.6253 	EXP 	slider_2: markerPos = 4.3203125
81.6419 	EXP 	slider_2: markerPos = 4.326822916666667
81.6584 	EXP 	slider_2: markerPos = 4.33984375
81.6756 	EXP 	slider_2: markerPos = 4.352864583333333
81.6917 	EXP 	slider_2: markerPos = 4.352864583333333
81.7085 	EXP 	slider_2: markerPos = 4.365885416666667
81.7253 	EXP 	slider_2: markerPos = 4.365885416666667
81.7420 	EXP 	slider_2: markerPos = 4.365885416666667
81.7585 	EXP 	slider_2: markerPos = 4.365885416666667
81.7755 	EXP 	slider_2: markerPos = 4.365885416666667
81.7919 	EXP 	slider_2: markerPos = 4.365885416666667
81.8084 	EXP 	slider_2: markerPos = 4.365885416666667
81.8248 	EXP 	slider_2: markerPos = 4.365885416666667
81.8265 	DATA 	Mouse:  Left button up, pos=(816,156)
81.8415 	EXP 	slider_2: markerPos = 4.365885416666667
81.8415 	EXP 	slider_2: rating = 4.365885416666667
81.8448 	EXP 	New trial (rep=0, index=2): OrderedDict([('Imagenes', 'imagenes\\Papas-pollo.jpg'), ('Random', 0.6683114062971784), ('Correcto', None)])
81.8601 	EXP 	image_2: autoDraw = False
81.8601 	EXP 	slider_2: autoDraw = False
81.8601 	EXP 	image_2: image = 'imagenes\\Papas-pollo.jpg'
81.8601 	EXP 	slider_2: markerPos = None
81.8601 	EXP 	slider_2: markerPos = None
81.8601 	EXP 	slider_2: rating = None
83.8586 	EXP 	image_2: autoDraw = True
83.8586 	EXP 	slider_2: autoDraw = True
84.1522 	DATA 	Mouse: Left button down, pos=(671,160)
84.1633 	EXP 	slider_2: markerPos = 3.4153645833333335
84.1812 	EXP 	slider_2: markerPos = 3.4088541666666665
84.1957 	EXP 	slider_2: markerPos = 3.3828125
84.2081 	EXP 	slider_2: markerPos = 3.34375
84.2249 	EXP 	slider_2: markerPos = 3.3111979166666665
84.2418 	EXP 	slider_2: markerPos = 3.2135416666666665
84.2585 	EXP 	slider_2: markerPos = 3.1354166666666665
84.2753 	EXP 	slider_2: markerPos = 3.01171875
84.2921 	EXP 	slider_2: markerPos = 2.9010416666666665
84.3086 	EXP 	slider_2: markerPos = 2.77734375
84.3250 	EXP 	slider_2: markerPos = 2.686197916666667
84.3417 	EXP 	slider_2: markerPos = 2.608072916666667
84.3586 	EXP 	slider_2: markerPos = 2.490885416666667
84.3755 	EXP 	slider_2: markerPos = 2.4453125
84.3920 	EXP 	slider_2: markerPos = 2.321614583333333
84.4088 	EXP 	slider_2: markerPos = 2.2239583333333335
84.4253 	EXP 	slider_2: markerPos = 2.1393229166666665
84.4416 	EXP 	slider_2: markerPos = 2.0416666666666665
84.4583 	EXP 	slider_2: markerPos = 1.9309895833333335
84.4749 	EXP 	slider_2: markerPos = 1.8203125
84.4919 	EXP 	slider_2: markerPos = 1.7096354166666665
84.5083 	EXP 	slider_2: markerPos = 1.6315104166666665
84.5254 	EXP 	slider_2: markerPos = 1.6119791666666665
84.5415 	EXP 	slider_2: markerPos = 1.5794270833333335
84.5583 	EXP 	slider_2: markerPos = 1.56640625
84.5751 	EXP 	slider_2: markerPos = 1.5598958333333335
84.5916 	EXP 	slider_2: markerPos = 1.5598958333333335
84.6082 	EXP 	slider_2: markerPos = 1.5533854166666665
84.6250 	EXP 	slider_2: markerPos = 1.5533854166666665
84.6421 	EXP 	slider_2: markerPos = 1.5533854166666665
84.6583 	EXP 	slider_2: markerPos = 1.5533854166666665
84.6752 	EXP 	slider_2: markerPos = 1.5533854166666665
84.6916 	EXP 	slider_2: markerPos = 1.546875
84.6938 	DATA 	Mouse:  Left button up, pos=(383,147)
84.7082 	EXP 	slider_2: markerPos = 1.546875
84.7082 	EXP 	slider_2: rating = 1.546875
84.7121 	EXP 	New trial (rep=0, index=3): OrderedDict([('Imagenes', 'imagenes\\Alpinito.jpg'), ('Random', 0.4515332417045813), ('Correcto', None)])
84.7677 	EXP 	image_2: autoDraw = False
84.7677 	EXP 	slider_2: autoDraw = False
84.7677 	EXP 	image_2: image = 'imagenes\\Alpinito.jpg'
84.7677 	EXP 	slider_2: markerPos = None
84.7677 	EXP 	slider_2: markerPos = None
84.7677 	EXP 	slider_2: rating = None
86.7612 	EXP 	image_2: autoDraw = True
86.7612 	EXP 	slider_2: autoDraw = True
87.0121 	DATA 	Mouse: Left button down, pos=(422,148)
87.0253 	EXP 	slider_2: markerPos = 1.80078125
87.0416 	EXP 	slider_2: markerPos = 1.80078125
87.0584 	EXP 	slider_2: markerPos = 1.8138020833333335
87.0749 	EXP 	slider_2: markerPos = 1.8333333333333335
87.0918 	EXP 	slider_2: markerPos = 1.8723958333333335
87.1085 	EXP 	slider_2: markerPos = 1.9505208333333335
87.1253 	EXP 	slider_2: markerPos = 2.0026041666666665
87.1415 	EXP 	slider_2: markerPos = 2.256510416666667
87.1583 	EXP 	slider_2: markerPos = 2.451822916666667
87.1750 	EXP 	slider_2: markerPos = 2.66015625
87.1916 	EXP 	slider_2: markerPos = 2.842447916666667
87.2080 	EXP 	slider_2: markerPos = 2.9791666666666665
87.2251 	EXP 	slider_2: markerPos = 3.109375
87.2416 	EXP 	slider_2: markerPos = 3.2005208333333335
87.2582 	EXP 	slider_2: markerPos = 3.2721354166666665
87.2752 	EXP 	slider_2: markerPos = 3.34375
87.2916 	EXP 	slider_2: markerPos = 3.4088541666666665
87.3084 	EXP 	slider_2: markerPos = 3.4934895833333335
87.3253 	EXP 	slider_2: markerPos = 3.63671875
87.3415 	EXP 	slider_2: markerPos = 3.779947916666667
87.3582 	EXP 	slider_2: markerPos = 3.9296875
87.3749 	EXP 	slider_2: markerPos = 4.053385416666667
87.3915 	EXP 	slider_2: markerPos = 4.151041666666667
87.4082 	EXP 	slider_2: markerPos = 4.170572916666667
87.4253 	EXP 	slider_2: markerPos = 4.177083333333333
87.4415 	EXP 	slider_2: markerPos = 4.177083333333333
87.4584 	EXP 	slider_2: markerPos = 4.177083333333333
87.4749 	EXP 	slider_2: markerPos = 4.177083333333333
87.4916 	EXP 	slider_2: markerPos = 4.177083333333333
87.5082 	EXP 	slider_2: markerPos = 4.177083333333333
87.5253 	EXP 	slider_2: markerPos = 4.177083333333333
87.5419 	EXP 	slider_2: markerPos = 4.177083333333333
87.5583 	EXP 	slider_2: markerPos = 4.177083333333333
87.5749 	EXP 	slider_2: markerPos = 4.177083333333333
87.5915 	EXP 	slider_2: markerPos = 4.177083333333333
87.6084 	EXP 	slider_2: markerPos = 4.177083333333333
87.6252 	EXP 	slider_2: markerPos = 4.177083333333333
87.6418 	EXP 	slider_2: markerPos = 4.177083333333333
87.6516 	DATA 	Mouse:  Left button up, pos=(787,144)
87.6580 	EXP 	slider_2: markerPos = 4.177083333333333
87.6751 	EXP 	slider_2: markerPos = 4.177083333333333
87.6751 	EXP 	slider_2: rating = 4.177083333333333
87.6791 	EXP 	New trial (rep=0, index=4): OrderedDict([('Imagenes', 'imagenes\\Galletas-festival.jpg'), ('Random', 0.36121121246191135), ('Correcto', None)])
87.7056 	EXP 	image_2: autoDraw = False
87.7056 	EXP 	slider_2: autoDraw = False
87.7056 	EXP 	image_2: image = 'imagenes\\Galletas-festival.jpg'
87.7056 	EXP 	slider_2: markerPos = None
87.7056 	EXP 	slider_2: markerPos = None
87.7056 	EXP 	slider_2: rating = None
89.6317 	DATA 	Mouse: Left button down, pos=(706,142)
89.7082 	EXP 	image_2: autoDraw = True
89.7082 	EXP 	slider_2: autoDraw = True
89.7082 	EXP 	slider_2: markerPos = 3.649739583333333
89.7252 	EXP 	slider_2: markerPos = 3.649739583333333
89.7414 	EXP 	slider_2: markerPos = 3.649739583333333
89.7580 	EXP 	slider_2: markerPos = 3.649739583333333
89.7638 	DATA 	Mouse:  Left button up, pos=(706,142)
89.7750 	EXP 	slider_2: markerPos = 3.649739583333333
89.7917 	EXP 	slider_2: markerPos = 3.649739583333333
89.7917 	EXP 	slider_2: rating = 3.649739583333333
89.7950 	EXP 	New trial (rep=0, index=5): OrderedDict([('Imagenes', 'imagenes\\Kiwi.jpg'), ('Random', 0.5893907384852061), ('Correcto', None)])
89.8077 	EXP 	image_2: autoDraw = False
89.8077 	EXP 	slider_2: autoDraw = False
89.8077 	EXP 	image_2: image = 'imagenes\\Kiwi.jpg'
89.8077 	EXP 	slider_2: markerPos = None
89.8077 	EXP 	slider_2: markerPos = None
89.8077 	EXP 	slider_2: rating = None
91.8083 	EXP 	image_2: autoDraw = True
91.8083 	EXP 	slider_2: autoDraw = True
92.0372 	DATA 	Mouse: Left button down, pos=(584,147)
92.0584 	EXP 	slider_2: markerPos = 2.85546875
92.0750 	EXP 	slider_2: markerPos = 2.85546875
92.0913 	EXP 	slider_2: markerPos = 2.85546875
92.1079 	EXP 	slider_2: markerPos = 2.85546875
92.1246 	EXP 	slider_2: markerPos = 2.85546875
92.1417 	EXP 	slider_2: markerPos = 2.85546875
92.1582 	EXP 	slider_2: markerPos = 2.85546875
92.1677 	DATA 	Mouse:  Left button up, pos=(584,147)
92.1745 	EXP 	slider_2: markerPos = 2.85546875
92.1914 	EXP 	slider_2: markerPos = 2.85546875
92.1914 	EXP 	slider_2: rating = 2.85546875
92.1944 	EXP 	New trial (rep=0, index=6): OrderedDict([('Imagenes', 'imagenes\\Banano.jpeg'), ('Random', 0.651633055306917), ('Correcto', None)])
92.2135 	EXP 	image_2: autoDraw = False
92.2135 	EXP 	slider_2: autoDraw = False
92.2135 	EXP 	image_2: image = 'imagenes\\Banano.jpeg'
92.2135 	EXP 	slider_2: markerPos = None
92.2135 	EXP 	slider_2: markerPos = None
92.2135 	EXP 	slider_2: rating = None
94.2079 	EXP 	image_2: autoDraw = True
94.2079 	EXP 	slider_2: autoDraw = True
94.6830 	DATA 	Mouse: Left button down, pos=(534,139)
94.7081 	EXP 	slider_2: markerPos = 2.529947916666667
94.7247 	EXP 	slider_2: markerPos = 2.536458333333333
94.7414 	EXP 	slider_2: markerPos = 2.536458333333333
94.7579 	EXP 	slider_2: markerPos = 2.536458333333333
94.7745 	EXP 	slider_2: markerPos = 2.54296875
94.7825 	DATA 	Mouse:  Left button up, pos=(536,146)
94.7910 	EXP 	slider_2: markerPos = 2.54296875
94.8076 	EXP 	slider_2: markerPos = 2.54296875
94.8076 	EXP 	slider_2: rating = 2.54296875
94.8115 	EXP 	New trial (rep=0, index=7): OrderedDict([('Imagenes', 'imagenes\\Yogurt-alpina.jpg'), ('Random', 0.21540995091807813), ('Correcto', None)])
94.8321 	EXP 	image_2: autoDraw = False
94.8321 	EXP 	slider_2: autoDraw = False
94.8321 	EXP 	image_2: image = 'imagenes\\Yogurt-alpina.jpg'
94.8321 	EXP 	slider_2: markerPos = None
94.8321 	EXP 	slider_2: markerPos = None
94.8321 	EXP 	slider_2: rating = None
96.8265 	EXP 	image_2: autoDraw = True
96.8265 	EXP 	slider_2: autoDraw = True
97.3113 	DATA 	Mouse: Left button down, pos=(612,147)
97.3243 	EXP 	slider_2: markerPos = 3.0377604166666665
97.3412 	EXP 	slider_2: markerPos = 3.0377604166666665
97.3579 	EXP 	slider_2: markerPos = 3.0377604166666665
97.3745 	EXP 	slider_2: markerPos = 3.0377604166666665
97.3811 	DATA 	Mouse:  Left button up, pos=(612,147)
97.3909 	EXP 	slider_2: markerPos = 3.0377604166666665
97.4075 	EXP 	slider_2: markerPos = 3.0377604166666665
97.4075 	EXP 	slider_2: rating = 3.0377604166666665
97.4106 	EXP 	New trial (rep=0, index=8): OrderedDict([('Imagenes', 'imagenes\\Galletas Tosh.jpg'), ('Random', 0.478088790487872), ('Correcto', None)])
97.4526 	EXP 	image_2: autoDraw = False
97.4526 	EXP 	slider_2: autoDraw = False
97.4526 	EXP 	image_2: image = 'imagenes\\Galletas Tosh.jpg'
97.4526 	EXP 	slider_2: markerPos = None
97.4526 	EXP 	slider_2: markerPos = None
97.4526 	EXP 	slider_2: rating = None
99.4412 	EXP 	image_2: autoDraw = True
99.4412 	EXP 	slider_2: autoDraw = True
99.5441 	DATA 	Mouse: Left button down, pos=(685,153)
99.5576 	EXP 	slider_2: markerPos = 3.513020833333333
99.5747 	EXP 	slider_2: markerPos = 3.513020833333333
99.5909 	EXP 	slider_2: markerPos = 3.513020833333333
99.6076 	EXP 	slider_2: markerPos = 3.513020833333333
99.6247 	EXP 	slider_2: markerPos = 3.513020833333333
99.6409 	EXP 	slider_2: markerPos = 3.513020833333333
99.6577 	EXP 	slider_2: markerPos = 3.513020833333333
99.6748 	EXP 	slider_2: markerPos = 3.513020833333333
99.6912 	EXP 	slider_2: markerPos = 3.513020833333333
99.6929 	DATA 	Mouse:  Left button up, pos=(685,153)
99.7073 	EXP 	slider_2: markerPos = 3.513020833333333
99.7073 	EXP 	slider_2: rating = 3.513020833333333
99.7109 	EXP 	New trial (rep=0, index=9): OrderedDict([('Imagenes', 'imagenes\\Manzana.jpg'), ('Random', 0.5168162194437935), ('Correcto', None)])
99.7608 	EXP 	image_2: autoDraw = False
99.7608 	EXP 	slider_2: autoDraw = False
99.7608 	EXP 	image_2: image = 'imagenes\\Manzana.jpg'
99.7608 	EXP 	slider_2: markerPos = None
99.7608 	EXP 	slider_2: markerPos = None
99.7608 	EXP 	slider_2: rating = None
101.7579 	EXP 	image_2: autoDraw = True
101.7579 	EXP 	slider_2: autoDraw = True
102.0633 	DATA 	Mouse: Left button down, pos=(794,157)
102.0742 	EXP 	slider_2: markerPos = 4.22265625
102.0907 	EXP 	slider_2: markerPos = 4.22265625
102.1076 	EXP 	slider_2: markerPos = 4.22265625
102.1242 	EXP 	slider_2: markerPos = 4.22265625
102.1411 	EXP 	slider_2: markerPos = 4.22265625
102.1575 	EXP 	slider_2: markerPos = 4.22265625
102.1738 	EXP 	slider_2: markerPos = 4.22265625
102.1761 	DATA 	Mouse:  Left button up, pos=(795,157)
102.1907 	EXP 	slider_2: markerPos = 4.22265625
102.1907 	EXP 	slider_2: rating = 4.22265625
102.1940 	EXP 	New trial (rep=0, index=10): OrderedDict([('Imagenes', 'imagenes\\Chocoramo.jfif.jpg'), ('Random', 0.7789437122019539), ('Correcto', None)])
102.2353 	EXP 	image_2: autoDraw = False
102.2353 	EXP 	slider_2: autoDraw = False
102.2353 	EXP 	image_2: image = 'imagenes\\Chocoramo.jfif.jpg'
102.2353 	EXP 	slider_2: markerPos = None
102.2353 	EXP 	slider_2: markerPos = None
102.2353 	EXP 	slider_2: rating = None
104.2248 	EXP 	image_2: autoDraw = True
104.2248 	EXP 	slider_2: autoDraw = True
104.5014 	DATA 	Mouse: Left button down, pos=(845,158)
104.5241 	EXP 	slider_2: markerPos = 4.5546875
104.5407 	EXP 	slider_2: markerPos = 4.5546875
104.5574 	EXP 	slider_2: markerPos = 4.5546875
104.5741 	EXP 	slider_2: markerPos = 4.5546875
104.5907 	EXP 	slider_2: markerPos = 4.5546875
104.5935 	DATA 	Mouse:  Left button up, pos=(845,158)
104.6073 	EXP 	slider_2: markerPos = 4.5546875
104.6073 	EXP 	slider_2: rating = 4.5546875
104.6105 	EXP 	New trial (rep=0, index=11): OrderedDict([('Imagenes', 'imagenes\\Nutella (1).jpg'), ('Random', 0.5277483225747329), ('Correcto', None)])
104.6266 	EXP 	image_2: autoDraw = False
104.6266 	EXP 	slider_2: autoDraw = False
104.6266 	EXP 	image_2: image = 'imagenes\\Nutella (1).jpg'
104.6266 	EXP 	slider_2: markerPos = None
104.6266 	EXP 	slider_2: markerPos = None
104.6266 	EXP 	slider_2: rating = None
106.6241 	EXP 	image_2: autoDraw = True
106.6241 	EXP 	slider_2: autoDraw = True
106.9347 	DATA 	Mouse: Left button down, pos=(968,153)
106.9572 	EXP 	slider_2: markerPos = 5.35546875
106.9744 	EXP 	slider_2: markerPos = 5.35546875
106.9905 	EXP 	slider_2: markerPos = 5.35546875
107.0075 	EXP 	slider_2: markerPos = 5.35546875
107.0098 	DATA 	Mouse:  Left button up, pos=(968,153)
107.0238 	EXP 	slider_2: markerPos = 5.35546875
107.0238 	EXP 	slider_2: rating = 5.35546875
107.0274 	EXP 	New trial (rep=0, index=12): OrderedDict([('Imagenes', 'imagenes\\Papas-naturales.jpg'), ('Random', 0.15856838916280946), ('Correcto', None)])
107.0430 	EXP 	image_2: autoDraw = False
107.0430 	EXP 	slider_2: autoDraw = False
107.0430 	EXP 	image_2: image = 'imagenes\\Papas-naturales.jpg'
107.0430 	EXP 	slider_2: markerPos = None
107.0430 	EXP 	slider_2: markerPos = None
107.0430 	EXP 	slider_2: rating = None
109.0406 	EXP 	image_2: autoDraw = True
109.0406 	EXP 	slider_2: autoDraw = True
109.3534 	DATA 	Mouse: Left button down, pos=(693,153)
109.3742 	EXP 	slider_2: markerPos = 3.565104166666667
109.3905 	EXP 	slider_2: markerPos = 3.565104166666667
109.4072 	EXP 	slider_2: markerPos = 3.565104166666667
109.4243 	EXP 	slider_2: markerPos = 3.565104166666667
109.4305 	DATA 	Mouse:  Left button up, pos=(693,153)
109.4406 	EXP 	slider_2: markerPos = 3.565104166666667
109.4570 	EXP 	slider_2: markerPos = 3.565104166666667
109.4570 	EXP 	slider_2: rating = 3.565104166666667
109.4611 	EXP 	New trial (rep=0, index=13): OrderedDict([('Imagenes', 'imagenes\\Leche-de-almendras.jpg'), ('Random', 0.36073876480313727), ('Correcto', None)])
109.5543 	EXP 	image_2: autoDraw = False
109.5543 	EXP 	slider_2: autoDraw = False
109.5543 	EXP 	image_2: image = 'imagenes\\Leche-de-almendras.jpg'
109.5543 	EXP 	slider_2: markerPos = None
109.5543 	EXP 	slider_2: markerPos = None
109.5543 	EXP 	slider_2: rating = None
111.5582 	EXP 	image_2: autoDraw = True
111.5582 	EXP 	slider_2: autoDraw = True
111.9459 	DATA 	Mouse: Left button down, pos=(521,149)
111.9574 	EXP 	slider_2: markerPos = 2.4453125
111.9744 	EXP 	slider_2: markerPos = 2.4453125
111.9907 	EXP 	slider_2: markerPos = 2.4453125
112.0075 	EXP 	slider_2: markerPos = 2.4453125
112.0244 	EXP 	slider_2: markerPos = 2.4453125
112.0315 	DATA 	Mouse:  Left button up, pos=(521,149)
112.0409 	EXP 	slider_2: markerPos = 2.4453125
112.0573 	EXP 	slider_2: markerPos = 2.4453125
112.0573 	EXP 	slider_2: rating = 2.4453125
112.0611 	EXP 	New trial (rep=0, index=14): OrderedDict([('Imagenes', 'imagenes\\Brownie.jpg'), ('Random', 0.17000143351927688), ('Correcto', None)])
112.1087 	EXP 	image_2: autoDraw = False
112.1087 	EXP 	slider_2: autoDraw = False
112.1087 	EXP 	image_2: image = 'imagenes\\Brownie.jpg'
112.1087 	EXP 	slider_2: markerPos = None
112.1087 	EXP 	slider_2: markerPos = None
112.1087 	EXP 	slider_2: rating = None
114.1073 	EXP 	image_2: autoDraw = True
114.1073 	EXP 	slider_2: autoDraw = True
114.4497 	DATA 	Mouse: Left button down, pos=(689,159)
114.4737 	EXP 	slider_2: markerPos = 3.5390625
114.4904 	EXP 	slider_2: markerPos = 3.5390625
114.5069 	EXP 	slider_2: markerPos = 3.5390625
114.5238 	EXP 	slider_2: markerPos = 3.5390625
114.5404 	EXP 	slider_2: markerPos = 3.5390625
114.5424 	DATA 	Mouse:  Left button up, pos=(689,159)
114.5568 	EXP 	slider_2: markerPos = 3.5390625
114.5568 	EXP 	slider_2: rating = 3.5390625
114.5603 	EXP 	New trial (rep=0, index=15): OrderedDict([('Imagenes', 'imagenes\\bon-bon-bun.jpg'), ('Random', 0.7387922093313524), ('Correcto', None)])
114.5902 	EXP 	image_2: autoDraw = False
114.5902 	EXP 	slider_2: autoDraw = False
114.5902 	EXP 	image_2: image = 'imagenes\\bon-bon-bun.jpg'
114.5902 	EXP 	slider_2: markerPos = None
114.5902 	EXP 	slider_2: markerPos = None
114.5902 	EXP 	slider_2: rating = None
116.5905 	EXP 	image_2: autoDraw = True
116.5905 	EXP 	slider_2: autoDraw = True
116.8604 	DATA 	Mouse: Left button down, pos=(821,155)
116.8738 	EXP 	slider_2: markerPos = 4.3984375
116.8901 	EXP 	slider_2: markerPos = 4.3984375
116.9073 	EXP 	slider_2: markerPos = 4.3984375
116.9235 	EXP 	slider_2: markerPos = 4.3984375
116.9402 	EXP 	slider_2: markerPos = 4.3984375
116.9572 	EXP 	slider_2: markerPos = 4.3984375
116.9739 	EXP 	slider_2: markerPos = 4.3984375
116.9820 	DATA 	Mouse:  Left button up, pos=(821,155)
116.9901 	EXP 	slider_2: markerPos = 4.3984375
117.0066 	EXP 	slider_2: markerPos = 4.3984375
117.0066 	EXP 	slider_2: rating = 4.3984375
117.0103 	EXP 	New trial (rep=0, index=16): OrderedDict([('Imagenes', 'imagenes\\Popetas.jpg'), ('Random', 0.07650200324054446), ('Correcto', None)])
117.0551 	EXP 	image_2: autoDraw = False
117.0551 	EXP 	slider_2: autoDraw = False
117.0551 	EXP 	image_2: image = 'imagenes\\Popetas.jpg'
117.0551 	EXP 	slider_2: markerPos = None
117.0551 	EXP 	slider_2: markerPos = None
117.0551 	EXP 	slider_2: rating = None
119.0572 	EXP 	image_2: autoDraw = True
119.0572 	EXP 	slider_2: autoDraw = True
119.3918 	DATA 	Mouse: Left button down, pos=(955,151)
119.4065 	EXP 	slider_2: markerPos = 5.270833333333334
119.4233 	EXP 	slider_2: markerPos = 5.270833333333334
119.4398 	EXP 	slider_2: markerPos = 5.270833333333334
119.4566 	EXP 	slider_2: markerPos = 5.270833333333334
119.4732 	EXP 	slider_2: markerPos = 5.270833333333334
119.4898 	EXP 	slider_2: markerPos = 5.270833333333334
119.5065 	EXP 	slider_2: markerPos = 5.270833333333334
119.5082 	DATA 	Mouse:  Left button up, pos=(955,151)
119.5232 	EXP 	slider_2: markerPos = 5.270833333333334
119.5232 	EXP 	slider_2: rating = 5.270833333333334
119.5261 	EXP 	New trial (rep=0, index=17): OrderedDict([('Imagenes', 'imagenes\\Rosquitas (1).jpg'), ('Random', 0.3035383390851263), ('Correcto', None)])
119.5502 	EXP 	image_2: autoDraw = False
119.5502 	EXP 	slider_2: autoDraw = False
119.5502 	EXP 	image_2: image = 'imagenes\\Rosquitas (1).jpg'
119.5502 	EXP 	slider_2: markerPos = None
119.5502 	EXP 	slider_2: markerPos = None
119.5502 	EXP 	slider_2: rating = None
121.5405 	EXP 	image_2: autoDraw = True
121.5405 	EXP 	slider_2: autoDraw = True
121.8599 	DATA 	Mouse: Left button down, pos=(667,148)
121.8736 	EXP 	slider_2: markerPos = 3.3958333333333335
121.8899 	EXP 	slider_2: markerPos = 3.3958333333333335
121.9066 	EXP 	slider_2: markerPos = 3.3958333333333335
121.9234 	EXP 	slider_2: markerPos = 3.3958333333333335
121.9398 	EXP 	slider_2: markerPos = 3.3958333333333335
121.9415 	DATA 	Mouse:  Left button up, pos=(667,148)
121.9566 	EXP 	slider_2: markerPos = 3.3958333333333335
121.9566 	EXP 	slider_2: rating = 3.3958333333333335
121.9601 	EXP 	New trial (rep=0, index=18): OrderedDict([('Imagenes', 'imagenes\\Mango.jpeg'), ('Random', 0.555669112372461), ('Correcto', None)])
121.9815 	EXP 	image_2: autoDraw = False
121.9815 	EXP 	slider_2: autoDraw = False
121.9815 	EXP 	image_2: image = 'imagenes\\Mango.jpeg'
121.9815 	EXP 	slider_2: markerPos = None
121.9815 	EXP 	slider_2: markerPos = None
121.9815 	EXP 	slider_2: rating = None
123.9734 	EXP 	image_2: autoDraw = True
123.9734 	EXP 	slider_2: autoDraw = True
124.2593 	DATA 	Mouse: Left button down, pos=(832,154)
124.2734 	EXP 	slider_2: markerPos = 4.470052083333333
124.2897 	EXP 	slider_2: markerPos = 4.470052083333333
124.3063 	EXP 	slider_2: markerPos = 4.470052083333333
124.3229 	EXP 	slider_2: markerPos = 4.470052083333333
124.3396 	EXP 	slider_2: markerPos = 4.470052083333333
124.3563 	EXP 	slider_2: markerPos = 4.470052083333333
124.3588 	DATA 	Mouse:  Left button up, pos=(832,154)
124.3732 	EXP 	slider_2: markerPos = 4.470052083333333
124.3732 	EXP 	slider_2: rating = 4.470052083333333
124.3769 	EXP 	New trial (rep=0, index=19): OrderedDict([('Imagenes', 'imagenes\\Papas-limon.jpg'), ('Random', 0.020692288100133793), ('Correcto', None)])
124.3919 	EXP 	image_2: autoDraw = False
124.3919 	EXP 	slider_2: autoDraw = False
124.3919 	EXP 	image_2: image = 'imagenes\\Papas-limon.jpg'
124.3919 	EXP 	slider_2: markerPos = None
124.3919 	EXP 	slider_2: markerPos = None
124.3919 	EXP 	slider_2: rating = None
126.3899 	EXP 	image_2: autoDraw = True
126.3899 	EXP 	slider_2: autoDraw = True
126.7099 	DATA 	Mouse: Left button down, pos=(667,155)
126.7232 	EXP 	slider_2: markerPos = 3.3958333333333335
126.7397 	EXP 	slider_2: markerPos = 3.3958333333333335
126.7564 	EXP 	slider_2: markerPos = 3.3958333333333335
126.7733 	EXP 	slider_2: markerPos = 3.3958333333333335
126.7796 	DATA 	Mouse:  Left button up, pos=(667,155)
126.7895 	EXP 	slider_2: markerPos = 3.3958333333333335
126.8066 	EXP 	slider_2: markerPos = 3.3958333333333335
126.8066 	EXP 	slider_2: rating = 3.3958333333333335
126.8102 	EXP 	New trial (rep=0, index=2): OrderedDict([('Hertz', 1000), ('volumen', 0.0)])
126.8215 	EXP 	Imported imagenes.xlsx as conditions, 20 conditions, 3 params
126.8220 	EXP 	Created sequence: random, trialTypes=20, nReps=1, seed=None
126.8224 	EXP 	New trial (rep=0, index=0): OrderedDict([('Imagenes', 'imagenes\\Papas-limon.jpg'), ('Random', 0.020692288100133793), ('Correcto', None)])
126.8362 	EXP 	image_2: autoDraw = False
126.8362 	EXP 	slider_2: autoDraw = False
126.8362 	EXP 	image_2: image = 'imagenes\\Papas-limon.jpg'
126.8362 	EXP 	slider_2: markerPos = None
126.8362 	EXP 	slider_2: markerPos = None
126.8362 	EXP 	slider_2: rating = None
128.8397 	EXP 	image_2: autoDraw = True
128.8397 	EXP 	slider_2: autoDraw = True
129.2087 	DATA 	Mouse: Left button down, pos=(701,162)
129.2228 	EXP 	slider_2: markerPos = 3.591145833333333
129.2394 	EXP 	slider_2: markerPos = 3.55859375
129.2561 	EXP 	slider_2: markerPos = 3.552083333333333
129.2728 	EXP 	slider_2: markerPos = 3.552083333333333
129.2894 	EXP 	slider_2: markerPos = 3.552083333333333
129.3065 	EXP 	slider_2: markerPos = 3.552083333333333
129.3131 	DATA 	Mouse:  Left button up, pos=(691,160)
129.3228 	EXP 	slider_2: markerPos = 3.552083333333333
129.3393 	EXP 	slider_2: markerPos = 3.552083333333333
129.3393 	EXP 	slider_2: rating = 3.552083333333333
129.3440 	EXP 	New trial (rep=0, index=1): OrderedDict([('Imagenes', 'imagenes\\Leche-de-almendras.jpg'), ('Random', 0.36073876480313727), ('Correcto', None)])
129.4291 	EXP 	image_2: autoDraw = False
129.4291 	EXP 	slider_2: autoDraw = False
129.4291 	EXP 	image_2: image = 'imagenes\\Leche-de-almendras.jpg'
129.4291 	EXP 	slider_2: markerPos = None
129.4291 	EXP 	slider_2: markerPos = None
129.4291 	EXP 	slider_2: rating = None
131.4238 	EXP 	image_2: autoDraw = True
131.4238 	EXP 	slider_2: autoDraw = True
131.7677 	DATA 	Mouse: Left button down, pos=(685,152)
131.7897 	EXP 	slider_2: markerPos = 3.513020833333333
131.8069 	EXP 	slider_2: markerPos = 3.513020833333333
131.8235 	EXP 	slider_2: markerPos = 3.513020833333333
131.8398 	EXP 	slider_2: markerPos = 3.513020833333333
131.8568 	EXP 	slider_2: markerPos = 3.513020833333333
131.8587 	DATA 	Mouse:  Left button up, pos=(685,149)
131.8730 	EXP 	slider_2: markerPos = 3.513020833333333
131.8730 	EXP 	slider_2: rating = 3.513020833333333
131.8767 	EXP 	New trial (rep=0, index=2): OrderedDict([('Imagenes', 'imagenes\\Galletas Tosh.jpg'), ('Random', 0.478088790487872), ('Correcto', None)])
131.9193 	EXP 	image_2: autoDraw = False
131.9193 	EXP 	slider_2: autoDraw = False
131.9193 	EXP 	image_2: image = 'imagenes\\Galletas Tosh.jpg'
131.9193 	EXP 	slider_2: markerPos = None
131.9193 	EXP 	slider_2: markerPos = None
131.9193 	EXP 	slider_2: rating = None
133.9063 	EXP 	image_2: autoDraw = True
133.9063 	EXP 	slider_2: autoDraw = True
134.6255 	DATA 	Mouse: Left button down, pos=(580,141)
134.6394 	EXP 	slider_2: markerPos = 2.829427083333333
134.6564 	EXP 	slider_2: markerPos = 2.829427083333333
134.6727 	EXP 	slider_2: markerPos = 2.829427083333333
134.6893 	EXP 	slider_2: markerPos = 2.829427083333333
134.7064 	EXP 	slider_2: markerPos = 2.829427083333333
134.7225 	EXP 	slider_2: markerPos = 2.829427083333333
134.7251 	DATA 	Mouse:  Left button up, pos=(579,141)
134.7392 	EXP 	slider_2: markerPos = 2.829427083333333
134.7392 	EXP 	slider_2: rating = 2.829427083333333
134.7431 	EXP 	New trial (rep=0, index=3): OrderedDict([('Imagenes', 'imagenes\\Papas-naturales.jpg'), ('Random', 0.15856838916280946), ('Correcto', None)])
134.7586 	EXP 	image_2: autoDraw = False
134.7586 	EXP 	slider_2: autoDraw = False
134.7586 	EXP 	image_2: image = 'imagenes\\Papas-naturales.jpg'
134.7586 	EXP 	slider_2: markerPos = None
134.7586 	EXP 	slider_2: markerPos = None
134.7586 	EXP 	slider_2: rating = None
136.7565 	EXP 	image_2: autoDraw = True
136.7565 	EXP 	slider_2: autoDraw = True
137.0624 	DATA 	Mouse: Left button down, pos=(674,166)
137.0725 	EXP 	slider_2: markerPos = 3.44140625
137.0892 	EXP 	slider_2: markerPos = 3.44140625
137.1059 	EXP 	slider_2: markerPos = 3.44140625
137.1225 	EXP 	slider_2: markerPos = 3.44140625
137.1391 	EXP 	slider_2: markerPos = 3.44140625
137.1563 	EXP 	slider_2: markerPos = 3.44140625
137.1727 	EXP 	slider_2: markerPos = 3.44140625
137.1787 	DATA 	Mouse:  Left button up, pos=(674,166)
137.1890 	EXP 	slider_2: markerPos = 3.44140625
137.2061 	EXP 	slider_2: markerPos = 3.44140625
137.2061 	EXP 	slider_2: rating = 3.44140625
137.2100 	EXP 	New trial (rep=0, index=4): OrderedDict([('Imagenes', 'imagenes\\Popetas.jpg'), ('Random', 0.07650200324054446), ('Correcto', None)])
137.2592 	EXP 	image_2: autoDraw = False
137.2592 	EXP 	slider_2: autoDraw = False
137.2592 	EXP 	image_2: image = 'imagenes\\Popetas.jpg'
137.2592 	EXP 	slider_2: markerPos = None
137.2592 	EXP 	slider_2: markerPos = None
137.2592 	EXP 	slider_2: rating = None
139.2567 	EXP 	image_2: autoDraw = True
139.2567 	EXP 	slider_2: autoDraw = True
140.2922 	DATA 	Mouse: Left button down, pos=(703,166)
140.3064 	EXP 	slider_2: markerPos = 3.630208333333333
140.3227 	EXP 	slider_2: markerPos = 3.630208333333333
140.3392 	EXP 	slider_2: markerPos = 3.630208333333333
140.3563 	EXP 	slider_2: markerPos = 3.630208333333333
140.3725 	EXP 	slider_2: markerPos = 3.630208333333333
140.3892 	EXP 	slider_2: markerPos = 3.630208333333333
140.3914 	DATA 	Mouse:  Left button up, pos=(703,166)
140.4061 	EXP 	slider_2: markerPos = 3.630208333333333
140.4061 	EXP 	slider_2: rating = 3.630208333333333
140.4101 	EXP 	New trial (rep=0, index=5): OrderedDict([('Imagenes', 'imagenes\\Brownie.jpg'), ('Random', 0.17000143351927688), ('Correcto', None)])
140.4488 	EXP 	image_2: autoDraw = False
140.4488 	EXP 	slider_2: autoDraw = False
140.4488 	EXP 	image_2: image = 'imagenes\\Brownie.jpg'
140.4488 	EXP 	slider_2: markerPos = None
140.4488 	EXP 	slider_2: markerPos = None
140.4488 	EXP 	slider_2: rating = None
142.4393 	EXP 	image_2: autoDraw = True
142.4393 	EXP 	slider_2: autoDraw = True
143.1519 	DATA 	Mouse: Left button down, pos=(829,151)
143.1723 	EXP 	slider_2: markerPos = 4.450520833333333
143.1889 	EXP 	slider_2: markerPos = 4.450520833333333
143.2056 	EXP 	slider_2: markerPos = 4.450520833333333
143.2221 	EXP 	slider_2: markerPos = 4.450520833333333
143.2388 	EXP 	slider_2: markerPos = 4.450520833333333
143.2559 	EXP 	slider_2: markerPos = 4.450520833333333
143.2725 	EXP 	slider_2: markerPos = 4.450520833333333
143.2742 	DATA 	Mouse:  Left button up, pos=(829,151)
143.2888 	EXP 	slider_2: markerPos = 4.450520833333333
143.2888 	EXP 	slider_2: rating = 4.450520833333333
143.2926 	EXP 	New trial (rep=0, index=6): OrderedDict([('Imagenes', 'imagenes\\Yogurt-alpina.jpg'), ('Random', 0.21540995091807813), ('Correcto', None)])
143.3104 	EXP 	image_2: autoDraw = False
143.3104 	EXP 	slider_2: autoDraw = False
143.3104 	EXP 	image_2: image = 'imagenes\\Yogurt-alpina.jpg'
143.3104 	EXP 	slider_2: markerPos = None
143.3104 	EXP 	slider_2: markerPos = None
143.3104 	EXP 	slider_2: rating = None
145.3057 	EXP 	image_2: autoDraw = True
145.3057 	EXP 	slider_2: autoDraw = True
147.1090 	DATA 	Mouse: Left button down, pos=(986,155)
147.1221 	EXP 	slider_2: markerPos = 5.47265625
147.1388 	EXP 	slider_2: markerPos = 5.47265625
147.1556 	EXP 	slider_2: markerPos = 5.47265625
147.1721 	EXP 	slider_2: markerPos = 5.47265625
147.1886 	EXP 	slider_2: markerPos = 5.47265625
147.2053 	EXP 	slider_2: markerPos = 5.47265625
147.2220 	EXP 	slider_2: markerPos = 5.47265625
147.2386 	EXP 	slider_2: markerPos = 5.47265625
147.2555 	EXP 	slider_2: markerPos = 5.47265625
147.2722 	EXP 	slider_2: markerPos = 5.47265625
147.2886 	EXP 	slider_2: markerPos = 5.47265625
147.2912 	DATA 	Mouse:  Left button up, pos=(986,155)
147.3058 	EXP 	slider_2: markerPos = 5.47265625
147.3058 	EXP 	slider_2: rating = 5.47265625
147.3088 	EXP 	New trial (rep=0, index=7): OrderedDict([('Imagenes', 'imagenes\\Nutella (1).jpg'), ('Random', 0.5277483225747329), ('Correcto', None)])
147.3239 	EXP 	image_2: autoDraw = False
147.3239 	EXP 	slider_2: autoDraw = False
147.3239 	EXP 	image_2: image = 'imagenes\\Nutella (1).jpg'
147.3239 	EXP 	slider_2: markerPos = None
147.3239 	EXP 	slider_2: markerPos = None
147.3239 	EXP 	slider_2: rating = None
149.3225 	EXP 	image_2: autoDraw = True
149.3225 	EXP 	slider_2: autoDraw = True
149.8964 	DATA 	Mouse: Left button down, pos=(828,163)
149.9069 	EXP 	slider_2: markerPos = 4.444010416666667
149.9221 	EXP 	slider_2: markerPos = 4.444010416666667
149.9386 	EXP 	slider_2: markerPos = 4.444010416666667
149.9557 	EXP 	slider_2: markerPos = 4.444010416666667
149.9721 	EXP 	slider_2: markerPos = 4.444010416666667
149.9886 	EXP 	slider_2: markerPos = 4.444010416666667
150.0057 	EXP 	slider_2: markerPos = 4.444010416666667
150.0220 	EXP 	slider_2: markerPos = 4.444010416666667
150.0280 	DATA 	Mouse:  Left button up, pos=(828,163)
150.0385 	EXP 	slider_2: markerPos = 4.444010416666667
150.0555 	EXP 	slider_2: markerPos = 4.444010416666667
150.0555 	EXP 	slider_2: rating = 4.444010416666667
150.0585 	EXP 	New trial (rep=0, index=8): OrderedDict([('Imagenes', 'imagenes\\Rosquitas (1).jpg'), ('Random', 0.3035383390851263), ('Correcto', None)])
150.0863 	EXP 	image_2: autoDraw = False
150.0863 	EXP 	slider_2: autoDraw = False
150.0863 	EXP 	image_2: image = 'imagenes\\Rosquitas (1).jpg'
150.0863 	EXP 	slider_2: markerPos = None
150.0863 	EXP 	slider_2: markerPos = None
150.0863 	EXP 	slider_2: rating = None
151.8751 	DATA 	Mouse: Left button down, pos=(737,164)
152.0416 	DATA 	Mouse:  Left button up, pos=(737,164)
152.0887 	EXP 	image_2: autoDraw = True
152.0887 	EXP 	slider_2: autoDraw = True
152.4327 	DATA 	Mouse: Left button down, pos=(737,164)
152.4553 	EXP 	slider_2: markerPos = 3.8515625
152.4721 	EXP 	slider_2: markerPos = 3.8515625
152.4885 	EXP 	slider_2: markerPos = 3.8515625
152.5056 	EXP 	slider_2: markerPos = 3.8515625
152.5218 	EXP 	slider_2: markerPos = 3.8515625
152.5383 	EXP 	slider_2: markerPos = 3.8515625
152.5409 	DATA 	Mouse:  Left button up, pos=(737,164)
152.5552 	EXP 	slider_2: markerPos = 3.8515625
152.5552 	EXP 	slider_2: rating = 3.8515625
152.5586 	EXP 	New trial (rep=0, index=9): OrderedDict([('Imagenes', 'imagenes\\Galletas-festival.jpg'), ('Random', 0.36121121246191135), ('Correcto', None)])
152.5847 	EXP 	image_2: autoDraw = False
152.5847 	EXP 	slider_2: autoDraw = False
152.5847 	EXP 	image_2: image = 'imagenes\\Galletas-festival.jpg'
152.5847 	EXP 	slider_2: markerPos = None
152.5847 	EXP 	slider_2: markerPos = None
152.5847 	EXP 	slider_2: rating = None
154.5720 	EXP 	image_2: autoDraw = True
154.5720 	EXP 	slider_2: autoDraw = True
155.0415 	DATA 	Mouse: Left button down, pos=(737,164)
155.0555 	EXP 	slider_2: markerPos = 3.8515625
155.0719 	EXP 	slider_2: markerPos = 3.8515625
155.0884 	EXP 	slider_2: markerPos = 3.8515625
155.1050 	EXP 	slider_2: markerPos = 3.8515625
155.1220 	EXP 	slider_2: markerPos = 3.8515625
155.1384 	EXP 	slider_2: markerPos = 3.8515625
155.1553 	EXP 	slider_2: markerPos = 3.8515625
155.1718 	EXP 	slider_2: markerPos = 3.8515625
155.1884 	EXP 	slider_2: markerPos = 3.8515625
155.2050 	EXP 	slider_2: markerPos = 3.8515625
155.2219 	EXP 	slider_2: markerPos = 3.8515625
155.2284 	DATA 	Mouse:  Left button up, pos=(737,164)
155.2382 	EXP 	slider_2: markerPos = 3.8515625
155.2553 	EXP 	slider_2: markerPos = 3.8515625
155.2553 	EXP 	slider_2: rating = 3.8515625
155.2586 	EXP 	New trial (rep=0, index=10): OrderedDict([('Imagenes', 'imagenes\\Mango.jpeg'), ('Random', 0.555669112372461), ('Correcto', None)])
155.2875 	EXP 	image_2: autoDraw = False
155.2875 	EXP 	slider_2: autoDraw = False
155.2875 	EXP 	image_2: image = 'imagenes\\Mango.jpeg'
155.2875 	EXP 	slider_2: markerPos = None
155.2875 	EXP 	slider_2: markerPos = None
155.2875 	EXP 	slider_2: rating = None
157.2885 	EXP 	image_2: autoDraw = True
157.2885 	EXP 	slider_2: autoDraw = True
157.8415 	DATA 	Mouse: Left button down, pos=(737,164)
157.8553 	EXP 	slider_2: markerPos = 3.8515625
157.8721 	EXP 	slider_2: markerPos = 3.8515625
157.8883 	EXP 	slider_2: markerPos = 3.8515625
157.9053 	EXP 	slider_2: markerPos = 3.8515625
157.9216 	EXP 	slider_2: markerPos = 3.8515625
157.9383 	EXP 	slider_2: markerPos = 3.8515625
157.9554 	EXP 	slider_2: markerPos = 3.8515625
157.9718 	EXP 	slider_2: markerPos = 3.8515625
157.9882 	EXP 	slider_2: markerPos = 3.8515625
158.0055 	EXP 	slider_2: markerPos = 3.8515625
158.0216 	EXP 	slider_2: markerPos = 3.8515625
158.0382 	EXP 	slider_2: markerPos = 3.8515625
158.0453 	DATA 	Mouse:  Left button up, pos=(737,164)
158.0551 	EXP 	slider_2: markerPos = 3.8515625
158.0719 	EXP 	slider_2: markerPos = 3.8515625
158.0719 	EXP 	slider_2: rating = 3.8515625
158.0760 	EXP 	New trial (rep=0, index=11): OrderedDict([('Imagenes', 'imagenes\\Manzana.jpg'), ('Random', 0.5168162194437935), ('Correcto', None)])
158.1197 	EXP 	image_2: autoDraw = False
158.1197 	EXP 	slider_2: autoDraw = False
158.1197 	EXP 	image_2: image = 'imagenes\\Manzana.jpg'
158.1197 	EXP 	slider_2: markerPos = None
158.1197 	EXP 	slider_2: markerPos = None
158.1197 	EXP 	slider_2: rating = None
160.1220 	EXP 	image_2: autoDraw = True
160.1220 	EXP 	slider_2: autoDraw = True
160.4913 	DATA 	Mouse: Left button down, pos=(737,164)
160.5050 	EXP 	slider_2: markerPos = 3.8515625
160.5216 	EXP 	slider_2: markerPos = 3.8515625
160.5383 	EXP 	slider_2: markerPos = 3.8515625
160.5552 	EXP 	slider_2: markerPos = 3.8515625
160.5716 	EXP 	slider_2: markerPos = 3.8515625
160.5886 	EXP 	slider_2: markerPos = 3.8515625
160.6050 	EXP 	slider_2: markerPos = 3.8515625
160.6213 	EXP 	slider_2: markerPos = 3.8515625
160.6231 	DATA 	Mouse:  Left button up, pos=(737,164)
160.6380 	EXP 	slider_2: markerPos = 3.8515625
160.6380 	EXP 	slider_2: rating = 3.8515625
160.6418 	EXP 	New trial (rep=0, index=12): OrderedDict([('Imagenes', 'imagenes\\bon-bon-bun.jpg'), ('Random', 0.7387922093313524), ('Correcto', None)])
160.6824 	EXP 	image_2: autoDraw = False
160.6824 	EXP 	slider_2: autoDraw = False
160.6824 	EXP 	image_2: image = 'imagenes\\bon-bon-bun.jpg'
160.6824 	EXP 	slider_2: markerPos = None
160.6824 	EXP 	slider_2: markerPos = None
160.6824 	EXP 	slider_2: rating = None
162.6717 	EXP 	image_2: autoDraw = True
162.6717 	EXP 	slider_2: autoDraw = True
162.9827 	DATA 	Mouse: Left button down, pos=(638,147)
163.0050 	EXP 	slider_2: markerPos = 3.20703125
163.0217 	EXP 	slider_2: markerPos = 3.20703125
163.0380 	EXP 	slider_2: markerPos = 3.20703125
163.0551 	EXP 	slider_2: markerPos = 3.20703125
163.0715 	EXP 	slider_2: markerPos = 3.20703125
163.0880 	EXP 	slider_2: markerPos = 3.20703125
163.0974 	DATA 	Mouse:  Left button up, pos=(638,147)
163.1046 	EXP 	slider_2: markerPos = 3.20703125
163.1216 	EXP 	slider_2: markerPos = 3.20703125
163.1216 	EXP 	slider_2: rating = 3.20703125
163.1255 	EXP 	New trial (rep=0, index=13): OrderedDict([('Imagenes', 'imagenes\\Papas-pollo.jpg'), ('Random', 0.6683114062971784), ('Correcto', None)])
163.1418 	EXP 	image_2: autoDraw = False
163.1418 	EXP 	slider_2: autoDraw = False
163.1418 	EXP 	image_2: image = 'imagenes\\Papas-pollo.jpg'
163.1418 	EXP 	slider_2: markerPos = None
163.1418 	EXP 	slider_2: markerPos = None
163.1418 	EXP 	slider_2: rating = None
165.1382 	EXP 	image_2: autoDraw = True
165.1382 	EXP 	slider_2: autoDraw = True
166.3247 	DATA 	Mouse: Left button down, pos=(522,152)
166.3378 	EXP 	slider_2: markerPos = 2.451822916666667
166.3550 	EXP 	slider_2: markerPos = 2.451822916666667
166.3714 	EXP 	slider_2: markerPos = 2.451822916666667
166.3883 	EXP 	slider_2: markerPos = 2.451822916666667
166.4050 	EXP 	slider_2: markerPos = 2.451822916666667
166.4122 	DATA 	Mouse:  Left button up, pos=(522,152)
166.4210 	EXP 	slider_2: markerPos = 2.451822916666667
166.4378 	EXP 	slider_2: markerPos = 2.451822916666667
166.4378 	EXP 	slider_2: rating = 2.451822916666667
166.4416 	EXP 	New trial (rep=0, index=14): OrderedDict([('Imagenes', 'imagenes\\Chocoramo.jfif.jpg'), ('Random', 0.7789437122019539), ('Correcto', None)])
166.4737 	EXP 	image_2: autoDraw = False
166.4737 	EXP 	slider_2: autoDraw = False
166.4737 	EXP 	image_2: image = 'imagenes\\Chocoramo.jfif.jpg'
166.4737 	EXP 	slider_2: markerPos = None
166.4737 	EXP 	slider_2: markerPos = None
166.4737 	EXP 	slider_2: rating = None
168.4716 	EXP 	image_2: autoDraw = True
168.4716 	EXP 	slider_2: autoDraw = True
168.9311 	DATA 	Mouse: Left button down, pos=(685,155)
168.9548 	EXP 	slider_2: markerPos = 3.513020833333333
168.9715 	EXP 	slider_2: markerPos = 3.513020833333333
168.9878 	EXP 	slider_2: markerPos = 3.513020833333333
169.0049 	EXP 	slider_2: markerPos = 3.513020833333333
169.0211 	EXP 	slider_2: markerPos = 3.513020833333333
169.0301 	DATA 	Mouse:  Left button up, pos=(685,155)
169.0375 	EXP 	slider_2: markerPos = 3.513020833333333
169.0547 	EXP 	slider_2: markerPos = 3.513020833333333
169.0547 	EXP 	slider_2: rating = 3.513020833333333
169.0578 	EXP 	New trial (rep=0, index=15): OrderedDict([('Imagenes', 'imagenes\\Alpinito.jpg'), ('Random', 0.4515332417045813), ('Correcto', None)])
169.1046 	EXP 	image_2: autoDraw = False
169.1046 	EXP 	slider_2: autoDraw = False
169.1046 	EXP 	image_2: image = 'imagenes\\Alpinito.jpg'
169.1046 	EXP 	slider_2: markerPos = None
169.1046 	EXP 	slider_2: markerPos = None
169.1046 	EXP 	slider_2: rating = None
171.1051 	EXP 	image_2: autoDraw = True
171.1051 	EXP 	slider_2: autoDraw = True
171.7144 	DATA 	Mouse: Left button down, pos=(814,159)
171.7377 	EXP 	slider_2: markerPos = 4.352864583333333
171.7543 	EXP 	slider_2: markerPos = 4.352864583333333
171.7712 	EXP 	slider_2: markerPos = 4.352864583333333
171.7877 	EXP 	slider_2: markerPos = 4.352864583333333
171.8048 	EXP 	slider_2: markerPos = 4.352864583333333
171.8209 	EXP 	slider_2: markerPos = 4.352864583333333
171.8232 	DATA 	Mouse:  Left button up, pos=(814,159)
171.8375 	EXP 	slider_2: markerPos = 4.352864583333333
171.8375 	EXP 	slider_2: rating = 4.352864583333333
171.8405 	EXP 	New trial (rep=0, index=16): OrderedDict([('Imagenes', 'imagenes\\Croissant.jpg'), ('Random', 0.6152458173421255), ('Correcto', None)])
171.8890 	EXP 	image_2: autoDraw = False
171.8890 	EXP 	slider_2: autoDraw = False
171.8890 	EXP 	image_2: image = 'imagenes\\Croissant.jpg'
171.8890 	EXP 	slider_2: markerPos = None
171.8890 	EXP 	slider_2: markerPos = None
171.8890 	EXP 	slider_2: rating = None
173.8881 	EXP 	image_2: autoDraw = True
173.8881 	EXP 	slider_2: autoDraw = True
175.6820 	DATA 	Mouse: Left button down, pos=(961,156)
175.7042 	EXP 	slider_2: markerPos = 5.309895833333334
175.7209 	EXP 	slider_2: markerPos = 5.309895833333334
175.7376 	EXP 	slider_2: markerPos = 5.309895833333334
175.7545 	EXP 	slider_2: markerPos = 5.309895833333334
175.7707 	EXP 	slider_2: markerPos = 5.309895833333334
175.7876 	EXP 	slider_2: markerPos = 5.309895833333334
175.8041 	EXP 	slider_2: markerPos = 5.309895833333334
175.8208 	EXP 	slider_2: markerPos = 5.309895833333334
175.8375 	EXP 	slider_2: markerPos = 5.309895833333334
175.8546 	EXP 	slider_2: markerPos = 5.309895833333334
175.8569 	DATA 	Mouse:  Left button up, pos=(961,156)
175.8708 	EXP 	slider_2: markerPos = 5.309895833333334
175.8708 	EXP 	slider_2: rating = 5.309895833333334
175.8747 	EXP 	New trial (rep=0, index=17): OrderedDict([('Imagenes', 'imagenes\\Uvas.jpg'), ('Random', 0.7734382152670648), ('Correcto', None)])
175.8934 	EXP 	image_2: autoDraw = False
175.8934 	EXP 	slider_2: autoDraw = False
175.8934 	EXP 	image_2: image = 'imagenes\\Uvas.jpg'
175.8934 	EXP 	slider_2: markerPos = None
175.8934 	EXP 	slider_2: markerPos = None
175.8934 	EXP 	slider_2: rating = None
177.8875 	EXP 	image_2: autoDraw = True
177.8875 	EXP 	slider_2: autoDraw = True
178.7414 	DATA 	Mouse: Left button down, pos=(878,154)
178.7542 	EXP 	slider_2: markerPos = 4.76953125
178.7706 	EXP 	slider_2: markerPos = 4.76953125
178.7874 	EXP 	slider_2: markerPos = 4.76953125
178.8043 	EXP 	slider_2: markerPos = 4.76953125
178.8206 	EXP 	slider_2: markerPos = 4.76953125
178.8373 	EXP 	slider_2: markerPos = 4.76953125
178.8541 	EXP 	slider_2: markerPos = 4.76953125
178.8603 	DATA 	Mouse:  Left button up, pos=(878,154)
178.8709 	EXP 	slider_2: markerPos = 4.76953125
178.8872 	EXP 	slider_2: markerPos = 4.76953125
178.8872 	EXP 	slider_2: rating = 4.76953125
178.8904 	EXP 	New trial (rep=0, index=18): OrderedDict([('Imagenes', 'imagenes\\Kiwi.jpg'), ('Random', 0.5893907384852061), ('Correcto', None)])
178.9036 	EXP 	image_2: autoDraw = False
178.9036 	EXP 	slider_2: autoDraw = False
178.9036 	EXP 	image_2: image = 'imagenes\\Kiwi.jpg'
178.9036 	EXP 	slider_2: markerPos = None
178.9036 	EXP 	slider_2: markerPos = None
178.9036 	EXP 	slider_2: rating = None
180.9042 	EXP 	image_2: autoDraw = True
180.9042 	EXP 	slider_2: autoDraw = True
181.4280 	DATA 	Mouse: Left button down, pos=(827,146)
181.4386 	EXP 	slider_2: markerPos = 4.4375
181.4542 	EXP 	slider_2: markerPos = 4.4375
181.4705 	EXP 	slider_2: markerPos = 4.4375
181.4873 	EXP 	slider_2: markerPos = 4.4375
181.5042 	EXP 	slider_2: markerPos = 4.4375
181.5205 	EXP 	slider_2: markerPos = 4.4375
181.5372 	EXP 	slider_2: markerPos = 4.4375
181.5540 	EXP 	slider_2: markerPos = 4.4375
181.5704 	EXP 	slider_2: markerPos = 4.4375
181.5725 	DATA 	Mouse:  Left button up, pos=(827,146)
181.5870 	EXP 	slider_2: markerPos = 4.4375
181.5870 	EXP 	slider_2: rating = 4.4375
181.5905 	EXP 	New trial (rep=0, index=19): OrderedDict([('Imagenes', 'imagenes\\Banano.jpeg'), ('Random', 0.651633055306917), ('Correcto', None)])
181.6101 	EXP 	image_2: autoDraw = False
181.6101 	EXP 	slider_2: autoDraw = False
181.6101 	EXP 	image_2: image = 'imagenes\\Banano.jpeg'
181.6101 	EXP 	slider_2: markerPos = None
181.6101 	EXP 	slider_2: markerPos = None
181.6101 	EXP 	slider_2: rating = None
183.6043 	EXP 	image_2: autoDraw = True
183.6043 	EXP 	slider_2: autoDraw = True
184.1341 	DATA 	Mouse: Left button down, pos=(840,154)
184.1542 	EXP 	slider_2: markerPos = 4.522135416666667
184.1706 	EXP 	slider_2: markerPos = 4.522135416666667
184.1870 	EXP 	slider_2: markerPos = 4.522135416666667
184.2037 	EXP 	slider_2: markerPos = 4.522135416666667
184.2203 	EXP 	slider_2: markerPos = 4.522135416666667
184.2372 	EXP 	slider_2: markerPos = 4.522135416666667
184.2542 	EXP 	slider_2: markerPos = 4.522135416666667
184.2703 	EXP 	slider_2: markerPos = 4.522135416666667
184.2870 	EXP 	slider_2: markerPos = 4.522135416666667
184.2970 	DATA 	Mouse:  Left button up, pos=(840,154)
184.3040 	EXP 	slider_2: markerPos = 4.522135416666667
184.3203 	EXP 	slider_2: markerPos = 4.522135416666667
184.3203 	EXP 	slider_2: rating = 4.522135416666667
184.3237 	EXP 	New trial (rep=0, index=3): OrderedDict([('Hertz', 1000), ('volumen', 0.02)])
184.3350 	EXP 	Imported imagenes.xlsx as conditions, 20 conditions, 3 params
184.3354 	EXP 	Created sequence: random, trialTypes=20, nReps=1, seed=None
184.3359 	EXP 	New trial (rep=0, index=0): OrderedDict([('Imagenes', 'imagenes\\Papas-limon.jpg'), ('Random', 0.020692288100133793), ('Correcto', None)])
184.3510 	EXP 	image_2: autoDraw = False
184.3510 	EXP 	slider_2: autoDraw = False
184.3510 	EXP 	image_2: image = 'imagenes\\Papas-limon.jpg'
184.3510 	EXP 	slider_2: markerPos = None
184.3510 	EXP 	slider_2: markerPos = None
184.3510 	EXP 	slider_2: rating = None
186.0573 	DATA 	Mouse: Left button down, pos=(840,154)
186.2222 	DATA 	Mouse:  Left button up, pos=(840,154)
186.3538 	EXP 	image_2: autoDraw = True
186.3538 	EXP 	slider_2: autoDraw = True
186.6734 	DATA 	Mouse: Left button down, pos=(840,154)
186.6869 	EXP 	slider_2: markerPos = 4.522135416666667
186.7039 	EXP 	slider_2: markerPos = 4.522135416666667
186.7204 	EXP 	slider_2: markerPos = 4.522135416666667
186.7369 	EXP 	slider_2: markerPos = 4.522135416666667
186.7539 	EXP 	slider_2: markerPos = 4.522135416666667
186.7699 	EXP 	slider_2: markerPos = 4.522135416666667
186.7725 	DATA 	Mouse:  Left button up, pos=(840,154)
186.7868 	EXP 	slider_2: markerPos = 4.522135416666667
186.7868 	EXP 	slider_2: rating = 4.522135416666667
186.8400 	EXP 	New trial (rep=0, index=1): OrderedDict([('Imagenes', 'imagenes\\Leche-de-almendras.jpg'), ('Random', 0.36073876480313727), ('Correcto', None)])
186.9518 	EXP 	image_2: autoDraw = False
186.9518 	EXP 	slider_2: autoDraw = False
186.9518 	EXP 	image_2: image = 'imagenes\\Leche-de-almendras.jpg'
186.9518 	EXP 	slider_2: markerPos = None
186.9518 	EXP 	slider_2: markerPos = None
186.9518 	EXP 	slider_2: rating = None
188.9549 	EXP 	image_2: autoDraw = True
188.9549 	EXP 	slider_2: autoDraw = True
189.2809 	DATA 	Mouse: Left button down, pos=(720,157)
189.3039 	EXP 	slider_2: markerPos = 3.740885416666667
189.3205 	EXP 	slider_2: markerPos = 3.740885416666667
189.3373 	EXP 	slider_2: markerPos = 3.740885416666667
189.3543 	EXP 	slider_2: markerPos = 3.740885416666667
189.3706 	EXP 	slider_2: markerPos = 3.740885416666667
189.3799 	DATA 	Mouse:  Left button up, pos=(720,157)
189.3871 	EXP 	slider_2: markerPos = 3.740885416666667
189.4041 	EXP 	slider_2: markerPos = 3.740885416666667
189.4041 	EXP 	slider_2: rating = 3.740885416666667
189.4079 	EXP 	New trial (rep=0, index=2): OrderedDict([('Imagenes', 'imagenes\\bon-bon-bun.jpg'), ('Random', 0.7387922093313524), ('Correcto', None)])
189.4523 	EXP 	image_2: autoDraw = False
189.4523 	EXP 	slider_2: autoDraw = False
189.4523 	EXP 	image_2: image = 'imagenes\\bon-bon-bun.jpg'
189.4523 	EXP 	slider_2: markerPos = None
189.4523 	EXP 	slider_2: markerPos = None
189.4523 	EXP 	slider_2: rating = None
191.4538 	EXP 	image_2: autoDraw = True
191.4538 	EXP 	slider_2: autoDraw = True
191.6909 	DATA 	Mouse: Left button down, pos=(686,173)
191.7034 	EXP 	slider_2: markerPos = 3.51953125
191.7201 	EXP 	slider_2: markerPos = 3.51953125
191.7369 	EXP 	slider_2: markerPos = 3.51953125
191.7538 	EXP 	slider_2: markerPos = 3.51953125
191.7701 	EXP 	slider_2: markerPos = 3.51953125
191.7867 	EXP 	slider_2: markerPos = 3.51953125
191.8036 	EXP 	slider_2: markerPos = 3.51953125
191.8119 	DATA 	Mouse:  Left button up, pos=(686,173)
191.8199 	EXP 	slider_2: markerPos = 3.51953125
191.8365 	EXP 	slider_2: markerPos = 3.51953125
191.8365 	EXP 	slider_2: rating = 3.51953125
191.8403 	EXP 	New trial (rep=0, index=3): OrderedDict([('Imagenes', 'imagenes\\Galletas-festival.jpg'), ('Random', 0.36121121246191135), ('Correcto', None)])
191.8666 	EXP 	image_2: autoDraw = False
191.8666 	EXP 	slider_2: autoDraw = False
191.8666 	EXP 	image_2: image = 'imagenes\\Galletas-festival.jpg'
191.8666 	EXP 	slider_2: markerPos = None
191.8666 	EXP 	slider_2: markerPos = None
191.8666 	EXP 	slider_2: rating = None
193.8703 	EXP 	image_2: autoDraw = True
193.8703 	EXP 	slider_2: autoDraw = True
196.4392 	DATA 	Mouse: Left button down, pos=(530,153)
196.4532 	EXP 	slider_2: markerPos = 2.50390625
196.4698 	EXP 	slider_2: markerPos = 2.50390625
196.4867 	EXP 	slider_2: markerPos = 2.50390625
196.5035 	EXP 	slider_2: markerPos = 2.50390625
196.5199 	EXP 	slider_2: markerPos = 2.50390625
196.5272 	DATA 	Mouse:  Left button up, pos=(530,153)
196.5367 	EXP 	slider_2: markerPos = 2.50390625
196.5533 	EXP 	slider_2: markerPos = 2.50390625
196.5533 	EXP 	slider_2: rating = 2.50390625
196.5585 	EXP 	New trial (rep=0, index=4): OrderedDict([('Imagenes', 'imagenes\\Manzana.jpg'), ('Random', 0.5168162194437935), ('Correcto', None)])
196.6089 	EXP 	image_2: autoDraw = False
196.6089 	EXP 	slider_2: autoDraw = False
196.6089 	EXP 	image_2: image = 'imagenes\\Manzana.jpg'
196.6089 	EXP 	slider_2: markerPos = None
196.6089 	EXP 	slider_2: markerPos = None
196.6089 	EXP 	slider_2: rating = None
198.6033 	EXP 	image_2: autoDraw = True
198.6033 	EXP 	slider_2: autoDraw = True
200.4569 	DATA 	Mouse: Left button down, pos=(562,150)
200.4697 	EXP 	slider_2: markerPos = 2.712239583333333
200.4863 	EXP 	slider_2: markerPos = 2.712239583333333
200.5031 	EXP 	slider_2: markerPos = 2.712239583333333
200.5196 	EXP 	slider_2: markerPos = 2.705729166666667
200.5367 	EXP 	slider_2: markerPos = 2.705729166666667
200.5533 	EXP 	slider_2: markerPos = 2.69921875
200.5560 	DATA 	Mouse:  Left button up, pos=(560,150)
200.5694 	EXP 	slider_2: markerPos = 2.69921875
200.5694 	EXP 	slider_2: rating = 2.69921875
200.5733 	EXP 	New trial (rep=0, index=5): OrderedDict([('Imagenes', 'imagenes\\Kiwi.jpg'), ('Random', 0.5893907384852061), ('Correcto', None)])
200.5862 	EXP 	image_2: autoDraw = False
200.5862 	EXP 	slider_2: autoDraw = False
200.5862 	EXP 	image_2: image = 'imagenes\\Kiwi.jpg'
200.5862 	EXP 	slider_2: markerPos = None
200.5862 	EXP 	slider_2: markerPos = None
200.5862 	EXP 	slider_2: rating = None
202.5863 	EXP 	image_2: autoDraw = True
202.5863 	EXP 	slider_2: autoDraw = True
203.3232 	DATA 	Mouse: Left button down, pos=(399,148)
203.3364 	EXP 	slider_2: markerPos = 1.6510416666666665
203.3532 	EXP 	slider_2: markerPos = 1.6510416666666665
203.3790 	EXP 	slider_2: markerPos = 1.6510416666666665
203.3927 	EXP 	slider_2: markerPos = 1.6510416666666665
203.4057 	EXP 	slider_2: markerPos = 1.6510416666666665
203.4194 	EXP 	slider_2: markerPos = 1.6510416666666665
203.4366 	EXP 	slider_2: markerPos = 1.6510416666666665
203.4532 	EXP 	slider_2: markerPos = 1.6510416666666665
203.4558 	DATA 	Mouse:  Left button up, pos=(399,148)
203.4694 	EXP 	slider_2: markerPos = 1.6510416666666665
203.4694 	EXP 	slider_2: rating = 1.6510416666666665
203.4733 	EXP 	New trial (rep=0, index=6): OrderedDict([('Imagenes', 'imagenes\\Popetas.jpg'), ('Random', 0.07650200324054446), ('Correcto', None)])
203.5322 	EXP 	image_2: autoDraw = False
203.5322 	EXP 	slider_2: autoDraw = False
203.5322 	EXP 	image_2: image = 'imagenes\\Popetas.jpg'
203.5322 	EXP 	slider_2: markerPos = None
203.5322 	EXP 	slider_2: markerPos = None
203.5322 	EXP 	slider_2: rating = None
205.5210 	EXP 	image_2: autoDraw = True
205.5210 	EXP 	slider_2: autoDraw = True
206.6896 	DATA 	Mouse: Left button down, pos=(697,146)
206.7029 	EXP 	slider_2: markerPos = 3.591145833333333
206.7195 	EXP 	slider_2: markerPos = 3.591145833333333
206.7362 	EXP 	slider_2: markerPos = 3.591145833333333
206.7528 	EXP 	slider_2: markerPos = 3.591145833333333
206.7694 	EXP 	slider_2: markerPos = 3.591145833333333
206.7866 	EXP 	slider_2: markerPos = 3.591145833333333
206.7921 	DATA 	Mouse:  Left button up, pos=(697,146)
206.8031 	EXP 	slider_2: markerPos = 3.591145833333333
206.8195 	EXP 	slider_2: markerPos = 3.591145833333333
206.8195 	EXP 	slider_2: rating = 3.591145833333333
206.8234 	EXP 	New trial (rep=0, index=7): OrderedDict([('Imagenes', 'imagenes\\Banano.jpeg'), ('Random', 0.651633055306917), ('Correcto', None)])
206.8429 	EXP 	image_2: autoDraw = False
206.8429 	EXP 	slider_2: autoDraw = False
206.8429 	EXP 	image_2: image = 'imagenes\\Banano.jpeg'
206.8429 	EXP 	slider_2: markerPos = None
206.8429 	EXP 	slider_2: markerPos = None
206.8429 	EXP 	slider_2: rating = None
208.8364 	EXP 	image_2: autoDraw = True
208.8364 	EXP 	slider_2: autoDraw = True
209.6987 	DATA 	Mouse: Left button down, pos=(836,153)
209.7193 	EXP 	slider_2: markerPos = 4.49609375
209.7363 	EXP 	slider_2: markerPos = 4.49609375
209.7525 	EXP 	slider_2: markerPos = 4.49609375
209.7693 	EXP 	slider_2: markerPos = 4.49609375
209.7865 	EXP 	slider_2: markerPos = 4.49609375
209.8027 	EXP 	slider_2: markerPos = 4.49609375
209.8192 	EXP 	slider_2: markerPos = 4.49609375
209.8366 	EXP 	slider_2: markerPos = 4.49609375
209.8527 	EXP 	slider_2: markerPos = 4.49609375
209.8693 	EXP 	slider_2: markerPos = 4.49609375
209.8715 	DATA 	Mouse:  Left button up, pos=(836,151)
209.8862 	EXP 	slider_2: markerPos = 4.49609375
209.8862 	EXP 	slider_2: rating = 4.49609375
209.8902 	EXP 	New trial (rep=0, index=8): OrderedDict([('Imagenes', 'imagenes\\Yogurt-alpina.jpg'), ('Random', 0.21540995091807813), ('Correcto', None)])
209.9086 	EXP 	image_2: autoDraw = False
209.9086 	EXP 	slider_2: autoDraw = False
209.9086 	EXP 	image_2: image = 'imagenes\\Yogurt-alpina.jpg'
209.9086 	EXP 	slider_2: markerPos = None
209.9086 	EXP 	slider_2: markerPos = None
209.9086 	EXP 	slider_2: rating = None
211.9026 	EXP 	image_2: autoDraw = True
211.9026 	EXP 	slider_2: autoDraw = True
213.6726 	DATA 	Mouse: Left button down, pos=(965,151)
213.6857 	EXP 	slider_2: markerPos = 5.3359375
213.7024 	EXP 	slider_2: markerPos = 5.3359375
213.7191 	EXP 	slider_2: markerPos = 5.3359375
213.7362 	EXP 	slider_2: markerPos = 5.3359375
213.7526 	EXP 	slider_2: markerPos = 5.3359375
213.7690 	EXP 	slider_2: markerPos = 5.3359375
213.7862 	EXP 	slider_2: markerPos = 5.3359375
213.7920 	DATA 	Mouse:  Left button up, pos=(965,151)
213.8024 	EXP 	slider_2: markerPos = 5.3359375
213.8189 	EXP 	slider_2: markerPos = 5.3359375
213.8189 	EXP 	slider_2: rating = 5.3359375
213.8229 	EXP 	New trial (rep=0, index=9): OrderedDict([('Imagenes', 'imagenes\\Papas-naturales.jpg'), ('Random', 0.15856838916280946), ('Correcto', None)])
213.8383 	EXP 	image_2: autoDraw = False
213.8383 	EXP 	slider_2: autoDraw = False
213.8383 	EXP 	image_2: image = 'imagenes\\Papas-naturales.jpg'
213.8383 	EXP 	slider_2: markerPos = None
213.8383 	EXP 	slider_2: markerPos = None
213.8383 	EXP 	slider_2: rating = None
215.8360 	EXP 	image_2: autoDraw = True
215.8360 	EXP 	slider_2: autoDraw = True
219.1489 	DATA 	Mouse: Left button down, pos=(698,168)
219.1687 	EXP 	slider_2: markerPos = 3.59765625
219.1854 	EXP 	slider_2: markerPos = 3.59765625
219.2020 	EXP 	slider_2: markerPos = 3.59765625
219.2185 	EXP 	slider_2: markerPos = 3.59765625
219.2353 	EXP 	slider_2: markerPos = 3.59765625
219.2520 	EXP 	slider_2: markerPos = 3.59765625
219.2538 	DATA 	Mouse:  Left button up, pos=(698,168)
219.2686 	EXP 	slider_2: markerPos = 3.59765625
219.2686 	EXP 	slider_2: rating = 3.59765625
219.2723 	EXP 	New trial (rep=0, index=10): OrderedDict([('Imagenes', 'imagenes\\Uvas.jpg'), ('Random', 0.7734382152670648), ('Correcto', None)])
219.2907 	EXP 	image_2: autoDraw = False
219.2907 	EXP 	slider_2: autoDraw = False
219.2907 	EXP 	image_2: image = 'imagenes\\Uvas.jpg'
219.2907 	EXP 	slider_2: markerPos = None
219.2907 	EXP 	slider_2: markerPos = None
219.2907 	EXP 	slider_2: rating = None
221.2855 	EXP 	image_2: autoDraw = True
221.2855 	EXP 	slider_2: autoDraw = True
225.9972 	DATA 	Mouse: Left button down, pos=(726,168)
226.0185 	EXP 	slider_2: markerPos = 3.779947916666667
226.0356 	EXP 	slider_2: markerPos = 3.779947916666667
226.0520 	EXP 	slider_2: markerPos = 3.779947916666667
226.0684 	EXP 	slider_2: markerPos = 3.779947916666667
226.0854 	EXP 	slider_2: markerPos = 3.779947916666667
226.1019 	EXP 	slider_2: markerPos = 3.779947916666667
226.1097 	DATA 	Mouse:  Left button up, pos=(726,166)
226.1184 	EXP 	slider_2: markerPos = 3.779947916666667
226.1354 	EXP 	slider_2: markerPos = 3.779947916666667
226.1354 	EXP 	slider_2: rating = 3.779947916666667
226.1385 	EXP 	New trial (rep=0, index=11): OrderedDict([('Imagenes', 'imagenes\\Mango.jpeg'), ('Random', 0.555669112372461), ('Correcto', None)])
226.1714 	EXP 	image_2: autoDraw = False
226.1714 	EXP 	slider_2: autoDraw = False
226.1714 	EXP 	image_2: image = 'imagenes\\Mango.jpeg'
226.1714 	EXP 	slider_2: markerPos = None
226.1714 	EXP 	slider_2: markerPos = None
226.1714 	EXP 	slider_2: rating = None
228.0071 	DATA 	Mouse: Left button down, pos=(718,153)
228.1374 	DATA 	Mouse:  Left button up, pos=(718,153)
228.1685 	EXP 	image_2: autoDraw = True
228.1685 	EXP 	slider_2: autoDraw = True
229.4125 	DATA 	Mouse: Left button down, pos=(816,161)
229.4350 	EXP 	slider_2: markerPos = 4.365885416666667
229.4517 	EXP 	slider_2: markerPos = 4.470052083333333
229.4683 	EXP 	slider_2: markerPos = 4.580729166666667
229.4852 	EXP 	slider_2: markerPos = 4.600260416666667
229.5020 	EXP 	slider_2: markerPos = 4.600260416666667
229.5185 	EXP 	slider_2: markerPos = 4.57421875
229.5355 	EXP 	slider_2: markerPos = 4.567708333333333
229.5516 	EXP 	slider_2: markerPos = 4.567708333333333
229.5541 	DATA 	Mouse:  Left button up, pos=(847,176)
229.5682 	EXP 	slider_2: markerPos = 4.567708333333333
229.5682 	EXP 	slider_2: rating = 4.567708333333333
229.5719 	EXP 	New trial (rep=0, index=12): OrderedDict([('Imagenes', 'imagenes\\Papas-pollo.jpg'), ('Random', 0.6683114062971784), ('Correcto', None)])
229.5934 	EXP 	image_2: autoDraw = False
229.5934 	EXP 	slider_2: autoDraw = False
229.5934 	EXP 	image_2: image = 'imagenes\\Papas-pollo.jpg'
229.5934 	EXP 	slider_2: markerPos = None
229.5934 	EXP 	slider_2: markerPos = None
229.5934 	EXP 	slider_2: rating = None
231.5854 	EXP 	image_2: autoDraw = True
231.5854 	EXP 	slider_2: autoDraw = True
234.9545 	DATA 	Mouse: Left button down, pos=(735,174)
234.9681 	EXP 	slider_2: markerPos = 3.838541666666667
234.9850 	EXP 	slider_2: markerPos = 3.838541666666667
235.0017 	EXP 	slider_2: markerPos = 3.838541666666667
235.0182 	EXP 	slider_2: markerPos = 3.838541666666667
235.0351 	EXP 	slider_2: markerPos = 3.838541666666667
235.0514 	EXP 	slider_2: markerPos = 3.838541666666667
235.0574 	DATA 	Mouse:  Left button up, pos=(735,174)
235.0681 	EXP 	slider_2: markerPos = 3.838541666666667
235.0849 	EXP 	slider_2: markerPos = 3.838541666666667
235.0849 	EXP 	slider_2: rating = 3.838541666666667
235.0880 	EXP 	New trial (rep=0, index=13): OrderedDict([('Imagenes', 'imagenes\\Alpinito.jpg'), ('Random', 0.4515332417045813), ('Correcto', None)])
235.1538 	EXP 	image_2: autoDraw = False
235.1538 	EXP 	slider_2: autoDraw = False
235.1538 	EXP 	image_2: image = 'imagenes\\Alpinito.jpg'
235.1538 	EXP 	slider_2: markerPos = None
235.1538 	EXP 	slider_2: markerPos = None
235.1538 	EXP 	slider_2: rating = None
237.1520 	EXP 	image_2: autoDraw = True
237.1520 	EXP 	slider_2: autoDraw = True
238.2880 	DATA 	Mouse: Left button down, pos=(800,139)
238.3013 	EXP 	slider_2: markerPos = 4.26171875
238.3181 	EXP 	slider_2: markerPos = 4.26171875
238.3346 	EXP 	slider_2: markerPos = 4.26171875
238.3514 	EXP 	slider_2: markerPos = 4.26171875
238.3681 	EXP 	slider_2: markerPos = 4.26171875
238.3851 	EXP 	slider_2: markerPos = 4.26171875
238.3936 	DATA 	Mouse:  Left button up, pos=(800,139)
238.4015 	EXP 	slider_2: markerPos = 4.26171875
238.4179 	EXP 	slider_2: markerPos = 4.26171875
238.4179 	EXP 	slider_2: rating = 4.26171875
238.4218 	EXP 	New trial (rep=0, index=14): OrderedDict([('Imagenes', 'imagenes\\Galletas Tosh.jpg'), ('Random', 0.478088790487872), ('Correcto', None)])
238.4637 	EXP 	image_2: autoDraw = False
238.4637 	EXP 	slider_2: autoDraw = False
238.4637 	EXP 	image_2: image = 'imagenes\\Galletas Tosh.jpg'
238.4637 	EXP 	slider_2: markerPos = None
238.4637 	EXP 	slider_2: markerPos = None
238.4637 	EXP 	slider_2: rating = None
240.4514 	EXP 	image_2: autoDraw = True
240.4514 	EXP 	slider_2: autoDraw = True
242.1585 	DATA 	Mouse: Left button down, pos=(397,154)
242.1683 	EXP 	slider_2: markerPos = 1.6380208333333335
242.1854 	EXP 	slider_2: markerPos = 1.6380208333333335
242.2011 	EXP 	slider_2: markerPos = 1.6380208333333335
242.2177 	EXP 	slider_2: markerPos = 1.6380208333333335
242.2347 	EXP 	slider_2: markerPos = 1.6380208333333335
242.2510 	EXP 	slider_2: markerPos = 1.6380208333333335
242.2675 	EXP 	slider_2: markerPos = 1.6380208333333335
242.2845 	EXP 	slider_2: markerPos = 1.6380208333333335
242.2915 	DATA 	Mouse:  Left button up, pos=(397,154)
242.3012 	EXP 	slider_2: markerPos = 1.6380208333333335
242.3176 	EXP 	slider_2: markerPos = 1.6380208333333335
242.3176 	EXP 	slider_2: rating = 1.6380208333333335
242.3208 	EXP 	New trial (rep=0, index=15): OrderedDict([('Imagenes', 'imagenes\\Rosquitas (1).jpg'), ('Random', 0.3035383390851263), ('Correcto', None)])
242.3569 	EXP 	image_2: autoDraw = False
242.3569 	EXP 	slider_2: autoDraw = False
242.3569 	EXP 	image_2: image = 'imagenes\\Rosquitas (1).jpg'
242.3569 	EXP 	slider_2: markerPos = None
242.3569 	EXP 	slider_2: markerPos = None
242.3569 	EXP 	slider_2: rating = None
244.3512 	EXP 	image_2: autoDraw = True
244.3512 	EXP 	slider_2: autoDraw = True
245.3955 	DATA 	Mouse: Left button down, pos=(858,150)
245.4177 	EXP 	slider_2: markerPos = 4.639322916666667
245.4347 	EXP 	slider_2: markerPos = 4.645833333333333
245.4511 	EXP 	slider_2: markerPos = 4.645833333333333
245.4677 	EXP 	slider_2: markerPos = 4.645833333333333
245.4846 	EXP 	slider_2: markerPos = 4.645833333333333
245.5008 	EXP 	slider_2: markerPos = 4.645833333333333
245.5037 	DATA 	Mouse:  Left button up, pos=(859,150)
245.5174 	EXP 	slider_2: markerPos = 4.645833333333333
245.5174 	EXP 	slider_2: rating = 4.645833333333333
245.5213 	EXP 	New trial (rep=0, index=16): OrderedDict([('Imagenes', 'imagenes\\Croissant.jpg'), ('Random', 0.6152458173421255), ('Correcto', None)])
245.5558 	EXP 	image_2: autoDraw = False
245.5558 	EXP 	slider_2: autoDraw = False
245.5558 	EXP 	image_2: image = 'imagenes\\Croissant.jpg'
245.5558 	EXP 	slider_2: markerPos = None
245.5558 	EXP 	slider_2: markerPos = None
245.5558 	EXP 	slider_2: rating = None
247.5513 	EXP 	image_2: autoDraw = True
247.5513 	EXP 	slider_2: autoDraw = True
255.4037 	DATA 	Mouse: Left button down, pos=(707,152)
255.4172 	EXP 	slider_2: markerPos = 3.65625
255.4343 	EXP 	slider_2: markerPos = 3.65625
255.4505 	EXP 	slider_2: markerPos = 3.65625
255.4671 	EXP 	slider_2: markerPos = 3.65625
255.4842 	EXP 	slider_2: markerPos = 3.65625
255.5005 	EXP 	slider_2: markerPos = 3.65625
255.5173 	EXP 	slider_2: markerPos = 3.65625
255.5343 	EXP 	slider_2: markerPos = 3.65625
255.5416 	EXP 	New trial (rep=0, index=17): OrderedDict([('Imagenes', 'imagenes\\Brownie.jpg'), ('Random', 0.17000143351927688), ('Correcto', None)])
255.5859 	DATA 	Mouse:  Left button up, pos=(707,152)
255.5883 	EXP 	image_2: autoDraw = False
255.5883 	EXP 	slider_2: autoDraw = False
255.5883 	EXP 	image_2: autoDraw = False
255.5883 	EXP 	slider_2: autoDraw = False
255.5883 	EXP 	image_2: image = 'imagenes\\Brownie.jpg'
255.5883 	EXP 	slider_2: markerPos = None
255.5883 	EXP 	slider_2: markerPos = None
255.5883 	EXP 	slider_2: rating = None
257.5843 	EXP 	image_2: autoDraw = True
257.5843 	EXP 	slider_2: autoDraw = True
258.9721 	DATA 	Mouse: Left button down, pos=(696,152)
258.9838 	EXP 	slider_2: markerPos = 3.584635416666667
259.0004 	EXP 	slider_2: markerPos = 3.584635416666667
259.0171 	EXP 	slider_2: markerPos = 3.584635416666667
259.0192 	DATA 	Mouse:  Left button up, pos=(696,152)
259.0339 	EXP 	slider_2: markerPos = 3.584635416666667
259.0339 	EXP 	slider_2: rating = 3.584635416666667
259.0380 	EXP 	New trial (rep=0, index=18): OrderedDict([('Imagenes', 'imagenes\\Nutella (1).jpg'), ('Random', 0.5277483225747329), ('Correcto', None)])
259.0584 	EXP 	image_2: autoDraw = False
259.0584 	EXP 	slider_2: autoDraw = False
259.0584 	EXP 	image_2: image = 'imagenes\\Nutella (1).jpg'
259.0584 	EXP 	slider_2: markerPos = None
259.0584 	EXP 	slider_2: markerPos = None
259.0584 	EXP 	slider_2: rating = None
261.0507 	EXP 	image_2: autoDraw = True
261.0507 	EXP 	slider_2: autoDraw = True
261.0770 	DATA 	Mouse: Left button down, pos=(878,140)
261.1002 	EXP 	slider_2: markerPos = 4.76953125
261.1169 	EXP 	slider_2: markerPos = 4.76953125
261.1338 	EXP 	slider_2: markerPos = 4.76953125
261.1502 	EXP 	slider_2: markerPos = 4.76953125
261.1668 	EXP 	slider_2: markerPos = 4.76953125
261.1692 	DATA 	Mouse:  Left button up, pos=(878,140)
261.1834 	EXP 	slider_2: markerPos = 4.76953125
261.1834 	EXP 	slider_2: rating = 4.76953125
261.1870 	EXP 	New trial (rep=0, index=19): OrderedDict([('Imagenes', 'imagenes\\Chocoramo.jfif.jpg'), ('Random', 0.7789437122019539), ('Correcto', None)])
261.2340 	EXP 	image_2: autoDraw = False
261.2340 	EXP 	slider_2: autoDraw = False
261.2340 	EXP 	image_2: image = 'imagenes\\Chocoramo.jfif.jpg'
261.2340 	EXP 	slider_2: markerPos = None
261.2340 	EXP 	slider_2: markerPos = None
261.2340 	EXP 	slider_2: rating = None
263.2339 	EXP 	image_2: autoDraw = True
263.2339 	EXP 	slider_2: autoDraw = True
265.5804 	DATA 	Mouse: Left button down, pos=(1010,148)
265.6000 	EXP 	slider_2: markerPos = 5.62890625
265.6170 	EXP 	slider_2: markerPos = 5.62890625
265.6334 	EXP 	slider_2: markerPos = 5.62890625
265.6501 	EXP 	slider_2: markerPos = 5.62890625
265.6667 	EXP 	slider_2: markerPos = 5.62890625
265.6837 	EXP 	slider_2: markerPos = 5.62890625
265.6863 	DATA 	Mouse:  Left button up, pos=(1010,148)
265.6998 	EXP 	slider_2: markerPos = 5.62890625
265.6998 	EXP 	slider_2: rating = 5.62890625
265.9858 	EXP 	window1: mouseVisible = True
