1.1612 	WARNING 	We strongly recommend you activate the PTB sound engine in PsychoPy prefs as the preferred audio engine. Its timing is vastly superior. Your prefs are currently set to use ['sounddevice', 'PTB', 'pyo', 'pygame'] (in that order).
28.4067 	WARNING 	User requested fullscreen with size [1024  768], but screen is actually [1366, 768]. Using actual size
30.0541 	EXP 	Created window1 = Window(allowGUI=False, allowStencil=False, args=UNKNOWN, autoLog=True, bitsMode=UNKNOWN, blendMode='avg', bpc=(8, 8, 8), color=array([0., 0., 0.]), colorSpace='rgb', depthBits=8, fullscr=<method-wrapper '__getattribute__' of attributeSetter object at 0x000001D6DC20E6D8>, gamma=None, gammaErrorPolicy='raise', kwargs=UNKNOWN, lms=UNKNOWN, monitor=<psychopy.monitors.calibTools.Monitor object at 0x000001D6DBFAA748>, multiSample=False, name='window1', numSamples=2, pos=[0.0, 0.0], screen=0, size=array([1366,  768]), stencilBits=0, stereo=False, units='height', useFBO=True, useRetina=False, viewOri=0.0, viewPos=None, viewScale=None, waitBlanking=True, winType='pyglet')
30.0547 	EXP 	window1: mouseVisible = True
30.0548 	EXP 	window1: recordFrameIntervals = False
30.2193 	EXP 	window1: recordFrameIntervals = True
30.4029 	EXP 	window1: recordFrameIntervals = False
30.9299 	EXP 	Sound Sonido set volume 1.000
30.9519 	EXP 	Created image_2 = ImageStim(__class__=<class 'psychopy.visual.image.ImageStim'>, autoLog=True, color=array([1., 1., 1.]), colorSpace='rgb', contrast=1.0, depth=-1.0, flipHoriz=False, flipVert=False, image='sin', interpolate=True, mask=None, maskParams=None, name='image_2', opacity=1.0, ori=0.0, pos=array([0. , 0.2]), size=array([0.5, 0.5]), texRes=128, units='height', win=Window(...))
30.9925 	EXP 	window1: mouseVisible = True
31.1914 	EXP 	Created slider_2 = Slider(__class__=<class 'psychopy.visual.slider.Slider'>, autoDraw=False, autoLog=True, color='LightGray', depth=0, flip=False, font='HelveticaBold', granularity=0, labelHeight=0.05, labelWrapWidth=None, labels=('0', '1000', '2000', '3000', '4000', '5000'), name='slider_2', pos=(0, -0.3), readOnly=False, self=UNKNOWN, size=(1.0, 0.05), style=method-wrapper(...), ticks=array([1, 2, 3, 4, 5, 6]), units='height', win=Window(...))
31.2600 	EXP 	Created text = TextStim(__class__=<class 'psychopy.visual.text.TextStim'>, alignHoriz=method-wrapper(...), alignText='center', alignVert=method-wrapper(...), anchorHoriz='center', anchorVert='center', antialias=True, autoLog=True, bold=False, color='white', colorSpace='named', contrast=1.0, depth=-1.0, flipHoriz=False, flipVert=False, font='Arial', fontFiles=[], height=0.1, italic=False, languageStyle='LTR', name='text', opacity=1.0, ori=0, pos=array([0. , 0.3]), rgb=array([255., 255., 255.]), text='default text', units='height', win=Window(...), wrapWidth=1)
31.2696 	EXP 	Created text_2 = TextStim(__class__=<class 'psychopy.visual.text.TextStim'>, alignHoriz=method-wrapper(...), alignText='center', alignVert=method-wrapper(...), anchorHoriz='center', anchorVert='center', antialias=True, autoLog=True, bold=False, color='white', colorSpace='named', contrast=1.0, depth=-2.0, flipHoriz=False, flipVert=False, font='Arial', fontFiles=[], height=0.1, italic=False, languageStyle='LTR', name='text_2', opacity=1.0, ori=0, pos=array([ 0. , -0.3]), rgb=array([255., 255., 255.]), text='default text', units='height', win=Window(...), wrapWidth=1)
31.3873 	EXP 	Imported ruidos.xlsx as conditions, 4 conditions, 2 params
31.3880 	EXP 	Created sequence: random, trialTypes=4, nReps=1, seed=None
31.3886 	EXP 	New trial (rep=0, index=0): OrderedDict([('Hertz', 1000), ('volumen', 0.0)])
31.4042 	EXP 	Imported imagenes.xlsx as conditions, 20 conditions, 3 params
31.4049 	EXP 	Created sequence: random, trialTypes=20, nReps=1, seed=None
31.4055 	EXP 	New trial (rep=0, index=0): OrderedDict([('Imagenes', 'imagenes\\Leche-de-almendras.jpg'), ('Random', 0.36073876480313727), ('Correcto', None)])
31.5246 	EXP 	slider_2: autoLog = True
31.5246 	EXP 	slider_2: markerPos = None
31.5246 	EXP 	slider_2: rating = None
31.5246 	EXP 	slider_2: markerPos = None
31.5246 	EXP 	slider_2: contrast = 1.0
31.5246 	EXP 	slider_2: autoLog = True
31.5246 	EXP 	slider_2: style = ['rating']
31.5246 	EXP 	image_2: image = 'imagenes\\Leche-de-almendras.jpg'
31.5246 	EXP 	slider_2: markerPos = None
31.5246 	EXP 	slider_2: markerPos = None
31.5246 	EXP 	slider_2: rating = None
31.5246 	EXP 	image_2: autoDraw = True
31.5246 	EXP 	slider_2: autoDraw = True
32.3085 	EXP 	New trial (rep=0, index=1): OrderedDict([('Imagenes', 'imagenes\\bon-bon-bun.jpg'), ('Random', 0.7387922093313524), ('Correcto', None)])
32.4087 	EXP 	image_2: autoDraw = False
32.4087 	EXP 	slider_2: autoDraw = False
32.4087 	EXP 	image_2: image = 'imagenes\\bon-bon-bun.jpg'
32.4087 	EXP 	slider_2: markerPos = None
32.4087 	EXP 	slider_2: markerPos = None
32.4087 	EXP 	slider_2: rating = None
32.4087 	EXP 	image_2: autoDraw = True
32.4087 	EXP 	slider_2: autoDraw = True
33.3058 	EXP 	New trial (rep=0, index=2): OrderedDict([('Imagenes', 'imagenes\\Uvas.jpg'), ('Random', 0.7734382152670648), ('Correcto', None)])
33.3695 	EXP 	image_2: autoDraw = False
33.3695 	EXP 	slider_2: autoDraw = False
33.3695 	EXP 	image_2: image = 'imagenes\\Uvas.jpg'
33.3695 	EXP 	slider_2: markerPos = None
33.3695 	EXP 	slider_2: markerPos = None
33.3695 	EXP 	slider_2: rating = None
33.3695 	EXP 	image_2: autoDraw = True
33.3695 	EXP 	slider_2: autoDraw = True
34.3063 	EXP 	New trial (rep=0, index=3): OrderedDict([('Imagenes', 'imagenes\\Galletas Tosh.jpg'), ('Random', 0.478088790487872), ('Correcto', None)])
34.3893 	EXP 	image_2: autoDraw = False
34.3893 	EXP 	slider_2: autoDraw = False
34.3893 	EXP 	image_2: image = 'imagenes\\Galletas Tosh.jpg'
34.3893 	EXP 	slider_2: markerPos = None
34.3893 	EXP 	slider_2: markerPos = None
34.3893 	EXP 	slider_2: rating = None
34.3893 	EXP 	image_2: autoDraw = True
34.3893 	EXP 	slider_2: autoDraw = True
35.3061 	EXP 	New trial (rep=0, index=4): OrderedDict([('Imagenes', 'imagenes\\Galletas-festival.jpg'), ('Random', 0.36121121246191135), ('Correcto', None)])
35.3912 	EXP 	image_2: autoDraw = False
35.3912 	EXP 	slider_2: autoDraw = False
35.3912 	EXP 	image_2: image = 'imagenes\\Galletas-festival.jpg'
35.3912 	EXP 	slider_2: markerPos = None
35.3912 	EXP 	slider_2: markerPos = None
35.3912 	EXP 	slider_2: rating = None
35.3912 	EXP 	image_2: autoDraw = True
35.3912 	EXP 	slider_2: autoDraw = True
36.3062 	EXP 	New trial (rep=0, index=5): OrderedDict([('Imagenes', 'imagenes\\Mango.jpeg'), ('Random', 0.555669112372461), ('Correcto', None)])
36.3546 	EXP 	image_2: autoDraw = False
36.3546 	EXP 	slider_2: autoDraw = False
36.3546 	EXP 	image_2: image = 'imagenes\\Mango.jpeg'
36.3546 	EXP 	slider_2: markerPos = None
36.3546 	EXP 	slider_2: markerPos = None
36.3546 	EXP 	slider_2: rating = None
36.3546 	EXP 	image_2: autoDraw = True
36.3546 	EXP 	slider_2: autoDraw = True
37.3060 	EXP 	New trial (rep=0, index=6): OrderedDict([('Imagenes', 'imagenes\\Papas-limon.jpg'), ('Random', 0.020692288100133793), ('Correcto', None)])
37.3418 	EXP 	image_2: autoDraw = False
37.3418 	EXP 	slider_2: autoDraw = False
37.3418 	EXP 	image_2: image = 'imagenes\\Papas-limon.jpg'
37.3418 	EXP 	slider_2: markerPos = None
37.3418 	EXP 	slider_2: markerPos = None
37.3418 	EXP 	slider_2: rating = None
37.3418 	EXP 	image_2: autoDraw = True
37.3418 	EXP 	slider_2: autoDraw = True
38.3066 	EXP 	New trial (rep=0, index=7): OrderedDict([('Imagenes', 'imagenes\\Chocoramo.jfif.jpg'), ('Random', 0.7789437122019539), ('Correcto', None)])
38.3642 	EXP 	image_2: autoDraw = False
38.3642 	EXP 	slider_2: autoDraw = False
38.3642 	EXP 	image_2: image = 'imagenes\\Chocoramo.jfif.jpg'
38.3642 	EXP 	slider_2: markerPos = None
38.3642 	EXP 	slider_2: markerPos = None
38.3642 	EXP 	slider_2: rating = None
38.3642 	EXP 	image_2: autoDraw = True
38.3642 	EXP 	slider_2: autoDraw = True
39.3060 	EXP 	New trial (rep=0, index=8): OrderedDict([('Imagenes', 'imagenes\\Popetas.jpg'), ('Random', 0.07650200324054446), ('Correcto', None)])
39.3901 	EXP 	image_2: autoDraw = False
39.3901 	EXP 	slider_2: autoDraw = False
39.3901 	EXP 	image_2: image = 'imagenes\\Popetas.jpg'
39.3901 	EXP 	slider_2: markerPos = None
39.3901 	EXP 	slider_2: markerPos = None
39.3901 	EXP 	slider_2: rating = None
39.3901 	EXP 	image_2: autoDraw = True
39.3901 	EXP 	slider_2: autoDraw = True
40.3057 	EXP 	New trial (rep=0, index=9): OrderedDict([('Imagenes', 'imagenes\\Banano.jpeg'), ('Random', 0.651633055306917), ('Correcto', None)])
40.3490 	EXP 	image_2: autoDraw = False
40.3490 	EXP 	slider_2: autoDraw = False
40.3490 	EXP 	image_2: image = 'imagenes\\Banano.jpeg'
40.3490 	EXP 	slider_2: markerPos = None
40.3490 	EXP 	slider_2: markerPos = None
40.3490 	EXP 	slider_2: rating = None
40.3490 	EXP 	image_2: autoDraw = True
40.3490 	EXP 	slider_2: autoDraw = True
41.3056 	EXP 	New trial (rep=0, index=10): OrderedDict([('Imagenes', 'imagenes\\Papas-pollo.jpg'), ('Random', 0.6683114062971784), ('Correcto', None)])
41.3446 	EXP 	image_2: autoDraw = False
41.3446 	EXP 	slider_2: autoDraw = False
41.3446 	EXP 	image_2: image = 'imagenes\\Papas-pollo.jpg'
41.3446 	EXP 	slider_2: markerPos = None
41.3446 	EXP 	slider_2: markerPos = None
41.3446 	EXP 	slider_2: rating = None
41.3446 	EXP 	image_2: autoDraw = True
41.3446 	EXP 	slider_2: autoDraw = True
42.3057 	EXP 	New trial (rep=0, index=11): OrderedDict([('Imagenes', 'imagenes\\Nutella (1).jpg'), ('Random', 0.5277483225747329), ('Correcto', None)])
42.3408 	EXP 	image_2: autoDraw = False
42.3408 	EXP 	slider_2: autoDraw = False
42.3408 	EXP 	image_2: image = 'imagenes\\Nutella (1).jpg'
42.3408 	EXP 	slider_2: markerPos = None
42.3408 	EXP 	slider_2: markerPos = None
42.3408 	EXP 	slider_2: rating = None
42.3408 	EXP 	image_2: autoDraw = True
42.3408 	EXP 	slider_2: autoDraw = True
42.7470 	DATA 	Mouse: Left button down, pos=(689,155)
42.7682 	EXP 	slider_2: markerPos = 3.5390625
42.7848 	EXP 	slider_2: markerPos = 3.5390625
42.8018 	EXP 	slider_2: markerPos = 3.5390625
42.8096 	DATA 	Mouse:  Left button up, pos=(689,155)
42.8182 	EXP 	slider_2: markerPos = 3.5390625
42.8346 	EXP 	slider_2: markerPos = 3.5390625
42.8346 	EXP 	slider_2: rating = 3.5390625
42.8376 	EXP 	New trial (rep=0, index=12): OrderedDict([('Imagenes', 'imagenes\\Alpinito.jpg'), ('Random', 0.4515332417045813), ('Correcto', None)])
42.8800 	EXP 	image_2: autoDraw = False
42.8800 	EXP 	slider_2: autoDraw = False
42.8800 	EXP 	image_2: image = 'imagenes\\Alpinito.jpg'
42.8800 	EXP 	slider_2: markerPos = None
42.8800 	EXP 	slider_2: markerPos = None
42.8800 	EXP 	slider_2: rating = None
42.8800 	EXP 	image_2: autoDraw = True
42.8800 	EXP 	slider_2: autoDraw = True
43.0565 	DATA 	Mouse: Left button down, pos=(561,176)
43.1182 	EXP 	slider_2: markerPos = 2.69921875
43.1348 	EXP 	slider_2: markerPos = 2.69921875
43.1517 	EXP 	slider_2: markerPos = 2.666666666666667
43.1591 	DATA 	Mouse:  Left button up, pos=(546,170)
43.1683 	EXP 	slider_2: markerPos = 2.614583333333333
43.1846 	EXP 	slider_2: markerPos = 2.614583333333333
43.1846 	EXP 	slider_2: rating = 2.614583333333333
43.1876 	EXP 	New trial (rep=0, index=13): OrderedDict([('Imagenes', 'imagenes\\Croissant.jpg'), ('Random', 0.6152458173421255), ('Correcto', None)])
43.2572 	DATA 	Mouse: Left button down, pos=(531,166)
43.2640 	EXP 	image_2: autoDraw = False
43.2640 	EXP 	slider_2: autoDraw = False
43.2640 	EXP 	image_2: image = 'imagenes\\Croissant.jpg'
43.2640 	EXP 	slider_2: markerPos = None
43.2640 	EXP 	slider_2: markerPos = None
43.2640 	EXP 	slider_2: rating = None
43.2640 	EXP 	image_2: autoDraw = True
43.2640 	EXP 	slider_2: autoDraw = True
43.2640 	EXP 	slider_2: markerPos = 2.50390625
43.2717 	EXP 	slider_2: markerPos = 2.50390625
43.2801 	EXP 	slider_2: markerPos = 2.50390625
43.2887 	EXP 	slider_2: markerPos = 2.50390625
43.3016 	EXP 	slider_2: markerPos = 2.50390625
43.3033 	DATA 	Mouse:  Left button up, pos=(530,160)
43.3183 	EXP 	slider_2: markerPos = 2.50390625
43.3183 	EXP 	slider_2: rating = 2.50390625
43.3219 	EXP 	New trial (rep=0, index=14): OrderedDict([('Imagenes', 'imagenes\\Yogurt-alpina.jpg'), ('Random', 0.21540995091807813), ('Correcto', None)])
43.3431 	EXP 	image_2: autoDraw = False
43.3431 	EXP 	slider_2: autoDraw = False
43.3431 	EXP 	image_2: image = 'imagenes\\Yogurt-alpina.jpg'
43.3431 	EXP 	slider_2: markerPos = None
43.3431 	EXP 	slider_2: markerPos = None
43.3431 	EXP 	slider_2: rating = None
43.3431 	EXP 	image_2: autoDraw = True
43.3431 	EXP 	slider_2: autoDraw = True
43.4210 	DATA 	Mouse: Left button down, pos=(687,132)
43.4870 	DATA 	Mouse:  Left button up, pos=(774,123)
43.5618 	DATA 	Mouse: Left button down, pos=(837,120)
43.6206 	DATA 	Mouse:  Left button up, pos=(837,120)
43.7554 	DATA 	Mouse: Left button down, pos=(853,140)
43.7682 	EXP 	slider_2: markerPos = 4.61328125
43.7847 	EXP 	slider_2: markerPos = 4.619791666666667
43.8019 	EXP 	slider_2: markerPos = 4.645833333333333
43.8180 	EXP 	slider_2: markerPos = 4.678385416666667
43.8267 	DATA 	Mouse:  Left button up, pos=(873,146)
43.8345 	EXP 	slider_2: markerPos = 4.7109375
43.8514 	EXP 	slider_2: markerPos = 4.7109375
43.8514 	EXP 	slider_2: rating = 4.7109375
43.8546 	EXP 	New trial (rep=0, index=15): OrderedDict([('Imagenes', 'imagenes\\Manzana.jpg'), ('Random', 0.5168162194437935), ('Correcto', None)])
43.8850 	DATA 	Mouse: Left button down, pos=(886,148)
43.8909 	EXP 	image_2: autoDraw = False
43.8909 	EXP 	slider_2: autoDraw = False
43.8909 	EXP 	image_2: image = 'imagenes\\Manzana.jpg'
43.8909 	EXP 	slider_2: markerPos = None
43.8909 	EXP 	slider_2: markerPos = None
43.8909 	EXP 	slider_2: rating = None
43.8909 	EXP 	image_2: autoDraw = True
43.8909 	EXP 	slider_2: autoDraw = True
43.8909 	EXP 	slider_2: markerPos = 4.821614583333334
43.8984 	EXP 	slider_2: markerPos = 4.821614583333334
43.9056 	EXP 	slider_2: markerPos = 4.821614583333334
43.9183 	EXP 	slider_2: markerPos = 4.821614583333334
43.9348 	EXP 	slider_2: markerPos = 4.821614583333334
43.9435 	DATA 	Mouse:  Left button up, pos=(886,148)
43.9516 	EXP 	slider_2: markerPos = 4.821614583333334
43.9679 	EXP 	slider_2: markerPos = 4.821614583333334
43.9679 	EXP 	slider_2: rating = 4.821614583333334
43.9717 	EXP 	New trial (rep=0, index=16): OrderedDict([('Imagenes', 'imagenes\\Papas-naturales.jpg'), ('Random', 0.15856838916280946), ('Correcto', None)])
43.9909 	EXP 	image_2: autoDraw = False
43.9909 	EXP 	slider_2: autoDraw = False
43.9909 	EXP 	image_2: image = 'imagenes\\Papas-naturales.jpg'
43.9909 	EXP 	slider_2: markerPos = None
43.9909 	EXP 	slider_2: markerPos = None
43.9909 	EXP 	slider_2: rating = None
43.9909 	EXP 	image_2: autoDraw = True
43.9909 	EXP 	slider_2: autoDraw = True
44.1709 	DATA 	Mouse: Left button down, pos=(692,151)
44.1845 	EXP 	slider_2: markerPos = 3.55859375
44.2016 	EXP 	slider_2: markerPos = 3.552083333333333
44.2182 	EXP 	slider_2: markerPos = 3.552083333333333
44.2346 	EXP 	slider_2: markerPos = 3.552083333333333
44.2436 	DATA 	Mouse:  Left button up, pos=(680,145)
44.2513 	EXP 	slider_2: markerPos = 3.513020833333333
44.2679 	EXP 	slider_2: markerPos = 3.513020833333333
44.2679 	EXP 	slider_2: rating = 3.513020833333333
44.2711 	EXP 	New trial (rep=0, index=17): OrderedDict([('Imagenes', 'imagenes\\Rosquitas (1).jpg'), ('Random', 0.3035383390851263), ('Correcto', None)])
44.3027 	EXP 	image_2: autoDraw = False
44.3027 	EXP 	slider_2: autoDraw = False
44.3027 	EXP 	image_2: image = 'imagenes\\Rosquitas (1).jpg'
44.3027 	EXP 	slider_2: markerPos = None
44.3027 	EXP 	slider_2: markerPos = None
44.3027 	EXP 	slider_2: rating = None
44.3027 	EXP 	image_2: autoDraw = True
44.3027 	EXP 	slider_2: autoDraw = True
44.3372 	DATA 	Mouse: Left button down, pos=(617,146)
44.3516 	EXP 	slider_2: markerPos = 3.0703125
44.3682 	EXP 	slider_2: markerPos = 3.0703125
44.3845 	EXP 	slider_2: markerPos = 3.0638020833333335
44.4013 	EXP 	slider_2: markerPos = 3.0182291666666665
44.4178 	EXP 	slider_2: markerPos = 2.9075520833333335
44.4204 	DATA 	Mouse:  Left button up, pos=(580,143)
44.4344 	EXP 	slider_2: markerPos = 2.9075520833333335
44.4344 	EXP 	slider_2: rating = 2.9075520833333335
44.4382 	EXP 	New trial (rep=0, index=18): OrderedDict([('Imagenes', 'imagenes\\Kiwi.jpg'), ('Random', 0.5893907384852061), ('Correcto', None)])
44.4546 	EXP 	image_2: autoDraw = False
44.4546 	EXP 	slider_2: autoDraw = False
44.4546 	EXP 	image_2: image = 'imagenes\\Kiwi.jpg'
44.4546 	EXP 	slider_2: markerPos = None
44.4546 	EXP 	slider_2: markerPos = None
44.4546 	EXP 	slider_2: rating = None
44.4546 	EXP 	image_2: autoDraw = True
44.4546 	EXP 	slider_2: autoDraw = True
44.4906 	DATA 	Mouse: Left button down, pos=(463,148)
44.5181 	EXP 	slider_2: markerPos = 2.0611979166666665
44.5345 	EXP 	slider_2: markerPos = 2.0611979166666665
44.5516 	EXP 	slider_2: markerPos = 2.0546875
44.5681 	EXP 	slider_2: markerPos = 2.0026041666666665
44.5844 	EXP 	slider_2: markerPos = 1.8984375
44.5871 	DATA 	Mouse:  Left button up, pos=(427,148)
44.6012 	EXP 	slider_2: markerPos = 1.8984375
44.6012 	EXP 	slider_2: rating = 1.8984375
44.6050 	EXP 	New trial (rep=0, index=19): OrderedDict([('Imagenes', 'imagenes\\Brownie.jpg'), ('Random', 0.17000143351927688), ('Correcto', None)])
44.6614 	DATA 	Mouse: Left button down, pos=(375,152)
44.6666 	EXP 	image_2: autoDraw = False
44.6666 	EXP 	slider_2: autoDraw = False
44.6666 	EXP 	image_2: image = 'imagenes\\Brownie.jpg'
44.6666 	EXP 	slider_2: markerPos = None
44.6666 	EXP 	slider_2: markerPos = None
44.6666 	EXP 	slider_2: rating = None
44.6666 	EXP 	image_2: autoDraw = True
44.6666 	EXP 	slider_2: autoDraw = True
44.6666 	EXP 	slider_2: markerPos = 1.4947916666666665
44.6729 	EXP 	slider_2: markerPos = 1.4947916666666665
44.6846 	EXP 	slider_2: markerPos = 1.4947916666666665
44.7013 	EXP 	slider_2: markerPos = 1.4947916666666665
44.7183 	EXP 	slider_2: markerPos = 1.5013020833333335
44.7270 	DATA 	Mouse:  Left button up, pos=(395,152)
44.7345 	EXP 	slider_2: markerPos = 1.5533854166666665
44.7514 	EXP 	slider_2: markerPos = 1.5533854166666665
44.7514 	EXP 	slider_2: rating = 1.5533854166666665
44.7555 	EXP 	New trial (rep=0, index=1): OrderedDict([('Hertz', 1000), ('volumen', 0.02)])
44.7671 	EXP 	Imported imagenes.xlsx as conditions, 20 conditions, 3 params
44.7676 	EXP 	Created sequence: random, trialTypes=20, nReps=1, seed=None
44.7680 	EXP 	New trial (rep=0, index=0): OrderedDict([('Imagenes', 'imagenes\\Banano.jpeg'), ('Random', 0.651633055306917), ('Correcto', None)])
44.7904 	EXP 	image_2: autoDraw = False
44.7904 	EXP 	slider_2: autoDraw = False
44.7904 	EXP 	image_2: image = 'imagenes\\Banano.jpeg'
44.7904 	EXP 	slider_2: markerPos = None
44.7904 	EXP 	slider_2: markerPos = None
44.7904 	EXP 	slider_2: rating = None
44.7904 	EXP 	image_2: autoDraw = True
44.7904 	EXP 	slider_2: autoDraw = True
44.8366 	DATA 	Mouse: Left button down, pos=(647,151)
44.8515 	EXP 	slider_2: markerPos = 3.34375
44.8678 	EXP 	slider_2: markerPos = 3.4609375
44.8845 	EXP 	slider_2: markerPos = 3.532552083333333
44.9012 	EXP 	slider_2: markerPos = 3.630208333333333
44.9077 	DATA 	Mouse:  Left button up, pos=(727,142)
44.9180 	EXP 	slider_2: markerPos = 3.721354166666667
44.9347 	EXP 	slider_2: markerPos = 3.721354166666667
44.9347 	EXP 	slider_2: rating = 3.721354166666667
44.9395 	EXP 	New trial (rep=0, index=1): OrderedDict([('Imagenes', 'imagenes\\Galletas Tosh.jpg'), ('Random', 0.478088790487872), ('Correcto', None)])
44.9866 	EXP 	image_2: autoDraw = False
44.9866 	EXP 	slider_2: autoDraw = False
44.9866 	EXP 	image_2: image = 'imagenes\\Galletas Tosh.jpg'
44.9866 	EXP 	slider_2: markerPos = None
44.9866 	EXP 	slider_2: markerPos = None
44.9866 	EXP 	slider_2: rating = None
44.9866 	EXP 	image_2: autoDraw = True
44.9866 	EXP 	slider_2: autoDraw = True
45.0033 	DATA 	Mouse: Left button down, pos=(839,142)
45.0178 	EXP 	slider_2: markerPos = 4.515625
45.0346 	EXP 	slider_2: markerPos = 4.5546875
45.0514 	EXP 	slider_2: markerPos = 4.580729166666667
45.0678 	EXP 	slider_2: markerPos = 4.61328125
45.0702 	DATA 	Mouse:  Left button up, pos=(866,140)
45.0845 	EXP 	slider_2: markerPos = 4.61328125
45.0845 	EXP 	slider_2: rating = 4.61328125
45.0887 	EXP 	New trial (rep=0, index=2): OrderedDict([('Imagenes', 'imagenes\\Manzana.jpg'), ('Random', 0.5168162194437935), ('Correcto', None)])
45.1231 	EXP 	image_2: autoDraw = False
45.1231 	EXP 	slider_2: autoDraw = False
45.1231 	EXP 	image_2: image = 'imagenes\\Manzana.jpg'
45.1231 	EXP 	slider_2: markerPos = None
45.1231 	EXP 	slider_2: markerPos = None
45.1231 	EXP 	slider_2: rating = None
45.1231 	EXP 	image_2: autoDraw = True
45.1231 	EXP 	slider_2: autoDraw = True
45.1700 	DATA 	Mouse: Left button down, pos=(919,140)
45.1845 	EXP 	slider_2: markerPos = 5.036458333333334
45.2017 	EXP 	slider_2: markerPos = 5.036458333333334
45.2180 	EXP 	slider_2: markerPos = 5.036458333333334
45.2197 	DATA 	Mouse:  Left button up, pos=(919,140)
45.2345 	EXP 	slider_2: markerPos = 5.036458333333334
45.2345 	EXP 	slider_2: rating = 5.036458333333334
45.2378 	EXP 	New trial (rep=0, index=3): OrderedDict([('Imagenes', 'imagenes\\Nutella (1).jpg'), ('Random', 0.5277483225747329), ('Correcto', None)])
45.2589 	EXP 	image_2: autoDraw = False
45.2589 	EXP 	slider_2: autoDraw = False
45.2589 	EXP 	image_2: image = 'imagenes\\Nutella (1).jpg'
45.2589 	EXP 	slider_2: markerPos = None
45.2589 	EXP 	slider_2: markerPos = None
45.2589 	EXP 	slider_2: rating = None
45.2589 	EXP 	image_2: autoDraw = True
45.2589 	EXP 	slider_2: autoDraw = True
45.4330 	DATA 	Mouse: Left button down, pos=(503,163)
45.4515 	EXP 	slider_2: markerPos = 2.328125
45.4681 	EXP 	slider_2: markerPos = 2.328125
45.4846 	EXP 	slider_2: markerPos = 2.328125
45.5016 	EXP 	slider_2: markerPos = 2.328125
45.5181 	EXP 	slider_2: markerPos = 2.328125
45.5344 	EXP 	slider_2: markerPos = 2.328125
45.5370 	DATA 	Mouse:  Left button up, pos=(502,153)
45.5515 	EXP 	slider_2: markerPos = 2.328125
45.5515 	EXP 	slider_2: rating = 2.328125
45.5548 	EXP 	New trial (rep=0, index=4): OrderedDict([('Imagenes', 'imagenes\\Mango.jpeg'), ('Random', 0.555669112372461), ('Correcto', None)])
45.5966 	DATA 	Mouse: Left button down, pos=(498,153)
45.6009 	EXP 	image_2: autoDraw = False
45.6009 	EXP 	slider_2: autoDraw = False
45.6009 	EXP 	image_2: image = 'imagenes\\Mango.jpeg'
45.6009 	EXP 	slider_2: markerPos = None
45.6009 	EXP 	slider_2: markerPos = None
45.6009 	EXP 	slider_2: rating = None
45.6009 	EXP 	image_2: autoDraw = True
45.6009 	EXP 	slider_2: autoDraw = True
45.6009 	EXP 	slider_2: markerPos = 2.295572916666667
45.6063 	EXP 	slider_2: markerPos = 2.295572916666667
45.6178 	EXP 	slider_2: markerPos = 2.295572916666667
45.6344 	EXP 	slider_2: markerPos = 2.295572916666667
45.6512 	EXP 	slider_2: markerPos = 2.295572916666667
45.6680 	EXP 	slider_2: markerPos = 2.295572916666667
45.6845 	EXP 	slider_2: markerPos = 2.295572916666667
45.6866 	DATA 	Mouse:  Left button up, pos=(505,151)
45.7015 	EXP 	slider_2: markerPos = 2.295572916666667
45.7015 	EXP 	slider_2: rating = 2.295572916666667
45.7047 	EXP 	New trial (rep=0, index=5): OrderedDict([('Imagenes', 'imagenes\\Papas-limon.jpg'), ('Random', 0.020692288100133793), ('Correcto', None)])
45.7217 	EXP 	image_2: autoDraw = False
45.7217 	EXP 	slider_2: autoDraw = False
45.7217 	EXP 	image_2: image = 'imagenes\\Papas-limon.jpg'
45.7217 	EXP 	slider_2: markerPos = None
45.7217 	EXP 	slider_2: markerPos = None
45.7217 	EXP 	slider_2: rating = None
45.7217 	EXP 	image_2: autoDraw = True
45.7217 	EXP 	slider_2: autoDraw = True
45.7870 	DATA 	Mouse: Left button down, pos=(690,146)
45.8016 	EXP 	slider_2: markerPos = 3.59765625
45.8179 	EXP 	slider_2: markerPos = 3.6953125
45.8346 	EXP 	slider_2: markerPos = 3.721354166666667
45.8518 	EXP 	slider_2: markerPos = 3.734375
45.8613 	DATA 	Mouse:  Left button up, pos=(730,140)
45.8679 	EXP 	slider_2: markerPos = 3.7734375
45.8845 	EXP 	slider_2: markerPos = 3.7734375
45.8845 	EXP 	slider_2: rating = 3.7734375
45.8876 	EXP 	New trial (rep=0, index=6): OrderedDict([('Imagenes', 'imagenes\\Uvas.jpg'), ('Random', 0.7734382152670648), ('Correcto', None)])
45.9203 	EXP 	image_2: autoDraw = False
45.9203 	EXP 	slider_2: autoDraw = False
45.9203 	EXP 	image_2: image = 'imagenes\\Uvas.jpg'
45.9203 	EXP 	slider_2: markerPos = None
45.9203 	EXP 	slider_2: markerPos = None
45.9203 	EXP 	slider_2: rating = None
45.9203 	EXP 	image_2: autoDraw = True
45.9203 	EXP 	slider_2: autoDraw = True
45.9533 	DATA 	Mouse: Left button down, pos=(813,149)
45.9680 	EXP 	slider_2: markerPos = 4.346354166666667
45.9845 	EXP 	slider_2: markerPos = 4.346354166666667
46.0015 	EXP 	slider_2: markerPos = 4.346354166666667
46.0178 	EXP 	slider_2: markerPos = 4.346354166666667
46.0345 	EXP 	slider_2: markerPos = 4.346354166666667
46.0365 	DATA 	Mouse:  Left button up, pos=(813,149)
46.0515 	EXP 	slider_2: markerPos = 4.346354166666667
46.0515 	EXP 	slider_2: rating = 4.346354166666667
46.0546 	EXP 	New trial (rep=0, index=7): OrderedDict([('Imagenes', 'imagenes\\Galletas-festival.jpg'), ('Random', 0.36121121246191135), ('Correcto', None)])
46.0950 	EXP 	image_2: autoDraw = False
46.0950 	EXP 	slider_2: autoDraw = False
46.0950 	EXP 	image_2: image = 'imagenes\\Galletas-festival.jpg'
46.0950 	EXP 	slider_2: markerPos = None
46.0950 	EXP 	slider_2: markerPos = None
46.0950 	EXP 	slider_2: rating = None
46.0950 	EXP 	image_2: autoDraw = True
46.0950 	EXP 	slider_2: autoDraw = True
46.1211 	DATA 	Mouse: Left button down, pos=(760,149)
46.1345 	EXP 	slider_2: markerPos = 3.936197916666667
46.1514 	EXP 	slider_2: markerPos = 3.766927083333333
46.1678 	EXP 	slider_2: markerPos = 3.630208333333333
46.1845 	EXP 	slider_2: markerPos = 3.526041666666667
46.1915 	DATA 	Mouse:  Left button up, pos=(660,149)
46.2013 	EXP 	slider_2: markerPos = 3.4153645833333335
46.2181 	EXP 	slider_2: markerPos = 3.4153645833333335
46.2181 	EXP 	slider_2: rating = 3.4153645833333335
46.2221 	EXP 	New trial (rep=0, index=8): OrderedDict([('Imagenes', 'imagenes\\Papas-naturales.jpg'), ('Random', 0.15856838916280946), ('Correcto', None)])
46.2411 	EXP 	image_2: autoDraw = False
46.2411 	EXP 	slider_2: autoDraw = False
46.2411 	EXP 	image_2: image = 'imagenes\\Papas-naturales.jpg'
46.2411 	EXP 	slider_2: markerPos = None
46.2411 	EXP 	slider_2: markerPos = None
46.2411 	EXP 	slider_2: rating = None
46.2411 	EXP 	image_2: autoDraw = True
46.2411 	EXP 	slider_2: autoDraw = True
46.2730 	DATA 	Mouse: Left button down, pos=(623,149)
46.2844 	EXP 	slider_2: markerPos = 3.109375
46.3015 	EXP 	slider_2: markerPos = 3.1028645833333335
46.3179 	EXP 	slider_2: markerPos = 3.1028645833333335
46.3345 	EXP 	slider_2: markerPos = 3.1028645833333335
46.3513 	EXP 	slider_2: markerPos = 3.0963541666666665
46.3532 	DATA 	Mouse:  Left button up, pos=(621,148)
46.3677 	EXP 	slider_2: markerPos = 3.0963541666666665
46.3677 	EXP 	slider_2: rating = 3.0963541666666665
46.3715 	EXP 	New trial (rep=0, index=9): OrderedDict([('Imagenes', 'imagenes\\Popetas.jpg'), ('Random', 0.07650200324054446), ('Correcto', None)])
46.4232 	EXP 	image_2: autoDraw = False
46.4232 	EXP 	slider_2: autoDraw = False
46.4232 	EXP 	image_2: image = 'imagenes\\Popetas.jpg'
46.4232 	EXP 	slider_2: markerPos = None
46.4232 	EXP 	slider_2: markerPos = None
46.4232 	EXP 	slider_2: rating = None
46.4232 	EXP 	image_2: autoDraw = True
46.4232 	EXP 	slider_2: autoDraw = True
46.4537 	DATA 	Mouse: Left button down, pos=(686,137)
46.4679 	EXP 	slider_2: markerPos = 3.571614583333333
46.4846 	EXP 	slider_2: markerPos = 3.682291666666667
46.5015 	EXP 	slider_2: markerPos = 3.779947916666667
46.5179 	EXP 	slider_2: markerPos = 3.890625
46.5206 	DATA 	Mouse:  Left button up, pos=(762,134)
46.5346 	EXP 	slider_2: markerPos = 3.890625
46.5346 	EXP 	slider_2: rating = 3.890625
46.5376 	EXP 	New trial (rep=0, index=10): OrderedDict([('Imagenes', 'imagenes\\bon-bon-bun.jpg'), ('Random', 0.7387922093313524), ('Correcto', None)])
46.5962 	EXP 	image_2: autoDraw = False
46.5962 	EXP 	slider_2: autoDraw = False
46.5962 	EXP 	image_2: image = 'imagenes\\bon-bon-bun.jpg'
46.5962 	EXP 	slider_2: markerPos = None
46.5962 	EXP 	slider_2: markerPos = None
46.5962 	EXP 	slider_2: rating = None
46.5962 	EXP 	image_2: autoDraw = True
46.5962 	EXP 	slider_2: autoDraw = True
46.6014 	DATA 	Mouse: Left button down, pos=(837,137)
46.6103 	EXP 	slider_2: markerPos = 4.502604166666667
46.6178 	EXP 	slider_2: markerPos = 4.509114583333333
46.6344 	EXP 	slider_2: markerPos = 4.509114583333333
46.6515 	EXP 	slider_2: markerPos = 4.509114583333333
46.6679 	EXP 	slider_2: markerPos = 4.509114583333333
46.6745 	DATA 	Mouse:  Left button up, pos=(847,137)
46.6844 	EXP 	slider_2: markerPos = 4.528645833333333
46.7015 	EXP 	slider_2: markerPos = 4.528645833333333
46.7015 	EXP 	slider_2: rating = 4.528645833333333
46.7045 	EXP 	New trial (rep=0, index=11): OrderedDict([('Imagenes', 'imagenes\\Chocoramo.jfif.jpg'), ('Random', 0.7789437122019539), ('Correcto', None)])
46.7389 	EXP 	image_2: autoDraw = False
46.7389 	EXP 	slider_2: autoDraw = False
46.7389 	EXP 	image_2: image = 'imagenes\\Chocoramo.jfif.jpg'
46.7389 	EXP 	slider_2: markerPos = None
46.7389 	EXP 	slider_2: markerPos = None
46.7389 	EXP 	slider_2: rating = None
46.7389 	EXP 	image_2: autoDraw = True
46.7389 	EXP 	slider_2: autoDraw = True
46.7870 	DATA 	Mouse: Left button down, pos=(915,144)
46.8017 	EXP 	slider_2: markerPos = 5.010416666666666
46.8179 	EXP 	slider_2: markerPos = 5.010416666666666
46.8346 	EXP 	slider_2: markerPos = 5.010416666666666
46.8516 	EXP 	slider_2: markerPos = 5.010416666666666
46.8681 	EXP 	slider_2: markerPos = 5.010416666666666
46.8707 	DATA 	Mouse:  Left button up, pos=(915,144)
46.8844 	EXP 	slider_2: markerPos = 5.010416666666666
46.8844 	EXP 	slider_2: rating = 5.010416666666666
46.8875 	EXP 	New trial (rep=0, index=12): OrderedDict([('Imagenes', 'imagenes\\Yogurt-alpina.jpg'), ('Random', 0.21540995091807813), ('Correcto', None)])
46.9090 	EXP 	image_2: autoDraw = False
46.9090 	EXP 	slider_2: autoDraw = False
46.9090 	EXP 	image_2: image = 'imagenes\\Yogurt-alpina.jpg'
46.9090 	EXP 	slider_2: markerPos = None
46.9090 	EXP 	slider_2: markerPos = None
46.9090 	EXP 	slider_2: rating = None
46.9090 	EXP 	image_2: autoDraw = True
46.9090 	EXP 	slider_2: autoDraw = True
46.9537 	DATA 	Mouse: Left button down, pos=(916,146)
46.9681 	EXP 	slider_2: markerPos = 5.016927083333334
46.9844 	EXP 	slider_2: markerPos = 5.016927083333334
47.0015 	EXP 	slider_2: markerPos = 5.016927083333334
47.0176 	EXP 	slider_2: markerPos = 5.010416666666666
47.0345 	EXP 	slider_2: markerPos = 4.977864583333334
47.0369 	DATA 	Mouse:  Left button up, pos=(896,146)
47.0515 	EXP 	slider_2: markerPos = 4.977864583333334
47.0515 	EXP 	slider_2: rating = 4.977864583333334
47.0558 	EXP 	New trial (rep=0, index=13): OrderedDict([('Imagenes', 'imagenes\\Rosquitas (1).jpg'), ('Random', 0.3035383390851263), ('Correcto', None)])
47.0881 	EXP 	image_2: autoDraw = False
47.0881 	EXP 	slider_2: autoDraw = False
47.0881 	EXP 	image_2: image = 'imagenes\\Rosquitas (1).jpg'
47.0881 	EXP 	slider_2: markerPos = None
47.0881 	EXP 	slider_2: markerPos = None
47.0881 	EXP 	slider_2: rating = None
47.0881 	EXP 	image_2: autoDraw = True
47.0881 	EXP 	slider_2: autoDraw = True
47.1201 	DATA 	Mouse: Left button down, pos=(739,150)
47.1344 	EXP 	slider_2: markerPos = 3.864583333333333
47.1514 	EXP 	slider_2: markerPos = 3.799479166666667
47.1680 	EXP 	slider_2: markerPos = 3.766927083333333
47.1845 	EXP 	slider_2: markerPos = 3.708333333333333
47.2016 	EXP 	slider_2: markerPos = 3.591145833333333
47.2045 	DATA 	Mouse:  Left button up, pos=(670,145)
47.2180 	EXP 	slider_2: markerPos = 3.591145833333333
47.2180 	EXP 	slider_2: rating = 3.591145833333333
47.2211 	EXP 	New trial (rep=0, index=14): OrderedDict([('Imagenes', 'imagenes\\Kiwi.jpg'), ('Random', 0.5893907384852061), ('Correcto', None)])
47.2356 	EXP 	image_2: autoDraw = False
47.2356 	EXP 	slider_2: autoDraw = False
47.2356 	EXP 	image_2: image = 'imagenes\\Kiwi.jpg'
47.2356 	EXP 	slider_2: markerPos = None
47.2356 	EXP 	slider_2: markerPos = None
47.2356 	EXP 	slider_2: rating = None
47.2356 	EXP 	image_2: autoDraw = True
47.2356 	EXP 	slider_2: autoDraw = True
47.2788 	DATA 	Mouse: Left button down, pos=(566,149)
47.3013 	EXP 	slider_2: markerPos = 2.71875
47.3180 	EXP 	slider_2: markerPos = 2.712239583333333
47.3346 	EXP 	slider_2: markerPos = 2.712239583333333
47.3512 	EXP 	slider_2: markerPos = 2.705729166666667
47.3612 	DATA 	Mouse:  Left button up, pos=(548,149)
47.3678 	EXP 	slider_2: markerPos = 2.6796875
47.3844 	EXP 	slider_2: markerPos = 2.6796875
47.3844 	EXP 	slider_2: rating = 2.6796875
47.3878 	EXP 	New trial (rep=0, index=15): OrderedDict([('Imagenes', 'imagenes\\Brownie.jpg'), ('Random', 0.17000143351927688), ('Correcto', None)])
47.4310 	EXP 	image_2: autoDraw = False
47.4310 	EXP 	slider_2: autoDraw = False
47.4310 	EXP 	image_2: image = 'imagenes\\Brownie.jpg'
47.4310 	EXP 	slider_2: markerPos = None
47.4310 	EXP 	slider_2: markerPos = None
47.4310 	EXP 	slider_2: rating = None
47.4310 	EXP 	image_2: autoDraw = True
47.4310 	EXP 	slider_2: autoDraw = True
47.4586 	DATA 	Mouse: Left button down, pos=(487,149)
47.4845 	EXP 	slider_2: markerPos = 2.2239583333333335
47.5015 	EXP 	slider_2: markerPos = 2.2239583333333335
47.5181 	EXP 	slider_2: markerPos = 2.2239583333333335
47.5345 	EXP 	slider_2: markerPos = 2.2239583333333335
47.5365 	DATA 	Mouse:  Left button up, pos=(487,149)
47.5516 	EXP 	slider_2: markerPos = 2.2239583333333335
47.5516 	EXP 	slider_2: rating = 2.2239583333333335
47.5556 	EXP 	New trial (rep=0, index=16): OrderedDict([('Imagenes', 'imagenes\\Croissant.jpg'), ('Random', 0.6152458173421255), ('Correcto', None)])
47.5940 	EXP 	image_2: autoDraw = False
47.5940 	EXP 	slider_2: autoDraw = False
47.5940 	EXP 	image_2: image = 'imagenes\\Croissant.jpg'
47.5940 	EXP 	slider_2: markerPos = None
47.5940 	EXP 	slider_2: markerPos = None
47.5940 	EXP 	slider_2: rating = None
47.5940 	EXP 	image_2: autoDraw = True
47.5940 	EXP 	slider_2: autoDraw = True
47.6226 	DATA 	Mouse: Left button down, pos=(593,154)
47.6512 	EXP 	slider_2: markerPos = 3.03125
47.6679 	EXP 	slider_2: markerPos = 3.109375
47.6844 	EXP 	slider_2: markerPos = 3.1940104166666665
47.7015 	EXP 	slider_2: markerPos = 3.2721354166666665
47.7179 	EXP 	slider_2: markerPos = 3.3697916666666665
47.7208 	DATA 	Mouse:  Left button up, pos=(671,153)
47.7344 	EXP 	slider_2: markerPos = 3.3697916666666665
47.7344 	EXP 	slider_2: rating = 3.3697916666666665
47.7376 	EXP 	New trial (rep=0, index=17): OrderedDict([('Imagenes', 'imagenes\\Leche-de-almendras.jpg'), ('Random', 0.36073876480313727), ('Correcto', None)])
47.8508 	DATA 	Mouse: Left button down, pos=(793,159)
47.8587 	EXP 	image_2: autoDraw = False
47.8587 	EXP 	slider_2: autoDraw = False
47.8587 	EXP 	image_2: image = 'imagenes\\Leche-de-almendras.jpg'
47.8587 	EXP 	slider_2: markerPos = None
47.8587 	EXP 	slider_2: markerPos = None
47.8587 	EXP 	slider_2: rating = None
47.8587 	EXP 	image_2: autoDraw = True
47.8587 	EXP 	slider_2: autoDraw = True
47.8587 	EXP 	slider_2: markerPos = 4.391927083333333
47.8667 	EXP 	slider_2: markerPos = 4.411458333333333
47.8750 	EXP 	slider_2: markerPos = 4.4375
47.8809 	DATA 	Mouse:  Left button up, pos=(839,152)
47.8846 	EXP 	slider_2: markerPos = 4.4765625
47.9017 	EXP 	slider_2: markerPos = 4.4765625
47.9017 	EXP 	slider_2: rating = 4.4765625
47.9056 	EXP 	New trial (rep=0, index=18): OrderedDict([('Imagenes', 'imagenes\\Papas-pollo.jpg'), ('Random', 0.6683114062971784), ('Correcto', None)])
47.9244 	EXP 	image_2: autoDraw = False
47.9244 	EXP 	slider_2: autoDraw = False
47.9244 	EXP 	image_2: image = 'imagenes\\Papas-pollo.jpg'
47.9244 	EXP 	slider_2: markerPos = None
47.9244 	EXP 	slider_2: markerPos = None
47.9244 	EXP 	slider_2: rating = None
47.9244 	EXP 	image_2: autoDraw = True
47.9244 	EXP 	slider_2: autoDraw = True
47.9546 	DATA 	Mouse: Left button down, pos=(892,152)
47.9680 	EXP 	slider_2: markerPos = 4.860677083333334
47.9844 	EXP 	slider_2: markerPos = 4.860677083333334
48.0016 	EXP 	slider_2: markerPos = 4.860677083333334
48.0180 	EXP 	slider_2: markerPos = 4.860677083333334
48.0344 	EXP 	slider_2: markerPos = 4.841145833333334
48.0516 	EXP 	slider_2: markerPos = 4.802083333333334
48.0626 	DATA 	Mouse:  Left button up, pos=(855,152)
48.0680 	EXP 	slider_2: markerPos = 4.736979166666667
48.0842 	EXP 	slider_2: markerPos = 4.736979166666667
48.0842 	EXP 	slider_2: rating = 4.736979166666667
48.0876 	EXP 	New trial (rep=0, index=19): OrderedDict([('Imagenes', 'imagenes\\Alpinito.jpg'), ('Random', 0.4515332417045813), ('Correcto', None)])
48.1318 	EXP 	image_2: autoDraw = False
48.1318 	EXP 	slider_2: autoDraw = False
48.1318 	EXP 	image_2: image = 'imagenes\\Alpinito.jpg'
48.1318 	EXP 	slider_2: markerPos = None
48.1318 	EXP 	slider_2: markerPos = None
48.1318 	EXP 	slider_2: rating = None
48.1318 	EXP 	image_2: autoDraw = True
48.1318 	EXP 	slider_2: autoDraw = True
48.1426 	DATA 	Mouse: Left button down, pos=(721,149)
48.1481 	EXP 	slider_2: markerPos = 3.747395833333333
48.1560 	EXP 	slider_2: markerPos = 3.727864583333333
48.1677 	EXP 	slider_2: markerPos = 3.708333333333333
48.1844 	EXP 	slider_2: markerPos = 3.708333333333333
48.2015 	EXP 	slider_2: markerPos = 3.701822916666667
48.2179 	EXP 	slider_2: markerPos = 3.688802083333333
48.2344 	EXP 	slider_2: markerPos = 3.591145833333333
48.2366 	DATA 	Mouse:  Left button up, pos=(686,146)
48.2514 	EXP 	slider_2: markerPos = 3.591145833333333
48.2514 	EXP 	slider_2: rating = 3.591145833333333
48.2554 	EXP 	New trial (rep=0, index=2): OrderedDict([('Hertz', 400), ('volumen', 0.02)])
48.2672 	EXP 	Imported imagenes.xlsx as conditions, 20 conditions, 3 params
48.2677 	EXP 	Created sequence: random, trialTypes=20, nReps=1, seed=None
48.2681 	EXP 	New trial (rep=0, index=0): OrderedDict([('Imagenes', 'imagenes\\Popetas.jpg'), ('Random', 0.07650200324054446), ('Correcto', None)])
48.3142 	EXP 	image_2: autoDraw = False
48.3142 	EXP 	slider_2: autoDraw = False
48.3142 	EXP 	image_2: image = 'imagenes\\Popetas.jpg'
48.3142 	EXP 	slider_2: markerPos = None
48.3142 	EXP 	slider_2: markerPos = None
48.3142 	EXP 	slider_2: rating = None
48.3142 	EXP 	image_2: autoDraw = True
48.3142 	EXP 	slider_2: autoDraw = True
48.3240 	DATA 	Mouse: Left button down, pos=(542,148)
48.3294 	EXP 	slider_2: markerPos = 2.58203125
48.3370 	EXP 	slider_2: markerPos = 2.58203125
48.3515 	EXP 	slider_2: markerPos = 2.58203125
48.3679 	EXP 	slider_2: markerPos = 2.58203125
48.3846 	EXP 	slider_2: markerPos = 2.58203125
48.3938 	DATA 	Mouse:  Left button up, pos=(541,148)
48.4013 	EXP 	slider_2: markerPos = 2.58203125
48.4179 	EXP 	slider_2: markerPos = 2.58203125
48.4179 	EXP 	slider_2: rating = 2.58203125
48.4224 	EXP 	New trial (rep=0, index=1): OrderedDict([('Imagenes', 'imagenes\\Leche-de-almendras.jpg'), ('Random', 0.36073876480313727), ('Correcto', None)])
48.4918 	EXP 	image_2: autoDraw = False
48.4918 	EXP 	slider_2: autoDraw = False
48.4918 	EXP 	image_2: image = 'imagenes\\Leche-de-almendras.jpg'
48.4918 	EXP 	slider_2: markerPos = None
48.4918 	EXP 	slider_2: markerPos = None
48.4918 	EXP 	slider_2: rating = None
48.4918 	EXP 	image_2: autoDraw = True
48.4918 	EXP 	slider_2: autoDraw = True
48.4995 	DATA 	Mouse: Left button down, pos=(504,150)
48.5091 	EXP 	slider_2: markerPos = 2.334635416666667
48.5178 	EXP 	slider_2: markerPos = 2.334635416666667
48.5346 	EXP 	slider_2: markerPos = 2.334635416666667
48.5517 	EXP 	slider_2: markerPos = 2.334635416666667
48.5681 	EXP 	slider_2: markerPos = 2.334635416666667
48.5707 	DATA 	Mouse:  Left button up, pos=(504,150)
48.5845 	EXP 	slider_2: markerPos = 2.334635416666667
48.5845 	EXP 	slider_2: rating = 2.334635416666667
48.5880 	EXP 	New trial (rep=0, index=2): OrderedDict([('Imagenes', 'imagenes\\Papas-limon.jpg'), ('Random', 0.020692288100133793), ('Correcto', None)])
48.6066 	EXP 	image_2: autoDraw = False
48.6066 	EXP 	slider_2: autoDraw = False
48.6066 	EXP 	image_2: image = 'imagenes\\Papas-limon.jpg'
48.6066 	EXP 	slider_2: markerPos = None
48.6066 	EXP 	slider_2: markerPos = None
48.6066 	EXP 	slider_2: rating = None
48.6066 	EXP 	image_2: autoDraw = True
48.6066 	EXP 	slider_2: autoDraw = True
48.6707 	DATA 	Mouse: Left button down, pos=(525,151)
48.6844 	EXP 	slider_2: markerPos = 2.471354166666667
48.7010 	EXP 	slider_2: markerPos = 2.640625
48.7178 	EXP 	slider_2: markerPos = 2.8359375
48.7343 	EXP 	slider_2: markerPos = 3.05078125
48.7406 	DATA 	Mouse:  Left button up, pos=(673,151)
48.7511 	EXP 	slider_2: markerPos = 3.28515625
48.7679 	EXP 	slider_2: markerPos = 3.28515625
48.7679 	EXP 	slider_2: rating = 3.28515625
48.7740 	EXP 	New trial (rep=0, index=3): OrderedDict([('Imagenes', 'imagenes\\Galletas Tosh.jpg'), ('Random', 0.478088790487872), ('Correcto', None)])
48.8264 	DATA 	Mouse: Left button down, pos=(774,148)
48.8330 	EXP 	image_2: autoDraw = False
48.8330 	EXP 	slider_2: autoDraw = False
48.8330 	EXP 	image_2: image = 'imagenes\\Galletas Tosh.jpg'
48.8330 	EXP 	slider_2: markerPos = None
48.8330 	EXP 	slider_2: markerPos = None
48.8330 	EXP 	slider_2: rating = None
48.8330 	EXP 	image_2: autoDraw = True
48.8330 	EXP 	slider_2: autoDraw = True
48.8330 	EXP 	slider_2: markerPos = 4.118489583333333
48.8388 	EXP 	slider_2: markerPos = 4.118489583333333
48.8510 	EXP 	slider_2: markerPos = 4.118489583333333
48.8678 	EXP 	slider_2: markerPos = 4.138020833333333
48.8843 	EXP 	slider_2: markerPos = 4.157552083333333
48.9008 	EXP 	slider_2: markerPos = 4.2421875
48.9179 	EXP 	slider_2: markerPos = 4.359375
48.9205 	DATA 	Mouse:  Left button up, pos=(838,138)
48.9343 	EXP 	slider_2: markerPos = 4.359375
48.9343 	EXP 	slider_2: rating = 4.359375
48.9375 	EXP 	New trial (rep=0, index=4): OrderedDict([('Imagenes', 'imagenes\\bon-bon-bun.jpg'), ('Random', 0.7387922093313524), ('Correcto', None)])
48.9704 	EXP 	image_2: autoDraw = False
48.9704 	EXP 	slider_2: autoDraw = False
48.9704 	EXP 	image_2: image = 'imagenes\\bon-bon-bun.jpg'
48.9704 	EXP 	slider_2: markerPos = None
48.9704 	EXP 	slider_2: markerPos = None
48.9704 	EXP 	slider_2: rating = None
48.9704 	EXP 	image_2: autoDraw = True
48.9704 	EXP 	slider_2: autoDraw = True
48.9870 	DATA 	Mouse: Left button down, pos=(933,138)
49.0013 	EXP 	slider_2: markerPos = 5.127604166666666
49.0177 	EXP 	slider_2: markerPos = 5.140625
49.0343 	EXP 	slider_2: markerPos = 5.140625
49.0510 	EXP 	slider_2: markerPos = 5.140625
49.0677 	EXP 	slider_2: markerPos = 5.153645833333334
49.0843 	EXP 	slider_2: markerPos = 5.192708333333334
49.0867 	DATA 	Mouse:  Left button up, pos=(949,138)
49.1012 	EXP 	slider_2: markerPos = 5.192708333333334
49.1012 	EXP 	slider_2: rating = 5.192708333333334
49.1051 	EXP 	New trial (rep=0, index=5): OrderedDict([('Imagenes', 'imagenes\\Alpinito.jpg'), ('Random', 0.4515332417045813), ('Correcto', None)])
49.1466 	EXP 	image_2: autoDraw = False
49.1466 	EXP 	slider_2: autoDraw = False
49.1466 	EXP 	image_2: image = 'imagenes\\Alpinito.jpg'
49.1466 	EXP 	slider_2: markerPos = None
49.1466 	EXP 	slider_2: markerPos = None
49.1466 	EXP 	slider_2: rating = None
49.1466 	EXP 	image_2: autoDraw = True
49.1466 	EXP 	slider_2: autoDraw = True
49.1606 	DATA 	Mouse: Left button down, pos=(978,141)
49.1676 	EXP 	slider_2: markerPos = 5.420572916666666
49.1845 	EXP 	slider_2: markerPos = 5.420572916666666
49.2014 	EXP 	slider_2: markerPos = 5.420572916666666
49.2180 	EXP 	slider_2: markerPos = 5.420572916666666
49.2344 	EXP 	slider_2: markerPos = 5.420572916666666
49.2512 	EXP 	slider_2: markerPos = 5.420572916666666
49.2679 	EXP 	slider_2: markerPos = 5.375
49.2703 	DATA 	Mouse:  Left button up, pos=(971,143)
49.2844 	EXP 	slider_2: markerPos = 5.375
49.2844 	EXP 	slider_2: rating = 5.375
49.2877 	EXP 	New trial (rep=0, index=6): OrderedDict([('Imagenes', 'imagenes\\Croissant.jpg'), ('Random', 0.6152458173421255), ('Correcto', None)])
49.3266 	EXP 	image_2: autoDraw = False
49.3266 	EXP 	slider_2: autoDraw = False
49.3266 	EXP 	image_2: image = 'imagenes\\Croissant.jpg'
49.3266 	EXP 	slider_2: markerPos = None
49.3266 	EXP 	slider_2: markerPos = None
49.3266 	EXP 	slider_2: rating = None
49.3266 	EXP 	image_2: autoDraw = True
49.3266 	EXP 	slider_2: autoDraw = True
49.3543 	DATA 	Mouse: Left button down, pos=(809,146)
49.3678 	EXP 	slider_2: markerPos = 4.255208333333333
49.3843 	EXP 	slider_2: markerPos = 4.18359375
49.4015 	EXP 	slider_2: markerPos = 4.125
49.4180 	EXP 	slider_2: markerPos = 4.053385416666667
49.4277 	DATA 	Mouse:  Left button up, pos=(740,146)
49.4344 	EXP 	slider_2: markerPos = 3.955729166666667
49.4514 	EXP 	slider_2: markerPos = 3.955729166666667
49.4514 	EXP 	slider_2: rating = 3.955729166666667
49.4555 	EXP 	New trial (rep=0, index=7): OrderedDict([('Imagenes', 'imagenes\\Manzana.jpg'), ('Random', 0.5168162194437935), ('Correcto', None)])
49.4896 	EXP 	image_2: autoDraw = False
49.4896 	EXP 	slider_2: autoDraw = False
49.4896 	EXP 	image_2: image = 'imagenes\\Manzana.jpg'
49.4896 	EXP 	slider_2: markerPos = None
49.4896 	EXP 	slider_2: markerPos = None
49.4896 	EXP 	slider_2: rating = None
49.4896 	EXP 	image_2: autoDraw = True
49.4896 	EXP 	slider_2: autoDraw = True
49.5197 	DATA 	Mouse: Left button down, pos=(624,146)
49.5343 	EXP 	slider_2: markerPos = 3.1158854166666665
49.5515 	EXP 	slider_2: markerPos = 3.0768229166666665
49.5679 	EXP 	slider_2: markerPos = 3.05078125
49.5848 	EXP 	slider_2: markerPos = 3.0052083333333335
49.6035 	EXP 	slider_2: markerPos = 2.9140625
49.6102 	DATA 	Mouse:  Left button up, pos=(564,144)
49.6175 	EXP 	slider_2: markerPos = 2.803385416666667
49.6343 	EXP 	slider_2: markerPos = 2.803385416666667
49.6343 	EXP 	slider_2: rating = 2.803385416666667
49.6382 	EXP 	New trial (rep=0, index=8): OrderedDict([('Imagenes', 'imagenes\\Brownie.jpg'), ('Random', 0.17000143351927688), ('Correcto', None)])
49.6729 	DATA 	Mouse: Left button down, pos=(508,144)
49.6780 	EXP 	image_2: autoDraw = False
49.6780 	EXP 	slider_2: autoDraw = False
49.6780 	EXP 	image_2: image = 'imagenes\\Brownie.jpg'
49.6780 	EXP 	slider_2: markerPos = None
49.6780 	EXP 	slider_2: markerPos = None
49.6780 	EXP 	slider_2: rating = None
49.6780 	EXP 	image_2: autoDraw = True
49.6780 	EXP 	slider_2: autoDraw = True
49.6780 	EXP 	slider_2: markerPos = 2.360677083333333
49.6847 	EXP 	slider_2: markerPos = 2.34765625
49.6903 	EXP 	slider_2: markerPos = 2.341145833333333
49.7012 	EXP 	slider_2: markerPos = 2.341145833333333
49.7178 	EXP 	slider_2: markerPos = 2.334635416666667
49.7345 	EXP 	slider_2: markerPos = 2.315104166666667
49.7512 	EXP 	slider_2: markerPos = 2.30859375
49.7678 	EXP 	slider_2: markerPos = 2.26953125
49.7845 	EXP 	slider_2: markerPos = 2.1783854166666665
49.7916 	DATA 	Mouse:  Left button up, pos=(467,144)
49.8014 	EXP 	slider_2: markerPos = 2.1197916666666665
49.8179 	EXP 	slider_2: markerPos = 2.1197916666666665
49.8179 	EXP 	slider_2: rating = 2.1197916666666665
49.8217 	EXP 	New trial (rep=0, index=9): OrderedDict([('Imagenes', 'imagenes\\Papas-naturales.jpg'), ('Random', 0.15856838916280946), ('Correcto', None)])
49.8399 	DATA 	Mouse: Left button down, pos=(460,144)
49.8418 	EXP 	image_2: autoDraw = False
49.8418 	EXP 	slider_2: autoDraw = False
49.8418 	EXP 	image_2: image = 'imagenes\\Papas-naturales.jpg'
49.8418 	EXP 	slider_2: markerPos = None
49.8418 	EXP 	slider_2: markerPos = None
49.8418 	EXP 	slider_2: rating = None
49.8418 	EXP 	image_2: autoDraw = True
49.8418 	EXP 	slider_2: autoDraw = True
49.8510 	EXP 	slider_2: markerPos = 2.0481770833333335
49.8678 	EXP 	slider_2: markerPos = 2.0481770833333335
49.8845 	EXP 	slider_2: markerPos = 2.0481770833333335
49.9012 	EXP 	slider_2: markerPos = 2.0481770833333335
49.9178 	EXP 	slider_2: markerPos = 2.0481770833333335
49.9342 	EXP 	slider_2: markerPos = 2.0611979166666665
49.9360 	DATA 	Mouse:  Left button up, pos=(479,144)
49.9513 	EXP 	slider_2: markerPos = 2.0611979166666665
49.9513 	EXP 	slider_2: rating = 2.0611979166666665
49.9545 	EXP 	New trial (rep=0, index=10): OrderedDict([('Imagenes', 'imagenes\\Papas-pollo.jpg'), ('Random', 0.6683114062971784), ('Correcto', None)])
49.9720 	EXP 	image_2: autoDraw = False
49.9720 	EXP 	slider_2: autoDraw = False
49.9720 	EXP 	image_2: image = 'imagenes\\Papas-pollo.jpg'
49.9720 	EXP 	slider_2: markerPos = None
49.9720 	EXP 	slider_2: markerPos = None
49.9720 	EXP 	slider_2: rating = None
49.9720 	EXP 	image_2: autoDraw = True
49.9720 	EXP 	slider_2: autoDraw = True
50.0209 	DATA 	Mouse: Left button down, pos=(659,151)
50.0343 	EXP 	slider_2: markerPos = 3.4088541666666665
50.0509 	EXP 	slider_2: markerPos = 3.513020833333333
50.0678 	EXP 	slider_2: markerPos = 3.610677083333333
50.0842 	EXP 	slider_2: markerPos = 3.682291666666667
50.1013 	EXP 	slider_2: markerPos = 3.75390625
50.1178 	EXP 	slider_2: markerPos = 3.916666666666667
50.1207 	DATA 	Mouse:  Left button up, pos=(770,151)
50.1342 	EXP 	slider_2: markerPos = 3.916666666666667
50.1342 	EXP 	slider_2: rating = 3.916666666666667
50.1374 	EXP 	New trial (rep=0, index=11): OrderedDict([('Imagenes', 'imagenes\\Mango.jpeg'), ('Random', 0.555669112372461), ('Correcto', None)])
50.1621 	EXP 	image_2: autoDraw = False
50.1621 	EXP 	slider_2: autoDraw = False
50.1621 	EXP 	image_2: image = 'imagenes\\Mango.jpeg'
50.1621 	EXP 	slider_2: markerPos = None
50.1621 	EXP 	slider_2: markerPos = None
50.1621 	EXP 	slider_2: rating = None
50.1621 	EXP 	image_2: autoDraw = True
50.1621 	EXP 	slider_2: autoDraw = True
50.2043 	DATA 	Mouse: Left button down, pos=(849,156)
50.2179 	EXP 	slider_2: markerPos = 4.59375
50.2342 	EXP 	slider_2: markerPos = 4.606770833333333
50.2515 	EXP 	slider_2: markerPos = 4.61328125
50.2678 	EXP 	slider_2: markerPos = 4.619791666666667
50.2738 	DATA 	Mouse:  Left button up, pos=(857,156)
50.2842 	EXP 	slider_2: markerPos = 4.626302083333333
50.3013 	EXP 	slider_2: markerPos = 4.626302083333333
50.3013 	EXP 	slider_2: rating = 4.626302083333333
50.3055 	EXP 	New trial (rep=0, index=12): OrderedDict([('Imagenes', 'imagenes\\Yogurt-alpina.jpg'), ('Random', 0.21540995091807813), ('Correcto', None)])
50.3267 	EXP 	image_2: autoDraw = False
50.3267 	EXP 	slider_2: autoDraw = False
50.3267 	EXP 	image_2: image = 'imagenes\\Yogurt-alpina.jpg'
50.3267 	EXP 	slider_2: markerPos = None
50.3267 	EXP 	slider_2: markerPos = None
50.3267 	EXP 	slider_2: rating = None
50.3267 	EXP 	image_2: autoDraw = True
50.3267 	EXP 	slider_2: autoDraw = True
50.3778 	DATA 	Mouse: Left button down, pos=(842,159)
50.4013 	EXP 	slider_2: markerPos = 4.509114583333333
50.4178 	EXP 	slider_2: markerPos = 4.3984375
50.4342 	EXP 	slider_2: markerPos = 4.346354166666667
50.4362 	DATA 	Mouse:  Left button up, pos=(773,159)
50.4514 	EXP 	slider_2: markerPos = 4.346354166666667
50.4514 	EXP 	slider_2: rating = 4.346354166666667
50.4545 	EXP 	New trial (rep=0, index=13): OrderedDict([('Imagenes', 'imagenes\\Chocoramo.jfif.jpg'), ('Random', 0.7789437122019539), ('Correcto', None)])
50.4907 	EXP 	image_2: autoDraw = False
50.4907 	EXP 	slider_2: autoDraw = False
50.4907 	EXP 	image_2: image = 'imagenes\\Chocoramo.jfif.jpg'
50.4907 	EXP 	slider_2: markerPos = None
50.4907 	EXP 	slider_2: markerPos = None
50.4907 	EXP 	slider_2: rating = None
50.4907 	EXP 	image_2: autoDraw = True
50.4907 	EXP 	slider_2: autoDraw = True
50.5252 	DATA 	Mouse: Left button down, pos=(668,159)
50.5514 	EXP 	slider_2: markerPos = 3.40234375
50.5678 	EXP 	slider_2: markerPos = 3.40234375
50.5842 	EXP 	slider_2: markerPos = 3.40234375
50.6009 	EXP 	slider_2: markerPos = 3.40234375
50.6028 	DATA 	Mouse:  Left button up, pos=(668,159)
50.6179 	EXP 	slider_2: markerPos = 3.40234375
50.6179 	EXP 	slider_2: rating = 3.40234375
50.6208 	EXP 	New trial (rep=0, index=14): OrderedDict([('Imagenes', 'imagenes\\Rosquitas (1).jpg'), ('Random', 0.3035383390851263), ('Correcto', None)])
50.6514 	EXP 	image_2: autoDraw = False
50.6514 	EXP 	slider_2: autoDraw = False
50.6514 	EXP 	image_2: image = 'imagenes\\Rosquitas (1).jpg'
50.6514 	EXP 	slider_2: markerPos = None
50.6514 	EXP 	slider_2: markerPos = None
50.6514 	EXP 	slider_2: rating = None
50.6514 	EXP 	image_2: autoDraw = True
50.6514 	EXP 	slider_2: autoDraw = True
50.7048 	DATA 	Mouse: Left button down, pos=(695,158)
50.7176 	EXP 	slider_2: markerPos = 3.578125
50.7344 	EXP 	slider_2: markerPos = 3.65625
50.7513 	EXP 	slider_2: markerPos = 3.779947916666667
50.7679 	EXP 	slider_2: markerPos = 3.903645833333333
50.7842 	EXP 	slider_2: markerPos = 4.020833333333333
50.7865 	DATA 	Mouse:  Left button up, pos=(779,156)
50.8013 	EXP 	slider_2: markerPos = 4.020833333333333
50.8013 	EXP 	slider_2: rating = 4.020833333333333
50.8056 	EXP 	New trial (rep=0, index=15): OrderedDict([('Imagenes', 'imagenes\\Kiwi.jpg'), ('Random', 0.5893907384852061), ('Correcto', None)])
50.8194 	EXP 	image_2: autoDraw = False
50.8194 	EXP 	slider_2: autoDraw = False
50.8194 	EXP 	image_2: image = 'imagenes\\Kiwi.jpg'
50.8194 	EXP 	slider_2: markerPos = None
50.8194 	EXP 	slider_2: markerPos = None
50.8194 	EXP 	slider_2: rating = None
50.8194 	EXP 	image_2: autoDraw = True
50.8194 	EXP 	slider_2: autoDraw = True
50.8701 	DATA 	Mouse: Left button down, pos=(801,156)
50.8843 	EXP 	slider_2: markerPos = 4.268229166666667
50.9014 	EXP 	slider_2: markerPos = 4.268229166666667
50.9176 	EXP 	slider_2: markerPos = 4.216145833333333
50.9249 	DATA 	Mouse:  Left button up, pos=(764,161)
50.9342 	EXP 	slider_2: markerPos = 4.118489583333333
50.9513 	EXP 	slider_2: markerPos = 4.118489583333333
50.9513 	EXP 	slider_2: rating = 4.118489583333333
50.9543 	EXP 	New trial (rep=0, index=16): OrderedDict([('Imagenes', 'imagenes\\Uvas.jpg'), ('Random', 0.7734382152670648), ('Correcto', None)])
50.9758 	EXP 	image_2: autoDraw = False
50.9758 	EXP 	slider_2: autoDraw = False
50.9758 	EXP 	image_2: image = 'imagenes\\Uvas.jpg'
50.9758 	EXP 	slider_2: markerPos = None
50.9758 	EXP 	slider_2: markerPos = None
50.9758 	EXP 	slider_2: rating = None
50.9758 	EXP 	image_2: autoDraw = True
50.9758 	EXP 	slider_2: autoDraw = True
51.0045 	DATA 	Mouse: Left button down, pos=(629,165)
51.0176 	EXP 	slider_2: markerPos = 3.1484375
51.0341 	EXP 	slider_2: markerPos = 3.1419270833333335
51.0513 	EXP 	slider_2: markerPos = 3.1419270833333335
51.0677 	EXP 	slider_2: markerPos = 3.1419270833333335
51.0844 	EXP 	slider_2: markerPos = 3.1419270833333335
51.0909 	DATA 	Mouse:  Left button up, pos=(628,165)
51.1008 	EXP 	slider_2: markerPos = 3.1419270833333335
51.1175 	EXP 	slider_2: markerPos = 3.1419270833333335
51.1175 	EXP 	slider_2: rating = 3.1419270833333335
51.1207 	EXP 	New trial (rep=0, index=17): OrderedDict([('Imagenes', 'imagenes\\Nutella (1).jpg'), ('Random', 0.5277483225747329), ('Correcto', None)])
51.1395 	EXP 	image_2: autoDraw = False
51.1395 	EXP 	slider_2: autoDraw = False
51.1395 	EXP 	image_2: image = 'imagenes\\Nutella (1).jpg'
51.1395 	EXP 	slider_2: markerPos = None
51.1395 	EXP 	slider_2: markerPos = None
51.1395 	EXP 	slider_2: rating = None
51.1395 	EXP 	image_2: autoDraw = True
51.1395 	EXP 	slider_2: autoDraw = True
51.2047 	DATA 	Mouse: Left button down, pos=(627,165)
51.2177 	EXP 	slider_2: markerPos = 3.1354166666666665
51.2343 	EXP 	slider_2: markerPos = 3.1354166666666665
51.2514 	EXP 	slider_2: markerPos = 3.1549479166666665
51.2680 	EXP 	slider_2: markerPos = 3.2135416666666665
51.2777 	DATA 	Mouse:  Left button up, pos=(678,160)
51.2843 	EXP 	slider_2: markerPos = 3.3828125
51.3013 	EXP 	slider_2: markerPos = 3.3828125
51.3013 	EXP 	slider_2: rating = 3.3828125
51.3051 	EXP 	New trial (rep=0, index=18): OrderedDict([('Imagenes', 'imagenes\\Galletas-festival.jpg'), ('Random', 0.36121121246191135), ('Correcto', None)])
51.3334 	EXP 	image_2: autoDraw = False
51.3334 	EXP 	slider_2: autoDraw = False
51.3334 	EXP 	image_2: image = 'imagenes\\Galletas-festival.jpg'
51.3334 	EXP 	slider_2: markerPos = None
51.3334 	EXP 	slider_2: markerPos = None
51.3334 	EXP 	slider_2: rating = None
51.3334 	EXP 	image_2: autoDraw = True
51.3334 	EXP 	slider_2: autoDraw = True
51.3704 	DATA 	Mouse: Left button down, pos=(789,160)
51.3841 	EXP 	slider_2: markerPos = 4.196614583333333
51.4013 	EXP 	slider_2: markerPos = 4.196614583333333
51.4179 	EXP 	slider_2: markerPos = 4.196614583333333
51.4344 	EXP 	slider_2: markerPos = 4.196614583333333
51.4514 	EXP 	slider_2: markerPos = 4.209635416666667
51.4606 	DATA 	Mouse:  Left button up, pos=(800,158)
51.4679 	EXP 	slider_2: markerPos = 4.2421875
51.4842 	EXP 	slider_2: markerPos = 4.2421875
51.4842 	EXP 	slider_2: rating = 4.2421875
51.4882 	EXP 	New trial (rep=0, index=19): OrderedDict([('Imagenes', 'imagenes\\Banano.jpeg'), ('Random', 0.651633055306917), ('Correcto', None)])
51.5169 	EXP 	image_2: autoDraw = False
51.5169 	EXP 	slider_2: autoDraw = False
51.5169 	EXP 	image_2: image = 'imagenes\\Banano.jpeg'
51.5169 	EXP 	slider_2: markerPos = None
51.5169 	EXP 	slider_2: markerPos = None
51.5169 	EXP 	slider_2: rating = None
51.5169 	EXP 	image_2: autoDraw = True
51.5169 	EXP 	slider_2: autoDraw = True
51.5397 	DATA 	Mouse: Left button down, pos=(816,158)
51.5675 	EXP 	slider_2: markerPos = 4.365885416666667
51.5840 	EXP 	slider_2: markerPos = 4.359375
51.6012 	EXP 	slider_2: markerPos = 4.307291666666667
51.6179 	EXP 	slider_2: markerPos = 4.177083333333333
51.6343 	EXP 	slider_2: markerPos = 3.962239583333333
51.6370 	DATA 	Mouse:  Left button up, pos=(691,163)
51.6513 	EXP 	slider_2: markerPos = 3.962239583333333
51.6513 	EXP 	slider_2: rating = 3.962239583333333
51.6543 	EXP 	New trial (rep=0, index=3): OrderedDict([('Hertz', 1500), ('volumen', 0.02)])
51.6651 	EXP 	Imported imagenes.xlsx as conditions, 20 conditions, 3 params
51.6656 	EXP 	Created sequence: random, trialTypes=20, nReps=1, seed=None
51.6660 	EXP 	New trial (rep=0, index=0): OrderedDict([('Imagenes', 'imagenes\\Rosquitas (1).jpg'), ('Random', 0.3035383390851263), ('Correcto', None)])
51.6930 	EXP 	image_2: autoDraw = False
51.6930 	EXP 	slider_2: autoDraw = False
51.6930 	EXP 	image_2: image = 'imagenes\\Rosquitas (1).jpg'
51.6930 	EXP 	slider_2: markerPos = None
51.6930 	EXP 	slider_2: markerPos = None
51.6930 	EXP 	slider_2: rating = None
51.6930 	EXP 	image_2: autoDraw = True
51.6930 	EXP 	slider_2: autoDraw = True
51.7197 	DATA 	Mouse: Left button down, pos=(593,163)
51.7342 	EXP 	slider_2: markerPos = 2.9140625
51.7513 	EXP 	slider_2: markerPos = 2.9010416666666665
51.7678 	EXP 	slider_2: markerPos = 2.9010416666666665
51.7840 	EXP 	slider_2: markerPos = 2.89453125
51.7907 	DATA 	Mouse:  Left button up, pos=(584,163)
51.8010 	EXP 	slider_2: markerPos = 2.875
51.8175 	EXP 	slider_2: markerPos = 2.875
51.8175 	EXP 	slider_2: rating = 2.875
51.8216 	EXP 	New trial (rep=0, index=1): OrderedDict([('Imagenes', 'imagenes\\Yogurt-alpina.jpg'), ('Random', 0.21540995091807813), ('Correcto', None)])
51.8419 	EXP 	image_2: autoDraw = False
51.8419 	EXP 	slider_2: autoDraw = False
51.8419 	EXP 	image_2: image = 'imagenes\\Yogurt-alpina.jpg'
51.8419 	EXP 	slider_2: markerPos = None
51.8419 	EXP 	slider_2: markerPos = None
51.8419 	EXP 	slider_2: rating = None
51.8419 	EXP 	image_2: autoDraw = True
51.8419 	EXP 	slider_2: autoDraw = True
51.9070 	DATA 	Mouse: Left button down, pos=(548,162)
51.9180 	EXP 	slider_2: markerPos = 2.62109375
51.9344 	EXP 	slider_2: markerPos = 2.62109375
51.9514 	EXP 	slider_2: markerPos = 2.62109375
51.9677 	EXP 	slider_2: markerPos = 2.62109375
51.9694 	DATA 	Mouse:  Left button up, pos=(548,162)
51.9842 	EXP 	slider_2: markerPos = 2.62109375
51.9842 	EXP 	slider_2: rating = 2.62109375
51.9874 	EXP 	New trial (rep=0, index=2): OrderedDict([('Imagenes', 'imagenes\\Mango.jpeg'), ('Random', 0.555669112372461), ('Correcto', None)])
52.0122 	EXP 	image_2: autoDraw = False
52.0122 	EXP 	slider_2: autoDraw = False
52.0122 	EXP 	image_2: image = 'imagenes\\Mango.jpeg'
52.0122 	EXP 	slider_2: markerPos = None
52.0122 	EXP 	slider_2: markerPos = None
52.0122 	EXP 	slider_2: rating = None
52.0122 	EXP 	image_2: autoDraw = True
52.0122 	EXP 	slider_2: autoDraw = True
52.2139 	DATA 	Mouse: Left button down, pos=(761,163)
52.2344 	EXP 	slider_2: markerPos = 4.014322916666667
52.2511 	EXP 	slider_2: markerPos = 4.020833333333333
52.2678 	EXP 	slider_2: markerPos = 4.02734375
52.2841 	EXP 	slider_2: markerPos = 4.046875
52.2864 	DATA 	Mouse:  Left button up, pos=(776,163)
52.3013 	EXP 	slider_2: markerPos = 4.046875
52.3013 	EXP 	slider_2: rating = 4.046875
52.3045 	EXP 	New trial (rep=0, index=3): OrderedDict([('Imagenes', 'imagenes\\Nutella (1).jpg'), ('Random', 0.5277483225747329), ('Correcto', None)])
52.3231 	EXP 	image_2: autoDraw = False
52.3231 	EXP 	slider_2: autoDraw = False
52.3231 	EXP 	image_2: image = 'imagenes\\Nutella (1).jpg'
52.3231 	EXP 	slider_2: markerPos = None
52.3231 	EXP 	slider_2: markerPos = None
52.3231 	EXP 	slider_2: rating = None
52.3231 	EXP 	image_2: autoDraw = True
52.3231 	EXP 	slider_2: autoDraw = True
52.3864 	DATA 	Mouse: Left button down, pos=(817,160)
52.4012 	EXP 	slider_2: markerPos = 4.372395833333333
52.4176 	EXP 	slider_2: markerPos = 4.372395833333333
52.4342 	EXP 	slider_2: markerPos = 4.372395833333333
52.4513 	EXP 	slider_2: markerPos = 4.372395833333333
52.4679 	EXP 	slider_2: markerPos = 4.294270833333333
52.4707 	DATA 	Mouse:  Left button up, pos=(790,160)
52.4841 	EXP 	slider_2: markerPos = 4.294270833333333
52.4841 	EXP 	slider_2: rating = 4.294270833333333
52.4879 	EXP 	New trial (rep=0, index=4): OrderedDict([('Imagenes', 'imagenes\\Uvas.jpg'), ('Random', 0.7734382152670648), ('Correcto', None)])
52.5085 	EXP 	image_2: autoDraw = False
52.5085 	EXP 	slider_2: autoDraw = False
52.5085 	EXP 	image_2: image = 'imagenes\\Uvas.jpg'
52.5085 	EXP 	slider_2: markerPos = None
52.5085 	EXP 	slider_2: markerPos = None
52.5085 	EXP 	slider_2: rating = None
52.5085 	EXP 	image_2: autoDraw = True
52.5085 	EXP 	slider_2: autoDraw = True
52.5746 	DATA 	Mouse: Left button down, pos=(618,160)
52.5864 	EXP 	slider_2: markerPos = 3.05078125
52.6010 	EXP 	slider_2: markerPos = 3.03125
52.6177 	EXP 	slider_2: markerPos = 3.0247395833333335
52.6343 	EXP 	slider_2: markerPos = 3.0052083333333335
52.6515 	EXP 	slider_2: markerPos = 2.9791666666666665
52.6679 	EXP 	slider_2: markerPos = 2.9596354166666665
52.6706 	DATA 	Mouse:  Left button up, pos=(598,160)
52.6842 	EXP 	slider_2: markerPos = 2.9596354166666665
52.6842 	EXP 	slider_2: rating = 2.9596354166666665
52.6874 	EXP 	New trial (rep=0, index=5): OrderedDict([('Imagenes', 'imagenes\\bon-bon-bun.jpg'), ('Random', 0.7387922093313524), ('Correcto', None)])
52.7172 	EXP 	image_2: autoDraw = False
52.7172 	EXP 	slider_2: autoDraw = False
52.7172 	EXP 	image_2: image = 'imagenes\\bon-bon-bun.jpg'
52.7172 	EXP 	slider_2: markerPos = None
52.7172 	EXP 	slider_2: markerPos = None
52.7172 	EXP 	slider_2: rating = None
52.7172 	EXP 	image_2: autoDraw = True
52.7172 	EXP 	slider_2: autoDraw = True
52.7694 	DATA 	Mouse: Left button down, pos=(592,160)
52.7842 	EXP 	slider_2: markerPos = 2.9075520833333335
52.8013 	EXP 	slider_2: markerPos = 2.9075520833333335
52.8176 	EXP 	slider_2: markerPos = 2.9075520833333335
52.8342 	EXP 	slider_2: markerPos = 2.9075520833333335
52.8510 	EXP 	slider_2: markerPos = 2.953125
52.8536 	DATA 	Mouse:  Left button up, pos=(615,158)
52.8676 	EXP 	slider_2: markerPos = 2.953125
52.8676 	EXP 	slider_2: rating = 2.953125
52.8716 	EXP 	New trial (rep=0, index=6): OrderedDict([('Imagenes', 'imagenes\\Chocoramo.jfif.jpg'), ('Random', 0.7789437122019539), ('Correcto', None)])
52.9085 	EXP 	image_2: autoDraw = False
52.9085 	EXP 	slider_2: autoDraw = False
52.9085 	EXP 	image_2: image = 'imagenes\\Chocoramo.jfif.jpg'
52.9085 	EXP 	slider_2: markerPos = None
52.9085 	EXP 	slider_2: markerPos = None
52.9085 	EXP 	slider_2: rating = None
52.9085 	EXP 	image_2: autoDraw = True
52.9085 	EXP 	slider_2: autoDraw = True
52.9531 	DATA 	Mouse: Left button down, pos=(771,160)
52.9676 	EXP 	slider_2: markerPos = 4.079427083333333
52.9841 	EXP 	slider_2: markerPos = 4.079427083333333
53.0013 	EXP 	slider_2: markerPos = 4.079427083333333
53.0178 	EXP 	slider_2: markerPos = 4.079427083333333
53.0341 	EXP 	slider_2: markerPos = 4.092447916666667
53.0361 	DATA 	Mouse:  Left button up, pos=(781,160)
53.0510 	EXP 	slider_2: markerPos = 4.092447916666667
53.0510 	EXP 	slider_2: rating = 4.092447916666667
53.0541 	EXP 	New trial (rep=0, index=7): OrderedDict([('Imagenes', 'imagenes\\Kiwi.jpg'), ('Random', 0.5893907384852061), ('Correcto', None)])
53.0691 	EXP 	image_2: autoDraw = False
53.0691 	EXP 	slider_2: autoDraw = False
53.0691 	EXP 	image_2: image = 'imagenes\\Kiwi.jpg'
53.0691 	EXP 	slider_2: markerPos = None
53.0691 	EXP 	slider_2: markerPos = None
53.0691 	EXP 	slider_2: rating = None
53.0691 	EXP 	image_2: autoDraw = True
53.0691 	EXP 	slider_2: autoDraw = True
53.1203 	DATA 	Mouse: Left button down, pos=(814,160)
53.1341 	EXP 	slider_2: markerPos = 4.352864583333333
53.1512 	EXP 	slider_2: markerPos = 4.352864583333333
53.1676 	EXP 	slider_2: markerPos = 4.352864583333333
53.1841 	EXP 	slider_2: markerPos = 4.352864583333333
53.2013 	EXP 	slider_2: markerPos = 4.352864583333333
53.2176 	EXP 	slider_2: markerPos = 4.229166666666667
53.2341 	EXP 	slider_2: markerPos = 4.14453125
53.2363 	DATA 	Mouse:  Left button up, pos=(745,167)
53.2512 	EXP 	slider_2: markerPos = 4.14453125
53.2512 	EXP 	slider_2: rating = 4.14453125
53.2543 	EXP 	New trial (rep=0, index=8): OrderedDict([('Imagenes', 'imagenes\\Galletas Tosh.jpg'), ('Random', 0.478088790487872), ('Correcto', None)])
53.2914 	EXP 	image_2: autoDraw = False
53.2914 	EXP 	slider_2: autoDraw = False
53.2914 	EXP 	image_2: image = 'imagenes\\Galletas Tosh.jpg'
53.2914 	EXP 	slider_2: markerPos = None
53.2914 	EXP 	slider_2: markerPos = None
53.2914 	EXP 	slider_2: rating = None
53.2914 	EXP 	image_2: autoDraw = True
53.2914 	EXP 	slider_2: autoDraw = True
53.3109 	DATA 	Mouse: Left button down, pos=(632,169)
53.3175 	EXP 	slider_2: markerPos = 3.16796875
53.3341 	EXP 	slider_2: markerPos = 3.16796875
53.3508 	EXP 	slider_2: markerPos = 3.16796875
53.3677 	EXP 	slider_2: markerPos = 3.16796875
53.3786 	DATA 	Mouse:  Left button up, pos=(631,169)
53.3841 	EXP 	slider_2: markerPos = 3.16796875
53.4012 	EXP 	slider_2: markerPos = 3.16796875
53.4012 	EXP 	slider_2: rating = 3.16796875
53.4053 	EXP 	New trial (rep=0, index=9): OrderedDict([('Imagenes', 'imagenes\\Leche-de-almendras.jpg'), ('Random', 0.36073876480313727), ('Correcto', None)])
53.4864 	DATA 	Mouse: Left button down, pos=(614,166)
53.4993 	EXP 	image_2: autoDraw = False
53.4993 	EXP 	slider_2: autoDraw = False
53.4993 	EXP 	image_2: image = 'imagenes\\Leche-de-almendras.jpg'
53.4993 	EXP 	slider_2: markerPos = None
53.4993 	EXP 	slider_2: markerPos = None
53.4993 	EXP 	slider_2: rating = None
53.4993 	EXP 	image_2: autoDraw = True
53.4993 	EXP 	slider_2: autoDraw = True
53.4993 	EXP 	slider_2: markerPos = 3.05078125
53.5126 	EXP 	slider_2: markerPos = 3.05078125
53.5255 	EXP 	slider_2: markerPos = 3.05078125
53.5390 	EXP 	slider_2: markerPos = 3.05078125
53.5538 	EXP 	slider_2: markerPos = 3.05078125
53.5680 	EXP 	slider_2: markerPos = 3.05078125
53.5774 	DATA 	Mouse:  Left button up, pos=(624,164)
53.5842 	EXP 	slider_2: markerPos = 3.0768229166666665
53.6009 	EXP 	slider_2: markerPos = 3.0768229166666665
53.6009 	EXP 	slider_2: rating = 3.0768229166666665
53.6041 	EXP 	New trial (rep=0, index=10): OrderedDict([('Imagenes', 'imagenes\\Banano.jpeg'), ('Random', 0.651633055306917), ('Correcto', None)])
53.6220 	EXP 	image_2: autoDraw = False
53.6220 	EXP 	slider_2: autoDraw = False
53.6220 	EXP 	image_2: image = 'imagenes\\Banano.jpeg'
53.6220 	EXP 	slider_2: markerPos = None
53.6220 	EXP 	slider_2: markerPos = None
53.6220 	EXP 	slider_2: rating = None
53.6220 	EXP 	image_2: autoDraw = True
53.6220 	EXP 	slider_2: autoDraw = True
53.6695 	DATA 	Mouse: Left button down, pos=(737,162)
53.6842 	EXP 	slider_2: markerPos = 3.8515625
53.7012 	EXP 	slider_2: markerPos = 3.903645833333333
53.7177 	EXP 	slider_2: markerPos = 3.903645833333333
53.7341 	EXP 	slider_2: markerPos = 3.903645833333333
53.7509 	EXP 	slider_2: markerPos = 3.91015625
53.7675 	EXP 	slider_2: markerPos = 3.94921875
53.7734 	DATA 	Mouse:  Left button up, pos=(772,159)
53.7841 	EXP 	slider_2: markerPos = 4.02734375
53.8009 	EXP 	slider_2: markerPos = 4.02734375
53.8009 	EXP 	slider_2: rating = 4.02734375
53.8052 	EXP 	New trial (rep=0, index=11): OrderedDict([('Imagenes', 'imagenes\\Papas-naturales.jpg'), ('Random', 0.15856838916280946), ('Correcto', None)])
53.8235 	EXP 	image_2: autoDraw = False
53.8235 	EXP 	slider_2: autoDraw = False
53.8235 	EXP 	image_2: image = 'imagenes\\Papas-naturales.jpg'
53.8235 	EXP 	slider_2: markerPos = None
53.8235 	EXP 	slider_2: markerPos = None
53.8235 	EXP 	slider_2: rating = None
53.8235 	EXP 	image_2: autoDraw = True
53.8235 	EXP 	slider_2: autoDraw = True
53.8531 	DATA 	Mouse: Left button down, pos=(826,159)
53.8675 	EXP 	slider_2: markerPos = 4.430989583333333
53.8842 	EXP 	slider_2: markerPos = 4.430989583333333
53.9011 	EXP 	slider_2: markerPos = 4.430989583333333
53.9176 	EXP 	slider_2: markerPos = 4.430989583333333
53.9341 	EXP 	slider_2: markerPos = 4.430989583333333
53.9511 	EXP 	slider_2: markerPos = 4.430989583333333
53.9532 	DATA 	Mouse:  Left button up, pos=(828,159)
53.9676 	EXP 	slider_2: markerPos = 4.430989583333333
53.9676 	EXP 	slider_2: rating = 4.430989583333333
53.9716 	EXP 	New trial (rep=0, index=12): OrderedDict([('Imagenes', 'imagenes\\Brownie.jpg'), ('Random', 0.17000143351927688), ('Correcto', None)])
54.0158 	EXP 	image_2: autoDraw = False
54.0158 	EXP 	slider_2: autoDraw = False
54.0158 	EXP 	image_2: image = 'imagenes\\Brownie.jpg'
54.0158 	EXP 	slider_2: markerPos = None
54.0158 	EXP 	slider_2: markerPos = None
54.0158 	EXP 	slider_2: rating = None
54.0158 	EXP 	image_2: autoDraw = True
54.0158 	EXP 	slider_2: autoDraw = True
54.0275 	DATA 	Mouse: Left button down, pos=(842,158)
54.0508 	EXP 	slider_2: markerPos = 4.53515625
54.0677 	EXP 	slider_2: markerPos = 4.53515625
54.0841 	EXP 	slider_2: markerPos = 4.53515625
54.1011 	EXP 	slider_2: markerPos = 4.53515625
54.1187 	EXP 	slider_2: markerPos = 4.53515625
54.1275 	DATA 	Mouse:  Left button up, pos=(842,158)
54.1340 	EXP 	slider_2: markerPos = 4.53515625
54.1512 	EXP 	slider_2: markerPos = 4.53515625
54.1512 	EXP 	slider_2: rating = 4.53515625
54.1553 	EXP 	New trial (rep=0, index=13): OrderedDict([('Imagenes', 'imagenes\\Papas-pollo.jpg'), ('Random', 0.6683114062971784), ('Correcto', None)])
54.1722 	EXP 	image_2: autoDraw = False
54.1722 	EXP 	slider_2: autoDraw = False
54.1722 	EXP 	image_2: image = 'imagenes\\Papas-pollo.jpg'
54.1722 	EXP 	slider_2: markerPos = None
54.1722 	EXP 	slider_2: markerPos = None
54.1722 	EXP 	slider_2: rating = None
54.1722 	EXP 	image_2: autoDraw = True
54.1722 	EXP 	slider_2: autoDraw = True
54.2195 	DATA 	Mouse: Left button down, pos=(714,157)
54.2342 	EXP 	slider_2: markerPos = 3.662760416666667
54.2511 	EXP 	slider_2: markerPos = 3.63671875
54.2677 	EXP 	slider_2: markerPos = 3.63671875
54.2840 	EXP 	slider_2: markerPos = 3.63671875
54.3010 	EXP 	slider_2: markerPos = 3.63671875
54.3037 	DATA 	Mouse:  Left button up, pos=(702,157)
54.3175 	EXP 	slider_2: markerPos = 3.63671875
54.3175 	EXP 	slider_2: rating = 3.63671875
54.3213 	EXP 	New trial (rep=0, index=14): OrderedDict([('Imagenes', 'imagenes\\Galletas-festival.jpg'), ('Random', 0.36121121246191135), ('Correcto', None)])
54.3499 	EXP 	image_2: autoDraw = False
54.3499 	EXP 	slider_2: autoDraw = False
54.3499 	EXP 	image_2: image = 'imagenes\\Galletas-festival.jpg'
54.3499 	EXP 	slider_2: markerPos = None
54.3499 	EXP 	slider_2: markerPos = None
54.3499 	EXP 	slider_2: rating = None
54.3499 	EXP 	image_2: autoDraw = True
54.3499 	EXP 	slider_2: autoDraw = True
54.4045 	DATA 	Mouse: Left button down, pos=(678,157)
54.4176 	EXP 	slider_2: markerPos = 3.4674479166666665
54.4341 	EXP 	slider_2: markerPos = 3.4609375
54.4511 	EXP 	slider_2: markerPos = 3.4544270833333335
54.4676 	EXP 	slider_2: markerPos = 3.421875
54.4703 	DATA 	Mouse:  Left button up, pos=(660,157)
54.4840 	EXP 	slider_2: markerPos = 3.421875
54.4840 	EXP 	slider_2: rating = 3.421875
54.4871 	EXP 	New trial (rep=0, index=15): OrderedDict([('Imagenes', 'imagenes\\Croissant.jpg'), ('Random', 0.6152458173421255), ('Correcto', None)])
54.5237 	EXP 	image_2: autoDraw = False
54.5237 	EXP 	slider_2: autoDraw = False
54.5237 	EXP 	image_2: image = 'imagenes\\Croissant.jpg'
54.5237 	EXP 	slider_2: markerPos = None
54.5237 	EXP 	slider_2: markerPos = None
54.5237 	EXP 	slider_2: rating = None
54.5237 	EXP 	image_2: autoDraw = True
54.5237 	EXP 	slider_2: autoDraw = True
54.5695 	DATA 	Mouse: Left button down, pos=(598,157)
54.5841 	EXP 	slider_2: markerPos = 2.9401041666666665
54.6012 	EXP 	slider_2: markerPos = 2.9140625
54.6176 	EXP 	slider_2: markerPos = 2.9010416666666665
54.6344 	EXP 	slider_2: markerPos = 2.842447916666667
54.6415 	DATA 	Mouse:  Left button up, pos=(564,158)
54.6512 	EXP 	slider_2: markerPos = 2.764322916666667
54.6675 	EXP 	slider_2: markerPos = 2.764322916666667
54.6675 	EXP 	slider_2: rating = 2.764322916666667
54.6707 	EXP 	New trial (rep=0, index=16): OrderedDict([('Imagenes', 'imagenes\\Papas-limon.jpg'), ('Random', 0.020692288100133793), ('Correcto', None)])
54.6901 	EXP 	image_2: autoDraw = False
54.6901 	EXP 	slider_2: autoDraw = False
54.6901 	EXP 	image_2: image = 'imagenes\\Papas-limon.jpg'
54.6901 	EXP 	slider_2: markerPos = None
54.6901 	EXP 	slider_2: markerPos = None
54.6901 	EXP 	slider_2: rating = None
54.6901 	EXP 	image_2: autoDraw = True
54.6901 	EXP 	slider_2: autoDraw = True
54.7200 	DATA 	Mouse: Left button down, pos=(533,159)
54.7340 	EXP 	slider_2: markerPos = 2.5234375
54.7511 	EXP 	slider_2: markerPos = 2.5234375
54.7675 	EXP 	slider_2: markerPos = 2.5234375
54.7841 	EXP 	slider_2: markerPos = 2.516927083333333
54.8008 	EXP 	slider_2: markerPos = 2.516927083333333
54.8175 	EXP 	slider_2: markerPos = 2.516927083333333
54.8195 	DATA 	Mouse:  Left button up, pos=(532,159)
54.8340 	EXP 	slider_2: markerPos = 2.516927083333333
54.8340 	EXP 	slider_2: rating = 2.516927083333333
54.8379 	EXP 	New trial (rep=0, index=17): OrderedDict([('Imagenes', 'imagenes\\Popetas.jpg'), ('Random', 0.07650200324054446), ('Correcto', None)])
54.8963 	EXP 	image_2: autoDraw = False
54.8963 	EXP 	slider_2: autoDraw = False
54.8963 	EXP 	image_2: image = 'imagenes\\Popetas.jpg'
54.8963 	EXP 	slider_2: markerPos = None
54.8963 	EXP 	slider_2: markerPos = None
54.8963 	EXP 	slider_2: rating = None
54.8963 	EXP 	image_2: autoDraw = True
54.8963 	EXP 	slider_2: autoDraw = True
54.9085 	DATA 	Mouse: Left button down, pos=(554,159)
54.9181 	EXP 	slider_2: markerPos = 2.66015625
54.9346 	EXP 	slider_2: markerPos = 2.686197916666667
54.9515 	EXP 	slider_2: markerPos = 2.783854166666667
54.9677 	EXP 	slider_2: markerPos = 2.97265625
54.9843 	EXP 	slider_2: markerPos = 3.0247395833333335
55.0014 	EXP 	slider_2: markerPos = 3.2330729166666665
55.0179 	EXP 	slider_2: markerPos = 3.3828125
55.0201 	DATA 	Mouse:  Left button up, pos=(685,159)
55.0341 	EXP 	slider_2: markerPos = 3.3828125
55.0341 	EXP 	slider_2: rating = 3.3828125
55.0376 	EXP 	New trial (rep=0, index=18): OrderedDict([('Imagenes', 'imagenes\\Alpinito.jpg'), ('Random', 0.4515332417045813), ('Correcto', None)])
55.0765 	DATA 	Mouse: Left button down, pos=(739,159)
55.0829 	EXP 	image_2: autoDraw = False
55.0829 	EXP 	slider_2: autoDraw = False
55.0829 	EXP 	image_2: image = 'imagenes\\Alpinito.jpg'
55.0829 	EXP 	slider_2: markerPos = None
55.0829 	EXP 	slider_2: markerPos = None
55.0829 	EXP 	slider_2: rating = None
55.0829 	EXP 	image_2: autoDraw = True
55.0829 	EXP 	slider_2: autoDraw = True
55.0829 	EXP 	slider_2: markerPos = 3.890625
55.0904 	EXP 	slider_2: markerPos = 3.91015625
55.1012 	EXP 	slider_2: markerPos = 3.9296875
55.1176 	EXP 	slider_2: markerPos = 3.955729166666667
55.1342 	EXP 	slider_2: markerPos = 3.955729166666667
55.1513 	EXP 	slider_2: markerPos = 3.981770833333333
55.1675 	EXP 	slider_2: markerPos = 4.014322916666667
55.1702 	DATA 	Mouse:  Left button up, pos=(767,156)
55.1842 	EXP 	slider_2: markerPos = 4.014322916666667
55.1842 	EXP 	slider_2: rating = 4.014322916666667
55.1875 	EXP 	New trial (rep=0, index=19): OrderedDict([('Imagenes', 'imagenes\\Manzana.jpg'), ('Random', 0.5168162194437935), ('Correcto', None)])
55.2233 	EXP 	image_2: autoDraw = False
55.2233 	EXP 	slider_2: autoDraw = False
55.2233 	EXP 	image_2: image = 'imagenes\\Manzana.jpg'
55.2233 	EXP 	slider_2: markerPos = None
55.2233 	EXP 	slider_2: markerPos = None
55.2233 	EXP 	slider_2: rating = None
55.2233 	EXP 	image_2: autoDraw = True
55.2233 	EXP 	slider_2: autoDraw = True
55.2409 	DATA 	Mouse: Left button down, pos=(785,154)
55.2511 	EXP 	slider_2: markerPos = 4.1640625
55.2675 	EXP 	slider_2: markerPos = 4.1640625
55.2840 	EXP 	slider_2: markerPos = 4.1640625
55.3006 	EXP 	slider_2: markerPos = 4.1640625
55.3174 	EXP 	slider_2: markerPos = 4.1640625
55.3341 	EXP 	slider_2: markerPos = 4.1640625
55.3510 	EXP 	slider_2: markerPos = 4.138020833333333
55.3674 	EXP 	slider_2: markerPos = 4.079427083333333
55.3701 	DATA 	Mouse:  Left button up, pos=(754,154)
55.3840 	EXP 	slider_2: markerPos = 4.079427083333333
55.3840 	EXP 	slider_2: rating = 4.079427083333333
55.4372 	DATA 	Mouse: Left button down, pos=(689,156)
55.4448 	EXP 	image_2: autoDraw = False
55.4448 	EXP 	slider_2: autoDraw = False
55.4448 	EXP 	text: text = 'El nmero aleatorio es 3043.'
55.4448 	EXP 	text_2: text = 'El precio seleccionado aleatoriamente es 4359.0.'
55.4448 	EXP 	text: autoDraw = True
55.4448 	EXP 	text_2: autoDraw = True
55.5370 	DATA 	Mouse:  Left button up, pos=(680,155)
55.6372 	DATA 	Mouse: Left button down, pos=(645,155)
55.7051 	DATA 	Mouse:  Left button up, pos=(645,155)
60.4508 	EXP 	text: autoDraw = False
60.4508 	EXP 	text_2: autoDraw = False
60.4508 	EXP 	text: autoDraw = False
60.4508 	EXP 	text_2: autoDraw = False
60.7744 	EXP 	window1: mouseVisible = True
