0.9650 	WARNING 	We strongly recommend you activate the PTB sound engine in PsychoPy prefs as the preferred audio engine. Its timing is vastly superior. Your prefs are currently set to use ['sounddevice', 'PTB', 'pyo', 'pygame'] (in that order).
6.5520 	WARNING 	User requested fullscreen with size [1024  768], but screen is actually [1366, 768]. Using actual size
8.0724 	EXP 	Created window1 = Window(allowGUI=False, allowStencil=False, args=UNKNOWN, autoLog=True, bitsMode=UNKNOWN, blendMode='avg', bpc=(8, 8, 8), color=array([0., 0., 0.]), colorSpace='rgb', depthBits=8, fullscr=<method-wrapper '__getattribute__' of attributeSetter object at 0x000001F9FC35D630>, gamma=None, gammaErrorPolicy='raise', kwargs=UNKNOWN, lms=UNKNOWN, monitor=<psychopy.monitors.calibTools.Monitor object at 0x000001F9FC27A6A0>, multiSample=False, name='window1', numSamples=2, pos=[0.0, 0.0], screen=0, size=array([1366,  768]), stencilBits=0, stereo=False, units='height', useFBO=True, useRetina=False, viewOri=0.0, viewPos=None, viewScale=None, waitBlanking=True, winType='pyglet')
8.0730 	EXP 	window1: mouseVisible = True
8.0731 	EXP 	window1: recordFrameIntervals = False
8.2375 	EXP 	window1: recordFrameIntervals = True
8.4211 	EXP 	window1: recordFrameIntervals = False
8.6380 	EXP 	Sound sound_3 set volume 1.000
8.6381 	EXP 	Sound Sonido set volume 1.000
8.6440 	EXP 	Created image_2 = ImageStim(__class__=<class 'psychopy.visual.image.ImageStim'>, autoLog=True, color=array([1., 1., 1.]), colorSpace='rgb', contrast=1.0, depth=-1.0, flipHoriz=False, flipVert=False, image='sin', interpolate=True, mask=None, maskParams=None, name='image_2', opacity=1.0, ori=0.0, pos=array([0. , 0.2]), size=array([0.5, 0.5]), texRes=128, units='height', win=Window(...))
8.6544 	EXP 	window1: mouseVisible = True
8.7092 	EXP 	Created slider_2 = Slider(__class__=<class 'psychopy.visual.slider.Slider'>, autoDraw=False, autoLog=True, color='LightGray', depth=0, flip=False, font='HelveticaBold', granularity=0, labelHeight=0.05, labelWrapWidth=None, labels=('0', '1000', '2000', '3000', '4000', '5000'), name='slider_2', pos=(0, -0.3), readOnly=False, self=UNKNOWN, size=(1.0, 0.05), style=method-wrapper(...), ticks=array([1, 2, 3, 4, 5, 6]), units='height', win=Window(...))
8.7306 	EXP 	Created text = TextStim(__class__=<class 'psychopy.visual.text.TextStim'>, alignHoriz=method-wrapper(...), alignText='center', alignVert=method-wrapper(...), anchorHoriz='center', anchorVert='center', antialias=True, autoLog=True, bold=False, color='white', colorSpace='named', contrast=1.0, depth=-1.0, flipHoriz=False, flipVert=False, font='Arial', fontFiles=[], height=0.1, italic=False, languageStyle='LTR', name='text', opacity=1.0, ori=0, pos=array([0., 0.]), rgb=array([255., 255., 255.]), text='default text', units='height', win=Window(...), wrapWidth=1)
8.7827 	EXP 	slider_2: autoLog = True
8.7827 	EXP 	slider_2: markerPos = None
8.7827 	EXP 	slider_2: rating = None
8.7827 	EXP 	slider_2: markerPos = None
8.7827 	EXP 	slider_2: contrast = 1.0
8.7827 	EXP 	slider_2: autoLog = True
8.7827 	EXP 	slider_2: style = ['rating']
19.3354 	EXP 	Imported ruidos.xlsx as conditions, 4 conditions, 2 params
19.3357 	EXP 	Created sequence: random, trialTypes=4, nReps=1, seed=None
19.3360 	EXP 	New trial (rep=0, index=0): OrderedDict([('Hertz', 1000), ('volumen', 0.0)])
19.3423 	EXP 	Imported imagenes.xlsx as conditions, 20 conditions, 3 params
19.3426 	EXP 	Created sequence: random, trialTypes=20, nReps=1, seed=None
19.3428 	EXP 	New trial (rep=0, index=0): OrderedDict([('Imagenes', 'imagenes\\Galletas-festival.jpg'), ('Random', 0.36121121246191135), ('Correcto', None)])
19.3767 	EXP 	image_2: image = 'imagenes\\Galletas-festival.jpg'
19.3767 	EXP 	slider_2: markerPos = None
19.3767 	EXP 	slider_2: markerPos = None
19.3767 	EXP 	slider_2: rating = None
20.0893 	DATA 	Keypress: escape
20.4593 	EXP 	window1: mouseVisible = True
