1.3349 	WARNING 	We strongly recommend you activate the PTB sound engine in PsychoPy prefs as the preferred audio engine. Its timing is vastly superior. Your prefs are currently set to use ['sounddevice', 'PTB', 'pyo', 'pygame'] (in that order).
36.5163 	WARNING 	User requested fullscreen with size [1024  768], but screen is actually [1366, 768]. Using actual size
38.3583 	EXP 	Created window1 = Window(allowGUI=False, allowStencil=False, args=UNKNOWN, autoLog=True, bitsMode=UNKNOWN, blendMode='avg', bpc=(8, 8, 8), color=array([0., 0., 0.]), colorSpace='rgb', depthBits=8, fullscr=<method-wrapper '__getattribute__' of attributeSetter object at 0x000001905A21C6D8>, gamma=None, gammaErrorPolicy='raise', kwargs=UNKNOWN, lms=UNKNOWN, monitor=<psychopy.monitors.calibTools.Monitor object at 0x0000019059FBA748>, multiSample=False, name='window1', numSamples=2, pos=[0.0, 0.0], screen=0, size=array([1366,  768]), stencilBits=0, stereo=False, units='height', useFBO=True, useRetina=False, viewOri=0.0, viewPos=None, viewScale=None, waitBlanking=True, winType='pyglet')
38.3590 	EXP 	window1: mouseVisible = True
38.3591 	EXP 	window1: recordFrameIntervals = False
38.5233 	EXP 	window1: recordFrameIntervals = True
38.7071 	EXP 	window1: recordFrameIntervals = False
39.2599 	EXP 	Sound Sonido set volume 1.000
39.2736 	EXP 	Created image_2 = ImageStim(__class__=<class 'psychopy.visual.image.ImageStim'>, autoLog=True, color=array([1., 1., 1.]), colorSpace='rgb', contrast=1.0, depth=-1.0, flipHoriz=False, flipVert=False, image='sin', interpolate=True, mask=None, maskParams=None, name='image_2', opacity=1.0, ori=0.0, pos=array([0. , 0.2]), size=array([0.5, 0.5]), texRes=128, units='height', win=Window(...))
39.2900 	EXP 	window1: mouseVisible = True
39.3512 	EXP 	Created slider_2 = Slider(__class__=<class 'psychopy.visual.slider.Slider'>, autoDraw=False, autoLog=True, color='LightGray', depth=0, flip=False, font='HelveticaBold', granularity=0, labelHeight=0.05, labelWrapWidth=None, labels=('0', '1000', '2000', '3000', '4000', '5000'), name='slider_2', pos=(0, -0.3), readOnly=False, self=UNKNOWN, size=(1.0, 0.05), style=method-wrapper(...), ticks=array([1, 2, 3, 4, 5, 6]), units='height', win=Window(...))
39.3749 	EXP 	Created text = TextStim(__class__=<class 'psychopy.visual.text.TextStim'>, alignHoriz=method-wrapper(...), alignText='center', alignVert=method-wrapper(...), anchorHoriz='center', anchorVert='center', antialias=True, autoLog=True, bold=False, color='white', colorSpace='named', contrast=1.0, depth=-1.0, flipHoriz=False, flipVert=False, font='Arial', fontFiles=[], height=0.1, italic=False, languageStyle='LTR', name='text', opacity=1.0, ori=0, pos=array([0., 0.]), rgb=array([255., 255., 255.]), text='default text', units='height', win=Window(...), wrapWidth=1)
39.3843 	EXP 	Created text_2 = TextStim(__class__=<class 'psychopy.visual.text.TextStim'>, alignHoriz=method-wrapper(...), alignText='center', alignVert=method-wrapper(...), anchorHoriz='center', anchorVert='center', antialias=True, autoLog=True, bold=False, color='white', colorSpace='named', contrast=1.0, depth=-2.0, flipHoriz=False, flipVert=False, font='Arial', fontFiles=[], height=0.1, italic=False, languageStyle='LTR', name='text_2', opacity=1.0, ori=0, pos=array([0., 0.]), rgb=array([255., 255., 255.]), text='default text', units='height', win=Window(...), wrapWidth=1)
39.4853 	EXP 	Imported ruidos.xlsx as conditions, 4 conditions, 2 params
39.4859 	EXP 	Created sequence: random, trialTypes=4, nReps=1, seed=None
39.4865 	EXP 	New trial (rep=0, index=0): OrderedDict([('Hertz', 1000), ('volumen', 0.0)])
39.4982 	EXP 	Imported imagenes.xlsx as conditions, 20 conditions, 3 params
39.4987 	EXP 	Created sequence: random, trialTypes=20, nReps=1, seed=None
39.4991 	EXP 	New trial (rep=0, index=0): OrderedDict([('Imagenes', 'imagenes\\Galletas Tosh.jpg'), ('Random', 0.478088790487872), ('Correcto', None)])
39.5773 	EXP 	slider_2: autoLog = True
39.5773 	EXP 	slider_2: markerPos = None
39.5773 	EXP 	slider_2: rating = None
39.5773 	EXP 	slider_2: markerPos = None
39.5773 	EXP 	slider_2: contrast = 1.0
39.5773 	EXP 	slider_2: autoLog = True
39.5773 	EXP 	slider_2: style = ['rating']
39.5773 	EXP 	image_2: image = 'imagenes\\Galletas Tosh.jpg'
39.5773 	EXP 	slider_2: markerPos = None
39.5773 	EXP 	slider_2: markerPos = None
39.5773 	EXP 	slider_2: rating = None
39.5773 	EXP 	image_2: autoDraw = True
39.5773 	EXP 	slider_2: autoDraw = True
40.3589 	DATA 	Mouse: Left button down, pos=(683,149)
40.3728 	EXP 	slider_2: markerPos = 3.5
40.3895 	EXP 	slider_2: markerPos = 3.5
40.4061 	EXP 	slider_2: markerPos = 3.5
40.4228 	EXP 	slider_2: markerPos = 3.5
40.4290 	EXP 	New trial (rep=0, index=1): OrderedDict([('Imagenes', 'imagenes\\Galletas-festival.jpg'), ('Random', 0.36121121246191135), ('Correcto', None)])
40.4674 	DATA 	Mouse:  Left button up, pos=(683,149)
40.4722 	EXP 	image_2: autoDraw = False
40.4722 	EXP 	slider_2: autoDraw = False
40.4722 	EXP 	image_2: image = 'imagenes\\Galletas-festival.jpg'
40.4722 	EXP 	slider_2: markerPos = None
40.4722 	EXP 	slider_2: markerPos = None
40.4722 	EXP 	slider_2: rating = None
40.4722 	EXP 	image_2: autoDraw = True
40.4722 	EXP 	slider_2: autoDraw = True
40.5423 	DATA 	Mouse: Left button down, pos=(683,149)
40.5561 	EXP 	slider_2: markerPos = 3.5
40.5728 	EXP 	slider_2: markerPos = 3.5
40.5895 	EXP 	slider_2: markerPos = 3.5
40.6063 	EXP 	slider_2: markerPos = 3.5
40.6145 	DATA 	Mouse:  Left button up, pos=(683,150)
40.6225 	EXP 	slider_2: markerPos = 3.5
40.6393 	EXP 	slider_2: markerPos = 3.5
40.6393 	EXP 	slider_2: rating = 3.5
40.6429 	EXP 	New trial (rep=0, index=2): OrderedDict([('Imagenes', 'imagenes\\Papas-limon.jpg'), ('Random', 0.020692288100133793), ('Correcto', None)])
40.6668 	EXP 	image_2: autoDraw = False
40.6668 	EXP 	slider_2: autoDraw = False
40.6668 	EXP 	image_2: image = 'imagenes\\Papas-limon.jpg'
40.6668 	EXP 	slider_2: markerPos = None
40.6668 	EXP 	slider_2: markerPos = None
40.6668 	EXP 	slider_2: rating = None
40.6668 	EXP 	image_2: autoDraw = True
40.6668 	EXP 	slider_2: autoDraw = True
40.7492 	DATA 	Mouse: Left button down, pos=(683,151)
40.7731 	EXP 	slider_2: markerPos = 3.5
40.7894 	EXP 	slider_2: markerPos = 3.4934895833333335
40.8060 	EXP 	slider_2: markerPos = 3.4934895833333335
40.8087 	DATA 	Mouse:  Left button up, pos=(682,151)
40.8225 	EXP 	slider_2: markerPos = 3.4934895833333335
40.8225 	EXP 	slider_2: rating = 3.4934895833333335
40.8266 	EXP 	New trial (rep=0, index=3): OrderedDict([('Imagenes', 'imagenes\\bon-bon-bun.jpg'), ('Random', 0.7387922093313524), ('Correcto', None)])
40.8633 	EXP 	image_2: autoDraw = False
40.8633 	EXP 	slider_2: autoDraw = False
40.8633 	EXP 	image_2: image = 'imagenes\\bon-bon-bun.jpg'
40.8633 	EXP 	slider_2: markerPos = None
40.8633 	EXP 	slider_2: markerPos = None
40.8633 	EXP 	slider_2: rating = None
40.8633 	EXP 	image_2: autoDraw = True
40.8633 	EXP 	slider_2: autoDraw = True
40.8964 	DATA 	Mouse: Left button down, pos=(682,151)
40.9225 	EXP 	slider_2: markerPos = 3.4934895833333335
40.9391 	EXP 	slider_2: markerPos = 3.4934895833333335
40.9562 	EXP 	slider_2: markerPos = 3.4934895833333335
40.9726 	EXP 	slider_2: markerPos = 3.4934895833333335
40.9890 	EXP 	slider_2: markerPos = 3.4934895833333335
40.9907 	DATA 	Mouse:  Left button up, pos=(682,151)
41.0058 	EXP 	slider_2: markerPos = 3.4934895833333335
41.0058 	EXP 	slider_2: rating = 3.4934895833333335
41.0089 	EXP 	New trial (rep=0, index=4): OrderedDict([('Imagenes', 'imagenes\\Banano.jpeg'), ('Random', 0.651633055306917), ('Correcto', None)])
41.0372 	EXP 	image_2: autoDraw = False
41.0372 	EXP 	slider_2: autoDraw = False
41.0372 	EXP 	image_2: image = 'imagenes\\Banano.jpeg'
41.0372 	EXP 	slider_2: markerPos = None
41.0372 	EXP 	slider_2: markerPos = None
41.0372 	EXP 	slider_2: rating = None
41.0372 	EXP 	image_2: autoDraw = True
41.0372 	EXP 	slider_2: autoDraw = True
41.0743 	DATA 	Mouse: Left button down, pos=(682,151)
41.0891 	EXP 	slider_2: markerPos = 3.4934895833333335
41.1059 	EXP 	slider_2: markerPos = 3.4934895833333335
41.1228 	EXP 	slider_2: markerPos = 3.4934895833333335
41.1395 	EXP 	slider_2: markerPos = 3.4934895833333335
41.1417 	DATA 	Mouse:  Left button up, pos=(682,152)
41.1559 	EXP 	slider_2: markerPos = 3.4934895833333335
41.1559 	EXP 	slider_2: rating = 3.4934895833333335
41.1599 	EXP 	New trial (rep=0, index=5): OrderedDict([('Imagenes', 'imagenes\\Yogurt-alpina.jpg'), ('Random', 0.21540995091807813), ('Correcto', None)])
41.1858 	EXP 	image_2: autoDraw = False
41.1858 	EXP 	slider_2: autoDraw = False
41.1858 	EXP 	image_2: image = 'imagenes\\Yogurt-alpina.jpg'
41.1858 	EXP 	slider_2: markerPos = None
41.1858 	EXP 	slider_2: markerPos = None
41.1858 	EXP 	slider_2: rating = None
41.1858 	EXP 	image_2: autoDraw = True
41.1858 	EXP 	slider_2: autoDraw = True
41.2455 	DATA 	Mouse: Left button down, pos=(682,152)
41.2728 	EXP 	slider_2: markerPos = 3.4934895833333335
41.2893 	EXP 	slider_2: markerPos = 3.4934895833333335
41.3059 	EXP 	slider_2: markerPos = 3.4934895833333335
41.3142 	DATA 	Mouse:  Left button up, pos=(682,152)
41.3223 	EXP 	slider_2: markerPos = 3.4934895833333335
41.3392 	EXP 	slider_2: markerPos = 3.4934895833333335
41.3392 	EXP 	slider_2: rating = 3.4934895833333335
41.3428 	EXP 	New trial (rep=0, index=6): OrderedDict([('Imagenes', 'imagenes\\Kiwi.jpg'), ('Random', 0.5893907384852061), ('Correcto', None)])
41.3616 	EXP 	image_2: autoDraw = False
41.3616 	EXP 	slider_2: autoDraw = False
41.3616 	EXP 	image_2: image = 'imagenes\\Kiwi.jpg'
41.3616 	EXP 	slider_2: markerPos = None
41.3616 	EXP 	slider_2: markerPos = None
41.3616 	EXP 	slider_2: rating = None
41.3616 	EXP 	image_2: autoDraw = True
41.3616 	EXP 	slider_2: autoDraw = True
41.4085 	DATA 	Mouse: Left button down, pos=(682,152)
41.4224 	EXP 	slider_2: markerPos = 3.4934895833333335
41.4392 	EXP 	slider_2: markerPos = 3.4934895833333335
41.4559 	EXP 	slider_2: markerPos = 3.4934895833333335
41.4725 	EXP 	slider_2: markerPos = 3.4934895833333335
41.4785 	DATA 	Mouse:  Left button up, pos=(682,152)
41.4891 	EXP 	slider_2: markerPos = 3.4934895833333335
41.5059 	EXP 	slider_2: markerPos = 3.4934895833333335
41.5059 	EXP 	slider_2: rating = 3.4934895833333335
41.5097 	EXP 	New trial (rep=0, index=7): OrderedDict([('Imagenes', 'imagenes\\Nutella (1).jpg'), ('Random', 0.5277483225747329), ('Correcto', None)])
41.5297 	EXP 	image_2: autoDraw = False
41.5297 	EXP 	slider_2: autoDraw = False
41.5297 	EXP 	image_2: image = 'imagenes\\Nutella (1).jpg'
41.5297 	EXP 	slider_2: markerPos = None
41.5297 	EXP 	slider_2: markerPos = None
41.5297 	EXP 	slider_2: rating = None
41.5297 	EXP 	image_2: autoDraw = True
41.5297 	EXP 	slider_2: autoDraw = True
41.5919 	DATA 	Mouse: Left button down, pos=(682,153)
41.6057 	EXP 	slider_2: markerPos = 3.4934895833333335
41.6227 	EXP 	slider_2: markerPos = 3.4934895833333335
41.6287 	DATA 	Mouse:  Left button up, pos=(682,153)
41.6391 	EXP 	slider_2: markerPos = 3.4934895833333335
41.6562 	EXP 	slider_2: markerPos = 3.4934895833333335
41.6562 	EXP 	slider_2: rating = 3.4934895833333335
41.6597 	EXP 	New trial (rep=0, index=8): OrderedDict([('Imagenes', 'imagenes\\Leche-de-almendras.jpg'), ('Random', 0.36073876480313727), ('Correcto', None)])
41.7314 	DATA 	Mouse: Left button down, pos=(682,153)
41.7375 	EXP 	image_2: autoDraw = False
41.7375 	EXP 	slider_2: autoDraw = False
41.7375 	EXP 	image_2: image = 'imagenes\\Leche-de-almendras.jpg'
41.7375 	EXP 	slider_2: markerPos = None
41.7375 	EXP 	slider_2: markerPos = None
41.7375 	EXP 	slider_2: rating = None
41.7375 	EXP 	image_2: autoDraw = True
41.7375 	EXP 	slider_2: autoDraw = True
41.7375 	EXP 	slider_2: markerPos = 3.4934895833333335
41.7452 	EXP 	slider_2: markerPos = 3.4934895833333335
41.7563 	EXP 	slider_2: markerPos = 3.4934895833333335
41.7729 	EXP 	slider_2: markerPos = 3.4934895833333335
41.7786 	DATA 	Mouse:  Left button up, pos=(682,153)
41.7895 	EXP 	slider_2: markerPos = 3.4934895833333335
41.8063 	EXP 	slider_2: markerPos = 3.4934895833333335
41.8063 	EXP 	slider_2: rating = 3.4934895833333335
41.8098 	EXP 	New trial (rep=0, index=9): OrderedDict([('Imagenes', 'imagenes\\Popetas.jpg'), ('Random', 0.07650200324054446), ('Correcto', None)])
41.8737 	DATA 	Mouse: Left button down, pos=(682,153)
41.8760 	EXP 	image_2: autoDraw = False
41.8760 	EXP 	slider_2: autoDraw = False
41.8760 	EXP 	image_2: image = 'imagenes\\Popetas.jpg'
41.8760 	EXP 	slider_2: markerPos = None
41.8760 	EXP 	slider_2: markerPos = None
41.8760 	EXP 	slider_2: rating = None
41.8760 	EXP 	image_2: autoDraw = True
41.8760 	EXP 	slider_2: autoDraw = True
41.8828 	EXP 	slider_2: markerPos = 3.4934895833333335
41.8891 	EXP 	slider_2: markerPos = 3.4934895833333335
41.9061 	EXP 	slider_2: markerPos = 3.4934895833333335
41.9227 	EXP 	slider_2: markerPos = 3.4934895833333335
41.9253 	DATA 	Mouse:  Left button up, pos=(682,153)
41.9394 	EXP 	slider_2: markerPos = 3.4934895833333335
41.9394 	EXP 	slider_2: rating = 3.4934895833333335
41.9429 	EXP 	New trial (rep=0, index=10): OrderedDict([('Imagenes', 'imagenes\\Croissant.jpg'), ('Random', 0.6152458173421255), ('Correcto', None)])
41.9937 	DATA 	Mouse: Left button down, pos=(682,153)
41.9981 	EXP 	image_2: autoDraw = False
41.9981 	EXP 	slider_2: autoDraw = False
41.9981 	EXP 	image_2: image = 'imagenes\\Croissant.jpg'
41.9981 	EXP 	slider_2: markerPos = None
41.9981 	EXP 	slider_2: markerPos = None
41.9981 	EXP 	slider_2: rating = None
41.9981 	EXP 	image_2: autoDraw = True
41.9981 	EXP 	slider_2: autoDraw = True
41.9981 	EXP 	slider_2: markerPos = 3.4934895833333335
42.0055 	EXP 	slider_2: markerPos = 3.4934895833333335
42.0120 	EXP 	slider_2: markerPos = 3.4934895833333335
42.0224 	EXP 	slider_2: markerPos = 3.4934895833333335
42.0392 	EXP 	slider_2: markerPos = 3.4934895833333335
42.0558 	EXP 	slider_2: markerPos = 3.4934895833333335
42.0725 	EXP 	slider_2: markerPos = 3.4934895833333335
42.0746 	DATA 	Mouse:  Left button up, pos=(682,153)
42.0891 	EXP 	slider_2: markerPos = 3.4934895833333335
42.0891 	EXP 	slider_2: rating = 3.4934895833333335
42.0927 	EXP 	New trial (rep=0, index=11): OrderedDict([('Imagenes', 'imagenes\\Rosquitas (1).jpg'), ('Random', 0.3035383390851263), ('Correcto', None)])
42.1450 	EXP 	image_2: autoDraw = False
42.1450 	EXP 	slider_2: autoDraw = False
42.1450 	EXP 	image_2: image = 'imagenes\\Rosquitas (1).jpg'
42.1450 	EXP 	slider_2: markerPos = None
42.1450 	EXP 	slider_2: markerPos = None
42.1450 	EXP 	slider_2: rating = None
42.1450 	EXP 	image_2: autoDraw = True
42.1450 	EXP 	slider_2: autoDraw = True
42.1483 	DATA 	Mouse: Left button down, pos=(682,153)
42.1558 	EXP 	slider_2: markerPos = 3.4934895833333335
42.1725 	EXP 	slider_2: markerPos = 3.4934895833333335
42.1891 	EXP 	slider_2: markerPos = 3.4934895833333335
42.2063 	EXP 	slider_2: markerPos = 3.4934895833333335
42.2225 	EXP 	slider_2: markerPos = 3.4934895833333335
42.2247 	DATA 	Mouse:  Left button up, pos=(682,153)
42.2391 	EXP 	slider_2: markerPos = 3.4934895833333335
42.2391 	EXP 	slider_2: rating = 3.4934895833333335
42.2428 	EXP 	New trial (rep=0, index=12): OrderedDict([('Imagenes', 'imagenes\\Chocoramo.jfif.jpg'), ('Random', 0.7789437122019539), ('Correcto', None)])
42.2803 	EXP 	image_2: autoDraw = False
42.2803 	EXP 	slider_2: autoDraw = False
42.2803 	EXP 	image_2: image = 'imagenes\\Chocoramo.jfif.jpg'
42.2803 	EXP 	slider_2: markerPos = None
42.2803 	EXP 	slider_2: markerPos = None
42.2803 	EXP 	slider_2: rating = None
42.2803 	EXP 	image_2: autoDraw = True
42.2803 	EXP 	slider_2: autoDraw = True
42.3079 	DATA 	Mouse: Left button down, pos=(682,153)
42.3229 	EXP 	slider_2: markerPos = 3.4934895833333335
42.3394 	EXP 	slider_2: markerPos = 3.4934895833333335
42.3561 	EXP 	slider_2: markerPos = 3.4934895833333335
42.3724 	EXP 	slider_2: markerPos = 3.4934895833333335
42.3751 	DATA 	Mouse:  Left button up, pos=(682,153)
42.3891 	EXP 	slider_2: markerPos = 3.4934895833333335
42.3891 	EXP 	slider_2: rating = 3.4934895833333335
42.3926 	EXP 	New trial (rep=0, index=13): OrderedDict([('Imagenes', 'imagenes\\Mango.jpeg'), ('Random', 0.555669112372461), ('Correcto', None)])
42.4347 	EXP 	image_2: autoDraw = False
42.4347 	EXP 	slider_2: autoDraw = False
42.4347 	EXP 	image_2: image = 'imagenes\\Mango.jpeg'
42.4347 	EXP 	slider_2: markerPos = None
42.4347 	EXP 	slider_2: markerPos = None
42.4347 	EXP 	slider_2: rating = None
42.4347 	EXP 	image_2: autoDraw = True
42.4347 	EXP 	slider_2: autoDraw = True
42.4574 	DATA 	Mouse: Left button down, pos=(682,153)
42.4724 	EXP 	slider_2: markerPos = 3.4934895833333335
42.4891 	EXP 	slider_2: markerPos = 3.4934895833333335
42.5057 	EXP 	slider_2: markerPos = 3.4934895833333335
42.5126 	DATA 	Mouse:  Left button up, pos=(682,153)
42.5225 	EXP 	slider_2: markerPos = 3.4934895833333335
42.5392 	EXP 	slider_2: markerPos = 3.4934895833333335
42.5392 	EXP 	slider_2: rating = 3.4934895833333335
42.5427 	EXP 	New trial (rep=0, index=14): OrderedDict([('Imagenes', 'imagenes\\Manzana.jpg'), ('Random', 0.5168162194437935), ('Correcto', None)])
42.5734 	DATA 	Mouse: Left button down, pos=(682,153)
42.5756 	EXP 	image_2: autoDraw = False
42.5756 	EXP 	slider_2: autoDraw = False
42.5756 	EXP 	image_2: image = 'imagenes\\Manzana.jpg'
42.5756 	EXP 	slider_2: markerPos = None
42.5756 	EXP 	slider_2: markerPos = None
42.5756 	EXP 	slider_2: rating = None
42.5756 	EXP 	image_2: autoDraw = True
42.5756 	EXP 	slider_2: autoDraw = True
42.5818 	EXP 	slider_2: markerPos = 3.4934895833333335
42.5889 	EXP 	slider_2: markerPos = 3.4934895833333335
42.6058 	EXP 	slider_2: markerPos = 3.4934895833333335
42.6225 	EXP 	slider_2: markerPos = 3.4934895833333335
42.6393 	EXP 	slider_2: markerPos = 3.4934895833333335
42.6466 	DATA 	Mouse:  Left button up, pos=(682,153)
42.6561 	EXP 	slider_2: markerPos = 3.4934895833333335
42.6725 	EXP 	slider_2: markerPos = 3.4934895833333335
42.6725 	EXP 	slider_2: rating = 3.4934895833333335
42.6764 	EXP 	New trial (rep=0, index=15): OrderedDict([('Imagenes', 'imagenes\\Papas-pollo.jpg'), ('Random', 0.6683114062971784), ('Correcto', None)])
42.7091 	EXP 	image_2: autoDraw = False
42.7091 	EXP 	slider_2: autoDraw = False
42.7091 	EXP 	image_2: image = 'imagenes\\Papas-pollo.jpg'
42.7091 	EXP 	slider_2: markerPos = None
42.7091 	EXP 	slider_2: markerPos = None
42.7091 	EXP 	slider_2: rating = None
42.7091 	EXP 	image_2: autoDraw = True
42.7091 	EXP 	slider_2: autoDraw = True
42.7250 	DATA 	Mouse: Left button down, pos=(682,153)
42.7391 	EXP 	slider_2: markerPos = 3.4934895833333335
42.7561 	EXP 	slider_2: markerPos = 3.4934895833333335
42.7724 	EXP 	slider_2: markerPos = 3.4934895833333335
42.7892 	EXP 	slider_2: markerPos = 3.4934895833333335
42.7916 	DATA 	Mouse:  Left button up, pos=(682,153)
42.8058 	EXP 	slider_2: markerPos = 3.4934895833333335
42.8058 	EXP 	slider_2: rating = 3.4934895833333335
42.8096 	EXP 	New trial (rep=0, index=16): OrderedDict([('Imagenes', 'imagenes\\Papas-naturales.jpg'), ('Random', 0.15856838916280946), ('Correcto', None)])
42.8284 	EXP 	image_2: autoDraw = False
42.8284 	EXP 	slider_2: autoDraw = False
42.8284 	EXP 	image_2: image = 'imagenes\\Papas-naturales.jpg'
42.8284 	EXP 	slider_2: markerPos = None
42.8284 	EXP 	slider_2: markerPos = None
42.8284 	EXP 	slider_2: rating = None
42.8284 	EXP 	image_2: autoDraw = True
42.8284 	EXP 	slider_2: autoDraw = True
42.8755 	DATA 	Mouse: Left button down, pos=(682,153)
42.8890 	EXP 	slider_2: markerPos = 3.4934895833333335
42.9059 	EXP 	slider_2: markerPos = 3.4934895833333335
42.9224 	EXP 	slider_2: markerPos = 3.4934895833333335
42.9390 	EXP 	slider_2: markerPos = 3.4934895833333335
42.9412 	DATA 	Mouse:  Left button up, pos=(682,153)
42.9558 	EXP 	slider_2: markerPos = 3.4934895833333335
42.9558 	EXP 	slider_2: rating = 3.4934895833333335
42.9587 	EXP 	New trial (rep=0, index=17): OrderedDict([('Imagenes', 'imagenes\\Alpinito.jpg'), ('Random', 0.4515332417045813), ('Correcto', None)])
42.9990 	EXP 	image_2: autoDraw = False
42.9990 	EXP 	slider_2: autoDraw = False
42.9990 	EXP 	image_2: image = 'imagenes\\Alpinito.jpg'
42.9990 	EXP 	slider_2: markerPos = None
42.9990 	EXP 	slider_2: markerPos = None
42.9990 	EXP 	slider_2: rating = None
42.9990 	EXP 	image_2: autoDraw = True
42.9990 	EXP 	slider_2: autoDraw = True
43.0241 	DATA 	Mouse: Left button down, pos=(682,153)
43.0391 	EXP 	slider_2: markerPos = 3.4934895833333335
43.0560 	EXP 	slider_2: markerPos = 3.4934895833333335
43.0730 	EXP 	slider_2: markerPos = 3.4934895833333335
43.0891 	EXP 	slider_2: markerPos = 3.4934895833333335
43.0913 	DATA 	Mouse:  Left button up, pos=(682,153)
43.1062 	EXP 	slider_2: markerPos = 3.4934895833333335
43.1062 	EXP 	slider_2: rating = 3.4934895833333335
43.1097 	EXP 	New trial (rep=0, index=18): OrderedDict([('Imagenes', 'imagenes\\Brownie.jpg'), ('Random', 0.17000143351927688), ('Correcto', None)])
43.1653 	DATA 	Mouse: Left button down, pos=(682,153)
43.1703 	EXP 	image_2: autoDraw = False
43.1703 	EXP 	slider_2: autoDraw = False
43.1703 	EXP 	image_2: image = 'imagenes\\Brownie.jpg'
43.1703 	EXP 	slider_2: markerPos = None
43.1703 	EXP 	slider_2: markerPos = None
43.1703 	EXP 	slider_2: rating = None
43.1703 	EXP 	image_2: autoDraw = True
43.1703 	EXP 	slider_2: autoDraw = True
43.1703 	EXP 	slider_2: markerPos = 3.4934895833333335
43.1765 	EXP 	slider_2: markerPos = 3.4934895833333335
43.1818 	EXP 	slider_2: markerPos = 3.4934895833333335
43.1890 	EXP 	slider_2: markerPos = 3.4934895833333335
43.2059 	EXP 	slider_2: markerPos = 3.4934895833333335
43.2225 	EXP 	slider_2: markerPos = 3.4934895833333335
43.2393 	EXP 	slider_2: markerPos = 3.4934895833333335
43.2457 	DATA 	Mouse:  Left button up, pos=(682,153)
43.2559 	EXP 	slider_2: markerPos = 3.4934895833333335
43.2725 	EXP 	slider_2: markerPos = 3.4934895833333335
43.2725 	EXP 	slider_2: rating = 3.4934895833333335
43.2763 	EXP 	New trial (rep=0, index=19): OrderedDict([('Imagenes', 'imagenes\\Uvas.jpg'), ('Random', 0.7734382152670648), ('Correcto', None)])
43.3082 	EXP 	image_2: autoDraw = False
43.3082 	EXP 	slider_2: autoDraw = False
43.3082 	EXP 	image_2: image = 'imagenes\\Uvas.jpg'
43.3082 	EXP 	slider_2: markerPos = None
43.3082 	EXP 	slider_2: markerPos = None
43.3082 	EXP 	slider_2: rating = None
43.3082 	EXP 	image_2: autoDraw = True
43.3082 	EXP 	slider_2: autoDraw = True
43.3436 	DATA 	Mouse: Left button down, pos=(682,153)
43.3557 	EXP 	slider_2: markerPos = 3.4934895833333335
43.3724 	EXP 	slider_2: markerPos = 3.4934895833333335
43.3891 	EXP 	slider_2: markerPos = 3.4934895833333335
43.4057 	EXP 	slider_2: markerPos = 3.4934895833333335
43.4115 	DATA 	Mouse:  Left button up, pos=(682,153)
43.4224 	EXP 	slider_2: markerPos = 3.4934895833333335
43.4391 	EXP 	slider_2: markerPos = 3.4934895833333335
43.4391 	EXP 	slider_2: rating = 3.4934895833333335
43.4430 	EXP 	New trial (rep=0, index=1): OrderedDict([('Hertz', 1500), ('volumen', 0.02)])
43.4542 	EXP 	Imported imagenes.xlsx as conditions, 20 conditions, 3 params
43.4548 	EXP 	Created sequence: random, trialTypes=20, nReps=1, seed=None
43.4552 	EXP 	New trial (rep=0, index=0): OrderedDict([('Imagenes', 'imagenes\\Papas-limon.jpg'), ('Random', 0.020692288100133793), ('Correcto', None)])
43.4728 	EXP 	image_2: autoDraw = False
43.4728 	EXP 	slider_2: autoDraw = False
43.4728 	EXP 	image_2: image = 'imagenes\\Papas-limon.jpg'
43.4728 	EXP 	slider_2: markerPos = None
43.4728 	EXP 	slider_2: markerPos = None
43.4728 	EXP 	slider_2: rating = None
43.4728 	EXP 	image_2: autoDraw = True
43.4728 	EXP 	slider_2: autoDraw = True
43.4824 	DATA 	Mouse: Left button down, pos=(682,153)
43.4890 	EXP 	slider_2: markerPos = 3.4934895833333335
43.5058 	EXP 	slider_2: markerPos = 3.4934895833333335
43.5225 	EXP 	slider_2: markerPos = 3.4934895833333335
43.5389 	EXP 	slider_2: markerPos = 3.4934895833333335
43.5562 	EXP 	slider_2: markerPos = 3.4934895833333335
43.5584 	DATA 	Mouse:  Left button up, pos=(682,153)
43.5724 	EXP 	slider_2: markerPos = 3.4934895833333335
43.5724 	EXP 	slider_2: rating = 3.4934895833333335
43.5761 	EXP 	New trial (rep=0, index=1): OrderedDict([('Imagenes', 'imagenes\\Popetas.jpg'), ('Random', 0.07650200324054446), ('Correcto', None)])
43.6203 	EXP 	image_2: autoDraw = False
43.6203 	EXP 	slider_2: autoDraw = False
43.6203 	EXP 	image_2: image = 'imagenes\\Popetas.jpg'
43.6203 	EXP 	slider_2: markerPos = None
43.6203 	EXP 	slider_2: markerPos = None
43.6203 	EXP 	slider_2: rating = None
43.6203 	EXP 	image_2: autoDraw = True
43.6203 	EXP 	slider_2: autoDraw = True
43.6301 	DATA 	Mouse: Left button down, pos=(682,153)
43.6391 	EXP 	slider_2: markerPos = 3.4934895833333335
43.6559 	EXP 	slider_2: markerPos = 3.4934895833333335
43.6725 	EXP 	slider_2: markerPos = 3.4934895833333335
43.6891 	EXP 	slider_2: markerPos = 3.4934895833333335
43.7061 	EXP 	slider_2: markerPos = 3.4934895833333335
43.7168 	DATA 	Mouse:  Left button up, pos=(682,153)
43.7226 	EXP 	slider_2: markerPos = 3.4934895833333335
43.7393 	EXP 	slider_2: markerPos = 3.4934895833333335
43.7393 	EXP 	slider_2: rating = 3.4934895833333335
43.7432 	EXP 	New trial (rep=0, index=2): OrderedDict([('Imagenes', 'imagenes\\Papas-pollo.jpg'), ('Random', 0.6683114062971784), ('Correcto', None)])
43.7593 	EXP 	image_2: autoDraw = False
43.7593 	EXP 	slider_2: autoDraw = False
43.7593 	EXP 	image_2: image = 'imagenes\\Papas-pollo.jpg'
43.7593 	EXP 	slider_2: markerPos = None
43.7593 	EXP 	slider_2: markerPos = None
43.7593 	EXP 	slider_2: rating = None
43.7593 	EXP 	image_2: autoDraw = True
43.7593 	EXP 	slider_2: autoDraw = True
43.9407 	DATA 	Mouse: Left button down, pos=(682,153)
43.9558 	EXP 	slider_2: markerPos = 3.4934895833333335
43.9723 	EXP 	slider_2: markerPos = 3.4934895833333335
43.9890 	EXP 	slider_2: markerPos = 3.4934895833333335
44.0061 	EXP 	slider_2: markerPos = 3.4934895833333335
44.0115 	DATA 	Mouse:  Left button up, pos=(682,153)
44.0223 	EXP 	slider_2: markerPos = 3.4934895833333335
44.0391 	EXP 	slider_2: markerPos = 3.4934895833333335
44.0391 	EXP 	slider_2: rating = 3.4934895833333335
44.0426 	EXP 	New trial (rep=0, index=3): OrderedDict([('Imagenes', 'imagenes\\Galletas-festival.jpg'), ('Random', 0.36121121246191135), ('Correcto', None)])
44.0695 	EXP 	image_2: autoDraw = False
44.0695 	EXP 	slider_2: autoDraw = False
44.0695 	EXP 	image_2: image = 'imagenes\\Galletas-festival.jpg'
44.0695 	EXP 	slider_2: markerPos = None
44.0695 	EXP 	slider_2: markerPos = None
44.0695 	EXP 	slider_2: rating = None
44.0695 	EXP 	image_2: autoDraw = True
44.0695 	EXP 	slider_2: autoDraw = True
44.0801 	DATA 	Mouse: Left button down, pos=(682,153)
44.1060 	EXP 	slider_2: markerPos = 3.4934895833333335
44.1224 	EXP 	slider_2: markerPos = 3.4934895833333335
44.1389 	EXP 	slider_2: markerPos = 3.4934895833333335
44.1558 	EXP 	slider_2: markerPos = 3.4934895833333335
44.1724 	EXP 	slider_2: markerPos = 3.4934895833333335
44.1745 	DATA 	Mouse:  Left button up, pos=(682,153)
44.1890 	EXP 	slider_2: markerPos = 3.4934895833333335
44.1890 	EXP 	slider_2: rating = 3.4934895833333335
44.1927 	EXP 	New trial (rep=0, index=4): OrderedDict([('Imagenes', 'imagenes\\Brownie.jpg'), ('Random', 0.17000143351927688), ('Correcto', None)])
44.2335 	EXP 	image_2: autoDraw = False
44.2335 	EXP 	slider_2: autoDraw = False
44.2335 	EXP 	image_2: image = 'imagenes\\Brownie.jpg'
44.2335 	EXP 	slider_2: markerPos = None
44.2335 	EXP 	slider_2: markerPos = None
44.2335 	EXP 	slider_2: rating = None
44.2335 	EXP 	image_2: autoDraw = True
44.2335 	EXP 	slider_2: autoDraw = True
44.2382 	DATA 	Mouse: Left button down, pos=(682,153)
44.2460 	EXP 	slider_2: markerPos = 3.4934895833333335
44.2557 	EXP 	slider_2: markerPos = 3.4934895833333335
44.2724 	EXP 	slider_2: markerPos = 3.4934895833333335
44.2890 	EXP 	slider_2: markerPos = 3.4934895833333335
44.3059 	EXP 	slider_2: markerPos = 3.4934895833333335
44.3225 	EXP 	slider_2: markerPos = 3.4934895833333335
44.3391 	EXP 	slider_2: markerPos = 3.4934895833333335
44.3415 	DATA 	Mouse:  Left button up, pos=(682,153)
44.3558 	EXP 	slider_2: markerPos = 3.4934895833333335
44.3558 	EXP 	slider_2: rating = 3.4934895833333335
44.3596 	EXP 	New trial (rep=0, index=5): OrderedDict([('Imagenes', 'imagenes\\Yogurt-alpina.jpg'), ('Random', 0.21540995091807813), ('Correcto', None)])
44.3804 	EXP 	image_2: autoDraw = False
44.3804 	EXP 	slider_2: autoDraw = False
44.3804 	EXP 	image_2: image = 'imagenes\\Yogurt-alpina.jpg'
44.3804 	EXP 	slider_2: markerPos = None
44.3804 	EXP 	slider_2: markerPos = None
44.3804 	EXP 	slider_2: rating = None
44.3804 	EXP 	image_2: autoDraw = True
44.3804 	EXP 	slider_2: autoDraw = True
44.3915 	DATA 	Mouse: Left button down, pos=(682,153)
44.4056 	EXP 	slider_2: markerPos = 3.4934895833333335
44.4224 	EXP 	slider_2: markerPos = 3.4934895833333335
44.4391 	EXP 	slider_2: markerPos = 3.4934895833333335
44.4560 	EXP 	slider_2: markerPos = 3.4934895833333335
44.4723 	EXP 	slider_2: markerPos = 3.4934895833333335
44.4749 	DATA 	Mouse:  Left button up, pos=(682,153)
44.4890 	EXP 	slider_2: markerPos = 3.4934895833333335
44.4890 	EXP 	slider_2: rating = 3.4934895833333335
44.4930 	EXP 	New trial (rep=0, index=6): OrderedDict([('Imagenes', 'imagenes\\Rosquitas (1).jpg'), ('Random', 0.3035383390851263), ('Correcto', None)])
44.5220 	EXP 	image_2: autoDraw = False
44.5220 	EXP 	slider_2: autoDraw = False
44.5220 	EXP 	image_2: image = 'imagenes\\Rosquitas (1).jpg'
44.5220 	EXP 	slider_2: markerPos = None
44.5220 	EXP 	slider_2: markerPos = None
44.5220 	EXP 	slider_2: rating = None
44.5220 	EXP 	image_2: autoDraw = True
44.5220 	EXP 	slider_2: autoDraw = True
44.5585 	DATA 	Mouse: Left button down, pos=(682,153)
44.5723 	EXP 	slider_2: markerPos = 3.4934895833333335
44.5890 	EXP 	slider_2: markerPos = 3.4934895833333335
44.6058 	EXP 	slider_2: markerPos = 3.4934895833333335
44.6223 	EXP 	slider_2: markerPos = 3.4934895833333335
44.6391 	EXP 	slider_2: markerPos = 3.4934895833333335
44.6414 	DATA 	Mouse:  Left button up, pos=(682,153)
44.6560 	EXP 	slider_2: markerPos = 3.4934895833333335
44.6560 	EXP 	slider_2: rating = 3.4934895833333335
44.6597 	EXP 	New trial (rep=0, index=7): OrderedDict([('Imagenes', 'imagenes\\Galletas Tosh.jpg'), ('Random', 0.478088790487872), ('Correcto', None)])
44.6953 	EXP 	image_2: autoDraw = False
44.6953 	EXP 	slider_2: autoDraw = False
44.6953 	EXP 	image_2: image = 'imagenes\\Galletas Tosh.jpg'
44.6953 	EXP 	slider_2: markerPos = None
44.6953 	EXP 	slider_2: markerPos = None
44.6953 	EXP 	slider_2: rating = None
44.6953 	EXP 	image_2: autoDraw = True
44.6953 	EXP 	slider_2: autoDraw = True
44.7034 	DATA 	Mouse: Left button down, pos=(682,153)
44.7077 	EXP 	slider_2: markerPos = 3.4934895833333335
44.7223 	EXP 	slider_2: markerPos = 3.4934895833333335
44.7390 	EXP 	slider_2: markerPos = 3.4934895833333335
44.7558 	EXP 	slider_2: markerPos = 3.4934895833333335
44.7723 	EXP 	slider_2: markerPos = 3.4934895833333335
44.7890 	EXP 	slider_2: markerPos = 3.4934895833333335
44.7917 	DATA 	Mouse:  Left button up, pos=(682,153)
44.8057 	EXP 	slider_2: markerPos = 3.4934895833333335
44.8057 	EXP 	slider_2: rating = 3.4934895833333335
44.8090 	EXP 	New trial (rep=0, index=8): OrderedDict([('Imagenes', 'imagenes\\Mango.jpeg'), ('Random', 0.555669112372461), ('Correcto', None)])
44.8323 	EXP 	image_2: autoDraw = False
44.8323 	EXP 	slider_2: autoDraw = False
44.8323 	EXP 	image_2: image = 'imagenes\\Mango.jpeg'
44.8323 	EXP 	slider_2: markerPos = None
44.8323 	EXP 	slider_2: markerPos = None
44.8323 	EXP 	slider_2: rating = None
44.8323 	EXP 	image_2: autoDraw = True
44.8323 	EXP 	slider_2: autoDraw = True
44.8605 	DATA 	Mouse: Left button down, pos=(682,153)
44.8890 	EXP 	slider_2: markerPos = 3.4934895833333335
44.9060 	EXP 	slider_2: markerPos = 3.4934895833333335
44.9223 	EXP 	slider_2: markerPos = 3.4934895833333335
44.9389 	EXP 	slider_2: markerPos = 3.4934895833333335
44.9557 	EXP 	slider_2: markerPos = 3.4934895833333335
44.9579 	DATA 	Mouse:  Left button up, pos=(682,153)
44.9723 	EXP 	slider_2: markerPos = 3.4934895833333335
44.9723 	EXP 	slider_2: rating = 3.4934895833333335
44.9765 	EXP 	New trial (rep=0, index=9): OrderedDict([('Imagenes', 'imagenes\\Chocoramo.jfif.jpg'), ('Random', 0.7789437122019539), ('Correcto', None)])
45.0093 	EXP 	image_2: autoDraw = False
45.0093 	EXP 	slider_2: autoDraw = False
45.0093 	EXP 	image_2: image = 'imagenes\\Chocoramo.jfif.jpg'
45.0093 	EXP 	slider_2: markerPos = None
45.0093 	EXP 	slider_2: markerPos = None
45.0093 	EXP 	slider_2: rating = None
45.0093 	EXP 	image_2: autoDraw = True
45.0093 	EXP 	slider_2: autoDraw = True
45.0254 	DATA 	Mouse: Left button down, pos=(682,153)
45.0391 	EXP 	slider_2: markerPos = 3.4934895833333335
45.0559 	EXP 	slider_2: markerPos = 3.4934895833333335
45.0725 	EXP 	slider_2: markerPos = 3.4934895833333335
45.0889 	EXP 	slider_2: markerPos = 3.4934895833333335
45.1057 	EXP 	slider_2: markerPos = 3.4934895833333335
45.1223 	EXP 	slider_2: markerPos = 3.4934895833333335
45.1251 	DATA 	Mouse:  Left button up, pos=(682,153)
45.1390 	EXP 	slider_2: markerPos = 3.4934895833333335
45.1390 	EXP 	slider_2: rating = 3.4934895833333335
45.1421 	EXP 	New trial (rep=0, index=10): OrderedDict([('Imagenes', 'imagenes\\Nutella (1).jpg'), ('Random', 0.5277483225747329), ('Correcto', None)])
45.1609 	EXP 	image_2: autoDraw = False
45.1609 	EXP 	slider_2: autoDraw = False
45.1609 	EXP 	image_2: image = 'imagenes\\Nutella (1).jpg'
45.1609 	EXP 	slider_2: markerPos = None
45.1609 	EXP 	slider_2: markerPos = None
45.1609 	EXP 	slider_2: rating = None
45.1609 	EXP 	image_2: autoDraw = True
45.1609 	EXP 	slider_2: autoDraw = True
45.1908 	DATA 	Mouse: Left button down, pos=(682,153)
45.2058 	EXP 	slider_2: markerPos = 3.4934895833333335
45.2225 	EXP 	slider_2: markerPos = 3.4934895833333335
45.2392 	EXP 	slider_2: markerPos = 3.4934895833333335
45.2559 	EXP 	slider_2: markerPos = 3.4934895833333335
45.2724 	EXP 	slider_2: markerPos = 3.4934895833333335
45.2790 	DATA 	Mouse:  Left button up, pos=(682,153)
45.2891 	EXP 	slider_2: markerPos = 3.4934895833333335
45.3057 	EXP 	slider_2: markerPos = 3.4934895833333335
45.3057 	EXP 	slider_2: rating = 3.4934895833333335
45.3091 	EXP 	New trial (rep=0, index=11): OrderedDict([('Imagenes', 'imagenes\\Uvas.jpg'), ('Random', 0.7734382152670648), ('Correcto', None)])
45.3292 	EXP 	image_2: autoDraw = False
45.3292 	EXP 	slider_2: autoDraw = False
45.3292 	EXP 	image_2: image = 'imagenes\\Uvas.jpg'
45.3292 	EXP 	slider_2: markerPos = None
45.3292 	EXP 	slider_2: markerPos = None
45.3292 	EXP 	slider_2: rating = None
45.3292 	EXP 	image_2: autoDraw = True
45.3292 	EXP 	slider_2: autoDraw = True
45.3578 	DATA 	Mouse: Left button down, pos=(682,153)
45.3723 	EXP 	slider_2: markerPos = 3.4934895833333335
45.3889 	EXP 	slider_2: markerPos = 3.4934895833333335
45.4055 	EXP 	slider_2: markerPos = 3.4934895833333335
45.4223 	EXP 	slider_2: markerPos = 3.4934895833333335
45.4390 	EXP 	slider_2: markerPos = 3.4934895833333335
45.4407 	DATA 	Mouse:  Left button up, pos=(682,153)
45.4561 	EXP 	slider_2: markerPos = 3.4934895833333335
45.4561 	EXP 	slider_2: rating = 3.4934895833333335
45.4594 	EXP 	New trial (rep=0, index=12): OrderedDict([('Imagenes', 'imagenes\\Manzana.jpg'), ('Random', 0.5168162194437935), ('Correcto', None)])
45.4931 	EXP 	image_2: autoDraw = False
45.4931 	EXP 	slider_2: autoDraw = False
45.4931 	EXP 	image_2: image = 'imagenes\\Manzana.jpg'
45.4931 	EXP 	slider_2: markerPos = None
45.4931 	EXP 	slider_2: markerPos = None
45.4931 	EXP 	slider_2: rating = None
45.4931 	EXP 	image_2: autoDraw = True
45.4931 	EXP 	slider_2: autoDraw = True
45.5080 	DATA 	Mouse: Left button down, pos=(682,153)
45.5223 	EXP 	slider_2: markerPos = 3.4934895833333335
45.5390 	EXP 	slider_2: markerPos = 3.4934895833333335
45.5557 	EXP 	slider_2: markerPos = 3.4934895833333335
45.5723 	EXP 	slider_2: markerPos = 3.4934895833333335
45.5891 	EXP 	slider_2: markerPos = 3.4934895833333335
45.5916 	DATA 	Mouse:  Left button up, pos=(682,153)
45.6057 	EXP 	slider_2: markerPos = 3.4934895833333335
45.6057 	EXP 	slider_2: rating = 3.4934895833333335
45.6089 	EXP 	New trial (rep=0, index=13): OrderedDict([('Imagenes', 'imagenes\\Kiwi.jpg'), ('Random', 0.5893907384852061), ('Correcto', None)])
45.6242 	EXP 	image_2: autoDraw = False
45.6242 	EXP 	slider_2: autoDraw = False
45.6242 	EXP 	image_2: image = 'imagenes\\Kiwi.jpg'
45.6242 	EXP 	slider_2: markerPos = None
45.6242 	EXP 	slider_2: markerPos = None
45.6242 	EXP 	slider_2: rating = None
45.6242 	EXP 	image_2: autoDraw = True
45.6242 	EXP 	slider_2: autoDraw = True
45.6755 	DATA 	Mouse: Left button down, pos=(682,153)
45.6892 	EXP 	slider_2: markerPos = 3.4934895833333335
45.7058 	EXP 	slider_2: markerPos = 3.4934895833333335
45.7226 	EXP 	slider_2: markerPos = 3.4934895833333335
45.7391 	EXP 	slider_2: markerPos = 3.4934895833333335
45.7414 	DATA 	Mouse:  Left button up, pos=(682,153)
45.7558 	EXP 	slider_2: markerPos = 3.4934895833333335
45.7558 	EXP 	slider_2: rating = 3.4934895833333335
45.7599 	EXP 	New trial (rep=0, index=14): OrderedDict([('Imagenes', 'imagenes\\Papas-naturales.jpg'), ('Random', 0.15856838916280946), ('Correcto', None)])
45.7778 	EXP 	image_2: autoDraw = False
45.7778 	EXP 	slider_2: autoDraw = False
45.7778 	EXP 	image_2: image = 'imagenes\\Papas-naturales.jpg'
45.7778 	EXP 	slider_2: markerPos = None
45.7778 	EXP 	slider_2: markerPos = None
45.7778 	EXP 	slider_2: rating = None
45.7778 	EXP 	image_2: autoDraw = True
45.7778 	EXP 	slider_2: autoDraw = True
45.8252 	DATA 	Mouse: Left button down, pos=(682,153)
45.8390 	EXP 	slider_2: markerPos = 3.4934895833333335
45.8555 	EXP 	slider_2: markerPos = 3.4934895833333335
45.8723 	EXP 	slider_2: markerPos = 3.4934895833333335
45.8891 	EXP 	slider_2: markerPos = 3.4934895833333335
45.8952 	DATA 	Mouse:  Left button up, pos=(682,153)
45.9060 	EXP 	slider_2: markerPos = 3.4934895833333335
45.9222 	EXP 	slider_2: markerPos = 3.4934895833333335
45.9222 	EXP 	slider_2: rating = 3.4934895833333335
45.9263 	EXP 	New trial (rep=0, index=15): OrderedDict([('Imagenes', 'imagenes\\bon-bon-bun.jpg'), ('Random', 0.7387922093313524), ('Correcto', None)])
45.9527 	DATA 	Mouse: Left button down, pos=(682,153)
45.9577 	EXP 	image_2: autoDraw = False
45.9577 	EXP 	slider_2: autoDraw = False
45.9577 	EXP 	image_2: image = 'imagenes\\bon-bon-bun.jpg'
45.9577 	EXP 	slider_2: markerPos = None
45.9577 	EXP 	slider_2: markerPos = None
45.9577 	EXP 	slider_2: rating = None
45.9577 	EXP 	image_2: autoDraw = True
45.9577 	EXP 	slider_2: autoDraw = True
45.9577 	EXP 	slider_2: markerPos = 3.4934895833333335
45.9649 	EXP 	slider_2: markerPos = 3.4934895833333335
45.9722 	EXP 	slider_2: markerPos = 3.4934895833333335
45.9891 	EXP 	slider_2: markerPos = 3.4934895833333335
46.0056 	EXP 	slider_2: markerPos = 3.4934895833333335
46.0222 	EXP 	slider_2: markerPos = 3.4934895833333335
46.0390 	EXP 	slider_2: markerPos = 3.4934895833333335
46.0556 	EXP 	slider_2: markerPos = 3.4934895833333335
46.0613 	DATA 	Mouse:  Left button up, pos=(682,153)
46.0722 	EXP 	slider_2: markerPos = 3.4934895833333335
46.0890 	EXP 	slider_2: markerPos = 3.4934895833333335
46.0890 	EXP 	slider_2: rating = 3.4934895833333335
46.0924 	EXP 	New trial (rep=0, index=16): OrderedDict([('Imagenes', 'imagenes\\Alpinito.jpg'), ('Random', 0.4515332417045813), ('Correcto', None)])
46.1302 	DATA 	Mouse: Left button down, pos=(682,153)
46.1351 	EXP 	image_2: autoDraw = False
46.1351 	EXP 	slider_2: autoDraw = False
46.1351 	EXP 	image_2: image = 'imagenes\\Alpinito.jpg'
46.1351 	EXP 	slider_2: markerPos = None
46.1351 	EXP 	slider_2: markerPos = None
46.1351 	EXP 	slider_2: rating = None
46.1351 	EXP 	image_2: autoDraw = True
46.1351 	EXP 	slider_2: autoDraw = True
46.1351 	EXP 	slider_2: markerPos = 3.4934895833333335
46.1422 	EXP 	slider_2: markerPos = 3.4934895833333335
46.1481 	EXP 	slider_2: markerPos = 3.4934895833333335
46.1562 	EXP 	slider_2: markerPos = 3.4934895833333335
46.1724 	EXP 	slider_2: markerPos = 3.4934895833333335
46.1780 	DATA 	Mouse:  Left button up, pos=(682,153)
46.1890 	EXP 	slider_2: markerPos = 3.4934895833333335
46.2057 	EXP 	slider_2: markerPos = 3.4934895833333335
46.2057 	EXP 	slider_2: rating = 3.4934895833333335
46.2097 	EXP 	New trial (rep=0, index=17): OrderedDict([('Imagenes', 'imagenes\\Banano.jpeg'), ('Random', 0.651633055306917), ('Correcto', None)])
46.2330 	EXP 	image_2: autoDraw = False
46.2330 	EXP 	slider_2: autoDraw = False
46.2330 	EXP 	image_2: image = 'imagenes\\Banano.jpeg'
46.2330 	EXP 	slider_2: markerPos = None
46.2330 	EXP 	slider_2: markerPos = None
46.2330 	EXP 	slider_2: rating = None
46.2330 	EXP 	image_2: autoDraw = True
46.2330 	EXP 	slider_2: autoDraw = True
46.2576 	DATA 	Mouse: Left button down, pos=(682,153)
46.2723 	EXP 	slider_2: markerPos = 3.4934895833333335
46.2891 	EXP 	slider_2: markerPos = 3.4934895833333335
46.3059 	EXP 	slider_2: markerPos = 3.4934895833333335
46.3224 	EXP 	slider_2: markerPos = 3.4934895833333335
46.3289 	DATA 	Mouse:  Left button up, pos=(682,153)
46.3389 	EXP 	slider_2: markerPos = 3.4934895833333335
46.3560 	EXP 	slider_2: markerPos = 3.4934895833333335
46.3560 	EXP 	slider_2: rating = 3.4934895833333335
46.3591 	EXP 	New trial (rep=0, index=18): OrderedDict([('Imagenes', 'imagenes\\Leche-de-almendras.jpg'), ('Random', 0.36073876480313727), ('Correcto', None)])
46.4357 	DATA 	Mouse: Left button down, pos=(682,153)
46.4414 	EXP 	image_2: autoDraw = False
46.4414 	EXP 	slider_2: autoDraw = False
46.4414 	EXP 	image_2: image = 'imagenes\\Leche-de-almendras.jpg'
46.4414 	EXP 	slider_2: markerPos = None
46.4414 	EXP 	slider_2: markerPos = None
46.4414 	EXP 	slider_2: rating = None
46.4414 	EXP 	image_2: autoDraw = True
46.4414 	EXP 	slider_2: autoDraw = True
46.4414 	EXP 	slider_2: markerPos = 3.4934895833333335
46.4476 	EXP 	slider_2: markerPos = 3.4934895833333335
46.4558 	EXP 	slider_2: markerPos = 3.4934895833333335
46.4726 	EXP 	slider_2: markerPos = 3.4934895833333335
46.4894 	EXP 	slider_2: markerPos = 3.4934895833333335
46.4916 	DATA 	Mouse:  Left button up, pos=(682,153)
46.5060 	EXP 	slider_2: markerPos = 3.4934895833333335
46.5060 	EXP 	slider_2: rating = 3.4934895833333335
46.5093 	EXP 	New trial (rep=0, index=19): OrderedDict([('Imagenes', 'imagenes\\Croissant.jpg'), ('Random', 0.6152458173421255), ('Correcto', None)])
46.5459 	EXP 	image_2: autoDraw = False
46.5459 	EXP 	slider_2: autoDraw = False
46.5459 	EXP 	image_2: image = 'imagenes\\Croissant.jpg'
46.5459 	EXP 	slider_2: markerPos = None
46.5459 	EXP 	slider_2: markerPos = None
46.5459 	EXP 	slider_2: rating = None
46.5459 	EXP 	image_2: autoDraw = True
46.5459 	EXP 	slider_2: autoDraw = True
46.5571 	DATA 	Mouse: Left button down, pos=(682,153)
46.5722 	EXP 	slider_2: markerPos = 3.4934895833333335
46.5890 	EXP 	slider_2: markerPos = 3.4934895833333335
46.6059 	EXP 	slider_2: markerPos = 3.4934895833333335
46.6225 	EXP 	slider_2: markerPos = 3.4934895833333335
46.6393 	EXP 	slider_2: markerPos = 3.4934895833333335
46.6452 	DATA 	Mouse:  Left button up, pos=(682,153)
46.6557 	EXP 	slider_2: markerPos = 3.4934895833333335
46.6723 	EXP 	slider_2: markerPos = 3.4934895833333335
46.6723 	EXP 	slider_2: rating = 3.4934895833333335
46.6762 	EXP 	New trial (rep=0, index=2): OrderedDict([('Hertz', 1000), ('volumen', 0.02)])
46.6872 	EXP 	Imported imagenes.xlsx as conditions, 20 conditions, 3 params
46.6877 	EXP 	Created sequence: random, trialTypes=20, nReps=1, seed=None
46.6882 	EXP 	New trial (rep=0, index=0): OrderedDict([('Imagenes', 'imagenes\\Rosquitas (1).jpg'), ('Random', 0.3035383390851263), ('Correcto', None)])
46.7196 	EXP 	image_2: autoDraw = False
46.7196 	EXP 	slider_2: autoDraw = False
46.7196 	EXP 	image_2: image = 'imagenes\\Rosquitas (1).jpg'
46.7196 	EXP 	slider_2: markerPos = None
46.7196 	EXP 	slider_2: markerPos = None
46.7196 	EXP 	slider_2: rating = None
46.7196 	EXP 	image_2: autoDraw = True
46.7196 	EXP 	slider_2: autoDraw = True
46.7224 	DATA 	Mouse: Left button down, pos=(682,153)
46.7265 	EXP 	slider_2: markerPos = 3.4934895833333335
46.7321 	EXP 	slider_2: markerPos = 3.4934895833333335
46.7389 	EXP 	slider_2: markerPos = 3.4934895833333335
46.7557 	EXP 	slider_2: markerPos = 3.4934895833333335
46.7722 	EXP 	slider_2: markerPos = 3.4934895833333335
46.7891 	EXP 	slider_2: markerPos = 3.4934895833333335
46.8058 	EXP 	slider_2: markerPos = 3.4934895833333335
46.8108 	DATA 	Mouse:  Left button up, pos=(682,153)
46.8223 	EXP 	slider_2: markerPos = 3.4934895833333335
46.8389 	EXP 	slider_2: markerPos = 3.4934895833333335
46.8389 	EXP 	slider_2: rating = 3.4934895833333335
46.8436 	EXP 	New trial (rep=0, index=1): OrderedDict([('Imagenes', 'imagenes\\Nutella (1).jpg'), ('Random', 0.5277483225747329), ('Correcto', None)])
46.8607 	EXP 	image_2: autoDraw = False
46.8607 	EXP 	slider_2: autoDraw = False
46.8607 	EXP 	image_2: image = 'imagenes\\Nutella (1).jpg'
46.8607 	EXP 	slider_2: markerPos = None
46.8607 	EXP 	slider_2: markerPos = None
46.8607 	EXP 	slider_2: rating = None
46.8607 	EXP 	image_2: autoDraw = True
46.8607 	EXP 	slider_2: autoDraw = True
46.8651 	DATA 	Mouse: Left button down, pos=(682,153)
46.8889 	EXP 	slider_2: markerPos = 3.4934895833333335
46.9059 	EXP 	slider_2: markerPos = 3.4934895833333335
46.9221 	EXP 	slider_2: markerPos = 3.4934895833333335
46.9389 	EXP 	slider_2: markerPos = 3.4934895833333335
46.9556 	EXP 	slider_2: markerPos = 3.4934895833333335
46.9722 	EXP 	slider_2: markerPos = 3.4934895833333335
46.9745 	DATA 	Mouse:  Left button up, pos=(682,153)
46.9890 	EXP 	slider_2: markerPos = 3.4934895833333335
46.9890 	EXP 	slider_2: rating = 3.4934895833333335
46.9924 	EXP 	New trial (rep=0, index=2): OrderedDict([('Imagenes', 'imagenes\\Uvas.jpg'), ('Random', 0.7734382152670648), ('Correcto', None)])
47.0131 	EXP 	image_2: autoDraw = False
47.0131 	EXP 	slider_2: autoDraw = False
47.0131 	EXP 	image_2: image = 'imagenes\\Uvas.jpg'
47.0131 	EXP 	slider_2: markerPos = None
47.0131 	EXP 	slider_2: markerPos = None
47.0131 	EXP 	slider_2: rating = None
47.0131 	EXP 	image_2: autoDraw = True
47.0131 	EXP 	slider_2: autoDraw = True
47.0150 	DATA 	Mouse: Left button down, pos=(682,153)
47.0222 	EXP 	slider_2: markerPos = 3.4934895833333335
47.0388 	EXP 	slider_2: markerPos = 3.4934895833333335
47.0557 	EXP 	slider_2: markerPos = 3.4934895833333335
47.0722 	EXP 	slider_2: markerPos = 3.4934895833333335
47.0889 	EXP 	slider_2: markerPos = 3.4934895833333335
47.1055 	EXP 	slider_2: markerPos = 3.4934895833333335
47.1128 	DATA 	Mouse:  Left button up, pos=(682,153)
47.1223 	EXP 	slider_2: markerPos = 3.4934895833333335
47.1388 	EXP 	slider_2: markerPos = 3.4934895833333335
47.1388 	EXP 	slider_2: rating = 3.4934895833333335
47.1419 	EXP 	New trial (rep=0, index=3): OrderedDict([('Imagenes', 'imagenes\\Mango.jpeg'), ('Random', 0.555669112372461), ('Correcto', None)])
47.1659 	EXP 	image_2: autoDraw = False
47.1659 	EXP 	slider_2: autoDraw = False
47.1659 	EXP 	image_2: image = 'imagenes\\Mango.jpeg'
47.1659 	EXP 	slider_2: markerPos = None
47.1659 	EXP 	slider_2: markerPos = None
47.1659 	EXP 	slider_2: rating = None
47.1659 	EXP 	image_2: autoDraw = True
47.1659 	EXP 	slider_2: autoDraw = True
47.1745 	DATA 	Mouse: Left button down, pos=(682,153)
47.1889 	EXP 	slider_2: markerPos = 3.4934895833333335
47.2056 	EXP 	slider_2: markerPos = 3.4934895833333335
47.2222 	EXP 	slider_2: markerPos = 3.4934895833333335
47.2391 	EXP 	slider_2: markerPos = 3.4934895833333335
47.2559 	EXP 	slider_2: markerPos = 3.4934895833333335
47.2587 	DATA 	Mouse:  Left button up, pos=(682,153)
47.2723 	EXP 	slider_2: markerPos = 3.4934895833333335
47.2723 	EXP 	slider_2: rating = 3.4934895833333335
47.2761 	EXP 	New trial (rep=0, index=4): OrderedDict([('Imagenes', 'imagenes\\bon-bon-bun.jpg'), ('Random', 0.7387922093313524), ('Correcto', None)])
47.3095 	EXP 	image_2: autoDraw = False
47.3095 	EXP 	slider_2: autoDraw = False
47.3095 	EXP 	image_2: image = 'imagenes\\bon-bon-bun.jpg'
47.3095 	EXP 	slider_2: markerPos = None
47.3095 	EXP 	slider_2: markerPos = None
47.3095 	EXP 	slider_2: rating = None
47.3095 	EXP 	image_2: autoDraw = True
47.3095 	EXP 	slider_2: autoDraw = True
47.3415 	DATA 	Mouse: Left button down, pos=(682,153)
47.3561 	EXP 	slider_2: markerPos = 3.4934895833333335
47.3725 	EXP 	slider_2: markerPos = 3.4934895833333335
47.3892 	EXP 	slider_2: markerPos = 3.4934895833333335
47.4059 	EXP 	slider_2: markerPos = 3.4934895833333335
47.4076 	DATA 	Mouse:  Left button up, pos=(682,153)
47.4221 	EXP 	slider_2: markerPos = 3.4934895833333335
47.4221 	EXP 	slider_2: rating = 3.4934895833333335
47.4257 	EXP 	New trial (rep=0, index=5): OrderedDict([('Imagenes', 'imagenes\\Banano.jpeg'), ('Random', 0.651633055306917), ('Correcto', None)])
47.4484 	EXP 	image_2: autoDraw = False
47.4484 	EXP 	slider_2: autoDraw = False
47.4484 	EXP 	image_2: image = 'imagenes\\Banano.jpeg'
47.4484 	EXP 	slider_2: markerPos = None
47.4484 	EXP 	slider_2: markerPos = None
47.4484 	EXP 	slider_2: rating = None
47.4484 	EXP 	image_2: autoDraw = True
47.4484 	EXP 	slider_2: autoDraw = True
47.5078 	DATA 	Mouse: Left button down, pos=(682,153)
47.5221 	EXP 	slider_2: markerPos = 3.4934895833333335
47.5390 	EXP 	slider_2: markerPos = 3.4934895833333335
47.5554 	EXP 	slider_2: markerPos = 3.4934895833333335
47.5720 	EXP 	slider_2: markerPos = 3.4934895833333335
47.5737 	DATA 	Mouse:  Left button up, pos=(682,153)
47.5889 	EXP 	slider_2: markerPos = 3.4934895833333335
47.5889 	EXP 	slider_2: rating = 3.4934895833333335
47.5929 	EXP 	New trial (rep=0, index=6): OrderedDict([('Imagenes', 'imagenes\\Popetas.jpg'), ('Random', 0.07650200324054446), ('Correcto', None)])
47.6373 	EXP 	image_2: autoDraw = False
47.6373 	EXP 	slider_2: autoDraw = False
47.6373 	EXP 	image_2: image = 'imagenes\\Popetas.jpg'
47.6373 	EXP 	slider_2: markerPos = None
47.6373 	EXP 	slider_2: markerPos = None
47.6373 	EXP 	slider_2: rating = None
47.6373 	EXP 	image_2: autoDraw = True
47.6373 	EXP 	slider_2: autoDraw = True
47.6472 	DATA 	Mouse: Left button down, pos=(682,153)
47.6723 	EXP 	slider_2: markerPos = 3.4934895833333335
47.6889 	EXP 	slider_2: markerPos = 3.4934895833333335
47.7061 	EXP 	slider_2: markerPos = 3.4934895833333335
47.7225 	EXP 	slider_2: markerPos = 3.4934895833333335
47.7393 	EXP 	slider_2: markerPos = 3.4934895833333335
47.7557 	EXP 	slider_2: markerPos = 3.4934895833333335
47.7578 	DATA 	Mouse:  Left button up, pos=(682,153)
47.7725 	EXP 	slider_2: markerPos = 3.4934895833333335
47.7725 	EXP 	slider_2: rating = 3.4934895833333335
47.7760 	EXP 	New trial (rep=0, index=7): OrderedDict([('Imagenes', 'imagenes\\Alpinito.jpg'), ('Random', 0.4515332417045813), ('Correcto', None)])
47.8109 	DATA 	Mouse: Left button down, pos=(682,153)
47.8164 	EXP 	image_2: autoDraw = False
47.8164 	EXP 	slider_2: autoDraw = False
47.8164 	EXP 	image_2: image = 'imagenes\\Alpinito.jpg'
47.8164 	EXP 	slider_2: markerPos = None
47.8164 	EXP 	slider_2: markerPos = None
47.8164 	EXP 	slider_2: rating = None
47.8164 	EXP 	image_2: autoDraw = True
47.8164 	EXP 	slider_2: autoDraw = True
47.8164 	EXP 	slider_2: markerPos = 3.4934895833333335
47.8236 	EXP 	slider_2: markerPos = 3.4934895833333335
47.8296 	EXP 	slider_2: markerPos = 3.4934895833333335
47.8389 	EXP 	slider_2: markerPos = 3.4934895833333335
47.8556 	EXP 	slider_2: markerPos = 3.4934895833333335
47.8722 	EXP 	slider_2: markerPos = 3.4934895833333335
47.8890 	EXP 	slider_2: markerPos = 3.4934895833333335
47.8915 	DATA 	Mouse:  Left button up, pos=(682,153)
47.9056 	EXP 	slider_2: markerPos = 3.4934895833333335
47.9056 	EXP 	slider_2: rating = 3.4934895833333335
47.9093 	EXP 	New trial (rep=0, index=8): OrderedDict([('Imagenes', 'imagenes\\Papas-limon.jpg'), ('Random', 0.020692288100133793), ('Correcto', None)])
47.9270 	EXP 	image_2: autoDraw = False
47.9270 	EXP 	slider_2: autoDraw = False
47.9270 	EXP 	image_2: image = 'imagenes\\Papas-limon.jpg'
47.9270 	EXP 	slider_2: markerPos = None
47.9270 	EXP 	slider_2: markerPos = None
47.9270 	EXP 	slider_2: rating = None
47.9270 	EXP 	image_2: autoDraw = True
47.9270 	EXP 	slider_2: autoDraw = True
47.9439 	DATA 	Mouse: Left button down, pos=(682,153)
47.9722 	EXP 	slider_2: markerPos = 3.4934895833333335
47.9889 	EXP 	slider_2: markerPos = 3.4934895833333335
48.0055 	EXP 	slider_2: markerPos = 3.4934895833333335
48.0223 	EXP 	slider_2: markerPos = 3.4934895833333335
48.0248 	DATA 	Mouse:  Left button up, pos=(682,153)
48.0389 	EXP 	slider_2: markerPos = 3.4934895833333335
48.0389 	EXP 	slider_2: rating = 3.4934895833333335
48.0430 	EXP 	New trial (rep=0, index=9): OrderedDict([('Imagenes', 'imagenes\\Yogurt-alpina.jpg'), ('Random', 0.21540995091807813), ('Correcto', None)])
48.0632 	EXP 	image_2: autoDraw = False
48.0632 	EXP 	slider_2: autoDraw = False
48.0632 	EXP 	image_2: image = 'imagenes\\Yogurt-alpina.jpg'
48.0632 	EXP 	slider_2: markerPos = None
48.0632 	EXP 	slider_2: markerPos = None
48.0632 	EXP 	slider_2: rating = None
48.0632 	EXP 	image_2: autoDraw = True
48.0632 	EXP 	slider_2: autoDraw = True
48.1083 	DATA 	Mouse: Left button down, pos=(682,153)
48.1223 	EXP 	slider_2: markerPos = 3.4934895833333335
48.1391 	EXP 	slider_2: markerPos = 3.4934895833333335
48.1559 	EXP 	slider_2: markerPos = 3.4934895833333335
48.1723 	EXP 	slider_2: markerPos = 3.4934895833333335
48.1803 	DATA 	Mouse:  Left button up, pos=(682,153)
48.1890 	EXP 	slider_2: markerPos = 3.4934895833333335
48.2056 	EXP 	slider_2: markerPos = 3.4934895833333335
48.2056 	EXP 	slider_2: rating = 3.4934895833333335
48.2092 	EXP 	New trial (rep=0, index=10): OrderedDict([('Imagenes', 'imagenes\\Kiwi.jpg'), ('Random', 0.5893907384852061), ('Correcto', None)])
48.2223 	EXP 	image_2: autoDraw = False
48.2223 	EXP 	slider_2: autoDraw = False
48.2223 	EXP 	image_2: image = 'imagenes\\Kiwi.jpg'
48.2223 	EXP 	slider_2: markerPos = None
48.2223 	EXP 	slider_2: markerPos = None
48.2223 	EXP 	slider_2: rating = None
48.2223 	EXP 	image_2: autoDraw = True
48.2223 	EXP 	slider_2: autoDraw = True
48.2608 	DATA 	Mouse: Left button down, pos=(682,153)
48.2889 	EXP 	slider_2: markerPos = 3.4934895833333335
48.3055 	EXP 	slider_2: markerPos = 3.4934895833333335
48.3221 	EXP 	slider_2: markerPos = 3.4934895833333335
48.3390 	EXP 	slider_2: markerPos = 3.4934895833333335
48.3415 	DATA 	Mouse:  Left button up, pos=(682,153)
48.3555 	EXP 	slider_2: markerPos = 3.4934895833333335
48.3555 	EXP 	slider_2: rating = 3.4934895833333335
48.3594 	EXP 	New trial (rep=0, index=11): OrderedDict([('Imagenes', 'imagenes\\Galletas Tosh.jpg'), ('Random', 0.478088790487872), ('Correcto', None)])
48.3937 	EXP 	image_2: autoDraw = False
48.3937 	EXP 	slider_2: autoDraw = False
48.3937 	EXP 	image_2: image = 'imagenes\\Galletas Tosh.jpg'
48.3937 	EXP 	slider_2: markerPos = None
48.3937 	EXP 	slider_2: markerPos = None
48.3937 	EXP 	slider_2: rating = None
48.3937 	EXP 	image_2: autoDraw = True
48.3937 	EXP 	slider_2: autoDraw = True
48.4248 	DATA 	Mouse: Left button down, pos=(682,153)
48.4389 	EXP 	slider_2: markerPos = 3.4934895833333335
48.4554 	EXP 	slider_2: markerPos = 3.4934895833333335
48.4722 	EXP 	slider_2: markerPos = 3.4934895833333335
48.4888 	EXP 	slider_2: markerPos = 3.4934895833333335
48.4914 	DATA 	Mouse:  Left button up, pos=(682,153)
48.5055 	EXP 	slider_2: markerPos = 3.4934895833333335
48.5055 	EXP 	slider_2: rating = 3.4934895833333335
48.5091 	EXP 	New trial (rep=0, index=12): OrderedDict([('Imagenes', 'imagenes\\Chocoramo.jfif.jpg'), ('Random', 0.7789437122019539), ('Correcto', None)])
48.5421 	EXP 	image_2: autoDraw = False
48.5421 	EXP 	slider_2: autoDraw = False
48.5421 	EXP 	image_2: image = 'imagenes\\Chocoramo.jfif.jpg'
48.5421 	EXP 	slider_2: markerPos = None
48.5421 	EXP 	slider_2: markerPos = None
48.5421 	EXP 	slider_2: rating = None
48.5421 	EXP 	image_2: autoDraw = True
48.5421 	EXP 	slider_2: autoDraw = True
48.5749 	DATA 	Mouse: Left button down, pos=(682,153)
48.5889 	EXP 	slider_2: markerPos = 3.4934895833333335
48.6059 	EXP 	slider_2: markerPos = 3.4934895833333335
48.6224 	EXP 	slider_2: markerPos = 3.4934895833333335
48.6389 	EXP 	slider_2: markerPos = 3.4934895833333335
48.6415 	DATA 	Mouse:  Left button up, pos=(682,153)
48.6555 	EXP 	slider_2: markerPos = 3.4934895833333335
48.6555 	EXP 	slider_2: rating = 3.4934895833333335
48.6594 	EXP 	New trial (rep=0, index=13): OrderedDict([('Imagenes', 'imagenes\\Papas-naturales.jpg'), ('Random', 0.15856838916280946), ('Correcto', None)])
48.6785 	EXP 	image_2: autoDraw = False
48.6785 	EXP 	slider_2: autoDraw = False
48.6785 	EXP 	image_2: image = 'imagenes\\Papas-naturales.jpg'
48.6785 	EXP 	slider_2: markerPos = None
48.6785 	EXP 	slider_2: markerPos = None
48.6785 	EXP 	slider_2: rating = None
48.6785 	EXP 	image_2: autoDraw = True
48.6785 	EXP 	slider_2: autoDraw = True
48.7239 	DATA 	Mouse: Left button down, pos=(682,153)
48.7390 	EXP 	slider_2: markerPos = 3.4934895833333335
48.7557 	EXP 	slider_2: markerPos = 3.4934895833333335
48.7724 	EXP 	slider_2: markerPos = 3.4934895833333335
48.7892 	EXP 	slider_2: markerPos = 3.4934895833333335
48.7966 	DATA 	Mouse:  Left button up, pos=(682,153)
48.8058 	EXP 	slider_2: markerPos = 3.4934895833333335
48.8220 	EXP 	slider_2: markerPos = 3.4934895833333335
48.8220 	EXP 	slider_2: rating = 3.4934895833333335
48.8259 	EXP 	New trial (rep=0, index=14): OrderedDict([('Imagenes', 'imagenes\\Galletas-festival.jpg'), ('Random', 0.36121121246191135), ('Correcto', None)])
48.8557 	EXP 	image_2: autoDraw = False
48.8557 	EXP 	slider_2: autoDraw = False
48.8557 	EXP 	image_2: image = 'imagenes\\Galletas-festival.jpg'
48.8557 	EXP 	slider_2: markerPos = None
48.8557 	EXP 	slider_2: markerPos = None
48.8557 	EXP 	slider_2: rating = None
48.8557 	EXP 	image_2: autoDraw = True
48.8557 	EXP 	slider_2: autoDraw = True
48.8663 	DATA 	Mouse: Left button down, pos=(682,153)
48.8887 	EXP 	slider_2: markerPos = 3.4934895833333335
48.9055 	EXP 	slider_2: markerPos = 3.4934895833333335
48.9221 	EXP 	slider_2: markerPos = 3.4934895833333335
48.9389 	EXP 	slider_2: markerPos = 3.4934895833333335
48.9414 	DATA 	Mouse:  Left button up, pos=(682,153)
48.9554 	EXP 	slider_2: markerPos = 3.4934895833333335
48.9554 	EXP 	slider_2: rating = 3.4934895833333335
48.9592 	EXP 	New trial (rep=0, index=15): OrderedDict([('Imagenes', 'imagenes\\Leche-de-almendras.jpg'), ('Random', 0.36073876480313727), ('Correcto', None)])
49.0202 	EXP 	image_2: autoDraw = False
49.0202 	EXP 	slider_2: autoDraw = False
49.0202 	EXP 	image_2: image = 'imagenes\\Leche-de-almendras.jpg'
49.0202 	EXP 	slider_2: markerPos = None
49.0202 	EXP 	slider_2: markerPos = None
49.0202 	EXP 	slider_2: rating = None
49.0202 	EXP 	image_2: autoDraw = True
49.0202 	EXP 	slider_2: autoDraw = True
49.0247 	DATA 	Mouse: Left button down, pos=(682,153)
49.0351 	EXP 	slider_2: markerPos = 3.4934895833333335
49.0424 	EXP 	slider_2: markerPos = 3.4934895833333335
49.0562 	EXP 	slider_2: markerPos = 3.4934895833333335
49.0728 	EXP 	slider_2: markerPos = 3.4934895833333335
49.0894 	EXP 	slider_2: markerPos = 3.4934895833333335
49.1062 	EXP 	slider_2: markerPos = 3.4934895833333335
49.1227 	EXP 	slider_2: markerPos = 3.4934895833333335
49.1295 	DATA 	Mouse:  Left button up, pos=(682,153)
49.1390 	EXP 	slider_2: markerPos = 3.4934895833333335
49.1563 	EXP 	slider_2: markerPos = 3.4934895833333335
49.1563 	EXP 	slider_2: rating = 3.4934895833333335
49.1594 	EXP 	New trial (rep=0, index=16): OrderedDict([('Imagenes', 'imagenes\\Papas-pollo.jpg'), ('Random', 0.6683114062971784), ('Correcto', None)])
49.1753 	DATA 	Mouse: Left button down, pos=(682,153)
49.1773 	EXP 	image_2: autoDraw = False
49.1773 	EXP 	slider_2: autoDraw = False
49.1773 	EXP 	image_2: image = 'imagenes\\Papas-pollo.jpg'
49.1773 	EXP 	slider_2: markerPos = None
49.1773 	EXP 	slider_2: markerPos = None
49.1773 	EXP 	slider_2: rating = None
49.1773 	EXP 	image_2: autoDraw = True
49.1773 	EXP 	slider_2: autoDraw = True
49.1888 	EXP 	slider_2: markerPos = 3.4934895833333335
49.2055 	EXP 	slider_2: markerPos = 3.4934895833333335
49.2222 	EXP 	slider_2: markerPos = 3.4934895833333335
49.2391 	EXP 	slider_2: markerPos = 3.4934895833333335
49.2556 	EXP 	slider_2: markerPos = 3.4934895833333335
49.2631 	DATA 	Mouse:  Left button up, pos=(682,153)
49.2720 	EXP 	slider_2: markerPos = 3.4934895833333335
49.2887 	EXP 	slider_2: markerPos = 3.4934895833333335
49.2887 	EXP 	slider_2: rating = 3.4934895833333335
49.2928 	EXP 	New trial (rep=0, index=17): OrderedDict([('Imagenes', 'imagenes\\Manzana.jpg'), ('Random', 0.5168162194437935), ('Correcto', None)])
49.3235 	EXP 	image_2: autoDraw = False
49.3235 	EXP 	slider_2: autoDraw = False
49.3235 	EXP 	image_2: image = 'imagenes\\Manzana.jpg'
49.3235 	EXP 	slider_2: markerPos = None
49.3235 	EXP 	slider_2: markerPos = None
49.3235 	EXP 	slider_2: rating = None
49.3235 	EXP 	image_2: autoDraw = True
49.3235 	EXP 	slider_2: autoDraw = True
49.3407 	DATA 	Mouse: Left button down, pos=(682,153)
49.3556 	EXP 	slider_2: markerPos = 3.4934895833333335
49.3721 	EXP 	slider_2: markerPos = 3.4934895833333335
49.3888 	EXP 	slider_2: markerPos = 3.4934895833333335
49.4053 	EXP 	slider_2: markerPos = 3.4934895833333335
49.4221 	EXP 	slider_2: markerPos = 3.4934895833333335
49.4243 	DATA 	Mouse:  Left button up, pos=(682,153)
49.4388 	EXP 	slider_2: markerPos = 3.4934895833333335
49.4388 	EXP 	slider_2: rating = 3.4934895833333335
49.4428 	EXP 	New trial (rep=0, index=18): OrderedDict([('Imagenes', 'imagenes\\Croissant.jpg'), ('Random', 0.6152458173421255), ('Correcto', None)])
49.4783 	EXP 	image_2: autoDraw = False
49.4783 	EXP 	slider_2: autoDraw = False
49.4783 	EXP 	image_2: image = 'imagenes\\Croissant.jpg'
49.4783 	EXP 	slider_2: markerPos = None
49.4783 	EXP 	slider_2: markerPos = None
49.4783 	EXP 	slider_2: rating = None
49.4783 	EXP 	image_2: autoDraw = True
49.4783 	EXP 	slider_2: autoDraw = True
49.5083 	DATA 	Mouse: Left button down, pos=(682,153)
49.5226 	EXP 	slider_2: markerPos = 3.4934895833333335
49.5391 	EXP 	slider_2: markerPos = 3.4934895833333335
49.5557 	EXP 	slider_2: markerPos = 3.4934895833333335
49.5724 	EXP 	slider_2: markerPos = 3.4934895833333335
49.5887 	EXP 	slider_2: markerPos = 3.4934895833333335
49.5905 	DATA 	Mouse:  Left button up, pos=(682,153)
49.6059 	EXP 	slider_2: markerPos = 3.4934895833333335
49.6059 	EXP 	slider_2: rating = 3.4934895833333335
49.6096 	EXP 	New trial (rep=0, index=19): OrderedDict([('Imagenes', 'imagenes\\Brownie.jpg'), ('Random', 0.17000143351927688), ('Correcto', None)])
49.6486 	EXP 	image_2: autoDraw = False
49.6486 	EXP 	slider_2: autoDraw = False
49.6486 	EXP 	image_2: image = 'imagenes\\Brownie.jpg'
49.6486 	EXP 	slider_2: markerPos = None
49.6486 	EXP 	slider_2: markerPos = None
49.6486 	EXP 	slider_2: rating = None
49.6486 	EXP 	image_2: autoDraw = True
49.6486 	EXP 	slider_2: autoDraw = True
49.6569 	DATA 	Mouse: Left button down, pos=(682,153)
49.6613 	EXP 	slider_2: markerPos = 3.4934895833333335
49.6720 	EXP 	slider_2: markerPos = 3.4934895833333335
49.6889 	EXP 	slider_2: markerPos = 3.4934895833333335
49.7058 	EXP 	slider_2: markerPos = 3.4934895833333335
49.7112 	DATA 	Mouse:  Left button up, pos=(682,153)
49.7223 	EXP 	slider_2: markerPos = 3.4934895833333335
49.7388 	EXP 	slider_2: markerPos = 3.4934895833333335
49.7388 	EXP 	slider_2: rating = 3.4934895833333335
49.7428 	EXP 	New trial (rep=0, index=3): OrderedDict([('Hertz', 400), ('volumen', 0.02)])
49.7543 	EXP 	Imported imagenes.xlsx as conditions, 20 conditions, 3 params
49.7551 	EXP 	Created sequence: random, trialTypes=20, nReps=1, seed=None
49.7555 	EXP 	New trial (rep=0, index=0): OrderedDict([('Imagenes', 'imagenes\\Kiwi.jpg'), ('Random', 0.5893907384852061), ('Correcto', None)])
49.7677 	EXP 	image_2: autoDraw = False
49.7677 	EXP 	slider_2: autoDraw = False
49.7677 	EXP 	image_2: image = 'imagenes\\Kiwi.jpg'
49.7677 	EXP 	slider_2: markerPos = None
49.7677 	EXP 	slider_2: markerPos = None
49.7677 	EXP 	slider_2: rating = None
49.7677 	EXP 	image_2: autoDraw = True
49.7677 	EXP 	slider_2: autoDraw = True
49.8080 	DATA 	Mouse: Left button down, pos=(682,153)
49.8220 	EXP 	slider_2: markerPos = 3.4934895833333335
49.8387 	EXP 	slider_2: markerPos = 3.4934895833333335
49.8554 	EXP 	slider_2: markerPos = 3.4934895833333335
49.8722 	EXP 	slider_2: markerPos = 3.4934895833333335
49.8746 	DATA 	Mouse:  Left button up, pos=(682,153)
49.8888 	EXP 	slider_2: markerPos = 3.4934895833333335
49.8888 	EXP 	slider_2: rating = 3.4934895833333335
49.8932 	EXP 	New trial (rep=0, index=1): OrderedDict([('Imagenes', 'imagenes\\Galletas Tosh.jpg'), ('Random', 0.478088790487872), ('Correcto', None)])
49.9274 	EXP 	image_2: autoDraw = False
49.9274 	EXP 	slider_2: autoDraw = False
49.9274 	EXP 	image_2: image = 'imagenes\\Galletas Tosh.jpg'
49.9274 	EXP 	slider_2: markerPos = None
49.9274 	EXP 	slider_2: markerPos = None
49.9274 	EXP 	slider_2: rating = None
49.9274 	EXP 	image_2: autoDraw = True
49.9274 	EXP 	slider_2: autoDraw = True
49.9748 	DATA 	Mouse: Left button down, pos=(682,153)
49.9888 	EXP 	slider_2: markerPos = 3.4934895833333335
50.0057 	EXP 	slider_2: markerPos = 3.4934895833333335
50.0223 	EXP 	slider_2: markerPos = 3.4934895833333335
50.0387 	EXP 	slider_2: markerPos = 3.4934895833333335
50.0415 	DATA 	Mouse:  Left button up, pos=(682,153)
50.0558 	EXP 	slider_2: markerPos = 3.4934895833333335
50.0558 	EXP 	slider_2: rating = 3.4934895833333335
50.0599 	EXP 	New trial (rep=0, index=2): OrderedDict([('Imagenes', 'imagenes\\Alpinito.jpg'), ('Random', 0.4515332417045813), ('Correcto', None)])
50.0985 	EXP 	image_2: autoDraw = False
50.0985 	EXP 	slider_2: autoDraw = False
50.0985 	EXP 	image_2: image = 'imagenes\\Alpinito.jpg'
50.0985 	EXP 	slider_2: markerPos = None
50.0985 	EXP 	slider_2: markerPos = None
50.0985 	EXP 	slider_2: rating = None
50.0985 	EXP 	image_2: autoDraw = True
50.0985 	EXP 	slider_2: autoDraw = True
50.6846 	DATA 	Mouse: Left button down, pos=(818,156)
50.7057 	EXP 	slider_2: markerPos = 4.37890625
50.7225 	EXP 	slider_2: markerPos = 4.37890625
50.7389 	EXP 	slider_2: markerPos = 4.37890625
50.7557 	EXP 	slider_2: markerPos = 4.37890625
50.7652 	DATA 	Mouse:  Left button up, pos=(814,157)
50.7723 	EXP 	slider_2: markerPos = 4.372395833333333
50.7888 	EXP 	slider_2: markerPos = 4.372395833333333
50.7888 	EXP 	slider_2: rating = 4.372395833333333
50.7929 	EXP 	New trial (rep=0, index=3): OrderedDict([('Imagenes', 'imagenes\\Banano.jpeg'), ('Random', 0.651633055306917), ('Correcto', None)])
50.8154 	EXP 	image_2: autoDraw = False
50.8154 	EXP 	slider_2: autoDraw = False
50.8154 	EXP 	image_2: image = 'imagenes\\Banano.jpeg'
50.8154 	EXP 	slider_2: markerPos = None
50.8154 	EXP 	slider_2: markerPos = None
50.8154 	EXP 	slider_2: rating = None
50.8154 	EXP 	image_2: autoDraw = True
50.8154 	EXP 	slider_2: autoDraw = True
50.8942 	DATA 	Mouse: Left button down, pos=(492,183)
50.9787 	DATA 	Mouse:  Left button up, pos=(492,183)
51.5756 	DATA 	Mouse: Left button down, pos=(1001,138)
51.5889 	EXP 	slider_2: markerPos = 5.5703125
51.6057 	EXP 	slider_2: markerPos = 5.5703125
51.6223 	EXP 	slider_2: markerPos = 5.5703125
51.6313 	DATA 	Mouse:  Left button up, pos=(1001,138)
51.6385 	EXP 	slider_2: markerPos = 5.5703125
51.6554 	EXP 	slider_2: markerPos = 5.5703125
51.6554 	EXP 	slider_2: rating = 5.5703125
51.6593 	EXP 	New trial (rep=0, index=4): OrderedDict([('Imagenes', 'imagenes\\Brownie.jpg'), ('Random', 0.17000143351927688), ('Correcto', None)])
51.6988 	EXP 	image_2: autoDraw = False
51.6988 	EXP 	slider_2: autoDraw = False
51.6988 	EXP 	image_2: image = 'imagenes\\Brownie.jpg'
51.6988 	EXP 	slider_2: markerPos = None
51.6988 	EXP 	slider_2: markerPos = None
51.6988 	EXP 	slider_2: rating = None
51.6988 	EXP 	image_2: autoDraw = True
51.6988 	EXP 	slider_2: autoDraw = True
52.2002 	DATA 	Mouse: Left button down, pos=(577,159)
52.2223 	EXP 	slider_2: markerPos = 2.809895833333333
52.2390 	EXP 	slider_2: markerPos = 2.809895833333333
52.2556 	EXP 	slider_2: markerPos = 2.809895833333333
52.2724 	EXP 	slider_2: markerPos = 2.809895833333333
52.2889 	EXP 	slider_2: markerPos = 2.809895833333333
52.2913 	DATA 	Mouse:  Left button up, pos=(576,159)
52.3057 	EXP 	slider_2: markerPos = 2.809895833333333
52.3057 	EXP 	slider_2: rating = 2.809895833333333
52.3096 	EXP 	New trial (rep=0, index=5): OrderedDict([('Imagenes', 'imagenes\\Rosquitas (1).jpg'), ('Random', 0.3035383390851263), ('Correcto', None)])
52.3397 	EXP 	image_2: autoDraw = False
52.3397 	EXP 	slider_2: autoDraw = False
52.3397 	EXP 	image_2: image = 'imagenes\\Rosquitas (1).jpg'
52.3397 	EXP 	slider_2: markerPos = None
52.3397 	EXP 	slider_2: markerPos = None
52.3397 	EXP 	slider_2: rating = None
52.3397 	EXP 	image_2: autoDraw = True
52.3397 	EXP 	slider_2: autoDraw = True
52.5784 	DATA 	Mouse: Left button down, pos=(417,157)
52.5890 	EXP 	slider_2: markerPos = 1.7682291666666665
52.6055 	EXP 	slider_2: markerPos = 1.7682291666666665
52.6224 	EXP 	slider_2: markerPos = 1.7682291666666665
52.6388 	EXP 	slider_2: markerPos = 1.7682291666666665
52.6555 	EXP 	slider_2: markerPos = 1.7682291666666665
52.6722 	EXP 	slider_2: markerPos = 1.7682291666666665
52.6787 	DATA 	Mouse:  Left button up, pos=(418,157)
52.6888 	EXP 	slider_2: markerPos = 1.7682291666666665
52.7052 	EXP 	slider_2: markerPos = 1.7682291666666665
52.7052 	EXP 	slider_2: rating = 1.7682291666666665
52.7087 	EXP 	New trial (rep=0, index=6): OrderedDict([('Imagenes', 'imagenes\\Yogurt-alpina.jpg'), ('Random', 0.21540995091807813), ('Correcto', None)])
52.7289 	EXP 	image_2: autoDraw = False
52.7289 	EXP 	slider_2: autoDraw = False
52.7289 	EXP 	image_2: image = 'imagenes\\Yogurt-alpina.jpg'
52.7289 	EXP 	slider_2: markerPos = None
52.7289 	EXP 	slider_2: markerPos = None
52.7289 	EXP 	slider_2: rating = None
52.7289 	EXP 	image_2: autoDraw = True
52.7289 	EXP 	slider_2: autoDraw = True
52.9656 	DATA 	Mouse: Left button down, pos=(861,144)
52.9888 	EXP 	slider_2: markerPos = 4.658854166666667
53.0056 	EXP 	slider_2: markerPos = 4.658854166666667
53.0222 	EXP 	slider_2: markerPos = 4.658854166666667
53.0388 	EXP 	slider_2: markerPos = 4.658854166666667
53.0486 	DATA 	Mouse:  Left button up, pos=(861,144)
53.0554 	EXP 	slider_2: markerPos = 4.658854166666667
53.0721 	EXP 	slider_2: markerPos = 4.658854166666667
53.0721 	EXP 	slider_2: rating = 4.658854166666667
53.0750 	EXP 	New trial (rep=0, index=7): OrderedDict([('Imagenes', 'imagenes\\Mango.jpeg'), ('Random', 0.555669112372461), ('Correcto', None)])
53.0998 	EXP 	image_2: autoDraw = False
53.0998 	EXP 	slider_2: autoDraw = False
53.0998 	EXP 	image_2: image = 'imagenes\\Mango.jpeg'
53.0998 	EXP 	slider_2: markerPos = None
53.0998 	EXP 	slider_2: markerPos = None
53.0998 	EXP 	slider_2: rating = None
53.0998 	EXP 	image_2: autoDraw = True
53.0998 	EXP 	slider_2: autoDraw = True
53.4097 	DATA 	Mouse: Left button down, pos=(983,158)
53.4221 	EXP 	slider_2: markerPos = 5.453125
53.4388 	EXP 	slider_2: markerPos = 5.453125
53.4554 	EXP 	slider_2: markerPos = 5.453125
53.4723 	EXP 	slider_2: markerPos = 5.453125
53.4887 	EXP 	slider_2: markerPos = 5.453125
53.4984 	DATA 	Mouse:  Left button up, pos=(983,158)
53.5053 	EXP 	slider_2: markerPos = 5.453125
53.5220 	EXP 	slider_2: markerPos = 5.453125
53.5220 	EXP 	slider_2: rating = 5.453125
53.5250 	EXP 	New trial (rep=0, index=8): OrderedDict([('Imagenes', 'imagenes\\Chocoramo.jfif.jpg'), ('Random', 0.7789437122019539), ('Correcto', None)])
53.5587 	EXP 	image_2: autoDraw = False
53.5587 	EXP 	slider_2: autoDraw = False
53.5587 	EXP 	image_2: image = 'imagenes\\Chocoramo.jfif.jpg'
53.5587 	EXP 	slider_2: markerPos = None
53.5587 	EXP 	slider_2: markerPos = None
53.5587 	EXP 	slider_2: rating = None
53.5587 	EXP 	image_2: autoDraw = True
53.5587 	EXP 	slider_2: autoDraw = True
53.8655 	DATA 	Mouse: Left button down, pos=(615,171)
53.8889 	EXP 	slider_2: markerPos = 3.0572916666666665
53.9055 	EXP 	slider_2: markerPos = 3.0572916666666665
53.9221 	EXP 	slider_2: markerPos = 3.0572916666666665
53.9244 	DATA 	Mouse:  Left button up, pos=(618,170)
53.9385 	EXP 	slider_2: markerPos = 3.0572916666666665
53.9385 	EXP 	slider_2: rating = 3.0572916666666665
53.9424 	EXP 	New trial (rep=0, index=9): OrderedDict([('Imagenes', 'imagenes\\Popetas.jpg'), ('Random', 0.07650200324054446), ('Correcto', None)])
53.9954 	EXP 	image_2: autoDraw = False
53.9954 	EXP 	slider_2: autoDraw = False
53.9954 	EXP 	image_2: image = 'imagenes\\Popetas.jpg'
53.9954 	EXP 	slider_2: markerPos = None
53.9954 	EXP 	slider_2: markerPos = None
53.9954 	EXP 	slider_2: rating = None
53.9954 	EXP 	image_2: autoDraw = True
53.9954 	EXP 	slider_2: autoDraw = True
54.2922 	DATA 	Mouse: Left button down, pos=(784,158)
54.3056 	EXP 	slider_2: markerPos = 4.157552083333333
54.3224 	EXP 	slider_2: markerPos = 4.157552083333333
54.3389 	EXP 	slider_2: markerPos = 4.157552083333333
54.3556 	EXP 	slider_2: markerPos = 4.157552083333333
54.3612 	DATA 	Mouse:  Left button up, pos=(784,158)
54.3723 	EXP 	slider_2: markerPos = 4.157552083333333
54.3890 	EXP 	slider_2: markerPos = 4.157552083333333
54.3890 	EXP 	slider_2: rating = 4.157552083333333
54.3920 	EXP 	New trial (rep=0, index=10): OrderedDict([('Imagenes', 'imagenes\\Manzana.jpg'), ('Random', 0.5168162194437935), ('Correcto', None)])
54.4283 	EXP 	image_2: autoDraw = False
54.4283 	EXP 	slider_2: autoDraw = False
54.4283 	EXP 	image_2: image = 'imagenes\\Manzana.jpg'
54.4283 	EXP 	slider_2: markerPos = None
54.4283 	EXP 	slider_2: markerPos = None
54.4283 	EXP 	slider_2: rating = None
54.4283 	EXP 	image_2: autoDraw = True
54.4283 	EXP 	slider_2: autoDraw = True
54.5585 	DATA 	Mouse: Left button down, pos=(628,162)
54.5721 	EXP 	slider_2: markerPos = 3.1419270833333335
54.5886 	EXP 	slider_2: markerPos = 3.1419270833333335
54.6053 	EXP 	slider_2: markerPos = 3.1419270833333335
54.6221 	EXP 	slider_2: markerPos = 3.1419270833333335
54.6388 	EXP 	slider_2: markerPos = 3.1419270833333335
54.6453 	DATA 	Mouse:  Left button up, pos=(628,161)
54.6552 	EXP 	slider_2: markerPos = 3.1419270833333335
54.6720 	EXP 	slider_2: markerPos = 3.1419270833333335
54.6720 	EXP 	slider_2: rating = 3.1419270833333335
54.6758 	EXP 	New trial (rep=0, index=11): OrderedDict([('Imagenes', 'imagenes\\Papas-naturales.jpg'), ('Random', 0.15856838916280946), ('Correcto', None)])
54.6958 	EXP 	image_2: autoDraw = False
54.6958 	EXP 	slider_2: autoDraw = False
54.6958 	EXP 	image_2: image = 'imagenes\\Papas-naturales.jpg'
54.6958 	EXP 	slider_2: markerPos = None
54.6958 	EXP 	slider_2: markerPos = None
54.6958 	EXP 	slider_2: rating = None
54.6958 	EXP 	image_2: autoDraw = True
54.6958 	EXP 	slider_2: autoDraw = True
54.9943 	DATA 	Mouse: Left button down, pos=(839,142)
55.0055 	EXP 	slider_2: markerPos = 4.515625
55.0223 	EXP 	slider_2: markerPos = 4.515625
55.0387 	EXP 	slider_2: markerPos = 4.515625
55.0555 	EXP 	slider_2: markerPos = 4.515625
55.0722 	EXP 	slider_2: markerPos = 4.515625
55.0884 	EXP 	slider_2: markerPos = 4.515625
55.0914 	DATA 	Mouse:  Left button up, pos=(841,142)
55.1052 	EXP 	slider_2: markerPos = 4.515625
55.1052 	EXP 	slider_2: rating = 4.515625
55.1089 	EXP 	New trial (rep=0, index=12): OrderedDict([('Imagenes', 'imagenes\\bon-bon-bun.jpg'), ('Random', 0.7387922093313524), ('Correcto', None)])
55.1411 	EXP 	image_2: autoDraw = False
55.1411 	EXP 	slider_2: autoDraw = False
55.1411 	EXP 	image_2: image = 'imagenes\\bon-bon-bun.jpg'
55.1411 	EXP 	slider_2: markerPos = None
55.1411 	EXP 	slider_2: markerPos = None
55.1411 	EXP 	slider_2: rating = None
55.1411 	EXP 	image_2: autoDraw = True
55.1411 	EXP 	slider_2: autoDraw = True
55.2071 	DATA 	Mouse: Left button down, pos=(864,146)
55.2220 	EXP 	slider_2: markerPos = 4.678385416666667
55.2386 	EXP 	slider_2: markerPos = 4.678385416666667
55.2553 	EXP 	slider_2: markerPos = 4.678385416666667
55.2724 	EXP 	slider_2: markerPos = 4.678385416666667
55.2887 	EXP 	slider_2: markerPos = 4.678385416666667
55.3055 	EXP 	slider_2: markerPos = 4.626302083333333
55.3144 	DATA 	Mouse:  Left button up, pos=(827,144)
55.3218 	EXP 	slider_2: markerPos = 4.522135416666667
55.3385 	EXP 	slider_2: markerPos = 4.522135416666667
55.3385 	EXP 	slider_2: rating = 4.522135416666667
55.3427 	EXP 	New trial (rep=0, index=13): OrderedDict([('Imagenes', 'imagenes\\Papas-pollo.jpg'), ('Random', 0.6683114062971784), ('Correcto', None)])
55.3602 	EXP 	image_2: autoDraw = False
55.3602 	EXP 	slider_2: autoDraw = False
55.3602 	EXP 	image_2: image = 'imagenes\\Papas-pollo.jpg'
55.3602 	EXP 	slider_2: markerPos = None
55.3602 	EXP 	slider_2: markerPos = None
55.3602 	EXP 	slider_2: rating = None
55.3602 	EXP 	image_2: autoDraw = True
55.3602 	EXP 	slider_2: autoDraw = True
55.4116 	DATA 	Mouse: Left button down, pos=(633,144)
55.4387 	EXP 	slider_2: markerPos = 3.16796875
55.4555 	EXP 	slider_2: markerPos = 3.1614583333333335
55.4720 	EXP 	slider_2: markerPos = 3.1614583333333335
55.4888 	EXP 	slider_2: markerPos = 3.1614583333333335
55.5052 	EXP 	slider_2: markerPos = 3.1614583333333335
55.5114 	DATA 	Mouse:  Left button up, pos=(631,144)
55.5220 	EXP 	slider_2: markerPos = 3.1614583333333335
55.5386 	EXP 	slider_2: markerPos = 3.1614583333333335
55.5386 	EXP 	slider_2: rating = 3.1614583333333335
55.5419 	EXP 	New trial (rep=0, index=14): OrderedDict([('Imagenes', 'imagenes\\Uvas.jpg'), ('Random', 0.7734382152670648), ('Correcto', None)])
55.5627 	EXP 	image_2: autoDraw = False
55.5627 	EXP 	slider_2: autoDraw = False
55.5627 	EXP 	image_2: image = 'imagenes\\Uvas.jpg'
55.5627 	EXP 	slider_2: markerPos = None
55.5627 	EXP 	slider_2: markerPos = None
55.5627 	EXP 	slider_2: rating = None
55.5627 	EXP 	image_2: autoDraw = True
55.5627 	EXP 	slider_2: autoDraw = True
55.6604 	DATA 	Mouse: Left button down, pos=(712,136)
55.6885 	EXP 	slider_2: markerPos = 3.75390625
55.7053 	EXP 	slider_2: markerPos = 3.9296875
55.7223 	EXP 	slider_2: markerPos = 4.053385416666667
55.7388 	EXP 	slider_2: markerPos = 4.157552083333333
55.7555 	EXP 	slider_2: markerPos = 4.2421875
55.7723 	EXP 	slider_2: markerPos = 4.287760416666667
55.7885 	EXP 	slider_2: markerPos = 4.3203125
55.7906 	DATA 	Mouse:  Left button up, pos=(813,132)
55.8052 	EXP 	slider_2: markerPos = 4.3203125
55.8052 	EXP 	slider_2: rating = 4.3203125
55.8082 	EXP 	New trial (rep=0, index=15): OrderedDict([('Imagenes', 'imagenes\\Croissant.jpg'), ('Random', 0.6152458173421255), ('Correcto', None)])
55.8461 	EXP 	image_2: autoDraw = False
55.8461 	EXP 	slider_2: autoDraw = False
55.8461 	EXP 	image_2: image = 'imagenes\\Croissant.jpg'
55.8461 	EXP 	slider_2: markerPos = None
55.8461 	EXP 	slider_2: markerPos = None
55.8461 	EXP 	slider_2: rating = None
55.8461 	EXP 	image_2: autoDraw = True
55.8461 	EXP 	slider_2: autoDraw = True
55.9407 	DATA 	Mouse: Left button down, pos=(890,137)
55.9552 	EXP 	slider_2: markerPos = 4.84765625
55.9722 	EXP 	slider_2: markerPos = 4.84765625
55.9885 	EXP 	slider_2: markerPos = 4.84765625
56.0054 	EXP 	slider_2: markerPos = 4.84765625
56.0222 	EXP 	slider_2: markerPos = 4.84765625
56.0250 	DATA 	Mouse:  Left button up, pos=(892,137)
56.0384 	EXP 	slider_2: markerPos = 4.84765625
56.0384 	EXP 	slider_2: rating = 4.84765625
56.0414 	EXP 	New trial (rep=0, index=16): OrderedDict([('Imagenes', 'imagenes\\Nutella (1).jpg'), ('Random', 0.5277483225747329), ('Correcto', None)])
56.0602 	EXP 	image_2: autoDraw = False
56.0602 	EXP 	slider_2: autoDraw = False
56.0602 	EXP 	image_2: image = 'imagenes\\Nutella (1).jpg'
56.0602 	EXP 	slider_2: markerPos = None
56.0602 	EXP 	slider_2: markerPos = None
56.0602 	EXP 	slider_2: rating = None
56.0602 	EXP 	image_2: autoDraw = True
56.0602 	EXP 	slider_2: autoDraw = True
56.2415 	DATA 	Mouse: Left button down, pos=(971,144)
56.2553 	EXP 	slider_2: markerPos = 5.375
56.2724 	EXP 	slider_2: markerPos = 5.375
56.2890 	EXP 	slider_2: markerPos = 5.375
56.3055 	EXP 	slider_2: markerPos = 5.375
56.3224 	EXP 	slider_2: markerPos = 5.375
56.3312 	DATA 	Mouse:  Left button up, pos=(971,144)
56.3385 	EXP 	slider_2: markerPos = 5.375
56.3551 	EXP 	slider_2: markerPos = 5.375
56.3551 	EXP 	slider_2: rating = 5.375
56.3589 	EXP 	New trial (rep=0, index=17): OrderedDict([('Imagenes', 'imagenes\\Galletas-festival.jpg'), ('Random', 0.36121121246191135), ('Correcto', None)])
56.3871 	EXP 	image_2: autoDraw = False
56.3871 	EXP 	slider_2: autoDraw = False
56.3871 	EXP 	image_2: image = 'imagenes\\Galletas-festival.jpg'
56.3871 	EXP 	slider_2: markerPos = None
56.3871 	EXP 	slider_2: markerPos = None
56.3871 	EXP 	slider_2: rating = None
56.3871 	EXP 	image_2: autoDraw = True
56.3871 	EXP 	slider_2: autoDraw = True
56.6114 	DATA 	Mouse: Left button down, pos=(740,134)
56.6220 	EXP 	slider_2: markerPos = 3.87109375
56.6388 	EXP 	slider_2: markerPos = 3.87109375
56.6554 	EXP 	slider_2: markerPos = 3.87109375
56.6728 	EXP 	slider_2: markerPos = 3.87109375
56.6887 	EXP 	slider_2: markerPos = 3.87109375
56.6954 	DATA 	Mouse:  Left button up, pos=(740,134)
56.7051 	EXP 	slider_2: markerPos = 3.87109375
56.7219 	EXP 	slider_2: markerPos = 3.87109375
56.7219 	EXP 	slider_2: rating = 3.87109375
56.7251 	EXP 	New trial (rep=0, index=18): OrderedDict([('Imagenes', 'imagenes\\Papas-limon.jpg'), ('Random', 0.020692288100133793), ('Correcto', None)])
56.7427 	EXP 	image_2: autoDraw = False
56.7427 	EXP 	slider_2: autoDraw = False
56.7427 	EXP 	image_2: image = 'imagenes\\Papas-limon.jpg'
56.7427 	EXP 	slider_2: markerPos = None
56.7427 	EXP 	slider_2: markerPos = None
56.7427 	EXP 	slider_2: rating = None
56.7427 	EXP 	image_2: autoDraw = True
56.7427 	EXP 	slider_2: autoDraw = True
57.0175 	DATA 	Mouse: Left button down, pos=(846,136)
57.0386 	EXP 	slider_2: markerPos = 4.561197916666667
57.0554 	EXP 	slider_2: markerPos = 4.561197916666667
57.0724 	EXP 	slider_2: markerPos = 4.561197916666667
57.0887 	EXP 	slider_2: markerPos = 4.561197916666667
57.1053 	EXP 	slider_2: markerPos = 4.561197916666667
57.1125 	DATA 	Mouse:  Left button up, pos=(846,136)
57.1220 	EXP 	slider_2: markerPos = 4.561197916666667
57.1383 	EXP 	slider_2: markerPos = 4.561197916666667
57.1383 	EXP 	slider_2: rating = 4.561197916666667
57.1414 	EXP 	New trial (rep=0, index=19): OrderedDict([('Imagenes', 'imagenes\\Leche-de-almendras.jpg'), ('Random', 0.36073876480313727), ('Correcto', None)])
57.2026 	EXP 	image_2: autoDraw = False
57.2026 	EXP 	slider_2: autoDraw = False
57.2026 	EXP 	image_2: image = 'imagenes\\Leche-de-almendras.jpg'
57.2026 	EXP 	slider_2: markerPos = None
57.2026 	EXP 	slider_2: markerPos = None
57.2026 	EXP 	slider_2: rating = None
57.2026 	EXP 	image_2: autoDraw = True
57.2026 	EXP 	slider_2: autoDraw = True
57.3592 	DATA 	Mouse: Left button down, pos=(707,142)
57.3724 	EXP 	slider_2: markerPos = 3.65625
57.3888 	EXP 	slider_2: markerPos = 3.65625
57.4057 	EXP 	slider_2: markerPos = 3.65625
57.4223 	EXP 	slider_2: markerPos = 3.65625
57.4387 	EXP 	slider_2: markerPos = 3.65625
57.4554 	EXP 	slider_2: markerPos = 3.65625
57.4612 	DATA 	Mouse:  Left button up, pos=(707,142)
57.4721 	EXP 	slider_2: markerPos = 3.65625
57.4887 	EXP 	slider_2: markerPos = 3.65625
57.4887 	EXP 	slider_2: rating = 3.65625
57.7457 	EXP 	window1: mouseVisible = True
