1.1970 	WARNING 	We strongly recommend you activate the PTB sound engine in PsychoPy prefs as the preferred audio engine. Its timing is vastly superior. Your prefs are currently set to use ['sounddevice', 'PTB', 'pyo', 'pygame'] (in that order).
7.7531 	WARNING 	User requested fullscreen with size [1024  768], but screen is actually [1366, 768]. Using actual size
9.3078 	EXP 	Created window1 = Window(allowGUI=False, allowStencil=False, args=UNKNOWN, autoLog=True, bitsMode=UNKNOWN, blendMode='avg', bpc=(8, 8, 8), color=array([0., 0., 0.]), colorSpace='rgb', depthBits=8, fullscr=<method-wrapper '__getattribute__' of attributeSetter object at 0x0000024DE7D2C898>, gamma=None, gammaErrorPolicy='raise', kwargs=UNKNOWN, lms=UNKNOWN, monitor=<psychopy.monitors.calibTools.Monitor object at 0x0000024DE7A4A908>, multiSample=False, name='window1', numSamples=2, pos=[0.0, 0.0], screen=0, size=array([1366,  768]), stencilBits=0, stereo=False, units='height', useFBO=True, useRetina=False, viewOri=0.0, viewPos=None, viewScale=None, waitBlanking=True, winType='pyglet')
9.3085 	EXP 	window1: mouseVisible = True
9.3086 	EXP 	window1: recordFrameIntervals = False
9.4729 	EXP 	window1: recordFrameIntervals = True
9.6570 	EXP 	window1: recordFrameIntervals = False
10.2065 	EXP 	Sound Sonido set volume 1.000
10.2218 	EXP 	Created image_2 = ImageStim(__class__=<class 'psychopy.visual.image.ImageStim'>, autoLog=True, color=array([1., 1., 1.]), colorSpace='rgb', contrast=1.0, depth=-1.0, flipHoriz=False, flipVert=False, image='sin', interpolate=True, mask=None, maskParams=None, name='image_2', opacity=1.0, ori=0.0, pos=array([0. , 0.2]), size=array([0.5, 0.5]), texRes=128, units='height', win=Window(...))
10.2606 	EXP 	window1: mouseVisible = True
10.3607 	EXP 	Created slider_2 = Slider(__class__=<class 'psychopy.visual.slider.Slider'>, autoDraw=False, autoLog=True, color='LightGray', depth=0, flip=False, font='HelveticaBold', granularity=0, labelHeight=0.05, labelWrapWidth=None, labels=('0', '1000', '2000', '3000', '4000', '5000'), name='slider_2', pos=(0, -0.3), readOnly=False, self=UNKNOWN, size=(1.0, 0.05), style=method-wrapper(...), ticks=array([1, 2, 3, 4, 5, 6]), units='height', win=Window(...))
10.3814 	EXP 	Created text = TextStim(__class__=<class 'psychopy.visual.text.TextStim'>, alignHoriz=method-wrapper(...), alignText='center', alignVert=method-wrapper(...), anchorHoriz='center', anchorVert='center', antialias=True, autoLog=True, bold=False, color='white', colorSpace='named', contrast=1.0, depth=-1.0, flipHoriz=False, flipVert=False, font='Arial', fontFiles=[], height=0.1, italic=False, languageStyle='LTR', name='text', opacity=1.0, ori=0, pos=array([0.  , 0.15]), rgb=array([255., 255., 255.]), text='default text', units='height', win=Window(...), wrapWidth=1)
10.3842 	EXP 	Created text_4 = TextStim(__class__=<class 'psychopy.visual.text.TextStim'>, alignHoriz=method-wrapper(...), alignText='center', alignVert=method-wrapper(...), anchorHoriz='center', anchorVert='center', antialias=True, autoLog=True, bold=False, color='white', colorSpace='named', contrast=1.0, depth=0.0, flipHoriz=False, flipVert=False, font='Arial', fontFiles=[], height=0.1, italic=False, languageStyle='LTR', name='text_4', opacity=1.0, ori=0, pos=array([0., 0.]), rgb=array([255., 255., 255.]), text='default text', units='height', win=Window(...), wrapWidth=1)
10.4728 	EXP 	Imported ruidos.xlsx as conditions, 4 conditions, 2 params
10.4740 	EXP 	Created sequence: random, trialTypes=4, nReps=1, seed=None
10.4750 	EXP 	New trial (rep=0, index=0): OrderedDict([('Hertz', 1000), ('volumen', 0.02)])
10.4980 	EXP 	Imported imagenes.xlsx as conditions, 20 conditions, 3 params
10.4986 	EXP 	Created sequence: random, trialTypes=20, nReps=1, seed=None
10.4992 	EXP 	New trial (rep=0, index=0): OrderedDict([('Imagenes', 'imagenes\\Kiwi.jpg'), ('Random', 0.5893907384852061), ('Correcto', None)])
10.5244 	EXP 	slider_2: autoLog = True
10.5244 	EXP 	slider_2: markerPos = None
10.5244 	EXP 	slider_2: rating = None
10.5244 	EXP 	slider_2: markerPos = None
10.5244 	EXP 	slider_2: contrast = 1.0
10.5244 	EXP 	slider_2: autoLog = True
10.5244 	EXP 	slider_2: style = ['rating']
10.5244 	EXP 	image_2: image = 'imagenes\\Kiwi.jpg'
10.5244 	EXP 	slider_2: markerPos = None
10.5244 	EXP 	slider_2: markerPos = None
10.5244 	EXP 	slider_2: rating = None
12.6113 	EXP 	image_2: autoDraw = True
12.6113 	EXP 	slider_2: autoDraw = True
15.3921 	DATA 	Keypress: escape
15.8524 	EXP 	window1: mouseVisible = True
