1.7796 	WARNING 	We strongly recommend you activate the PTB sound engine in PsychoPy prefs as the preferred audio engine. Its timing is vastly superior. Your prefs are currently set to use ['sounddevice', 'PTB', 'pyo', 'pygame'] (in that order).
11.7334 	WARNING 	User requested fullscreen with size [1024  768], but screen is actually [1366, 768]. Using actual size
14.4017 	EXP 	Created window1 = Window(allowGUI=False, allowStencil=False, args=UNKNOWN, autoLog=True, bitsMode=UNKNOWN, blendMode='avg', bpc=(8, 8, 8), color=array([0., 0., 0.]), colorSpace='rgb', depthBits=8, fullscr=<method-wrapper '__getattribute__' of attributeSetter object at 0x0000016A43DCDF98>, gamma=None, gammaErrorPolicy='raise', kwargs=UNKNOWN, lms=UNKNOWN, monitor=<psychopy.monitors.calibTools.Monitor object at 0x0000016A43CAE048>, multiSample=False, name='window1', numSamples=2, pos=[0.0, 0.0], screen=0, size=array([1366,  768]), stencilBits=0, stereo=False, units='height', useFBO=True, useRetina=False, viewOri=0.0, viewPos=None, viewScale=None, waitBlanking=True, winType='pyglet')
14.4021 	EXP 	window1: mouseVisible = True
14.4022 	EXP 	window1: recordFrameIntervals = False
14.5672 	EXP 	window1: recordFrameIntervals = True
14.7509 	EXP 	window1: recordFrameIntervals = False
15.0189 	EXP 	Sound sound_3 set volume 1.000
15.0192 	EXP 	Sound Sonido set volume 1.000
15.0329 	EXP 	Created image_2 = ImageStim(__class__=<class 'psychopy.visual.image.ImageStim'>, autoLog=True, color=array([1., 1., 1.]), colorSpace='rgb', contrast=1.0, depth=-1.0, flipHoriz=False, flipVert=False, image='sin', interpolate=True, mask=None, maskParams=None, name='image_2', opacity=1.0, ori=0.0, pos=array([0. , 0.2]), size=array([0.5, 0.5]), texRes=128, units='height', win=Window(...))
15.0527 	EXP 	window1: mouseVisible = True
15.1215 	EXP 	Created slider_2 = Slider(__class__=<class 'psychopy.visual.slider.Slider'>, autoDraw=False, autoLog=True, color='LightGray', depth=0, flip=False, font='HelveticaBold', granularity=0, labelHeight=0.05, labelWrapWidth=None, labels=('0', '1000', '2000', '3000', '4000', '5000'), name='slider_2', pos=(0, -0.3), readOnly=False, self=UNKNOWN, size=(1.0, 0.05), style=method-wrapper(...), ticks=array([1, 2, 3, 4, 5, 6]), units='height', win=Window(...))
15.1574 	EXP 	Created text_2 = TextStim(__class__=<class 'psychopy.visual.text.TextStim'>, alignHoriz=method-wrapper(...), alignText='center', alignVert=method-wrapper(...), anchorHoriz='center', anchorVert='center', antialias=True, autoLog=True, bold=False, color='white', colorSpace='named', contrast=1.0, depth=0.0, flipHoriz=False, flipVert=False, font='Arial', fontFiles=[], height=0.05, italic=False, languageStyle='LTR', name='text_2', opacity=1.0, ori=0, pos=array([0., 0.]), rgb=array([255., 255., 255.]), text=str(...), units='height', win=Window(...), wrapWidth=1)
15.1791 	EXP 	Created text_3 = TextStim(__class__=<class 'psychopy.visual.text.TextStim'>, alignHoriz=method-wrapper(...), alignText='center', alignVert=method-wrapper(...), anchorHoriz='center', anchorVert='center', antialias=True, autoLog=True, bold=False, color='white', colorSpace='named', contrast=1.0, depth=0.0, flipHoriz=False, flipVert=False, font='Arial', fontFiles=[], height=0.05, italic=False, languageStyle='LTR', name='text_3', opacity=1.0, ori=0, pos=array([0., 0.]), rgb=array([255., 255., 255.]), text=str(...), units='height', win=Window(...), wrapWidth=1)
15.1948 	EXP 	Created text = TextStim(__class__=<class 'psychopy.visual.text.TextStim'>, alignHoriz=method-wrapper(...), alignText='center', alignVert=method-wrapper(...), anchorHoriz='center', anchorVert='center', antialias=True, autoLog=True, bold=False, color='white', colorSpace='named', contrast=1.0, depth=-1.0, flipHoriz=False, flipVert=False, font='Arial', fontFiles=[], height=0.1, italic=False, languageStyle='LTR', name='text', opacity=1.0, ori=0, pos=array([0.  , 0.15]), rgb=array([255., 255., 255.]), text='default text', units='height', win=Window(...), wrapWidth=1)
15.1972 	EXP 	Created text_4 = TextStim(__class__=<class 'psychopy.visual.text.TextStim'>, alignHoriz=method-wrapper(...), alignText='center', alignVert=method-wrapper(...), anchorHoriz='center', anchorVert='center', antialias=True, autoLog=True, bold=False, color='white', colorSpace='named', contrast=1.0, depth=-1.0, flipHoriz=False, flipVert=False, font='Arial', fontFiles=[], height=0.1, italic=False, languageStyle='LTR', name='text_4', opacity=1.0, ori=0, pos=array([0., 0.]), rgb=array([255., 255., 255.]), text='default text', units='height', win=Window(...), wrapWidth=1)
15.1998 	EXP 	Created texto_final = TextStim(__class__=<class 'psychopy.visual.text.TextStim'>, alignHoriz=method-wrapper(...), alignText='center', alignVert=method-wrapper(...), anchorHoriz='center', anchorVert='center', antialias=True, autoLog=True, bold=False, color='white', colorSpace='named', contrast=1.0, depth=-1.0, flipHoriz=False, flipVert=False, font='Arial', fontFiles=[], height=0.1, italic=False, languageStyle='LTR', name='texto_final', opacity=1.0, ori=0, pos=array([0., 0.]), rgb=array([255., 255., 255.]), text='default text', units='height', win=Window(...), wrapWidth=1)
15.2537 	EXP 	slider_2: autoLog = True
15.2537 	EXP 	slider_2: markerPos = None
15.2537 	EXP 	slider_2: rating = None
15.2537 	EXP 	slider_2: markerPos = None
15.2537 	EXP 	slider_2: contrast = 1.0
15.2537 	EXP 	slider_2: autoLog = True
15.2537 	EXP 	slider_2: style = ['rating']
19.6211 	WARNING 	Got keycode {} but that code isn't yet known
19.6211 	WARNING 	Keypress was given unknown key code (174)
22.5209 	WARNING 	Got keycode {} but that code isn't yet known
22.5210 	WARNING 	Keypress was given unknown key code (176)
23.5206 	WARNING 	Got keycode {} but that code isn't yet known
23.5207 	WARNING 	Keypress was given unknown key code (176)
23.7042 	WARNING 	Got keycode {} but that code isn't yet known
23.7042 	WARNING 	Keypress was given unknown key code (176)
23.8870 	WARNING 	Got keycode {} but that code isn't yet known
23.8870 	WARNING 	Keypress was given unknown key code (176)
24.0874 	WARNING 	Got keycode {} but that code isn't yet known
24.0874 	WARNING 	Keypress was given unknown key code (176)
24.3368 	WARNING 	Got keycode {} but that code isn't yet known
24.3368 	WARNING 	Keypress was given unknown key code (176)
24.4041 	WARNING 	Got keycode {} but that code isn't yet known
24.4042 	WARNING 	Keypress was given unknown key code (176)
24.6708 	WARNING 	Got keycode {} but that code isn't yet known
24.6709 	WARNING 	Keypress was given unknown key code (176)
25.2633 	EXP 	Imported ruidos.xlsx as conditions, 4 conditions, 2 params
25.2635 	EXP 	Created sequence: random, trialTypes=4, nReps=1, seed=None
25.2638 	EXP 	New trial (rep=0, index=0): OrderedDict([('Hertz', 1000), ('volumen', 0.0)])
25.2706 	EXP 	Imported imagenes.xlsx as conditions, 36 conditions, 3 params
25.2709 	EXP 	Created sequence: random, trialTypes=36, nReps=1, seed=None
25.2711 	EXP 	New trial (rep=0, index=0): OrderedDict([('Imagenes', 'imagenes/Popetas.jpg'), ('Random', 0.9621625733302204), ('Correcto', None)])
25.3226 	EXP 	image_2: image = 'imagenes/Popetas.jpg'
25.3226 	EXP 	slider_2: markerPos = None
25.3226 	EXP 	slider_2: markerPos = None
25.3226 	EXP 	slider_2: rating = None
26.3756 	EXP 	image_2: autoDraw = True
26.3756 	EXP 	slider_2: autoDraw = True
26.8549 	DATA 	Mouse: Left button down, pos=(658,133)
26.8681 	EXP 	slider_2: markerPos = 3.3372395833333335
26.8849 	EXP 	slider_2: markerPos = 3.3372395833333335
26.9016 	EXP 	slider_2: markerPos = 3.3372395833333335
26.9182 	EXP 	slider_2: markerPos = 3.3372395833333335
26.9348 	EXP 	slider_2: markerPos = 3.3372395833333335
26.9514 	EXP 	slider_2: markerPos = 3.3372395833333335
26.9536 	DATA 	Mouse:  Left button up, pos=(658,133)
26.9683 	EXP 	slider_2: markerPos = 3.3372395833333335
26.9683 	EXP 	slider_2: rating = 3.3372395833333335
26.9731 	EXP 	New trial (rep=0, index=1): OrderedDict([('Imagenes', 'imagenes/Rollos de canela.png'), ('Random', 0.2610974409574519), ('Correcto', None)])
27.0119 	EXP 	image_2: autoDraw = False
27.0119 	EXP 	slider_2: autoDraw = False
27.0119 	EXP 	image_2: image = 'imagenes/Rollos de canela.png'
27.0119 	EXP 	slider_2: markerPos = None
27.0119 	EXP 	slider_2: markerPos = None
27.0119 	EXP 	slider_2: rating = None
28.0003 	EXP 	image_2: autoDraw = True
28.0003 	EXP 	slider_2: autoDraw = True
28.4021 	DATA 	Mouse: Left button down, pos=(846,157)
28.4167 	EXP 	slider_2: markerPos = 4.561197916666667
28.4334 	EXP 	slider_2: markerPos = 4.561197916666667
28.4502 	EXP 	slider_2: markerPos = 4.561197916666667
28.4668 	EXP 	slider_2: markerPos = 4.561197916666667
28.4834 	EXP 	slider_2: markerPos = 4.561197916666667
28.4887 	DATA 	Mouse:  Left button up, pos=(846,157)
28.5001 	EXP 	slider_2: markerPos = 4.561197916666667
28.5167 	EXP 	slider_2: markerPos = 4.561197916666667
28.5167 	EXP 	slider_2: rating = 4.561197916666667
28.5203 	EXP 	New trial (rep=0, index=2): OrderedDict([('Imagenes', 'imagenes/Pescadito.png'), ('Random', 0.7172825011486081), ('Correcto', None)])
28.5543 	EXP 	image_2: autoDraw = False
28.5543 	EXP 	slider_2: autoDraw = False
28.5543 	EXP 	image_2: image = 'imagenes/Pescadito.png'
28.5543 	EXP 	slider_2: markerPos = None
28.5543 	EXP 	slider_2: markerPos = None
28.5543 	EXP 	slider_2: rating = None
29.5502 	EXP 	image_2: autoDraw = True
29.5502 	EXP 	slider_2: autoDraw = True
29.8523 	DATA 	Mouse: Left button down, pos=(683,157)
29.8667 	EXP 	slider_2: markerPos = 3.5
29.8835 	EXP 	slider_2: markerPos = 3.5
29.8852 	DATA 	Mouse:  Left button up, pos=(683,157)
29.9000 	EXP 	slider_2: markerPos = 3.5
29.9000 	EXP 	slider_2: rating = 3.5
29.9035 	EXP 	New trial (rep=0, index=3): OrderedDict([('Imagenes', 'imagenes/Almojabanas.png'), ('Random', 0.6725051200713246), ('Correcto', None)])
29.9442 	EXP 	image_2: autoDraw = False
29.9442 	EXP 	slider_2: autoDraw = False
29.9442 	EXP 	image_2: image = 'imagenes/Almojabanas.png'
29.9442 	EXP 	slider_2: markerPos = None
29.9442 	EXP 	slider_2: markerPos = None
29.9442 	EXP 	slider_2: rating = None
30.9020 	DATA 	Mouse: Left button down, pos=(511,157)
30.9336 	EXP 	image_2: autoDraw = True
30.9336 	EXP 	slider_2: autoDraw = True
30.9336 	EXP 	slider_2: markerPos = 2.380208333333333
30.9500 	EXP 	slider_2: markerPos = 2.380208333333333
30.9668 	EXP 	slider_2: markerPos = 2.380208333333333
30.9833 	EXP 	slider_2: markerPos = 2.380208333333333
30.9999 	EXP 	slider_2: markerPos = 2.380208333333333
31.0016 	DATA 	Mouse:  Left button up, pos=(511,157)
31.0166 	EXP 	slider_2: markerPos = 2.380208333333333
31.0166 	EXP 	slider_2: rating = 2.380208333333333
31.0193 	EXP 	New trial (rep=0, index=4): OrderedDict([('Imagenes', 'imagenes/Pizza.png'), ('Random', 0.21192443516553439), ('Correcto', None)])
31.0342 	EXP 	image_2: autoDraw = False
31.0342 	EXP 	slider_2: autoDraw = False
31.0342 	EXP 	image_2: image = 'imagenes/Pizza.png'
31.0342 	EXP 	slider_2: markerPos = None
31.0342 	EXP 	slider_2: markerPos = None
31.0342 	EXP 	slider_2: rating = None
32.0334 	EXP 	image_2: autoDraw = True
32.0334 	EXP 	slider_2: autoDraw = True
32.2188 	DATA 	Mouse: Left button down, pos=(900,155)
32.2333 	EXP 	slider_2: markerPos = 4.912760416666666
32.2500 	EXP 	slider_2: markerPos = 4.912760416666666
32.2666 	EXP 	slider_2: markerPos = 4.912760416666666
32.2832 	EXP 	slider_2: markerPos = 4.912760416666666
32.2999 	EXP 	slider_2: markerPos = 4.912760416666666
32.3050 	DATA 	Mouse:  Left button up, pos=(900,155)
32.3166 	EXP 	slider_2: markerPos = 4.912760416666666
32.3332 	EXP 	slider_2: markerPos = 4.912760416666666
32.3332 	EXP 	slider_2: rating = 4.912760416666666
32.3370 	EXP 	New trial (rep=0, index=5): OrderedDict([('Imagenes', 'imagenes/pistachos.jpg'), ('Random', 0.7450869742741464), ('Correcto', None)])
32.3497 	EXP 	image_2: autoDraw = False
32.3497 	EXP 	slider_2: autoDraw = False
32.3497 	EXP 	image_2: image = 'imagenes/pistachos.jpg'
32.3497 	EXP 	slider_2: markerPos = None
32.3497 	EXP 	slider_2: markerPos = None
32.3497 	EXP 	slider_2: rating = None
33.3189 	DATA 	Mouse: Left button down, pos=(687,163)
33.3333 	EXP 	image_2: autoDraw = True
33.3333 	EXP 	slider_2: autoDraw = True
33.3333 	EXP 	slider_2: markerPos = 3.526041666666667
33.3499 	EXP 	slider_2: markerPos = 3.526041666666667
33.3665 	EXP 	slider_2: markerPos = 3.526041666666667
33.3832 	EXP 	slider_2: markerPos = 3.526041666666667
33.3999 	EXP 	slider_2: markerPos = 3.526041666666667
33.4166 	EXP 	slider_2: markerPos = 3.526041666666667
33.4188 	DATA 	Mouse:  Left button up, pos=(687,163)
33.4333 	EXP 	slider_2: markerPos = 3.526041666666667
33.4333 	EXP 	slider_2: rating = 3.526041666666667
33.4370 	EXP 	New trial (rep=0, index=6): OrderedDict([('Imagenes', 'imagenes/Uvas.jpg'), ('Random', 0.4959291644143431), ('Correcto', None)])
33.4574 	EXP 	image_2: autoDraw = False
33.4574 	EXP 	slider_2: autoDraw = False
33.4574 	EXP 	image_2: image = 'imagenes/Uvas.jpg'
33.4574 	EXP 	slider_2: markerPos = None
33.4574 	EXP 	slider_2: markerPos = None
33.4574 	EXP 	slider_2: rating = None
34.4501 	EXP 	image_2: autoDraw = True
34.4501 	EXP 	slider_2: autoDraw = True
34.4525 	DATA 	Mouse: Left button down, pos=(849,154)
34.4665 	EXP 	slider_2: markerPos = 4.580729166666667
34.4833 	EXP 	slider_2: markerPos = 4.580729166666667
34.4998 	EXP 	slider_2: markerPos = 4.580729166666667
34.5166 	EXP 	slider_2: markerPos = 4.580729166666667
34.5186 	DATA 	Mouse:  Left button up, pos=(849,154)
34.5330 	EXP 	slider_2: markerPos = 4.580729166666667
34.5330 	EXP 	slider_2: rating = 4.580729166666667
34.5351 	EXP 	New trial (rep=0, index=7): OrderedDict([('Imagenes', 'imagenes/Yogurt-alpina.jpg'), ('Random', 0.5445152936222175), ('Correcto', None)])
34.5498 	EXP 	image_2: autoDraw = False
34.5498 	EXP 	slider_2: autoDraw = False
34.5498 	EXP 	image_2: image = 'imagenes/Yogurt-alpina.jpg'
34.5498 	EXP 	slider_2: markerPos = None
34.5498 	EXP 	slider_2: markerPos = None
34.5498 	EXP 	slider_2: rating = None
35.5499 	EXP 	image_2: autoDraw = True
35.5499 	EXP 	slider_2: autoDraw = True
35.6022 	DATA 	Mouse: Left button down, pos=(479,158)
35.6165 	EXP 	slider_2: markerPos = 2.171875
35.6330 	EXP 	slider_2: markerPos = 2.171875
35.6498 	EXP 	slider_2: markerPos = 2.171875
35.6664 	EXP 	slider_2: markerPos = 2.171875
35.6830 	EXP 	slider_2: markerPos = 2.171875
35.6854 	DATA 	Mouse:  Left button up, pos=(479,158)
35.6998 	EXP 	slider_2: markerPos = 2.171875
35.6998 	EXP 	slider_2: rating = 2.171875
35.7038 	EXP 	New trial (rep=0, index=8): OrderedDict([('Imagenes', 'imagenes/Kiwi.jpg'), ('Random', 0.3929145850942286), ('Correcto', None)])
35.7163 	EXP 	image_2: autoDraw = False
35.7163 	EXP 	slider_2: autoDraw = False
35.7163 	EXP 	image_2: image = 'imagenes/Kiwi.jpg'
35.7163 	EXP 	slider_2: markerPos = None
35.7163 	EXP 	slider_2: markerPos = None
35.7163 	EXP 	slider_2: rating = None
36.4183 	DATA 	Mouse: Left button down, pos=(757,156)
36.5200 	DATA 	Mouse:  Left button up, pos=(757,156)
36.7165 	EXP 	image_2: autoDraw = True
36.7165 	EXP 	slider_2: autoDraw = True
36.8349 	DATA 	Mouse: Left button down, pos=(757,156)
36.8497 	EXP 	slider_2: markerPos = 3.981770833333333
36.8664 	EXP 	slider_2: markerPos = 3.981770833333333
36.8831 	EXP 	slider_2: markerPos = 3.981770833333333
36.8997 	EXP 	slider_2: markerPos = 3.981770833333333
36.9164 	EXP 	slider_2: markerPos = 3.981770833333333
36.9216 	DATA 	Mouse:  Left button up, pos=(757,156)
36.9331 	EXP 	slider_2: markerPos = 3.981770833333333
36.9497 	EXP 	slider_2: markerPos = 3.981770833333333
36.9497 	EXP 	slider_2: rating = 3.981770833333333
36.9534 	EXP 	New trial (rep=0, index=9): OrderedDict([('Imagenes', 'imagenes/Mango.jpeg'), ('Random', 0.4341155418941499), ('Correcto', None)])
36.9757 	EXP 	image_2: autoDraw = False
36.9757 	EXP 	slider_2: autoDraw = False
36.9757 	EXP 	image_2: image = 'imagenes/Mango.jpeg'
36.9757 	EXP 	slider_2: markerPos = None
36.9757 	EXP 	slider_2: markerPos = None
36.9757 	EXP 	slider_2: rating = None
37.9666 	EXP 	image_2: autoDraw = True
37.9666 	EXP 	slider_2: autoDraw = True
38.0350 	DATA 	Mouse: Left button down, pos=(846,156)
38.0497 	EXP 	slider_2: markerPos = 4.561197916666667
38.0663 	EXP 	slider_2: markerPos = 4.561197916666667
38.0830 	EXP 	slider_2: markerPos = 4.561197916666667
38.0997 	EXP 	slider_2: markerPos = 4.561197916666667
38.1163 	EXP 	slider_2: markerPos = 4.561197916666667
38.1330 	EXP 	slider_2: markerPos = 4.561197916666667
38.1351 	DATA 	Mouse:  Left button up, pos=(846,156)
38.1497 	EXP 	slider_2: markerPos = 4.561197916666667
38.1497 	EXP 	slider_2: rating = 4.561197916666667
38.1535 	EXP 	New trial (rep=0, index=10): OrderedDict([('Imagenes', 'imagenes/Croissant.jpg'), ('Random', 0.5824748589948932), ('Correcto', None)])
38.2151 	EXP 	image_2: autoDraw = False
38.2151 	EXP 	slider_2: autoDraw = False
38.2151 	EXP 	image_2: image = 'imagenes/Croissant.jpg'
38.2151 	EXP 	slider_2: markerPos = None
38.2151 	EXP 	slider_2: markerPos = None
38.2151 	EXP 	slider_2: rating = None
39.0192 	DATA 	Mouse: Left button down, pos=(956,156)
39.1516 	DATA 	Mouse:  Left button up, pos=(956,156)
39.2166 	EXP 	image_2: autoDraw = True
39.2166 	EXP 	slider_2: autoDraw = True
39.5019 	DATA 	Mouse: Left button down, pos=(956,156)
39.5164 	EXP 	slider_2: markerPos = 5.27734375
39.5330 	EXP 	slider_2: markerPos = 5.27734375
39.5496 	EXP 	slider_2: markerPos = 5.27734375
39.5664 	EXP 	slider_2: markerPos = 5.27734375
39.5831 	EXP 	slider_2: markerPos = 5.27734375
39.5847 	DATA 	Mouse:  Left button up, pos=(956,156)
39.5996 	EXP 	slider_2: markerPos = 5.27734375
39.5996 	EXP 	slider_2: rating = 5.27734375
39.6022 	EXP 	New trial (rep=0, index=11): OrderedDict([('Imagenes', 'imagenes/Banano.jpeg'), ('Random', 0.2267656716538785), ('Correcto', None)])
39.6161 	EXP 	image_2: autoDraw = False
39.6161 	EXP 	slider_2: autoDraw = False
39.6161 	EXP 	image_2: image = 'imagenes/Banano.jpeg'
39.6161 	EXP 	slider_2: markerPos = None
39.6161 	EXP 	slider_2: markerPos = None
39.6161 	EXP 	slider_2: rating = None
40.6163 	EXP 	image_2: autoDraw = True
40.6163 	EXP 	slider_2: autoDraw = True
40.8854 	DATA 	Mouse: Left button down, pos=(698,153)
40.8996 	EXP 	slider_2: markerPos = 3.59765625
40.9162 	EXP 	slider_2: markerPos = 3.59765625
40.9328 	EXP 	slider_2: markerPos = 3.59765625
40.9495 	EXP 	slider_2: markerPos = 3.59765625
40.9663 	EXP 	slider_2: markerPos = 3.59765625
40.9829 	EXP 	slider_2: markerPos = 3.59765625
40.9851 	DATA 	Mouse:  Left button up, pos=(698,153)
40.9996 	EXP 	slider_2: markerPos = 3.59765625
40.9996 	EXP 	slider_2: rating = 3.59765625
41.0035 	EXP 	New trial (rep=0, index=12): OrderedDict([('Imagenes', 'imagenes/Galletas-festival.jpg'), ('Random', 0.11306074364032936), ('Correcto', None)])
41.0300 	EXP 	image_2: autoDraw = False
41.0300 	EXP 	slider_2: autoDraw = False
41.0300 	EXP 	image_2: image = 'imagenes/Galletas-festival.jpg'
41.0300 	EXP 	slider_2: markerPos = None
41.0300 	EXP 	slider_2: markerPos = None
41.0300 	EXP 	slider_2: rating = None
42.0330 	EXP 	image_2: autoDraw = True
42.0330 	EXP 	slider_2: autoDraw = True
42.2856 	DATA 	Mouse: Left button down, pos=(830,154)
42.2994 	EXP 	slider_2: markerPos = 4.45703125
42.3162 	EXP 	slider_2: markerPos = 4.45703125
42.3327 	EXP 	slider_2: markerPos = 4.45703125
42.3494 	EXP 	slider_2: markerPos = 4.45703125
42.3660 	EXP 	slider_2: markerPos = 4.45703125
42.3682 	DATA 	Mouse:  Left button up, pos=(830,154)
42.3827 	EXP 	slider_2: markerPos = 4.45703125
42.3827 	EXP 	slider_2: rating = 4.45703125
42.3865 	EXP 	New trial (rep=0, index=13): OrderedDict([('Imagenes', 'imagenes/bon-bon-bun.jpg'), ('Random', 0.7417452724056987), ('Correcto', None)])
42.4266 	EXP 	image_2: autoDraw = False
42.4266 	EXP 	slider_2: autoDraw = False
42.4266 	EXP 	image_2: image = 'imagenes/bon-bon-bun.jpg'
42.4266 	EXP 	slider_2: markerPos = None
42.4266 	EXP 	slider_2: markerPos = None
42.4266 	EXP 	slider_2: rating = None
43.4163 	EXP 	image_2: autoDraw = True
43.4163 	EXP 	slider_2: autoDraw = True
43.6515 	DATA 	Mouse: Left button down, pos=(664,138)
43.6660 	EXP 	slider_2: markerPos = 3.3763020833333335
43.6827 	EXP 	slider_2: markerPos = 3.3763020833333335
43.6994 	EXP 	slider_2: markerPos = 3.3763020833333335
43.7161 	EXP 	slider_2: markerPos = 3.3763020833333335
43.7327 	EXP 	slider_2: markerPos = 3.3763020833333335
43.7349 	DATA 	Mouse:  Left button up, pos=(664,138)
43.7493 	EXP 	slider_2: markerPos = 3.3763020833333335
43.7493 	EXP 	slider_2: rating = 3.3763020833333335
43.7533 	EXP 	New trial (rep=0, index=14): OrderedDict([('Imagenes', 'imagenes/Brownie.jpg'), ('Random', 0.2838924074864093), ('Correcto', None)])
43.7987 	EXP 	image_2: autoDraw = False
43.7987 	EXP 	slider_2: autoDraw = False
43.7987 	EXP 	image_2: image = 'imagenes/Brownie.jpg'
43.7987 	EXP 	slider_2: markerPos = None
43.7987 	EXP 	slider_2: markerPos = None
43.7987 	EXP 	slider_2: rating = None
44.7998 	EXP 	image_2: autoDraw = True
44.7998 	EXP 	slider_2: autoDraw = True
45.1536 	DATA 	Mouse: Left button down, pos=(835,149)
45.1826 	EXP 	slider_2: markerPos = 4.489583333333333
45.1994 	EXP 	slider_2: markerPos = 4.489583333333333
45.2161 	EXP 	slider_2: markerPos = 4.489583333333333
45.2175 	DATA 	Mouse:  Left button up, pos=(835,149)
45.2329 	EXP 	slider_2: markerPos = 4.489583333333333
45.2329 	EXP 	slider_2: rating = 4.489583333333333
45.2351 	EXP 	New trial (rep=0, index=15): OrderedDict([('Imagenes', 'imagenes/Chontaduro.png'), ('Random', 0.8693553300418813), ('Correcto', None)])
45.2491 	EXP 	image_2: autoDraw = False
45.2491 	EXP 	slider_2: autoDraw = False
45.2491 	EXP 	image_2: image = 'imagenes/Chontaduro.png'
45.2491 	EXP 	slider_2: markerPos = None
45.2491 	EXP 	slider_2: markerPos = None
45.2491 	EXP 	slider_2: rating = None
46.2493 	EXP 	image_2: autoDraw = True
46.2493 	EXP 	slider_2: autoDraw = True
46.5014 	DATA 	Mouse: Left button down, pos=(666,142)
46.5158 	EXP 	slider_2: markerPos = 3.3893229166666665
46.5326 	EXP 	slider_2: markerPos = 3.3893229166666665
46.5493 	EXP 	slider_2: markerPos = 3.3893229166666665
46.5659 	EXP 	slider_2: markerPos = 3.3893229166666665
46.5826 	EXP 	slider_2: markerPos = 3.3893229166666665
46.5850 	DATA 	Mouse:  Left button up, pos=(666,142)
46.5992 	EXP 	slider_2: markerPos = 3.3893229166666665
46.5992 	EXP 	slider_2: rating = 3.3893229166666665
46.6024 	EXP 	New trial (rep=0, index=16): OrderedDict([('Imagenes', 'imagenes/Leche-de-almendras.jpg'), ('Random', 0.3886559457994673), ('Correcto', None)])
46.7620 	EXP 	image_2: autoDraw = False
46.7620 	EXP 	slider_2: autoDraw = False
46.7620 	EXP 	image_2: image = 'imagenes/Leche-de-almendras.jpg'
46.7620 	EXP 	slider_2: markerPos = None
46.7620 	EXP 	slider_2: markerPos = None
46.7620 	EXP 	slider_2: rating = None
47.7504 	EXP 	image_2: autoDraw = True
47.7504 	EXP 	slider_2: autoDraw = True
47.8518 	DATA 	Mouse: Left button down, pos=(503,161)
47.8663 	EXP 	slider_2: markerPos = 2.328125
47.8829 	EXP 	slider_2: markerPos = 2.328125
47.8995 	EXP 	slider_2: markerPos = 2.328125
47.9163 	EXP 	slider_2: markerPos = 2.328125
47.9329 	EXP 	slider_2: markerPos = 2.328125
47.9395 	DATA 	Mouse:  Left button up, pos=(503,161)
47.9496 	EXP 	slider_2: markerPos = 2.328125
47.9662 	EXP 	slider_2: markerPos = 2.328125
47.9662 	EXP 	slider_2: rating = 2.328125
47.9701 	EXP 	New trial (rep=0, index=17): OrderedDict([('Imagenes', 'imagenes/Alpinito.jpg'), ('Random', 0.7416150880621702), ('Correcto', None)])
48.0386 	EXP 	image_2: autoDraw = False
48.0386 	EXP 	slider_2: autoDraw = False
48.0386 	EXP 	image_2: image = 'imagenes/Alpinito.jpg'
48.0386 	EXP 	slider_2: markerPos = None
48.0386 	EXP 	slider_2: markerPos = None
48.0386 	EXP 	slider_2: rating = None
48.9838 	DATA 	Mouse: Left button down, pos=(740,148)
49.0329 	EXP 	image_2: autoDraw = True
49.0329 	EXP 	slider_2: autoDraw = True
49.0329 	EXP 	slider_2: markerPos = 3.87109375
49.0493 	EXP 	slider_2: markerPos = 3.87109375
49.0659 	EXP 	slider_2: markerPos = 3.87109375
49.0826 	EXP 	slider_2: markerPos = 3.87109375
49.0845 	DATA 	Mouse:  Left button up, pos=(740,148)
49.0992 	EXP 	slider_2: markerPos = 3.87109375
49.0992 	EXP 	slider_2: rating = 3.87109375
49.1020 	EXP 	New trial (rep=0, index=18): OrderedDict([('Imagenes', 'imagenes/Papas picantes.jpg'), ('Random', 0.524978898672612), ('Correcto', None)])
49.1156 	EXP 	image_2: autoDraw = False
49.1156 	EXP 	slider_2: autoDraw = False
49.1156 	EXP 	image_2: image = 'imagenes/Papas picantes.jpg'
49.1156 	EXP 	slider_2: markerPos = None
49.1156 	EXP 	slider_2: markerPos = None
49.1156 	EXP 	slider_2: rating = None
50.0992 	EXP 	image_2: autoDraw = True
50.0992 	EXP 	slider_2: autoDraw = True
50.3345 	DATA 	Mouse: Left button down, pos=(871,151)
50.3491 	EXP 	slider_2: markerPos = 4.723958333333333
50.3657 	EXP 	slider_2: markerPos = 4.723958333333333
50.3824 	EXP 	slider_2: markerPos = 4.723958333333333
50.3990 	EXP 	slider_2: markerPos = 4.723958333333333
50.4013 	DATA 	Mouse:  Left button up, pos=(871,151)
50.4156 	EXP 	slider_2: markerPos = 4.723958333333333
50.4156 	EXP 	slider_2: rating = 4.723958333333333
50.4187 	EXP 	New trial (rep=0, index=19): OrderedDict([('Imagenes', 'imagenes/Canelazo.png'), ('Random', 0.6730479360767814), ('Correcto', None)])
50.4754 	EXP 	image_2: autoDraw = False
50.4754 	EXP 	slider_2: autoDraw = False
50.4754 	EXP 	image_2: image = 'imagenes/Canelazo.png'
50.4754 	EXP 	slider_2: markerPos = None
50.4754 	EXP 	slider_2: markerPos = None
50.4754 	EXP 	slider_2: rating = None
51.4661 	EXP 	image_2: autoDraw = True
51.4661 	EXP 	slider_2: autoDraw = True
51.4845 	DATA 	Mouse: Left button down, pos=(699,150)
51.4991 	EXP 	slider_2: markerPos = 3.604166666666667
51.5158 	EXP 	slider_2: markerPos = 3.604166666666667
51.5324 	EXP 	slider_2: markerPos = 3.604166666666667
51.5492 	EXP 	slider_2: markerPos = 3.604166666666667
51.5658 	EXP 	slider_2: markerPos = 3.604166666666667
51.5825 	EXP 	slider_2: markerPos = 3.604166666666667
51.5991 	EXP 	slider_2: markerPos = 3.604166666666667
51.6157 	EXP 	slider_2: markerPos = 3.604166666666667
51.6324 	EXP 	slider_2: markerPos = 3.604166666666667
51.6341 	DATA 	Mouse:  Left button up, pos=(699,150)
51.6491 	EXP 	slider_2: markerPos = 3.604166666666667
51.6491 	EXP 	slider_2: rating = 3.604166666666667
51.6527 	EXP 	New trial (rep=0, index=20): OrderedDict([('Imagenes', 'imagenes/Coliflor.jpg'), ('Random', 0.3640740491088985), ('Correcto', None)])
51.6719 	EXP 	image_2: autoDraw = False
51.6719 	EXP 	slider_2: autoDraw = False
51.6719 	EXP 	image_2: image = 'imagenes/Coliflor.jpg'
51.6719 	EXP 	slider_2: markerPos = None
51.6719 	EXP 	slider_2: markerPos = None
51.6719 	EXP 	slider_2: rating = None
52.6659 	EXP 	image_2: autoDraw = True
52.6659 	EXP 	slider_2: autoDraw = True
52.9178 	DATA 	Mouse: Left button down, pos=(831,158)
52.9322 	EXP 	slider_2: markerPos = 4.463541666666667
52.9490 	EXP 	slider_2: markerPos = 4.463541666666667
52.9657 	EXP 	slider_2: markerPos = 4.463541666666667
52.9822 	EXP 	slider_2: markerPos = 4.463541666666667
52.9990 	EXP 	slider_2: markerPos = 4.463541666666667
53.0014 	DATA 	Mouse:  Left button up, pos=(831,158)
53.0156 	EXP 	slider_2: markerPos = 4.463541666666667
53.0156 	EXP 	slider_2: rating = 4.463541666666667
53.0189 	EXP 	New trial (rep=0, index=21): OrderedDict([('Imagenes', 'imagenes/Chocoramo.jfif.jpg'), ('Random', 0.7425528559884101), ('Correcto', None)])
53.0545 	EXP 	image_2: autoDraw = False
53.0545 	EXP 	slider_2: autoDraw = False
53.0545 	EXP 	image_2: image = 'imagenes/Chocoramo.jfif.jpg'
53.0545 	EXP 	slider_2: markerPos = None
53.0545 	EXP 	slider_2: markerPos = None
53.0545 	EXP 	slider_2: rating = None
54.0327 	EXP 	image_2: autoDraw = True
54.0327 	EXP 	slider_2: autoDraw = True
54.4539 	DATA 	Mouse: Left button down, pos=(851,157)
54.4822 	EXP 	slider_2: markerPos = 4.59375
54.4990 	EXP 	slider_2: markerPos = 4.59375
54.5156 	EXP 	slider_2: markerPos = 4.59375
54.5323 	EXP 	slider_2: markerPos = 4.59375
54.5491 	EXP 	slider_2: markerPos = 4.59375
54.5656 	EXP 	slider_2: markerPos = 4.59375
54.5678 	DATA 	Mouse:  Left button up, pos=(851,157)
54.5822 	EXP 	slider_2: markerPos = 4.59375
54.5822 	EXP 	slider_2: rating = 4.59375
54.5844 	EXP 	New trial (rep=0, index=22): OrderedDict([('Imagenes', 'imagenes/Papas-limon.jpg'), ('Random', 0.5280798509093595), ('Correcto', None)])
54.5987 	EXP 	image_2: autoDraw = False
54.5987 	EXP 	slider_2: autoDraw = False
54.5987 	EXP 	image_2: image = 'imagenes/Papas-limon.jpg'
54.5987 	EXP 	slider_2: markerPos = None
54.5987 	EXP 	slider_2: markerPos = None
54.5987 	EXP 	slider_2: rating = None
55.5990 	EXP 	image_2: autoDraw = True
55.5990 	EXP 	slider_2: autoDraw = True
56.0033 	DATA 	Mouse: Left button down, pos=(840,157)
56.0154 	EXP 	slider_2: markerPos = 4.522135416666667
56.0321 	EXP 	slider_2: markerPos = 4.522135416666667
56.0488 	EXP 	slider_2: markerPos = 4.522135416666667
56.0655 	EXP 	slider_2: markerPos = 4.522135416666667
56.0822 	EXP 	slider_2: markerPos = 4.522135416666667
56.0988 	EXP 	slider_2: markerPos = 4.522135416666667
56.1153 	EXP 	slider_2: markerPos = 4.522135416666667
56.1208 	DATA 	Mouse:  Left button up, pos=(840,157)
56.1321 	EXP 	slider_2: markerPos = 4.522135416666667
56.1488 	EXP 	slider_2: markerPos = 4.522135416666667
56.1488 	EXP 	slider_2: rating = 4.522135416666667
56.1527 	EXP 	New trial (rep=0, index=23): OrderedDict([('Imagenes', 'imagenes/Muffin de banano.png'), ('Random', 0.9610615059009696), ('Correcto', None)])
56.1987 	EXP 	image_2: autoDraw = False
56.1987 	EXP 	slider_2: autoDraw = False
56.1987 	EXP 	image_2: image = 'imagenes/Muffin de banano.png'
56.1987 	EXP 	slider_2: markerPos = None
56.1987 	EXP 	slider_2: markerPos = None
56.1987 	EXP 	slider_2: rating = None
57.1992 	EXP 	image_2: autoDraw = True
57.1992 	EXP 	slider_2: autoDraw = True
57.6681 	DATA 	Mouse: Left button down, pos=(840,157)
57.6821 	EXP 	slider_2: markerPos = 4.522135416666667
57.6988 	EXP 	slider_2: markerPos = 4.522135416666667
57.7155 	EXP 	slider_2: markerPos = 4.522135416666667
57.7321 	EXP 	slider_2: markerPos = 4.522135416666667
57.7490 	EXP 	slider_2: markerPos = 4.522135416666667
57.7656 	EXP 	slider_2: markerPos = 4.522135416666667
57.7823 	EXP 	slider_2: markerPos = 4.522135416666667
57.7990 	EXP 	slider_2: markerPos = 4.522135416666667
57.8013 	DATA 	Mouse:  Left button up, pos=(840,157)
57.8154 	EXP 	slider_2: markerPos = 4.522135416666667
57.8154 	EXP 	slider_2: rating = 4.522135416666667
57.8180 	EXP 	New trial (rep=0, index=24): OrderedDict([('Imagenes', 'imagenes/Pizzetas.png'), ('Random', 0.3295951589873042), ('Correcto', None)])
57.8339 	EXP 	image_2: autoDraw = False
57.8339 	EXP 	slider_2: autoDraw = False
57.8339 	EXP 	image_2: image = 'imagenes/Pizzetas.png'
57.8339 	EXP 	slider_2: markerPos = None
57.8339 	EXP 	slider_2: markerPos = None
57.8339 	EXP 	slider_2: rating = None
58.8323 	EXP 	image_2: autoDraw = True
58.8323 	EXP 	slider_2: autoDraw = True
59.5845 	DATA 	Mouse: Left button down, pos=(670,152)
59.5987 	EXP 	slider_2: markerPos = 3.4153645833333335
59.6153 	EXP 	slider_2: markerPos = 3.4153645833333335
59.6320 	EXP 	slider_2: markerPos = 3.4153645833333335
59.6487 	EXP 	slider_2: markerPos = 3.4153645833333335
59.6653 	EXP 	slider_2: markerPos = 3.4153645833333335
59.6819 	EXP 	slider_2: markerPos = 3.4153645833333335
59.6842 	DATA 	Mouse:  Left button up, pos=(670,152)
59.6986 	EXP 	slider_2: markerPos = 3.4153645833333335
59.6986 	EXP 	slider_2: rating = 3.4153645833333335
59.7026 	EXP 	New trial (rep=0, index=25): OrderedDict([('Imagenes', 'imagenes/Papas-pollo.jpg'), ('Random', 0.08373485417902837), ('Correcto', None)])
59.7179 	EXP 	image_2: autoDraw = False
59.7179 	EXP 	slider_2: autoDraw = False
59.7179 	EXP 	image_2: image = 'imagenes/Papas-pollo.jpg'
59.7179 	EXP 	slider_2: markerPos = None
59.7179 	EXP 	slider_2: markerPos = None
59.7179 	EXP 	slider_2: rating = None
60.7154 	EXP 	image_2: autoDraw = True
60.7154 	EXP 	slider_2: autoDraw = True
61.2341 	DATA 	Mouse: Left button down, pos=(715,153)
61.2486 	EXP 	slider_2: markerPos = 3.708333333333333
61.2652 	EXP 	slider_2: markerPos = 3.708333333333333
61.2818 	EXP 	slider_2: markerPos = 3.708333333333333
61.2985 	EXP 	slider_2: markerPos = 3.708333333333333
61.3152 	EXP 	slider_2: markerPos = 3.708333333333333
61.3169 	DATA 	Mouse:  Left button up, pos=(715,153)
61.3318 	EXP 	slider_2: markerPos = 3.708333333333333
61.3318 	EXP 	slider_2: rating = 3.708333333333333
61.3353 	EXP 	New trial (rep=0, index=26): OrderedDict([('Imagenes', 'imagenes/Rollo de queso.png'), ('Random', 0.9201641182756888), ('Correcto', None)])
61.3748 	EXP 	image_2: autoDraw = False
61.3748 	EXP 	slider_2: autoDraw = False
61.3748 	EXP 	image_2: image = 'imagenes/Rollo de queso.png'
61.3748 	EXP 	slider_2: markerPos = None
61.3748 	EXP 	slider_2: markerPos = None
61.3748 	EXP 	slider_2: rating = None
62.3654 	EXP 	image_2: autoDraw = True
62.3654 	EXP 	slider_2: autoDraw = True
62.9007 	DATA 	Mouse: Left button down, pos=(705,165)
62.9151 	EXP 	slider_2: markerPos = 3.643229166666667
62.9318 	EXP 	slider_2: markerPos = 3.643229166666667
62.9485 	EXP 	slider_2: markerPos = 3.643229166666667
62.9651 	EXP 	slider_2: markerPos = 3.643229166666667
62.9818 	EXP 	slider_2: markerPos = 3.643229166666667
62.9843 	DATA 	Mouse:  Left button up, pos=(705,165)
62.9985 	EXP 	slider_2: markerPos = 3.643229166666667
62.9985 	EXP 	slider_2: rating = 3.643229166666667
63.0017 	EXP 	New trial (rep=0, index=27): OrderedDict([('Imagenes', 'imagenes/Pepinillos.png'), ('Random', 0.0038966441241518046), ('Correcto', None)])
63.0327 	EXP 	image_2: autoDraw = False
63.0327 	EXP 	slider_2: autoDraw = False
63.0327 	EXP 	image_2: image = 'imagenes/Pepinillos.png'
63.0327 	EXP 	slider_2: markerPos = None
63.0327 	EXP 	slider_2: markerPos = None
63.0327 	EXP 	slider_2: rating = None
64.0321 	EXP 	image_2: autoDraw = True
64.0321 	EXP 	slider_2: autoDraw = True
64.5834 	DATA 	Mouse: Left button down, pos=(669,162)
64.5984 	EXP 	slider_2: markerPos = 3.4088541666666665
64.6151 	EXP 	slider_2: markerPos = 3.4088541666666665
64.6318 	EXP 	slider_2: markerPos = 3.4088541666666665
64.6484 	EXP 	slider_2: markerPos = 3.4088541666666665
64.6651 	EXP 	slider_2: markerPos = 3.4088541666666665
64.6676 	DATA 	Mouse:  Left button up, pos=(669,162)
64.6817 	EXP 	slider_2: markerPos = 3.4088541666666665
64.6817 	EXP 	slider_2: rating = 3.4088541666666665
64.6850 	EXP 	New trial (rep=0, index=28): OrderedDict([('Imagenes', 'imagenes/Galletas Tosh.jpg'), ('Random', 0.9129693753280027), ('Correcto', None)])
64.7215 	EXP 	image_2: autoDraw = False
64.7215 	EXP 	slider_2: autoDraw = False
64.7215 	EXP 	image_2: image = 'imagenes/Galletas Tosh.jpg'
64.7215 	EXP 	slider_2: markerPos = None
64.7215 	EXP 	slider_2: markerPos = None
64.7215 	EXP 	slider_2: rating = None
65.7153 	EXP 	image_2: autoDraw = True
65.7153 	EXP 	slider_2: autoDraw = True
66.3674 	DATA 	Mouse: Left button down, pos=(697,166)
66.3816 	EXP 	slider_2: markerPos = 3.591145833333333
66.3984 	EXP 	slider_2: markerPos = 3.591145833333333
66.4150 	EXP 	slider_2: markerPos = 3.591145833333333
66.4316 	EXP 	slider_2: markerPos = 3.591145833333333
66.4483 	EXP 	slider_2: markerPos = 3.591145833333333
66.4650 	EXP 	slider_2: markerPos = 3.591145833333333
66.4670 	DATA 	Mouse:  Left button up, pos=(697,166)
66.4816 	EXP 	slider_2: markerPos = 3.591145833333333
66.4816 	EXP 	slider_2: rating = 3.591145833333333
66.4855 	EXP 	New trial (rep=0, index=29): OrderedDict([('Imagenes', 'imagenes/Nutella (1).jpg'), ('Random', 0.8826531883338111), ('Correcto', None)])
66.5027 	EXP 	image_2: autoDraw = False
66.5027 	EXP 	slider_2: autoDraw = False
66.5027 	EXP 	image_2: image = 'imagenes/Nutella (1).jpg'
66.5027 	EXP 	slider_2: markerPos = None
66.5027 	EXP 	slider_2: markerPos = None
66.5027 	EXP 	slider_2: rating = None
67.3504 	DATA 	Mouse: Left button down, pos=(864,164)
67.4836 	DATA 	Mouse:  Left button up, pos=(864,164)
67.4983 	EXP 	image_2: autoDraw = True
67.4983 	EXP 	slider_2: autoDraw = True
67.9713 	DATA 	Mouse: Left button down, pos=(841,159)
67.9982 	EXP 	slider_2: markerPos = 4.528645833333333
68.0150 	EXP 	slider_2: markerPos = 4.528645833333333
68.0315 	EXP 	slider_2: markerPos = 4.528645833333333
68.0482 	EXP 	slider_2: markerPos = 4.528645833333333
68.0648 	EXP 	slider_2: markerPos = 4.528645833333333
68.0672 	DATA 	Mouse:  Left button up, pos=(841,159)
68.0815 	EXP 	slider_2: markerPos = 4.528645833333333
68.0815 	EXP 	slider_2: rating = 4.528645833333333
68.0856 	EXP 	New trial (rep=0, index=30): OrderedDict([('Imagenes', 'imagenes/salchicha hojaldrada.jpg'), ('Random', 0.7119773165481526), ('Correcto', None)])
68.0980 	EXP 	image_2: autoDraw = False
68.0980 	EXP 	slider_2: autoDraw = False
68.0980 	EXP 	image_2: image = 'imagenes/salchicha hojaldrada.jpg'
68.0980 	EXP 	slider_2: markerPos = None
68.0980 	EXP 	slider_2: markerPos = None
68.0980 	EXP 	slider_2: rating = None
69.0982 	EXP 	image_2: autoDraw = True
69.0982 	EXP 	slider_2: autoDraw = True
69.4838 	DATA 	Mouse: Left button down, pos=(991,159)
69.4981 	EXP 	slider_2: markerPos = 5.505208333333334
69.5149 	EXP 	slider_2: markerPos = 5.505208333333334
69.5314 	EXP 	slider_2: markerPos = 5.505208333333334
69.5481 	EXP 	slider_2: markerPos = 5.505208333333334
69.5648 	EXP 	slider_2: markerPos = 5.505208333333334
69.5814 	EXP 	slider_2: markerPos = 5.505208333333334
69.5981 	EXP 	slider_2: markerPos = 5.505208333333334
69.6044 	DATA 	Mouse:  Left button up, pos=(991,159)
69.6148 	EXP 	slider_2: markerPos = 5.505208333333334
69.6315 	EXP 	slider_2: markerPos = 5.505208333333334
69.6315 	EXP 	slider_2: rating = 5.505208333333334
69.6347 	EXP 	New trial (rep=0, index=31): OrderedDict([('Imagenes', 'imagenes/Rosquitas (1).jpg'), ('Random', 0.024090340010977873), ('Correcto', None)])
69.6672 	EXP 	image_2: autoDraw = False
69.6672 	EXP 	slider_2: autoDraw = False
69.6672 	EXP 	image_2: image = 'imagenes/Rosquitas (1).jpg'
69.6672 	EXP 	slider_2: markerPos = None
69.6672 	EXP 	slider_2: markerPos = None
69.6672 	EXP 	slider_2: rating = None
70.6650 	EXP 	image_2: autoDraw = True
70.6650 	EXP 	slider_2: autoDraw = True
71.4165 	DATA 	Mouse: Left button down, pos=(549,162)
71.4314 	EXP 	slider_2: markerPos = 2.627604166666667
71.4481 	EXP 	slider_2: markerPos = 2.627604166666667
71.4647 	EXP 	slider_2: markerPos = 2.627604166666667
71.4814 	EXP 	slider_2: markerPos = 2.627604166666667
71.4980 	EXP 	slider_2: markerPos = 2.627604166666667
71.5004 	DATA 	Mouse:  Left button up, pos=(549,162)
71.5147 	EXP 	slider_2: markerPos = 2.627604166666667
71.5147 	EXP 	slider_2: rating = 2.627604166666667
71.5187 	EXP 	New trial (rep=0, index=32): OrderedDict([('Imagenes', 'imagenes/Pandebono.png'), ('Random', 0.8988574378129985), ('Correcto', None)])
71.5450 	EXP 	image_2: autoDraw = False
71.5450 	EXP 	slider_2: autoDraw = False
71.5450 	EXP 	image_2: image = 'imagenes/Pandebono.png'
71.5450 	EXP 	slider_2: markerPos = None
71.5450 	EXP 	slider_2: markerPos = None
71.5450 	EXP 	slider_2: rating = None
72.5482 	EXP 	image_2: autoDraw = True
72.5482 	EXP 	slider_2: autoDraw = True
73.1001 	DATA 	Mouse: Left button down, pos=(378,160)
73.1146 	EXP 	slider_2: markerPos = 1.5143229166666665
73.1313 	EXP 	slider_2: markerPos = 1.5143229166666665
73.1481 	EXP 	slider_2: markerPos = 1.5143229166666665
73.1646 	EXP 	slider_2: markerPos = 1.5078125
73.1813 	EXP 	slider_2: markerPos = 1.5078125
73.1979 	EXP 	slider_2: markerPos = 1.4947916666666665
73.1995 	DATA 	Mouse:  Left button up, pos=(375,155)
73.2146 	EXP 	slider_2: markerPos = 1.4947916666666665
73.2146 	EXP 	slider_2: rating = 1.4947916666666665
73.2170 	EXP 	New trial (rep=0, index=33): OrderedDict([('Imagenes', 'imagenes/Manzana.jpg'), ('Random', 0.4048420327008191), ('Correcto', None)])
73.2495 	EXP 	image_2: autoDraw = False
73.2495 	EXP 	slider_2: autoDraw = False
73.2495 	EXP 	image_2: image = 'imagenes/Manzana.jpg'
73.2495 	EXP 	slider_2: markerPos = None
73.2495 	EXP 	slider_2: markerPos = None
73.2495 	EXP 	slider_2: rating = None
74.2482 	EXP 	image_2: autoDraw = True
74.2482 	EXP 	slider_2: autoDraw = True
75.0170 	DATA 	Mouse: Left button down, pos=(566,153)
75.0312 	EXP 	slider_2: markerPos = 2.73828125
75.0478 	EXP 	slider_2: markerPos = 2.731770833333333
75.0650 	EXP 	slider_2: markerPos = 2.731770833333333
75.0812 	EXP 	slider_2: markerPos = 2.731770833333333
75.0979 	EXP 	slider_2: markerPos = 2.731770833333333
75.1145 	EXP 	slider_2: markerPos = 2.731770833333333
75.1162 	DATA 	Mouse:  Left button up, pos=(565,153)
75.1312 	EXP 	slider_2: markerPos = 2.731770833333333
75.1312 	EXP 	slider_2: rating = 2.731770833333333
75.1347 	EXP 	New trial (rep=0, index=34): OrderedDict([('Imagenes', 'imagenes/Papas-naturales.jpg'), ('Random', 0.37590629905521566), ('Correcto', None)])
75.1521 	EXP 	image_2: autoDraw = False
75.1521 	EXP 	slider_2: autoDraw = False
75.1521 	EXP 	image_2: image = 'imagenes/Papas-naturales.jpg'
75.1521 	EXP 	slider_2: markerPos = None
75.1521 	EXP 	slider_2: markerPos = None
75.1521 	EXP 	slider_2: rating = None
76.1480 	EXP 	image_2: autoDraw = True
76.1480 	EXP 	slider_2: autoDraw = True
76.8337 	DATA 	Mouse: Left button down, pos=(686,163)
76.8478 	EXP 	slider_2: markerPos = 3.51953125
76.8645 	EXP 	slider_2: markerPos = 3.51953125
76.8811 	EXP 	slider_2: markerPos = 3.51953125
76.8978 	EXP 	slider_2: markerPos = 3.51953125
76.9145 	EXP 	slider_2: markerPos = 3.51953125
76.9312 	EXP 	slider_2: markerPos = 3.51953125
76.9338 	DATA 	Mouse:  Left button up, pos=(686,163)
76.9478 	EXP 	slider_2: markerPos = 3.51953125
76.9478 	EXP 	slider_2: rating = 3.51953125
76.9512 	EXP 	New trial (rep=0, index=35): OrderedDict([('Imagenes', 'imagenes/Brocoli.jpg'), ('Random', 0.24293074945529525), ('Correcto', None)])
76.9643 	EXP 	image_2: autoDraw = False
76.9643 	EXP 	slider_2: autoDraw = False
76.9643 	EXP 	image_2: image = 'imagenes/Brocoli.jpg'
76.9643 	EXP 	slider_2: markerPos = None
76.9643 	EXP 	slider_2: markerPos = None
76.9643 	EXP 	slider_2: rating = None
77.9644 	EXP 	image_2: autoDraw = True
77.9644 	EXP 	slider_2: autoDraw = True
79.9186 	DATA 	Mouse: Left button down, pos=(860,151)
79.9310 	EXP 	slider_2: markerPos = 4.65234375
79.9477 	EXP 	slider_2: markerPos = 4.65234375
79.9516 	EXP 	New trial (rep=0, index=1): OrderedDict([('Hertz', 1000), ('volumen', 0.02)])
79.9664 	EXP 	Imported imagenes.xlsx as conditions, 36 conditions, 3 params
79.9670 	EXP 	Created sequence: random, trialTypes=36, nReps=1, seed=None
79.9674 	EXP 	New trial (rep=0, index=0): OrderedDict([('Imagenes', 'imagenes/Croissant.jpg'), ('Random', 0.5824748589948932), ('Correcto', None)])
80.0108 	EXP 	image_2: autoDraw = False
80.0108 	EXP 	slider_2: autoDraw = False
80.0108 	EXP 	image_2: autoDraw = False
80.0108 	EXP 	slider_2: autoDraw = False
80.0108 	EXP 	image_2: image = 'imagenes/Croissant.jpg'
80.0108 	EXP 	slider_2: markerPos = None
80.0108 	EXP 	slider_2: markerPos = None
80.0108 	EXP 	slider_2: rating = None
80.0131 	DATA 	Mouse:  Left button up, pos=(860,151)
81.0146 	EXP 	image_2: autoDraw = True
81.0146 	EXP 	slider_2: autoDraw = True
81.7835 	DATA 	Mouse: Left button down, pos=(696,150)
81.7976 	EXP 	slider_2: markerPos = 3.584635416666667
81.8143 	EXP 	slider_2: markerPos = 3.584635416666667
81.8309 	EXP 	slider_2: markerPos = 3.584635416666667
81.8476 	EXP 	slider_2: markerPos = 3.584635416666667
81.8643 	EXP 	slider_2: markerPos = 3.584635416666667
81.8668 	DATA 	Mouse:  Left button up, pos=(696,150)
81.8809 	EXP 	slider_2: markerPos = 3.584635416666667
81.8809 	EXP 	slider_2: rating = 3.584635416666667
81.8848 	EXP 	New trial (rep=0, index=1): OrderedDict([('Imagenes', 'imagenes/Rosquitas (1).jpg'), ('Random', 0.024090340010977873), ('Correcto', None)])
81.9267 	EXP 	image_2: autoDraw = False
81.9267 	EXP 	slider_2: autoDraw = False
81.9267 	EXP 	image_2: image = 'imagenes/Rosquitas (1).jpg'
81.9267 	EXP 	slider_2: markerPos = None
81.9267 	EXP 	slider_2: markerPos = None
81.9267 	EXP 	slider_2: rating = None
82.9144 	EXP 	image_2: autoDraw = True
82.9144 	EXP 	slider_2: autoDraw = True
84.9018 	EXP 	New trial (rep=0, index=2): OrderedDict([('Imagenes', 'imagenes/Chocoramo.jfif.jpg'), ('Random', 0.7425528559884101), ('Correcto', None)])
84.9570 	EXP 	image_2: autoDraw = False
84.9570 	EXP 	slider_2: autoDraw = False
84.9570 	EXP 	image_2: autoDraw = False
84.9570 	EXP 	slider_2: autoDraw = False
84.9570 	EXP 	image_2: image = 'imagenes/Chocoramo.jfif.jpg'
84.9570 	EXP 	slider_2: markerPos = None
84.9570 	EXP 	slider_2: markerPos = None
84.9570 	EXP 	slider_2: rating = None
85.0833 	DATA 	Mouse: Left button down, pos=(676,152)
85.2167 	DATA 	Mouse:  Left button up, pos=(676,152)
85.9477 	EXP 	image_2: autoDraw = True
85.9477 	EXP 	slider_2: autoDraw = True
86.4162 	DATA 	Mouse: Left button down, pos=(676,152)
86.4307 	EXP 	slider_2: markerPos = 3.4544270833333335
86.4473 	EXP 	slider_2: markerPos = 3.44140625
86.4640 	EXP 	slider_2: markerPos = 3.44140625
86.4703 	DATA 	Mouse:  Left button up, pos=(674,140)
86.4807 	EXP 	slider_2: markerPos = 3.44140625
86.4974 	EXP 	slider_2: markerPos = 3.44140625
86.4974 	EXP 	slider_2: rating = 3.44140625
86.5008 	EXP 	New trial (rep=0, index=3): OrderedDict([('Imagenes', 'imagenes/Papas-limon.jpg'), ('Random', 0.5280798509093595), ('Correcto', None)])
86.5169 	EXP 	image_2: autoDraw = False
86.5169 	EXP 	slider_2: autoDraw = False
86.5169 	EXP 	image_2: image = 'imagenes/Papas-limon.jpg'
86.5169 	EXP 	slider_2: markerPos = None
86.5169 	EXP 	slider_2: markerPos = None
86.5169 	EXP 	slider_2: rating = None
87.5141 	EXP 	image_2: autoDraw = True
87.5141 	EXP 	slider_2: autoDraw = True
88.4329 	DATA 	Mouse: Left button down, pos=(813,154)
88.4473 	EXP 	slider_2: markerPos = 4.346354166666667
88.4640 	EXP 	slider_2: markerPos = 4.346354166666667
88.4805 	EXP 	slider_2: markerPos = 4.346354166666667
88.4972 	EXP 	slider_2: markerPos = 4.346354166666667
88.5138 	EXP 	slider_2: markerPos = 4.346354166666667
88.5305 	EXP 	slider_2: markerPos = 4.352864583333333
88.5329 	DATA 	Mouse:  Left button up, pos=(814,154)
88.5472 	EXP 	slider_2: markerPos = 4.352864583333333
88.5472 	EXP 	slider_2: rating = 4.352864583333333
88.5502 	EXP 	New trial (rep=0, index=4): OrderedDict([('Imagenes', 'imagenes/Popetas.jpg'), ('Random', 0.9621625733302204), ('Correcto', None)])
88.6299 	EXP 	image_2: autoDraw = False
88.6299 	EXP 	slider_2: autoDraw = False
88.6299 	EXP 	image_2: image = 'imagenes/Popetas.jpg'
88.6299 	EXP 	slider_2: markerPos = None
88.6299 	EXP 	slider_2: markerPos = None
88.6299 	EXP 	slider_2: rating = None
89.6310 	EXP 	image_2: autoDraw = True
89.6310 	EXP 	slider_2: autoDraw = True
90.6163 	DATA 	Mouse: Left button down, pos=(674,157)
90.6306 	EXP 	slider_2: markerPos = 3.44140625
90.6473 	EXP 	slider_2: markerPos = 3.44140625
90.6639 	EXP 	slider_2: markerPos = 3.44140625
90.6806 	EXP 	slider_2: markerPos = 3.44140625
90.6973 	EXP 	slider_2: markerPos = 3.44140625
90.7139 	EXP 	slider_2: markerPos = 3.44140625
90.7159 	DATA 	Mouse:  Left button up, pos=(674,157)
90.7306 	EXP 	slider_2: markerPos = 3.44140625
90.7306 	EXP 	slider_2: rating = 3.44140625
90.7343 	EXP 	New trial (rep=0, index=5): OrderedDict([('Imagenes', 'imagenes/Papas-pollo.jpg'), ('Random', 0.08373485417902837), ('Correcto', None)])
90.7498 	EXP 	image_2: autoDraw = False
90.7498 	EXP 	slider_2: autoDraw = False
90.7498 	EXP 	image_2: image = 'imagenes/Papas-pollo.jpg'
90.7498 	EXP 	slider_2: markerPos = None
90.7498 	EXP 	slider_2: markerPos = None
90.7498 	EXP 	slider_2: rating = None
91.7472 	EXP 	image_2: autoDraw = True
91.7472 	EXP 	slider_2: autoDraw = True
92.3820 	DATA 	Mouse: Left button down, pos=(698,159)
92.3970 	EXP 	slider_2: markerPos = 3.59765625
92.4136 	EXP 	slider_2: markerPos = 3.59765625
92.4303 	EXP 	slider_2: markerPos = 3.59765625
92.4470 	EXP 	slider_2: markerPos = 3.59765625
92.4637 	EXP 	slider_2: markerPos = 3.59765625
92.4805 	EXP 	slider_2: markerPos = 3.59765625
92.4827 	DATA 	Mouse:  Left button up, pos=(698,159)
92.4971 	EXP 	slider_2: markerPos = 3.59765625
92.4971 	EXP 	slider_2: rating = 3.59765625
92.4996 	EXP 	New trial (rep=0, index=6): OrderedDict([('Imagenes', 'imagenes/Nutella (1).jpg'), ('Random', 0.8826531883338111), ('Correcto', None)])
92.5135 	EXP 	image_2: autoDraw = False
92.5135 	EXP 	slider_2: autoDraw = False
92.5135 	EXP 	image_2: image = 'imagenes/Nutella (1).jpg'
92.5135 	EXP 	slider_2: markerPos = None
92.5135 	EXP 	slider_2: markerPos = None
92.5135 	EXP 	slider_2: rating = None
93.5138 	EXP 	image_2: autoDraw = True
93.5138 	EXP 	slider_2: autoDraw = True
94.2319 	DATA 	Mouse: Left button down, pos=(818,153)
94.2472 	EXP 	slider_2: markerPos = 4.37890625
94.2636 	EXP 	slider_2: markerPos = 4.37890625
94.2803 	EXP 	slider_2: markerPos = 4.37890625
94.2969 	EXP 	slider_2: markerPos = 4.37890625
94.3136 	EXP 	slider_2: markerPos = 4.37890625
94.3303 	EXP 	slider_2: markerPos = 4.37890625
94.3327 	DATA 	Mouse:  Left button up, pos=(818,153)
94.3470 	EXP 	slider_2: markerPos = 4.37890625
94.3470 	EXP 	slider_2: rating = 4.37890625
94.3501 	EXP 	New trial (rep=0, index=7): OrderedDict([('Imagenes', 'imagenes/Muffin de banano.png'), ('Random', 0.9610615059009696), ('Correcto', None)])
94.3978 	EXP 	image_2: autoDraw = False
94.3978 	EXP 	slider_2: autoDraw = False
94.3978 	EXP 	image_2: image = 'imagenes/Muffin de banano.png'
94.3978 	EXP 	slider_2: markerPos = None
94.3978 	EXP 	slider_2: markerPos = None
94.3978 	EXP 	slider_2: rating = None
95.3973 	EXP 	image_2: autoDraw = True
95.3973 	EXP 	slider_2: autoDraw = True
96.3491 	DATA 	Mouse: Left button down, pos=(823,153)
96.3636 	EXP 	slider_2: markerPos = 4.411458333333333
96.3803 	EXP 	slider_2: markerPos = 4.411458333333333
96.3970 	EXP 	slider_2: markerPos = 4.411458333333333
96.4136 	EXP 	slider_2: markerPos = 4.411458333333333
96.4302 	EXP 	slider_2: markerPos = 4.411458333333333
96.4469 	EXP 	slider_2: markerPos = 4.411458333333333
96.4637 	EXP 	slider_2: markerPos = 4.411458333333333
96.4661 	DATA 	Mouse:  Left button up, pos=(823,153)
96.4803 	EXP 	slider_2: markerPos = 4.411458333333333
96.4803 	EXP 	slider_2: rating = 4.411458333333333
96.4836 	EXP 	New trial (rep=0, index=8): OrderedDict([('Imagenes', 'imagenes/Chontaduro.png'), ('Random', 0.8693553300418813), ('Correcto', None)])
96.5051 	EXP 	image_2: autoDraw = False
96.5051 	EXP 	slider_2: autoDraw = False
96.5051 	EXP 	image_2: image = 'imagenes/Chontaduro.png'
96.5051 	EXP 	slider_2: markerPos = None
96.5051 	EXP 	slider_2: markerPos = None
96.5051 	EXP 	slider_2: rating = None
97.4969 	EXP 	image_2: autoDraw = True
97.4969 	EXP 	slider_2: autoDraw = True
98.2823 	DATA 	Mouse: Left button down, pos=(850,158)
98.2967 	EXP 	slider_2: markerPos = 4.587239583333333
98.3134 	EXP 	slider_2: markerPos = 4.587239583333333
98.3301 	EXP 	slider_2: markerPos = 4.587239583333333
98.3468 	EXP 	slider_2: markerPos = 4.587239583333333
98.3635 	EXP 	slider_2: markerPos = 4.587239583333333
98.3801 	EXP 	slider_2: markerPos = 4.587239583333333
98.3968 	EXP 	slider_2: markerPos = 4.587239583333333
98.3994 	DATA 	Mouse:  Left button up, pos=(850,158)
98.4134 	EXP 	slider_2: markerPos = 4.587239583333333
98.4134 	EXP 	slider_2: rating = 4.587239583333333
98.4167 	EXP 	New trial (rep=0, index=9): OrderedDict([('Imagenes', 'imagenes/Yogurt-alpina.jpg'), ('Random', 0.5445152936222175), ('Correcto', None)])
98.4351 	EXP 	image_2: autoDraw = False
98.4351 	EXP 	slider_2: autoDraw = False
98.4351 	EXP 	image_2: image = 'imagenes/Yogurt-alpina.jpg'
98.4351 	EXP 	slider_2: markerPos = None
98.4351 	EXP 	slider_2: markerPos = None
98.4351 	EXP 	slider_2: rating = None
99.4302 	EXP 	image_2: autoDraw = True
99.4302 	EXP 	slider_2: autoDraw = True
99.9989 	DATA 	Mouse: Left button down, pos=(843,159)
100.0133 	EXP 	slider_2: markerPos = 4.541666666666667
100.0300 	EXP 	slider_2: markerPos = 4.541666666666667
100.0466 	EXP 	slider_2: markerPos = 4.541666666666667
100.0633 	EXP 	slider_2: markerPos = 4.541666666666667
100.0799 	EXP 	slider_2: markerPos = 4.541666666666667
100.0965 	EXP 	slider_2: markerPos = 4.541666666666667
100.1132 	EXP 	slider_2: markerPos = 4.541666666666667
100.1160 	DATA 	Mouse:  Left button up, pos=(843,159)
100.1300 	EXP 	slider_2: markerPos = 4.541666666666667
100.1300 	EXP 	slider_2: rating = 4.541666666666667
100.1331 	EXP 	New trial (rep=0, index=10): OrderedDict([('Imagenes', 'imagenes/Almojabanas.png'), ('Random', 0.6725051200713246), ('Correcto', None)])
100.1542 	EXP 	image_2: autoDraw = False
100.1542 	EXP 	slider_2: autoDraw = False
100.1542 	EXP 	image_2: image = 'imagenes/Almojabanas.png'
100.1542 	EXP 	slider_2: markerPos = None
100.1542 	EXP 	slider_2: markerPos = None
100.1542 	EXP 	slider_2: rating = None
101.1470 	EXP 	image_2: autoDraw = True
101.1470 	EXP 	slider_2: autoDraw = True
101.6153 	DATA 	Mouse: Left button down, pos=(650,159)
101.6300 	EXP 	slider_2: markerPos = 3.28515625
101.6466 	EXP 	slider_2: markerPos = 3.28515625
101.6633 	EXP 	slider_2: markerPos = 3.28515625
101.6800 	EXP 	slider_2: markerPos = 3.28515625
101.6967 	EXP 	slider_2: markerPos = 3.28515625
101.7133 	EXP 	slider_2: markerPos = 3.28515625
101.7299 	EXP 	slider_2: markerPos = 3.28515625
101.7322 	DATA 	Mouse:  Left button up, pos=(650,159)
101.7466 	EXP 	slider_2: markerPos = 3.28515625
101.7466 	EXP 	slider_2: rating = 3.28515625
101.7498 	EXP 	New trial (rep=0, index=11): OrderedDict([('Imagenes', 'imagenes/Pizzetas.png'), ('Random', 0.3295951589873042), ('Correcto', None)])
101.7752 	EXP 	image_2: autoDraw = False
101.7752 	EXP 	slider_2: autoDraw = False
101.7752 	EXP 	image_2: image = 'imagenes/Pizzetas.png'
101.7752 	EXP 	slider_2: markerPos = None
101.7752 	EXP 	slider_2: markerPos = None
101.7752 	EXP 	slider_2: rating = None
102.6653 	DATA 	Mouse: Left button down, pos=(562,159)
102.7635 	EXP 	image_2: autoDraw = True
102.7635 	EXP 	slider_2: autoDraw = True
102.7635 	EXP 	slider_2: markerPos = 2.712239583333333
102.7799 	EXP 	slider_2: markerPos = 2.712239583333333
102.7966 	EXP 	slider_2: markerPos = 2.712239583333333
102.7989 	DATA 	Mouse:  Left button up, pos=(562,159)
102.8132 	EXP 	slider_2: markerPos = 2.712239583333333
102.8132 	EXP 	slider_2: rating = 2.712239583333333
102.8171 	EXP 	New trial (rep=0, index=12): OrderedDict([('Imagenes', 'imagenes/Brownie.jpg'), ('Random', 0.2838924074864093), ('Correcto', None)])
102.8768 	EXP 	image_2: autoDraw = False
102.8768 	EXP 	slider_2: autoDraw = False
102.8768 	EXP 	image_2: image = 'imagenes/Brownie.jpg'
102.8768 	EXP 	slider_2: markerPos = None
102.8768 	EXP 	slider_2: markerPos = None
102.8768 	EXP 	slider_2: rating = None
103.8803 	EXP 	image_2: autoDraw = True
103.8803 	EXP 	slider_2: autoDraw = True
103.9318 	DATA 	Mouse: Left button down, pos=(705,159)
103.9466 	EXP 	slider_2: markerPos = 3.643229166666667
103.9632 	EXP 	slider_2: markerPos = 3.643229166666667
103.9799 	EXP 	slider_2: markerPos = 3.643229166666667
103.9966 	EXP 	slider_2: markerPos = 3.643229166666667
104.0132 	EXP 	slider_2: markerPos = 3.643229166666667
104.0299 	EXP 	slider_2: markerPos = 3.643229166666667
104.0466 	EXP 	slider_2: markerPos = 3.643229166666667
104.0632 	EXP 	slider_2: markerPos = 3.643229166666667
104.0800 	EXP 	slider_2: markerPos = 3.643229166666667
104.0966 	EXP 	slider_2: markerPos = 3.643229166666667
104.0983 	DATA 	Mouse:  Left button up, pos=(705,159)
104.1132 	EXP 	slider_2: markerPos = 3.643229166666667
104.1132 	EXP 	slider_2: rating = 3.643229166666667
104.1167 	EXP 	New trial (rep=0, index=13): OrderedDict([('Imagenes', 'imagenes/bon-bon-bun.jpg'), ('Random', 0.7417452724056987), ('Correcto', None)])
104.1814 	EXP 	image_2: autoDraw = False
104.1814 	EXP 	slider_2: autoDraw = False
104.1814 	EXP 	image_2: image = 'imagenes/bon-bon-bun.jpg'
104.1814 	EXP 	slider_2: markerPos = None
104.1814 	EXP 	slider_2: markerPos = None
104.1814 	EXP 	slider_2: rating = None
105.1803 	EXP 	image_2: autoDraw = True
105.1803 	EXP 	slider_2: autoDraw = True
105.5157 	DATA 	Mouse: Left button down, pos=(849,151)
105.5298 	EXP 	slider_2: markerPos = 4.580729166666667
105.5465 	EXP 	slider_2: markerPos = 4.580729166666667
105.5631 	EXP 	slider_2: markerPos = 4.580729166666667
105.5797 	EXP 	slider_2: markerPos = 4.580729166666667
105.5964 	EXP 	slider_2: markerPos = 4.580729166666667
105.6131 	EXP 	slider_2: markerPos = 4.580729166666667
105.6195 	DATA 	Mouse:  Left button up, pos=(849,151)
105.6298 	EXP 	slider_2: markerPos = 4.580729166666667
105.6464 	EXP 	slider_2: markerPos = 4.580729166666667
105.6464 	EXP 	slider_2: rating = 4.580729166666667
105.6498 	EXP 	New trial (rep=0, index=14): OrderedDict([('Imagenes', 'imagenes/Galletas-festival.jpg'), ('Random', 0.11306074364032936), ('Correcto', None)])
105.6781 	EXP 	image_2: autoDraw = False
105.6781 	EXP 	slider_2: autoDraw = False
105.6781 	EXP 	image_2: image = 'imagenes/Galletas-festival.jpg'
105.6781 	EXP 	slider_2: markerPos = None
105.6781 	EXP 	slider_2: markerPos = None
105.6781 	EXP 	slider_2: rating = None
106.6800 	EXP 	image_2: autoDraw = True
106.6800 	EXP 	slider_2: autoDraw = True
107.0482 	DATA 	Mouse: Left button down, pos=(1004,158)
107.0630 	EXP 	slider_2: markerPos = 5.58984375
107.0797 	EXP 	slider_2: markerPos = 5.58984375
107.0963 	EXP 	slider_2: markerPos = 5.58984375
107.1130 	EXP 	slider_2: markerPos = 5.58984375
107.1297 	EXP 	slider_2: markerPos = 5.58984375
107.1464 	EXP 	slider_2: markerPos = 5.58984375
107.1489 	DATA 	Mouse:  Left button up, pos=(1004,158)
107.1630 	EXP 	slider_2: markerPos = 5.58984375
107.1630 	EXP 	slider_2: rating = 5.58984375
107.1661 	EXP 	New trial (rep=0, index=15): OrderedDict([('Imagenes', 'imagenes/pistachos.jpg'), ('Random', 0.7450869742741464), ('Correcto', None)])
107.1794 	EXP 	image_2: autoDraw = False
107.1794 	EXP 	slider_2: autoDraw = False
107.1794 	EXP 	image_2: image = 'imagenes/pistachos.jpg'
107.1794 	EXP 	slider_2: markerPos = None
107.1794 	EXP 	slider_2: markerPos = None
107.1794 	EXP 	slider_2: rating = None
108.1630 	EXP 	image_2: autoDraw = True
108.1630 	EXP 	slider_2: autoDraw = True
108.5483 	DATA 	Mouse: Left button down, pos=(789,161)
108.5629 	EXP 	slider_2: markerPos = 4.190104166666667
108.5796 	EXP 	slider_2: markerPos = 4.190104166666667
108.5963 	EXP 	slider_2: markerPos = 4.190104166666667
108.6129 	EXP 	slider_2: markerPos = 4.190104166666667
108.6297 	EXP 	slider_2: markerPos = 4.190104166666667
108.6462 	EXP 	slider_2: markerPos = 4.190104166666667
108.6629 	EXP 	slider_2: markerPos = 4.190104166666667
108.6649 	DATA 	Mouse:  Left button up, pos=(789,161)
108.6796 	EXP 	slider_2: markerPos = 4.190104166666667
108.6796 	EXP 	slider_2: rating = 4.190104166666667
108.6832 	EXP 	New trial (rep=0, index=16): OrderedDict([('Imagenes', 'imagenes/Galletas Tosh.jpg'), ('Random', 0.9129693753280027), ('Correcto', None)])
108.7198 	EXP 	image_2: autoDraw = False
108.7198 	EXP 	slider_2: autoDraw = False
108.7198 	EXP 	image_2: image = 'imagenes/Galletas Tosh.jpg'
108.7198 	EXP 	slider_2: markerPos = None
108.7198 	EXP 	slider_2: markerPos = None
108.7198 	EXP 	slider_2: rating = None
109.7132 	EXP 	image_2: autoDraw = True
109.7132 	EXP 	slider_2: autoDraw = True
110.3161 	DATA 	Mouse: Left button down, pos=(827,161)
110.3295 	EXP 	slider_2: markerPos = 4.4375
110.3462 	EXP 	slider_2: markerPos = 4.4375
110.3628 	EXP 	slider_2: markerPos = 4.4375
110.3795 	EXP 	slider_2: markerPos = 4.4375
110.3963 	EXP 	slider_2: markerPos = 4.4375
110.4128 	EXP 	slider_2: markerPos = 4.4375
110.4144 	DATA 	Mouse:  Left button up, pos=(827,161)
110.4295 	EXP 	slider_2: markerPos = 4.4375
110.4295 	EXP 	slider_2: rating = 4.4375
110.4325 	EXP 	New trial (rep=0, index=17): OrderedDict([('Imagenes', 'imagenes/Uvas.jpg'), ('Random', 0.4959291644143431), ('Correcto', None)])
110.4461 	EXP 	image_2: autoDraw = False
110.4461 	EXP 	slider_2: autoDraw = False
110.4461 	EXP 	image_2: image = 'imagenes/Uvas.jpg'
110.4461 	EXP 	slider_2: markerPos = None
110.4461 	EXP 	slider_2: markerPos = None
110.4461 	EXP 	slider_2: rating = None
111.4463 	EXP 	image_2: autoDraw = True
111.4463 	EXP 	slider_2: autoDraw = True
112.9313 	DATA 	Mouse: Left button down, pos=(826,165)
112.9460 	EXP 	slider_2: markerPos = 4.430989583333333
112.9628 	EXP 	slider_2: markerPos = 4.430989583333333
112.9794 	EXP 	slider_2: markerPos = 4.430989583333333
112.9960 	EXP 	slider_2: markerPos = 4.430989583333333
113.0128 	EXP 	slider_2: markerPos = 4.430989583333333
113.0189 	DATA 	Mouse:  Left button up, pos=(826,165)
113.0294 	EXP 	slider_2: markerPos = 4.430989583333333
113.0461 	EXP 	slider_2: markerPos = 4.430989583333333
113.0461 	EXP 	slider_2: rating = 4.430989583333333
113.0494 	EXP 	New trial (rep=0, index=18): OrderedDict([('Imagenes', 'imagenes/Banano.jpeg'), ('Random', 0.2267656716538785), ('Correcto', None)])
113.0675 	EXP 	image_2: autoDraw = False
113.0675 	EXP 	slider_2: autoDraw = False
113.0675 	EXP 	image_2: image = 'imagenes/Banano.jpeg'
113.0675 	EXP 	slider_2: markerPos = None
113.0675 	EXP 	slider_2: markerPos = None
113.0675 	EXP 	slider_2: rating = None
114.0628 	EXP 	image_2: autoDraw = True
114.0628 	EXP 	slider_2: autoDraw = True
114.5316 	DATA 	Mouse: Left button down, pos=(869,153)
114.5460 	EXP 	slider_2: markerPos = 4.7109375
114.5626 	EXP 	slider_2: markerPos = 4.7109375
114.5792 	EXP 	slider_2: markerPos = 4.7109375
114.5960 	EXP 	slider_2: markerPos = 4.7109375
114.6127 	EXP 	slider_2: markerPos = 4.7109375
114.6293 	EXP 	slider_2: markerPos = 4.7109375
114.6312 	DATA 	Mouse:  Left button up, pos=(869,153)
114.6461 	EXP 	slider_2: markerPos = 4.7109375
114.6461 	EXP 	slider_2: rating = 4.7109375
114.6483 	EXP 	New trial (rep=0, index=19): OrderedDict([('Imagenes', 'imagenes/Coliflor.jpg'), ('Random', 0.3640740491088985), ('Correcto', None)])
114.6625 	EXP 	image_2: autoDraw = False
114.6625 	EXP 	slider_2: autoDraw = False
114.6625 	EXP 	image_2: image = 'imagenes/Coliflor.jpg'
114.6625 	EXP 	slider_2: markerPos = None
114.6625 	EXP 	slider_2: markerPos = None
114.6625 	EXP 	slider_2: rating = None
115.6628 	EXP 	image_2: autoDraw = True
115.6628 	EXP 	slider_2: autoDraw = True
116.7987 	DATA 	Mouse: Left button down, pos=(831,155)
116.8126 	EXP 	slider_2: markerPos = 4.463541666666667
116.8292 	EXP 	slider_2: markerPos = 4.463541666666667
116.8458 	EXP 	slider_2: markerPos = 4.463541666666667
116.8625 	EXP 	slider_2: markerPos = 4.463541666666667
116.8793 	EXP 	slider_2: markerPos = 4.463541666666667
116.8958 	EXP 	slider_2: markerPos = 4.463541666666667
116.9125 	EXP 	slider_2: markerPos = 4.463541666666667
116.9142 	DATA 	Mouse:  Left button up, pos=(831,155)
116.9292 	EXP 	slider_2: markerPos = 4.463541666666667
116.9292 	EXP 	slider_2: rating = 4.463541666666667
116.9331 	EXP 	New trial (rep=0, index=20): OrderedDict([('Imagenes', 'imagenes/Pizza.png'), ('Random', 0.21192443516553439), ('Correcto', None)])
116.9537 	EXP 	image_2: autoDraw = False
116.9537 	EXP 	slider_2: autoDraw = False
116.9537 	EXP 	image_2: image = 'imagenes/Pizza.png'
116.9537 	EXP 	slider_2: markerPos = None
116.9537 	EXP 	slider_2: markerPos = None
116.9537 	EXP 	slider_2: rating = None
117.9458 	EXP 	image_2: autoDraw = True
117.9458 	EXP 	slider_2: autoDraw = True
118.5492 	DATA 	Mouse: Left button down, pos=(688,159)
118.5624 	EXP 	slider_2: markerPos = 3.532552083333333
118.5791 	EXP 	slider_2: markerPos = 3.532552083333333
118.5957 	EXP 	slider_2: markerPos = 3.532552083333333
118.6124 	EXP 	slider_2: markerPos = 3.532552083333333
118.6292 	EXP 	slider_2: markerPos = 3.532552083333333
118.6457 	EXP 	slider_2: markerPos = 3.532552083333333
118.6625 	EXP 	slider_2: markerPos = 3.532552083333333
118.6646 	DATA 	Mouse:  Left button up, pos=(688,159)
118.6791 	EXP 	slider_2: markerPos = 3.532552083333333
118.6791 	EXP 	slider_2: rating = 3.532552083333333
118.6830 	EXP 	New trial (rep=0, index=21): OrderedDict([('Imagenes', 'imagenes/Manzana.jpg'), ('Random', 0.4048420327008191), ('Correcto', None)])
118.7276 	EXP 	image_2: autoDraw = False
118.7276 	EXP 	slider_2: autoDraw = False
118.7276 	EXP 	image_2: image = 'imagenes/Manzana.jpg'
118.7276 	EXP 	slider_2: markerPos = None
118.7276 	EXP 	slider_2: markerPos = None
118.7276 	EXP 	slider_2: rating = None
119.7294 	EXP 	image_2: autoDraw = True
119.7294 	EXP 	slider_2: autoDraw = True
120.1840 	DATA 	Mouse: Left button down, pos=(534,171)
120.2124 	EXP 	slider_2: markerPos = 2.529947916666667
120.2291 	EXP 	slider_2: markerPos = 2.529947916666667
120.2457 	EXP 	slider_2: markerPos = 2.529947916666667
120.2625 	EXP 	slider_2: markerPos = 2.529947916666667
120.2791 	EXP 	slider_2: markerPos = 2.529947916666667
120.2957 	EXP 	slider_2: markerPos = 2.529947916666667
120.3015 	DATA 	Mouse:  Left button up, pos=(534,171)
120.3124 	EXP 	slider_2: markerPos = 2.529947916666667
120.3290 	EXP 	slider_2: markerPos = 2.529947916666667
120.3290 	EXP 	slider_2: rating = 2.529947916666667
120.3330 	EXP 	New trial (rep=0, index=22): OrderedDict([('Imagenes', 'imagenes/salchicha hojaldrada.jpg'), ('Random', 0.7119773165481526), ('Correcto', None)])
120.3455 	EXP 	image_2: autoDraw = False
120.3455 	EXP 	slider_2: autoDraw = False
120.3455 	EXP 	image_2: image = 'imagenes/salchicha hojaldrada.jpg'
120.3455 	EXP 	slider_2: markerPos = None
120.3455 	EXP 	slider_2: markerPos = None
120.3455 	EXP 	slider_2: rating = None
121.3292 	EXP 	image_2: autoDraw = True
121.3292 	EXP 	slider_2: autoDraw = True
121.6306 	DATA 	Mouse: Left button down, pos=(708,150)
121.6457 	EXP 	slider_2: markerPos = 3.662760416666667
121.6623 	EXP 	slider_2: markerPos = 3.662760416666667
121.6790 	EXP 	slider_2: markerPos = 3.662760416666667
121.6957 	EXP 	slider_2: markerPos = 3.662760416666667
121.7123 	EXP 	slider_2: markerPos = 3.662760416666667
121.7145 	DATA 	Mouse:  Left button up, pos=(708,150)
121.7290 	EXP 	slider_2: markerPos = 3.662760416666667
121.7290 	EXP 	slider_2: rating = 3.662760416666667
121.7328 	EXP 	New trial (rep=0, index=23): OrderedDict([('Imagenes', 'imagenes/Rollo de queso.png'), ('Random', 0.9201641182756888), ('Correcto', None)])
121.7654 	EXP 	image_2: autoDraw = False
121.7654 	EXP 	slider_2: autoDraw = False
121.7654 	EXP 	image_2: image = 'imagenes/Rollo de queso.png'
121.7654 	EXP 	slider_2: markerPos = None
121.7654 	EXP 	slider_2: markerPos = None
121.7654 	EXP 	slider_2: rating = None
122.7625 	EXP 	image_2: autoDraw = True
122.7625 	EXP 	slider_2: autoDraw = True
123.3143 	DATA 	Mouse: Left button down, pos=(613,150)
123.3289 	EXP 	slider_2: markerPos = 3.0442708333333335
123.3456 	EXP 	slider_2: markerPos = 3.0442708333333335
123.3623 	EXP 	slider_2: markerPos = 3.0442708333333335
123.3790 	EXP 	slider_2: markerPos = 3.0442708333333335
123.3955 	EXP 	slider_2: markerPos = 3.0442708333333335
123.3977 	DATA 	Mouse:  Left button up, pos=(613,150)
123.4122 	EXP 	slider_2: markerPos = 3.0442708333333335
123.4122 	EXP 	slider_2: rating = 3.0442708333333335
123.4160 	EXP 	New trial (rep=0, index=24): OrderedDict([('Imagenes', 'imagenes/Pescadito.png'), ('Random', 0.7172825011486081), ('Correcto', None)])
123.4397 	EXP 	image_2: autoDraw = False
123.4397 	EXP 	slider_2: autoDraw = False
123.4397 	EXP 	image_2: image = 'imagenes/Pescadito.png'
123.4397 	EXP 	slider_2: markerPos = None
123.4397 	EXP 	slider_2: markerPos = None
123.4397 	EXP 	slider_2: rating = None
124.4290 	EXP 	image_2: autoDraw = True
124.4290 	EXP 	slider_2: autoDraw = True
124.7149 	DATA 	Mouse: Left button down, pos=(776,153)
124.7289 	EXP 	slider_2: markerPos = 4.10546875
124.7455 	EXP 	slider_2: markerPos = 4.10546875
124.7621 	EXP 	slider_2: markerPos = 4.10546875
124.7789 	EXP 	slider_2: markerPos = 4.10546875
124.7956 	EXP 	slider_2: markerPos = 4.10546875
124.8121 	EXP 	slider_2: markerPos = 4.10546875
124.8288 	EXP 	slider_2: markerPos = 4.10546875
124.8309 	DATA 	Mouse:  Left button up, pos=(776,153)
124.8455 	EXP 	slider_2: markerPos = 4.10546875
124.8455 	EXP 	slider_2: rating = 4.10546875
124.8492 	EXP 	New trial (rep=0, index=25): OrderedDict([('Imagenes', 'imagenes/Pandebono.png'), ('Random', 0.8988574378129985), ('Correcto', None)])
124.8747 	EXP 	image_2: autoDraw = False
124.8747 	EXP 	slider_2: autoDraw = False
124.8747 	EXP 	image_2: image = 'imagenes/Pandebono.png'
124.8747 	EXP 	slider_2: markerPos = None
124.8747 	EXP 	slider_2: markerPos = None
124.8747 	EXP 	slider_2: rating = None
125.8623 	EXP 	image_2: autoDraw = True
125.8623 	EXP 	slider_2: autoDraw = True
126.4474 	DATA 	Mouse: Left button down, pos=(842,156)
126.4621 	EXP 	slider_2: markerPos = 4.53515625
126.4788 	EXP 	slider_2: markerPos = 4.53515625
126.4955 	EXP 	slider_2: markerPos = 4.53515625
126.5121 	EXP 	slider_2: markerPos = 4.53515625
126.5288 	EXP 	slider_2: markerPos = 4.53515625
126.5454 	EXP 	slider_2: markerPos = 4.53515625
126.5621 	EXP 	slider_2: markerPos = 4.53515625
126.5644 	DATA 	Mouse:  Left button up, pos=(842,156)
126.5788 	EXP 	slider_2: markerPos = 4.53515625
126.5788 	EXP 	slider_2: rating = 4.53515625
126.5809 	EXP 	New trial (rep=0, index=26): OrderedDict([('Imagenes', 'imagenes/Rollos de canela.png'), ('Random', 0.2610974409574519), ('Correcto', None)])
126.5959 	EXP 	image_2: autoDraw = False
126.5959 	EXP 	slider_2: autoDraw = False
126.5959 	EXP 	image_2: image = 'imagenes/Rollos de canela.png'
126.5959 	EXP 	slider_2: markerPos = None
126.5959 	EXP 	slider_2: markerPos = None
126.5959 	EXP 	slider_2: rating = None
127.5956 	EXP 	image_2: autoDraw = True
127.5956 	EXP 	slider_2: autoDraw = True
128.3975 	DATA 	Mouse: Left button down, pos=(847,156)
128.4121 	EXP 	slider_2: markerPos = 4.567708333333333
128.4288 	EXP 	slider_2: markerPos = 4.567708333333333
128.4453 	EXP 	slider_2: markerPos = 4.567708333333333
128.4620 	EXP 	slider_2: markerPos = 4.567708333333333
128.4787 	EXP 	slider_2: markerPos = 4.567708333333333
128.4953 	EXP 	slider_2: markerPos = 4.567708333333333
128.5120 	EXP 	slider_2: markerPos = 4.567708333333333
128.5136 	DATA 	Mouse:  Left button up, pos=(847,156)
128.5286 	EXP 	slider_2: markerPos = 4.567708333333333
128.5286 	EXP 	slider_2: rating = 4.567708333333333
128.5322 	EXP 	New trial (rep=0, index=27): OrderedDict([('Imagenes', 'imagenes/Brocoli.jpg'), ('Random', 0.24293074945529525), ('Correcto', None)])
128.5452 	EXP 	image_2: autoDraw = False
128.5452 	EXP 	slider_2: autoDraw = False
128.5452 	EXP 	image_2: image = 'imagenes/Brocoli.jpg'
128.5452 	EXP 	slider_2: markerPos = None
128.5452 	EXP 	slider_2: markerPos = None
128.5452 	EXP 	slider_2: rating = None
129.5454 	EXP 	image_2: autoDraw = True
129.5454 	EXP 	slider_2: autoDraw = True
129.9995 	DATA 	Mouse: Left button down, pos=(940,151)
130.0119 	EXP 	slider_2: markerPos = 5.173177083333334
130.0286 	EXP 	slider_2: markerPos = 5.173177083333334
130.0452 	EXP 	slider_2: markerPos = 5.173177083333334
130.0619 	EXP 	slider_2: markerPos = 5.173177083333334
130.0786 	EXP 	slider_2: markerPos = 5.173177083333334
130.0952 	EXP 	slider_2: markerPos = 5.173177083333334
130.0975 	DATA 	Mouse:  Left button up, pos=(940,151)
130.1119 	EXP 	slider_2: markerPos = 5.173177083333334
130.1119 	EXP 	slider_2: rating = 5.173177083333334
130.1159 	EXP 	New trial (rep=0, index=28): OrderedDict([('Imagenes', 'imagenes/Leche-de-almendras.jpg'), ('Random', 0.3886559457994673), ('Correcto', None)])
130.2777 	EXP 	image_2: autoDraw = False
130.2777 	EXP 	slider_2: autoDraw = False
130.2777 	EXP 	image_2: image = 'imagenes/Leche-de-almendras.jpg'
130.2777 	EXP 	slider_2: markerPos = None
130.2777 	EXP 	slider_2: markerPos = None
130.2777 	EXP 	slider_2: rating = None
131.2795 	EXP 	image_2: autoDraw = True
131.2795 	EXP 	slider_2: autoDraw = True
131.4978 	DATA 	Mouse: Left button down, pos=(816,155)
131.5121 	EXP 	slider_2: markerPos = 4.365885416666667
131.5290 	EXP 	slider_2: markerPos = 4.365885416666667
131.5456 	EXP 	slider_2: markerPos = 4.365885416666667
131.5621 	EXP 	slider_2: markerPos = 4.365885416666667
131.5791 	EXP 	slider_2: markerPos = 4.365885416666667
131.5955 	EXP 	slider_2: markerPos = 4.365885416666667
131.6121 	EXP 	slider_2: markerPos = 4.365885416666667
131.6289 	EXP 	slider_2: markerPos = 4.365885416666667
131.6305 	DATA 	Mouse:  Left button up, pos=(816,155)
131.6454 	EXP 	slider_2: markerPos = 4.365885416666667
131.6454 	EXP 	slider_2: rating = 4.365885416666667
131.6480 	EXP 	New trial (rep=0, index=29): OrderedDict([('Imagenes', 'imagenes/Papas-naturales.jpg'), ('Random', 0.37590629905521566), ('Correcto', None)])
131.6617 	EXP 	image_2: autoDraw = False
131.6617 	EXP 	slider_2: autoDraw = False
131.6617 	EXP 	image_2: image = 'imagenes/Papas-naturales.jpg'
131.6617 	EXP 	slider_2: markerPos = None
131.6617 	EXP 	slider_2: markerPos = None
131.6617 	EXP 	slider_2: rating = None
132.6619 	EXP 	image_2: autoDraw = True
132.6619 	EXP 	slider_2: autoDraw = True
132.9804 	DATA 	Mouse: Left button down, pos=(856,159)
132.9951 	EXP 	slider_2: markerPos = 4.626302083333333
133.0118 	EXP 	slider_2: markerPos = 4.626302083333333
133.0284 	EXP 	slider_2: markerPos = 4.626302083333333
133.0451 	EXP 	slider_2: markerPos = 4.626302083333333
133.0618 	EXP 	slider_2: markerPos = 4.626302083333333
133.0784 	EXP 	slider_2: markerPos = 4.626302083333333
133.0805 	DATA 	Mouse:  Left button up, pos=(856,159)
133.0951 	EXP 	slider_2: markerPos = 4.626302083333333
133.0951 	EXP 	slider_2: rating = 4.626302083333333
133.0990 	EXP 	New trial (rep=0, index=30): OrderedDict([('Imagenes', 'imagenes/Alpinito.jpg'), ('Random', 0.7416150880621702), ('Correcto', None)])
133.1647 	EXP 	image_2: autoDraw = False
133.1647 	EXP 	slider_2: autoDraw = False
133.1647 	EXP 	image_2: image = 'imagenes/Alpinito.jpg'
133.1647 	EXP 	slider_2: markerPos = None
133.1647 	EXP 	slider_2: markerPos = None
133.1647 	EXP 	slider_2: rating = None
134.1621 	EXP 	image_2: autoDraw = True
134.1621 	EXP 	slider_2: autoDraw = True
134.6469 	DATA 	Mouse: Left button down, pos=(949,155)
134.6618 	EXP 	slider_2: markerPos = 5.231770833333334
134.6785 	EXP 	slider_2: markerPos = 5.231770833333334
134.6951 	EXP 	slider_2: markerPos = 5.231770833333334
134.7118 	EXP 	slider_2: markerPos = 5.231770833333334
134.7285 	EXP 	slider_2: markerPos = 5.231770833333334
134.7451 	EXP 	slider_2: markerPos = 5.231770833333334
134.7470 	DATA 	Mouse:  Left button up, pos=(949,155)
134.7618 	EXP 	slider_2: markerPos = 5.231770833333334
134.7618 	EXP 	slider_2: rating = 5.231770833333334
134.7654 	EXP 	New trial (rep=0, index=31): OrderedDict([('Imagenes', 'imagenes/Kiwi.jpg'), ('Random', 0.3929145850942286), ('Correcto', None)])
134.7783 	EXP 	image_2: autoDraw = False
134.7783 	EXP 	slider_2: autoDraw = False
134.7783 	EXP 	image_2: image = 'imagenes/Kiwi.jpg'
134.7783 	EXP 	slider_2: markerPos = None
134.7783 	EXP 	slider_2: markerPos = None
134.7783 	EXP 	slider_2: rating = None
135.7785 	EXP 	image_2: autoDraw = True
135.7785 	EXP 	slider_2: autoDraw = True
136.6805 	DATA 	Mouse: Left button down, pos=(840,151)
136.6950 	EXP 	slider_2: markerPos = 4.522135416666667
136.7118 	EXP 	slider_2: markerPos = 4.522135416666667
136.7283 	EXP 	slider_2: markerPos = 4.522135416666667
136.7449 	EXP 	slider_2: markerPos = 4.522135416666667
136.7615 	EXP 	slider_2: markerPos = 4.522135416666667
136.7783 	EXP 	slider_2: markerPos = 4.522135416666667
136.7950 	EXP 	slider_2: markerPos = 4.522135416666667
136.7971 	DATA 	Mouse:  Left button up, pos=(840,151)
136.8115 	EXP 	slider_2: markerPos = 4.522135416666667
136.8115 	EXP 	slider_2: rating = 4.522135416666667
136.8136 	EXP 	New trial (rep=0, index=32): OrderedDict([('Imagenes', 'imagenes/Canelazo.png'), ('Random', 0.6730479360767814), ('Correcto', None)])
136.8411 	EXP 	image_2: autoDraw = False
136.8411 	EXP 	slider_2: autoDraw = False
136.8411 	EXP 	image_2: image = 'imagenes/Canelazo.png'
136.8411 	EXP 	slider_2: markerPos = None
136.8411 	EXP 	slider_2: markerPos = None
136.8411 	EXP 	slider_2: rating = None
137.8453 	EXP 	image_2: autoDraw = True
137.8453 	EXP 	slider_2: autoDraw = True
138.8510 	DATA 	Mouse: Left button down, pos=(822,160)
138.8783 	EXP 	slider_2: markerPos = 4.404947916666667
138.8950 	EXP 	slider_2: markerPos = 4.404947916666667
138.9117 	EXP 	slider_2: markerPos = 4.404947916666667
138.9283 	EXP 	slider_2: markerPos = 4.404947916666667
138.9449 	EXP 	slider_2: markerPos = 4.404947916666667
138.9616 	EXP 	slider_2: markerPos = 4.404947916666667
138.9640 	DATA 	Mouse:  Left button up, pos=(822,160)
138.9783 	EXP 	slider_2: markerPos = 4.404947916666667
138.9783 	EXP 	slider_2: rating = 4.404947916666667
138.9814 	EXP 	New trial (rep=0, index=33): OrderedDict([('Imagenes', 'imagenes/Mango.jpeg'), ('Random', 0.4341155418941499), ('Correcto', None)])
139.0071 	EXP 	image_2: autoDraw = False
139.0071 	EXP 	slider_2: autoDraw = False
139.0071 	EXP 	image_2: image = 'imagenes/Mango.jpeg'
139.0071 	EXP 	slider_2: markerPos = None
139.0071 	EXP 	slider_2: markerPos = None
139.0071 	EXP 	slider_2: rating = None
139.9950 	EXP 	image_2: autoDraw = True
139.9950 	EXP 	slider_2: autoDraw = True
141.0475 	DATA 	Mouse: Left button down, pos=(684,158)
141.0615 	EXP 	slider_2: markerPos = 3.506510416666667
141.0780 	EXP 	slider_2: markerPos = 3.506510416666667
141.0953 	EXP 	slider_2: markerPos = 3.506510416666667
141.1114 	EXP 	slider_2: markerPos = 3.506510416666667
141.1281 	EXP 	slider_2: markerPos = 3.506510416666667
141.1446 	EXP 	slider_2: markerPos = 3.506510416666667
141.1470 	DATA 	Mouse:  Left button up, pos=(684,158)
141.1616 	EXP 	slider_2: markerPos = 3.506510416666667
141.1616 	EXP 	slider_2: rating = 3.506510416666667
141.1650 	EXP 	New trial (rep=0, index=34): OrderedDict([('Imagenes', 'imagenes/Pepinillos.png'), ('Random', 0.0038966441241518046), ('Correcto', None)])
141.1861 	EXP 	image_2: autoDraw = False
141.1861 	EXP 	slider_2: autoDraw = False
141.1861 	EXP 	image_2: image = 'imagenes/Pepinillos.png'
141.1861 	EXP 	slider_2: markerPos = None
141.1861 	EXP 	slider_2: markerPos = None
141.1861 	EXP 	slider_2: rating = None
142.1783 	EXP 	image_2: autoDraw = True
142.1783 	EXP 	slider_2: autoDraw = True
142.6974 	DATA 	Keypress: lctrl
144.1319 	EXP 	window1: mouseVisible = True
