0.8234 	WARNING 	We strongly recommend you activate the PTB sound engine in PsychoPy prefs as the preferred audio engine. Its timing is vastly superior. Your prefs are currently set to use ['sounddevice', 'PTB', 'pyo', 'pygame'] (in that order).
15.2256 	WARNING 	User requested fullscreen with size [1024  768], but screen is actually [1366, 768]. Using actual size
17.7394 	EXP 	Created window1 = Window(allowGUI=False, allowStencil=False, args=UNKNOWN, autoLog=True, bitsMode=UNKNOWN, blendMode='avg', bpc=(8, 8, 8), color=array([0., 0., 0.]), colorSpace='rgb', depthBits=8, fullscr=<method-wrapper '__getattribute__' of attributeSetter object at 0x000002095246D6D8>, gamma=None, gammaErrorPolicy='raise', kwargs=UNKNOWN, lms=UNKNOWN, monitor=<psychopy.monitors.calibTools.Monitor object at 0x000002095218D748>, multiSample=False, name='window1', numSamples=2, pos=[0.0, 0.0], screen=0, size=array([1366,  768]), stencilBits=0, stereo=False, units='height', useFBO=True, useRetina=False, viewOri=0.0, viewPos=None, viewScale=None, waitBlanking=True, winType='pyglet')
17.7399 	EXP 	window1: mouseVisible = True
17.7399 	EXP 	window1: recordFrameIntervals = False
17.9053 	EXP 	window1: recordFrameIntervals = True
18.0879 	EXP 	window1: recordFrameIntervals = False
18.4036 	EXP 	Sound Sonido set volume 1.000
18.4186 	EXP 	Created image_2 = ImageStim(__class__=<class 'psychopy.visual.image.ImageStim'>, autoLog=True, color=array([1., 1., 1.]), colorSpace='rgb', contrast=1.0, depth=-1.0, flipHoriz=False, flipVert=False, image='sin', interpolate=True, mask=None, maskParams=None, name='image_2', opacity=1.0, ori=0.0, pos=array([0. , 0.2]), size=array([0.5, 0.5]), texRes=128, units='height', win=Window(...))
18.4369 	EXP 	window1: mouseVisible = True
18.7256 	EXP 	Created slider_2 = Slider(__class__=<class 'psychopy.visual.slider.Slider'>, autoDraw=False, autoLog=True, color='LightGray', depth=0, flip=False, font='HelveticaBold', granularity=0, labelHeight=0.05, labelWrapWidth=None, labels=('0', '1000', '2000', '3000', '4000', '5000'), name='slider_2', pos=(0, -0.3), readOnly=False, self=UNKNOWN, size=(1.0, 0.05), style=method-wrapper(...), ticks=array([1, 2, 3, 4, 5, 6]), units='height', win=Window(...))
18.7511 	EXP 	Created text = TextStim(__class__=<class 'psychopy.visual.text.TextStim'>, alignHoriz=method-wrapper(...), alignText='center', alignVert=method-wrapper(...), anchorHoriz='center', anchorVert='center', antialias=True, autoLog=True, bold=False, color='white', colorSpace='named', contrast=1.0, depth=-1.0, flipHoriz=False, flipVert=False, font='Arial', fontFiles=[], height=0.1, italic=False, languageStyle='LTR', name='text', opacity=1.0, ori=0, pos=array([0., 0.]), rgb=array([255., 255., 255.]), text='default text', units='height', win=Window(...), wrapWidth=1)
18.8850 	EXP 	Imported ruidos.xlsx as conditions, 4 conditions, 2 params
18.8856 	EXP 	Created sequence: random, trialTypes=4, nReps=1, seed=None
18.8858 	EXP 	New trial (rep=0, index=0): OrderedDict([('Hertz', 1000), ('volumen', 0.02)])
18.8916 	EXP 	Imported imagenes.xlsx as conditions, 20 conditions, 3 params
18.8918 	EXP 	Created sequence: random, trialTypes=20, nReps=1, seed=None
18.8920 	EXP 	New trial (rep=0, index=0): OrderedDict([('Imagenes', 'imagenes\\Papas-limon.jpg'), ('Random', 0.020692288100133793), ('Correcto', None)])
18.9421 	EXP 	slider_2: autoLog = True
18.9421 	EXP 	slider_2: markerPos = None
18.9421 	EXP 	slider_2: rating = None
18.9421 	EXP 	slider_2: markerPos = None
18.9421 	EXP 	slider_2: contrast = 1.0
18.9421 	EXP 	slider_2: autoLog = True
18.9421 	EXP 	slider_2: style = ['rating']
18.9421 	EXP 	image_2: image = 'imagenes\\Papas-limon.jpg'
18.9421 	EXP 	slider_2: markerPos = None
18.9421 	EXP 	slider_2: markerPos = None
18.9421 	EXP 	slider_2: rating = None
18.9421 	EXP 	image_2: autoDraw = True
18.9421 	EXP 	slider_2: autoDraw = True
19.7903 	EXP 	New trial (rep=0, index=1): OrderedDict([('Imagenes', 'imagenes\\Mango.jpeg'), ('Random', 0.555669112372461), ('Correcto', None)])
19.8206 	EXP 	image_2: autoDraw = False
19.8206 	EXP 	slider_2: autoDraw = False
19.8206 	EXP 	image_2: image = 'imagenes\\Mango.jpeg'
19.8206 	EXP 	slider_2: markerPos = None
19.8206 	EXP 	slider_2: markerPos = None
19.8206 	EXP 	slider_2: rating = None
19.8206 	EXP 	image_2: autoDraw = True
19.8206 	EXP 	slider_2: autoDraw = True
20.7893 	EXP 	New trial (rep=0, index=2): OrderedDict([('Imagenes', 'imagenes\\Banano.jpeg'), ('Random', 0.651633055306917), ('Correcto', None)])
20.8127 	EXP 	image_2: autoDraw = False
20.8127 	EXP 	slider_2: autoDraw = False
20.8127 	EXP 	image_2: image = 'imagenes\\Banano.jpeg'
20.8127 	EXP 	slider_2: markerPos = None
20.8127 	EXP 	slider_2: markerPos = None
20.8127 	EXP 	slider_2: rating = None
20.8127 	EXP 	image_2: autoDraw = True
20.8127 	EXP 	slider_2: autoDraw = True
21.5233 	DATA 	Mouse: Left button down, pos=(540,154)
21.5385 	EXP 	slider_2: markerPos = 2.569010416666667
21.5554 	EXP 	slider_2: markerPos = 2.569010416666667
21.5717 	EXP 	slider_2: markerPos = 2.569010416666667
21.5884 	EXP 	slider_2: markerPos = 2.569010416666667
21.6053 	EXP 	slider_2: markerPos = 2.569010416666667
21.6217 	EXP 	slider_2: markerPos = 2.569010416666667
21.6243 	DATA 	Mouse:  Left button up, pos=(540,154)
21.6383 	EXP 	slider_2: markerPos = 2.569010416666667
21.6383 	EXP 	slider_2: rating = 2.569010416666667
21.6409 	EXP 	New trial (rep=0, index=3): OrderedDict([('Imagenes', 'imagenes\\Popetas.jpg'), ('Random', 0.07650200324054446), ('Correcto', None)])
21.7020 	EXP 	image_2: autoDraw = False
21.7020 	EXP 	slider_2: autoDraw = False
21.7020 	EXP 	image_2: image = 'imagenes\\Popetas.jpg'
21.7020 	EXP 	slider_2: markerPos = None
21.7020 	EXP 	slider_2: markerPos = None
21.7020 	EXP 	slider_2: rating = None
21.7020 	EXP 	image_2: autoDraw = True
21.7020 	EXP 	slider_2: autoDraw = True
22.2409 	DATA 	Mouse: Left button down, pos=(540,154)
22.2552 	EXP 	slider_2: markerPos = 2.569010416666667
22.2719 	EXP 	slider_2: markerPos = 2.569010416666667
22.2883 	EXP 	slider_2: markerPos = 2.569010416666667
22.3054 	EXP 	slider_2: markerPos = 2.569010416666667
22.3216 	EXP 	slider_2: markerPos = 2.569010416666667
22.3234 	DATA 	Mouse:  Left button up, pos=(540,154)
22.3382 	EXP 	slider_2: markerPos = 2.569010416666667
22.3382 	EXP 	slider_2: rating = 2.569010416666667
22.3410 	EXP 	New trial (rep=0, index=4): OrderedDict([('Imagenes', 'imagenes\\Alpinito.jpg'), ('Random', 0.4515332417045813), ('Correcto', None)])
22.3703 	EXP 	image_2: autoDraw = False
22.3703 	EXP 	slider_2: autoDraw = False
22.3703 	EXP 	image_2: image = 'imagenes\\Alpinito.jpg'
22.3703 	EXP 	slider_2: markerPos = None
22.3703 	EXP 	slider_2: markerPos = None
22.3703 	EXP 	slider_2: rating = None
22.3703 	EXP 	image_2: autoDraw = True
22.3703 	EXP 	slider_2: autoDraw = True
22.6902 	DATA 	Mouse: Left button down, pos=(523,154)
22.7053 	EXP 	slider_2: markerPos = 2.458333333333333
22.7218 	EXP 	slider_2: markerPos = 2.458333333333333
22.7386 	EXP 	slider_2: markerPos = 2.458333333333333
22.7550 	EXP 	slider_2: markerPos = 2.458333333333333
22.7718 	EXP 	slider_2: markerPos = 2.458333333333333
22.7884 	EXP 	slider_2: markerPos = 2.458333333333333
22.7908 	DATA 	Mouse:  Left button up, pos=(523,154)
22.8053 	EXP 	slider_2: markerPos = 2.458333333333333
22.8053 	EXP 	slider_2: rating = 2.458333333333333
22.8087 	EXP 	New trial (rep=0, index=5): OrderedDict([('Imagenes', 'imagenes\\Yogurt-alpina.jpg'), ('Random', 0.21540995091807813), ('Correcto', None)])
22.8347 	EXP 	image_2: autoDraw = False
22.8347 	EXP 	slider_2: autoDraw = False
22.8347 	EXP 	image_2: image = 'imagenes\\Yogurt-alpina.jpg'
22.8347 	EXP 	slider_2: markerPos = None
22.8347 	EXP 	slider_2: markerPos = None
22.8347 	EXP 	slider_2: rating = None
22.8347 	EXP 	image_2: autoDraw = True
22.8347 	EXP 	slider_2: autoDraw = True
23.0243 	DATA 	Mouse: Left button down, pos=(666,144)
23.0384 	EXP 	slider_2: markerPos = 3.3893229166666665
23.0555 	EXP 	slider_2: markerPos = 3.3893229166666665
23.0717 	EXP 	slider_2: markerPos = 3.3893229166666665
23.0884 	EXP 	slider_2: markerPos = 3.3893229166666665
23.1050 	EXP 	slider_2: markerPos = 3.3893229166666665
23.1218 	EXP 	slider_2: markerPos = 3.3893229166666665
23.1383 	EXP 	slider_2: markerPos = 3.3893229166666665
23.1406 	DATA 	Mouse:  Left button up, pos=(666,144)
23.1552 	EXP 	slider_2: markerPos = 3.3893229166666665
23.1552 	EXP 	slider_2: rating = 3.3893229166666665
23.1579 	EXP 	New trial (rep=0, index=6): OrderedDict([('Imagenes', 'imagenes\\Nutella (1).jpg'), ('Random', 0.5277483225747329), ('Correcto', None)])
23.1800 	EXP 	image_2: autoDraw = False
23.1800 	EXP 	slider_2: autoDraw = False
23.1800 	EXP 	image_2: image = 'imagenes\\Nutella (1).jpg'
23.1800 	EXP 	slider_2: markerPos = None
23.1800 	EXP 	slider_2: markerPos = None
23.1800 	EXP 	slider_2: rating = None
23.1800 	EXP 	image_2: autoDraw = True
23.1800 	EXP 	slider_2: autoDraw = True
23.4410 	DATA 	Mouse: Left button down, pos=(838,161)
23.4551 	EXP 	slider_2: markerPos = 4.509114583333333
23.4718 	EXP 	slider_2: markerPos = 4.509114583333333
23.4886 	EXP 	slider_2: markerPos = 4.509114583333333
23.5052 	EXP 	slider_2: markerPos = 4.509114583333333
23.5218 	EXP 	slider_2: markerPos = 4.509114583333333
23.5384 	EXP 	slider_2: markerPos = 4.509114583333333
23.5399 	DATA 	Mouse:  Left button up, pos=(838,161)
23.5552 	EXP 	slider_2: markerPos = 4.509114583333333
23.5552 	EXP 	slider_2: rating = 4.509114583333333
23.5585 	EXP 	New trial (rep=0, index=7): OrderedDict([('Imagenes', 'imagenes\\Galletas-festival.jpg'), ('Random', 0.36121121246191135), ('Correcto', None)])
23.5953 	EXP 	image_2: autoDraw = False
23.5953 	EXP 	slider_2: autoDraw = False
23.5953 	EXP 	image_2: image = 'imagenes\\Galletas-festival.jpg'
23.5953 	EXP 	slider_2: markerPos = None
23.5953 	EXP 	slider_2: markerPos = None
23.5953 	EXP 	slider_2: rating = None
23.5953 	EXP 	image_2: autoDraw = True
23.5953 	EXP 	slider_2: autoDraw = True
23.7242 	DATA 	Mouse: Left button down, pos=(605,174)
23.7385 	EXP 	slider_2: markerPos = 2.9921875
23.7549 	EXP 	slider_2: markerPos = 2.9921875
23.7716 	EXP 	slider_2: markerPos = 2.9921875
23.7883 	EXP 	slider_2: markerPos = 2.9921875
23.8050 	EXP 	slider_2: markerPos = 2.9921875
23.8067 	DATA 	Mouse:  Left button up, pos=(605,174)
23.8216 	EXP 	slider_2: markerPos = 2.9921875
23.8216 	EXP 	slider_2: rating = 2.9921875
23.8249 	EXP 	New trial (rep=0, index=8): OrderedDict([('Imagenes', 'imagenes\\Chocoramo.jfif.jpg'), ('Random', 0.7789437122019539), ('Correcto', None)])
23.8763 	EXP 	image_2: autoDraw = False
23.8763 	EXP 	slider_2: autoDraw = False
23.8763 	EXP 	image_2: image = 'imagenes\\Chocoramo.jfif.jpg'
23.8763 	EXP 	slider_2: markerPos = None
23.8763 	EXP 	slider_2: markerPos = None
23.8763 	EXP 	slider_2: rating = None
23.8763 	EXP 	image_2: autoDraw = True
23.8763 	EXP 	slider_2: autoDraw = True
24.0077 	DATA 	Mouse: Left button down, pos=(559,149)
24.0220 	EXP 	slider_2: markerPos = 2.692708333333333
24.0388 	EXP 	slider_2: markerPos = 2.692708333333333
24.0552 	EXP 	slider_2: markerPos = 2.692708333333333
24.0716 	EXP 	slider_2: markerPos = 2.692708333333333
24.0882 	EXP 	slider_2: markerPos = 2.692708333333333
24.1049 	EXP 	slider_2: markerPos = 2.692708333333333
24.1069 	DATA 	Mouse:  Left button up, pos=(559,149)
24.1217 	EXP 	slider_2: markerPos = 2.692708333333333
24.1217 	EXP 	slider_2: rating = 2.692708333333333
24.1249 	EXP 	New trial (rep=0, index=9): OrderedDict([('Imagenes', 'imagenes\\Brownie.jpg'), ('Random', 0.17000143351927688), ('Correcto', None)])
24.1701 	EXP 	image_2: autoDraw = False
24.1701 	EXP 	slider_2: autoDraw = False
24.1701 	EXP 	image_2: image = 'imagenes\\Brownie.jpg'
24.1701 	EXP 	slider_2: markerPos = None
24.1701 	EXP 	slider_2: markerPos = None
24.1701 	EXP 	slider_2: rating = None
24.1701 	EXP 	image_2: autoDraw = True
24.1701 	EXP 	slider_2: autoDraw = True
24.2414 	DATA 	Mouse: Left button down, pos=(780,151)
24.2556 	EXP 	slider_2: markerPos = 4.131510416666667
24.2717 	EXP 	slider_2: markerPos = 4.131510416666667
24.2885 	EXP 	slider_2: markerPos = 4.131510416666667
24.3049 	EXP 	slider_2: markerPos = 4.131510416666667
24.3218 	EXP 	slider_2: markerPos = 4.131510416666667
24.3387 	EXP 	slider_2: markerPos = 4.131510416666667
24.3410 	DATA 	Mouse:  Left button up, pos=(780,151)
24.3553 	EXP 	slider_2: markerPos = 4.131510416666667
24.3553 	EXP 	slider_2: rating = 4.131510416666667
24.3584 	EXP 	New trial (rep=0, index=10): OrderedDict([('Imagenes', 'imagenes\\Kiwi.jpg'), ('Random', 0.5893907384852061), ('Correcto', None)])
24.3716 	EXP 	image_2: autoDraw = False
24.3716 	EXP 	slider_2: autoDraw = False
24.3716 	EXP 	image_2: image = 'imagenes\\Kiwi.jpg'
24.3716 	EXP 	slider_2: markerPos = None
24.3716 	EXP 	slider_2: markerPos = None
24.3716 	EXP 	slider_2: rating = None
24.3716 	EXP 	image_2: autoDraw = True
24.3716 	EXP 	slider_2: autoDraw = True
24.5078 	DATA 	Mouse: Left button down, pos=(792,155)
24.5216 	EXP 	slider_2: markerPos = 4.209635416666667
24.5386 	EXP 	slider_2: markerPos = 4.209635416666667
24.5557 	EXP 	slider_2: markerPos = 4.22265625
24.5583 	DATA 	Mouse:  Left button up, pos=(799,155)
24.5722 	EXP 	slider_2: markerPos = 4.22265625
24.5722 	EXP 	slider_2: rating = 4.22265625
24.5745 	EXP 	New trial (rep=0, index=11): OrderedDict([('Imagenes', 'imagenes\\Leche-de-almendras.jpg'), ('Random', 0.36073876480313727), ('Correcto', None)])
24.6530 	DATA 	Mouse: Left button down, pos=(889,162)
24.6589 	EXP 	image_2: autoDraw = False
24.6589 	EXP 	slider_2: autoDraw = False
24.6589 	EXP 	image_2: image = 'imagenes\\Leche-de-almendras.jpg'
24.6589 	EXP 	slider_2: markerPos = None
24.6589 	EXP 	slider_2: markerPos = None
24.6589 	EXP 	slider_2: rating = None
24.6589 	EXP 	image_2: autoDraw = True
24.6589 	EXP 	slider_2: autoDraw = True
24.6589 	EXP 	slider_2: markerPos = 4.841145833333334
24.6658 	EXP 	slider_2: markerPos = 4.841145833333334
24.6721 	EXP 	slider_2: markerPos = 4.841145833333334
24.6887 	EXP 	slider_2: markerPos = 4.841145833333334
24.7056 	EXP 	slider_2: markerPos = 4.841145833333334
24.7220 	EXP 	slider_2: markerPos = 4.841145833333334
24.7388 	EXP 	slider_2: markerPos = 4.841145833333334
24.7414 	DATA 	Mouse:  Left button up, pos=(889,162)
24.7554 	EXP 	slider_2: markerPos = 4.841145833333334
24.7554 	EXP 	slider_2: rating = 4.841145833333334
24.7584 	EXP 	New trial (rep=0, index=12): OrderedDict([('Imagenes', 'imagenes\\Manzana.jpg'), ('Random', 0.5168162194437935), ('Correcto', None)])
24.7980 	EXP 	image_2: autoDraw = False
24.7980 	EXP 	slider_2: autoDraw = False
24.7980 	EXP 	image_2: image = 'imagenes\\Manzana.jpg'
24.7980 	EXP 	slider_2: markerPos = None
24.7980 	EXP 	slider_2: markerPos = None
24.7980 	EXP 	slider_2: rating = None
24.7980 	EXP 	image_2: autoDraw = True
24.7980 	EXP 	slider_2: autoDraw = True
24.8408 	DATA 	Mouse: Left button down, pos=(688,155)
24.8551 	EXP 	slider_2: markerPos = 3.532552083333333
24.8717 	EXP 	slider_2: markerPos = 3.2330729166666665
24.8884 	EXP 	slider_2: markerPos = 3.05078125
24.9052 	EXP 	slider_2: markerPos = 3.0247395833333335
24.9071 	DATA 	Mouse:  Left button up, pos=(610,156)
24.9217 	EXP 	slider_2: markerPos = 3.0247395833333335
24.9217 	EXP 	slider_2: rating = 3.0247395833333335
24.9247 	EXP 	New trial (rep=0, index=13): OrderedDict([('Imagenes', 'imagenes\\Papas-naturales.jpg'), ('Random', 0.15856838916280946), ('Correcto', None)])
24.9384 	EXP 	image_2: autoDraw = False
24.9384 	EXP 	slider_2: autoDraw = False
24.9384 	EXP 	image_2: image = 'imagenes\\Papas-naturales.jpg'
24.9384 	EXP 	slider_2: markerPos = None
24.9384 	EXP 	slider_2: markerPos = None
24.9384 	EXP 	slider_2: rating = None
24.9384 	EXP 	image_2: autoDraw = True
24.9384 	EXP 	slider_2: autoDraw = True
25.0095 	DATA 	Mouse: Left button down, pos=(609,156)
25.0383 	EXP 	slider_2: markerPos = 3.0052083333333335
25.0554 	EXP 	slider_2: markerPos = 2.9986979166666665
25.0710 	EXP 	slider_2: markerPos = 2.9986979166666665
25.0882 	EXP 	slider_2: markerPos = 2.9986979166666665
25.0908 	DATA 	Mouse:  Left button up, pos=(606,156)
25.1052 	EXP 	slider_2: markerPos = 2.9986979166666665
25.1052 	EXP 	slider_2: rating = 2.9986979166666665
25.1079 	EXP 	New trial (rep=0, index=14): OrderedDict([('Imagenes', 'imagenes\\bon-bon-bun.jpg'), ('Random', 0.7387922093313524), ('Correcto', None)])
25.1303 	EXP 	image_2: autoDraw = False
25.1303 	EXP 	slider_2: autoDraw = False
25.1303 	EXP 	image_2: image = 'imagenes\\bon-bon-bun.jpg'
25.1303 	EXP 	slider_2: markerPos = None
25.1303 	EXP 	slider_2: markerPos = None
25.1303 	EXP 	slider_2: rating = None
25.1303 	EXP 	image_2: autoDraw = True
25.1303 	EXP 	slider_2: autoDraw = True
25.1910 	DATA 	Mouse: Left button down, pos=(764,160)
25.2053 	EXP 	slider_2: markerPos = 4.02734375
25.2216 	EXP 	slider_2: markerPos = 4.02734375
25.2383 	EXP 	slider_2: markerPos = 4.02734375
25.2553 	EXP 	slider_2: markerPos = 4.02734375
25.2715 	EXP 	slider_2: markerPos = 4.02734375
25.2884 	EXP 	slider_2: markerPos = 4.02734375
25.2900 	DATA 	Mouse:  Left button up, pos=(764,160)
25.3051 	EXP 	slider_2: markerPos = 4.02734375
25.3051 	EXP 	slider_2: rating = 4.02734375
25.3083 	EXP 	New trial (rep=0, index=15): OrderedDict([('Imagenes', 'imagenes\\Galletas Tosh.jpg'), ('Random', 0.478088790487872), ('Correcto', None)])
25.3435 	EXP 	image_2: autoDraw = False
25.3435 	EXP 	slider_2: autoDraw = False
25.3435 	EXP 	image_2: image = 'imagenes\\Galletas Tosh.jpg'
25.3435 	EXP 	slider_2: markerPos = None
25.3435 	EXP 	slider_2: markerPos = None
25.3435 	EXP 	slider_2: rating = None
25.3435 	EXP 	image_2: autoDraw = True
25.3435 	EXP 	slider_2: autoDraw = True
25.3741 	DATA 	Mouse: Left button down, pos=(451,167)
25.3885 	EXP 	slider_2: markerPos = 1.9895833333333335
25.4051 	EXP 	slider_2: markerPos = 1.8268229166666665
25.4217 	EXP 	slider_2: markerPos = 1.7942708333333335
25.4384 	EXP 	slider_2: markerPos = 1.7877604166666665
25.4431 	DATA 	Mouse:  Left button up, pos=(420,167)
25.4554 	EXP 	slider_2: markerPos = 1.7877604166666665
25.4715 	EXP 	slider_2: markerPos = 1.7877604166666665
25.4715 	EXP 	slider_2: rating = 1.7877604166666665
25.4743 	EXP 	New trial (rep=0, index=16): OrderedDict([('Imagenes', 'imagenes\\Uvas.jpg'), ('Random', 0.7734382152670648), ('Correcto', None)])
25.4980 	EXP 	image_2: autoDraw = False
25.4980 	EXP 	slider_2: autoDraw = False
25.4980 	EXP 	image_2: image = 'imagenes\\Uvas.jpg'
25.4980 	EXP 	slider_2: markerPos = None
25.4980 	EXP 	slider_2: markerPos = None
25.4980 	EXP 	slider_2: rating = None
25.4980 	EXP 	image_2: autoDraw = True
25.4980 	EXP 	slider_2: autoDraw = True
25.5565 	DATA 	Mouse: Left button down, pos=(509,157)
25.5715 	EXP 	slider_2: markerPos = 2.3671875
25.5884 	EXP 	slider_2: markerPos = 2.3671875
25.6054 	EXP 	slider_2: markerPos = 2.399739583333333
25.6080 	DATA 	Mouse:  Left button up, pos=(533,149)
25.6214 	EXP 	slider_2: markerPos = 2.399739583333333
25.6214 	EXP 	slider_2: rating = 2.399739583333333
25.6236 	EXP 	New trial (rep=0, index=17): OrderedDict([('Imagenes', 'imagenes\\Croissant.jpg'), ('Random', 0.6152458173421255), ('Correcto', None)])
25.6475 	EXP 	image_2: autoDraw = False
25.6475 	EXP 	slider_2: autoDraw = False
25.6475 	EXP 	image_2: image = 'imagenes\\Croissant.jpg'
25.6475 	EXP 	slider_2: markerPos = None
25.6475 	EXP 	slider_2: markerPos = None
25.6475 	EXP 	slider_2: rating = None
25.6475 	EXP 	image_2: autoDraw = True
25.6475 	EXP 	slider_2: autoDraw = True
25.7065 	DATA 	Mouse: Left button down, pos=(812,129)
25.7906 	DATA 	Mouse:  Left button up, pos=(821,128)
25.8768 	DATA 	Mouse: Left button down, pos=(951,131)
25.9570 	DATA 	Mouse:  Left button up, pos=(929,130)
26.0576 	DATA 	Mouse: Left button down, pos=(748,134)
26.1231 	DATA 	Mouse:  Left button up, pos=(716,132)
26.6422 	EXP 	New trial (rep=0, index=18): OrderedDict([('Imagenes', 'imagenes\\Rosquitas (1).jpg'), ('Random', 0.3035383390851263), ('Correcto', None)])
26.6725 	EXP 	image_2: autoDraw = False
26.6725 	EXP 	slider_2: autoDraw = False
26.6725 	EXP 	image_2: autoDraw = False
26.6725 	EXP 	slider_2: autoDraw = False
26.6725 	EXP 	image_2: image = 'imagenes\\Rosquitas (1).jpg'
26.6725 	EXP 	slider_2: markerPos = None
26.6725 	EXP 	slider_2: markerPos = None
26.6725 	EXP 	slider_2: rating = None
26.6725 	EXP 	image_2: autoDraw = True
26.6725 	EXP 	slider_2: autoDraw = True
26.8068 	DATA 	Mouse: Left button down, pos=(671,135)
26.8215 	EXP 	slider_2: markerPos = 3.421875
26.8386 	EXP 	slider_2: markerPos = 3.421875
26.8554 	EXP 	slider_2: markerPos = 3.421875
26.8716 	EXP 	slider_2: markerPos = 3.421875
26.8883 	EXP 	slider_2: markerPos = 3.421875
26.9050 	EXP 	slider_2: markerPos = 3.421875
26.9074 	DATA 	Mouse:  Left button up, pos=(671,135)
26.9216 	EXP 	slider_2: markerPos = 3.421875
26.9216 	EXP 	slider_2: rating = 3.421875
26.9239 	EXP 	New trial (rep=0, index=19): OrderedDict([('Imagenes', 'imagenes\\Papas-pollo.jpg'), ('Random', 0.6683114062971784), ('Correcto', None)])
26.9399 	EXP 	image_2: autoDraw = False
26.9399 	EXP 	slider_2: autoDraw = False
26.9399 	EXP 	image_2: image = 'imagenes\\Papas-pollo.jpg'
26.9399 	EXP 	slider_2: markerPos = None
26.9399 	EXP 	slider_2: markerPos = None
26.9399 	EXP 	slider_2: rating = None
26.9399 	EXP 	image_2: autoDraw = True
26.9399 	EXP 	slider_2: autoDraw = True
27.1729 	DATA 	Mouse: Left button down, pos=(715,159)
27.1882 	EXP 	slider_2: markerPos = 3.708333333333333
27.2052 	EXP 	slider_2: markerPos = 3.708333333333333
27.2217 	EXP 	slider_2: markerPos = 3.701822916666667
27.2387 	EXP 	slider_2: markerPos = 3.6953125
27.2403 	DATA 	Mouse:  Left button up, pos=(709,159)
27.2552 	EXP 	slider_2: markerPos = 3.6953125
27.2552 	EXP 	slider_2: rating = 3.6953125
27.2583 	EXP 	New trial (rep=0, index=1): OrderedDict([('Hertz', 1500), ('volumen', 0.02)])
27.2645 	EXP 	Imported imagenes.xlsx as conditions, 20 conditions, 3 params
27.2647 	EXP 	Created sequence: random, trialTypes=20, nReps=1, seed=None
27.2649 	EXP 	New trial (rep=0, index=0): OrderedDict([('Imagenes', 'imagenes\\Mango.jpeg'), ('Random', 0.555669112372461), ('Correcto', None)])
27.2808 	EXP 	image_2: autoDraw = False
27.2808 	EXP 	slider_2: autoDraw = False
27.2808 	EXP 	image_2: image = 'imagenes\\Mango.jpeg'
27.2808 	EXP 	slider_2: markerPos = None
27.2808 	EXP 	slider_2: markerPos = None
27.2808 	EXP 	slider_2: rating = None
27.2808 	EXP 	image_2: autoDraw = True
27.2808 	EXP 	slider_2: autoDraw = True
27.3563 	DATA 	Mouse: Left button down, pos=(626,157)
27.3717 	EXP 	slider_2: markerPos = 3.12890625
27.3881 	EXP 	slider_2: markerPos = 3.12890625
27.4054 	EXP 	slider_2: markerPos = 3.12890625
27.4214 	EXP 	slider_2: markerPos = 3.12890625
27.4387 	EXP 	slider_2: markerPos = 3.12890625
27.4409 	DATA 	Mouse:  Left button up, pos=(626,157)
27.4554 	EXP 	slider_2: markerPos = 3.12890625
27.4554 	EXP 	slider_2: rating = 3.12890625
27.4591 	EXP 	New trial (rep=0, index=1): OrderedDict([('Imagenes', 'imagenes\\Kiwi.jpg'), ('Random', 0.5893907384852061), ('Correcto', None)])
27.4716 	EXP 	image_2: autoDraw = False
27.4716 	EXP 	slider_2: autoDraw = False
27.4716 	EXP 	image_2: image = 'imagenes\\Kiwi.jpg'
27.4716 	EXP 	slider_2: markerPos = None
27.4716 	EXP 	slider_2: markerPos = None
27.4716 	EXP 	slider_2: rating = None
27.4716 	EXP 	image_2: autoDraw = True
27.4716 	EXP 	slider_2: autoDraw = True
27.5577 	DATA 	Mouse: Left button down, pos=(526,157)
27.5715 	EXP 	slider_2: markerPos = 2.46484375
27.5883 	EXP 	slider_2: markerPos = 2.46484375
27.6049 	EXP 	slider_2: markerPos = 2.46484375
27.6216 	EXP 	slider_2: markerPos = 2.46484375
27.6242 	DATA 	Mouse:  Left button up, pos=(524,157)
27.6383 	EXP 	slider_2: markerPos = 2.46484375
27.6383 	EXP 	slider_2: rating = 2.46484375
27.6413 	EXP 	New trial (rep=0, index=2): OrderedDict([('Imagenes', 'imagenes\\Leche-de-almendras.jpg'), ('Random', 0.36073876480313727), ('Correcto', None)])
27.6862 	EXP 	image_2: autoDraw = False
27.6862 	EXP 	slider_2: autoDraw = False
27.6862 	EXP 	image_2: image = 'imagenes\\Leche-de-almendras.jpg'
27.6862 	EXP 	slider_2: markerPos = None
27.6862 	EXP 	slider_2: markerPos = None
27.6862 	EXP 	slider_2: rating = None
27.6862 	EXP 	image_2: autoDraw = True
27.6862 	EXP 	slider_2: autoDraw = True
27.7580 	DATA 	Mouse: Left button down, pos=(652,150)
27.7716 	EXP 	slider_2: markerPos = 3.3111979166666665
27.7883 	EXP 	slider_2: markerPos = 3.3111979166666665
27.8050 	EXP 	slider_2: markerPos = 3.3111979166666665
27.8216 	EXP 	slider_2: markerPos = 3.3111979166666665
27.8389 	EXP 	slider_2: markerPos = 3.3111979166666665
27.8405 	DATA 	Mouse:  Left button up, pos=(663,148)
27.8551 	EXP 	slider_2: markerPos = 3.3111979166666665
27.8551 	EXP 	slider_2: rating = 3.3111979166666665
27.8578 	EXP 	New trial (rep=0, index=3): OrderedDict([('Imagenes', 'imagenes\\Rosquitas (1).jpg'), ('Random', 0.3035383390851263), ('Correcto', None)])
27.8786 	EXP 	image_2: autoDraw = False
27.8786 	EXP 	slider_2: autoDraw = False
27.8786 	EXP 	image_2: image = 'imagenes\\Rosquitas (1).jpg'
27.8786 	EXP 	slider_2: markerPos = None
27.8786 	EXP 	slider_2: markerPos = None
27.8786 	EXP 	slider_2: rating = None
27.8786 	EXP 	image_2: autoDraw = True
27.8786 	EXP 	slider_2: autoDraw = True
27.9407 	DATA 	Mouse: Left button down, pos=(770,164)
27.9551 	EXP 	slider_2: markerPos = 4.06640625
27.9714 	EXP 	slider_2: markerPos = 4.06640625
27.9887 	EXP 	slider_2: markerPos = 4.06640625
28.0055 	EXP 	slider_2: markerPos = 4.06640625
28.0214 	EXP 	slider_2: markerPos = 4.06640625
28.0380 	EXP 	slider_2: markerPos = 4.06640625
28.0399 	DATA 	Mouse:  Left button up, pos=(773,164)
28.0548 	EXP 	slider_2: markerPos = 4.06640625
28.0548 	EXP 	slider_2: rating = 4.06640625
28.0576 	EXP 	New trial (rep=0, index=4): OrderedDict([('Imagenes', 'imagenes\\Yogurt-alpina.jpg'), ('Random', 0.21540995091807813), ('Correcto', None)])
28.0724 	EXP 	image_2: autoDraw = False
28.0724 	EXP 	slider_2: autoDraw = False
28.0724 	EXP 	image_2: image = 'imagenes\\Yogurt-alpina.jpg'
28.0724 	EXP 	slider_2: markerPos = None
28.0724 	EXP 	slider_2: markerPos = None
28.0724 	EXP 	slider_2: rating = None
28.0724 	EXP 	image_2: autoDraw = True
28.0724 	EXP 	slider_2: autoDraw = True
28.1236 	DATA 	Mouse: Left button down, pos=(835,163)
28.1382 	EXP 	slider_2: markerPos = 4.489583333333333
28.1547 	EXP 	slider_2: markerPos = 4.489583333333333
28.1714 	EXP 	slider_2: markerPos = 4.489583333333333
28.1884 	EXP 	slider_2: markerPos = 4.489583333333333
28.2052 	EXP 	slider_2: markerPos = 4.489583333333333
28.2075 	DATA 	Mouse:  Left button up, pos=(835,163)
28.2215 	EXP 	slider_2: markerPos = 4.489583333333333
28.2215 	EXP 	slider_2: rating = 4.489583333333333
28.2242 	EXP 	New trial (rep=0, index=5): OrderedDict([('Imagenes', 'imagenes\\Banano.jpeg'), ('Random', 0.651633055306917), ('Correcto', None)])
28.2388 	EXP 	image_2: autoDraw = False
28.2388 	EXP 	slider_2: autoDraw = False
28.2388 	EXP 	image_2: image = 'imagenes\\Banano.jpeg'
28.2388 	EXP 	slider_2: markerPos = None
28.2388 	EXP 	slider_2: markerPos = None
28.2388 	EXP 	slider_2: rating = None
28.2388 	EXP 	image_2: autoDraw = True
28.2388 	EXP 	slider_2: autoDraw = True
28.3239 	DATA 	Mouse: Left button down, pos=(673,151)
28.3381 	EXP 	slider_2: markerPos = 3.4348958333333335
28.3549 	EXP 	slider_2: markerPos = 3.2526041666666665
28.3713 	EXP 	slider_2: markerPos = 3.1809895833333335
28.3880 	EXP 	slider_2: markerPos = 3.1614583333333335
28.4053 	EXP 	slider_2: markerPos = 3.1614583333333335
28.4075 	DATA 	Mouse:  Left button up, pos=(630,150)
28.4212 	EXP 	slider_2: markerPos = 3.1614583333333335
28.4212 	EXP 	slider_2: rating = 3.1614583333333335
28.4241 	EXP 	New trial (rep=0, index=6): OrderedDict([('Imagenes', 'imagenes\\Galletas-festival.jpg'), ('Random', 0.36121121246191135), ('Correcto', None)])
28.4443 	EXP 	image_2: autoDraw = False
28.4443 	EXP 	slider_2: autoDraw = False
28.4443 	EXP 	image_2: image = 'imagenes\\Galletas-festival.jpg'
28.4443 	EXP 	slider_2: markerPos = None
28.4443 	EXP 	slider_2: markerPos = None
28.4443 	EXP 	slider_2: rating = None
28.4443 	EXP 	image_2: autoDraw = True
28.4443 	EXP 	slider_2: autoDraw = True
28.5076 	DATA 	Mouse: Left button down, pos=(601,157)
28.5206 	EXP 	slider_2: markerPos = 2.9466145833333335
28.5380 	EXP 	slider_2: markerPos = 2.93359375
28.5548 	EXP 	slider_2: markerPos = 2.8815104166666665
28.5714 	EXP 	slider_2: markerPos = 2.85546875
28.5739 	DATA 	Mouse:  Left button up, pos=(582,157)
28.5883 	EXP 	slider_2: markerPos = 2.85546875
28.5883 	EXP 	slider_2: rating = 2.85546875
28.5909 	EXP 	New trial (rep=0, index=7): OrderedDict([('Imagenes', 'imagenes\\Papas-naturales.jpg'), ('Random', 0.15856838916280946), ('Correcto', None)])
28.6048 	EXP 	image_2: autoDraw = False
28.6048 	EXP 	slider_2: autoDraw = False
28.6048 	EXP 	image_2: image = 'imagenes\\Papas-naturales.jpg'
28.6048 	EXP 	slider_2: markerPos = None
28.6048 	EXP 	slider_2: markerPos = None
28.6048 	EXP 	slider_2: rating = None
28.6048 	EXP 	image_2: autoDraw = True
28.6048 	EXP 	slider_2: autoDraw = True
28.6600 	DATA 	Mouse: Left button down, pos=(587,157)
28.6713 	EXP 	slider_2: markerPos = 2.875
28.6881 	EXP 	slider_2: markerPos = 2.8880208333333335
28.7051 	EXP 	slider_2: markerPos = 2.9205729166666665
28.7217 	EXP 	slider_2: markerPos = 2.9921875
28.7381 	EXP 	slider_2: markerPos = 3.1614583333333335
28.7404 	DATA 	Mouse:  Left button up, pos=(658,156)
28.7550 	EXP 	slider_2: markerPos = 3.1614583333333335
28.7550 	EXP 	slider_2: rating = 3.1614583333333335
28.7581 	EXP 	New trial (rep=0, index=8): OrderedDict([('Imagenes', 'imagenes\\bon-bon-bun.jpg'), ('Random', 0.7387922093313524), ('Correcto', None)])
28.7802 	EXP 	image_2: autoDraw = False
28.7802 	EXP 	slider_2: autoDraw = False
28.7802 	EXP 	image_2: image = 'imagenes\\bon-bon-bun.jpg'
28.7802 	EXP 	slider_2: markerPos = None
28.7802 	EXP 	slider_2: markerPos = None
28.7802 	EXP 	slider_2: rating = None
28.7802 	EXP 	image_2: autoDraw = True
28.7802 	EXP 	slider_2: autoDraw = True
28.8091 	DATA 	Mouse: Left button down, pos=(784,155)
28.8381 	EXP 	slider_2: markerPos = 4.157552083333333
28.8549 	EXP 	slider_2: markerPos = 4.157552083333333
28.8715 	EXP 	slider_2: markerPos = 4.157552083333333
28.8887 	EXP 	slider_2: markerPos = 4.157552083333333
28.9047 	EXP 	slider_2: markerPos = 4.157552083333333
28.9068 	DATA 	Mouse:  Left button up, pos=(784,155)
28.9213 	EXP 	slider_2: markerPos = 4.157552083333333
28.9213 	EXP 	slider_2: rating = 4.157552083333333
28.9238 	EXP 	New trial (rep=0, index=9): OrderedDict([('Imagenes', 'imagenes\\Uvas.jpg'), ('Random', 0.7734382152670648), ('Correcto', None)])
28.9386 	EXP 	image_2: autoDraw = False
28.9386 	EXP 	slider_2: autoDraw = False
28.9386 	EXP 	image_2: image = 'imagenes\\Uvas.jpg'
28.9386 	EXP 	slider_2: markerPos = None
28.9386 	EXP 	slider_2: markerPos = None
28.9386 	EXP 	slider_2: rating = None
28.9386 	EXP 	image_2: autoDraw = True
28.9386 	EXP 	slider_2: autoDraw = True
28.9913 	DATA 	Mouse: Left button down, pos=(697,160)
29.0047 	EXP 	slider_2: markerPos = 3.591145833333333
29.0214 	EXP 	slider_2: markerPos = 3.34375
29.0382 	EXP 	slider_2: markerPos = 3.20703125
29.0550 	EXP 	slider_2: markerPos = 3.1484375
29.0708 	EXP 	slider_2: markerPos = 3.1484375
29.0729 	DATA 	Mouse:  Left button up, pos=(629,160)
29.0885 	EXP 	slider_2: markerPos = 3.1484375
29.0885 	EXP 	slider_2: rating = 3.1484375
29.0912 	EXP 	New trial (rep=0, index=10): OrderedDict([('Imagenes', 'imagenes\\Popetas.jpg'), ('Random', 0.07650200324054446), ('Correcto', None)])
29.1302 	EXP 	image_2: autoDraw = False
29.1302 	EXP 	slider_2: autoDraw = False
29.1302 	EXP 	image_2: image = 'imagenes\\Popetas.jpg'
29.1302 	EXP 	slider_2: markerPos = None
29.1302 	EXP 	slider_2: markerPos = None
29.1302 	EXP 	slider_2: rating = None
29.1302 	EXP 	image_2: autoDraw = True
29.1302 	EXP 	slider_2: autoDraw = True
29.1400 	DATA 	Mouse: Left button down, pos=(624,160)
29.1546 	EXP 	slider_2: markerPos = 3.1158854166666665
29.1714 	EXP 	slider_2: markerPos = 3.08984375
29.1881 	EXP 	slider_2: markerPos = 3.0703125
29.2055 	EXP 	slider_2: markerPos = 3.0638020833333335
29.2218 	EXP 	slider_2: markerPos = 3.0442708333333335
29.2235 	DATA 	Mouse:  Left button up, pos=(611,160)
29.2383 	EXP 	slider_2: markerPos = 3.0442708333333335
29.2383 	EXP 	slider_2: rating = 3.0442708333333335
29.2408 	EXP 	New trial (rep=0, index=11): OrderedDict([('Imagenes', 'imagenes\\Papas-pollo.jpg'), ('Random', 0.6683114062971784), ('Correcto', None)])
29.2552 	EXP 	image_2: autoDraw = False
29.2552 	EXP 	slider_2: autoDraw = False
29.2552 	EXP 	image_2: image = 'imagenes\\Papas-pollo.jpg'
29.2552 	EXP 	slider_2: markerPos = None
29.2552 	EXP 	slider_2: markerPos = None
29.2552 	EXP 	slider_2: rating = None
29.2552 	EXP 	image_2: autoDraw = True
29.2552 	EXP 	slider_2: autoDraw = True
29.3076 	DATA 	Mouse: Left button down, pos=(576,164)
29.3215 	EXP 	slider_2: markerPos = 2.796875
29.3385 	EXP 	slider_2: markerPos = 2.783854166666667
29.3554 	EXP 	slider_2: markerPos = 2.77734375
29.3714 	EXP 	slider_2: markerPos = 2.77734375
29.3755 	DATA 	Mouse:  Left button up, pos=(571,164)
29.3886 	EXP 	slider_2: markerPos = 2.770833333333333
29.4050 	EXP 	slider_2: markerPos = 2.770833333333333
29.4050 	EXP 	slider_2: rating = 2.770833333333333
29.4079 	EXP 	New trial (rep=0, index=12): OrderedDict([('Imagenes', 'imagenes\\Manzana.jpg'), ('Random', 0.5168162194437935), ('Correcto', None)])
29.4297 	EXP 	image_2: autoDraw = False
29.4297 	EXP 	slider_2: autoDraw = False
29.4297 	EXP 	image_2: image = 'imagenes\\Manzana.jpg'
29.4297 	EXP 	slider_2: markerPos = None
29.4297 	EXP 	slider_2: markerPos = None
29.4297 	EXP 	slider_2: rating = None
29.4297 	EXP 	image_2: autoDraw = True
29.4297 	EXP 	slider_2: autoDraw = True
29.4728 	DATA 	Mouse: Left button down, pos=(589,168)
29.4882 	EXP 	slider_2: markerPos = 2.89453125
29.5049 	EXP 	slider_2: markerPos = 2.89453125
29.5220 	EXP 	slider_2: markerPos = 2.9010416666666665
29.5373 	EXP 	slider_2: markerPos = 2.9661458333333335
29.5397 	DATA 	Mouse:  Left button up, pos=(651,168)
29.5550 	EXP 	slider_2: markerPos = 2.9661458333333335
29.5550 	EXP 	slider_2: rating = 2.9661458333333335
29.5585 	EXP 	New trial (rep=0, index=13): OrderedDict([('Imagenes', 'imagenes\\Brownie.jpg'), ('Random', 0.17000143351927688), ('Correcto', None)])
29.5932 	EXP 	image_2: autoDraw = False
29.5932 	EXP 	slider_2: autoDraw = False
29.5932 	EXP 	image_2: image = 'imagenes\\Brownie.jpg'
29.5932 	EXP 	slider_2: markerPos = None
29.5932 	EXP 	slider_2: markerPos = None
29.5932 	EXP 	slider_2: rating = None
29.5932 	EXP 	image_2: autoDraw = True
29.5932 	EXP 	slider_2: autoDraw = True
29.6228 	DATA 	Mouse: Left button down, pos=(809,169)
29.6382 	EXP 	slider_2: markerPos = 4.3203125
29.6552 	EXP 	slider_2: markerPos = 4.3203125
29.6713 	EXP 	slider_2: markerPos = 4.3203125
29.6883 	EXP 	slider_2: markerPos = 4.3203125
29.7052 	EXP 	slider_2: markerPos = 4.3203125
29.7219 	EXP 	slider_2: markerPos = 4.3203125
29.7235 	DATA 	Mouse:  Left button up, pos=(809,169)
29.7382 	EXP 	slider_2: markerPos = 4.3203125
29.7382 	EXP 	slider_2: rating = 4.3203125
29.7413 	EXP 	New trial (rep=0, index=14): OrderedDict([('Imagenes', 'imagenes\\Nutella (1).jpg'), ('Random', 0.5277483225747329), ('Correcto', None)])
29.7561 	EXP 	image_2: autoDraw = False
29.7561 	EXP 	slider_2: autoDraw = False
29.7561 	EXP 	image_2: image = 'imagenes\\Nutella (1).jpg'
29.7561 	EXP 	slider_2: markerPos = None
29.7561 	EXP 	slider_2: markerPos = None
29.7561 	EXP 	slider_2: rating = None
29.7561 	EXP 	image_2: autoDraw = True
29.7561 	EXP 	slider_2: autoDraw = True
29.8067 	DATA 	Mouse: Left button down, pos=(809,169)
29.8213 	EXP 	slider_2: markerPos = 4.3203125
29.8382 	EXP 	slider_2: markerPos = 4.313802083333333
29.8550 	EXP 	slider_2: markerPos = 4.248697916666667
29.8717 	EXP 	slider_2: markerPos = 4.170572916666667
29.8733 	DATA 	Mouse:  Left button up, pos=(772,158)
29.8882 	EXP 	slider_2: markerPos = 4.170572916666667
29.8882 	EXP 	slider_2: rating = 4.170572916666667
29.8910 	EXP 	New trial (rep=0, index=15): OrderedDict([('Imagenes', 'imagenes\\Papas-limon.jpg'), ('Random', 0.020692288100133793), ('Correcto', None)])
29.9052 	EXP 	image_2: autoDraw = False
29.9052 	EXP 	slider_2: autoDraw = False
29.9052 	EXP 	image_2: image = 'imagenes\\Papas-limon.jpg'
29.9052 	EXP 	slider_2: markerPos = None
29.9052 	EXP 	slider_2: markerPos = None
29.9052 	EXP 	slider_2: rating = None
29.9052 	EXP 	image_2: autoDraw = True
29.9052 	EXP 	slider_2: autoDraw = True
29.9729 	DATA 	Mouse: Left button down, pos=(695,155)
29.9885 	EXP 	slider_2: markerPos = 3.578125
30.0041 	EXP 	slider_2: markerPos = 3.578125
30.0214 	EXP 	slider_2: markerPos = 3.578125
30.0379 	EXP 	slider_2: markerPos = 3.578125
30.0547 	EXP 	slider_2: markerPos = 3.578125
30.0571 	DATA 	Mouse:  Left button up, pos=(695,155)
30.0714 	EXP 	slider_2: markerPos = 3.578125
30.0714 	EXP 	slider_2: rating = 3.578125
30.0745 	EXP 	New trial (rep=0, index=16): OrderedDict([('Imagenes', 'imagenes\\Galletas Tosh.jpg'), ('Random', 0.478088790487872), ('Correcto', None)])
30.1123 	EXP 	image_2: autoDraw = False
30.1123 	EXP 	slider_2: autoDraw = False
30.1123 	EXP 	image_2: image = 'imagenes\\Galletas Tosh.jpg'
30.1123 	EXP 	slider_2: markerPos = None
30.1123 	EXP 	slider_2: markerPos = None
30.1123 	EXP 	slider_2: rating = None
30.1123 	EXP 	image_2: autoDraw = True
30.1123 	EXP 	slider_2: autoDraw = True
30.1406 	DATA 	Mouse: Left button down, pos=(694,155)
30.1552 	EXP 	slider_2: markerPos = 3.565104166666667
30.1711 	EXP 	slider_2: markerPos = 3.55859375
30.1883 	EXP 	slider_2: markerPos = 3.552083333333333
30.2052 	EXP 	slider_2: markerPos = 3.552083333333333
30.2213 	EXP 	slider_2: markerPos = 3.552083333333333
30.2228 	DATA 	Mouse:  Left button up, pos=(691,155)
30.2382 	EXP 	slider_2: markerPos = 3.552083333333333
30.2382 	EXP 	slider_2: rating = 3.552083333333333
30.2409 	EXP 	New trial (rep=0, index=17): OrderedDict([('Imagenes', 'imagenes\\Croissant.jpg'), ('Random', 0.6152458173421255), ('Correcto', None)])
30.2638 	EXP 	image_2: autoDraw = False
30.2638 	EXP 	slider_2: autoDraw = False
30.2638 	EXP 	image_2: image = 'imagenes\\Croissant.jpg'
30.2638 	EXP 	slider_2: markerPos = None
30.2638 	EXP 	slider_2: markerPos = None
30.2638 	EXP 	slider_2: rating = None
30.2638 	EXP 	image_2: autoDraw = True
30.2638 	EXP 	slider_2: autoDraw = True
30.3089 	DATA 	Mouse: Left button down, pos=(704,153)
30.3215 	EXP 	slider_2: markerPos = 3.63671875
30.3382 	EXP 	slider_2: markerPos = 3.643229166666667
30.3549 	EXP 	slider_2: markerPos = 3.643229166666667
30.3714 	EXP 	slider_2: markerPos = 3.65625
30.3882 	EXP 	slider_2: markerPos = 3.662760416666667
30.3901 	DATA 	Mouse:  Left button up, pos=(710,149)
30.4049 	EXP 	slider_2: markerPos = 3.662760416666667
30.4049 	EXP 	slider_2: rating = 3.662760416666667
30.4076 	EXP 	New trial (rep=0, index=18): OrderedDict([('Imagenes', 'imagenes\\Alpinito.jpg'), ('Random', 0.4515332417045813), ('Correcto', None)])
30.4349 	EXP 	image_2: autoDraw = False
30.4349 	EXP 	slider_2: autoDraw = False
30.4349 	EXP 	image_2: image = 'imagenes\\Alpinito.jpg'
30.4349 	EXP 	slider_2: markerPos = None
30.4349 	EXP 	slider_2: markerPos = None
30.4349 	EXP 	slider_2: rating = None
30.4349 	EXP 	image_2: autoDraw = True
30.4349 	EXP 	slider_2: autoDraw = True
30.4730 	DATA 	Mouse: Left button down, pos=(704,149)
30.4880 	EXP 	slider_2: markerPos = 3.591145833333333
30.5050 	EXP 	slider_2: markerPos = 3.4479166666666665
30.5213 	EXP 	slider_2: markerPos = 3.28515625
30.5382 	EXP 	slider_2: markerPos = 3.1614583333333335
30.5426 	DATA 	Mouse:  Left button up, pos=(619,168)
30.5546 	EXP 	slider_2: markerPos = 3.08984375
30.5713 	EXP 	slider_2: markerPos = 3.08984375
30.5713 	EXP 	slider_2: rating = 3.08984375
30.5741 	EXP 	New trial (rep=0, index=19): OrderedDict([('Imagenes', 'imagenes\\Chocoramo.jfif.jpg'), ('Random', 0.7789437122019539), ('Correcto', None)])
30.5958 	EXP 	image_2: autoDraw = False
30.5958 	EXP 	slider_2: autoDraw = False
30.5958 	EXP 	image_2: image = 'imagenes\\Chocoramo.jfif.jpg'
30.5958 	EXP 	slider_2: markerPos = None
30.5958 	EXP 	slider_2: markerPos = None
30.5958 	EXP 	slider_2: rating = None
30.5958 	EXP 	image_2: autoDraw = True
30.5958 	EXP 	slider_2: autoDraw = True
30.6399 	DATA 	Mouse: Left button down, pos=(619,168)
30.6550 	EXP 	slider_2: markerPos = 3.0833333333333335
30.6714 	EXP 	slider_2: markerPos = 3.08984375
30.6880 	EXP 	slider_2: markerPos = 3.08984375
30.7049 	EXP 	slider_2: markerPos = 3.1223958333333335
30.7065 	DATA 	Mouse:  Left button up, pos=(641,160)
30.7212 	EXP 	slider_2: markerPos = 3.1223958333333335
30.7212 	EXP 	slider_2: rating = 3.1223958333333335
30.7237 	EXP 	New trial (rep=0, index=2): OrderedDict([('Hertz', 400), ('volumen', 0.02)])
30.7291 	EXP 	Imported imagenes.xlsx as conditions, 20 conditions, 3 params
30.7293 	EXP 	Created sequence: random, trialTypes=20, nReps=1, seed=None
30.7296 	EXP 	New trial (rep=0, index=0): OrderedDict([('Imagenes', 'imagenes\\Papas-pollo.jpg'), ('Random', 0.6683114062971784), ('Correcto', None)])
30.7425 	EXP 	image_2: autoDraw = False
30.7425 	EXP 	slider_2: autoDraw = False
30.7425 	EXP 	image_2: image = 'imagenes\\Papas-pollo.jpg'
30.7425 	EXP 	slider_2: markerPos = None
30.7425 	EXP 	slider_2: markerPos = None
30.7425 	EXP 	slider_2: rating = None
30.7425 	EXP 	image_2: autoDraw = True
30.7425 	EXP 	slider_2: autoDraw = True
30.7892 	DATA 	Mouse: Left button down, pos=(838,147)
30.8050 	EXP 	slider_2: markerPos = 4.509114583333333
30.8216 	EXP 	slider_2: markerPos = 4.509114583333333
30.8382 	EXP 	slider_2: markerPos = 4.509114583333333
30.8547 	EXP 	slider_2: markerPos = 4.509114583333333
30.8714 	EXP 	slider_2: markerPos = 4.509114583333333
30.8881 	EXP 	slider_2: markerPos = 4.509114583333333
30.8909 	DATA 	Mouse:  Left button up, pos=(839,147)
30.9047 	EXP 	slider_2: markerPos = 4.509114583333333
30.9047 	EXP 	slider_2: rating = 4.509114583333333
30.9084 	EXP 	New trial (rep=0, index=1): OrderedDict([('Imagenes', 'imagenes\\Chocoramo.jfif.jpg'), ('Random', 0.7789437122019539), ('Correcto', None)])
30.9315 	EXP 	image_2: autoDraw = False
30.9315 	EXP 	slider_2: autoDraw = False
30.9315 	EXP 	image_2: image = 'imagenes\\Chocoramo.jfif.jpg'
30.9315 	EXP 	slider_2: markerPos = None
30.9315 	EXP 	slider_2: markerPos = None
30.9315 	EXP 	slider_2: rating = None
30.9315 	EXP 	image_2: autoDraw = True
30.9315 	EXP 	slider_2: autoDraw = True
30.9739 	DATA 	Mouse: Left button down, pos=(851,155)
30.9879 	EXP 	slider_2: markerPos = 4.59375
31.0050 	EXP 	slider_2: markerPos = 4.515625
31.0213 	EXP 	slider_2: markerPos = 4.294270833333333
31.0383 	EXP 	slider_2: markerPos = 4.229166666666667
31.0550 	EXP 	slider_2: markerPos = 4.02734375
31.0569 	DATA 	Mouse:  Left button up, pos=(740,152)
31.0713 	EXP 	slider_2: markerPos = 4.02734375
31.0713 	EXP 	slider_2: rating = 4.02734375
31.0749 	EXP 	New trial (rep=0, index=2): OrderedDict([('Imagenes', 'imagenes\\bon-bon-bun.jpg'), ('Random', 0.7387922093313524), ('Correcto', None)])
31.1001 	EXP 	image_2: autoDraw = False
31.1001 	EXP 	slider_2: autoDraw = False
31.1001 	EXP 	image_2: image = 'imagenes\\bon-bon-bun.jpg'
31.1001 	EXP 	slider_2: markerPos = None
31.1001 	EXP 	slider_2: markerPos = None
31.1001 	EXP 	slider_2: rating = None
31.1001 	EXP 	image_2: autoDraw = True
31.1001 	EXP 	slider_2: autoDraw = True
31.1438 	DATA 	Mouse: Left button down, pos=(634,127)
31.2229 	DATA 	Mouse:  Left button up, pos=(625,120)
31.3070 	DATA 	Mouse: Left button down, pos=(610,136)
31.3213 	EXP 	slider_2: markerPos = 3.0247395833333335
31.3380 	EXP 	slider_2: markerPos = 2.9791666666666665
31.3550 	EXP 	slider_2: markerPos = 2.9661458333333335
31.3713 	EXP 	slider_2: markerPos = 2.953125
31.3881 	EXP 	slider_2: markerPos = 2.9466145833333335
31.3906 	DATA 	Mouse:  Left button up, pos=(597,138)
31.4045 	EXP 	slider_2: markerPos = 2.9466145833333335
31.4045 	EXP 	slider_2: rating = 2.9466145833333335
31.4076 	EXP 	New trial (rep=0, index=3): OrderedDict([('Imagenes', 'imagenes\\Brownie.jpg'), ('Random', 0.17000143351927688), ('Correcto', None)])
31.4377 	EXP 	image_2: autoDraw = False
31.4377 	EXP 	slider_2: autoDraw = False
31.4377 	EXP 	image_2: image = 'imagenes\\Brownie.jpg'
31.4377 	EXP 	slider_2: markerPos = None
31.4377 	EXP 	slider_2: markerPos = None
31.4377 	EXP 	slider_2: rating = None
31.4377 	EXP 	image_2: autoDraw = True
31.4377 	EXP 	slider_2: autoDraw = True
31.4895 	DATA 	Mouse: Left button down, pos=(600,151)
31.5049 	EXP 	slider_2: markerPos = 2.9596354166666665
31.5212 	EXP 	slider_2: markerPos = 2.9596354166666665
31.5380 	EXP 	slider_2: markerPos = 2.9596354166666665
31.5547 	EXP 	slider_2: markerPos = 3.03125
31.5564 	DATA 	Mouse:  Left button up, pos=(635,159)
31.5713 	EXP 	slider_2: markerPos = 3.03125
31.5713 	EXP 	slider_2: rating = 3.03125
31.5735 	EXP 	New trial (rep=0, index=4): OrderedDict([('Imagenes', 'imagenes\\Papas-naturales.jpg'), ('Random', 0.15856838916280946), ('Correcto', None)])
31.5882 	EXP 	image_2: autoDraw = False
31.5882 	EXP 	slider_2: autoDraw = False
31.5882 	EXP 	image_2: image = 'imagenes\\Papas-naturales.jpg'
31.5882 	EXP 	slider_2: markerPos = None
31.5882 	EXP 	slider_2: markerPos = None
31.5882 	EXP 	slider_2: rating = None
31.5882 	EXP 	image_2: autoDraw = True
31.5882 	EXP 	slider_2: autoDraw = True
31.6400 	DATA 	Mouse: Left button down, pos=(720,174)
31.6546 	EXP 	slider_2: markerPos = 3.740885416666667
31.6714 	EXP 	slider_2: markerPos = 3.740885416666667
31.6882 	EXP 	slider_2: markerPos = 3.740885416666667
31.7046 	EXP 	slider_2: markerPos = 3.740885416666667
31.7211 	EXP 	slider_2: markerPos = 3.7734375
31.7231 	DATA 	Mouse:  Left button up, pos=(743,167)
31.7381 	EXP 	slider_2: markerPos = 3.7734375
31.7381 	EXP 	slider_2: rating = 3.7734375
31.7418 	EXP 	New trial (rep=0, index=5): OrderedDict([('Imagenes', 'imagenes\\Banano.jpeg'), ('Random', 0.651633055306917), ('Correcto', None)])
31.7585 	EXP 	image_2: autoDraw = False
31.7585 	EXP 	slider_2: autoDraw = False
31.7585 	EXP 	image_2: image = 'imagenes\\Banano.jpeg'
31.7585 	EXP 	slider_2: markerPos = None
31.7585 	EXP 	slider_2: markerPos = None
31.7585 	EXP 	slider_2: rating = None
31.7585 	EXP 	image_2: autoDraw = True
31.7585 	EXP 	slider_2: autoDraw = True
31.8064 	DATA 	Mouse: Left button down, pos=(804,162)
31.8214 	EXP 	slider_2: markerPos = 4.287760416666667
31.8379 	EXP 	slider_2: markerPos = 4.28125
31.8550 	EXP 	slider_2: markerPos = 4.248697916666667
31.8712 	EXP 	slider_2: markerPos = 4.170572916666667
31.8882 	EXP 	slider_2: markerPos = 4.020833333333333
31.9048 	EXP 	slider_2: markerPos = 3.825520833333333
31.9070 	DATA 	Mouse:  Left button up, pos=(705,173)
31.9213 	EXP 	slider_2: markerPos = 3.825520833333333
31.9213 	EXP 	slider_2: rating = 3.825520833333333
31.9243 	EXP 	New trial (rep=0, index=6): OrderedDict([('Imagenes', 'imagenes\\Croissant.jpg'), ('Random', 0.6152458173421255), ('Correcto', None)])
31.9561 	EXP 	image_2: autoDraw = False
31.9561 	EXP 	slider_2: autoDraw = False
31.9561 	EXP 	image_2: image = 'imagenes\\Croissant.jpg'
31.9561 	EXP 	slider_2: markerPos = None
31.9561 	EXP 	slider_2: markerPos = None
31.9561 	EXP 	slider_2: rating = None
31.9561 	EXP 	image_2: autoDraw = True
31.9561 	EXP 	slider_2: autoDraw = True
31.9911 	DATA 	Mouse: Left button down, pos=(669,172)
32.0046 	EXP 	slider_2: markerPos = 3.3958333333333335
32.0214 	EXP 	slider_2: markerPos = 3.3958333333333335
32.0381 	EXP 	slider_2: markerPos = 3.3893229166666665
32.0550 	EXP 	slider_2: markerPos = 3.3893229166666665
32.0716 	EXP 	slider_2: markerPos = 3.421875
32.0732 	DATA 	Mouse:  Left button up, pos=(677,164)
32.0881 	EXP 	slider_2: markerPos = 3.421875
32.0881 	EXP 	slider_2: rating = 3.421875
32.0908 	EXP 	New trial (rep=0, index=7): OrderedDict([('Imagenes', 'imagenes\\Leche-de-almendras.jpg'), ('Random', 0.36073876480313727), ('Correcto', None)])
32.1349 	EXP 	image_2: autoDraw = False
32.1349 	EXP 	slider_2: autoDraw = False
32.1349 	EXP 	image_2: image = 'imagenes\\Leche-de-almendras.jpg'
32.1349 	EXP 	slider_2: markerPos = None
32.1349 	EXP 	slider_2: markerPos = None
32.1349 	EXP 	slider_2: rating = None
32.1349 	EXP 	image_2: autoDraw = True
32.1349 	EXP 	slider_2: autoDraw = True
32.1459 	DATA 	Mouse: Left button down, pos=(715,164)
32.1557 	EXP 	slider_2: markerPos = 3.708333333333333
32.1708 	EXP 	slider_2: markerPos = 3.630208333333333
32.1883 	EXP 	slider_2: markerPos = 3.32421875
32.2052 	EXP 	slider_2: markerPos = 2.9791666666666665
32.2222 	EXP 	slider_2: markerPos = 2.627604166666667
32.2391 	EXP 	slider_2: markerPos = 2.555989583333333
32.2553 	EXP 	slider_2: markerPos = 2.549479166666667
32.2574 	DATA 	Mouse:  Left button up, pos=(537,169)
32.2717 	EXP 	slider_2: markerPos = 2.549479166666667
32.2717 	EXP 	slider_2: rating = 2.549479166666667
32.2738 	EXP 	New trial (rep=0, index=8): OrderedDict([('Imagenes', 'imagenes\\Manzana.jpg'), ('Random', 0.5168162194437935), ('Correcto', None)])
32.2953 	EXP 	image_2: autoDraw = False
32.2953 	EXP 	slider_2: autoDraw = False
32.2953 	EXP 	image_2: image = 'imagenes\\Manzana.jpg'
32.2953 	EXP 	slider_2: markerPos = None
32.2953 	EXP 	slider_2: markerPos = None
32.2953 	EXP 	slider_2: rating = None
32.2953 	EXP 	image_2: autoDraw = True
32.2953 	EXP 	slider_2: autoDraw = True
32.3274 	DATA 	Mouse: Left button down, pos=(537,169)
32.3546 	EXP 	slider_2: markerPos = 2.549479166666667
32.3713 	EXP 	slider_2: markerPos = 2.549479166666667
32.3884 	EXP 	slider_2: markerPos = 2.549479166666667
32.4047 	EXP 	slider_2: markerPos = 2.549479166666667
32.4071 	DATA 	Mouse:  Left button up, pos=(537,169)
32.4214 	EXP 	slider_2: markerPos = 2.549479166666667
32.4214 	EXP 	slider_2: rating = 2.549479166666667
32.4235 	EXP 	New trial (rep=0, index=9): OrderedDict([('Imagenes', 'imagenes\\Galletas Tosh.jpg'), ('Random', 0.478088790487872), ('Correcto', None)])
32.4461 	EXP 	image_2: autoDraw = False
32.4461 	EXP 	slider_2: autoDraw = False
32.4461 	EXP 	image_2: image = 'imagenes\\Galletas Tosh.jpg'
32.4461 	EXP 	slider_2: markerPos = None
32.4461 	EXP 	slider_2: markerPos = None
32.4461 	EXP 	slider_2: rating = None
32.4461 	EXP 	image_2: autoDraw = True
32.4461 	EXP 	slider_2: autoDraw = True
32.5068 	DATA 	Mouse: Left button down, pos=(708,160)
32.5214 	EXP 	slider_2: markerPos = 3.662760416666667
32.5384 	EXP 	slider_2: markerPos = 3.662760416666667
32.5549 	EXP 	slider_2: markerPos = 3.662760416666667
32.5715 	EXP 	slider_2: markerPos = 3.662760416666667
32.5729 	DATA 	Mouse:  Left button up, pos=(708,159)
32.5882 	EXP 	slider_2: markerPos = 3.662760416666667
32.5882 	EXP 	slider_2: rating = 3.662760416666667
32.5906 	EXP 	New trial (rep=0, index=10): OrderedDict([('Imagenes', 'imagenes\\Papas-limon.jpg'), ('Random', 0.020692288100133793), ('Correcto', None)])
32.6051 	EXP 	image_2: autoDraw = False
32.6051 	EXP 	slider_2: autoDraw = False
32.6051 	EXP 	image_2: image = 'imagenes\\Papas-limon.jpg'
32.6051 	EXP 	slider_2: markerPos = None
32.6051 	EXP 	slider_2: markerPos = None
32.6051 	EXP 	slider_2: rating = None
32.6051 	EXP 	image_2: autoDraw = True
32.6051 	EXP 	slider_2: autoDraw = True
32.6729 	DATA 	Mouse: Left button down, pos=(798,178)
32.7417 	DATA 	Mouse:  Left button up, pos=(798,178)
32.8568 	DATA 	Mouse: Left button down, pos=(851,178)
32.9249 	DATA 	Mouse:  Left button up, pos=(712,185)
33.0272 	DATA 	Mouse: Left button down, pos=(611,176)
33.0547 	EXP 	slider_2: markerPos = 2.9791666666666665
33.0711 	EXP 	slider_2: markerPos = 2.9140625
33.0881 	EXP 	slider_2: markerPos = 2.8880208333333335
33.1045 	EXP 	slider_2: markerPos = 2.8880208333333335
33.1069 	DATA 	Mouse:  Left button up, pos=(589,171)
33.1211 	EXP 	slider_2: markerPos = 2.8880208333333335
33.1211 	EXP 	slider_2: rating = 2.8880208333333335
33.1240 	EXP 	New trial (rep=0, index=11): OrderedDict([('Imagenes', 'imagenes\\Kiwi.jpg'), ('Random', 0.5893907384852061), ('Correcto', None)])
33.1381 	EXP 	image_2: autoDraw = False
33.1381 	EXP 	slider_2: autoDraw = False
33.1381 	EXP 	image_2: image = 'imagenes\\Kiwi.jpg'
33.1381 	EXP 	slider_2: markerPos = None
33.1381 	EXP 	slider_2: markerPos = None
33.1381 	EXP 	slider_2: rating = None
33.1381 	EXP 	image_2: autoDraw = True
33.1381 	EXP 	slider_2: autoDraw = True
33.2062 	DATA 	Mouse: Left button down, pos=(585,171)
33.2214 	EXP 	slider_2: markerPos = 2.861979166666667
33.2379 	EXP 	slider_2: markerPos = 2.85546875
33.2394 	DATA 	Mouse:  Left button up, pos=(584,171)
33.2552 	EXP 	slider_2: markerPos = 2.85546875
33.2552 	EXP 	slider_2: rating = 2.85546875
33.2586 	EXP 	New trial (rep=0, index=12): OrderedDict([('Imagenes', 'imagenes\\Popetas.jpg'), ('Random', 0.07650200324054446), ('Correcto', None)])
33.2896 	EXP 	image_2: autoDraw = False
33.2896 	EXP 	slider_2: autoDraw = False
33.2896 	EXP 	image_2: image = 'imagenes\\Popetas.jpg'
33.2896 	EXP 	slider_2: markerPos = None
33.2896 	EXP 	slider_2: markerPos = None
33.2896 	EXP 	slider_2: rating = None
33.2896 	EXP 	image_2: autoDraw = True
33.2896 	EXP 	slider_2: autoDraw = True
33.6235 	DATA 	Mouse: Left button down, pos=(729,164)
33.6378 	EXP 	slider_2: markerPos = 3.799479166666667
33.6547 	EXP 	slider_2: markerPos = 3.799479166666667
33.6712 	EXP 	slider_2: markerPos = 3.799479166666667
33.6880 	EXP 	slider_2: markerPos = 3.799479166666667
33.7048 	EXP 	slider_2: markerPos = 3.799479166666667
33.7065 	DATA 	Mouse:  Left button up, pos=(729,164)
33.7213 	EXP 	slider_2: markerPos = 3.799479166666667
33.7213 	EXP 	slider_2: rating = 3.799479166666667
33.7252 	EXP 	New trial (rep=0, index=13): OrderedDict([('Imagenes', 'imagenes\\Uvas.jpg'), ('Random', 0.7734382152670648), ('Correcto', None)])
33.7452 	EXP 	image_2: autoDraw = False
33.7452 	EXP 	slider_2: autoDraw = False
33.7452 	EXP 	image_2: image = 'imagenes\\Uvas.jpg'
33.7452 	EXP 	slider_2: markerPos = None
33.7452 	EXP 	slider_2: markerPos = None
33.7452 	EXP 	slider_2: rating = None
33.7452 	EXP 	image_2: autoDraw = True
33.7452 	EXP 	slider_2: autoDraw = True
33.8403 	DATA 	Mouse: Left button down, pos=(799,164)
33.8546 	EXP 	slider_2: markerPos = 4.255208333333333
33.8714 	EXP 	slider_2: markerPos = 4.255208333333333
33.8882 	EXP 	slider_2: markerPos = 4.255208333333333
33.9046 	EXP 	slider_2: markerPos = 4.26171875
33.9105 	DATA 	Mouse:  Left button up, pos=(801,164)
33.9214 	EXP 	slider_2: markerPos = 4.26171875
33.9378 	EXP 	slider_2: markerPos = 4.26171875
33.9378 	EXP 	slider_2: rating = 4.26171875
33.9413 	EXP 	New trial (rep=0, index=14): OrderedDict([('Imagenes', 'imagenes\\Mango.jpeg'), ('Random', 0.555669112372461), ('Correcto', None)])
33.9602 	EXP 	image_2: autoDraw = False
33.9602 	EXP 	slider_2: autoDraw = False
33.9602 	EXP 	image_2: image = 'imagenes\\Mango.jpeg'
33.9602 	EXP 	slider_2: markerPos = None
33.9602 	EXP 	slider_2: markerPos = None
33.9602 	EXP 	slider_2: rating = None
33.9602 	EXP 	image_2: autoDraw = True
33.9602 	EXP 	slider_2: autoDraw = True
34.0236 	DATA 	Mouse: Left button down, pos=(904,178)
34.1064 	DATA 	Mouse:  Left button up, pos=(902,176)
34.4937 	DATA 	Mouse: Left button down, pos=(598,147)
34.5212 	EXP 	slider_2: markerPos = 2.9270833333333335
34.5378 	EXP 	slider_2: markerPos = 2.9075520833333335
34.5547 	EXP 	slider_2: markerPos = 2.89453125
34.5712 	EXP 	slider_2: markerPos = 2.89453125
34.5879 	EXP 	slider_2: markerPos = 2.89453125
34.5896 	DATA 	Mouse:  Left button up, pos=(590,145)
34.6044 	EXP 	slider_2: markerPos = 2.89453125
34.6044 	EXP 	slider_2: rating = 2.89453125
34.6072 	EXP 	New trial (rep=0, index=15): OrderedDict([('Imagenes', 'imagenes\\Rosquitas (1).jpg'), ('Random', 0.3035383390851263), ('Correcto', None)])
34.6270 	EXP 	image_2: autoDraw = False
34.6270 	EXP 	slider_2: autoDraw = False
34.6270 	EXP 	image_2: image = 'imagenes\\Rosquitas (1).jpg'
34.6270 	EXP 	slider_2: markerPos = None
34.6270 	EXP 	slider_2: markerPos = None
34.6270 	EXP 	slider_2: rating = None
34.6270 	EXP 	image_2: autoDraw = True
34.6270 	EXP 	slider_2: autoDraw = True
34.9068 	DATA 	Mouse: Left button down, pos=(833,161)
34.9216 	EXP 	slider_2: markerPos = 4.4765625
34.9377 	EXP 	slider_2: markerPos = 4.4765625
34.9548 	EXP 	slider_2: markerPos = 4.4765625
34.9713 	EXP 	slider_2: markerPos = 4.4765625
34.9748 	DATA 	Mouse:  Left button up, pos=(833,161)
34.9879 	EXP 	slider_2: markerPos = 4.4765625
35.0047 	EXP 	slider_2: markerPos = 4.4765625
35.0047 	EXP 	slider_2: rating = 4.4765625
35.0076 	EXP 	New trial (rep=0, index=16): OrderedDict([('Imagenes', 'imagenes\\Nutella (1).jpg'), ('Random', 0.5277483225747329), ('Correcto', None)])
35.0215 	EXP 	image_2: autoDraw = False
35.0215 	EXP 	slider_2: autoDraw = False
35.0215 	EXP 	image_2: image = 'imagenes\\Nutella (1).jpg'
35.0215 	EXP 	slider_2: markerPos = None
35.0215 	EXP 	slider_2: markerPos = None
35.0215 	EXP 	slider_2: rating = None
35.0215 	EXP 	image_2: autoDraw = True
35.0215 	EXP 	slider_2: autoDraw = True
35.0902 	DATA 	Mouse: Left button down, pos=(849,161)
35.1050 	EXP 	slider_2: markerPos = 4.580729166666667
35.1213 	EXP 	slider_2: markerPos = 4.424479166666667
35.1383 	EXP 	slider_2: markerPos = 4.352864583333333
35.1546 	EXP 	slider_2: markerPos = 4.131510416666667
35.1715 	EXP 	slider_2: markerPos = 3.955729166666667
35.1736 	DATA 	Mouse:  Left button up, pos=(735,161)
35.1879 	EXP 	slider_2: markerPos = 3.955729166666667
35.1879 	EXP 	slider_2: rating = 3.955729166666667
35.1907 	EXP 	New trial (rep=0, index=17): OrderedDict([('Imagenes', 'imagenes\\Yogurt-alpina.jpg'), ('Random', 0.21540995091807813), ('Correcto', None)])
35.2046 	EXP 	image_2: autoDraw = False
35.2046 	EXP 	slider_2: autoDraw = False
35.2046 	EXP 	image_2: image = 'imagenes\\Yogurt-alpina.jpg'
35.2046 	EXP 	slider_2: markerPos = None
35.2046 	EXP 	slider_2: markerPos = None
35.2046 	EXP 	slider_2: rating = None
35.2046 	EXP 	image_2: autoDraw = True
35.2046 	EXP 	slider_2: autoDraw = True
35.2568 	DATA 	Mouse: Left button down, pos=(661,152)
35.2711 	EXP 	slider_2: markerPos = 3.3567708333333335
35.2882 	EXP 	slider_2: markerPos = 3.3046875
35.3038 	EXP 	slider_2: markerPos = 3.2721354166666665
35.3217 	EXP 	slider_2: markerPos = 3.2591145833333335
35.3236 	DATA 	Mouse:  Left button up, pos=(646,148)
35.3379 	EXP 	slider_2: markerPos = 3.2591145833333335
35.3379 	EXP 	slider_2: rating = 3.2591145833333335
35.3404 	EXP 	New trial (rep=0, index=18): OrderedDict([('Imagenes', 'imagenes\\Alpinito.jpg'), ('Random', 0.4515332417045813), ('Correcto', None)])
35.3687 	EXP 	image_2: autoDraw = False
35.3687 	EXP 	slider_2: autoDraw = False
35.3687 	EXP 	image_2: image = 'imagenes\\Alpinito.jpg'
35.3687 	EXP 	slider_2: markerPos = None
35.3687 	EXP 	slider_2: markerPos = None
35.3687 	EXP 	slider_2: rating = None
35.3687 	EXP 	image_2: autoDraw = True
35.3687 	EXP 	slider_2: autoDraw = True
35.4230 	DATA 	Mouse: Left button down, pos=(627,152)
35.4380 	EXP 	slider_2: markerPos = 3.1354166666666665
35.4546 	EXP 	slider_2: markerPos = 3.0182291666666665
35.4712 	EXP 	slider_2: markerPos = 2.97265625
35.4883 	EXP 	slider_2: markerPos = 2.9466145833333335
35.5045 	EXP 	slider_2: markerPos = 2.9270833333333335
35.5063 	DATA 	Mouse:  Left button up, pos=(595,146)
35.5214 	EXP 	slider_2: markerPos = 2.9270833333333335
35.5214 	EXP 	slider_2: rating = 2.9270833333333335
35.5236 	EXP 	New trial (rep=0, index=19): OrderedDict([('Imagenes', 'imagenes\\Galletas-festival.jpg'), ('Random', 0.36121121246191135), ('Correcto', None)])
35.5420 	EXP 	image_2: autoDraw = False
35.5420 	EXP 	slider_2: autoDraw = False
35.5420 	EXP 	image_2: image = 'imagenes\\Galletas-festival.jpg'
35.5420 	EXP 	slider_2: markerPos = None
35.5420 	EXP 	slider_2: markerPos = None
35.5420 	EXP 	slider_2: rating = None
35.5420 	EXP 	image_2: autoDraw = True
35.5420 	EXP 	slider_2: autoDraw = True
35.5906 	DATA 	Mouse: Left button down, pos=(578,147)
35.6044 	EXP 	slider_2: markerPos = 2.803385416666667
35.6209 	EXP 	slider_2: markerPos = 2.803385416666667
35.6379 	EXP 	slider_2: markerPos = 2.803385416666667
35.6545 	EXP 	slider_2: markerPos = 2.803385416666667
35.6712 	EXP 	slider_2: markerPos = 2.803385416666667
35.6728 	DATA 	Mouse:  Left button up, pos=(581,147)
35.6880 	EXP 	slider_2: markerPos = 2.803385416666667
35.6880 	EXP 	slider_2: rating = 2.803385416666667
35.6905 	EXP 	New trial (rep=0, index=3): OrderedDict([('Hertz', 1000), ('volumen', 0.0)])
35.6999 	EXP 	Imported imagenes.xlsx as conditions, 20 conditions, 3 params
35.7002 	EXP 	Created sequence: random, trialTypes=20, nReps=1, seed=None
35.7005 	EXP 	New trial (rep=0, index=0): OrderedDict([('Imagenes', 'imagenes\\Rosquitas (1).jpg'), ('Random', 0.3035383390851263), ('Correcto', None)])
35.7199 	EXP 	image_2: autoDraw = False
35.7199 	EXP 	slider_2: autoDraw = False
35.7199 	EXP 	image_2: image = 'imagenes\\Rosquitas (1).jpg'
35.7199 	EXP 	slider_2: markerPos = None
35.7199 	EXP 	slider_2: markerPos = None
35.7199 	EXP 	slider_2: rating = None
35.7199 	EXP 	image_2: autoDraw = True
35.7199 	EXP 	slider_2: autoDraw = True
35.7563 	DATA 	Mouse: Left button down, pos=(738,139)
35.7703 	EXP 	slider_2: markerPos = 3.858072916666667
35.7879 	EXP 	slider_2: markerPos = 3.923177083333333
35.8048 	EXP 	slider_2: markerPos = 3.936197916666667
35.8212 	EXP 	slider_2: markerPos = 3.936197916666667
35.8383 	EXP 	slider_2: markerPos = 3.942708333333333
35.8542 	EXP 	slider_2: markerPos = 4.040364583333333
35.8559 	DATA 	Mouse:  Left button up, pos=(777,143)
35.8713 	EXP 	slider_2: markerPos = 4.040364583333333
35.8713 	EXP 	slider_2: rating = 4.040364583333333
35.8739 	EXP 	New trial (rep=0, index=1): OrderedDict([('Imagenes', 'imagenes\\Alpinito.jpg'), ('Random', 0.4515332417045813), ('Correcto', None)])
35.8990 	EXP 	image_2: autoDraw = False
35.8990 	EXP 	slider_2: autoDraw = False
35.8990 	EXP 	image_2: image = 'imagenes\\Alpinito.jpg'
35.8990 	EXP 	slider_2: markerPos = None
35.8990 	EXP 	slider_2: markerPos = None
35.8990 	EXP 	slider_2: rating = None
35.8990 	EXP 	image_2: autoDraw = True
35.8990 	EXP 	slider_2: autoDraw = True
35.9398 	DATA 	Mouse: Left button down, pos=(799,150)
35.9547 	EXP 	slider_2: markerPos = 4.255208333333333
35.9714 	EXP 	slider_2: markerPos = 4.125
35.9878 	EXP 	slider_2: markerPos = 3.981770833333333
36.0040 	EXP 	slider_2: markerPos = 3.864583333333333
36.0060 	DATA 	Mouse:  Left button up, pos=(722,153)
36.0214 	EXP 	slider_2: markerPos = 3.864583333333333
36.0214 	EXP 	slider_2: rating = 3.864583333333333
36.0242 	EXP 	New trial (rep=0, index=2): OrderedDict([('Imagenes', 'imagenes\\Yogurt-alpina.jpg'), ('Random', 0.21540995091807813), ('Correcto', None)])
36.0378 	EXP 	image_2: autoDraw = False
36.0378 	EXP 	slider_2: autoDraw = False
36.0378 	EXP 	image_2: image = 'imagenes\\Yogurt-alpina.jpg'
36.0378 	EXP 	slider_2: markerPos = None
36.0378 	EXP 	slider_2: markerPos = None
36.0378 	EXP 	slider_2: rating = None
36.0378 	EXP 	image_2: autoDraw = True
36.0378 	EXP 	slider_2: autoDraw = True
36.1062 	DATA 	Mouse: Left button down, pos=(679,173)
36.1213 	EXP 	slider_2: markerPos = 3.4739583333333335
36.1379 	EXP 	slider_2: markerPos = 3.4544270833333335
36.1548 	EXP 	slider_2: markerPos = 3.44140625
36.1711 	EXP 	slider_2: markerPos = 3.44140625
36.1877 	EXP 	slider_2: markerPos = 3.44140625
36.1905 	DATA 	Mouse:  Left button up, pos=(673,172)
36.2045 	EXP 	slider_2: markerPos = 3.44140625
36.2045 	EXP 	slider_2: rating = 3.44140625
36.2075 	EXP 	New trial (rep=0, index=3): OrderedDict([('Imagenes', 'imagenes\\Papas-naturales.jpg'), ('Random', 0.15856838916280946), ('Correcto', None)])
36.2215 	EXP 	image_2: autoDraw = False
36.2215 	EXP 	slider_2: autoDraw = False
36.2215 	EXP 	image_2: image = 'imagenes\\Papas-naturales.jpg'
36.2215 	EXP 	slider_2: markerPos = None
36.2215 	EXP 	slider_2: markerPos = None
36.2215 	EXP 	slider_2: rating = None
36.2215 	EXP 	image_2: autoDraw = True
36.2215 	EXP 	slider_2: autoDraw = True
36.3064 	DATA 	Mouse: Left button down, pos=(754,169)
36.3211 	EXP 	slider_2: markerPos = 3.962239583333333
36.3380 	EXP 	slider_2: markerPos = 3.962239583333333
36.3549 	EXP 	slider_2: markerPos = 3.962239583333333
36.3712 	EXP 	slider_2: markerPos = 3.962239583333333
36.3880 	EXP 	slider_2: markerPos = 3.994791666666667
36.3899 	DATA 	Mouse:  Left button up, pos=(764,169)
36.4047 	EXP 	slider_2: markerPos = 3.994791666666667
36.4047 	EXP 	slider_2: rating = 3.994791666666667
36.4076 	EXP 	New trial (rep=0, index=4): OrderedDict([('Imagenes', 'imagenes\\Mango.jpeg'), ('Random', 0.555669112372461), ('Correcto', None)])
36.4239 	EXP 	image_2: autoDraw = False
36.4239 	EXP 	slider_2: autoDraw = False
36.4239 	EXP 	image_2: image = 'imagenes\\Mango.jpeg'
36.4239 	EXP 	slider_2: markerPos = None
36.4239 	EXP 	slider_2: markerPos = None
36.4239 	EXP 	slider_2: rating = None
36.4239 	EXP 	image_2: autoDraw = True
36.4239 	EXP 	slider_2: autoDraw = True
36.4732 	DATA 	Mouse: Left button down, pos=(730,162)
36.4880 	EXP 	slider_2: markerPos = 3.805989583333333
36.5044 	EXP 	slider_2: markerPos = 3.630208333333333
36.5212 	EXP 	slider_2: markerPos = 3.48046875
36.5383 	EXP 	slider_2: markerPos = 3.3828125
36.5546 	EXP 	slider_2: markerPos = 3.3111979166666665
36.5584 	DATA 	Mouse:  Left button up, pos=(643,168)
36.5711 	EXP 	slider_2: markerPos = 3.2526041666666665
36.5881 	EXP 	slider_2: markerPos = 3.2526041666666665
36.5881 	EXP 	slider_2: rating = 3.2526041666666665
36.5915 	EXP 	New trial (rep=0, index=5): OrderedDict([('Imagenes', 'imagenes\\Uvas.jpg'), ('Random', 0.7734382152670648), ('Correcto', None)])
36.6057 	EXP 	image_2: autoDraw = False
36.6057 	EXP 	slider_2: autoDraw = False
36.6057 	EXP 	image_2: image = 'imagenes\\Uvas.jpg'
36.6057 	EXP 	slider_2: markerPos = None
36.6057 	EXP 	slider_2: markerPos = None
36.6057 	EXP 	slider_2: rating = None
36.6057 	EXP 	image_2: autoDraw = True
36.6057 	EXP 	slider_2: autoDraw = True
36.6401 	DATA 	Mouse: Left button down, pos=(640,168)
36.6546 	EXP 	slider_2: markerPos = 3.2200520833333335
36.6715 	EXP 	slider_2: markerPos = 3.2135416666666665
36.6879 	EXP 	slider_2: markerPos = 3.2135416666666665
36.7047 	EXP 	slider_2: markerPos = 3.2135416666666665
36.7216 	EXP 	slider_2: markerPos = 3.2135416666666665
36.7242 	DATA 	Mouse:  Left button up, pos=(646,162)
36.7382 	EXP 	slider_2: markerPos = 3.2135416666666665
36.7382 	EXP 	slider_2: rating = 3.2135416666666665
36.7409 	EXP 	New trial (rep=0, index=6): OrderedDict([('Imagenes', 'imagenes\\Kiwi.jpg'), ('Random', 0.5893907384852061), ('Correcto', None)])
36.7550 	EXP 	image_2: autoDraw = False
36.7550 	EXP 	slider_2: autoDraw = False
36.7550 	EXP 	image_2: image = 'imagenes\\Kiwi.jpg'
36.7550 	EXP 	slider_2: markerPos = None
36.7550 	EXP 	slider_2: markerPos = None
36.7550 	EXP 	slider_2: rating = None
36.7550 	EXP 	image_2: autoDraw = True
36.7550 	EXP 	slider_2: autoDraw = True
36.8061 	DATA 	Mouse: Left button down, pos=(670,159)
36.8209 	EXP 	slider_2: markerPos = 3.4153645833333335
36.8378 	EXP 	slider_2: markerPos = 3.20703125
36.8545 	EXP 	slider_2: markerPos = 2.9856770833333335
36.8713 	EXP 	slider_2: markerPos = 2.842447916666667
36.8880 	EXP 	slider_2: markerPos = 2.744791666666667
36.9046 	EXP 	slider_2: markerPos = 2.731770833333333
36.9062 	DATA 	Mouse:  Left button up, pos=(565,154)
36.9215 	EXP 	slider_2: markerPos = 2.731770833333333
36.9215 	EXP 	slider_2: rating = 2.731770833333333
36.9236 	EXP 	New trial (rep=0, index=7): OrderedDict([('Imagenes', 'imagenes\\Brownie.jpg'), ('Random', 0.17000143351927688), ('Correcto', None)])
36.9536 	EXP 	image_2: autoDraw = False
36.9536 	EXP 	slider_2: autoDraw = False
36.9536 	EXP 	image_2: image = 'imagenes\\Brownie.jpg'
36.9536 	EXP 	slider_2: markerPos = None
36.9536 	EXP 	slider_2: markerPos = None
36.9536 	EXP 	slider_2: rating = None
36.9536 	EXP 	image_2: autoDraw = True
36.9536 	EXP 	slider_2: autoDraw = True
36.9901 	DATA 	Mouse: Left button down, pos=(565,154)
37.0047 	EXP 	slider_2: markerPos = 2.731770833333333
37.0204 	EXP 	slider_2: markerPos = 2.790364583333333
37.0376 	EXP 	slider_2: markerPos = 2.9010416666666665
37.0547 	EXP 	slider_2: markerPos = 3.1028645833333335
37.0714 	EXP 	slider_2: markerPos = 3.2721354166666665
37.0733 	DATA 	Mouse:  Left button up, pos=(666,154)
37.0882 	EXP 	slider_2: markerPos = 3.2721354166666665
37.0882 	EXP 	slider_2: rating = 3.2721354166666665
37.0910 	EXP 	New trial (rep=0, index=8): OrderedDict([('Imagenes', 'imagenes\\Manzana.jpg'), ('Random', 0.5168162194437935), ('Correcto', None)])
37.1128 	EXP 	image_2: autoDraw = False
37.1128 	EXP 	slider_2: autoDraw = False
37.1128 	EXP 	image_2: image = 'imagenes\\Manzana.jpg'
37.1128 	EXP 	slider_2: markerPos = None
37.1128 	EXP 	slider_2: markerPos = None
37.1128 	EXP 	slider_2: rating = None
37.1128 	EXP 	image_2: autoDraw = True
37.1128 	EXP 	slider_2: autoDraw = True
37.1402 	DATA 	Mouse: Left button down, pos=(791,157)
37.1545 	EXP 	slider_2: markerPos = 4.203125
37.1710 	EXP 	slider_2: markerPos = 4.203125
37.1877 	EXP 	slider_2: markerPos = 4.203125
37.2046 	EXP 	slider_2: markerPos = 4.203125
37.2213 	EXP 	slider_2: markerPos = 4.203125
37.2229 	DATA 	Mouse:  Left button up, pos=(791,157)
37.2377 	EXP 	slider_2: markerPos = 4.203125
37.2377 	EXP 	slider_2: rating = 4.203125
37.2405 	EXP 	New trial (rep=0, index=9): OrderedDict([('Imagenes', 'imagenes\\bon-bon-bun.jpg'), ('Random', 0.7387922093313524), ('Correcto', None)])
37.2613 	EXP 	image_2: autoDraw = False
37.2613 	EXP 	slider_2: autoDraw = False
37.2613 	EXP 	image_2: image = 'imagenes\\bon-bon-bun.jpg'
37.2613 	EXP 	slider_2: markerPos = None
37.2613 	EXP 	slider_2: markerPos = None
37.2613 	EXP 	slider_2: rating = None
37.2613 	EXP 	image_2: autoDraw = True
37.2613 	EXP 	slider_2: autoDraw = True
37.3230 	DATA 	Mouse: Left button down, pos=(838,167)
37.3377 	EXP 	slider_2: markerPos = 4.502604166666667
37.3546 	EXP 	slider_2: markerPos = 4.430989583333333
37.3711 	EXP 	slider_2: markerPos = 4.274739583333333
37.3878 	EXP 	slider_2: markerPos = 4.059895833333333
37.4044 	EXP 	slider_2: markerPos = 3.740885416666667
37.4211 	EXP 	slider_2: markerPos = 3.4348958333333335
37.4227 	DATA 	Mouse:  Left button up, pos=(626,168)
37.4375 	EXP 	slider_2: markerPos = 3.4348958333333335
37.4375 	EXP 	slider_2: rating = 3.4348958333333335
37.4407 	EXP 	New trial (rep=0, index=10): OrderedDict([('Imagenes', 'imagenes\\Leche-de-almendras.jpg'), ('Random', 0.36073876480313727), ('Correcto', None)])
37.4993 	DATA 	Mouse: Left button down, pos=(575,168)
37.5066 	EXP 	image_2: autoDraw = False
37.5066 	EXP 	slider_2: autoDraw = False
37.5066 	EXP 	image_2: image = 'imagenes\\Leche-de-almendras.jpg'
37.5066 	EXP 	slider_2: markerPos = None
37.5066 	EXP 	slider_2: markerPos = None
37.5066 	EXP 	slider_2: rating = None
37.5066 	EXP 	image_2: autoDraw = True
37.5066 	EXP 	slider_2: autoDraw = True
37.5066 	EXP 	slider_2: markerPos = 2.796875
37.5140 	EXP 	slider_2: markerPos = 2.796875
37.5212 	EXP 	slider_2: markerPos = 2.796875
37.5387 	EXP 	slider_2: markerPos = 2.796875
37.5547 	EXP 	slider_2: markerPos = 2.796875
37.5711 	EXP 	slider_2: markerPos = 2.796875
37.5884 	EXP 	slider_2: markerPos = 2.796875
37.5910 	DATA 	Mouse:  Left button up, pos=(575,168)
37.6048 	EXP 	slider_2: markerPos = 2.796875
37.6048 	EXP 	slider_2: rating = 2.796875
37.6077 	EXP 	New trial (rep=0, index=11): OrderedDict([('Imagenes', 'imagenes\\Papas-limon.jpg'), ('Random', 0.020692288100133793), ('Correcto', None)])
37.6213 	EXP 	image_2: autoDraw = False
37.6213 	EXP 	slider_2: autoDraw = False
37.6213 	EXP 	image_2: image = 'imagenes\\Papas-limon.jpg'
37.6213 	EXP 	slider_2: markerPos = None
37.6213 	EXP 	slider_2: markerPos = None
37.6213 	EXP 	slider_2: rating = None
37.6213 	EXP 	image_2: autoDraw = True
37.6213 	EXP 	slider_2: autoDraw = True
37.6903 	DATA 	Mouse: Left button down, pos=(634,151)
37.7046 	EXP 	slider_2: markerPos = 3.1809895833333335
37.7212 	EXP 	slider_2: markerPos = 3.1875
37.7377 	EXP 	slider_2: markerPos = 3.1940104166666665
37.7544 	EXP 	slider_2: markerPos = 3.2786458333333335
37.7712 	EXP 	slider_2: markerPos = 3.44140625
37.7734 	DATA 	Mouse:  Left button up, pos=(720,148)
37.7876 	EXP 	slider_2: markerPos = 3.44140625
37.7876 	EXP 	slider_2: rating = 3.44140625
37.7910 	EXP 	New trial (rep=0, index=12): OrderedDict([('Imagenes', 'imagenes\\Galletas Tosh.jpg'), ('Random', 0.478088790487872), ('Correcto', None)])
37.8191 	EXP 	image_2: autoDraw = False
37.8191 	EXP 	slider_2: autoDraw = False
37.8191 	EXP 	image_2: image = 'imagenes\\Galletas Tosh.jpg'
37.8191 	EXP 	slider_2: markerPos = None
37.8191 	EXP 	slider_2: markerPos = None
37.8191 	EXP 	slider_2: rating = None
37.8191 	EXP 	image_2: autoDraw = True
37.8191 	EXP 	slider_2: autoDraw = True
37.8429 	DATA 	Mouse: Left button down, pos=(864,148)
37.8709 	EXP 	slider_2: markerPos = 4.678385416666667
37.8876 	EXP 	slider_2: markerPos = 4.678385416666667
37.9047 	EXP 	slider_2: markerPos = 4.678385416666667
37.9212 	EXP 	slider_2: markerPos = 4.678385416666667
37.9381 	EXP 	slider_2: markerPos = 4.65234375
37.9544 	EXP 	slider_2: markerPos = 4.509114583333333
37.9564 	DATA 	Mouse:  Left button up, pos=(830,152)
37.9713 	EXP 	slider_2: markerPos = 4.509114583333333
37.9713 	EXP 	slider_2: rating = 4.509114583333333
37.9736 	EXP 	New trial (rep=0, index=13): OrderedDict([('Imagenes', 'imagenes\\Galletas-festival.jpg'), ('Random', 0.36121121246191135), ('Correcto', None)])
37.9899 	EXP 	image_2: autoDraw = False
37.9899 	EXP 	slider_2: autoDraw = False
37.9899 	EXP 	image_2: image = 'imagenes\\Galletas-festival.jpg'
37.9899 	EXP 	slider_2: markerPos = None
37.9899 	EXP 	slider_2: markerPos = None
37.9899 	EXP 	slider_2: rating = None
37.9899 	EXP 	image_2: autoDraw = True
37.9899 	EXP 	slider_2: autoDraw = True
38.0389 	DATA 	Mouse: Left button down, pos=(683,160)
38.0547 	EXP 	slider_2: markerPos = 3.5
38.0709 	EXP 	slider_2: markerPos = 3.421875
38.0882 	EXP 	slider_2: markerPos = 3.3893229166666665
38.1045 	EXP 	slider_2: markerPos = 3.3763020833333335
38.1214 	EXP 	slider_2: markerPos = 3.3763020833333335
38.1230 	DATA 	Mouse:  Left button up, pos=(664,155)
38.1380 	EXP 	slider_2: markerPos = 3.3763020833333335
38.1380 	EXP 	slider_2: rating = 3.3763020833333335
38.1403 	EXP 	New trial (rep=0, index=14): OrderedDict([('Imagenes', 'imagenes\\Nutella (1).jpg'), ('Random', 0.5277483225747329), ('Correcto', None)])
38.1550 	EXP 	image_2: autoDraw = False
38.1550 	EXP 	slider_2: autoDraw = False
38.1550 	EXP 	image_2: image = 'imagenes\\Nutella (1).jpg'
38.1550 	EXP 	slider_2: markerPos = None
38.1550 	EXP 	slider_2: markerPos = None
38.1550 	EXP 	slider_2: rating = None
38.1550 	EXP 	image_2: autoDraw = True
38.1550 	EXP 	slider_2: autoDraw = True
38.2235 	DATA 	Mouse: Left button down, pos=(664,152)
38.2378 	EXP 	slider_2: markerPos = 3.3502604166666665
38.2547 	EXP 	slider_2: markerPos = 3.3046875
38.2718 	EXP 	slider_2: markerPos = 3.2591145833333335
38.2883 	EXP 	slider_2: markerPos = 3.1614583333333335
38.3048 	EXP 	slider_2: markerPos = 3.05078125
38.3070 	DATA 	Mouse:  Left button up, pos=(604,150)
38.3213 	EXP 	slider_2: markerPos = 3.05078125
38.3213 	EXP 	slider_2: rating = 3.05078125
38.3242 	EXP 	New trial (rep=0, index=15): OrderedDict([('Imagenes', 'imagenes\\Chocoramo.jfif.jpg'), ('Random', 0.7789437122019539), ('Correcto', None)])
38.3469 	EXP 	image_2: autoDraw = False
38.3469 	EXP 	slider_2: autoDraw = False
38.3469 	EXP 	image_2: image = 'imagenes\\Chocoramo.jfif.jpg'
38.3469 	EXP 	slider_2: markerPos = None
38.3469 	EXP 	slider_2: markerPos = None
38.3469 	EXP 	slider_2: rating = None
38.3469 	EXP 	image_2: autoDraw = True
38.3469 	EXP 	slider_2: autoDraw = True
38.3900 	DATA 	Mouse: Left button down, pos=(562,157)
38.4048 	EXP 	slider_2: markerPos = 2.712239583333333
38.4212 	EXP 	slider_2: markerPos = 2.712239583333333
38.4379 	EXP 	slider_2: markerPos = 2.712239583333333
38.4544 	EXP 	slider_2: markerPos = 2.712239583333333
38.4561 	DATA 	Mouse:  Left button up, pos=(568,157)
38.4713 	EXP 	slider_2: markerPos = 2.712239583333333
38.4713 	EXP 	slider_2: rating = 2.712239583333333
38.4736 	EXP 	New trial (rep=0, index=16): OrderedDict([('Imagenes', 'imagenes\\Popetas.jpg'), ('Random', 0.07650200324054446), ('Correcto', None)])
38.5039 	EXP 	image_2: autoDraw = False
38.5039 	EXP 	slider_2: autoDraw = False
38.5039 	EXP 	image_2: image = 'imagenes\\Popetas.jpg'
38.5039 	EXP 	slider_2: markerPos = None
38.5039 	EXP 	slider_2: markerPos = None
38.5039 	EXP 	slider_2: rating = None
38.5039 	EXP 	image_2: autoDraw = True
38.5039 	EXP 	slider_2: autoDraw = True
38.5561 	DATA 	Mouse: Left button down, pos=(739,165)
38.5705 	EXP 	slider_2: markerPos = 3.864583333333333
38.5877 	EXP 	slider_2: markerPos = 3.864583333333333
38.6047 	EXP 	slider_2: markerPos = 3.864583333333333
38.6213 	EXP 	slider_2: markerPos = 3.897135416666667
38.6380 	EXP 	slider_2: markerPos = 4.001302083333333
38.6403 	DATA 	Mouse:  Left button up, pos=(772,168)
38.6548 	EXP 	slider_2: markerPos = 4.001302083333333
38.6548 	EXP 	slider_2: rating = 4.001302083333333
38.6571 	EXP 	New trial (rep=0, index=17): OrderedDict([('Imagenes', 'imagenes\\Banano.jpeg'), ('Random', 0.651633055306917), ('Correcto', None)])
38.6710 	EXP 	image_2: autoDraw = False
38.6710 	EXP 	slider_2: autoDraw = False
38.6710 	EXP 	image_2: image = 'imagenes\\Banano.jpeg'
38.6710 	EXP 	slider_2: markerPos = None
38.6710 	EXP 	slider_2: markerPos = None
38.6710 	EXP 	slider_2: rating = None
38.6710 	EXP 	image_2: autoDraw = True
38.6710 	EXP 	slider_2: autoDraw = True
38.7090 	DATA 	Mouse: Left button down, pos=(856,170)
38.7377 	EXP 	slider_2: markerPos = 4.626302083333333
38.7550 	EXP 	slider_2: markerPos = 4.626302083333333
38.7713 	EXP 	slider_2: markerPos = 4.626302083333333
38.7878 	EXP 	slider_2: markerPos = 4.626302083333333
38.8042 	EXP 	slider_2: markerPos = 4.626302083333333
38.8209 	EXP 	slider_2: markerPos = 4.561197916666667
38.8233 	DATA 	Mouse:  Left button up, pos=(835,169)
38.8375 	EXP 	slider_2: markerPos = 4.561197916666667
38.8375 	EXP 	slider_2: rating = 4.561197916666667
38.8403 	EXP 	New trial (rep=0, index=18): OrderedDict([('Imagenes', 'imagenes\\Papas-pollo.jpg'), ('Random', 0.6683114062971784), ('Correcto', None)])
38.8555 	EXP 	image_2: autoDraw = False
38.8555 	EXP 	slider_2: autoDraw = False
38.8555 	EXP 	image_2: image = 'imagenes\\Papas-pollo.jpg'
38.8555 	EXP 	slider_2: markerPos = None
38.8555 	EXP 	slider_2: markerPos = None
38.8555 	EXP 	slider_2: rating = None
38.8555 	EXP 	image_2: autoDraw = True
38.8555 	EXP 	slider_2: autoDraw = True
38.9069 	DATA 	Mouse: Left button down, pos=(691,151)
38.9213 	EXP 	slider_2: markerPos = 3.552083333333333
38.9379 	EXP 	slider_2: markerPos = 3.44140625
38.9543 	EXP 	slider_2: markerPos = 3.3828125
38.9710 	EXP 	slider_2: markerPos = 3.3307291666666665
38.9876 	EXP 	slider_2: markerPos = 3.3177083333333335
38.9896 	DATA 	Mouse:  Left button up, pos=(654,151)
39.0046 	EXP 	slider_2: markerPos = 3.3177083333333335
39.0046 	EXP 	slider_2: rating = 3.3177083333333335
39.0070 	EXP 	New trial (rep=0, index=19): OrderedDict([('Imagenes', 'imagenes\\Croissant.jpg'), ('Random', 0.6152458173421255), ('Correcto', None)])
39.0283 	EXP 	image_2: autoDraw = False
39.0283 	EXP 	slider_2: autoDraw = False
39.0283 	EXP 	image_2: image = 'imagenes\\Croissant.jpg'
39.0283 	EXP 	slider_2: markerPos = None
39.0283 	EXP 	slider_2: markerPos = None
39.0283 	EXP 	slider_2: rating = None
39.0283 	EXP 	image_2: autoDraw = True
39.0283 	EXP 	slider_2: autoDraw = True
39.0740 	DATA 	Mouse: Left button down, pos=(638,153)
39.0877 	EXP 	slider_2: markerPos = 3.20703125
39.1044 	EXP 	slider_2: markerPos = 3.1940104166666665
39.1211 	EXP 	slider_2: markerPos = 3.1875
39.1377 	EXP 	slider_2: markerPos = 3.1875
39.1548 	EXP 	slider_2: markerPos = 3.1875
39.1565 	DATA 	Mouse:  Left button up, pos=(635,153)
39.1711 	EXP 	slider_2: markerPos = 3.1875
39.1711 	EXP 	slider_2: rating = 3.1875
39.4101 	EXP 	window1: mouseVisible = True
