0.7680 	WARNING 	We strongly recommend you activate the PTB sound engine in PsychoPy prefs as the preferred audio engine. Its timing is vastly superior. Your prefs are currently set to use ['sounddevice', 'PTB', 'pyo', 'pygame'] (in that order).
36.4444 	WARNING 	User requested fullscreen with size [1024  768], but screen is actually [1366, 768]. Using actual size
37.8318 	EXP 	Created window1 = Window(allowGUI=False, allowStencil=False, args=UNKNOWN, autoLog=True, bitsMode=UNKNOWN, blendMode='avg', bpc=(8, 8, 8), color=array([0., 0., 0.]), colorSpace='rgb', depthBits=8, fullscr=<method-wrapper '__getattribute__' of attributeSetter object at 0x00000283587BC8D0>, gamma=None, gammaErrorPolicy='raise', kwargs=UNKNOWN, lms=UNKNOWN, monitor=<psychopy.monitors.calibTools.Monitor object at 0x00000283584DA940>, multiSample=False, name='window1', numSamples=2, pos=[0.0, 0.0], screen=0, size=array([1366,  768]), stencilBits=0, stereo=False, units='height', useFBO=True, useRetina=False, viewOri=0.0, viewPos=None, viewScale=None, waitBlanking=True, winType='pyglet')
37.8324 	EXP 	window1: mouseVisible = True
37.8325 	EXP 	window1: recordFrameIntervals = False
37.9962 	EXP 	window1: recordFrameIntervals = True
38.1806 	EXP 	window1: recordFrameIntervals = False
38.3651 	EXP 	Sound sound_3 set volume 1.000
38.3652 	EXP 	Sound Sonido set volume 1.000
38.3707 	EXP 	Created image_2 = ImageStim(__class__=<class 'psychopy.visual.image.ImageStim'>, autoLog=True, color=array([1., 1., 1.]), colorSpace='rgb', contrast=1.0, depth=-1.0, flipHoriz=False, flipVert=False, image='sin', interpolate=True, mask=None, maskParams=None, name='image_2', opacity=1.0, ori=0.0, pos=array([0. , 0.2]), size=array([0.5, 0.5]), texRes=128, units='height', win=Window(...))
38.3789 	EXP 	window1: mouseVisible = True
38.4264 	EXP 	Created slider_2 = Slider(__class__=<class 'psychopy.visual.slider.Slider'>, autoDraw=False, autoLog=True, color='LightGray', depth=0, flip=False, font='HelveticaBold', granularity=0, labelHeight=0.05, labelWrapWidth=None, labels=('0', '1000', '2000', '3000', '4000', '5000'), name='slider_2', pos=(0, -0.3), readOnly=False, self=UNKNOWN, size=(1.0, 0.05), style=method-wrapper(...), ticks=array([1, 2, 3, 4, 5, 6]), units='height', win=Window(...))
38.4433 	EXP 	Created text = TextStim(__class__=<class 'psychopy.visual.text.TextStim'>, alignHoriz=method-wrapper(...), alignText='center', alignVert=method-wrapper(...), anchorHoriz='center', anchorVert='center', antialias=True, autoLog=True, bold=False, color='white', colorSpace='named', contrast=1.0, depth=-1.0, flipHoriz=False, flipVert=False, font='Arial', fontFiles=[], height=0.1, italic=False, languageStyle='LTR', name='text', opacity=1.0, ori=0, pos=array([0.  , 0.15]), rgb=array([255., 255., 255.]), text='default text', units='height', win=Window(...), wrapWidth=1)
38.4455 	EXP 	Created text_4 = TextStim(__class__=<class 'psychopy.visual.text.TextStim'>, alignHoriz=method-wrapper(...), alignText='center', alignVert=method-wrapper(...), anchorHoriz='center', anchorVert='center', antialias=True, autoLog=True, bold=False, color='white', colorSpace='named', contrast=1.0, depth=-1.0, flipHoriz=False, flipVert=False, font='Arial', fontFiles=[], height=0.1, italic=False, languageStyle='LTR', name='text_4', opacity=1.0, ori=0, pos=array([0., 0.]), rgb=array([255., 255., 255.]), text='default text', units='height', win=Window(...), wrapWidth=1)
38.4927 	EXP 	slider_2: autoLog = True
38.4927 	EXP 	slider_2: markerPos = None
38.4927 	EXP 	slider_2: rating = None
38.4927 	EXP 	slider_2: markerPos = None
38.4927 	EXP 	slider_2: contrast = 1.0
38.4927 	EXP 	slider_2: autoLog = True
38.4927 	EXP 	slider_2: style = ['rating']
48.5259 	EXP 	Imported ruidos.xlsx as conditions, 4 conditions, 2 params
48.5261 	EXP 	Created sequence: random, trialTypes=4, nReps=1, seed=None
48.5263 	EXP 	New trial (rep=0, index=0): OrderedDict([('Hertz', 1000), ('volumen', 0.0)])
48.5321 	EXP 	Imported imagenes.xlsx as conditions, 36 conditions, 3 params
48.5324 	EXP 	Created sequence: random, trialTypes=36, nReps=1, seed=None
48.5326 	EXP 	New trial (rep=0, index=0): OrderedDict([('Imagenes', 'imagenes/Yogurt-alpina.jpg'), ('Random', 0.5030983338855501), ('Correcto', None)])
48.5545 	EXP 	image_2: image = 'imagenes/Yogurt-alpina.jpg'
48.5545 	EXP 	slider_2: markerPos = None
48.5545 	EXP 	slider_2: markerPos = None
48.5545 	EXP 	slider_2: rating = None
53.5651 	EXP 	image_2: autoDraw = True
53.5651 	EXP 	slider_2: autoDraw = True
54.4353 	DATA 	Mouse: Left button down, pos=(675,153)
54.4628 	EXP 	slider_2: markerPos = 3.4479166666666665
54.4800 	EXP 	slider_2: markerPos = 3.4479166666666665
54.4962 	EXP 	slider_2: markerPos = 3.4479166666666665
54.5126 	EXP 	slider_2: markerPos = 3.4479166666666665
54.5295 	EXP 	slider_2: markerPos = 3.4479166666666665
54.5459 	EXP 	slider_2: markerPos = 3.4479166666666665
54.5623 	EXP 	slider_2: markerPos = 3.4479166666666665
54.5792 	EXP 	slider_2: markerPos = 3.4479166666666665
54.5817 	DATA 	Mouse:  Left button up, pos=(675,153)
54.5958 	EXP 	slider_2: markerPos = 3.4479166666666665
54.5958 	EXP 	slider_2: rating = 3.4479166666666665
54.5996 	EXP 	New trial (rep=0, index=1): OrderedDict([('Imagenes', 'imagenes/Croissant.jpg'), ('Random', 0.5629618940993919), ('Correcto', None)])
54.6467 	EXP 	image_2: autoDraw = False
54.6467 	EXP 	slider_2: autoDraw = False
54.6467 	EXP 	image_2: image = 'imagenes/Croissant.jpg'
54.6467 	EXP 	slider_2: markerPos = None
54.6467 	EXP 	slider_2: markerPos = None
54.6467 	EXP 	slider_2: rating = None
59.6458 	EXP 	image_2: autoDraw = True
59.6458 	EXP 	slider_2: autoDraw = True
60.3147 	DATA 	Mouse: Left button down, pos=(839,149)
60.3290 	EXP 	slider_2: markerPos = 4.515625
60.3455 	EXP 	slider_2: markerPos = 4.515625
60.3622 	EXP 	slider_2: markerPos = 4.515625
60.3792 	EXP 	slider_2: markerPos = 4.515625
60.3955 	EXP 	slider_2: markerPos = 4.515625
60.4121 	EXP 	slider_2: markerPos = 4.515625
60.4180 	DATA 	Mouse:  Left button up, pos=(839,149)
60.4291 	EXP 	slider_2: markerPos = 4.515625
60.4455 	EXP 	slider_2: markerPos = 4.515625
60.4455 	EXP 	slider_2: rating = 4.515625
60.4492 	EXP 	New trial (rep=0, index=2): OrderedDict([('Imagenes', 'imagenes/Canelazo.png'), ('Random', 0.023638076059715796), ('Correcto', None)])
60.5074 	EXP 	image_2: autoDraw = False
60.5074 	EXP 	slider_2: autoDraw = False
60.5074 	EXP 	image_2: image = 'imagenes/Canelazo.png'
60.5074 	EXP 	slider_2: markerPos = None
60.5074 	EXP 	slider_2: markerPos = None
60.5074 	EXP 	slider_2: rating = None
65.4956 	EXP 	image_2: autoDraw = True
65.4956 	EXP 	slider_2: autoDraw = True
66.7470 	DATA 	Keypress: escape
67.1998 	EXP 	window1: mouseVisible = True
