1.5726 	WARNING 	We strongly recommend you activate the PTB sound engine in PsychoPy prefs as the preferred audio engine. Its timing is vastly superior. Your prefs are currently set to use ['sounddevice', 'PTB', 'pyo', 'pygame'] (in that order).
6.9578 	WARNING 	User requested fullscreen with size [1024  768], but screen is actually [1366, 768]. Using actual size
8.5865 	EXP 	Created window1 = Window(allowGUI=False, allowStencil=False, args=UNKNOWN, autoLog=True, bitsMode=UNKNOWN, blendMode='avg', bpc=(8, 8, 8), color=array([0., 0., 0.]), colorSpace='rgb', depthBits=8, fullscr=<method-wrapper '__getattribute__' of attributeSetter object at 0x000002145C8EF080>, gamma=None, gammaErrorPolicy='raise', kwargs=UNKNOWN, lms=UNKNOWN, monitor=<psychopy.monitors.calibTools.Monitor object at 0x000002145C7F6860>, multiSample=False, name='window1', numSamples=2, pos=[0.0, 0.0], screen=0, size=array([1366,  768]), stencilBits=0, stereo=False, units='height', useFBO=True, useRetina=False, viewOri=0.0, viewPos=None, viewScale=None, waitBlanking=True, winType='pyglet')
8.5872 	EXP 	window1: mouseVisible = True
8.5873 	EXP 	window1: recordFrameIntervals = False
8.7516 	EXP 	window1: recordFrameIntervals = True
8.9353 	EXP 	window1: recordFrameIntervals = False
9.3620 	EXP 	Sound sound_3 set volume 1.000
9.3622 	EXP 	Sound Sonido set volume 1.000
9.3686 	EXP 	Created image_2 = ImageStim(__class__=<class 'psychopy.visual.image.ImageStim'>, autoLog=True, color=array([1., 1., 1.]), colorSpace='rgb', contrast=1.0, depth=-1.0, flipHoriz=False, flipVert=False, image='sin', interpolate=True, mask=None, maskParams=None, name='image_2', opacity=1.0, ori=0.0, pos=array([0. , 0.2]), size=array([0.5, 0.5]), texRes=128, units='height', win=Window(...))
9.3713 	EXP 	window1: mouseVisible = True
9.5055 	EXP 	Created slider_2 = Slider(__class__=<class 'psychopy.visual.slider.Slider'>, autoDraw=False, autoLog=True, color='LightGray', depth=-2, flip=False, font='HelveticaBold', granularity=0, labelHeight=0.05, labelWrapWidth=None, labels=('0', '1000', '2000', '3000', '4000', '5000'), name='slider_2', pos=(0, -0.3), readOnly=False, self=UNKNOWN, size=(1.0, 0.05), style=method-wrapper(...), ticks=array([1, 2, 3, 4, 5, 6]), units='height', win=Window(...))
9.6294 	EXP 	Created text_2 = TextStim(__class__=<class 'psychopy.visual.text.TextStim'>, alignHoriz=method-wrapper(...), alignText='center', alignVert=method-wrapper(...), anchorHoriz='center', anchorVert='center', antialias=True, autoLog=True, bold=False, color='white', colorSpace='named', contrast=1.0, depth=0.0, flipHoriz=False, flipVert=False, font='Arial', fontFiles=[], height=0.05, italic=False, languageStyle='LTR', name='text_2', opacity=1.0, ori=0, pos=array([0., 0.]), rgb=array([255., 255., 255.]), text=str(...), units='height', win=Window(...), wrapWidth=1)
9.7029 	EXP 	Created text_3 = TextStim(__class__=<class 'psychopy.visual.text.TextStim'>, alignHoriz=method-wrapper(...), alignText='center', alignVert=method-wrapper(...), anchorHoriz='center', anchorVert='center', antialias=True, autoLog=True, bold=False, color='white', colorSpace='named', contrast=1.0, depth=0.0, flipHoriz=False, flipVert=False, font='Arial', fontFiles=[], height=0.05, italic=False, languageStyle='LTR', name='text_3', opacity=1.0, ori=0, pos=array([0., 0.]), rgb=array([255., 255., 255.]), text=str(...), units='height', win=Window(...), wrapWidth=1)
9.7678 	EXP 	Created text = TextStim(__class__=<class 'psychopy.visual.text.TextStim'>, alignHoriz=method-wrapper(...), alignText='center', alignVert=method-wrapper(...), anchorHoriz='center', anchorVert='center', antialias=True, autoLog=True, bold=False, color='white', colorSpace='named', contrast=1.0, depth=-1.0, flipHoriz=False, flipVert=False, font='Arial', fontFiles=[], height=0.1, italic=False, languageStyle='LTR', name='text', opacity=1.0, ori=0, pos=array([0.  , 0.15]), rgb=array([255., 255., 255.]), text='default text', units='height', win=Window(...), wrapWidth=1)
9.7759 	EXP 	Created text_4 = TextStim(__class__=<class 'psychopy.visual.text.TextStim'>, alignHoriz=method-wrapper(...), alignText='center', alignVert=method-wrapper(...), anchorHoriz='center', anchorVert='center', antialias=True, autoLog=True, bold=False, color='white', colorSpace='named', contrast=1.0, depth=-1.0, flipHoriz=False, flipVert=False, font='Arial', fontFiles=[], height=0.1, italic=False, languageStyle='LTR', name='text_4', opacity=1.0, ori=0, pos=array([0., 0.]), rgb=array([255., 255., 255.]), text='default text', units='height', win=Window(...), wrapWidth=1)
9.7829 	EXP 	Created image = ImageStim(__class__=<class 'psychopy.visual.image.ImageStim'>, autoLog=True, color=array([1., 1., 1.]), colorSpace='rgb', contrast=1.0, depth=-1.0, flipHoriz=False, flipVert=False, image='sin', interpolate=True, mask=None, maskParams=None, name='image', opacity=1.0, ori=0.0, pos=array([0., 0.]), size=array([0.5, 0.5]), texRes=128, units='height', win=Window(...))
9.7930 	EXP 	Created texto_final = TextStim(__class__=<class 'psychopy.visual.text.TextStim'>, alignHoriz=method-wrapper(...), alignText='center', alignVert=method-wrapper(...), anchorHoriz='center', anchorVert='center', antialias=True, autoLog=True, bold=False, color='white', colorSpace='named', contrast=1.0, depth=-1.0, flipHoriz=False, flipVert=False, font='Arial', fontFiles=[], height=0.1, italic=False, languageStyle='LTR', name='texto_final', opacity=1.0, ori=0, pos=array([0., 0.]), rgb=array([255., 255., 255.]), text='default text', units='height', win=Window(...), wrapWidth=1)
9.8687 	EXP 	slider_2: autoLog = True
9.8687 	EXP 	slider_2: markerPos = None
9.8687 	EXP 	slider_2: rating = None
9.8687 	EXP 	slider_2: markerPos = None
9.8687 	EXP 	slider_2: contrast = 1.0
9.8687 	EXP 	slider_2: autoLog = True
9.8687 	EXP 	slider_2: style = ['rating']
19.9610 	EXP 	Imported ruidos.xlsx as conditions, 4 conditions, 2 params
19.9622 	EXP 	Created sequence: random, trialTypes=4, nReps=1, seed=None
19.9633 	EXP 	New trial (rep=0, index=0): OrderedDict([('Hertz', 1500), ('volumen', 0.02)])
19.9935 	EXP 	Imported imagenes.xlsx as conditions, 36 conditions, 3 params
19.9947 	EXP 	Created sequence: random, trialTypes=36, nReps=1, seed=None
19.9958 	EXP 	New trial (rep=0, index=0): OrderedDict([('Imagenes', 'imagenes/Pandebono.png'), ('Random', 0.8988574378129985), ('Correcto', None)])
20.0633 	EXP 	image_2: image = 'imagenes/Pandebono.png'
20.0633 	EXP 	slider_2: markerPos = None
20.0633 	EXP 	slider_2: markerPos = None
20.0633 	EXP 	slider_2: rating = None
21.1251 	EXP 	image_2: autoDraw = True
21.1251 	EXP 	slider_2: autoDraw = True
22.0709 	DATA 	Mouse: Left button down, pos=(670,160)
22.0839 	EXP 	slider_2: markerPos = 3.4153645833333335
22.1007 	EXP 	slider_2: markerPos = 3.4153645833333335
22.1174 	EXP 	slider_2: markerPos = 3.4153645833333335
22.1342 	EXP 	slider_2: markerPos = 3.4153645833333335
22.1510 	EXP 	slider_2: markerPos = 3.4153645833333335
22.1674 	EXP 	slider_2: markerPos = 3.4153645833333335
22.1845 	EXP 	slider_2: markerPos = 3.4153645833333335
22.2007 	EXP 	slider_2: markerPos = 3.4153645833333335
22.2035 	DATA 	Mouse:  Left button up, pos=(670,160)
22.2171 	EXP 	slider_2: markerPos = 3.4153645833333335
22.2171 	EXP 	slider_2: rating = 3.4153645833333335
22.2218 	EXP 	New trial (rep=0, index=1): OrderedDict([('Imagenes', 'imagenes/Rollo de queso.png'), ('Random', 0.9201641182756888), ('Correcto', None)])
22.2684 	EXP 	image_2: autoDraw = False
22.2684 	EXP 	slider_2: autoDraw = False
22.2684 	EXP 	image_2: image = 'imagenes/Rollo de queso.png'
22.2684 	EXP 	slider_2: markerPos = None
22.2684 	EXP 	slider_2: markerPos = None
22.2684 	EXP 	slider_2: rating = None
23.2673 	EXP 	image_2: autoDraw = True
23.2673 	EXP 	slider_2: autoDraw = True
23.5268 	DATA 	Keypress: escape
23.9073 	EXP 	window1: mouseVisible = True
