0.8142 	WARNING 	We strongly recommend you activate the PTB sound engine in PsychoPy prefs as the preferred audio engine. Its timing is vastly superior. Your prefs are currently set to use ['sounddevice', 'PTB', 'pyo', 'pygame'] (in that order).
9.9305 	WARNING 	User requested fullscreen with size [1024  768], but screen is actually [1366, 768]. Using actual size
11.3550 	EXP 	Created window1 = Window(allowGUI=False, allowStencil=False, args=UNKNOWN, autoLog=True, bitsMode=UNKNOWN, blendMode='avg', bpc=(8, 8, 8), color=array([0., 0., 0.]), colorSpace='rgb', depthBits=8, fullscr=<method-wrapper '__getattribute__' of attributeSetter object at 0x000001FC05E93160>, gamma=None, gammaErrorPolicy='raise', kwargs=UNKNOWN, lms=UNKNOWN, monitor=<psychopy.monitors.calibTools.Monitor object at 0x000001FC0601E1D0>, multiSample=False, name='window1', numSamples=2, pos=[0.0, 0.0], screen=0, size=array([1366,  768]), stencilBits=0, stereo=False, units='height', useFBO=True, useRetina=False, viewOri=0.0, viewPos=None, viewScale=None, waitBlanking=True, winType='pyglet')
11.3553 	EXP 	window1: mouseVisible = True
11.3554 	EXP 	window1: recordFrameIntervals = False
11.5209 	EXP 	window1: recordFrameIntervals = True
11.7054 	EXP 	window1: recordFrameIntervals = False
12.0210 	EXP 	Sound sound_3 set volume 1.000
12.0212 	EXP 	Sound Sonido set volume 1.000
12.0318 	EXP 	Created image_2 = ImageStim(__class__=<class 'psychopy.visual.image.ImageStim'>, autoLog=True, color=array([1., 1., 1.]), colorSpace='rgb', contrast=1.0, depth=-1.0, flipHoriz=False, flipVert=False, image='sin', interpolate=True, mask=None, maskParams=None, name='image_2', opacity=1.0, ori=0.0, pos=array([0. , 0.2]), size=array([0.5, 0.5]), texRes=128, units='height', win=Window(...))
12.0512 	EXP 	window1: mouseVisible = True
12.1515 	EXP 	Created slider_2 = Slider(__class__=<class 'psychopy.visual.slider.Slider'>, autoDraw=False, autoLog=True, color='LightGray', depth=0, flip=False, font='HelveticaBold', granularity=0, labelHeight=0.05, labelWrapWidth=None, labels=('0', '1000', '2000', '3000', '4000', '5000'), name='slider_2', pos=(0, -0.3), readOnly=False, self=UNKNOWN, size=(1.0, 0.05), style=method-wrapper(...), ticks=array([1, 2, 3, 4, 5, 6]), units='height', win=Window(...))
12.2224 	EXP 	Created text_2 = TextStim(__class__=<class 'psychopy.visual.text.TextStim'>, alignHoriz=method-wrapper(...), alignText='center', alignVert=method-wrapper(...), anchorHoriz='center', anchorVert='center', antialias=True, autoLog=True, bold=False, color='white', colorSpace='named', contrast=1.0, depth=0.0, flipHoriz=False, flipVert=False, font='Arial', fontFiles=[], height=0.05, italic=False, languageStyle='LTR', name='text_2', opacity=1.0, ori=0, pos=array([0., 0.]), rgb=array([255., 255., 255.]), text=str(...), units='height', win=Window(...), wrapWidth=1)
12.2648 	EXP 	Created text_3 = TextStim(__class__=<class 'psychopy.visual.text.TextStim'>, alignHoriz=method-wrapper(...), alignText='center', alignVert=method-wrapper(...), anchorHoriz='center', anchorVert='center', antialias=True, autoLog=True, bold=False, color='white', colorSpace='named', contrast=1.0, depth=0.0, flipHoriz=False, flipVert=False, font='Arial', fontFiles=[], height=0.05, italic=False, languageStyle='LTR', name='text_3', opacity=1.0, ori=0, pos=array([0., 0.]), rgb=array([255., 255., 255.]), text=str(...), units='height', win=Window(...), wrapWidth=1)
12.2944 	EXP 	Created text = TextStim(__class__=<class 'psychopy.visual.text.TextStim'>, alignHoriz=method-wrapper(...), alignText='center', alignVert=method-wrapper(...), anchorHoriz='center', anchorVert='center', antialias=True, autoLog=True, bold=False, color='white', colorSpace='named', contrast=1.0, depth=-1.0, flipHoriz=False, flipVert=False, font='Arial', fontFiles=[], height=0.1, italic=False, languageStyle='LTR', name='text', opacity=1.0, ori=0, pos=array([0.  , 0.15]), rgb=array([255., 255., 255.]), text='default text', units='height', win=Window(...), wrapWidth=1)
12.2990 	EXP 	Created text_4 = TextStim(__class__=<class 'psychopy.visual.text.TextStim'>, alignHoriz=method-wrapper(...), alignText='center', alignVert=method-wrapper(...), anchorHoriz='center', anchorVert='center', antialias=True, autoLog=True, bold=False, color='white', colorSpace='named', contrast=1.0, depth=-1.0, flipHoriz=False, flipVert=False, font='Arial', fontFiles=[], height=0.1, italic=False, languageStyle='LTR', name='text_4', opacity=1.0, ori=0, pos=array([0., 0.]), rgb=array([255., 255., 255.]), text='default text', units='height', win=Window(...), wrapWidth=1)
12.3025 	EXP 	Created image = ImageStim(__class__=<class 'psychopy.visual.image.ImageStim'>, autoLog=True, color=array([1., 1., 1.]), colorSpace='rgb', contrast=1.0, depth=-1.0, flipHoriz=False, flipVert=False, image='sin', interpolate=True, mask=None, maskParams=None, name='image', opacity=1.0, ori=0.0, pos=array([0., 0.]), size=array([0.5, 0.5]), texRes=128, units='height', win=Window(...))
12.3070 	EXP 	Created texto_final = TextStim(__class__=<class 'psychopy.visual.text.TextStim'>, alignHoriz=method-wrapper(...), alignText='center', alignVert=method-wrapper(...), anchorHoriz='center', anchorVert='center', antialias=True, autoLog=True, bold=False, color='white', colorSpace='named', contrast=1.0, depth=-1.0, flipHoriz=False, flipVert=False, font='Arial', fontFiles=[], height=0.1, italic=False, languageStyle='LTR', name='texto_final', opacity=1.0, ori=0, pos=array([0., 0.]), rgb=array([255., 255., 255.]), text='default text', units='height', win=Window(...), wrapWidth=1)
12.3835 	EXP 	slider_2: autoLog = True
12.3835 	EXP 	slider_2: markerPos = None
12.3835 	EXP 	slider_2: rating = None
12.3835 	EXP 	slider_2: markerPos = None
12.3835 	EXP 	slider_2: contrast = 1.0
12.3835 	EXP 	slider_2: autoLog = True
12.3835 	EXP 	slider_2: style = ['rating']
22.4094 	EXP 	Imported ruidos.xlsx as conditions, 4 conditions, 2 params
22.4098 	EXP 	Created sequence: random, trialTypes=4, nReps=1, seed=None
22.4100 	EXP 	New trial (rep=0, index=0): OrderedDict([('Hertz', 400), ('volumen', 0.02)])
22.4171 	EXP 	Imported imagenes.xlsx as conditions, 36 conditions, 3 params
22.4175 	EXP 	Created sequence: random, trialTypes=36, nReps=1, seed=None
22.4177 	EXP 	New trial (rep=0, index=0): OrderedDict([('Imagenes', 'imagenes/Croissant.jpg'), ('Random', 0.5824748589948932), ('Correcto', None)])
22.4616 	EXP 	image_2: image = 'imagenes/Croissant.jpg'
22.4616 	EXP 	slider_2: markerPos = None
22.4616 	EXP 	slider_2: markerPos = None
22.4616 	EXP 	slider_2: rating = None
23.4906 	EXP 	image_2: autoDraw = True
23.4906 	EXP 	slider_2: autoDraw = True
24.2066 	DATA 	Mouse: Left button down, pos=(692,168)
24.2213 	EXP 	slider_2: markerPos = 3.55859375
24.2381 	EXP 	slider_2: markerPos = 3.55859375
24.2547 	EXP 	slider_2: markerPos = 3.55859375
24.2716 	EXP 	slider_2: markerPos = 3.55859375
24.2757 	DATA 	Mouse:  Left button up, pos=(692,168)
24.2879 	EXP 	slider_2: markerPos = 3.55859375
24.3049 	EXP 	slider_2: markerPos = 3.55859375
24.3049 	EXP 	slider_2: rating = 3.55859375
24.3079 	EXP 	New trial (rep=0, index=1): OrderedDict([('Imagenes', 'imagenes/Kiwi.jpg'), ('Random', 0.3929145850942286), ('Correcto', None)])
24.3247 	EXP 	image_2: autoDraw = False
24.3247 	EXP 	slider_2: autoDraw = False
24.3247 	EXP 	image_2: image = 'imagenes/Kiwi.jpg'
24.3247 	EXP 	slider_2: markerPos = None
24.3247 	EXP 	slider_2: markerPos = None
24.3247 	EXP 	slider_2: rating = None
25.3213 	EXP 	image_2: autoDraw = True
25.3213 	EXP 	slider_2: autoDraw = True
25.6567 	DATA 	Keypress: escape
26.0755 	EXP 	window1: mouseVisible = True
