0.7920 	WARNING 	We strongly recommend you activate the PTB sound engine in PsychoPy prefs as the preferred audio engine. Its timing is vastly superior. Your prefs are currently set to use ['sounddevice', 'PTB', 'pyo', 'pygame'] (in that order).
9.4941 	EXP 	Created window1 = Window(allowGUI=False, allowStencil=False, args=UNKNOWN, autoLog=True, bitsMode=UNKNOWN, blendMode='avg', bpc=(8, 8, 8), color=array([1., 1., 1.]), colorSpace='rgb', depthBits=8, fullscr=<method-wrapper '__getattribute__' of attributeSetter object at 0x00000170C6B9F400>, gamma=None, gammaErrorPolicy='raise', kwargs=UNKNOWN, lms=UNKNOWN, monitor=<psychopy.monitors.calibTools.Monitor object at 0x00000170C6D97BE0>, multiSample=False, name='window1', numSamples=2, pos=[0.0, 0.0], screen=0, size=array([1366,  768]), stencilBits=0, stereo=False, units='height', useFBO=True, useRetina=False, viewOri=0.0, viewPos=None, viewScale=None, waitBlanking=True, winType='pyglet')
9.4942 	EXP 	window1: mouseVisible = True
9.4943 	EXP 	window1: recordFrameIntervals = False
9.6592 	EXP 	window1: recordFrameIntervals = True
9.8428 	EXP 	window1: recordFrameIntervals = False
9.9845 	ERROR 	Unknown colorSpace: named
10.1056 	EXP 	Sound Sonido set volume 1.000
10.1110 	EXP 	Created image_2 = ImageStim(__class__=<class 'psychopy.visual.image.ImageStim'>, autoLog=True, color=array([1., 1., 1.]), colorSpace='rgb', contrast=1.0, depth=-1.0, flipHoriz=False, flipVert=False, image='sin', interpolate=True, mask=None, maskParams=None, name='image_2', opacity=1.0, ori=0.0, pos=array([0. , 0.2]), size=array([0.5, 0.5]), texRes=128, units='height', win=Window(...))
10.1130 	EXP 	window1: mouseVisible = True
10.1601 	EXP 	Created slider_2 = Slider(__class__=<class 'psychopy.visual.slider.Slider'>, autoDraw=False, autoLog=True, color='LightGray', depth=-2, flip=False, font='HelveticaBold', granularity=0, labelHeight=0.05, labelWrapWidth=None, labels=('0', '1000', '2000', '3000', '4000', '5000'), name='slider_2', pos=(0, -0.3), readOnly=False, self=UNKNOWN, size=(1.0, 0.05), style=method-wrapper(...), ticks=array([1, 2, 3, 4, 5, 6]), units='height', win=Window(...))
10.1953 	EXP 	Created text_2 = TextStim(__class__=<class 'psychopy.visual.text.TextStim'>, alignHoriz=method-wrapper(...), alignText='center', alignVert=method-wrapper(...), anchorHoriz='center', anchorVert='center', antialias=True, autoLog=True, bold=False, color='white', colorSpace='named', contrast=1.0, depth=0.0, flipHoriz=False, flipVert=False, font='Arial', fontFiles=[], height=0.05, italic=False, languageStyle='LTR', name='text_2', opacity=1.0, ori=0, pos=array([0., 0.]), rgb=array([255., 255., 255.]), text=str(...), units='height', win=Window(...), wrapWidth=1)
10.2153 	EXP 	Created text_3 = TextStim(__class__=<class 'psychopy.visual.text.TextStim'>, alignHoriz=method-wrapper(...), alignText='center', alignVert=method-wrapper(...), anchorHoriz='center', anchorVert='center', antialias=True, autoLog=True, bold=False, color='white', colorSpace='named', contrast=1.0, depth=0.0, flipHoriz=False, flipVert=False, font='Arial', fontFiles=[], height=0.05, italic=False, languageStyle='LTR', name='text_3', opacity=1.0, ori=0, pos=array([0., 0.]), rgb=array([255., 255., 255.]), text=str(...), units='height', win=Window(...), wrapWidth=1)
10.2307 	EXP 	Created text = TextStim(__class__=<class 'psychopy.visual.text.TextStim'>, alignHoriz=method-wrapper(...), alignText='center', alignVert=method-wrapper(...), anchorHoriz='center', anchorVert='center', antialias=True, autoLog=True, bold=False, color='white', colorSpace='named', contrast=1.0, depth=-1.0, flipHoriz=False, flipVert=False, font='Arial', fontFiles=[], height=0.1, italic=False, languageStyle='LTR', name='text', opacity=1.0, ori=0, pos=array([0.  , 0.15]), rgb=array([255., 255., 255.]), text='default text', units='height', win=Window(...), wrapWidth=1)
10.2328 	EXP 	Created text_4 = TextStim(__class__=<class 'psychopy.visual.text.TextStim'>, alignHoriz=method-wrapper(...), alignText='center', alignVert=method-wrapper(...), anchorHoriz='center', anchorVert='center', antialias=True, autoLog=True, bold=False, color='white', colorSpace='named', contrast=1.0, depth=-1.0, flipHoriz=False, flipVert=False, font='Arial', fontFiles=[], height=0.1, italic=False, languageStyle='LTR', name='text_4', opacity=1.0, ori=0, pos=array([0., 0.]), rgb=array([255., 255., 255.]), text='default text', units='height', win=Window(...), wrapWidth=1)
10.2343 	EXP 	Created image = ImageStim(__class__=<class 'psychopy.visual.image.ImageStim'>, autoLog=True, color=array([1., 1., 1.]), colorSpace='rgb', contrast=1.0, depth=0.0, flipHoriz=False, flipVert=False, image='sin', interpolate=True, mask=None, maskParams=None, name='image', opacity=1.0, ori=0.0, pos=array([0. , 0.2]), size=array([0.5, 0.5]), texRes=128, units='height', win=Window(...))
10.2363 	EXP 	Created texto_final = TextStim(__class__=<class 'psychopy.visual.text.TextStim'>, alignHoriz=method-wrapper(...), alignText='center', alignVert=method-wrapper(...), anchorHoriz='center', anchorVert='center', antialias=True, autoLog=True, bold=False, color='white', colorSpace='named', contrast=1.0, depth=-1.0, flipHoriz=False, flipVert=False, font='Arial', fontFiles=[], height=0.1, italic=False, languageStyle='LTR', name='texto_final', opacity=1.0, ori=0, pos=array([0., 0.]), rgb=array([255., 255., 255.]), text='default text', units='height', win=Window(...), wrapWidth=1)
10.2722 	EXP 	mensaje_intro: autoLog = True
10.2722 	EXP 	mensaje_intro_2: autoLog = True
10.2722 	EXP 	slider_2: autoLog = True
10.2722 	EXP 	slider_2: markerPos = None
10.2722 	EXP 	slider_2: rating = None
10.2722 	EXP 	slider_2: markerPos = None
10.2722 	EXP 	slider_2: contrast = 1.0
10.2722 	EXP 	slider_2: autoLog = True
10.2722 	EXP 	slider_2: style = ['rating']
10.2722 	EXP 	mensaje_intro: autoDraw = True
16.5486 	DATA 	Keypress: space
16.5614 	EXP 	mensaje_intro: autoDraw = False
16.5614 	EXP 	mensaje_intro_2: autoDraw = True
19.8478 	EXP 	Imported ruidos.xlsx as conditions, 4 conditions, 2 params
19.8493 	EXP 	Created sequence: random, trialTypes=4, nReps=1, seed=None
19.8496 	EXP 	New trial (rep=0, index=0): OrderedDict([('Hertz', 1000), ('volumen', 0.02)])
19.8618 	EXP 	Imported imagenes.xlsx as conditions, 36 conditions, 3 params
19.8621 	EXP 	Created sequence: random, trialTypes=36, nReps=1, seed=None
19.8623 	EXP 	New trial (rep=0, index=0): OrderedDict([('Imagenes', 'imagenes/Chocoramo.jfif.jpg'), ('Random', 0.7425528559884101), ('Correcto', None)])
19.9044 	DATA 	Keypress: space
19.9069 	EXP 	mensaje_intro_2: autoDraw = False
19.9069 	EXP 	image_2: image = 'imagenes/Chocoramo.jfif.jpg'
19.9069 	EXP 	slider_2: markerPos = None
19.9069 	EXP 	slider_2: markerPos = None
19.9069 	EXP 	slider_2: rating = None
20.9567 	EXP 	image_2: autoDraw = True
20.9567 	EXP 	slider_2: autoDraw = True
22.7325 	EXP 	New trial (rep=0, index=1): OrderedDict([('Imagenes', 'imagenes/Pizza.png'), ('Random', 0.21192443516553439), ('Correcto', None)])
22.7537 	EXP 	image_2: autoDraw = False
22.7537 	EXP 	slider_2: autoDraw = False
22.7537 	EXP 	image_2: image = 'imagenes/Pizza.png'
22.7537 	EXP 	slider_2: markerPos = None
22.7537 	EXP 	slider_2: markerPos = None
22.7537 	EXP 	slider_2: rating = None
23.7425 	EXP 	image_2: autoDraw = True
23.7425 	EXP 	slider_2: autoDraw = True
24.3940 	DATA 	Keypress: escape
24.7765 	EXP 	window1: mouseVisible = True
