0.8155 	WARNING 	We strongly recommend you activate the PTB sound engine in PsychoPy prefs as the preferred audio engine. Its timing is vastly superior. Your prefs are currently set to use ['sounddevice', 'PTB', 'pyo', 'pygame'] (in that order).
9.6890 	WARNING 	User requested fullscreen with size [1024  768], but screen is actually [1366, 768]. Using actual size
11.0989 	EXP 	Created window1 = Window(allowGUI=False, allowStencil=False, args=UNKNOWN, autoLog=True, bitsMode=UNKNOWN, blendMode='avg', bpc=(8, 8, 8), color=array([0., 0., 0.]), colorSpace='rgb', depthBits=8, fullscr=<method-wrapper '__getattribute__' of attributeSetter object at 0x000002916C01D6D8>, gamma=None, gammaErrorPolicy='raise', kwargs=UNKNOWN, lms=UNKNOWN, monitor=<psychopy.monitors.calibTools.Monitor object at 0x000002916BDFA780>, multiSample=False, name='window1', numSamples=2, pos=[0.0, 0.0], screen=0, size=array([1366,  768]), stencilBits=0, stereo=False, units='height', useFBO=True, useRetina=False, viewOri=0.0, viewPos=None, viewScale=None, waitBlanking=True, winType='pyglet')
11.0993 	EXP 	window1: mouseVisible = True
11.0994 	EXP 	window1: recordFrameIntervals = False
11.2645 	EXP 	window1: recordFrameIntervals = True
11.4490 	EXP 	window1: recordFrameIntervals = False
11.6492 	EXP 	Sound Sonido set volume 1.000
11.6553 	EXP 	Created image_2 = ImageStim(__class__=<class 'psychopy.visual.image.ImageStim'>, autoLog=True, color=array([1., 1., 1.]), colorSpace='rgb', contrast=1.0, depth=-1.0, flipHoriz=False, flipVert=False, image='sin', interpolate=True, mask=None, maskParams=None, name='image_2', opacity=1.0, ori=0.0, pos=array([0. , 0.2]), size=array([0.5, 0.5]), texRes=128, units='height', win=Window(...))
11.6638 	EXP 	window1: mouseVisible = True
11.7100 	EXP 	Created slider_2 = Slider(__class__=<class 'psychopy.visual.slider.Slider'>, autoDraw=False, autoLog=True, color='LightGray', depth=0, flip=False, font='HelveticaBold', granularity=0, labelHeight=0.05, labelWrapWidth=None, labels=('0', '1000', '2000', '3000', '4000', '5000'), name='slider_2', pos=(0, -0.3), readOnly=False, self=UNKNOWN, size=(1.0, 0.05), style=method-wrapper(...), ticks=array([1, 2, 3, 4, 5, 6]), units='height', win=Window(...))
11.7258 	EXP 	Created text = TextStim(__class__=<class 'psychopy.visual.text.TextStim'>, alignHoriz=method-wrapper(...), alignText='center', alignVert=method-wrapper(...), anchorHoriz='center', anchorVert='center', antialias=True, autoLog=True, bold=False, color='white', colorSpace='named', contrast=1.0, depth=-1.0, flipHoriz=False, flipVert=False, font='Arial', fontFiles=[], height=0.1, italic=False, languageStyle='LTR', name='text', opacity=1.0, ori=0, pos=array([0., 0.]), rgb=array([255., 255., 255.]), text='default text', units='height', win=Window(...), wrapWidth=1)
11.7769 	EXP 	Imported ruidos.xlsx as conditions, 4 conditions, 2 params
11.7772 	EXP 	Created sequence: random, trialTypes=4, nReps=1, seed=None
11.7774 	EXP 	New trial (rep=0, index=0): OrderedDict([('Hertz', 1000), ('volumen', 0.02)])
11.7829 	EXP 	Imported imagenes.xlsx as conditions, 20 conditions, 3 params
11.7831 	EXP 	Created sequence: random, trialTypes=20, nReps=1, seed=None
11.7834 	EXP 	New trial (rep=0, index=0): OrderedDict([('Imagenes', 'imagenes\\Yogurt-alpina.jpg'), ('Random', 0.21540995091807813), ('Correcto', None)])
11.8274 	EXP 	slider_2: autoLog = True
11.8274 	EXP 	slider_2: markerPos = None
11.8274 	EXP 	slider_2: rating = None
11.8274 	EXP 	slider_2: markerPos = None
11.8274 	EXP 	slider_2: contrast = 1.0
11.8274 	EXP 	slider_2: autoLog = True
11.8274 	EXP 	slider_2: style = ['rating']
11.8274 	EXP 	image_2: image = 'imagenes\\Yogurt-alpina.jpg'
11.8274 	EXP 	slider_2: markerPos = None
11.8274 	EXP 	slider_2: markerPos = None
11.8274 	EXP 	slider_2: rating = None
11.8274 	EXP 	image_2: autoDraw = True
11.8274 	EXP 	slider_2: autoDraw = True
12.7664 	EXP 	New trial (rep=0, index=1): OrderedDict([('Imagenes', 'imagenes\\Mango.jpeg'), ('Random', 0.555669112372461), ('Correcto', None)])
12.7934 	EXP 	image_2: autoDraw = False
12.7934 	EXP 	slider_2: autoDraw = False
12.7934 	EXP 	image_2: image = 'imagenes\\Mango.jpeg'
12.7934 	EXP 	slider_2: markerPos = None
12.7934 	EXP 	slider_2: markerPos = None
12.7934 	EXP 	slider_2: rating = None
12.7934 	EXP 	image_2: autoDraw = True
12.7934 	EXP 	slider_2: autoDraw = True
13.0362 	DATA 	Mouse: Left button down, pos=(705,152)
13.0645 	EXP 	slider_2: markerPos = 3.643229166666667
13.0811 	EXP 	slider_2: markerPos = 3.643229166666667
13.0983 	EXP 	slider_2: markerPos = 3.643229166666667
13.1145 	EXP 	slider_2: markerPos = 3.643229166666667
13.1316 	EXP 	slider_2: markerPos = 3.643229166666667
13.1342 	DATA 	Mouse:  Left button up, pos=(705,152)
13.1482 	EXP 	slider_2: markerPos = 3.643229166666667
13.1482 	EXP 	slider_2: rating = 3.643229166666667
13.1510 	EXP 	New trial (rep=0, index=2): OrderedDict([('Imagenes', 'imagenes\\Chocoramo.jfif.jpg'), ('Random', 0.7789437122019539), ('Correcto', None)])
13.1807 	EXP 	image_2: autoDraw = False
13.1807 	EXP 	slider_2: autoDraw = False
13.1807 	EXP 	image_2: image = 'imagenes\\Chocoramo.jfif.jpg'
13.1807 	EXP 	slider_2: markerPos = None
13.1807 	EXP 	slider_2: markerPos = None
13.1807 	EXP 	slider_2: rating = None
13.1807 	EXP 	image_2: autoDraw = True
13.1807 	EXP 	slider_2: autoDraw = True
13.5160 	DATA 	Mouse: Left button down, pos=(685,147)
13.5311 	EXP 	slider_2: markerPos = 3.513020833333333
13.5477 	EXP 	slider_2: markerPos = 3.513020833333333
13.5645 	EXP 	slider_2: markerPos = 3.513020833333333
13.5813 	EXP 	slider_2: markerPos = 3.513020833333333
13.5979 	EXP 	slider_2: markerPos = 3.513020833333333
13.6025 	DATA 	Mouse:  Left button up, pos=(685,147)
13.6144 	EXP 	slider_2: markerPos = 3.513020833333333
13.6314 	EXP 	slider_2: markerPos = 3.513020833333333
13.6314 	EXP 	slider_2: rating = 3.513020833333333
13.6340 	EXP 	New trial (rep=0, index=3): OrderedDict([('Imagenes', 'imagenes\\Croissant.jpg'), ('Random', 0.6152458173421255), ('Correcto', None)])
13.6671 	EXP 	image_2: autoDraw = False
13.6671 	EXP 	slider_2: autoDraw = False
13.6671 	EXP 	image_2: image = 'imagenes\\Croissant.jpg'
13.6671 	EXP 	slider_2: markerPos = None
13.6671 	EXP 	slider_2: markerPos = None
13.6671 	EXP 	slider_2: rating = None
13.6671 	EXP 	image_2: autoDraw = True
13.6671 	EXP 	slider_2: autoDraw = True
14.0714 	DATA 	Mouse: Left button down, pos=(683,149)
14.0978 	EXP 	slider_2: markerPos = 3.5
14.1145 	EXP 	slider_2: markerPos = 3.5
14.1311 	EXP 	slider_2: markerPos = 3.5
14.1481 	EXP 	slider_2: markerPos = 3.5
14.1645 	EXP 	slider_2: markerPos = 3.5
14.1811 	EXP 	slider_2: markerPos = 3.5
14.1832 	DATA 	Mouse:  Left button up, pos=(683,149)
14.1977 	EXP 	slider_2: markerPos = 3.5
14.1977 	EXP 	slider_2: rating = 3.5
14.2003 	EXP 	New trial (rep=0, index=4): OrderedDict([('Imagenes', 'imagenes\\Papas-naturales.jpg'), ('Random', 0.15856838916280946), ('Correcto', None)])
14.2192 	EXP 	image_2: autoDraw = False
14.2192 	EXP 	slider_2: autoDraw = False
14.2192 	EXP 	image_2: image = 'imagenes\\Papas-naturales.jpg'
14.2192 	EXP 	slider_2: markerPos = None
14.2192 	EXP 	slider_2: markerPos = None
14.2192 	EXP 	slider_2: rating = None
14.2192 	EXP 	image_2: autoDraw = True
14.2192 	EXP 	slider_2: autoDraw = True
14.5165 	DATA 	Mouse: Left button down, pos=(683,149)
14.5312 	EXP 	slider_2: markerPos = 3.5
14.5481 	EXP 	slider_2: markerPos = 3.5
14.5644 	EXP 	slider_2: markerPos = 3.5
14.5814 	EXP 	slider_2: markerPos = 3.5
14.5980 	EXP 	slider_2: markerPos = 3.5
14.6144 	EXP 	slider_2: markerPos = 3.5
14.6313 	EXP 	slider_2: markerPos = 3.5
14.6332 	DATA 	Mouse:  Left button up, pos=(683,149)
14.6478 	EXP 	slider_2: markerPos = 3.5
14.6478 	EXP 	slider_2: rating = 3.5
14.6512 	EXP 	New trial (rep=0, index=5): OrderedDict([('Imagenes', 'imagenes\\Popetas.jpg'), ('Random', 0.07650200324054446), ('Correcto', None)])
14.7052 	EXP 	image_2: autoDraw = False
14.7052 	EXP 	slider_2: autoDraw = False
14.7052 	EXP 	image_2: image = 'imagenes\\Popetas.jpg'
14.7052 	EXP 	slider_2: markerPos = None
14.7052 	EXP 	slider_2: markerPos = None
14.7052 	EXP 	slider_2: rating = None
14.7052 	EXP 	image_2: autoDraw = True
14.7052 	EXP 	slider_2: autoDraw = True
15.0002 	DATA 	Mouse: Left button down, pos=(683,149)
15.0145 	EXP 	slider_2: markerPos = 3.5
15.0312 	EXP 	slider_2: markerPos = 3.5
15.0479 	EXP 	slider_2: markerPos = 3.5
15.0647 	EXP 	slider_2: markerPos = 3.5
15.0815 	EXP 	slider_2: markerPos = 3.5
15.0979 	EXP 	slider_2: markerPos = 3.5
15.1004 	DATA 	Mouse:  Left button up, pos=(683,149)
15.1145 	EXP 	slider_2: markerPos = 3.5
15.1145 	EXP 	slider_2: rating = 3.5
15.1174 	EXP 	New trial (rep=0, index=6): OrderedDict([('Imagenes', 'imagenes\\Manzana.jpg'), ('Random', 0.5168162194437935), ('Correcto', None)])
15.1428 	EXP 	image_2: autoDraw = False
15.1428 	EXP 	slider_2: autoDraw = False
15.1428 	EXP 	image_2: image = 'imagenes\\Manzana.jpg'
15.1428 	EXP 	slider_2: markerPos = None
15.1428 	EXP 	slider_2: markerPos = None
15.1428 	EXP 	slider_2: rating = None
15.1428 	EXP 	image_2: autoDraw = True
15.1428 	EXP 	slider_2: autoDraw = True
15.4517 	DATA 	Mouse: Left button down, pos=(683,149)
15.4812 	EXP 	slider_2: markerPos = 3.5
15.4972 	EXP 	slider_2: markerPos = 3.5
15.5146 	EXP 	slider_2: markerPos = 3.5
15.5309 	EXP 	slider_2: markerPos = 3.5
15.5478 	EXP 	slider_2: markerPos = 3.5
15.5528 	DATA 	Mouse:  Left button up, pos=(683,149)
15.5647 	EXP 	slider_2: markerPos = 3.5
15.5816 	EXP 	slider_2: markerPos = 3.5
15.5816 	EXP 	slider_2: rating = 3.5
15.5840 	EXP 	New trial (rep=0, index=7): OrderedDict([('Imagenes', 'imagenes\\bon-bon-bun.jpg'), ('Random', 0.7387922093313524), ('Correcto', None)])
15.6039 	EXP 	image_2: autoDraw = False
15.6039 	EXP 	slider_2: autoDraw = False
15.6039 	EXP 	image_2: image = 'imagenes\\bon-bon-bun.jpg'
15.6039 	EXP 	slider_2: markerPos = None
15.6039 	EXP 	slider_2: markerPos = None
15.6039 	EXP 	slider_2: rating = None
15.6039 	EXP 	image_2: autoDraw = True
15.6039 	EXP 	slider_2: autoDraw = True
15.8001 	DATA 	Mouse: Left button down, pos=(683,149)
15.8147 	EXP 	slider_2: markerPos = 3.5
15.8314 	EXP 	slider_2: markerPos = 3.5
15.8481 	EXP 	slider_2: markerPos = 3.5
15.8644 	EXP 	slider_2: markerPos = 3.5
15.8812 	EXP 	slider_2: markerPos = 3.5
15.8977 	EXP 	slider_2: markerPos = 3.5
15.9145 	EXP 	slider_2: markerPos = 3.5
15.9310 	EXP 	slider_2: markerPos = 3.5
15.9327 	DATA 	Mouse:  Left button up, pos=(683,149)
15.9480 	EXP 	slider_2: markerPos = 3.5
15.9480 	EXP 	slider_2: rating = 3.5
15.9507 	EXP 	New trial (rep=0, index=8): OrderedDict([('Imagenes', 'imagenes\\Uvas.jpg'), ('Random', 0.7734382152670648), ('Correcto', None)])
15.9778 	EXP 	image_2: autoDraw = False
15.9778 	EXP 	slider_2: autoDraw = False
15.9778 	EXP 	image_2: image = 'imagenes\\Uvas.jpg'
15.9778 	EXP 	slider_2: markerPos = None
15.9778 	EXP 	slider_2: markerPos = None
15.9778 	EXP 	slider_2: rating = None
15.9778 	EXP 	image_2: autoDraw = True
15.9778 	EXP 	slider_2: autoDraw = True
16.1999 	DATA 	Mouse: Left button down, pos=(683,149)
16.2142 	EXP 	slider_2: markerPos = 3.5
16.2313 	EXP 	slider_2: markerPos = 3.5
16.2479 	EXP 	slider_2: markerPos = 3.5
16.2645 	EXP 	slider_2: markerPos = 3.5
16.2815 	EXP 	slider_2: markerPos = 3.5
16.2978 	EXP 	slider_2: markerPos = 3.5
16.3144 	EXP 	slider_2: markerPos = 3.5
16.3315 	EXP 	slider_2: markerPos = 3.5
16.3330 	DATA 	Mouse:  Left button up, pos=(683,149)
16.3480 	EXP 	slider_2: markerPos = 3.5
16.3480 	EXP 	slider_2: rating = 3.5
16.3512 	EXP 	New trial (rep=0, index=9): OrderedDict([('Imagenes', 'imagenes\\Papas-pollo.jpg'), ('Random', 0.6683114062971784), ('Correcto', None)])
16.3710 	EXP 	image_2: autoDraw = False
16.3710 	EXP 	slider_2: autoDraw = False
16.3710 	EXP 	image_2: image = 'imagenes\\Papas-pollo.jpg'
16.3710 	EXP 	slider_2: markerPos = None
16.3710 	EXP 	slider_2: markerPos = None
16.3710 	EXP 	slider_2: rating = None
16.3710 	EXP 	image_2: autoDraw = True
16.3710 	EXP 	slider_2: autoDraw = True
16.6165 	DATA 	Mouse: Left button down, pos=(683,149)
16.6311 	EXP 	slider_2: markerPos = 3.5
16.6478 	EXP 	slider_2: markerPos = 3.5
16.6644 	EXP 	slider_2: markerPos = 3.5
16.6810 	EXP 	slider_2: markerPos = 3.5
16.6977 	EXP 	slider_2: markerPos = 3.5
16.7144 	EXP 	slider_2: markerPos = 3.5
16.7311 	EXP 	slider_2: markerPos = 3.5
16.7481 	EXP 	slider_2: markerPos = 3.5
16.7647 	EXP 	slider_2: markerPos = 3.5
16.7812 	EXP 	slider_2: markerPos = 3.5
16.7837 	DATA 	Mouse:  Left button up, pos=(683,149)
16.7980 	EXP 	slider_2: markerPos = 3.5
16.7980 	EXP 	slider_2: rating = 3.5
16.8007 	EXP 	New trial (rep=0, index=10): OrderedDict([('Imagenes', 'imagenes\\Banano.jpeg'), ('Random', 0.651633055306917), ('Correcto', None)])
16.8192 	EXP 	image_2: autoDraw = False
16.8192 	EXP 	slider_2: autoDraw = False
16.8192 	EXP 	image_2: image = 'imagenes\\Banano.jpeg'
16.8192 	EXP 	slider_2: markerPos = None
16.8192 	EXP 	slider_2: markerPos = None
16.8192 	EXP 	slider_2: rating = None
16.8192 	EXP 	image_2: autoDraw = True
16.8192 	EXP 	slider_2: autoDraw = True
17.0660 	DATA 	Mouse: Left button down, pos=(683,149)
17.0812 	EXP 	slider_2: markerPos = 3.5
17.0976 	EXP 	slider_2: markerPos = 3.5
17.1144 	EXP 	slider_2: markerPos = 3.5
17.1310 	EXP 	slider_2: markerPos = 3.5
17.1484 	EXP 	slider_2: markerPos = 3.5
17.1649 	EXP 	slider_2: markerPos = 3.5
17.1812 	EXP 	slider_2: markerPos = 3.5
17.1977 	EXP 	slider_2: markerPos = 3.5
17.2027 	DATA 	Mouse:  Left button up, pos=(683,149)
17.2136 	EXP 	slider_2: markerPos = 3.5
17.2314 	EXP 	slider_2: markerPos = 3.5
17.2314 	EXP 	slider_2: rating = 3.5
17.2347 	EXP 	New trial (rep=0, index=11): OrderedDict([('Imagenes', 'imagenes\\Brownie.jpg'), ('Random', 0.17000143351927688), ('Correcto', None)])
17.2843 	EXP 	image_2: autoDraw = False
17.2843 	EXP 	slider_2: autoDraw = False
17.2843 	EXP 	image_2: image = 'imagenes\\Brownie.jpg'
17.2843 	EXP 	slider_2: markerPos = None
17.2843 	EXP 	slider_2: markerPos = None
17.2843 	EXP 	slider_2: rating = None
17.2843 	EXP 	image_2: autoDraw = True
17.2843 	EXP 	slider_2: autoDraw = True
17.5013 	DATA 	Mouse: Left button down, pos=(683,149)
17.5313 	EXP 	slider_2: markerPos = 3.5
17.5478 	EXP 	slider_2: markerPos = 3.5
17.5643 	EXP 	slider_2: markerPos = 3.5
17.5808 	EXP 	slider_2: markerPos = 3.5
17.5976 	EXP 	slider_2: markerPos = 3.5
17.6144 	EXP 	slider_2: markerPos = 3.5
17.6308 	EXP 	slider_2: markerPos = 3.5
17.6474 	EXP 	slider_2: markerPos = 3.5
17.6508 	DATA 	Mouse:  Left button up, pos=(683,149)
17.6641 	EXP 	slider_2: markerPos = 3.5
17.6809 	EXP 	slider_2: markerPos = 3.5
17.6809 	EXP 	slider_2: rating = 3.5
17.6833 	EXP 	New trial (rep=0, index=12): OrderedDict([('Imagenes', 'imagenes\\Leche-de-almendras.jpg'), ('Random', 0.36073876480313727), ('Correcto', None)])
17.7794 	EXP 	image_2: autoDraw = False
17.7794 	EXP 	slider_2: autoDraw = False
17.7794 	EXP 	image_2: image = 'imagenes\\Leche-de-almendras.jpg'
17.7794 	EXP 	slider_2: markerPos = None
17.7794 	EXP 	slider_2: markerPos = None
17.7794 	EXP 	slider_2: rating = None
17.7794 	EXP 	image_2: autoDraw = True
17.7794 	EXP 	slider_2: autoDraw = True
17.8989 	DATA 	Mouse: Left button down, pos=(683,149)
17.9146 	EXP 	slider_2: markerPos = 3.5
17.9311 	EXP 	slider_2: markerPos = 3.5
17.9480 	EXP 	slider_2: markerPos = 3.5
17.9647 	EXP 	slider_2: markerPos = 3.5
17.9813 	EXP 	slider_2: markerPos = 3.5
17.9978 	EXP 	slider_2: markerPos = 3.5
18.0145 	EXP 	slider_2: markerPos = 3.5
18.0312 	EXP 	slider_2: markerPos = 3.5
18.0480 	EXP 	slider_2: markerPos = 3.5
18.0644 	EXP 	slider_2: markerPos = 3.5
18.0686 	DATA 	Mouse:  Left button up, pos=(683,149)
18.0813 	EXP 	slider_2: markerPos = 3.5
18.0978 	EXP 	slider_2: markerPos = 3.5
18.0978 	EXP 	slider_2: rating = 3.5
18.1001 	EXP 	New trial (rep=0, index=13): OrderedDict([('Imagenes', 'imagenes\\Galletas-festival.jpg'), ('Random', 0.36121121246191135), ('Correcto', None)])
18.1194 	EXP 	image_2: autoDraw = False
18.1194 	EXP 	slider_2: autoDraw = False
18.1194 	EXP 	image_2: image = 'imagenes\\Galletas-festival.jpg'
18.1194 	EXP 	slider_2: markerPos = None
18.1194 	EXP 	slider_2: markerPos = None
18.1194 	EXP 	slider_2: rating = None
18.1194 	EXP 	image_2: autoDraw = True
18.1194 	EXP 	slider_2: autoDraw = True
18.3324 	DATA 	Mouse: Left button down, pos=(683,149)
18.3477 	EXP 	slider_2: markerPos = 3.5
18.3642 	EXP 	slider_2: markerPos = 3.5
18.3810 	EXP 	slider_2: markerPos = 3.5
18.3974 	EXP 	slider_2: markerPos = 3.5
18.4141 	EXP 	slider_2: markerPos = 3.5
18.4307 	EXP 	slider_2: markerPos = 3.5
18.4474 	EXP 	slider_2: markerPos = 3.5
18.4641 	EXP 	slider_2: markerPos = 3.5
18.4807 	EXP 	slider_2: markerPos = 3.5
18.4826 	DATA 	Mouse:  Left button up, pos=(683,149)
18.4975 	EXP 	slider_2: markerPos = 3.5
18.4975 	EXP 	slider_2: rating = 3.5
18.5000 	EXP 	New trial (rep=0, index=14): OrderedDict([('Imagenes', 'imagenes\\Papas-limon.jpg'), ('Random', 0.020692288100133793), ('Correcto', None)])
18.5142 	EXP 	image_2: autoDraw = False
18.5142 	EXP 	slider_2: autoDraw = False
18.5142 	EXP 	image_2: image = 'imagenes\\Papas-limon.jpg'
18.5142 	EXP 	slider_2: markerPos = None
18.5142 	EXP 	slider_2: markerPos = None
18.5142 	EXP 	slider_2: rating = None
18.5142 	EXP 	image_2: autoDraw = True
18.5142 	EXP 	slider_2: autoDraw = True
18.7493 	DATA 	Mouse: Left button down, pos=(683,149)
18.7641 	EXP 	slider_2: markerPos = 3.5
18.7807 	EXP 	slider_2: markerPos = 3.5
18.7976 	EXP 	slider_2: markerPos = 3.5
18.8140 	EXP 	slider_2: markerPos = 3.5
18.8309 	EXP 	slider_2: markerPos = 3.5
18.8474 	EXP 	slider_2: markerPos = 3.5
18.8641 	EXP 	slider_2: markerPos = 3.5
18.8807 	EXP 	slider_2: markerPos = 3.5
18.8975 	EXP 	slider_2: markerPos = 3.5
18.8997 	DATA 	Mouse:  Left button up, pos=(683,149)
18.9140 	EXP 	slider_2: markerPos = 3.5
18.9140 	EXP 	slider_2: rating = 3.5
18.9162 	EXP 	New trial (rep=0, index=15): OrderedDict([('Imagenes', 'imagenes\\Galletas Tosh.jpg'), ('Random', 0.478088790487872), ('Correcto', None)])
18.9427 	EXP 	image_2: autoDraw = False
18.9427 	EXP 	slider_2: autoDraw = False
18.9427 	EXP 	image_2: image = 'imagenes\\Galletas Tosh.jpg'
18.9427 	EXP 	slider_2: markerPos = None
18.9427 	EXP 	slider_2: markerPos = None
18.9427 	EXP 	slider_2: rating = None
18.9427 	EXP 	image_2: autoDraw = True
18.9427 	EXP 	slider_2: autoDraw = True
19.1330 	DATA 	Mouse: Left button down, pos=(683,149)
19.1477 	EXP 	slider_2: markerPos = 3.5
19.1643 	EXP 	slider_2: markerPos = 3.5
19.1807 	EXP 	slider_2: markerPos = 3.5
19.1976 	EXP 	slider_2: markerPos = 3.5
19.2142 	EXP 	slider_2: markerPos = 3.5
19.2309 	EXP 	slider_2: markerPos = 3.5
19.2479 	EXP 	slider_2: markerPos = 3.5
19.2644 	EXP 	slider_2: markerPos = 3.5
19.2809 	EXP 	slider_2: markerPos = 3.5
19.2976 	EXP 	slider_2: markerPos = 3.5
19.2996 	DATA 	Mouse:  Left button up, pos=(683,149)
19.3143 	EXP 	slider_2: markerPos = 3.5
19.3143 	EXP 	slider_2: rating = 3.5
19.3173 	EXP 	New trial (rep=0, index=16): OrderedDict([('Imagenes', 'imagenes\\Nutella (1).jpg'), ('Random', 0.5277483225747329), ('Correcto', None)])
19.3324 	EXP 	image_2: autoDraw = False
19.3324 	EXP 	slider_2: autoDraw = False
19.3324 	EXP 	image_2: image = 'imagenes\\Nutella (1).jpg'
19.3324 	EXP 	slider_2: markerPos = None
19.3324 	EXP 	slider_2: markerPos = None
19.3324 	EXP 	slider_2: rating = None
19.3324 	EXP 	image_2: autoDraw = True
19.3324 	EXP 	slider_2: autoDraw = True
19.5494 	DATA 	Mouse: Left button down, pos=(683,149)
19.5645 	EXP 	slider_2: markerPos = 3.5
19.5811 	EXP 	slider_2: markerPos = 3.5
19.5976 	EXP 	slider_2: markerPos = 3.5
19.6140 	EXP 	slider_2: markerPos = 3.5
19.6306 	EXP 	slider_2: markerPos = 3.5
19.6472 	EXP 	slider_2: markerPos = 3.5
19.6640 	EXP 	slider_2: markerPos = 3.5
19.6808 	EXP 	slider_2: markerPos = 3.5
19.6973 	EXP 	slider_2: markerPos = 3.5
19.6992 	DATA 	Mouse:  Left button up, pos=(683,149)
19.7140 	EXP 	slider_2: markerPos = 3.5
19.7140 	EXP 	slider_2: rating = 3.5
19.7168 	EXP 	New trial (rep=0, index=17): OrderedDict([('Imagenes', 'imagenes\\Kiwi.jpg'), ('Random', 0.5893907384852061), ('Correcto', None)])
19.7308 	EXP 	image_2: autoDraw = False
19.7308 	EXP 	slider_2: autoDraw = False
19.7308 	EXP 	image_2: image = 'imagenes\\Kiwi.jpg'
19.7308 	EXP 	slider_2: markerPos = None
19.7308 	EXP 	slider_2: markerPos = None
19.7308 	EXP 	slider_2: rating = None
19.7308 	EXP 	image_2: autoDraw = True
19.7308 	EXP 	slider_2: autoDraw = True
19.9347 	DATA 	Mouse: Left button down, pos=(683,149)
19.9642 	EXP 	slider_2: markerPos = 3.5
19.9811 	EXP 	slider_2: markerPos = 3.5
19.9976 	EXP 	slider_2: markerPos = 3.5
20.0145 	EXP 	slider_2: markerPos = 3.5
20.0312 	EXP 	slider_2: markerPos = 3.5
20.0480 	EXP 	slider_2: markerPos = 3.5
20.0634 	EXP 	slider_2: markerPos = 3.5
20.0813 	EXP 	slider_2: markerPos = 3.5
20.0851 	DATA 	Mouse:  Left button up, pos=(683,149)
20.0978 	EXP 	slider_2: markerPos = 3.5
20.1144 	EXP 	slider_2: markerPos = 3.5
20.1144 	EXP 	slider_2: rating = 3.5
20.1169 	EXP 	New trial (rep=0, index=18): OrderedDict([('Imagenes', 'imagenes\\Rosquitas (1).jpg'), ('Random', 0.3035383390851263), ('Correcto', None)])
20.1382 	EXP 	image_2: autoDraw = False
20.1382 	EXP 	slider_2: autoDraw = False
20.1382 	EXP 	image_2: image = 'imagenes\\Rosquitas (1).jpg'
20.1382 	EXP 	slider_2: markerPos = None
20.1382 	EXP 	slider_2: markerPos = None
20.1382 	EXP 	slider_2: rating = None
20.1382 	EXP 	image_2: autoDraw = True
20.1382 	EXP 	slider_2: autoDraw = True
20.3334 	DATA 	Mouse: Left button down, pos=(683,149)
20.3479 	EXP 	slider_2: markerPos = 3.5
20.3642 	EXP 	slider_2: markerPos = 3.5
20.3812 	EXP 	slider_2: markerPos = 3.5
20.3978 	EXP 	slider_2: markerPos = 3.5
20.4144 	EXP 	slider_2: markerPos = 3.5
20.4307 	EXP 	slider_2: markerPos = 3.5
20.4479 	EXP 	slider_2: markerPos = 3.5
20.4642 	EXP 	slider_2: markerPos = 3.5
20.4665 	DATA 	Mouse:  Left button up, pos=(683,149)
20.4811 	EXP 	slider_2: markerPos = 3.5
20.4811 	EXP 	slider_2: rating = 3.5
20.4834 	EXP 	New trial (rep=0, index=19): OrderedDict([('Imagenes', 'imagenes\\Alpinito.jpg'), ('Random', 0.4515332417045813), ('Correcto', None)])
20.5121 	EXP 	image_2: autoDraw = False
20.5121 	EXP 	slider_2: autoDraw = False
20.5121 	EXP 	image_2: image = 'imagenes\\Alpinito.jpg'
20.5121 	EXP 	slider_2: markerPos = None
20.5121 	EXP 	slider_2: markerPos = None
20.5121 	EXP 	slider_2: rating = None
20.5121 	EXP 	image_2: autoDraw = True
20.5121 	EXP 	slider_2: autoDraw = True
20.7332 	DATA 	Mouse: Left button down, pos=(683,149)
20.7479 	EXP 	slider_2: markerPos = 3.5
20.7641 	EXP 	slider_2: markerPos = 3.5
20.7810 	EXP 	slider_2: markerPos = 3.5
20.7978 	EXP 	slider_2: markerPos = 3.5
20.8144 	EXP 	slider_2: markerPos = 3.5
20.8313 	EXP 	slider_2: markerPos = 3.5
20.8477 	EXP 	slider_2: markerPos = 3.5
20.8647 	EXP 	slider_2: markerPos = 3.5
20.8812 	EXP 	slider_2: markerPos = 3.5
20.8977 	EXP 	slider_2: markerPos = 3.5
20.8999 	DATA 	Mouse:  Left button up, pos=(683,149)
20.9146 	EXP 	slider_2: markerPos = 3.5
20.9146 	EXP 	slider_2: rating = 3.5
20.9169 	EXP 	New trial (rep=0, index=1): OrderedDict([('Hertz', 1000), ('volumen', 0.0)])
20.9237 	EXP 	Imported imagenes.xlsx as conditions, 20 conditions, 3 params
20.9241 	EXP 	Created sequence: random, trialTypes=20, nReps=1, seed=None
20.9247 	EXP 	New trial (rep=0, index=0): OrderedDict([('Imagenes', 'imagenes\\Alpinito.jpg'), ('Random', 0.4515332417045813), ('Correcto', None)])
20.9507 	EXP 	image_2: autoDraw = False
20.9507 	EXP 	slider_2: autoDraw = False
20.9507 	EXP 	image_2: image = 'imagenes\\Alpinito.jpg'
20.9507 	EXP 	slider_2: markerPos = None
20.9507 	EXP 	slider_2: markerPos = None
20.9507 	EXP 	slider_2: rating = None
20.9507 	EXP 	image_2: autoDraw = True
20.9507 	EXP 	slider_2: autoDraw = True
21.0991 	DATA 	Mouse: Left button down, pos=(683,149)
21.1149 	EXP 	slider_2: markerPos = 3.5
21.1309 	EXP 	slider_2: markerPos = 3.5
21.1477 	EXP 	slider_2: markerPos = 3.5
21.1643 	EXP 	slider_2: markerPos = 3.5
21.1812 	EXP 	slider_2: markerPos = 3.5
21.1976 	EXP 	slider_2: markerPos = 3.5
21.2143 	EXP 	slider_2: markerPos = 3.5
21.2314 	EXP 	slider_2: markerPos = 3.5
21.2476 	EXP 	slider_2: markerPos = 3.5
21.2644 	EXP 	slider_2: markerPos = 3.5
21.2809 	EXP 	slider_2: markerPos = 3.5
21.2834 	DATA 	Mouse:  Left button up, pos=(683,149)
21.2976 	EXP 	slider_2: markerPos = 3.5
21.2976 	EXP 	slider_2: rating = 3.5
21.3009 	EXP 	New trial (rep=0, index=1): OrderedDict([('Imagenes', 'imagenes\\bon-bon-bun.jpg'), ('Random', 0.7387922093313524), ('Correcto', None)])
21.3319 	EXP 	image_2: autoDraw = False
21.3319 	EXP 	slider_2: autoDraw = False
21.3319 	EXP 	image_2: image = 'imagenes\\bon-bon-bun.jpg'
21.3319 	EXP 	slider_2: markerPos = None
21.3319 	EXP 	slider_2: markerPos = None
21.3319 	EXP 	slider_2: rating = None
21.3319 	EXP 	image_2: autoDraw = True
21.3319 	EXP 	slider_2: autoDraw = True
22.2664 	DATA 	Mouse: Left button down, pos=(683,149)
22.2809 	EXP 	slider_2: markerPos = 3.5
22.2976 	EXP 	slider_2: markerPos = 3.5
22.3142 	EXP 	slider_2: markerPos = 3.5
22.3175 	EXP 	New trial (rep=0, index=2): OrderedDict([('Imagenes', 'imagenes\\Mango.jpeg'), ('Random', 0.555669112372461), ('Correcto', None)])
22.3364 	EXP 	image_2: autoDraw = False
22.3364 	EXP 	slider_2: autoDraw = False
22.3364 	EXP 	image_2: autoDraw = False
22.3364 	EXP 	slider_2: autoDraw = False
22.3364 	EXP 	image_2: image = 'imagenes\\Mango.jpeg'
22.3364 	EXP 	slider_2: markerPos = None
22.3364 	EXP 	slider_2: markerPos = None
22.3364 	EXP 	slider_2: rating = None
22.3364 	EXP 	image_2: autoDraw = True
22.3364 	EXP 	slider_2: autoDraw = True
22.3364 	EXP 	slider_2: markerPos = 3.5
22.3476 	EXP 	slider_2: markerPos = 3.5
22.3642 	EXP 	slider_2: markerPos = 3.5
22.3811 	EXP 	slider_2: markerPos = 3.5
22.3975 	EXP 	slider_2: markerPos = 3.5
22.4143 	EXP 	slider_2: markerPos = 3.5
22.4308 	EXP 	slider_2: markerPos = 3.5
22.4330 	DATA 	Mouse:  Left button up, pos=(683,149)
22.4476 	EXP 	slider_2: markerPos = 3.5
22.4476 	EXP 	slider_2: rating = 3.5
22.4506 	EXP 	New trial (rep=0, index=3): OrderedDict([('Imagenes', 'imagenes\\Croissant.jpg'), ('Random', 0.6152458173421255), ('Correcto', None)])
22.4735 	EXP 	image_2: autoDraw = False
22.4735 	EXP 	slider_2: autoDraw = False
22.4735 	EXP 	image_2: image = 'imagenes\\Croissant.jpg'
22.4735 	EXP 	slider_2: markerPos = None
22.4735 	EXP 	slider_2: markerPos = None
22.4735 	EXP 	slider_2: rating = None
22.4735 	EXP 	image_2: autoDraw = True
22.4735 	EXP 	slider_2: autoDraw = True
22.6828 	DATA 	Mouse: Left button down, pos=(683,149)
22.6975 	EXP 	slider_2: markerPos = 3.5
22.7140 	EXP 	slider_2: markerPos = 3.5
22.7307 	EXP 	slider_2: markerPos = 3.5
22.7475 	EXP 	slider_2: markerPos = 3.5
22.7642 	EXP 	slider_2: markerPos = 3.5
22.7810 	EXP 	slider_2: markerPos = 3.5
22.7973 	EXP 	slider_2: markerPos = 3.5
22.8140 	EXP 	slider_2: markerPos = 3.5
22.8311 	EXP 	slider_2: markerPos = 3.5
22.8393 	DATA 	Mouse:  Left button up, pos=(683,149)
22.8475 	EXP 	slider_2: markerPos = 3.5
22.8642 	EXP 	slider_2: markerPos = 3.5
22.8642 	EXP 	slider_2: rating = 3.5
22.8672 	EXP 	New trial (rep=0, index=4): OrderedDict([('Imagenes', 'imagenes\\Leche-de-almendras.jpg'), ('Random', 0.36073876480313727), ('Correcto', None)])
22.9371 	EXP 	image_2: autoDraw = False
22.9371 	EXP 	slider_2: autoDraw = False
22.9371 	EXP 	image_2: image = 'imagenes\\Leche-de-almendras.jpg'
22.9371 	EXP 	slider_2: markerPos = None
22.9371 	EXP 	slider_2: markerPos = None
22.9371 	EXP 	slider_2: rating = None
22.9371 	EXP 	image_2: autoDraw = True
22.9371 	EXP 	slider_2: autoDraw = True
23.2577 	DATA 	Mouse: Left button down, pos=(683,149)
23.2810 	EXP 	slider_2: markerPos = 3.5
23.2980 	EXP 	slider_2: markerPos = 3.5
23.3145 	EXP 	slider_2: markerPos = 3.5
23.3313 	EXP 	slider_2: markerPos = 3.5
23.3478 	EXP 	slider_2: markerPos = 3.5
23.3645 	EXP 	slider_2: markerPos = 3.5
23.3814 	EXP 	slider_2: markerPos = 3.5
23.3841 	DATA 	Mouse:  Left button up, pos=(683,149)
23.3977 	EXP 	slider_2: markerPos = 3.5
23.3977 	EXP 	slider_2: rating = 3.5
23.4007 	EXP 	New trial (rep=0, index=5): OrderedDict([('Imagenes', 'imagenes\\Brownie.jpg'), ('Random', 0.17000143351927688), ('Correcto', None)])
23.4299 	EXP 	image_2: autoDraw = False
23.4299 	EXP 	slider_2: autoDraw = False
23.4299 	EXP 	image_2: image = 'imagenes\\Brownie.jpg'
23.4299 	EXP 	slider_2: markerPos = None
23.4299 	EXP 	slider_2: markerPos = None
23.4299 	EXP 	slider_2: rating = None
23.4299 	EXP 	image_2: autoDraw = True
23.4299 	EXP 	slider_2: autoDraw = True
23.7496 	DATA 	Mouse: Left button down, pos=(683,149)
23.7639 	EXP 	slider_2: markerPos = 3.5
23.7810 	EXP 	slider_2: markerPos = 3.5
23.7981 	EXP 	slider_2: markerPos = 3.5
23.8141 	EXP 	slider_2: markerPos = 3.5
23.8312 	EXP 	slider_2: markerPos = 3.5
23.8475 	EXP 	slider_2: markerPos = 3.5
23.8643 	EXP 	slider_2: markerPos = 3.5
23.8808 	EXP 	slider_2: markerPos = 3.5
23.8974 	EXP 	slider_2: markerPos = 3.5
23.8989 	DATA 	Mouse:  Left button up, pos=(683,149)
23.9141 	EXP 	slider_2: markerPos = 3.5
23.9141 	EXP 	slider_2: rating = 3.5
23.9172 	EXP 	New trial (rep=0, index=6): OrderedDict([('Imagenes', 'imagenes\\Popetas.jpg'), ('Random', 0.07650200324054446), ('Correcto', None)])
23.9501 	EXP 	image_2: autoDraw = False
23.9501 	EXP 	slider_2: autoDraw = False
23.9501 	EXP 	image_2: image = 'imagenes\\Popetas.jpg'
23.9501 	EXP 	slider_2: markerPos = None
23.9501 	EXP 	slider_2: markerPos = None
23.9501 	EXP 	slider_2: rating = None
23.9501 	EXP 	image_2: autoDraw = True
23.9501 	EXP 	slider_2: autoDraw = True
24.2333 	DATA 	Mouse: Left button down, pos=(683,149)
24.2475 	EXP 	slider_2: markerPos = 3.5
24.2641 	EXP 	slider_2: markerPos = 3.5
24.2808 	EXP 	slider_2: markerPos = 3.5
24.2973 	EXP 	slider_2: markerPos = 3.5
24.3145 	EXP 	slider_2: markerPos = 3.5
24.3310 	EXP 	slider_2: markerPos = 3.5
24.3475 	EXP 	slider_2: markerPos = 3.5
24.3641 	EXP 	slider_2: markerPos = 3.5
24.3659 	DATA 	Mouse:  Left button up, pos=(683,149)
24.3811 	EXP 	slider_2: markerPos = 3.5
24.3811 	EXP 	slider_2: rating = 3.5
24.3837 	EXP 	New trial (rep=0, index=7): OrderedDict([('Imagenes', 'imagenes\\Galletas-festival.jpg'), ('Random', 0.36121121246191135), ('Correcto', None)])
24.4020 	EXP 	image_2: autoDraw = False
24.4020 	EXP 	slider_2: autoDraw = False
24.4020 	EXP 	image_2: image = 'imagenes\\Galletas-festival.jpg'
24.4020 	EXP 	slider_2: markerPos = None
24.4020 	EXP 	slider_2: markerPos = None
24.4020 	EXP 	slider_2: rating = None
24.4020 	EXP 	image_2: autoDraw = True
24.4020 	EXP 	slider_2: autoDraw = True
24.7017 	DATA 	Mouse: Left button down, pos=(683,149)
24.7308 	EXP 	slider_2: markerPos = 3.5
24.7472 	EXP 	slider_2: markerPos = 3.5
24.7640 	EXP 	slider_2: markerPos = 3.5
24.7807 	EXP 	slider_2: markerPos = 3.5
24.7975 	EXP 	slider_2: markerPos = 3.5
24.8140 	EXP 	slider_2: markerPos = 3.5
24.8305 	EXP 	slider_2: markerPos = 3.5
24.8353 	DATA 	Mouse:  Left button up, pos=(683,149)
24.8473 	EXP 	slider_2: markerPos = 3.5
24.8641 	EXP 	slider_2: markerPos = 3.5
24.8641 	EXP 	slider_2: rating = 3.5
24.8677 	EXP 	New trial (rep=0, index=8): OrderedDict([('Imagenes', 'imagenes\\Papas-pollo.jpg'), ('Random', 0.6683114062971784), ('Correcto', None)])
24.8809 	EXP 	image_2: autoDraw = False
24.8809 	EXP 	slider_2: autoDraw = False
24.8809 	EXP 	image_2: image = 'imagenes\\Papas-pollo.jpg'
24.8809 	EXP 	slider_2: markerPos = None
24.8809 	EXP 	slider_2: markerPos = None
24.8809 	EXP 	slider_2: rating = None
24.8809 	EXP 	image_2: autoDraw = True
24.8809 	EXP 	slider_2: autoDraw = True
25.1326 	DATA 	Mouse: Left button down, pos=(683,149)
25.1474 	EXP 	slider_2: markerPos = 3.5
25.1640 	EXP 	slider_2: markerPos = 3.5
25.1809 	EXP 	slider_2: markerPos = 3.5
25.1973 	EXP 	slider_2: markerPos = 3.5
25.2138 	EXP 	slider_2: markerPos = 3.5
25.2307 	EXP 	slider_2: markerPos = 3.5
25.2475 	EXP 	slider_2: markerPos = 3.5
25.2640 	EXP 	slider_2: markerPos = 3.5
25.2688 	DATA 	Mouse:  Left button up, pos=(683,149)
25.2806 	EXP 	slider_2: markerPos = 3.5
25.2973 	EXP 	slider_2: markerPos = 3.5
25.2973 	EXP 	slider_2: rating = 3.5
25.3000 	EXP 	New trial (rep=0, index=9): OrderedDict([('Imagenes', 'imagenes\\Galletas Tosh.jpg'), ('Random', 0.478088790487872), ('Correcto', None)])
25.3256 	EXP 	image_2: autoDraw = False
25.3256 	EXP 	slider_2: autoDraw = False
25.3256 	EXP 	image_2: image = 'imagenes\\Galletas Tosh.jpg'
25.3256 	EXP 	slider_2: markerPos = None
25.3256 	EXP 	slider_2: markerPos = None
25.3256 	EXP 	slider_2: rating = None
25.3256 	EXP 	image_2: autoDraw = True
25.3256 	EXP 	slider_2: autoDraw = True
25.8514 	DATA 	Mouse: Left button down, pos=(683,149)
25.8805 	EXP 	slider_2: markerPos = 3.5
25.8977 	EXP 	slider_2: markerPos = 3.5
25.9135 	EXP 	slider_2: markerPos = 3.5
25.9309 	EXP 	slider_2: markerPos = 3.5
25.9476 	EXP 	slider_2: markerPos = 3.5
25.9641 	EXP 	slider_2: markerPos = 3.5
25.9807 	EXP 	slider_2: markerPos = 3.5
25.9973 	EXP 	slider_2: markerPos = 3.5
26.0140 	EXP 	slider_2: markerPos = 3.5
26.0183 	DATA 	Mouse:  Left button up, pos=(683,149)
26.0306 	EXP 	slider_2: markerPos = 3.5
26.0477 	EXP 	slider_2: markerPos = 3.5
26.0477 	EXP 	slider_2: rating = 3.5
26.0502 	EXP 	New trial (rep=0, index=10): OrderedDict([('Imagenes', 'imagenes\\Papas-naturales.jpg'), ('Random', 0.15856838916280946), ('Correcto', None)])
26.0645 	EXP 	image_2: autoDraw = False
26.0645 	EXP 	slider_2: autoDraw = False
26.0645 	EXP 	image_2: image = 'imagenes\\Papas-naturales.jpg'
26.0645 	EXP 	slider_2: markerPos = None
26.0645 	EXP 	slider_2: markerPos = None
26.0645 	EXP 	slider_2: rating = None
26.0645 	EXP 	image_2: autoDraw = True
26.0645 	EXP 	slider_2: autoDraw = True
27.0510 	EXP 	New trial (rep=0, index=11): OrderedDict([('Imagenes', 'imagenes\\Kiwi.jpg'), ('Random', 0.5893907384852061), ('Correcto', None)])
27.0640 	EXP 	image_2: autoDraw = False
27.0640 	EXP 	slider_2: autoDraw = False
27.0640 	EXP 	image_2: autoDraw = False
27.0640 	EXP 	slider_2: autoDraw = False
27.0640 	EXP 	image_2: image = 'imagenes\\Kiwi.jpg'
27.0640 	EXP 	slider_2: markerPos = None
27.0640 	EXP 	slider_2: markerPos = None
27.0640 	EXP 	slider_2: rating = None
27.0640 	EXP 	image_2: autoDraw = True
27.0640 	EXP 	slider_2: autoDraw = True
28.0504 	EXP 	New trial (rep=0, index=12): OrderedDict([('Imagenes', 'imagenes\\Yogurt-alpina.jpg'), ('Random', 0.21540995091807813), ('Correcto', None)])
28.0646 	EXP 	image_2: autoDraw = False
28.0646 	EXP 	slider_2: autoDraw = False
28.0646 	EXP 	image_2: autoDraw = False
28.0646 	EXP 	slider_2: autoDraw = False
28.0646 	EXP 	image_2: image = 'imagenes\\Yogurt-alpina.jpg'
28.0646 	EXP 	slider_2: markerPos = None
28.0646 	EXP 	slider_2: markerPos = None
28.0646 	EXP 	slider_2: rating = None
28.0646 	EXP 	image_2: autoDraw = True
28.0646 	EXP 	slider_2: autoDraw = True
29.0495 	EXP 	New trial (rep=0, index=13): OrderedDict([('Imagenes', 'imagenes\\Papas-limon.jpg'), ('Random', 0.020692288100133793), ('Correcto', None)])
29.0640 	EXP 	image_2: autoDraw = False
29.0640 	EXP 	slider_2: autoDraw = False
29.0640 	EXP 	image_2: autoDraw = False
29.0640 	EXP 	slider_2: autoDraw = False
29.0640 	EXP 	image_2: image = 'imagenes\\Papas-limon.jpg'
29.0640 	EXP 	slider_2: markerPos = None
29.0640 	EXP 	slider_2: markerPos = None
29.0640 	EXP 	slider_2: rating = None
29.0640 	EXP 	image_2: autoDraw = True
29.0640 	EXP 	slider_2: autoDraw = True
30.0542 	EXP 	New trial (rep=0, index=14): OrderedDict([('Imagenes', 'imagenes\\Manzana.jpg'), ('Random', 0.5168162194437935), ('Correcto', None)])
30.0808 	EXP 	image_2: autoDraw = False
30.0808 	EXP 	slider_2: autoDraw = False
30.0808 	EXP 	image_2: autoDraw = False
30.0808 	EXP 	slider_2: autoDraw = False
30.0808 	EXP 	image_2: image = 'imagenes\\Manzana.jpg'
30.0808 	EXP 	slider_2: markerPos = None
30.0808 	EXP 	slider_2: markerPos = None
30.0808 	EXP 	slider_2: rating = None
30.0808 	EXP 	image_2: autoDraw = True
30.0808 	EXP 	slider_2: autoDraw = True
31.0672 	EXP 	New trial (rep=0, index=15): OrderedDict([('Imagenes', 'imagenes\\Nutella (1).jpg'), ('Random', 0.5277483225747329), ('Correcto', None)])
31.0821 	EXP 	image_2: autoDraw = False
31.0821 	EXP 	slider_2: autoDraw = False
31.0821 	EXP 	image_2: autoDraw = False
31.0821 	EXP 	slider_2: autoDraw = False
31.0821 	EXP 	image_2: image = 'imagenes\\Nutella (1).jpg'
31.0821 	EXP 	slider_2: markerPos = None
31.0821 	EXP 	slider_2: markerPos = None
31.0821 	EXP 	slider_2: rating = None
31.0821 	EXP 	image_2: autoDraw = True
31.0821 	EXP 	slider_2: autoDraw = True
32.0833 	EXP 	New trial (rep=0, index=16): OrderedDict([('Imagenes', 'imagenes\\Uvas.jpg'), ('Random', 0.7734382152670648), ('Correcto', None)])
32.0975 	EXP 	image_2: autoDraw = False
32.0975 	EXP 	slider_2: autoDraw = False
32.0975 	EXP 	image_2: autoDraw = False
32.0975 	EXP 	slider_2: autoDraw = False
32.0975 	EXP 	image_2: image = 'imagenes\\Uvas.jpg'
32.0975 	EXP 	slider_2: markerPos = None
32.0975 	EXP 	slider_2: markerPos = None
32.0975 	EXP 	slider_2: rating = None
32.0975 	EXP 	image_2: autoDraw = True
32.0975 	EXP 	slider_2: autoDraw = True
33.0831 	EXP 	New trial (rep=0, index=17): OrderedDict([('Imagenes', 'imagenes\\Chocoramo.jfif.jpg'), ('Random', 0.7789437122019539), ('Correcto', None)])
33.1059 	EXP 	image_2: autoDraw = False
33.1059 	EXP 	slider_2: autoDraw = False
33.1059 	EXP 	image_2: autoDraw = False
33.1059 	EXP 	slider_2: autoDraw = False
33.1059 	EXP 	image_2: image = 'imagenes\\Chocoramo.jfif.jpg'
33.1059 	EXP 	slider_2: markerPos = None
33.1059 	EXP 	slider_2: markerPos = None
33.1059 	EXP 	slider_2: rating = None
33.1059 	EXP 	image_2: autoDraw = True
33.1059 	EXP 	slider_2: autoDraw = True
33.8493 	DATA 	Mouse: Left button down, pos=(683,149)
33.8635 	EXP 	slider_2: markerPos = 3.5
33.8803 	EXP 	slider_2: markerPos = 3.5
33.8969 	EXP 	slider_2: markerPos = 3.5
33.9137 	EXP 	slider_2: markerPos = 3.5
33.9301 	EXP 	slider_2: markerPos = 3.5
33.9470 	EXP 	slider_2: markerPos = 3.5
33.9636 	EXP 	slider_2: markerPos = 3.5
33.9658 	DATA 	Mouse:  Left button up, pos=(683,149)
33.9801 	EXP 	slider_2: markerPos = 3.5
33.9801 	EXP 	slider_2: rating = 3.5
33.9835 	EXP 	New trial (rep=0, index=18): OrderedDict([('Imagenes', 'imagenes\\Banano.jpeg'), ('Random', 0.651633055306917), ('Correcto', None)])
34.0040 	EXP 	image_2: autoDraw = False
34.0040 	EXP 	slider_2: autoDraw = False
34.0040 	EXP 	image_2: image = 'imagenes\\Banano.jpeg'
34.0040 	EXP 	slider_2: markerPos = None
34.0040 	EXP 	slider_2: markerPos = None
34.0040 	EXP 	slider_2: rating = None
34.0040 	EXP 	image_2: autoDraw = True
34.0040 	EXP 	slider_2: autoDraw = True
34.6492 	DATA 	Mouse: Left button down, pos=(683,149)
34.6640 	EXP 	slider_2: markerPos = 3.5
34.6803 	EXP 	slider_2: markerPos = 3.5
34.6972 	EXP 	slider_2: markerPos = 3.5
34.7136 	EXP 	slider_2: markerPos = 3.5
34.7304 	EXP 	slider_2: markerPos = 3.5
34.7470 	EXP 	slider_2: markerPos = 3.5
34.7638 	EXP 	slider_2: markerPos = 3.5
34.7803 	EXP 	slider_2: markerPos = 3.5
34.7968 	EXP 	slider_2: markerPos = 3.5
34.7987 	DATA 	Mouse:  Left button up, pos=(683,149)
34.8136 	EXP 	slider_2: markerPos = 3.5
34.8136 	EXP 	slider_2: rating = 3.5
34.8170 	EXP 	New trial (rep=0, index=19): OrderedDict([('Imagenes', 'imagenes\\Rosquitas (1).jpg'), ('Random', 0.3035383390851263), ('Correcto', None)])
34.8387 	EXP 	image_2: autoDraw = False
34.8387 	EXP 	slider_2: autoDraw = False
34.8387 	EXP 	image_2: image = 'imagenes\\Rosquitas (1).jpg'
34.8387 	EXP 	slider_2: markerPos = None
34.8387 	EXP 	slider_2: markerPos = None
34.8387 	EXP 	slider_2: rating = None
34.8387 	EXP 	image_2: autoDraw = True
34.8387 	EXP 	slider_2: autoDraw = True
35.3659 	DATA 	Mouse: Left button down, pos=(683,149)
35.3804 	EXP 	slider_2: markerPos = 3.5
35.3966 	EXP 	slider_2: markerPos = 3.5
35.4136 	EXP 	slider_2: markerPos = 3.5
35.4302 	EXP 	slider_2: markerPos = 3.5
35.4469 	EXP 	slider_2: markerPos = 3.5
35.4635 	EXP 	slider_2: markerPos = 3.5
35.4802 	EXP 	slider_2: markerPos = 3.5
35.4968 	EXP 	slider_2: markerPos = 3.5
35.5136 	EXP 	slider_2: markerPos = 3.5
35.5303 	EXP 	slider_2: markerPos = 3.5
35.5469 	EXP 	slider_2: markerPos = 3.5
35.5487 	DATA 	Mouse:  Left button up, pos=(683,149)
35.5636 	EXP 	slider_2: markerPos = 3.5
35.5636 	EXP 	slider_2: rating = 3.5
35.5663 	EXP 	New trial (rep=0, index=2): OrderedDict([('Hertz', 1500), ('volumen', 0.02)])
35.5730 	EXP 	Imported imagenes.xlsx as conditions, 20 conditions, 3 params
35.5734 	EXP 	Created sequence: random, trialTypes=20, nReps=1, seed=None
35.5736 	EXP 	New trial (rep=0, index=0): OrderedDict([('Imagenes', 'imagenes\\Galletas-festival.jpg'), ('Random', 0.36121121246191135), ('Correcto', None)])
35.5909 	EXP 	image_2: autoDraw = False
35.5909 	EXP 	slider_2: autoDraw = False
35.5909 	EXP 	image_2: image = 'imagenes\\Galletas-festival.jpg'
35.5909 	EXP 	slider_2: markerPos = None
35.5909 	EXP 	slider_2: markerPos = None
35.5909 	EXP 	slider_2: rating = None
35.5909 	EXP 	image_2: autoDraw = True
35.5909 	EXP 	slider_2: autoDraw = True
36.2003 	DATA 	Mouse: Left button down, pos=(683,149)
36.2302 	EXP 	slider_2: markerPos = 3.5
36.2468 	EXP 	slider_2: markerPos = 3.5
36.2635 	EXP 	slider_2: markerPos = 3.5
36.2801 	EXP 	slider_2: markerPos = 3.5
36.2969 	EXP 	slider_2: markerPos = 3.5
36.3134 	EXP 	slider_2: markerPos = 3.5
36.3301 	EXP 	slider_2: markerPos = 3.5
36.3460 	EXP 	slider_2: markerPos = 3.5
36.3478 	DATA 	Mouse:  Left button up, pos=(683,149)
36.3634 	EXP 	slider_2: markerPos = 3.5
36.3634 	EXP 	slider_2: rating = 3.5
36.3666 	EXP 	New trial (rep=0, index=1): OrderedDict([('Imagenes', 'imagenes\\Rosquitas (1).jpg'), ('Random', 0.3035383390851263), ('Correcto', None)])
36.3870 	EXP 	image_2: autoDraw = False
36.3870 	EXP 	slider_2: autoDraw = False
36.3870 	EXP 	image_2: image = 'imagenes\\Rosquitas (1).jpg'
36.3870 	EXP 	slider_2: markerPos = None
36.3870 	EXP 	slider_2: markerPos = None
36.3870 	EXP 	slider_2: rating = None
36.3870 	EXP 	image_2: autoDraw = True
36.3870 	EXP 	slider_2: autoDraw = True
36.9986 	DATA 	Mouse: Left button down, pos=(683,149)
37.0136 	EXP 	slider_2: markerPos = 3.5
37.0304 	EXP 	slider_2: markerPos = 3.5
37.0468 	EXP 	slider_2: markerPos = 3.5
37.0635 	EXP 	slider_2: markerPos = 3.5
37.0801 	EXP 	slider_2: markerPos = 3.5
37.0968 	EXP 	slider_2: markerPos = 3.5
37.1135 	EXP 	slider_2: markerPos = 3.5
37.1300 	EXP 	slider_2: markerPos = 3.5
37.1470 	EXP 	slider_2: markerPos = 3.5
37.1490 	DATA 	Mouse:  Left button up, pos=(683,149)
37.1635 	EXP 	slider_2: markerPos = 3.5
37.1635 	EXP 	slider_2: rating = 3.5
37.1675 	EXP 	New trial (rep=0, index=2): OrderedDict([('Imagenes', 'imagenes\\Popetas.jpg'), ('Random', 0.07650200324054446), ('Correcto', None)])
37.2074 	EXP 	image_2: autoDraw = False
37.2074 	EXP 	slider_2: autoDraw = False
37.2074 	EXP 	image_2: image = 'imagenes\\Popetas.jpg'
37.2074 	EXP 	slider_2: markerPos = None
37.2074 	EXP 	slider_2: markerPos = None
37.2074 	EXP 	slider_2: rating = None
37.2074 	EXP 	image_2: autoDraw = True
37.2074 	EXP 	slider_2: autoDraw = True
37.7661 	DATA 	Mouse: Left button down, pos=(683,149)
37.7800 	EXP 	slider_2: markerPos = 3.5
37.7968 	EXP 	slider_2: markerPos = 3.5
37.8136 	EXP 	slider_2: markerPos = 3.5
37.8300 	EXP 	slider_2: markerPos = 3.5
37.8470 	EXP 	slider_2: markerPos = 3.5
37.8638 	EXP 	slider_2: markerPos = 3.5
37.8807 	EXP 	slider_2: markerPos = 3.5
37.8970 	EXP 	slider_2: markerPos = 3.5
37.9134 	EXP 	slider_2: markerPos = 3.5
37.9303 	EXP 	slider_2: markerPos = 3.5
37.9325 	DATA 	Mouse:  Left button up, pos=(683,149)
37.9470 	EXP 	slider_2: markerPos = 3.5
37.9470 	EXP 	slider_2: rating = 3.5
37.9498 	EXP 	New trial (rep=0, index=3): OrderedDict([('Imagenes', 'imagenes\\Brownie.jpg'), ('Random', 0.17000143351927688), ('Correcto', None)])
37.9818 	EXP 	image_2: autoDraw = False
37.9818 	EXP 	slider_2: autoDraw = False
37.9818 	EXP 	image_2: image = 'imagenes\\Brownie.jpg'
37.9818 	EXP 	slider_2: markerPos = None
37.9818 	EXP 	slider_2: markerPos = None
37.9818 	EXP 	slider_2: rating = None
37.9818 	EXP 	image_2: autoDraw = True
37.9818 	EXP 	slider_2: autoDraw = True
38.5819 	DATA 	Mouse: Left button down, pos=(683,149)
38.5968 	EXP 	slider_2: markerPos = 3.5
38.6133 	EXP 	slider_2: markerPos = 3.5
38.6302 	EXP 	slider_2: markerPos = 3.5
38.6467 	EXP 	slider_2: markerPos = 3.5
38.6635 	EXP 	slider_2: markerPos = 3.5
38.6802 	EXP 	slider_2: markerPos = 3.5
38.6967 	EXP 	slider_2: markerPos = 3.5
38.6984 	DATA 	Mouse:  Left button up, pos=(683,149)
38.7138 	EXP 	slider_2: markerPos = 3.5
38.7138 	EXP 	slider_2: rating = 3.5
38.7159 	EXP 	New trial (rep=0, index=4): OrderedDict([('Imagenes', 'imagenes\\bon-bon-bun.jpg'), ('Random', 0.7387922093313524), ('Correcto', None)])
38.7367 	EXP 	image_2: autoDraw = False
38.7367 	EXP 	slider_2: autoDraw = False
38.7367 	EXP 	image_2: image = 'imagenes\\bon-bon-bun.jpg'
38.7367 	EXP 	slider_2: markerPos = None
38.7367 	EXP 	slider_2: markerPos = None
38.7367 	EXP 	slider_2: rating = None
38.7367 	EXP 	image_2: autoDraw = True
38.7367 	EXP 	slider_2: autoDraw = True
39.6323 	DATA 	Mouse: Left button down, pos=(683,149)
39.6467 	EXP 	slider_2: markerPos = 3.5
39.6632 	EXP 	slider_2: markerPos = 3.5
39.6800 	EXP 	slider_2: markerPos = 3.5
39.6967 	EXP 	slider_2: markerPos = 3.5
39.7134 	EXP 	slider_2: markerPos = 3.5
39.7303 	EXP 	slider_2: markerPos = 3.5
39.7334 	EXP 	New trial (rep=0, index=5): OrderedDict([('Imagenes', 'imagenes\\Alpinito.jpg'), ('Random', 0.4515332417045813), ('Correcto', None)])
39.7550 	DATA 	Mouse:  Left button up, pos=(683,149)
39.7596 	EXP 	image_2: autoDraw = False
39.7596 	EXP 	slider_2: autoDraw = False
39.7596 	EXP 	image_2: autoDraw = False
39.7596 	EXP 	slider_2: autoDraw = False
39.7596 	EXP 	image_2: image = 'imagenes\\Alpinito.jpg'
39.7596 	EXP 	slider_2: markerPos = None
39.7596 	EXP 	slider_2: markerPos = None
39.7596 	EXP 	slider_2: rating = None
39.7596 	EXP 	image_2: autoDraw = True
39.7596 	EXP 	slider_2: autoDraw = True
40.4320 	DATA 	Mouse: Left button down, pos=(683,149)
40.4465 	EXP 	slider_2: markerPos = 3.5
40.4635 	EXP 	slider_2: markerPos = 3.5
40.4800 	EXP 	slider_2: markerPos = 3.5
40.4966 	EXP 	slider_2: markerPos = 3.5
40.5132 	EXP 	slider_2: markerPos = 3.5
40.5299 	EXP 	slider_2: markerPos = 3.5
40.5468 	EXP 	slider_2: markerPos = 3.5
40.5633 	EXP 	slider_2: markerPos = 3.5
40.5657 	DATA 	Mouse:  Left button up, pos=(683,149)
40.5799 	EXP 	slider_2: markerPos = 3.5
40.5799 	EXP 	slider_2: rating = 3.5
40.5833 	EXP 	New trial (rep=0, index=6): OrderedDict([('Imagenes', 'imagenes\\Uvas.jpg'), ('Random', 0.7734382152670648), ('Correcto', None)])
40.6005 	EXP 	image_2: autoDraw = False
40.6005 	EXP 	slider_2: autoDraw = False
40.6005 	EXP 	image_2: image = 'imagenes\\Uvas.jpg'
40.6005 	EXP 	slider_2: markerPos = None
40.6005 	EXP 	slider_2: markerPos = None
40.6005 	EXP 	slider_2: rating = None
40.6005 	EXP 	image_2: autoDraw = True
40.6005 	EXP 	slider_2: autoDraw = True
41.2151 	DATA 	Mouse: Left button down, pos=(683,149)
41.2300 	EXP 	slider_2: markerPos = 3.5
41.2464 	EXP 	slider_2: markerPos = 3.5
41.2633 	EXP 	slider_2: markerPos = 3.5
41.2801 	EXP 	slider_2: markerPos = 3.5
41.2966 	EXP 	slider_2: markerPos = 3.5
41.3131 	EXP 	slider_2: markerPos = 3.5
41.3150 	DATA 	Mouse:  Left button up, pos=(683,149)
41.3298 	EXP 	slider_2: markerPos = 3.5
41.3298 	EXP 	slider_2: rating = 3.5
41.3329 	EXP 	New trial (rep=0, index=7): OrderedDict([('Imagenes', 'imagenes\\Banano.jpeg'), ('Random', 0.651633055306917), ('Correcto', None)])
41.3514 	EXP 	image_2: autoDraw = False
41.3514 	EXP 	slider_2: autoDraw = False
41.3514 	EXP 	image_2: image = 'imagenes\\Banano.jpeg'
41.3514 	EXP 	slider_2: markerPos = None
41.3514 	EXP 	slider_2: markerPos = None
41.3514 	EXP 	slider_2: rating = None
41.3514 	EXP 	image_2: autoDraw = True
41.3514 	EXP 	slider_2: autoDraw = True
41.8655 	DATA 	Mouse: Left button down, pos=(683,149)
41.8797 	EXP 	slider_2: markerPos = 3.5
41.8966 	EXP 	slider_2: markerPos = 3.5
41.9133 	EXP 	slider_2: markerPos = 3.5
41.9300 	EXP 	slider_2: markerPos = 3.5
41.9467 	EXP 	slider_2: markerPos = 3.5
41.9630 	EXP 	slider_2: markerPos = 3.5
41.9799 	EXP 	slider_2: markerPos = 3.5
41.9965 	EXP 	slider_2: markerPos = 3.5
42.0132 	EXP 	slider_2: markerPos = 3.5
42.0153 	DATA 	Mouse:  Left button up, pos=(683,149)
42.0299 	EXP 	slider_2: markerPos = 3.5
42.0299 	EXP 	slider_2: rating = 3.5
42.0334 	EXP 	New trial (rep=0, index=8): OrderedDict([('Imagenes', 'imagenes\\Manzana.jpg'), ('Random', 0.5168162194437935), ('Correcto', None)])
42.0690 	EXP 	image_2: autoDraw = False
42.0690 	EXP 	slider_2: autoDraw = False
42.0690 	EXP 	image_2: image = 'imagenes\\Manzana.jpg'
42.0690 	EXP 	slider_2: markerPos = None
42.0690 	EXP 	slider_2: markerPos = None
42.0690 	EXP 	slider_2: rating = None
42.0690 	EXP 	image_2: autoDraw = True
42.0690 	EXP 	slider_2: autoDraw = True
42.5655 	DATA 	Mouse: Left button down, pos=(683,149)
42.5798 	EXP 	slider_2: markerPos = 3.5
42.5966 	EXP 	slider_2: markerPos = 3.5
42.6132 	EXP 	slider_2: markerPos = 3.5
42.6301 	EXP 	slider_2: markerPos = 3.5
42.6466 	EXP 	slider_2: markerPos = 3.5
42.6631 	EXP 	slider_2: markerPos = 3.5
42.6798 	EXP 	slider_2: markerPos = 3.5
42.6813 	DATA 	Mouse:  Left button up, pos=(683,149)
42.6967 	EXP 	slider_2: markerPos = 3.5
42.6967 	EXP 	slider_2: rating = 3.5
42.6999 	EXP 	New trial (rep=0, index=9): OrderedDict([('Imagenes', 'imagenes\\Papas-pollo.jpg'), ('Random', 0.6683114062971784), ('Correcto', None)])
42.7133 	EXP 	image_2: autoDraw = False
42.7133 	EXP 	slider_2: autoDraw = False
42.7133 	EXP 	image_2: image = 'imagenes\\Papas-pollo.jpg'
42.7133 	EXP 	slider_2: markerPos = None
42.7133 	EXP 	slider_2: markerPos = None
42.7133 	EXP 	slider_2: rating = None
42.7133 	EXP 	image_2: autoDraw = True
42.7133 	EXP 	slider_2: autoDraw = True
43.2991 	DATA 	Mouse: Left button down, pos=(683,149)
43.3133 	EXP 	slider_2: markerPos = 3.5
43.3300 	EXP 	slider_2: markerPos = 3.5
43.3469 	EXP 	slider_2: markerPos = 3.5
43.3631 	EXP 	slider_2: markerPos = 3.5
43.3797 	EXP 	slider_2: markerPos = 3.5
43.3965 	EXP 	slider_2: markerPos = 3.5
43.4130 	EXP 	slider_2: markerPos = 3.5
43.4173 	DATA 	Mouse:  Left button up, pos=(683,149)
43.4298 	EXP 	slider_2: markerPos = 3.5
43.4467 	EXP 	slider_2: markerPos = 3.5
43.4467 	EXP 	slider_2: rating = 3.5
43.4496 	EXP 	New trial (rep=0, index=10): OrderedDict([('Imagenes', 'imagenes\\Mango.jpeg'), ('Random', 0.555669112372461), ('Correcto', None)])
43.4683 	EXP 	image_2: autoDraw = False
43.4683 	EXP 	slider_2: autoDraw = False
43.4683 	EXP 	image_2: image = 'imagenes\\Mango.jpeg'
43.4683 	EXP 	slider_2: markerPos = None
43.4683 	EXP 	slider_2: markerPos = None
43.4683 	EXP 	slider_2: rating = None
43.4683 	EXP 	image_2: autoDraw = True
43.4683 	EXP 	slider_2: autoDraw = True
44.1154 	DATA 	Mouse: Left button down, pos=(683,149)
44.1298 	EXP 	slider_2: markerPos = 3.5
44.1465 	EXP 	slider_2: markerPos = 3.5
44.1631 	EXP 	slider_2: markerPos = 3.5
44.1798 	EXP 	slider_2: markerPos = 3.5
44.1965 	EXP 	slider_2: markerPos = 3.5
44.2130 	EXP 	slider_2: markerPos = 3.5
44.2299 	EXP 	slider_2: markerPos = 3.5
44.2465 	EXP 	slider_2: markerPos = 3.5
44.2483 	DATA 	Mouse:  Left button up, pos=(683,149)
44.2635 	EXP 	slider_2: markerPos = 3.5
44.2635 	EXP 	slider_2: rating = 3.5
44.2664 	EXP 	New trial (rep=0, index=11): OrderedDict([('Imagenes', 'imagenes\\Yogurt-alpina.jpg'), ('Random', 0.21540995091807813), ('Correcto', None)])
44.2796 	EXP 	image_2: autoDraw = False
44.2796 	EXP 	slider_2: autoDraw = False
44.2796 	EXP 	image_2: image = 'imagenes\\Yogurt-alpina.jpg'
44.2796 	EXP 	slider_2: markerPos = None
44.2796 	EXP 	slider_2: markerPos = None
44.2796 	EXP 	slider_2: rating = None
44.2796 	EXP 	image_2: autoDraw = True
44.2796 	EXP 	slider_2: autoDraw = True
45.0820 	DATA 	Mouse: Left button down, pos=(683,149)
45.0964 	EXP 	slider_2: markerPos = 3.5
45.1132 	EXP 	slider_2: markerPos = 3.5
45.1298 	EXP 	slider_2: markerPos = 3.5
45.1464 	EXP 	slider_2: markerPos = 3.5
45.1629 	EXP 	slider_2: markerPos = 3.5
45.1797 	EXP 	slider_2: markerPos = 3.5
45.1964 	EXP 	slider_2: markerPos = 3.5
45.2129 	EXP 	slider_2: markerPos = 3.5
45.2296 	EXP 	slider_2: markerPos = 3.5
45.2315 	DATA 	Mouse:  Left button up, pos=(683,149)
45.2465 	EXP 	slider_2: markerPos = 3.5
45.2465 	EXP 	slider_2: rating = 3.5
45.2497 	EXP 	New trial (rep=0, index=12): OrderedDict([('Imagenes', 'imagenes\\Leche-de-almendras.jpg'), ('Random', 0.36073876480313727), ('Correcto', None)])
45.3180 	EXP 	image_2: autoDraw = False
45.3180 	EXP 	slider_2: autoDraw = False
45.3180 	EXP 	image_2: image = 'imagenes\\Leche-de-almendras.jpg'
45.3180 	EXP 	slider_2: markerPos = None
45.3180 	EXP 	slider_2: markerPos = None
45.3180 	EXP 	slider_2: rating = None
45.3180 	EXP 	image_2: autoDraw = True
45.3180 	EXP 	slider_2: autoDraw = True
46.0012 	DATA 	Mouse: Left button down, pos=(683,149)
46.0302 	EXP 	slider_2: markerPos = 3.5
46.0466 	EXP 	slider_2: markerPos = 3.5
46.0634 	EXP 	slider_2: markerPos = 3.5
46.0797 	EXP 	slider_2: markerPos = 3.5
46.0966 	EXP 	slider_2: markerPos = 3.5
46.1134 	EXP 	slider_2: markerPos = 3.5
46.1301 	EXP 	slider_2: markerPos = 3.5
46.1467 	EXP 	slider_2: markerPos = 3.5
46.1510 	DATA 	Mouse:  Left button up, pos=(683,149)
46.1631 	EXP 	slider_2: markerPos = 3.5
46.1802 	EXP 	slider_2: markerPos = 3.5
46.1802 	EXP 	slider_2: rating = 3.5
46.1829 	EXP 	New trial (rep=0, index=13): OrderedDict([('Imagenes', 'imagenes\\Chocoramo.jfif.jpg'), ('Random', 0.7789437122019539), ('Correcto', None)])
46.2088 	EXP 	image_2: autoDraw = False
46.2088 	EXP 	slider_2: autoDraw = False
46.2088 	EXP 	image_2: image = 'imagenes\\Chocoramo.jfif.jpg'
46.2088 	EXP 	slider_2: markerPos = None
46.2088 	EXP 	slider_2: markerPos = None
46.2088 	EXP 	slider_2: rating = None
46.2088 	EXP 	image_2: autoDraw = True
46.2088 	EXP 	slider_2: autoDraw = True
46.6813 	DATA 	Mouse: Left button down, pos=(683,149)
46.6965 	EXP 	slider_2: markerPos = 3.5
46.7129 	EXP 	slider_2: markerPos = 3.5
46.7296 	EXP 	slider_2: markerPos = 3.5
46.7465 	EXP 	slider_2: markerPos = 3.5
46.7633 	EXP 	slider_2: markerPos = 3.5
46.7799 	EXP 	slider_2: markerPos = 3.5
46.7962 	EXP 	slider_2: markerPos = 3.5
46.8130 	EXP 	slider_2: markerPos = 3.5
46.8301 	EXP 	slider_2: markerPos = 3.5
46.8321 	DATA 	Mouse:  Left button up, pos=(683,149)
46.8463 	EXP 	slider_2: markerPos = 3.5
46.8463 	EXP 	slider_2: rating = 3.5
46.8489 	EXP 	New trial (rep=0, index=14): OrderedDict([('Imagenes', 'imagenes\\Papas-limon.jpg'), ('Random', 0.020692288100133793), ('Correcto', None)])
46.8631 	EXP 	image_2: autoDraw = False
46.8631 	EXP 	slider_2: autoDraw = False
46.8631 	EXP 	image_2: image = 'imagenes\\Papas-limon.jpg'
46.8631 	EXP 	slider_2: markerPos = None
46.8631 	EXP 	slider_2: markerPos = None
46.8631 	EXP 	slider_2: rating = None
46.8631 	EXP 	image_2: autoDraw = True
46.8631 	EXP 	slider_2: autoDraw = True
47.3820 	DATA 	Mouse: Left button down, pos=(683,149)
47.3962 	EXP 	slider_2: markerPos = 3.5
47.4121 	EXP 	slider_2: markerPos = 3.5
47.4295 	EXP 	slider_2: markerPos = 3.5
47.4463 	EXP 	slider_2: markerPos = 3.5
47.4630 	EXP 	slider_2: markerPos = 3.5
47.4796 	EXP 	slider_2: markerPos = 3.5
47.4964 	EXP 	slider_2: markerPos = 3.5
47.5129 	EXP 	slider_2: markerPos = 3.5
47.5146 	DATA 	Mouse:  Left button up, pos=(683,149)
47.5298 	EXP 	slider_2: markerPos = 3.5
47.5298 	EXP 	slider_2: rating = 3.5
47.5323 	EXP 	New trial (rep=0, index=15): OrderedDict([('Imagenes', 'imagenes\\Croissant.jpg'), ('Random', 0.6152458173421255), ('Correcto', None)])
47.5565 	EXP 	image_2: autoDraw = False
47.5565 	EXP 	slider_2: autoDraw = False
47.5565 	EXP 	image_2: image = 'imagenes\\Croissant.jpg'
47.5565 	EXP 	slider_2: markerPos = None
47.5565 	EXP 	slider_2: markerPos = None
47.5565 	EXP 	slider_2: rating = None
47.5565 	EXP 	image_2: autoDraw = True
47.5565 	EXP 	slider_2: autoDraw = True
48.1000 	DATA 	Mouse: Left button down, pos=(683,149)
48.1301 	EXP 	slider_2: markerPos = 3.5
48.1465 	EXP 	slider_2: markerPos = 3.5
48.1626 	EXP 	slider_2: markerPos = 3.5
48.1798 	EXP 	slider_2: markerPos = 3.5
48.1965 	EXP 	slider_2: markerPos = 3.5
48.2130 	EXP 	slider_2: markerPos = 3.5
48.2300 	EXP 	slider_2: markerPos = 3.5
48.2464 	EXP 	slider_2: markerPos = 3.5
48.2630 	EXP 	slider_2: markerPos = 3.5
48.2654 	DATA 	Mouse:  Left button up, pos=(683,149)
48.2796 	EXP 	slider_2: markerPos = 3.5
48.2796 	EXP 	slider_2: rating = 3.5
48.2823 	EXP 	New trial (rep=0, index=16): OrderedDict([('Imagenes', 'imagenes\\Galletas Tosh.jpg'), ('Random', 0.478088790487872), ('Correcto', None)])
48.3040 	EXP 	image_2: autoDraw = False
48.3040 	EXP 	slider_2: autoDraw = False
48.3040 	EXP 	image_2: image = 'imagenes\\Galletas Tosh.jpg'
48.3040 	EXP 	slider_2: markerPos = None
48.3040 	EXP 	slider_2: markerPos = None
48.3040 	EXP 	slider_2: rating = None
48.3040 	EXP 	image_2: autoDraw = True
48.3040 	EXP 	slider_2: autoDraw = True
48.8314 	DATA 	Mouse: Left button down, pos=(683,149)
48.8464 	EXP 	slider_2: markerPos = 3.5
48.8629 	EXP 	slider_2: markerPos = 3.5
48.8796 	EXP 	slider_2: markerPos = 3.5
48.8964 	EXP 	slider_2: markerPos = 3.5
48.9131 	EXP 	slider_2: markerPos = 3.5
48.9304 	EXP 	slider_2: markerPos = 3.5
48.9467 	EXP 	slider_2: markerPos = 3.5
48.9631 	EXP 	slider_2: markerPos = 3.5
48.9797 	EXP 	slider_2: markerPos = 3.5
48.9818 	DATA 	Mouse:  Left button up, pos=(683,149)
48.9960 	EXP 	slider_2: markerPos = 3.5
48.9960 	EXP 	slider_2: rating = 3.5
48.9987 	EXP 	New trial (rep=0, index=17): OrderedDict([('Imagenes', 'imagenes\\Kiwi.jpg'), ('Random', 0.5893907384852061), ('Correcto', None)])
49.0130 	EXP 	image_2: autoDraw = False
49.0130 	EXP 	slider_2: autoDraw = False
49.0130 	EXP 	image_2: image = 'imagenes\\Kiwi.jpg'
49.0130 	EXP 	slider_2: markerPos = None
49.0130 	EXP 	slider_2: markerPos = None
49.0130 	EXP 	slider_2: rating = None
49.0130 	EXP 	image_2: autoDraw = True
49.0130 	EXP 	slider_2: autoDraw = True
49.6654 	DATA 	Mouse: Left button down, pos=(683,149)
49.6796 	EXP 	slider_2: markerPos = 3.5
49.6961 	EXP 	slider_2: markerPos = 3.5
49.7130 	EXP 	slider_2: markerPos = 3.5
49.7295 	EXP 	slider_2: markerPos = 3.5
49.7463 	EXP 	slider_2: markerPos = 3.5
49.7620 	EXP 	slider_2: markerPos = 3.5
49.7795 	EXP 	slider_2: markerPos = 3.5
49.7964 	EXP 	slider_2: markerPos = 3.5
49.8131 	EXP 	slider_2: markerPos = 3.5
49.8154 	DATA 	Mouse:  Left button up, pos=(683,149)
49.8298 	EXP 	slider_2: markerPos = 3.5
49.8298 	EXP 	slider_2: rating = 3.5
49.8326 	EXP 	New trial (rep=0, index=18): OrderedDict([('Imagenes', 'imagenes\\Nutella (1).jpg'), ('Random', 0.5277483225747329), ('Correcto', None)])
49.8467 	EXP 	image_2: autoDraw = False
49.8467 	EXP 	slider_2: autoDraw = False
49.8467 	EXP 	image_2: image = 'imagenes\\Nutella (1).jpg'
49.8467 	EXP 	slider_2: markerPos = None
49.8467 	EXP 	slider_2: markerPos = None
49.8467 	EXP 	slider_2: rating = None
49.8467 	EXP 	image_2: autoDraw = True
49.8467 	EXP 	slider_2: autoDraw = True
50.5312 	DATA 	Mouse: Left button down, pos=(683,149)
50.5453 	EXP 	slider_2: markerPos = 3.5
50.5629 	EXP 	slider_2: markerPos = 3.5
50.5797 	EXP 	slider_2: markerPos = 3.5
50.5962 	EXP 	slider_2: markerPos = 3.5
50.6129 	EXP 	slider_2: markerPos = 3.5
50.6294 	EXP 	slider_2: markerPos = 3.5
50.6463 	EXP 	slider_2: markerPos = 3.5
50.6630 	EXP 	slider_2: markerPos = 3.5
50.6796 	EXP 	slider_2: markerPos = 3.5
50.6839 	DATA 	Mouse:  Left button up, pos=(683,149)
50.6963 	EXP 	slider_2: markerPos = 3.5
50.7127 	EXP 	slider_2: markerPos = 3.5
50.7127 	EXP 	slider_2: rating = 3.5
50.7160 	EXP 	New trial (rep=0, index=19): OrderedDict([('Imagenes', 'imagenes\\Papas-naturales.jpg'), ('Random', 0.15856838916280946), ('Correcto', None)])
50.7305 	EXP 	image_2: autoDraw = False
50.7305 	EXP 	slider_2: autoDraw = False
50.7305 	EXP 	image_2: image = 'imagenes\\Papas-naturales.jpg'
50.7305 	EXP 	slider_2: markerPos = None
50.7305 	EXP 	slider_2: markerPos = None
50.7305 	EXP 	slider_2: rating = None
50.7305 	EXP 	image_2: autoDraw = True
50.7305 	EXP 	slider_2: autoDraw = True
51.4011 	DATA 	Mouse: Left button down, pos=(683,149)
51.4298 	EXP 	slider_2: markerPos = 3.5
51.4460 	EXP 	slider_2: markerPos = 3.5
51.4628 	EXP 	slider_2: markerPos = 3.5
51.4799 	EXP 	slider_2: markerPos = 3.5
51.4961 	EXP 	slider_2: markerPos = 3.5
51.5129 	EXP 	slider_2: markerPos = 3.5
51.5296 	EXP 	slider_2: markerPos = 3.5
51.5465 	EXP 	slider_2: markerPos = 3.5
51.5621 	EXP 	slider_2: markerPos = 3.5
51.5794 	EXP 	slider_2: markerPos = 3.5
51.5814 	DATA 	Mouse:  Left button up, pos=(683,149)
51.5962 	EXP 	slider_2: markerPos = 3.5
51.5962 	EXP 	slider_2: rating = 3.5
51.5987 	EXP 	New trial (rep=0, index=3): OrderedDict([('Hertz', 400), ('volumen', 0.02)])
51.6045 	EXP 	Imported imagenes.xlsx as conditions, 20 conditions, 3 params
51.6047 	EXP 	Created sequence: random, trialTypes=20, nReps=1, seed=None
51.6049 	EXP 	New trial (rep=0, index=0): OrderedDict([('Imagenes', 'imagenes\\Nutella (1).jpg'), ('Random', 0.5277483225747329), ('Correcto', None)])
51.6160 	EXP 	image_2: autoDraw = False
51.6160 	EXP 	slider_2: autoDraw = False
51.6160 	EXP 	image_2: image = 'imagenes\\Nutella (1).jpg'
51.6160 	EXP 	slider_2: markerPos = None
51.6160 	EXP 	slider_2: markerPos = None
51.6160 	EXP 	slider_2: rating = None
51.6160 	EXP 	image_2: autoDraw = True
51.6160 	EXP 	slider_2: autoDraw = True
52.2982 	DATA 	Mouse: Left button down, pos=(683,149)
52.3132 	EXP 	slider_2: markerPos = 3.5
52.3294 	EXP 	slider_2: markerPos = 3.5
52.3463 	EXP 	slider_2: markerPos = 3.5
52.3629 	EXP 	slider_2: markerPos = 3.5
52.3796 	EXP 	slider_2: markerPos = 3.5
52.3960 	EXP 	slider_2: markerPos = 3.5
52.4127 	EXP 	slider_2: markerPos = 3.5
52.4294 	EXP 	slider_2: markerPos = 3.5
52.4461 	EXP 	slider_2: markerPos = 3.5
52.4478 	DATA 	Mouse:  Left button up, pos=(683,149)
52.4628 	EXP 	slider_2: markerPos = 3.5
52.4628 	EXP 	slider_2: rating = 3.5
52.4660 	EXP 	New trial (rep=0, index=1): OrderedDict([('Imagenes', 'imagenes\\Rosquitas (1).jpg'), ('Random', 0.3035383390851263), ('Correcto', None)])
52.4873 	EXP 	image_2: autoDraw = False
52.4873 	EXP 	slider_2: autoDraw = False
52.4873 	EXP 	image_2: image = 'imagenes\\Rosquitas (1).jpg'
52.4873 	EXP 	slider_2: markerPos = None
52.4873 	EXP 	slider_2: markerPos = None
52.4873 	EXP 	slider_2: rating = None
52.4873 	EXP 	image_2: autoDraw = True
52.4873 	EXP 	slider_2: autoDraw = True
53.0816 	DATA 	Mouse: Left button down, pos=(683,149)
53.0962 	EXP 	slider_2: markerPos = 3.5
53.1125 	EXP 	slider_2: markerPos = 3.5
53.1293 	EXP 	slider_2: markerPos = 3.5
53.1461 	EXP 	slider_2: markerPos = 3.5
53.1626 	EXP 	slider_2: markerPos = 3.5
53.1796 	EXP 	slider_2: markerPos = 3.5
53.1962 	EXP 	slider_2: markerPos = 3.5
53.2128 	EXP 	slider_2: markerPos = 3.5
53.2294 	EXP 	slider_2: markerPos = 3.5
53.2461 	EXP 	slider_2: markerPos = 3.5
53.2480 	DATA 	Mouse:  Left button up, pos=(683,149)
53.2627 	EXP 	slider_2: markerPos = 3.5
53.2627 	EXP 	slider_2: rating = 3.5
53.2658 	EXP 	New trial (rep=0, index=2): OrderedDict([('Imagenes', 'imagenes\\Papas-limon.jpg'), ('Random', 0.020692288100133793), ('Correcto', None)])
53.2796 	EXP 	image_2: autoDraw = False
53.2796 	EXP 	slider_2: autoDraw = False
53.2796 	EXP 	image_2: image = 'imagenes\\Papas-limon.jpg'
53.2796 	EXP 	slider_2: markerPos = None
53.2796 	EXP 	slider_2: markerPos = None
53.2796 	EXP 	slider_2: rating = None
53.2796 	EXP 	image_2: autoDraw = True
53.2796 	EXP 	slider_2: autoDraw = True
53.8477 	DATA 	Mouse: Left button down, pos=(683,149)
53.8625 	EXP 	slider_2: markerPos = 3.5
53.8793 	EXP 	slider_2: markerPos = 3.5
53.8961 	EXP 	slider_2: markerPos = 3.5
53.9127 	EXP 	slider_2: markerPos = 3.5
53.9296 	EXP 	slider_2: markerPos = 3.5
53.9460 	EXP 	slider_2: markerPos = 3.5
53.9627 	EXP 	slider_2: markerPos = 3.5
53.9788 	EXP 	slider_2: markerPos = 3.5
53.9962 	EXP 	slider_2: markerPos = 3.5
54.0131 	EXP 	slider_2: markerPos = 3.5
54.0151 	DATA 	Mouse:  Left button up, pos=(683,149)
54.0295 	EXP 	slider_2: markerPos = 3.5
54.0295 	EXP 	slider_2: rating = 3.5
54.0323 	EXP 	New trial (rep=0, index=3): OrderedDict([('Imagenes', 'imagenes\\bon-bon-bun.jpg'), ('Random', 0.7387922093313524), ('Correcto', None)])
54.0561 	EXP 	image_2: autoDraw = False
54.0561 	EXP 	slider_2: autoDraw = False
54.0561 	EXP 	image_2: image = 'imagenes\\bon-bon-bun.jpg'
54.0561 	EXP 	slider_2: markerPos = None
54.0561 	EXP 	slider_2: markerPos = None
54.0561 	EXP 	slider_2: rating = None
54.0561 	EXP 	image_2: autoDraw = True
54.0561 	EXP 	slider_2: autoDraw = True
54.7150 	DATA 	Mouse: Left button down, pos=(683,149)
54.7295 	EXP 	slider_2: markerPos = 3.5
54.7459 	EXP 	slider_2: markerPos = 3.5
54.7618 	EXP 	slider_2: markerPos = 3.5
54.7791 	EXP 	slider_2: markerPos = 3.5
54.7962 	EXP 	slider_2: markerPos = 3.5
54.8130 	EXP 	slider_2: markerPos = 3.5
54.8296 	EXP 	slider_2: markerPos = 3.5
54.8461 	EXP 	slider_2: markerPos = 3.5
54.8626 	EXP 	slider_2: markerPos = 3.5
54.8794 	EXP 	slider_2: markerPos = 3.5
54.8811 	DATA 	Mouse:  Left button up, pos=(683,149)
54.8965 	EXP 	slider_2: markerPos = 3.5
54.8965 	EXP 	slider_2: rating = 3.5
54.8997 	EXP 	New trial (rep=0, index=4): OrderedDict([('Imagenes', 'imagenes\\Brownie.jpg'), ('Random', 0.17000143351927688), ('Correcto', None)])
54.9294 	EXP 	image_2: autoDraw = False
54.9294 	EXP 	slider_2: autoDraw = False
54.9294 	EXP 	image_2: image = 'imagenes\\Brownie.jpg'
54.9294 	EXP 	slider_2: markerPos = None
54.9294 	EXP 	slider_2: markerPos = None
54.9294 	EXP 	slider_2: rating = None
54.9294 	EXP 	image_2: autoDraw = True
54.9294 	EXP 	slider_2: autoDraw = True
55.5151 	DATA 	Mouse: Left button down, pos=(683,149)
55.5295 	EXP 	slider_2: markerPos = 3.5
55.5459 	EXP 	slider_2: markerPos = 3.5
55.5626 	EXP 	slider_2: markerPos = 3.5
55.5797 	EXP 	slider_2: markerPos = 3.5
55.5959 	EXP 	slider_2: markerPos = 3.5
55.6126 	EXP 	slider_2: markerPos = 3.5
55.6292 	EXP 	slider_2: markerPos = 3.5
55.6461 	EXP 	slider_2: markerPos = 3.5
55.6624 	EXP 	slider_2: markerPos = 3.5
55.6671 	DATA 	Mouse:  Left button up, pos=(683,149)
55.6793 	EXP 	slider_2: markerPos = 3.5
55.6960 	EXP 	slider_2: markerPos = 3.5
55.6960 	EXP 	slider_2: rating = 3.5
55.6994 	EXP 	New trial (rep=0, index=5): OrderedDict([('Imagenes', 'imagenes\\Papas-pollo.jpg'), ('Random', 0.6683114062971784), ('Correcto', None)])
55.7139 	EXP 	image_2: autoDraw = False
55.7139 	EXP 	slider_2: autoDraw = False
55.7139 	EXP 	image_2: image = 'imagenes\\Papas-pollo.jpg'
55.7139 	EXP 	slider_2: markerPos = None
55.7139 	EXP 	slider_2: markerPos = None
55.7139 	EXP 	slider_2: rating = None
55.7139 	EXP 	image_2: autoDraw = True
55.7139 	EXP 	slider_2: autoDraw = True
56.2484 	DATA 	Mouse: Left button down, pos=(683,149)
56.2624 	EXP 	slider_2: markerPos = 3.5
56.2795 	EXP 	slider_2: markerPos = 3.5
56.2960 	EXP 	slider_2: markerPos = 3.5
56.3126 	EXP 	slider_2: markerPos = 3.5
56.3291 	EXP 	slider_2: markerPos = 3.5
56.3460 	EXP 	slider_2: markerPos = 3.5
56.3626 	EXP 	slider_2: markerPos = 3.5
56.3796 	EXP 	slider_2: markerPos = 3.5
56.3959 	EXP 	slider_2: markerPos = 3.5
56.4128 	EXP 	slider_2: markerPos = 3.5
56.4164 	DATA 	Mouse:  Left button up, pos=(683,149)
56.4296 	EXP 	slider_2: markerPos = 3.5
56.4461 	EXP 	slider_2: markerPos = 3.5
56.4461 	EXP 	slider_2: rating = 3.5
56.4482 	EXP 	New trial (rep=0, index=6): OrderedDict([('Imagenes', 'imagenes\\Alpinito.jpg'), ('Random', 0.4515332417045813), ('Correcto', None)])
56.4832 	EXP 	image_2: autoDraw = False
56.4832 	EXP 	slider_2: autoDraw = False
56.4832 	EXP 	image_2: image = 'imagenes\\Alpinito.jpg'
56.4832 	EXP 	slider_2: markerPos = None
56.4832 	EXP 	slider_2: markerPos = None
56.4832 	EXP 	slider_2: rating = None
56.4832 	EXP 	image_2: autoDraw = True
56.4832 	EXP 	slider_2: autoDraw = True
57.0480 	DATA 	Mouse: Left button down, pos=(683,149)
57.0626 	EXP 	slider_2: markerPos = 3.5
57.0791 	EXP 	slider_2: markerPos = 3.5
57.0960 	EXP 	slider_2: markerPos = 3.5
57.1126 	EXP 	slider_2: markerPos = 3.5
57.1294 	EXP 	slider_2: markerPos = 3.5
57.1461 	EXP 	slider_2: markerPos = 3.5
57.1626 	EXP 	slider_2: markerPos = 3.5
57.1646 	DATA 	Mouse:  Left button up, pos=(683,149)
57.1798 	EXP 	slider_2: markerPos = 3.5
57.1798 	EXP 	slider_2: rating = 3.5
57.1822 	EXP 	New trial (rep=0, index=7): OrderedDict([('Imagenes', 'imagenes\\Chocoramo.jfif.jpg'), ('Random', 0.7789437122019539), ('Correcto', None)])
57.2048 	EXP 	image_2: autoDraw = False
57.2048 	EXP 	slider_2: autoDraw = False
57.2048 	EXP 	image_2: image = 'imagenes\\Chocoramo.jfif.jpg'
57.2048 	EXP 	slider_2: markerPos = None
57.2048 	EXP 	slider_2: markerPos = None
57.2048 	EXP 	slider_2: rating = None
57.2048 	EXP 	image_2: autoDraw = True
57.2048 	EXP 	slider_2: autoDraw = True
57.8150 	DATA 	Mouse: Left button down, pos=(683,149)
57.8302 	EXP 	slider_2: markerPos = 3.5
57.8465 	EXP 	slider_2: markerPos = 3.5
57.8624 	EXP 	slider_2: markerPos = 3.5
57.8794 	EXP 	slider_2: markerPos = 3.5
57.8959 	EXP 	slider_2: markerPos = 3.5
57.9127 	EXP 	slider_2: markerPos = 3.5
57.9293 	EXP 	slider_2: markerPos = 3.5
57.9459 	EXP 	slider_2: markerPos = 3.5
57.9626 	EXP 	slider_2: markerPos = 3.5
57.9791 	EXP 	slider_2: markerPos = 3.5
57.9813 	DATA 	Mouse:  Left button up, pos=(683,149)
57.9959 	EXP 	slider_2: markerPos = 3.5
57.9959 	EXP 	slider_2: rating = 3.5
57.9985 	EXP 	New trial (rep=0, index=8): OrderedDict([('Imagenes', 'imagenes\\Mango.jpeg'), ('Random', 0.555669112372461), ('Correcto', None)])
58.0181 	EXP 	image_2: autoDraw = False
58.0181 	EXP 	slider_2: autoDraw = False
58.0181 	EXP 	image_2: image = 'imagenes\\Mango.jpeg'
58.0181 	EXP 	slider_2: markerPos = None
58.0181 	EXP 	slider_2: markerPos = None
58.0181 	EXP 	slider_2: rating = None
58.0181 	EXP 	image_2: autoDraw = True
58.0181 	EXP 	slider_2: autoDraw = True
58.7814 	DATA 	Mouse: Left button down, pos=(683,149)
58.7958 	EXP 	slider_2: markerPos = 3.5
58.8122 	EXP 	slider_2: markerPos = 3.5
58.8293 	EXP 	slider_2: markerPos = 3.5
58.8460 	EXP 	slider_2: markerPos = 3.5
58.8625 	EXP 	slider_2: markerPos = 3.5
58.8792 	EXP 	slider_2: markerPos = 3.5
58.8958 	EXP 	slider_2: markerPos = 3.5
58.9125 	EXP 	slider_2: markerPos = 3.5
58.9296 	EXP 	slider_2: markerPos = 3.5
58.9311 	DATA 	Mouse:  Left button up, pos=(683,149)
58.9459 	EXP 	slider_2: markerPos = 3.5
58.9459 	EXP 	slider_2: rating = 3.5
58.9493 	EXP 	New trial (rep=0, index=9): OrderedDict([('Imagenes', 'imagenes\\Galletas Tosh.jpg'), ('Random', 0.478088790487872), ('Correcto', None)])
58.9816 	EXP 	image_2: autoDraw = False
58.9816 	EXP 	slider_2: autoDraw = False
58.9816 	EXP 	image_2: image = 'imagenes\\Galletas Tosh.jpg'
58.9816 	EXP 	slider_2: markerPos = None
58.9816 	EXP 	slider_2: markerPos = None
58.9816 	EXP 	slider_2: rating = None
58.9816 	EXP 	image_2: autoDraw = True
58.9816 	EXP 	slider_2: autoDraw = True
59.6163 	DATA 	Mouse: Left button down, pos=(683,149)
59.6458 	EXP 	slider_2: markerPos = 3.5
59.6623 	EXP 	slider_2: markerPos = 3.5
59.6791 	EXP 	slider_2: markerPos = 3.5
59.6958 	EXP 	slider_2: markerPos = 3.5
59.7125 	EXP 	slider_2: markerPos = 3.5
59.7291 	EXP 	slider_2: markerPos = 3.5
59.7451 	EXP 	slider_2: markerPos = 3.5
59.7625 	EXP 	slider_2: markerPos = 3.5
59.7791 	EXP 	slider_2: markerPos = 3.5
59.7811 	DATA 	Mouse:  Left button up, pos=(683,149)
59.7958 	EXP 	slider_2: markerPos = 3.5
59.7958 	EXP 	slider_2: rating = 3.5
59.7981 	EXP 	New trial (rep=0, index=10): OrderedDict([('Imagenes', 'imagenes\\Manzana.jpg'), ('Random', 0.5168162194437935), ('Correcto', None)])
59.8316 	EXP 	image_2: autoDraw = False
59.8316 	EXP 	slider_2: autoDraw = False
59.8316 	EXP 	image_2: image = 'imagenes\\Manzana.jpg'
59.8316 	EXP 	slider_2: markerPos = None
59.8316 	EXP 	slider_2: markerPos = None
59.8316 	EXP 	slider_2: rating = None
59.8316 	EXP 	image_2: autoDraw = True
59.8316 	EXP 	slider_2: autoDraw = True
60.4142 	DATA 	Mouse: Left button down, pos=(683,149)
60.4291 	EXP 	slider_2: markerPos = 3.5
60.4459 	EXP 	slider_2: markerPos = 3.5
60.4625 	EXP 	slider_2: markerPos = 3.5
60.4797 	EXP 	slider_2: markerPos = 3.5
60.4961 	EXP 	slider_2: markerPos = 3.5
60.5125 	EXP 	slider_2: markerPos = 3.5
60.5286 	EXP 	slider_2: markerPos = 3.5
60.5459 	EXP 	slider_2: markerPos = 3.5
60.5624 	EXP 	slider_2: markerPos = 3.5
60.5650 	DATA 	Mouse:  Left button up, pos=(683,149)
60.5794 	EXP 	slider_2: markerPos = 3.5
60.5794 	EXP 	slider_2: rating = 3.5
60.5827 	EXP 	New trial (rep=0, index=11): OrderedDict([('Imagenes', 'imagenes\\Uvas.jpg'), ('Random', 0.7734382152670648), ('Correcto', None)])
60.5987 	EXP 	image_2: autoDraw = False
60.5987 	EXP 	slider_2: autoDraw = False
60.5987 	EXP 	image_2: image = 'imagenes\\Uvas.jpg'
60.5987 	EXP 	slider_2: markerPos = None
60.5987 	EXP 	slider_2: markerPos = None
60.5987 	EXP 	slider_2: rating = None
60.5987 	EXP 	image_2: autoDraw = True
60.5987 	EXP 	slider_2: autoDraw = True
61.1335 	DATA 	Mouse: Left button down, pos=(683,149)
61.1622 	EXP 	slider_2: markerPos = 3.5
61.1790 	EXP 	slider_2: markerPos = 3.5
61.1956 	EXP 	slider_2: markerPos = 3.5
61.2123 	EXP 	slider_2: markerPos = 3.5
61.2282 	EXP 	slider_2: markerPos = 3.5
61.2458 	EXP 	slider_2: markerPos = 3.5
61.2622 	EXP 	slider_2: markerPos = 3.5
61.2794 	EXP 	slider_2: markerPos = 3.5
61.2958 	EXP 	slider_2: markerPos = 3.5
61.3012 	DATA 	Mouse:  Left button up, pos=(683,149)
61.3121 	EXP 	slider_2: markerPos = 3.5
61.3292 	EXP 	slider_2: markerPos = 3.5
61.3292 	EXP 	slider_2: rating = 3.5
61.3322 	EXP 	New trial (rep=0, index=12): OrderedDict([('Imagenes', 'imagenes\\Kiwi.jpg'), ('Random', 0.5893907384852061), ('Correcto', None)])
61.3457 	EXP 	image_2: autoDraw = False
61.3457 	EXP 	slider_2: autoDraw = False
61.3457 	EXP 	image_2: image = 'imagenes\\Kiwi.jpg'
61.3457 	EXP 	slider_2: markerPos = None
61.3457 	EXP 	slider_2: markerPos = None
61.3457 	EXP 	slider_2: rating = None
61.3457 	EXP 	image_2: autoDraw = True
61.3457 	EXP 	slider_2: autoDraw = True
61.9475 	DATA 	Mouse: Left button down, pos=(683,149)
61.9623 	EXP 	slider_2: markerPos = 3.5
61.9791 	EXP 	slider_2: markerPos = 3.5
61.9957 	EXP 	slider_2: markerPos = 3.5
62.0123 	EXP 	slider_2: markerPos = 3.5
62.0290 	EXP 	slider_2: markerPos = 3.5
62.0456 	EXP 	slider_2: markerPos = 3.5
62.0622 	EXP 	slider_2: markerPos = 3.5
62.0790 	EXP 	slider_2: markerPos = 3.5
62.0808 	DATA 	Mouse:  Left button up, pos=(683,149)
62.0956 	EXP 	slider_2: markerPos = 3.5
62.0956 	EXP 	slider_2: rating = 3.5
62.0988 	EXP 	New trial (rep=0, index=13): OrderedDict([('Imagenes', 'imagenes\\Banano.jpeg'), ('Random', 0.651633055306917), ('Correcto', None)])
62.1145 	EXP 	image_2: autoDraw = False
62.1145 	EXP 	slider_2: autoDraw = False
62.1145 	EXP 	image_2: image = 'imagenes\\Banano.jpeg'
62.1145 	EXP 	slider_2: markerPos = None
62.1145 	EXP 	slider_2: markerPos = None
62.1145 	EXP 	slider_2: rating = None
62.1145 	EXP 	image_2: autoDraw = True
62.1145 	EXP 	slider_2: autoDraw = True
62.7642 	DATA 	Mouse: Left button down, pos=(683,149)
62.7789 	EXP 	slider_2: markerPos = 3.5
62.7954 	EXP 	slider_2: markerPos = 3.5
62.8124 	EXP 	slider_2: markerPos = 3.5
62.8292 	EXP 	slider_2: markerPos = 3.5
62.8456 	EXP 	slider_2: markerPos = 3.5
62.8621 	EXP 	slider_2: markerPos = 3.5
62.8793 	EXP 	slider_2: markerPos = 3.5
62.8957 	EXP 	slider_2: markerPos = 3.5
62.9122 	EXP 	slider_2: markerPos = 3.5
62.9292 	EXP 	slider_2: markerPos = 3.5
62.9457 	EXP 	slider_2: markerPos = 3.5
62.9477 	DATA 	Mouse:  Left button up, pos=(683,149)
62.9622 	EXP 	slider_2: markerPos = 3.5
62.9622 	EXP 	slider_2: rating = 3.5
62.9647 	EXP 	New trial (rep=0, index=14): OrderedDict([('Imagenes', 'imagenes\\Croissant.jpg'), ('Random', 0.6152458173421255), ('Correcto', None)])
62.9867 	EXP 	image_2: autoDraw = False
62.9867 	EXP 	slider_2: autoDraw = False
62.9867 	EXP 	image_2: image = 'imagenes\\Croissant.jpg'
62.9867 	EXP 	slider_2: markerPos = None
62.9867 	EXP 	slider_2: markerPos = None
62.9867 	EXP 	slider_2: rating = None
62.9867 	EXP 	image_2: autoDraw = True
62.9867 	EXP 	slider_2: autoDraw = True
63.5811 	DATA 	Mouse: Left button down, pos=(683,149)
63.5956 	EXP 	slider_2: markerPos = 3.5
63.6125 	EXP 	slider_2: markerPos = 3.5
63.6293 	EXP 	slider_2: markerPos = 3.5
63.6457 	EXP 	slider_2: markerPos = 3.5
63.6621 	EXP 	slider_2: markerPos = 3.5
63.6793 	EXP 	slider_2: markerPos = 3.5
63.6957 	EXP 	slider_2: markerPos = 3.5
63.7125 	EXP 	slider_2: markerPos = 3.5
63.7149 	DATA 	Mouse:  Left button up, pos=(683,149)
63.7292 	EXP 	slider_2: markerPos = 3.5
63.7292 	EXP 	slider_2: rating = 3.5
63.7319 	EXP 	New trial (rep=0, index=15): OrderedDict([('Imagenes', 'imagenes\\Papas-naturales.jpg'), ('Random', 0.15856838916280946), ('Correcto', None)])
63.7459 	EXP 	image_2: autoDraw = False
63.7459 	EXP 	slider_2: autoDraw = False
63.7459 	EXP 	image_2: image = 'imagenes\\Papas-naturales.jpg'
63.7459 	EXP 	slider_2: markerPos = None
63.7459 	EXP 	slider_2: markerPos = None
63.7459 	EXP 	slider_2: rating = None
63.7459 	EXP 	image_2: autoDraw = True
63.7459 	EXP 	slider_2: autoDraw = True
64.3645 	DATA 	Mouse: Left button down, pos=(683,149)
64.3792 	EXP 	slider_2: markerPos = 3.5
64.3955 	EXP 	slider_2: markerPos = 3.5
64.4121 	EXP 	slider_2: markerPos = 3.5
64.4290 	EXP 	slider_2: markerPos = 3.5
64.4455 	EXP 	slider_2: markerPos = 3.5
64.4620 	EXP 	slider_2: markerPos = 3.5
64.4791 	EXP 	slider_2: markerPos = 3.5
64.4831 	DATA 	Mouse:  Left button up, pos=(683,149)
64.4958 	EXP 	slider_2: markerPos = 3.5
64.5115 	EXP 	slider_2: markerPos = 3.5
64.5115 	EXP 	slider_2: rating = 3.5
64.5144 	EXP 	New trial (rep=0, index=16): OrderedDict([('Imagenes', 'imagenes\\Leche-de-almendras.jpg'), ('Random', 0.36073876480313727), ('Correcto', None)])
64.5739 	EXP 	image_2: autoDraw = False
64.5739 	EXP 	slider_2: autoDraw = False
64.5739 	EXP 	image_2: image = 'imagenes\\Leche-de-almendras.jpg'
64.5739 	EXP 	slider_2: markerPos = None
64.5739 	EXP 	slider_2: markerPos = None
64.5739 	EXP 	slider_2: rating = None
64.5739 	EXP 	image_2: autoDraw = True
64.5739 	EXP 	slider_2: autoDraw = True
65.1497 	DATA 	Mouse: Left button down, pos=(683,149)
65.1792 	EXP 	slider_2: markerPos = 3.5
65.1956 	EXP 	slider_2: markerPos = 3.5
65.2122 	EXP 	slider_2: markerPos = 3.5
65.2292 	EXP 	slider_2: markerPos = 3.5
65.2457 	EXP 	slider_2: markerPos = 3.5
65.2622 	EXP 	slider_2: markerPos = 3.5
65.2638 	DATA 	Mouse:  Left button up, pos=(683,149)
65.2791 	EXP 	slider_2: markerPos = 3.5
65.2791 	EXP 	slider_2: rating = 3.5
65.2817 	EXP 	New trial (rep=0, index=17): OrderedDict([('Imagenes', 'imagenes\\Popetas.jpg'), ('Random', 0.07650200324054446), ('Correcto', None)])
65.3137 	EXP 	image_2: autoDraw = False
65.3137 	EXP 	slider_2: autoDraw = False
65.3137 	EXP 	image_2: image = 'imagenes\\Popetas.jpg'
65.3137 	EXP 	slider_2: markerPos = None
65.3137 	EXP 	slider_2: markerPos = None
65.3137 	EXP 	slider_2: rating = None
65.3137 	EXP 	image_2: autoDraw = True
65.3137 	EXP 	slider_2: autoDraw = True
65.9472 	DATA 	Mouse: Left button down, pos=(683,149)
65.9622 	EXP 	slider_2: markerPos = 3.5
65.9788 	EXP 	slider_2: markerPos = 3.5
65.9956 	EXP 	slider_2: markerPos = 3.5
66.0121 	EXP 	slider_2: markerPos = 3.5
66.0293 	EXP 	slider_2: markerPos = 3.5
66.0457 	EXP 	slider_2: markerPos = 3.5
66.0620 	EXP 	slider_2: markerPos = 3.5
66.0780 	EXP 	slider_2: markerPos = 3.5
66.0956 	EXP 	slider_2: markerPos = 3.5
66.0979 	DATA 	Mouse:  Left button up, pos=(683,149)
66.1123 	EXP 	slider_2: markerPos = 3.5
66.1123 	EXP 	slider_2: rating = 3.5
66.1146 	EXP 	New trial (rep=0, index=18): OrderedDict([('Imagenes', 'imagenes\\Galletas-festival.jpg'), ('Random', 0.36121121246191135), ('Correcto', None)])
66.1331 	EXP 	image_2: autoDraw = False
66.1331 	EXP 	slider_2: autoDraw = False
66.1331 	EXP 	image_2: image = 'imagenes\\Galletas-festival.jpg'
66.1331 	EXP 	slider_2: markerPos = None
66.1331 	EXP 	slider_2: markerPos = None
66.1331 	EXP 	slider_2: rating = None
66.1331 	EXP 	image_2: autoDraw = True
66.1331 	EXP 	slider_2: autoDraw = True
66.7312 	DATA 	Mouse: Left button down, pos=(683,149)
66.7456 	EXP 	slider_2: markerPos = 3.5
66.7620 	EXP 	slider_2: markerPos = 3.5
66.7780 	EXP 	slider_2: markerPos = 3.5
66.7954 	EXP 	slider_2: markerPos = 3.5
66.8122 	EXP 	slider_2: markerPos = 3.5
66.8293 	EXP 	slider_2: markerPos = 3.5
66.8465 	EXP 	slider_2: markerPos = 3.5
66.8619 	EXP 	slider_2: markerPos = 3.5
66.8790 	EXP 	slider_2: markerPos = 3.5
66.8817 	DATA 	Mouse:  Left button up, pos=(683,149)
66.8954 	EXP 	slider_2: markerPos = 3.5
66.8954 	EXP 	slider_2: rating = 3.5
66.8978 	EXP 	New trial (rep=0, index=19): OrderedDict([('Imagenes', 'imagenes\\Yogurt-alpina.jpg'), ('Random', 0.21540995091807813), ('Correcto', None)])
66.9175 	EXP 	image_2: autoDraw = False
66.9175 	EXP 	slider_2: autoDraw = False
66.9175 	EXP 	image_2: image = 'imagenes\\Yogurt-alpina.jpg'
66.9175 	EXP 	slider_2: markerPos = None
66.9175 	EXP 	slider_2: markerPos = None
66.9175 	EXP 	slider_2: rating = None
66.9175 	EXP 	image_2: autoDraw = True
66.9175 	EXP 	slider_2: autoDraw = True
67.4469 	DATA 	Mouse: Left button down, pos=(683,149)
67.4621 	EXP 	slider_2: markerPos = 3.5
67.4789 	EXP 	slider_2: markerPos = 3.5
67.4955 	EXP 	slider_2: markerPos = 3.5
67.5121 	EXP 	slider_2: markerPos = 3.5
67.5288 	EXP 	slider_2: markerPos = 3.5
67.5454 	EXP 	slider_2: markerPos = 3.5
67.5614 	EXP 	slider_2: markerPos = 3.5
67.5789 	EXP 	slider_2: markerPos = 3.5
67.5955 	EXP 	slider_2: markerPos = 3.5
67.5972 	DATA 	Mouse:  Left button up, pos=(683,149)
67.6121 	EXP 	slider_2: markerPos = 3.5
67.6121 	EXP 	slider_2: rating = 3.5
67.8562 	EXP 	window1: mouseVisible = True
