0.8049 	WARNING 	We strongly recommend you activate the PTB sound engine in PsychoPy prefs as the preferred audio engine. Its timing is vastly superior. Your prefs are currently set to use ['sounddevice', 'PTB', 'pyo', 'pygame'] (in that order).
8.6485 	WARNING 	User requested fullscreen with size [1024  768], but screen is actually [1366, 768]. Using actual size
10.1051 	EXP 	Created window1 = Window(allowGUI=False, allowStencil=False, args=UNKNOWN, autoLog=True, bitsMode=UNKNOWN, blendMode='avg', bpc=(8, 8, 8), color=array([0., 0., 0.]), colorSpace='rgb', depthBits=8, fullscr=<method-wrapper '__getattribute__' of attributeSetter object at 0x000002AF02A2D6D8>, gamma=None, gammaErrorPolicy='raise', kwargs=UNKNOWN, lms=UNKNOWN, monitor=<psychopy.monitors.calibTools.Monitor object at 0x000002AF0280A748>, multiSample=False, name='window1', numSamples=2, pos=[0.0, 0.0], screen=0, size=array([1366,  768]), stencilBits=0, stereo=False, units='height', useFBO=True, useRetina=False, viewOri=0.0, viewPos=None, viewScale=None, waitBlanking=True, winType='pyglet')
10.1054 	EXP 	window1: mouseVisible = True
10.1055 	EXP 	window1: recordFrameIntervals = False
10.2708 	EXP 	window1: recordFrameIntervals = True
10.4537 	EXP 	window1: recordFrameIntervals = False
10.7102 	EXP 	Sound Sonido set volume 1.000
10.7207 	EXP 	Created image_2 = ImageStim(__class__=<class 'psychopy.visual.image.ImageStim'>, autoLog=True, color=array([1., 1., 1.]), colorSpace='rgb', contrast=1.0, depth=-1.0, flipHoriz=False, flipVert=False, image='sin', interpolate=True, mask=None, maskParams=None, name='image_2', opacity=1.0, ori=0.0, pos=array([0. , 0.2]), size=array([0.5, 0.5]), texRes=128, units='height', win=Window(...))
10.7387 	EXP 	window1: mouseVisible = True
10.8385 	EXP 	Created slider_2 = Slider(__class__=<class 'psychopy.visual.slider.Slider'>, autoDraw=False, autoLog=True, color='LightGray', depth=0, flip=False, font='HelveticaBold', granularity=0, labelHeight=0.05, labelWrapWidth=None, labels=('0', '1000', '2000', '3000', '4000', '5000'), name='slider_2', pos=(0, -0.3), readOnly=False, self=UNKNOWN, size=(1.0, 0.05), style=method-wrapper(...), ticks=array([1, 2, 3, 4, 5, 6]), units='height', win=Window(...))
10.8699 	EXP 	Created text = TextStim(__class__=<class 'psychopy.visual.text.TextStim'>, alignHoriz=method-wrapper(...), alignText='center', alignVert=method-wrapper(...), anchorHoriz='center', anchorVert='center', antialias=True, autoLog=True, bold=False, color='white', colorSpace='named', contrast=1.0, depth=-1.0, flipHoriz=False, flipVert=False, font='Arial', fontFiles=[], height=0.1, italic=False, languageStyle='LTR', name='text', opacity=1.0, ori=0, pos=array([0., 0.]), rgb=array([255., 255., 255.]), text='default text', units='height', win=Window(...), wrapWidth=1)
10.9423 	EXP 	Imported ruidos.xlsx as conditions, 4 conditions, 2 params
10.9429 	EXP 	Created sequence: random, trialTypes=4, nReps=1, seed=None
10.9433 	EXP 	New trial (rep=0, index=0): OrderedDict([('Hertz', 1500), ('volumen', 0.02)])
10.9547 	EXP 	Imported imagenes.xlsx as conditions, 20 conditions, 3 params
10.9552 	EXP 	Created sequence: random, trialTypes=20, nReps=1, seed=None
10.9557 	EXP 	New trial (rep=0, index=0): OrderedDict([('Imagenes', 'imagenes\\Popetas.jpg'), ('Random', 0.07650200324054446), ('Correcto', None)])
11.1026 	EXP 	slider_2: autoLog = True
11.1026 	EXP 	slider_2: markerPos = None
11.1026 	EXP 	slider_2: rating = None
11.1026 	EXP 	slider_2: markerPos = None
11.1026 	EXP 	slider_2: contrast = 1.0
11.1026 	EXP 	slider_2: autoLog = True
11.1026 	EXP 	slider_2: style = ['rating']
11.1026 	EXP 	image_2: image = 'imagenes\\Popetas.jpg'
11.1026 	EXP 	slider_2: markerPos = None
11.1026 	EXP 	slider_2: markerPos = None
11.1026 	EXP 	slider_2: rating = None
11.1026 	EXP 	image_2: autoDraw = True
11.1026 	EXP 	slider_2: autoDraw = True
11.9068 	EXP 	New trial (rep=0, index=1): OrderedDict([('Imagenes', 'imagenes\\Galletas Tosh.jpg'), ('Random', 0.478088790487872), ('Correcto', None)])
11.9753 	EXP 	image_2: autoDraw = False
11.9753 	EXP 	slider_2: autoDraw = False
11.9753 	EXP 	image_2: image = 'imagenes\\Galletas Tosh.jpg'
11.9753 	EXP 	slider_2: markerPos = None
11.9753 	EXP 	slider_2: markerPos = None
11.9753 	EXP 	slider_2: rating = None
11.9753 	EXP 	image_2: autoDraw = True
11.9753 	EXP 	slider_2: autoDraw = True
12.6062 	DATA 	Mouse: Left button down, pos=(674,158)
12.6211 	EXP 	slider_2: markerPos = 3.44140625
12.6377 	EXP 	slider_2: markerPos = 3.44140625
12.6537 	EXP 	slider_2: markerPos = 3.44140625
12.6710 	EXP 	slider_2: markerPos = 3.44140625
12.6878 	EXP 	slider_2: markerPos = 3.44140625
12.7044 	EXP 	slider_2: markerPos = 3.44140625
12.7209 	EXP 	slider_2: markerPos = 3.44140625
12.7229 	DATA 	Mouse:  Left button up, pos=(674,158)
12.7382 	EXP 	slider_2: markerPos = 3.44140625
12.7382 	EXP 	slider_2: rating = 3.44140625
12.7415 	EXP 	New trial (rep=0, index=2): OrderedDict([('Imagenes', 'imagenes\\Manzana.jpg'), ('Random', 0.5168162194437935), ('Correcto', None)])
12.7805 	EXP 	image_2: autoDraw = False
12.7805 	EXP 	slider_2: autoDraw = False
12.7805 	EXP 	image_2: image = 'imagenes\\Manzana.jpg'
12.7805 	EXP 	slider_2: markerPos = None
12.7805 	EXP 	slider_2: markerPos = None
12.7805 	EXP 	slider_2: rating = None
12.7805 	EXP 	image_2: autoDraw = True
12.7805 	EXP 	slider_2: autoDraw = True
12.7957 	DATA 	Mouse: Left button down, pos=(674,158)
12.8212 	EXP 	slider_2: markerPos = 3.44140625
12.8378 	EXP 	slider_2: markerPos = 3.44140625
12.8541 	EXP 	slider_2: markerPos = 3.44140625
12.8713 	EXP 	slider_2: markerPos = 3.44140625
12.8870 	EXP 	slider_2: markerPos = 3.44140625
12.8913 	DATA 	Mouse:  Left button up, pos=(674,158)
12.9045 	EXP 	slider_2: markerPos = 3.44140625
12.9214 	EXP 	slider_2: markerPos = 3.44140625
12.9214 	EXP 	slider_2: rating = 3.44140625
12.9249 	EXP 	New trial (rep=0, index=3): OrderedDict([('Imagenes', 'imagenes\\Papas-limon.jpg'), ('Random', 0.020692288100133793), ('Correcto', None)])
12.9492 	EXP 	image_2: autoDraw = False
12.9492 	EXP 	slider_2: autoDraw = False
12.9492 	EXP 	image_2: image = 'imagenes\\Papas-limon.jpg'
12.9492 	EXP 	slider_2: markerPos = None
12.9492 	EXP 	slider_2: markerPos = None
12.9492 	EXP 	slider_2: rating = None
12.9492 	EXP 	image_2: autoDraw = True
12.9492 	EXP 	slider_2: autoDraw = True
13.0416 	DATA 	Mouse: Left button down, pos=(674,158)
13.0712 	EXP 	slider_2: markerPos = 3.44140625
13.0878 	EXP 	slider_2: markerPos = 3.44140625
13.1043 	EXP 	slider_2: markerPos = 3.44140625
13.1211 	EXP 	slider_2: markerPos = 3.44140625
13.1376 	EXP 	slider_2: markerPos = 3.44140625
13.1544 	EXP 	slider_2: markerPos = 3.44140625
13.1560 	DATA 	Mouse:  Left button up, pos=(674,158)
13.1713 	EXP 	slider_2: markerPos = 3.44140625
13.1713 	EXP 	slider_2: rating = 3.44140625
13.1747 	EXP 	New trial (rep=0, index=4): OrderedDict([('Imagenes', 'imagenes\\Alpinito.jpg'), ('Random', 0.4515332417045813), ('Correcto', None)])
13.2035 	EXP 	image_2: autoDraw = False
13.2035 	EXP 	slider_2: autoDraw = False
13.2035 	EXP 	image_2: image = 'imagenes\\Alpinito.jpg'
13.2035 	EXP 	slider_2: markerPos = None
13.2035 	EXP 	slider_2: markerPos = None
13.2035 	EXP 	slider_2: rating = None
13.2035 	EXP 	image_2: autoDraw = True
13.2035 	EXP 	slider_2: autoDraw = True
13.3057 	DATA 	Mouse: Left button down, pos=(674,157)
13.3210 	EXP 	slider_2: markerPos = 3.44140625
13.3375 	EXP 	slider_2: markerPos = 3.44140625
13.3543 	EXP 	slider_2: markerPos = 3.44140625
13.3710 	EXP 	slider_2: markerPos = 3.44140625
13.3881 	EXP 	slider_2: markerPos = 3.44140625
13.3918 	DATA 	Mouse:  Left button up, pos=(674,157)
13.4045 	EXP 	slider_2: markerPos = 3.44140625
13.4209 	EXP 	slider_2: markerPos = 3.44140625
13.4209 	EXP 	slider_2: rating = 3.44140625
13.4241 	EXP 	New trial (rep=0, index=5): OrderedDict([('Imagenes', 'imagenes\\Papas-naturales.jpg'), ('Random', 0.15856838916280946), ('Correcto', None)])
13.4377 	EXP 	image_2: autoDraw = False
13.4377 	EXP 	slider_2: autoDraw = False
13.4377 	EXP 	image_2: image = 'imagenes\\Papas-naturales.jpg'
13.4377 	EXP 	slider_2: markerPos = None
13.4377 	EXP 	slider_2: markerPos = None
13.4377 	EXP 	slider_2: rating = None
13.4377 	EXP 	image_2: autoDraw = True
13.4377 	EXP 	slider_2: autoDraw = True
13.5097 	DATA 	Mouse: Left button down, pos=(676,157)
13.5377 	EXP 	slider_2: markerPos = 3.4544270833333335
13.5542 	EXP 	slider_2: markerPos = 3.4544270833333335
13.5709 	EXP 	slider_2: markerPos = 3.4544270833333335
13.5728 	DATA 	Mouse:  Left button up, pos=(676,157)
13.5876 	EXP 	slider_2: markerPos = 3.4544270833333335
13.5876 	EXP 	slider_2: rating = 3.4544270833333335
13.5906 	EXP 	New trial (rep=0, index=6): OrderedDict([('Imagenes', 'imagenes\\Yogurt-alpina.jpg'), ('Random', 0.21540995091807813), ('Correcto', None)])
13.6147 	EXP 	image_2: autoDraw = False
13.6147 	EXP 	slider_2: autoDraw = False
13.6147 	EXP 	image_2: image = 'imagenes\\Yogurt-alpina.jpg'
13.6147 	EXP 	slider_2: markerPos = None
13.6147 	EXP 	slider_2: markerPos = None
13.6147 	EXP 	slider_2: rating = None
13.6147 	EXP 	image_2: autoDraw = True
13.6147 	EXP 	slider_2: autoDraw = True
13.6898 	DATA 	Mouse: Left button down, pos=(677,157)
13.7042 	EXP 	slider_2: markerPos = 3.4609375
13.7209 	EXP 	slider_2: markerPos = 3.4609375
13.7375 	EXP 	slider_2: markerPos = 3.4609375
13.7541 	EXP 	slider_2: markerPos = 3.4609375
13.7709 	EXP 	slider_2: markerPos = 3.4609375
13.7725 	DATA 	Mouse:  Left button up, pos=(677,157)
13.7874 	EXP 	slider_2: markerPos = 3.4609375
13.7874 	EXP 	slider_2: rating = 3.4609375
13.7906 	EXP 	New trial (rep=0, index=7): OrderedDict([('Imagenes', 'imagenes\\bon-bon-bun.jpg'), ('Random', 0.7387922093313524), ('Correcto', None)])
13.8339 	EXP 	image_2: autoDraw = False
13.8339 	EXP 	slider_2: autoDraw = False
13.8339 	EXP 	image_2: image = 'imagenes\\bon-bon-bun.jpg'
13.8339 	EXP 	slider_2: markerPos = None
13.8339 	EXP 	slider_2: markerPos = None
13.8339 	EXP 	slider_2: rating = None
13.8339 	EXP 	image_2: autoDraw = True
13.8339 	EXP 	slider_2: autoDraw = True
13.8480 	DATA 	Mouse: Left button down, pos=(677,157)
13.8544 	EXP 	slider_2: markerPos = 3.4609375
13.8710 	EXP 	slider_2: markerPos = 3.4609375
13.8879 	EXP 	slider_2: markerPos = 3.4609375
13.9049 	EXP 	slider_2: markerPos = 3.4609375
13.9210 	EXP 	slider_2: markerPos = 3.4609375
13.9380 	EXP 	slider_2: markerPos = 3.4609375
13.9543 	EXP 	slider_2: markerPos = 3.4609375
13.9559 	DATA 	Mouse:  Left button up, pos=(677,157)
13.9708 	EXP 	slider_2: markerPos = 3.4609375
13.9708 	EXP 	slider_2: rating = 3.4609375
13.9739 	EXP 	New trial (rep=0, index=8): OrderedDict([('Imagenes', 'imagenes\\Rosquitas (1).jpg'), ('Random', 0.3035383390851263), ('Correcto', None)])
14.0113 	EXP 	image_2: autoDraw = False
14.0113 	EXP 	slider_2: autoDraw = False
14.0113 	EXP 	image_2: image = 'imagenes\\Rosquitas (1).jpg'
14.0113 	EXP 	slider_2: markerPos = None
14.0113 	EXP 	slider_2: markerPos = None
14.0113 	EXP 	slider_2: rating = None
14.0113 	EXP 	image_2: autoDraw = True
14.0113 	EXP 	slider_2: autoDraw = True
14.0142 	DATA 	Mouse: Left button down, pos=(677,157)
14.0187 	EXP 	slider_2: markerPos = 3.4609375
14.0247 	EXP 	slider_2: markerPos = 3.4609375
14.0378 	EXP 	slider_2: markerPos = 3.4609375
14.0544 	EXP 	slider_2: markerPos = 3.4609375
14.0708 	EXP 	slider_2: markerPos = 3.4609375
14.0882 	EXP 	slider_2: markerPos = 3.4609375
14.1041 	EXP 	slider_2: markerPos = 3.4609375
14.1077 	DATA 	Mouse:  Left button up, pos=(677,157)
14.1211 	EXP 	slider_2: markerPos = 3.4609375
14.1371 	EXP 	slider_2: markerPos = 3.4609375
14.1371 	EXP 	slider_2: rating = 3.4609375
14.1395 	EXP 	New trial (rep=0, index=9): OrderedDict([('Imagenes', 'imagenes\\Banano.jpeg'), ('Random', 0.651633055306917), ('Correcto', None)])
14.1598 	EXP 	image_2: autoDraw = False
14.1598 	EXP 	slider_2: autoDraw = False
14.1598 	EXP 	image_2: image = 'imagenes\\Banano.jpeg'
14.1598 	EXP 	slider_2: markerPos = None
14.1598 	EXP 	slider_2: markerPos = None
14.1598 	EXP 	slider_2: rating = None
14.1598 	EXP 	image_2: autoDraw = True
14.1598 	EXP 	slider_2: autoDraw = True
14.3810 	DATA 	Mouse: Left button down, pos=(677,157)
14.4044 	EXP 	slider_2: markerPos = 3.4609375
14.4209 	EXP 	slider_2: markerPos = 3.4609375
14.4377 	EXP 	slider_2: markerPos = 3.4609375
14.4541 	EXP 	slider_2: markerPos = 3.4609375
14.4566 	DATA 	Mouse:  Left button up, pos=(677,157)
14.4712 	EXP 	slider_2: markerPos = 3.4609375
14.4712 	EXP 	slider_2: rating = 3.4609375
14.4746 	EXP 	New trial (rep=0, index=10): OrderedDict([('Imagenes', 'imagenes\\Leche-de-almendras.jpg'), ('Random', 0.36073876480313727), ('Correcto', None)])
14.5567 	DATA 	Mouse: Left button down, pos=(677,157)
14.5634 	EXP 	image_2: autoDraw = False
14.5634 	EXP 	slider_2: autoDraw = False
14.5634 	EXP 	image_2: image = 'imagenes\\Leche-de-almendras.jpg'
14.5634 	EXP 	slider_2: markerPos = None
14.5634 	EXP 	slider_2: markerPos = None
14.5634 	EXP 	slider_2: rating = None
14.5634 	EXP 	image_2: autoDraw = True
14.5634 	EXP 	slider_2: autoDraw = True
14.5634 	EXP 	slider_2: markerPos = 3.4609375
14.5706 	EXP 	slider_2: markerPos = 3.4609375
14.5773 	EXP 	slider_2: markerPos = 3.4609375
14.5877 	EXP 	slider_2: markerPos = 3.4609375
14.6039 	EXP 	slider_2: markerPos = 3.4609375
14.6209 	EXP 	slider_2: markerPos = 3.4609375
14.6224 	DATA 	Mouse:  Left button up, pos=(677,157)
14.6378 	EXP 	slider_2: markerPos = 3.4609375
14.6378 	EXP 	slider_2: rating = 3.4609375
14.6410 	EXP 	New trial (rep=0, index=11): OrderedDict([('Imagenes', 'imagenes\\Uvas.jpg'), ('Random', 0.7734382152670648), ('Correcto', None)])
14.6654 	EXP 	image_2: autoDraw = False
14.6654 	EXP 	slider_2: autoDraw = False
14.6654 	EXP 	image_2: image = 'imagenes\\Uvas.jpg'
14.6654 	EXP 	slider_2: markerPos = None
14.6654 	EXP 	slider_2: markerPos = None
14.6654 	EXP 	slider_2: rating = None
14.6654 	EXP 	image_2: autoDraw = True
14.6654 	EXP 	slider_2: autoDraw = True
14.7088 	DATA 	Mouse: Left button down, pos=(677,157)
14.7376 	EXP 	slider_2: markerPos = 3.4609375
14.7542 	EXP 	slider_2: markerPos = 3.4609375
14.7707 	EXP 	slider_2: markerPos = 3.4609375
14.7876 	EXP 	slider_2: markerPos = 3.4609375
14.7900 	DATA 	Mouse:  Left button up, pos=(677,157)
14.8044 	EXP 	slider_2: markerPos = 3.4609375
14.8044 	EXP 	slider_2: rating = 3.4609375
14.8080 	EXP 	New trial (rep=0, index=12): OrderedDict([('Imagenes', 'imagenes\\Brownie.jpg'), ('Random', 0.17000143351927688), ('Correcto', None)])
14.8583 	EXP 	image_2: autoDraw = False
14.8583 	EXP 	slider_2: autoDraw = False
14.8583 	EXP 	image_2: image = 'imagenes\\Brownie.jpg'
14.8583 	EXP 	slider_2: markerPos = None
14.8583 	EXP 	slider_2: markerPos = None
14.8583 	EXP 	slider_2: rating = None
14.8583 	EXP 	image_2: autoDraw = True
14.8583 	EXP 	slider_2: autoDraw = True
14.8911 	DATA 	Mouse: Left button down, pos=(677,157)
14.9041 	EXP 	slider_2: markerPos = 3.4609375
14.9208 	EXP 	slider_2: markerPos = 3.4609375
14.9375 	EXP 	slider_2: markerPos = 3.4609375
14.9545 	EXP 	slider_2: markerPos = 3.4609375
14.9564 	DATA 	Mouse:  Left button up, pos=(677,157)
14.9715 	EXP 	slider_2: markerPos = 3.4609375
14.9715 	EXP 	slider_2: rating = 3.4609375
14.9746 	EXP 	New trial (rep=0, index=13): OrderedDict([('Imagenes', 'imagenes\\Chocoramo.jfif.jpg'), ('Random', 0.7789437122019539), ('Correcto', None)])
14.9999 	EXP 	image_2: autoDraw = False
14.9999 	EXP 	slider_2: autoDraw = False
14.9999 	EXP 	image_2: image = 'imagenes\\Chocoramo.jfif.jpg'
14.9999 	EXP 	slider_2: markerPos = None
14.9999 	EXP 	slider_2: markerPos = None
14.9999 	EXP 	slider_2: rating = None
14.9999 	EXP 	image_2: autoDraw = True
14.9999 	EXP 	slider_2: autoDraw = True
15.1893 	DATA 	Mouse: Left button down, pos=(677,157)
15.2044 	EXP 	slider_2: markerPos = 3.4609375
15.2207 	EXP 	slider_2: markerPos = 3.4609375
15.2374 	EXP 	slider_2: markerPos = 3.4609375
15.2543 	EXP 	slider_2: markerPos = 3.4609375
15.2709 	EXP 	slider_2: markerPos = 3.4609375
15.2874 	EXP 	slider_2: markerPos = 3.4609375
15.2897 	DATA 	Mouse:  Left button up, pos=(677,157)
15.3043 	EXP 	slider_2: markerPos = 3.4609375
15.3043 	EXP 	slider_2: rating = 3.4609375
15.3073 	EXP 	New trial (rep=0, index=14): OrderedDict([('Imagenes', 'imagenes\\Kiwi.jpg'), ('Random', 0.5893907384852061), ('Correcto', None)])
15.3229 	EXP 	image_2: autoDraw = False
15.3229 	EXP 	slider_2: autoDraw = False
15.3229 	EXP 	image_2: image = 'imagenes\\Kiwi.jpg'
15.3229 	EXP 	slider_2: markerPos = None
15.3229 	EXP 	slider_2: markerPos = None
15.3229 	EXP 	slider_2: rating = None
15.3229 	EXP 	image_2: autoDraw = True
15.3229 	EXP 	slider_2: autoDraw = True
15.3582 	DATA 	Mouse: Left button down, pos=(677,157)
15.3877 	EXP 	slider_2: markerPos = 3.4609375
15.4039 	EXP 	slider_2: markerPos = 3.4609375
15.4210 	EXP 	slider_2: markerPos = 3.4609375
15.4379 	EXP 	slider_2: markerPos = 3.4609375
15.4407 	DATA 	Mouse:  Left button up, pos=(677,157)
15.4545 	EXP 	slider_2: markerPos = 3.4609375
15.4545 	EXP 	slider_2: rating = 3.4609375
15.4567 	EXP 	New trial (rep=0, index=15): OrderedDict([('Imagenes', 'imagenes\\Nutella (1).jpg'), ('Random', 0.5277483225747329), ('Correcto', None)])
15.4761 	EXP 	image_2: autoDraw = False
15.4761 	EXP 	slider_2: autoDraw = False
15.4761 	EXP 	image_2: image = 'imagenes\\Nutella (1).jpg'
15.4761 	EXP 	slider_2: markerPos = None
15.4761 	EXP 	slider_2: markerPos = None
15.4761 	EXP 	slider_2: rating = None
15.4761 	EXP 	image_2: autoDraw = True
15.4761 	EXP 	slider_2: autoDraw = True
15.5231 	DATA 	Mouse: Left button down, pos=(677,157)
15.5379 	EXP 	slider_2: markerPos = 3.4609375
15.5543 	EXP 	slider_2: markerPos = 3.4609375
15.5710 	EXP 	slider_2: markerPos = 3.4609375
15.5878 	EXP 	slider_2: markerPos = 3.4609375
15.6045 	EXP 	slider_2: markerPos = 3.4609375
15.6069 	DATA 	Mouse:  Left button up, pos=(677,157)
15.6199 	EXP 	slider_2: markerPos = 3.4609375
15.6199 	EXP 	slider_2: rating = 3.4609375
15.6224 	EXP 	New trial (rep=0, index=16): OrderedDict([('Imagenes', 'imagenes\\Croissant.jpg'), ('Random', 0.6152458173421255), ('Correcto', None)])
15.6465 	EXP 	image_2: autoDraw = False
15.6465 	EXP 	slider_2: autoDraw = False
15.6465 	EXP 	image_2: image = 'imagenes\\Croissant.jpg'
15.6465 	EXP 	slider_2: markerPos = None
15.6465 	EXP 	slider_2: markerPos = None
15.6465 	EXP 	slider_2: rating = None
15.6465 	EXP 	image_2: autoDraw = True
15.6465 	EXP 	slider_2: autoDraw = True
15.6900 	DATA 	Mouse: Left button down, pos=(677,157)
15.7042 	EXP 	slider_2: markerPos = 3.4609375
15.7211 	EXP 	slider_2: markerPos = 3.4609375
15.7380 	EXP 	slider_2: markerPos = 3.4609375
15.7538 	EXP 	slider_2: markerPos = 3.4609375
15.7710 	EXP 	slider_2: markerPos = 3.4609375
15.7873 	EXP 	slider_2: markerPos = 3.4609375
15.7889 	DATA 	Mouse:  Left button up, pos=(677,157)
15.8044 	EXP 	slider_2: markerPos = 3.4609375
15.8044 	EXP 	slider_2: rating = 3.4609375
15.8072 	EXP 	New trial (rep=0, index=17): OrderedDict([('Imagenes', 'imagenes\\Galletas-festival.jpg'), ('Random', 0.36121121246191135), ('Correcto', None)])
15.8425 	EXP 	image_2: autoDraw = False
15.8425 	EXP 	slider_2: autoDraw = False
15.8425 	EXP 	image_2: image = 'imagenes\\Galletas-festival.jpg'
15.8425 	EXP 	slider_2: markerPos = None
15.8425 	EXP 	slider_2: markerPos = None
15.8425 	EXP 	slider_2: rating = None
15.8425 	EXP 	image_2: autoDraw = True
15.8425 	EXP 	slider_2: autoDraw = True
15.8561 	DATA 	Mouse: Left button down, pos=(677,157)
15.8714 	EXP 	slider_2: markerPos = 3.4609375
15.8878 	EXP 	slider_2: markerPos = 3.4609375
15.9046 	EXP 	slider_2: markerPos = 3.4609375
15.9211 	EXP 	slider_2: markerPos = 3.4609375
15.9375 	EXP 	slider_2: markerPos = 3.4609375
15.9412 	DATA 	Mouse:  Left button up, pos=(677,157)
15.9543 	EXP 	slider_2: markerPos = 3.4609375
15.9711 	EXP 	slider_2: markerPos = 3.4609375
15.9711 	EXP 	slider_2: rating = 3.4609375
15.9737 	EXP 	New trial (rep=0, index=18): OrderedDict([('Imagenes', 'imagenes\\Papas-pollo.jpg'), ('Random', 0.6683114062971784), ('Correcto', None)])
15.9907 	EXP 	image_2: autoDraw = False
15.9907 	EXP 	slider_2: autoDraw = False
15.9907 	EXP 	image_2: image = 'imagenes\\Papas-pollo.jpg'
15.9907 	EXP 	slider_2: markerPos = None
15.9907 	EXP 	slider_2: markerPos = None
15.9907 	EXP 	slider_2: rating = None
15.9907 	EXP 	image_2: autoDraw = True
15.9907 	EXP 	slider_2: autoDraw = True
16.0390 	DATA 	Mouse: Left button down, pos=(677,157)
16.0543 	EXP 	slider_2: markerPos = 3.4609375
16.0712 	EXP 	slider_2: markerPos = 3.4609375
16.0875 	EXP 	slider_2: markerPos = 3.4609375
16.1044 	EXP 	slider_2: markerPos = 3.4609375
16.1063 	DATA 	Mouse:  Left button up, pos=(677,157)
16.1208 	EXP 	slider_2: markerPos = 3.4609375
16.1208 	EXP 	slider_2: rating = 3.4609375
16.1233 	EXP 	New trial (rep=0, index=19): OrderedDict([('Imagenes', 'imagenes\\Mango.jpeg'), ('Random', 0.555669112372461), ('Correcto', None)])
16.1488 	EXP 	image_2: autoDraw = False
16.1488 	EXP 	slider_2: autoDraw = False
16.1488 	EXP 	image_2: image = 'imagenes\\Mango.jpeg'
16.1488 	EXP 	slider_2: markerPos = None
16.1488 	EXP 	slider_2: markerPos = None
16.1488 	EXP 	slider_2: rating = None
16.1488 	EXP 	image_2: autoDraw = True
16.1488 	EXP 	slider_2: autoDraw = True
16.1891 	DATA 	Mouse: Left button down, pos=(677,157)
16.2046 	EXP 	slider_2: markerPos = 3.4609375
16.2213 	EXP 	slider_2: markerPos = 3.4609375
16.2373 	EXP 	slider_2: markerPos = 3.4609375
16.2541 	EXP 	slider_2: markerPos = 3.4609375
16.2711 	EXP 	slider_2: markerPos = 3.4609375
16.2728 	DATA 	Mouse:  Left button up, pos=(677,157)
16.2877 	EXP 	slider_2: markerPos = 3.4609375
16.2877 	EXP 	slider_2: rating = 3.4609375
16.2900 	EXP 	New trial (rep=0, index=1): OrderedDict([('Hertz', 1000), ('volumen', 0.02)])
16.2954 	EXP 	Imported imagenes.xlsx as conditions, 20 conditions, 3 params
16.2957 	EXP 	Created sequence: random, trialTypes=20, nReps=1, seed=None
16.2959 	EXP 	New trial (rep=0, index=0): OrderedDict([('Imagenes', 'imagenes\\Yogurt-alpina.jpg'), ('Random', 0.21540995091807813), ('Correcto', None)])
16.3086 	EXP 	image_2: autoDraw = False
16.3086 	EXP 	slider_2: autoDraw = False
16.3086 	EXP 	image_2: image = 'imagenes\\Yogurt-alpina.jpg'
16.3086 	EXP 	slider_2: markerPos = None
16.3086 	EXP 	slider_2: markerPos = None
16.3086 	EXP 	slider_2: rating = None
16.3086 	EXP 	image_2: autoDraw = True
16.3086 	EXP 	slider_2: autoDraw = True
16.3556 	DATA 	Mouse: Left button down, pos=(677,157)
16.3713 	EXP 	slider_2: markerPos = 3.4609375
16.3873 	EXP 	slider_2: markerPos = 3.4609375
16.4045 	EXP 	slider_2: markerPos = 3.4609375
16.4210 	EXP 	slider_2: markerPos = 3.4609375
16.4378 	EXP 	slider_2: markerPos = 3.4609375
16.4395 	DATA 	Mouse:  Left button up, pos=(677,157)
16.4541 	EXP 	slider_2: markerPos = 3.4609375
16.4541 	EXP 	slider_2: rating = 3.4609375
16.4570 	EXP 	New trial (rep=0, index=1): OrderedDict([('Imagenes', 'imagenes\\Banano.jpeg'), ('Random', 0.651633055306917), ('Correcto', None)])
16.4710 	EXP 	image_2: autoDraw = False
16.4710 	EXP 	slider_2: autoDraw = False
16.4710 	EXP 	image_2: image = 'imagenes\\Banano.jpeg'
16.4710 	EXP 	slider_2: markerPos = None
16.4710 	EXP 	slider_2: markerPos = None
16.4710 	EXP 	slider_2: rating = None
16.4710 	EXP 	image_2: autoDraw = True
16.4710 	EXP 	slider_2: autoDraw = True
16.5225 	DATA 	Mouse: Left button down, pos=(677,157)
16.5377 	EXP 	slider_2: markerPos = 3.4609375
16.5543 	EXP 	slider_2: markerPos = 3.4609375
16.5712 	EXP 	slider_2: markerPos = 3.4609375
16.5877 	EXP 	slider_2: markerPos = 3.4609375
16.6043 	EXP 	slider_2: markerPos = 3.4609375
16.6067 	DATA 	Mouse:  Left button up, pos=(677,157)
16.6207 	EXP 	slider_2: markerPos = 3.4609375
16.6207 	EXP 	slider_2: rating = 3.4609375
16.6234 	EXP 	New trial (rep=0, index=2): OrderedDict([('Imagenes', 'imagenes\\Manzana.jpg'), ('Random', 0.5168162194437935), ('Correcto', None)])
16.6485 	EXP 	image_2: autoDraw = False
16.6485 	EXP 	slider_2: autoDraw = False
16.6485 	EXP 	image_2: image = 'imagenes\\Manzana.jpg'
16.6485 	EXP 	slider_2: markerPos = None
16.6485 	EXP 	slider_2: markerPos = None
16.6485 	EXP 	slider_2: rating = None
16.6485 	EXP 	image_2: autoDraw = True
16.6485 	EXP 	slider_2: autoDraw = True
16.6746 	DATA 	Mouse: Left button down, pos=(677,157)
16.6881 	EXP 	slider_2: markerPos = 3.4609375
16.7045 	EXP 	slider_2: markerPos = 3.4609375
16.7203 	EXP 	slider_2: markerPos = 3.4609375
16.7380 	EXP 	slider_2: markerPos = 3.4609375
16.7543 	EXP 	slider_2: markerPos = 3.4609375
16.7712 	EXP 	slider_2: markerPos = 3.4609375
16.7735 	DATA 	Mouse:  Left button up, pos=(677,157)
16.7878 	EXP 	slider_2: markerPos = 3.4609375
16.7878 	EXP 	slider_2: rating = 3.4609375
16.7901 	EXP 	New trial (rep=0, index=3): OrderedDict([('Imagenes', 'imagenes\\Nutella (1).jpg'), ('Random', 0.5277483225747329), ('Correcto', None)])
16.8043 	EXP 	image_2: autoDraw = False
16.8043 	EXP 	slider_2: autoDraw = False
16.8043 	EXP 	image_2: image = 'imagenes\\Nutella (1).jpg'
16.8043 	EXP 	slider_2: markerPos = None
16.8043 	EXP 	slider_2: markerPos = None
16.8043 	EXP 	slider_2: rating = None
16.8043 	EXP 	image_2: autoDraw = True
16.8043 	EXP 	slider_2: autoDraw = True
16.8393 	DATA 	Mouse: Left button down, pos=(677,157)
16.8542 	EXP 	slider_2: markerPos = 3.4609375
16.8710 	EXP 	slider_2: markerPos = 3.4609375
16.8874 	EXP 	slider_2: markerPos = 3.4609375
16.9045 	EXP 	slider_2: markerPos = 3.4609375
16.9210 	EXP 	slider_2: markerPos = 3.4609375
16.9253 	DATA 	Mouse:  Left button up, pos=(677,157)
16.9375 	EXP 	slider_2: markerPos = 3.4609375
16.9546 	EXP 	slider_2: markerPos = 3.4609375
16.9546 	EXP 	slider_2: rating = 3.4609375
16.9575 	EXP 	New trial (rep=0, index=4): OrderedDict([('Imagenes', 'imagenes\\Leche-de-almendras.jpg'), ('Random', 0.36073876480313727), ('Correcto', None)])
17.0007 	EXP 	image_2: autoDraw = False
17.0007 	EXP 	slider_2: autoDraw = False
17.0007 	EXP 	image_2: image = 'imagenes\\Leche-de-almendras.jpg'
17.0007 	EXP 	slider_2: markerPos = None
17.0007 	EXP 	slider_2: markerPos = None
17.0007 	EXP 	slider_2: rating = None
17.0007 	EXP 	image_2: autoDraw = True
17.0007 	EXP 	slider_2: autoDraw = True
17.0028 	DATA 	Mouse: Left button down, pos=(677,157)
17.0073 	EXP 	slider_2: markerPos = 3.4609375
17.0136 	EXP 	slider_2: markerPos = 3.4609375
17.0212 	EXP 	slider_2: markerPos = 3.4609375
17.0382 	EXP 	slider_2: markerPos = 3.4609375
17.0548 	EXP 	slider_2: markerPos = 3.4609375
17.0716 	EXP 	slider_2: markerPos = 3.4609375
17.0883 	EXP 	slider_2: markerPos = 3.4609375
17.0927 	DATA 	Mouse:  Left button up, pos=(677,157)
17.1049 	EXP 	slider_2: markerPos = 3.4609375
17.1211 	EXP 	slider_2: markerPos = 3.4609375
17.1211 	EXP 	slider_2: rating = 3.4609375
17.1245 	EXP 	New trial (rep=0, index=5): OrderedDict([('Imagenes', 'imagenes\\Alpinito.jpg'), ('Random', 0.4515332417045813), ('Correcto', None)])
17.1531 	EXP 	image_2: autoDraw = False
17.1531 	EXP 	slider_2: autoDraw = False
17.1531 	EXP 	image_2: image = 'imagenes\\Alpinito.jpg'
17.1531 	EXP 	slider_2: markerPos = None
17.1531 	EXP 	slider_2: markerPos = None
17.1531 	EXP 	slider_2: rating = None
17.1531 	EXP 	image_2: autoDraw = True
17.1531 	EXP 	slider_2: autoDraw = True
17.1730 	DATA 	Mouse: Left button down, pos=(677,157)
17.1866 	EXP 	slider_2: markerPos = 3.4609375
17.2047 	EXP 	slider_2: markerPos = 3.4609375
17.2211 	EXP 	slider_2: markerPos = 3.4609375
17.2374 	EXP 	slider_2: markerPos = 3.4609375
17.2546 	EXP 	slider_2: markerPos = 3.4609375
17.2566 	DATA 	Mouse:  Left button up, pos=(677,157)
17.2711 	EXP 	slider_2: markerPos = 3.4609375
17.2711 	EXP 	slider_2: rating = 3.4609375
17.2735 	EXP 	New trial (rep=0, index=6): OrderedDict([('Imagenes', 'imagenes\\Papas-naturales.jpg'), ('Random', 0.15856838916280946), ('Correcto', None)])
17.2880 	EXP 	image_2: autoDraw = False
17.2880 	EXP 	slider_2: autoDraw = False
17.2880 	EXP 	image_2: image = 'imagenes\\Papas-naturales.jpg'
17.2880 	EXP 	slider_2: markerPos = None
17.2880 	EXP 	slider_2: markerPos = None
17.2880 	EXP 	slider_2: rating = None
17.2880 	EXP 	image_2: autoDraw = True
17.2880 	EXP 	slider_2: autoDraw = True
17.3398 	DATA 	Mouse: Left button down, pos=(677,157)
17.3540 	EXP 	slider_2: markerPos = 3.4609375
17.3707 	EXP 	slider_2: markerPos = 3.4609375
17.3877 	EXP 	slider_2: markerPos = 3.4609375
17.4042 	EXP 	slider_2: markerPos = 3.4609375
17.4200 	EXP 	slider_2: markerPos = 3.4609375
17.4376 	EXP 	slider_2: markerPos = 3.4609375
17.4391 	DATA 	Mouse:  Left button up, pos=(677,157)
17.4541 	EXP 	slider_2: markerPos = 3.4609375
17.4541 	EXP 	slider_2: rating = 3.4609375
17.4572 	EXP 	New trial (rep=0, index=7): OrderedDict([('Imagenes', 'imagenes\\Kiwi.jpg'), ('Random', 0.5893907384852061), ('Correcto', None)])
17.4710 	EXP 	image_2: autoDraw = False
17.4710 	EXP 	slider_2: autoDraw = False
17.4710 	EXP 	image_2: image = 'imagenes\\Kiwi.jpg'
17.4710 	EXP 	slider_2: markerPos = None
17.4710 	EXP 	slider_2: markerPos = None
17.4710 	EXP 	slider_2: rating = None
17.4710 	EXP 	image_2: autoDraw = True
17.4710 	EXP 	slider_2: autoDraw = True
17.5230 	DATA 	Mouse: Left button down, pos=(677,157)
17.5377 	EXP 	slider_2: markerPos = 3.4609375
17.5546 	EXP 	slider_2: markerPos = 3.4609375
17.5708 	EXP 	slider_2: markerPos = 3.4609375
17.5877 	EXP 	slider_2: markerPos = 3.4609375
17.6046 	EXP 	slider_2: markerPos = 3.4609375
17.6060 	DATA 	Mouse:  Left button up, pos=(677,157)
17.6211 	EXP 	slider_2: markerPos = 3.4609375
17.6211 	EXP 	slider_2: rating = 3.4609375
17.6239 	EXP 	New trial (rep=0, index=8): OrderedDict([('Imagenes', 'imagenes\\Uvas.jpg'), ('Random', 0.7734382152670648), ('Correcto', None)])
17.6378 	EXP 	image_2: autoDraw = False
17.6378 	EXP 	slider_2: autoDraw = False
17.6378 	EXP 	image_2: image = 'imagenes\\Uvas.jpg'
17.6378 	EXP 	slider_2: markerPos = None
17.6378 	EXP 	slider_2: markerPos = None
17.6378 	EXP 	slider_2: rating = None
17.6378 	EXP 	image_2: autoDraw = True
17.6378 	EXP 	slider_2: autoDraw = True
17.6739 	DATA 	Mouse: Left button down, pos=(677,157)
17.7044 	EXP 	slider_2: markerPos = 3.4609375
17.7208 	EXP 	slider_2: markerPos = 3.4609375
17.7376 	EXP 	slider_2: markerPos = 3.4609375
17.7545 	EXP 	slider_2: markerPos = 3.4609375
17.7706 	EXP 	slider_2: markerPos = 3.4609375
17.7878 	EXP 	slider_2: markerPos = 3.4609375
17.7900 	DATA 	Mouse:  Left button up, pos=(677,157)
17.8040 	EXP 	slider_2: markerPos = 3.4609375
17.8040 	EXP 	slider_2: rating = 3.4609375
17.8066 	EXP 	New trial (rep=0, index=9): OrderedDict([('Imagenes', 'imagenes\\bon-bon-bun.jpg'), ('Random', 0.7387922093313524), ('Correcto', None)])
17.8293 	EXP 	image_2: autoDraw = False
17.8293 	EXP 	slider_2: autoDraw = False
17.8293 	EXP 	image_2: image = 'imagenes\\bon-bon-bun.jpg'
17.8293 	EXP 	slider_2: markerPos = None
17.8293 	EXP 	slider_2: markerPos = None
17.8293 	EXP 	slider_2: rating = None
17.8293 	EXP 	image_2: autoDraw = True
17.8293 	EXP 	slider_2: autoDraw = True
17.8560 	DATA 	Mouse: Left button down, pos=(677,157)
17.8713 	EXP 	slider_2: markerPos = 3.4609375
17.8876 	EXP 	slider_2: markerPos = 3.4609375
17.9044 	EXP 	slider_2: markerPos = 3.4609375
17.9209 	EXP 	slider_2: markerPos = 3.4609375
17.9374 	EXP 	slider_2: markerPos = 3.4609375
17.9389 	DATA 	Mouse:  Left button up, pos=(677,157)
17.9540 	EXP 	slider_2: markerPos = 3.4609375
17.9540 	EXP 	slider_2: rating = 3.4609375
17.9569 	EXP 	New trial (rep=0, index=10): OrderedDict([('Imagenes', 'imagenes\\Papas-pollo.jpg'), ('Random', 0.6683114062971784), ('Correcto', None)])
17.9707 	EXP 	image_2: autoDraw = False
17.9707 	EXP 	slider_2: autoDraw = False
17.9707 	EXP 	image_2: image = 'imagenes\\Papas-pollo.jpg'
17.9707 	EXP 	slider_2: markerPos = None
17.9707 	EXP 	slider_2: markerPos = None
17.9707 	EXP 	slider_2: rating = None
17.9707 	EXP 	image_2: autoDraw = True
17.9707 	EXP 	slider_2: autoDraw = True
18.0232 	DATA 	Mouse: Left button down, pos=(677,157)
18.0374 	EXP 	slider_2: markerPos = 3.4609375
18.0542 	EXP 	slider_2: markerPos = 3.4609375
18.0709 	EXP 	slider_2: markerPos = 3.4609375
18.0877 	EXP 	slider_2: markerPos = 3.4609375
18.1043 	EXP 	slider_2: markerPos = 3.4609375
18.1209 	EXP 	slider_2: markerPos = 3.4609375
18.1254 	DATA 	Mouse:  Left button up, pos=(677,157)
18.1372 	EXP 	slider_2: markerPos = 3.4609375
18.1540 	EXP 	slider_2: markerPos = 3.4609375
18.1540 	EXP 	slider_2: rating = 3.4609375
18.1563 	EXP 	New trial (rep=0, index=11): OrderedDict([('Imagenes', 'imagenes\\Galletas-festival.jpg'), ('Random', 0.36121121246191135), ('Correcto', None)])
18.1771 	EXP 	image_2: autoDraw = False
18.1771 	EXP 	slider_2: autoDraw = False
18.1771 	EXP 	image_2: image = 'imagenes\\Galletas-festival.jpg'
18.1771 	EXP 	slider_2: markerPos = None
18.1771 	EXP 	slider_2: markerPos = None
18.1771 	EXP 	slider_2: rating = None
18.1771 	EXP 	image_2: autoDraw = True
18.1771 	EXP 	slider_2: autoDraw = True
18.1803 	DATA 	Mouse: Left button down, pos=(677,157)
18.2033 	EXP 	slider_2: markerPos = 3.4609375
18.2210 	EXP 	slider_2: markerPos = 3.4609375
18.2377 	EXP 	slider_2: markerPos = 3.4609375
18.2546 	EXP 	slider_2: markerPos = 3.4609375
18.2711 	EXP 	slider_2: markerPos = 3.4609375
18.2875 	EXP 	slider_2: markerPos = 3.4609375
18.2897 	DATA 	Mouse:  Left button up, pos=(677,157)
18.3042 	EXP 	slider_2: markerPos = 3.4609375
18.3042 	EXP 	slider_2: rating = 3.4609375
18.3066 	EXP 	New trial (rep=0, index=12): OrderedDict([('Imagenes', 'imagenes\\Mango.jpeg'), ('Random', 0.555669112372461), ('Correcto', None)])
18.3240 	EXP 	image_2: autoDraw = False
18.3240 	EXP 	slider_2: autoDraw = False
18.3240 	EXP 	image_2: image = 'imagenes\\Mango.jpeg'
18.3240 	EXP 	slider_2: markerPos = None
18.3240 	EXP 	slider_2: markerPos = None
18.3240 	EXP 	slider_2: rating = None
18.3240 	EXP 	image_2: autoDraw = True
18.3240 	EXP 	slider_2: autoDraw = True
18.3725 	DATA 	Mouse: Left button down, pos=(677,157)
18.3876 	EXP 	slider_2: markerPos = 3.4609375
18.4041 	EXP 	slider_2: markerPos = 3.4609375
18.4211 	EXP 	slider_2: markerPos = 3.4609375
18.4378 	EXP 	slider_2: markerPos = 3.4609375
18.4540 	EXP 	slider_2: markerPos = 3.4609375
18.4709 	EXP 	slider_2: markerPos = 3.4609375
18.4732 	DATA 	Mouse:  Left button up, pos=(677,157)
18.4874 	EXP 	slider_2: markerPos = 3.4609375
18.4874 	EXP 	slider_2: rating = 3.4609375
18.4896 	EXP 	New trial (rep=0, index=13): OrderedDict([('Imagenes', 'imagenes\\Papas-limon.jpg'), ('Random', 0.020692288100133793), ('Correcto', None)])
18.5042 	EXP 	image_2: autoDraw = False
18.5042 	EXP 	slider_2: autoDraw = False
18.5042 	EXP 	image_2: image = 'imagenes\\Papas-limon.jpg'
18.5042 	EXP 	slider_2: markerPos = None
18.5042 	EXP 	slider_2: markerPos = None
18.5042 	EXP 	slider_2: rating = None
18.5042 	EXP 	image_2: autoDraw = True
18.5042 	EXP 	slider_2: autoDraw = True
18.5395 	DATA 	Mouse: Left button down, pos=(677,157)
18.5545 	EXP 	slider_2: markerPos = 3.4609375
18.5708 	EXP 	slider_2: markerPos = 3.4609375
18.5877 	EXP 	slider_2: markerPos = 3.4609375
18.6039 	EXP 	slider_2: markerPos = 3.4609375
18.6210 	EXP 	slider_2: markerPos = 3.4609375
18.6372 	EXP 	slider_2: markerPos = 3.4609375
18.6388 	DATA 	Mouse:  Left button up, pos=(677,157)
18.6546 	EXP 	slider_2: markerPos = 3.4609375
18.6546 	EXP 	slider_2: rating = 3.4609375
18.6579 	EXP 	New trial (rep=0, index=14): OrderedDict([('Imagenes', 'imagenes\\Galletas Tosh.jpg'), ('Random', 0.478088790487872), ('Correcto', None)])
18.6797 	EXP 	image_2: autoDraw = False
18.6797 	EXP 	slider_2: autoDraw = False
18.6797 	EXP 	image_2: image = 'imagenes\\Galletas Tosh.jpg'
18.6797 	EXP 	slider_2: markerPos = None
18.6797 	EXP 	slider_2: markerPos = None
18.6797 	EXP 	slider_2: rating = None
18.6797 	EXP 	image_2: autoDraw = True
18.6797 	EXP 	slider_2: autoDraw = True
18.7229 	DATA 	Mouse: Left button down, pos=(677,157)
18.7373 	EXP 	slider_2: markerPos = 3.4609375
18.7538 	EXP 	slider_2: markerPos = 3.4609375
18.7710 	EXP 	slider_2: markerPos = 3.4609375
18.7875 	EXP 	slider_2: markerPos = 3.4609375
18.8043 	EXP 	slider_2: markerPos = 3.4609375
18.8059 	DATA 	Mouse:  Left button up, pos=(677,157)
18.8210 	EXP 	slider_2: markerPos = 3.4609375
18.8210 	EXP 	slider_2: rating = 3.4609375
18.8236 	EXP 	New trial (rep=0, index=15): OrderedDict([('Imagenes', 'imagenes\\Rosquitas (1).jpg'), ('Random', 0.3035383390851263), ('Correcto', None)])
18.8529 	EXP 	image_2: autoDraw = False
18.8529 	EXP 	slider_2: autoDraw = False
18.8529 	EXP 	image_2: image = 'imagenes\\Rosquitas (1).jpg'
18.8529 	EXP 	slider_2: markerPos = None
18.8529 	EXP 	slider_2: markerPos = None
18.8529 	EXP 	slider_2: rating = None
18.8529 	EXP 	image_2: autoDraw = True
18.8529 	EXP 	slider_2: autoDraw = True
18.8897 	DATA 	Mouse: Left button down, pos=(677,157)
18.9039 	EXP 	slider_2: markerPos = 3.4609375
18.9206 	EXP 	slider_2: markerPos = 3.4609375
18.9374 	EXP 	slider_2: markerPos = 3.4609375
18.9542 	EXP 	slider_2: markerPos = 3.4609375
18.9709 	EXP 	slider_2: markerPos = 3.4609375
18.9875 	EXP 	slider_2: markerPos = 3.4609375
18.9891 	DATA 	Mouse:  Left button up, pos=(677,157)
19.0041 	EXP 	slider_2: markerPos = 3.4609375
19.0041 	EXP 	slider_2: rating = 3.4609375
19.0062 	EXP 	New trial (rep=0, index=16): OrderedDict([('Imagenes', 'imagenes\\Popetas.jpg'), ('Random', 0.07650200324054446), ('Correcto', None)])
19.0306 	DATA 	Mouse: Left button down, pos=(677,157)
19.0362 	EXP 	image_2: autoDraw = False
19.0362 	EXP 	slider_2: autoDraw = False
19.0362 	EXP 	image_2: image = 'imagenes\\Popetas.jpg'
19.0362 	EXP 	slider_2: markerPos = None
19.0362 	EXP 	slider_2: markerPos = None
19.0362 	EXP 	slider_2: rating = None
19.0362 	EXP 	image_2: autoDraw = True
19.0362 	EXP 	slider_2: autoDraw = True
19.0362 	EXP 	slider_2: markerPos = 3.4609375
19.0420 	EXP 	slider_2: markerPos = 3.4609375
19.0539 	EXP 	slider_2: markerPos = 3.4609375
19.0706 	EXP 	slider_2: markerPos = 3.4609375
19.0876 	EXP 	slider_2: markerPos = 3.4609375
19.1041 	EXP 	slider_2: markerPos = 3.4609375
19.1211 	EXP 	slider_2: markerPos = 3.4609375
19.1371 	EXP 	slider_2: markerPos = 3.4609375
19.1410 	DATA 	Mouse:  Left button up, pos=(677,157)
19.1539 	EXP 	slider_2: markerPos = 3.4609375
19.1713 	EXP 	slider_2: markerPos = 3.4609375
19.1713 	EXP 	slider_2: rating = 3.4609375
19.1746 	EXP 	New trial (rep=0, index=17): OrderedDict([('Imagenes', 'imagenes\\Croissant.jpg'), ('Random', 0.6152458173421255), ('Correcto', None)])
19.1970 	EXP 	image_2: autoDraw = False
19.1970 	EXP 	slider_2: autoDraw = False
19.1970 	EXP 	image_2: image = 'imagenes\\Croissant.jpg'
19.1970 	EXP 	slider_2: markerPos = None
19.1970 	EXP 	slider_2: markerPos = None
19.1970 	EXP 	slider_2: rating = None
19.1970 	EXP 	image_2: autoDraw = True
19.1970 	EXP 	slider_2: autoDraw = True
19.2244 	DATA 	Mouse: Left button down, pos=(677,157)
19.2374 	EXP 	slider_2: markerPos = 3.4609375
19.2546 	EXP 	slider_2: markerPos = 3.4609375
19.2711 	EXP 	slider_2: markerPos = 3.4609375
19.2874 	EXP 	slider_2: markerPos = 3.4609375
19.3039 	EXP 	slider_2: markerPos = 3.4609375
19.3053 	DATA 	Mouse:  Left button up, pos=(677,157)
19.3206 	EXP 	slider_2: markerPos = 3.4609375
19.3206 	EXP 	slider_2: rating = 3.4609375
19.3235 	EXP 	New trial (rep=0, index=18): OrderedDict([('Imagenes', 'imagenes\\Chocoramo.jfif.jpg'), ('Random', 0.7789437122019539), ('Correcto', None)])
19.3471 	EXP 	image_2: autoDraw = False
19.3471 	EXP 	slider_2: autoDraw = False
19.3471 	EXP 	image_2: image = 'imagenes\\Chocoramo.jfif.jpg'
19.3471 	EXP 	slider_2: markerPos = None
19.3471 	EXP 	slider_2: markerPos = None
19.3471 	EXP 	slider_2: rating = None
19.3471 	EXP 	image_2: autoDraw = True
19.3471 	EXP 	slider_2: autoDraw = True
19.3906 	DATA 	Mouse: Left button down, pos=(677,157)
19.4210 	EXP 	slider_2: markerPos = 3.4609375
19.4376 	EXP 	slider_2: markerPos = 3.4609375
19.4536 	EXP 	slider_2: markerPos = 3.4609375
19.4708 	EXP 	slider_2: markerPos = 3.4609375
19.4724 	DATA 	Mouse:  Left button up, pos=(677,157)
19.4875 	EXP 	slider_2: markerPos = 3.4609375
19.4875 	EXP 	slider_2: rating = 3.4609375
19.4897 	EXP 	New trial (rep=0, index=19): OrderedDict([('Imagenes', 'imagenes\\Brownie.jpg'), ('Random', 0.17000143351927688), ('Correcto', None)])
19.5166 	EXP 	image_2: autoDraw = False
19.5166 	EXP 	slider_2: autoDraw = False
19.5166 	EXP 	image_2: image = 'imagenes\\Brownie.jpg'
19.5166 	EXP 	slider_2: markerPos = None
19.5166 	EXP 	slider_2: markerPos = None
19.5166 	EXP 	slider_2: rating = None
19.5166 	EXP 	image_2: autoDraw = True
19.5166 	EXP 	slider_2: autoDraw = True
19.5577 	DATA 	Mouse: Left button down, pos=(677,157)
19.5874 	EXP 	slider_2: markerPos = 3.4609375
19.6044 	EXP 	slider_2: markerPos = 3.4609375
19.6206 	EXP 	slider_2: markerPos = 3.4609375
19.6374 	EXP 	slider_2: markerPos = 3.4609375
19.6542 	EXP 	slider_2: markerPos = 3.4609375
19.6558 	DATA 	Mouse:  Left button up, pos=(677,157)
19.6706 	EXP 	slider_2: markerPos = 3.4609375
19.6706 	EXP 	slider_2: rating = 3.4609375
19.6734 	EXP 	New trial (rep=0, index=2): OrderedDict([('Hertz', 1000), ('volumen', 0.0)])
19.6800 	EXP 	Imported imagenes.xlsx as conditions, 20 conditions, 3 params
19.6803 	EXP 	Created sequence: random, trialTypes=20, nReps=1, seed=None
19.6806 	EXP 	New trial (rep=0, index=0): OrderedDict([('Imagenes', 'imagenes\\Manzana.jpg'), ('Random', 0.5168162194437935), ('Correcto', None)])
19.7027 	EXP 	image_2: autoDraw = False
19.7027 	EXP 	slider_2: autoDraw = False
19.7027 	EXP 	image_2: image = 'imagenes\\Manzana.jpg'
19.7027 	EXP 	slider_2: markerPos = None
19.7027 	EXP 	slider_2: markerPos = None
19.7027 	EXP 	slider_2: rating = None
19.7027 	EXP 	image_2: autoDraw = True
19.7027 	EXP 	slider_2: autoDraw = True
19.7399 	DATA 	Mouse: Left button down, pos=(677,157)
19.7542 	EXP 	slider_2: markerPos = 3.4609375
19.7713 	EXP 	slider_2: markerPos = 3.4609375
19.7874 	EXP 	slider_2: markerPos = 3.4609375
19.8042 	EXP 	slider_2: markerPos = 3.4609375
19.8205 	EXP 	slider_2: markerPos = 3.4609375
19.8223 	DATA 	Mouse:  Left button up, pos=(677,157)
19.8373 	EXP 	slider_2: markerPos = 3.4609375
19.8373 	EXP 	slider_2: rating = 3.4609375
19.8407 	EXP 	New trial (rep=0, index=1): OrderedDict([('Imagenes', 'imagenes\\Papas-pollo.jpg'), ('Random', 0.6683114062971784), ('Correcto', None)])
19.8540 	EXP 	image_2: autoDraw = False
19.8540 	EXP 	slider_2: autoDraw = False
19.8540 	EXP 	image_2: image = 'imagenes\\Papas-pollo.jpg'
19.8540 	EXP 	slider_2: markerPos = None
19.8540 	EXP 	slider_2: markerPos = None
19.8540 	EXP 	slider_2: rating = None
19.8540 	EXP 	image_2: autoDraw = True
19.8540 	EXP 	slider_2: autoDraw = True
19.9066 	DATA 	Mouse: Left button down, pos=(677,157)
19.9204 	EXP 	slider_2: markerPos = 3.4609375
19.9378 	EXP 	slider_2: markerPos = 3.4609375
19.9538 	EXP 	slider_2: markerPos = 3.4609375
19.9709 	EXP 	slider_2: markerPos = 3.4609375
19.9874 	EXP 	slider_2: markerPos = 3.4609375
20.0040 	EXP 	slider_2: markerPos = 3.4609375
20.0079 	DATA 	Mouse:  Left button up, pos=(677,157)
20.0207 	EXP 	slider_2: markerPos = 3.4609375
20.0373 	EXP 	slider_2: markerPos = 3.4609375
20.0373 	EXP 	slider_2: rating = 3.4609375
20.0398 	EXP 	New trial (rep=0, index=2): OrderedDict([('Imagenes', 'imagenes\\Croissant.jpg'), ('Random', 0.6152458173421255), ('Correcto', None)])
20.0620 	EXP 	image_2: autoDraw = False
20.0620 	EXP 	slider_2: autoDraw = False
20.0620 	EXP 	image_2: image = 'imagenes\\Croissant.jpg'
20.0620 	EXP 	slider_2: markerPos = None
20.0620 	EXP 	slider_2: markerPos = None
20.0620 	EXP 	slider_2: rating = None
20.0620 	EXP 	image_2: autoDraw = True
20.0620 	EXP 	slider_2: autoDraw = True
20.0723 	DATA 	Mouse: Left button down, pos=(677,157)
20.0871 	EXP 	slider_2: markerPos = 3.4609375
20.1046 	EXP 	slider_2: markerPos = 3.4609375
20.1207 	EXP 	slider_2: markerPos = 3.4609375
20.1373 	EXP 	slider_2: markerPos = 3.4609375
20.1537 	EXP 	slider_2: markerPos = 3.4609375
20.1704 	EXP 	slider_2: markerPos = 3.4609375
20.1870 	EXP 	slider_2: markerPos = 3.4609375
20.1893 	DATA 	Mouse:  Left button up, pos=(677,157)
20.2037 	EXP 	slider_2: markerPos = 3.4609375
20.2037 	EXP 	slider_2: rating = 3.4609375
20.2059 	EXP 	New trial (rep=0, index=3): OrderedDict([('Imagenes', 'imagenes\\Galletas-festival.jpg'), ('Random', 0.36121121246191135), ('Correcto', None)])
20.2251 	EXP 	image_2: autoDraw = False
20.2251 	EXP 	slider_2: autoDraw = False
20.2251 	EXP 	image_2: image = 'imagenes\\Galletas-festival.jpg'
20.2251 	EXP 	slider_2: markerPos = None
20.2251 	EXP 	slider_2: markerPos = None
20.2251 	EXP 	slider_2: rating = None
20.2251 	EXP 	image_2: autoDraw = True
20.2251 	EXP 	slider_2: autoDraw = True
20.2562 	DATA 	Mouse: Left button down, pos=(677,157)
20.2706 	EXP 	slider_2: markerPos = 3.4609375
20.2875 	EXP 	slider_2: markerPos = 3.4609375
20.3038 	EXP 	slider_2: markerPos = 3.4609375
20.3206 	EXP 	slider_2: markerPos = 3.4609375
20.3374 	EXP 	slider_2: markerPos = 3.4609375
20.3540 	EXP 	slider_2: markerPos = 3.4609375
20.3556 	DATA 	Mouse:  Left button up, pos=(677,157)
20.3706 	EXP 	slider_2: markerPos = 3.4609375
20.3706 	EXP 	slider_2: rating = 3.4609375
20.3733 	EXP 	New trial (rep=0, index=4): OrderedDict([('Imagenes', 'imagenes\\Yogurt-alpina.jpg'), ('Random', 0.21540995091807813), ('Correcto', None)])
20.3872 	EXP 	image_2: autoDraw = False
20.3872 	EXP 	slider_2: autoDraw = False
20.3872 	EXP 	image_2: image = 'imagenes\\Yogurt-alpina.jpg'
20.3872 	EXP 	slider_2: markerPos = None
20.3872 	EXP 	slider_2: markerPos = None
20.3872 	EXP 	slider_2: rating = None
20.3872 	EXP 	image_2: autoDraw = True
20.3872 	EXP 	slider_2: autoDraw = True
20.4402 	DATA 	Mouse: Left button down, pos=(677,157)
20.4542 	EXP 	slider_2: markerPos = 3.4609375
20.4708 	EXP 	slider_2: markerPos = 3.4609375
20.4874 	EXP 	slider_2: markerPos = 3.4609375
20.5041 	EXP 	slider_2: markerPos = 3.4609375
20.5210 	EXP 	slider_2: markerPos = 3.4609375
20.5249 	DATA 	Mouse:  Left button up, pos=(677,157)
20.5374 	EXP 	slider_2: markerPos = 3.4609375
20.5542 	EXP 	slider_2: markerPos = 3.4609375
20.5542 	EXP 	slider_2: rating = 3.4609375
20.5566 	EXP 	New trial (rep=0, index=5): OrderedDict([('Imagenes', 'imagenes\\Galletas Tosh.jpg'), ('Random', 0.478088790487872), ('Correcto', None)])
20.5772 	EXP 	image_2: autoDraw = False
20.5772 	EXP 	slider_2: autoDraw = False
20.5772 	EXP 	image_2: image = 'imagenes\\Galletas Tosh.jpg'
20.5772 	EXP 	slider_2: markerPos = None
20.5772 	EXP 	slider_2: markerPos = None
20.5772 	EXP 	slider_2: rating = None
20.5772 	EXP 	image_2: autoDraw = True
20.5772 	EXP 	slider_2: autoDraw = True
20.6064 	DATA 	Mouse: Left button down, pos=(677,157)
20.6199 	EXP 	slider_2: markerPos = 3.4609375
20.6376 	EXP 	slider_2: markerPos = 3.4609375
20.6547 	EXP 	slider_2: markerPos = 3.4609375
20.6709 	EXP 	slider_2: markerPos = 3.4609375
20.6872 	EXP 	slider_2: markerPos = 3.4609375
20.7038 	EXP 	slider_2: markerPos = 3.4609375
20.7083 	DATA 	Mouse:  Left button up, pos=(677,157)
20.7209 	EXP 	slider_2: markerPos = 3.4609375
20.7378 	EXP 	slider_2: markerPos = 3.4609375
20.7378 	EXP 	slider_2: rating = 3.4609375
20.7402 	EXP 	New trial (rep=0, index=6): OrderedDict([('Imagenes', 'imagenes\\Leche-de-almendras.jpg'), ('Random', 0.36073876480313727), ('Correcto', None)])
20.7805 	DATA 	Mouse: Left button down, pos=(677,157)
20.7869 	EXP 	image_2: autoDraw = False
20.7869 	EXP 	slider_2: autoDraw = False
20.7869 	EXP 	image_2: image = 'imagenes\\Leche-de-almendras.jpg'
20.7869 	EXP 	slider_2: markerPos = None
20.7869 	EXP 	slider_2: markerPos = None
20.7869 	EXP 	slider_2: rating = None
20.7869 	EXP 	image_2: autoDraw = True
20.7869 	EXP 	slider_2: autoDraw = True
20.7869 	EXP 	slider_2: markerPos = 3.4609375
20.7931 	EXP 	slider_2: markerPos = 3.4609375
20.8048 	EXP 	slider_2: markerPos = 3.4609375
20.8210 	EXP 	slider_2: markerPos = 3.4609375
20.8378 	EXP 	slider_2: markerPos = 3.4609375
20.8535 	EXP 	slider_2: markerPos = 3.4609375
20.8709 	EXP 	slider_2: markerPos = 3.4609375
20.8726 	DATA 	Mouse:  Left button up, pos=(677,157)
20.8874 	EXP 	slider_2: markerPos = 3.4609375
20.8874 	EXP 	slider_2: rating = 3.4609375
20.8896 	EXP 	New trial (rep=0, index=7): OrderedDict([('Imagenes', 'imagenes\\Papas-naturales.jpg'), ('Random', 0.15856838916280946), ('Correcto', None)])
20.9041 	EXP 	image_2: autoDraw = False
20.9041 	EXP 	slider_2: autoDraw = False
20.9041 	EXP 	image_2: image = 'imagenes\\Papas-naturales.jpg'
20.9041 	EXP 	slider_2: markerPos = None
20.9041 	EXP 	slider_2: markerPos = None
20.9041 	EXP 	slider_2: rating = None
20.9041 	EXP 	image_2: autoDraw = True
20.9041 	EXP 	slider_2: autoDraw = True
20.9553 	DATA 	Mouse: Left button down, pos=(677,157)
20.9711 	EXP 	slider_2: markerPos = 3.4609375
20.9878 	EXP 	slider_2: markerPos = 3.4609375
21.0040 	EXP 	slider_2: markerPos = 3.4609375
21.0207 	EXP 	slider_2: markerPos = 3.4609375
21.0376 	EXP 	slider_2: markerPos = 3.4609375
21.0539 	EXP 	slider_2: markerPos = 3.4609375
21.0562 	DATA 	Mouse:  Left button up, pos=(677,157)
21.0705 	EXP 	slider_2: markerPos = 3.4609375
21.0705 	EXP 	slider_2: rating = 3.4609375
21.0734 	EXP 	New trial (rep=0, index=8): OrderedDict([('Imagenes', 'imagenes\\Uvas.jpg'), ('Random', 0.7734382152670648), ('Correcto', None)])
21.0873 	EXP 	image_2: autoDraw = False
21.0873 	EXP 	slider_2: autoDraw = False
21.0873 	EXP 	image_2: image = 'imagenes\\Uvas.jpg'
21.0873 	EXP 	slider_2: markerPos = None
21.0873 	EXP 	slider_2: markerPos = None
21.0873 	EXP 	slider_2: rating = None
21.0873 	EXP 	image_2: autoDraw = True
21.0873 	EXP 	slider_2: autoDraw = True
21.1224 	DATA 	Mouse: Left button down, pos=(677,157)
21.1374 	EXP 	slider_2: markerPos = 3.4609375
21.1536 	EXP 	slider_2: markerPos = 3.4609375
21.1707 	EXP 	slider_2: markerPos = 3.4609375
21.1875 	EXP 	slider_2: markerPos = 3.4609375
21.2044 	EXP 	slider_2: markerPos = 3.4609375
21.2210 	EXP 	slider_2: markerPos = 3.4609375
21.2375 	EXP 	slider_2: markerPos = 3.4609375
21.2396 	DATA 	Mouse:  Left button up, pos=(677,157)
21.2541 	EXP 	slider_2: markerPos = 3.4609375
21.2541 	EXP 	slider_2: rating = 3.4609375
21.2562 	EXP 	New trial (rep=0, index=9): OrderedDict([('Imagenes', 'imagenes\\Mango.jpeg'), ('Random', 0.555669112372461), ('Correcto', None)])
21.2727 	EXP 	image_2: autoDraw = False
21.2727 	EXP 	slider_2: autoDraw = False
21.2727 	EXP 	image_2: image = 'imagenes\\Mango.jpeg'
21.2727 	EXP 	slider_2: markerPos = None
21.2727 	EXP 	slider_2: markerPos = None
21.2727 	EXP 	slider_2: rating = None
21.2727 	EXP 	image_2: autoDraw = True
21.2727 	EXP 	slider_2: autoDraw = True
21.3063 	DATA 	Mouse: Left button down, pos=(677,157)
21.3204 	EXP 	slider_2: markerPos = 3.4609375
21.3374 	EXP 	slider_2: markerPos = 3.4609375
21.3541 	EXP 	slider_2: markerPos = 3.4609375
21.3706 	EXP 	slider_2: markerPos = 3.4609375
21.3871 	EXP 	slider_2: markerPos = 3.4609375
21.3887 	DATA 	Mouse:  Left button up, pos=(677,157)
21.4039 	EXP 	slider_2: markerPos = 3.4609375
21.4039 	EXP 	slider_2: rating = 3.4609375
21.4068 	EXP 	New trial (rep=0, index=10): OrderedDict([('Imagenes', 'imagenes\\Nutella (1).jpg'), ('Random', 0.5277483225747329), ('Correcto', None)])
21.4205 	EXP 	image_2: autoDraw = False
21.4205 	EXP 	slider_2: autoDraw = False
21.4205 	EXP 	image_2: image = 'imagenes\\Nutella (1).jpg'
21.4205 	EXP 	slider_2: markerPos = None
21.4205 	EXP 	slider_2: markerPos = None
21.4205 	EXP 	slider_2: rating = None
21.4205 	EXP 	image_2: autoDraw = True
21.4205 	EXP 	slider_2: autoDraw = True
21.4555 	DATA 	Mouse: Left button down, pos=(677,157)
21.4708 	EXP 	slider_2: markerPos = 3.4609375
21.4870 	EXP 	slider_2: markerPos = 3.4609375
21.5041 	EXP 	slider_2: markerPos = 3.4609375
21.5206 	EXP 	slider_2: markerPos = 3.4609375
21.5372 	EXP 	slider_2: markerPos = 3.4609375
21.5531 	EXP 	slider_2: markerPos = 3.4609375
21.5706 	EXP 	slider_2: markerPos = 3.4609375
21.5724 	DATA 	Mouse:  Left button up, pos=(677,157)
21.5872 	EXP 	slider_2: markerPos = 3.4609375
21.5872 	EXP 	slider_2: rating = 3.4609375
21.5904 	EXP 	New trial (rep=0, index=11): OrderedDict([('Imagenes', 'imagenes\\Kiwi.jpg'), ('Random', 0.5893907384852061), ('Correcto', None)])
21.6039 	EXP 	image_2: autoDraw = False
21.6039 	EXP 	slider_2: autoDraw = False
21.6039 	EXP 	image_2: image = 'imagenes\\Kiwi.jpg'
21.6039 	EXP 	slider_2: markerPos = None
21.6039 	EXP 	slider_2: markerPos = None
21.6039 	EXP 	slider_2: rating = None
21.6039 	EXP 	image_2: autoDraw = True
21.6039 	EXP 	slider_2: autoDraw = True
21.6387 	DATA 	Mouse: Left button down, pos=(677,157)
21.6540 	EXP 	slider_2: markerPos = 3.4609375
21.6708 	EXP 	slider_2: markerPos = 3.4609375
21.6874 	EXP 	slider_2: markerPos = 3.4609375
21.7042 	EXP 	slider_2: markerPos = 3.4609375
21.7205 	EXP 	slider_2: markerPos = 3.4609375
21.7373 	EXP 	slider_2: markerPos = 3.4609375
21.7409 	DATA 	Mouse:  Left button up, pos=(677,157)
21.7539 	EXP 	slider_2: markerPos = 3.4609375
21.7708 	EXP 	slider_2: markerPos = 3.4609375
21.7708 	EXP 	slider_2: rating = 3.4609375
21.7734 	EXP 	New trial (rep=0, index=12): OrderedDict([('Imagenes', 'imagenes\\Brownie.jpg'), ('Random', 0.17000143351927688), ('Correcto', None)])
21.7989 	EXP 	image_2: autoDraw = False
21.7989 	EXP 	slider_2: autoDraw = False
21.7989 	EXP 	image_2: image = 'imagenes\\Brownie.jpg'
21.7989 	EXP 	slider_2: markerPos = None
21.7989 	EXP 	slider_2: markerPos = None
21.7989 	EXP 	slider_2: rating = None
21.7989 	EXP 	image_2: autoDraw = True
21.7989 	EXP 	slider_2: autoDraw = True
21.8078 	DATA 	Mouse: Left button down, pos=(677,157)
21.8209 	EXP 	slider_2: markerPos = 3.4609375
21.8375 	EXP 	slider_2: markerPos = 3.4609375
21.8541 	EXP 	slider_2: markerPos = 3.4609375
21.8704 	EXP 	slider_2: markerPos = 3.4609375
21.8874 	EXP 	slider_2: markerPos = 3.4609375
21.9039 	EXP 	slider_2: markerPos = 3.4609375
21.9205 	EXP 	slider_2: markerPos = 3.4609375
21.9375 	EXP 	slider_2: markerPos = 3.4609375
21.9395 	DATA 	Mouse:  Left button up, pos=(677,157)
21.9537 	EXP 	slider_2: markerPos = 3.4609375
21.9537 	EXP 	slider_2: rating = 3.4609375
21.9567 	EXP 	New trial (rep=0, index=13): OrderedDict([('Imagenes', 'imagenes\\Alpinito.jpg'), ('Random', 0.4515332417045813), ('Correcto', None)])
21.9792 	DATA 	Mouse: Left button down, pos=(677,157)
21.9844 	EXP 	image_2: autoDraw = False
21.9844 	EXP 	slider_2: autoDraw = False
21.9844 	EXP 	image_2: image = 'imagenes\\Alpinito.jpg'
21.9844 	EXP 	slider_2: markerPos = None
21.9844 	EXP 	slider_2: markerPos = None
21.9844 	EXP 	slider_2: rating = None
21.9844 	EXP 	image_2: autoDraw = True
21.9844 	EXP 	slider_2: autoDraw = True
21.9844 	EXP 	slider_2: markerPos = 3.4609375
21.9910 	EXP 	slider_2: markerPos = 3.4609375
22.0045 	EXP 	slider_2: markerPos = 3.4609375
22.0207 	EXP 	slider_2: markerPos = 3.4609375
22.0374 	EXP 	slider_2: markerPos = 3.4609375
22.0540 	EXP 	slider_2: markerPos = 3.4609375
22.0708 	EXP 	slider_2: markerPos = 3.4609375
22.0872 	EXP 	slider_2: markerPos = 3.4609375
22.0893 	DATA 	Mouse:  Left button up, pos=(677,157)
22.1037 	EXP 	slider_2: markerPos = 3.4609375
22.1037 	EXP 	slider_2: rating = 3.4609375
22.1059 	EXP 	New trial (rep=0, index=14): OrderedDict([('Imagenes', 'imagenes\\Chocoramo.jfif.jpg'), ('Random', 0.7789437122019539), ('Correcto', None)])
22.1290 	EXP 	image_2: autoDraw = False
22.1290 	EXP 	slider_2: autoDraw = False
22.1290 	EXP 	image_2: image = 'imagenes\\Chocoramo.jfif.jpg'
22.1290 	EXP 	slider_2: markerPos = None
22.1290 	EXP 	slider_2: markerPos = None
22.1290 	EXP 	slider_2: rating = None
22.1290 	EXP 	image_2: autoDraw = True
22.1290 	EXP 	slider_2: autoDraw = True
22.1556 	DATA 	Mouse: Left button down, pos=(677,157)
22.1707 	EXP 	slider_2: markerPos = 3.4609375
22.1872 	EXP 	slider_2: markerPos = 3.4609375
22.2040 	EXP 	slider_2: markerPos = 3.4609375
22.2208 	EXP 	slider_2: markerPos = 3.4609375
22.2374 	EXP 	slider_2: markerPos = 3.4609375
22.2536 	EXP 	slider_2: markerPos = 3.4609375
22.2551 	DATA 	Mouse:  Left button up, pos=(677,157)
22.2709 	EXP 	slider_2: markerPos = 3.4609375
22.2709 	EXP 	slider_2: rating = 3.4609375
22.2733 	EXP 	New trial (rep=0, index=15): OrderedDict([('Imagenes', 'imagenes\\Rosquitas (1).jpg'), ('Random', 0.3035383390851263), ('Correcto', None)])
22.2926 	EXP 	image_2: autoDraw = False
22.2926 	EXP 	slider_2: autoDraw = False
22.2926 	EXP 	image_2: image = 'imagenes\\Rosquitas (1).jpg'
22.2926 	EXP 	slider_2: markerPos = None
22.2926 	EXP 	slider_2: markerPos = None
22.2926 	EXP 	slider_2: rating = None
22.2926 	EXP 	image_2: autoDraw = True
22.2926 	EXP 	slider_2: autoDraw = True
22.3568 	DATA 	Mouse: Left button down, pos=(677,157)
22.3873 	EXP 	slider_2: markerPos = 3.4609375
22.4038 	EXP 	slider_2: markerPos = 3.4609375
22.4204 	EXP 	slider_2: markerPos = 3.4609375
22.4372 	EXP 	slider_2: markerPos = 3.4609375
22.4539 	EXP 	slider_2: markerPos = 3.4609375
22.4704 	EXP 	slider_2: markerPos = 3.4609375
22.4723 	DATA 	Mouse:  Left button up, pos=(677,157)
22.4872 	EXP 	slider_2: markerPos = 3.4609375
22.4872 	EXP 	slider_2: rating = 3.4609375
22.4900 	EXP 	New trial (rep=0, index=16): OrderedDict([('Imagenes', 'imagenes\\Banano.jpeg'), ('Random', 0.651633055306917), ('Correcto', None)])
22.5084 	EXP 	image_2: autoDraw = False
22.5084 	EXP 	slider_2: autoDraw = False
22.5084 	EXP 	image_2: image = 'imagenes\\Banano.jpeg'
22.5084 	EXP 	slider_2: markerPos = None
22.5084 	EXP 	slider_2: markerPos = None
22.5084 	EXP 	slider_2: rating = None
22.5084 	EXP 	image_2: autoDraw = True
22.5084 	EXP 	slider_2: autoDraw = True
22.5556 	DATA 	Mouse: Left button down, pos=(677,157)
22.5702 	EXP 	slider_2: markerPos = 3.4609375
22.5873 	EXP 	slider_2: markerPos = 3.4609375
22.6039 	EXP 	slider_2: markerPos = 3.4609375
22.6210 	EXP 	slider_2: markerPos = 3.4609375
22.6374 	EXP 	slider_2: markerPos = 3.4609375
22.6546 	EXP 	slider_2: markerPos = 3.4609375
22.6706 	EXP 	slider_2: markerPos = 3.4609375
22.6875 	EXP 	slider_2: markerPos = 3.4609375
22.6890 	DATA 	Mouse:  Left button up, pos=(677,157)
22.7039 	EXP 	slider_2: markerPos = 3.4609375
22.7039 	EXP 	slider_2: rating = 3.4609375
22.7069 	EXP 	New trial (rep=0, index=17): OrderedDict([('Imagenes', 'imagenes\\Popetas.jpg'), ('Random', 0.07650200324054446), ('Correcto', None)])
22.7347 	DATA 	Mouse: Left button down, pos=(677,157)
22.7378 	EXP 	image_2: autoDraw = False
22.7378 	EXP 	slider_2: autoDraw = False
22.7378 	EXP 	image_2: image = 'imagenes\\Popetas.jpg'
22.7378 	EXP 	slider_2: markerPos = None
22.7378 	EXP 	slider_2: markerPos = None
22.7378 	EXP 	slider_2: rating = None
22.7378 	EXP 	image_2: autoDraw = True
22.7378 	EXP 	slider_2: autoDraw = True
22.7436 	EXP 	slider_2: markerPos = 3.4609375
22.7538 	EXP 	slider_2: markerPos = 3.4609375
22.7710 	EXP 	slider_2: markerPos = 3.4609375
22.7871 	EXP 	slider_2: markerPos = 3.4609375
22.8038 	EXP 	slider_2: markerPos = 3.4609375
22.8206 	EXP 	slider_2: markerPos = 3.4609375
22.8375 	EXP 	slider_2: markerPos = 3.4609375
22.8540 	EXP 	slider_2: markerPos = 3.4609375
22.8556 	DATA 	Mouse:  Left button up, pos=(677,157)
22.8705 	EXP 	slider_2: markerPos = 3.4609375
22.8705 	EXP 	slider_2: rating = 3.4609375
22.8734 	EXP 	New trial (rep=0, index=18): OrderedDict([('Imagenes', 'imagenes\\Papas-limon.jpg'), ('Random', 0.020692288100133793), ('Correcto', None)])
22.8871 	EXP 	image_2: autoDraw = False
22.8871 	EXP 	slider_2: autoDraw = False
22.8871 	EXP 	image_2: image = 'imagenes\\Papas-limon.jpg'
22.8871 	EXP 	slider_2: markerPos = None
22.8871 	EXP 	slider_2: markerPos = None
22.8871 	EXP 	slider_2: rating = None
22.8871 	EXP 	image_2: autoDraw = True
22.8871 	EXP 	slider_2: autoDraw = True
22.9235 	DATA 	Mouse: Left button down, pos=(677,157)
22.9373 	EXP 	slider_2: markerPos = 3.4609375
22.9540 	EXP 	slider_2: markerPos = 3.4609375
22.9704 	EXP 	slider_2: markerPos = 3.4609375
22.9873 	EXP 	slider_2: markerPos = 3.4609375
23.0040 	EXP 	slider_2: markerPos = 3.4609375
23.0208 	EXP 	slider_2: markerPos = 3.4609375
23.0232 	DATA 	Mouse:  Left button up, pos=(677,157)
23.0371 	EXP 	slider_2: markerPos = 3.4609375
23.0371 	EXP 	slider_2: rating = 3.4609375
23.0401 	EXP 	New trial (rep=0, index=19): OrderedDict([('Imagenes', 'imagenes\\bon-bon-bun.jpg'), ('Random', 0.7387922093313524), ('Correcto', None)])
23.0626 	EXP 	image_2: autoDraw = False
23.0626 	EXP 	slider_2: autoDraw = False
23.0626 	EXP 	image_2: image = 'imagenes\\bon-bon-bun.jpg'
23.0626 	EXP 	slider_2: markerPos = None
23.0626 	EXP 	slider_2: markerPos = None
23.0626 	EXP 	slider_2: rating = None
23.0626 	EXP 	image_2: autoDraw = True
23.0626 	EXP 	slider_2: autoDraw = True
23.1059 	DATA 	Mouse: Left button down, pos=(677,157)
23.1205 	EXP 	slider_2: markerPos = 3.4609375
23.1369 	EXP 	slider_2: markerPos = 3.4609375
23.1540 	EXP 	slider_2: markerPos = 3.4609375
23.1707 	EXP 	slider_2: markerPos = 3.4609375
23.1872 	EXP 	slider_2: markerPos = 3.4609375
23.2037 	EXP 	slider_2: markerPos = 3.4609375
23.2071 	DATA 	Mouse:  Left button up, pos=(677,157)
23.2202 	EXP 	slider_2: markerPos = 3.4609375
23.2375 	EXP 	slider_2: markerPos = 3.4609375
23.2375 	EXP 	slider_2: rating = 3.4609375
23.2400 	EXP 	New trial (rep=0, index=3): OrderedDict([('Hertz', 400), ('volumen', 0.02)])
23.2455 	EXP 	Imported imagenes.xlsx as conditions, 20 conditions, 3 params
23.2458 	EXP 	Created sequence: random, trialTypes=20, nReps=1, seed=None
23.2460 	EXP 	New trial (rep=0, index=0): OrderedDict([('Imagenes', 'imagenes\\Alpinito.jpg'), ('Random', 0.4515332417045813), ('Correcto', None)])
23.2724 	EXP 	image_2: autoDraw = False
23.2724 	EXP 	slider_2: autoDraw = False
23.2724 	EXP 	image_2: image = 'imagenes\\Alpinito.jpg'
23.2724 	EXP 	slider_2: markerPos = None
23.2724 	EXP 	slider_2: markerPos = None
23.2724 	EXP 	slider_2: rating = None
23.2724 	EXP 	image_2: autoDraw = True
23.2724 	EXP 	slider_2: autoDraw = True
23.3059 	DATA 	Mouse: Left button down, pos=(677,157)
23.3209 	EXP 	slider_2: markerPos = 3.4609375
23.3371 	EXP 	slider_2: markerPos = 3.4609375
23.3543 	EXP 	slider_2: markerPos = 3.4609375
23.3703 	EXP 	slider_2: markerPos = 3.4609375
23.3872 	EXP 	slider_2: markerPos = 3.4609375
23.4036 	EXP 	slider_2: markerPos = 3.4609375
23.4055 	DATA 	Mouse:  Left button up, pos=(677,157)
23.4208 	EXP 	slider_2: markerPos = 3.4609375
23.4208 	EXP 	slider_2: rating = 3.4609375
23.4241 	EXP 	New trial (rep=0, index=1): OrderedDict([('Imagenes', 'imagenes\\Chocoramo.jfif.jpg'), ('Random', 0.7789437122019539), ('Correcto', None)])
23.4468 	EXP 	image_2: autoDraw = False
23.4468 	EXP 	slider_2: autoDraw = False
23.4468 	EXP 	image_2: image = 'imagenes\\Chocoramo.jfif.jpg'
23.4468 	EXP 	slider_2: markerPos = None
23.4468 	EXP 	slider_2: markerPos = None
23.4468 	EXP 	slider_2: rating = None
23.4468 	EXP 	image_2: autoDraw = True
23.4468 	EXP 	slider_2: autoDraw = True
23.4898 	DATA 	Mouse: Left button down, pos=(677,157)
23.5030 	EXP 	slider_2: markerPos = 3.4609375
23.5208 	EXP 	slider_2: markerPos = 3.4609375
23.5371 	EXP 	slider_2: markerPos = 3.4609375
23.5540 	EXP 	slider_2: markerPos = 3.4609375
23.5709 	EXP 	slider_2: markerPos = 3.4609375
23.5871 	EXP 	slider_2: markerPos = 3.4609375
23.6042 	EXP 	slider_2: markerPos = 3.4609375
23.6206 	EXP 	slider_2: markerPos = 3.4609375
23.6224 	DATA 	Mouse:  Left button up, pos=(677,157)
23.6374 	EXP 	slider_2: markerPos = 3.4609375
23.6374 	EXP 	slider_2: rating = 3.4609375
23.6399 	EXP 	New trial (rep=0, index=2): OrderedDict([('Imagenes', 'imagenes\\Papas-pollo.jpg'), ('Random', 0.6683114062971784), ('Correcto', None)])
23.6530 	EXP 	image_2: autoDraw = False
23.6530 	EXP 	slider_2: autoDraw = False
23.6530 	EXP 	image_2: image = 'imagenes\\Papas-pollo.jpg'
23.6530 	EXP 	slider_2: markerPos = None
23.6530 	EXP 	slider_2: markerPos = None
23.6530 	EXP 	slider_2: rating = None
23.6530 	EXP 	image_2: autoDraw = True
23.6530 	EXP 	slider_2: autoDraw = True
23.6733 	DATA 	Mouse: Left button down, pos=(677,157)
23.6870 	EXP 	slider_2: markerPos = 3.4609375
23.7043 	EXP 	slider_2: markerPos = 3.4609375
23.7209 	EXP 	slider_2: markerPos = 3.4609375
23.7371 	EXP 	slider_2: markerPos = 3.4609375
23.7539 	EXP 	slider_2: markerPos = 3.4609375
23.7705 	EXP 	slider_2: markerPos = 3.4609375
23.7724 	DATA 	Mouse:  Left button up, pos=(677,157)
23.7874 	EXP 	slider_2: markerPos = 3.4609375
23.7874 	EXP 	slider_2: rating = 3.4609375
23.7899 	EXP 	New trial (rep=0, index=3): OrderedDict([('Imagenes', 'imagenes\\Croissant.jpg'), ('Random', 0.6152458173421255), ('Correcto', None)])
23.8142 	EXP 	image_2: autoDraw = False
23.8142 	EXP 	slider_2: autoDraw = False
23.8142 	EXP 	image_2: image = 'imagenes\\Croissant.jpg'
23.8142 	EXP 	slider_2: markerPos = None
23.8142 	EXP 	slider_2: markerPos = None
23.8142 	EXP 	slider_2: rating = None
23.8142 	EXP 	image_2: autoDraw = True
23.8142 	EXP 	slider_2: autoDraw = True
23.8390 	DATA 	Mouse: Left button down, pos=(677,157)
23.8545 	EXP 	slider_2: markerPos = 3.4609375
23.8707 	EXP 	slider_2: markerPos = 3.4609375
23.8875 	EXP 	slider_2: markerPos = 3.4609375
23.9037 	EXP 	slider_2: markerPos = 3.4609375
23.9205 	EXP 	slider_2: markerPos = 3.4609375
23.9372 	EXP 	slider_2: markerPos = 3.4609375
23.9538 	EXP 	slider_2: markerPos = 3.4609375
23.9562 	DATA 	Mouse:  Left button up, pos=(677,157)
23.9706 	EXP 	slider_2: markerPos = 3.4609375
23.9706 	EXP 	slider_2: rating = 3.4609375
23.9736 	EXP 	New trial (rep=0, index=4): OrderedDict([('Imagenes', 'imagenes\\Nutella (1).jpg'), ('Random', 0.5277483225747329), ('Correcto', None)])
23.9881 	EXP 	image_2: autoDraw = False
23.9881 	EXP 	slider_2: autoDraw = False
23.9881 	EXP 	image_2: image = 'imagenes\\Nutella (1).jpg'
23.9881 	EXP 	slider_2: markerPos = None
23.9881 	EXP 	slider_2: markerPos = None
23.9881 	EXP 	slider_2: rating = None
23.9881 	EXP 	image_2: autoDraw = True
23.9881 	EXP 	slider_2: autoDraw = True
24.0233 	DATA 	Mouse: Left button down, pos=(677,157)
24.0371 	EXP 	slider_2: markerPos = 3.4609375
24.0536 	EXP 	slider_2: markerPos = 3.4609375
24.0703 	EXP 	slider_2: markerPos = 3.4609375
24.0871 	EXP 	slider_2: markerPos = 3.4609375
24.1037 	EXP 	slider_2: markerPos = 3.4609375
24.1204 	EXP 	slider_2: markerPos = 3.4609375
24.1228 	DATA 	Mouse:  Left button up, pos=(677,157)
24.1372 	EXP 	slider_2: markerPos = 3.4609375
24.1372 	EXP 	slider_2: rating = 3.4609375
24.1397 	EXP 	New trial (rep=0, index=5): OrderedDict([('Imagenes', 'imagenes\\Popetas.jpg'), ('Random', 0.07650200324054446), ('Correcto', None)])
24.1707 	EXP 	image_2: autoDraw = False
24.1707 	EXP 	slider_2: autoDraw = False
24.1707 	EXP 	image_2: image = 'imagenes\\Popetas.jpg'
24.1707 	EXP 	slider_2: markerPos = None
24.1707 	EXP 	slider_2: markerPos = None
24.1707 	EXP 	slider_2: rating = None
24.1707 	EXP 	image_2: autoDraw = True
24.1707 	EXP 	slider_2: autoDraw = True
24.2060 	DATA 	Mouse: Left button down, pos=(677,157)
24.2203 	EXP 	slider_2: markerPos = 3.4609375
24.2374 	EXP 	slider_2: markerPos = 3.4609375
24.2540 	EXP 	slider_2: markerPos = 3.4609375
24.2704 	EXP 	slider_2: markerPos = 3.4609375
24.2867 	EXP 	slider_2: markerPos = 3.4609375
24.3047 	EXP 	slider_2: markerPos = 3.4609375
24.3211 	EXP 	slider_2: markerPos = 3.4609375
24.3236 	DATA 	Mouse:  Left button up, pos=(677,157)
24.3375 	EXP 	slider_2: markerPos = 3.4609375
24.3375 	EXP 	slider_2: rating = 3.4609375
24.3404 	EXP 	New trial (rep=0, index=6): OrderedDict([('Imagenes', 'imagenes\\Yogurt-alpina.jpg'), ('Random', 0.21540995091807813), ('Correcto', None)])
24.3569 	EXP 	image_2: autoDraw = False
24.3569 	EXP 	slider_2: autoDraw = False
24.3569 	EXP 	image_2: image = 'imagenes\\Yogurt-alpina.jpg'
24.3569 	EXP 	slider_2: markerPos = None
24.3569 	EXP 	slider_2: markerPos = None
24.3569 	EXP 	slider_2: rating = None
24.3569 	EXP 	image_2: autoDraw = True
24.3569 	EXP 	slider_2: autoDraw = True
24.4224 	DATA 	Mouse: Left button down, pos=(677,157)
24.4372 	EXP 	slider_2: markerPos = 3.4609375
24.4537 	EXP 	slider_2: markerPos = 3.4609375
24.4704 	EXP 	slider_2: markerPos = 3.4609375
24.4871 	EXP 	slider_2: markerPos = 3.4609375
24.5040 	EXP 	slider_2: markerPos = 3.4609375
24.5196 	EXP 	slider_2: markerPos = 3.4609375
24.5236 	DATA 	Mouse:  Left button up, pos=(677,157)
24.5370 	EXP 	slider_2: markerPos = 3.4609375
24.5538 	EXP 	slider_2: markerPos = 3.4609375
24.5538 	EXP 	slider_2: rating = 3.4609375
24.5562 	EXP 	New trial (rep=0, index=7): OrderedDict([('Imagenes', 'imagenes\\Manzana.jpg'), ('Random', 0.5168162194437935), ('Correcto', None)])
24.5791 	EXP 	image_2: autoDraw = False
24.5791 	EXP 	slider_2: autoDraw = False
24.5791 	EXP 	image_2: image = 'imagenes\\Manzana.jpg'
24.5791 	EXP 	slider_2: markerPos = None
24.5791 	EXP 	slider_2: markerPos = None
24.5791 	EXP 	slider_2: rating = None
24.5791 	EXP 	image_2: autoDraw = True
24.5791 	EXP 	slider_2: autoDraw = True
24.8563 	DATA 	Mouse: Left button down, pos=(677,155)
24.8705 	EXP 	slider_2: markerPos = 3.4609375
24.8872 	EXP 	slider_2: markerPos = 3.4609375
24.9040 	EXP 	slider_2: markerPos = 3.4609375
24.9206 	EXP 	slider_2: markerPos = 3.4609375
24.9372 	EXP 	slider_2: markerPos = 3.4609375
24.9536 	EXP 	slider_2: markerPos = 3.4609375
24.9560 	DATA 	Mouse:  Left button up, pos=(677,155)
24.9706 	EXP 	slider_2: markerPos = 3.4609375
24.9706 	EXP 	slider_2: rating = 3.4609375
24.9732 	EXP 	New trial (rep=0, index=8): OrderedDict([('Imagenes', 'imagenes\\Kiwi.jpg'), ('Random', 0.5893907384852061), ('Correcto', None)])
24.9870 	EXP 	image_2: autoDraw = False
24.9870 	EXP 	slider_2: autoDraw = False
24.9870 	EXP 	image_2: image = 'imagenes\\Kiwi.jpg'
24.9870 	EXP 	slider_2: markerPos = None
24.9870 	EXP 	slider_2: markerPos = None
24.9870 	EXP 	slider_2: rating = None
24.9870 	EXP 	image_2: autoDraw = True
24.9870 	EXP 	slider_2: autoDraw = True
25.0578 	DATA 	Mouse: Left button down, pos=(677,155)
25.0869 	EXP 	slider_2: markerPos = 3.4609375
25.1038 	EXP 	slider_2: markerPos = 3.4609375
25.1204 	EXP 	slider_2: markerPos = 3.4609375
25.1369 	EXP 	slider_2: markerPos = 3.4609375
25.1536 	EXP 	slider_2: markerPos = 3.4609375
25.1555 	DATA 	Mouse:  Left button up, pos=(677,155)
25.1704 	EXP 	slider_2: markerPos = 3.4609375
25.1704 	EXP 	slider_2: rating = 3.4609375
25.1728 	EXP 	New trial (rep=0, index=9): OrderedDict([('Imagenes', 'imagenes\\Banano.jpeg'), ('Random', 0.651633055306917), ('Correcto', None)])
25.1876 	EXP 	image_2: autoDraw = False
25.1876 	EXP 	slider_2: autoDraw = False
25.1876 	EXP 	image_2: image = 'imagenes\\Banano.jpeg'
25.1876 	EXP 	slider_2: markerPos = None
25.1876 	EXP 	slider_2: markerPos = None
25.1876 	EXP 	slider_2: rating = None
25.1876 	EXP 	image_2: autoDraw = True
25.1876 	EXP 	slider_2: autoDraw = True
25.5247 	DATA 	Mouse: Left button down, pos=(677,155)
25.5538 	EXP 	slider_2: markerPos = 3.4609375
25.5705 	EXP 	slider_2: markerPos = 3.4609375
25.5871 	EXP 	slider_2: markerPos = 3.4609375
25.6039 	EXP 	slider_2: markerPos = 3.4609375
25.6117 	DATA 	Mouse:  Left button up, pos=(677,155)
25.6203 	EXP 	slider_2: markerPos = 3.4609375
25.6369 	EXP 	slider_2: markerPos = 3.4609375
25.6369 	EXP 	slider_2: rating = 3.4609375
25.6399 	EXP 	New trial (rep=0, index=10): OrderedDict([('Imagenes', 'imagenes\\Mango.jpeg'), ('Random', 0.555669112372461), ('Correcto', None)])
25.6560 	EXP 	image_2: autoDraw = False
25.6560 	EXP 	slider_2: autoDraw = False
25.6560 	EXP 	image_2: image = 'imagenes\\Mango.jpeg'
25.6560 	EXP 	slider_2: markerPos = None
25.6560 	EXP 	slider_2: markerPos = None
25.6560 	EXP 	slider_2: rating = None
25.6560 	EXP 	image_2: autoDraw = True
25.6560 	EXP 	slider_2: autoDraw = True
25.8224 	DATA 	Mouse: Left button down, pos=(677,155)
25.8370 	EXP 	slider_2: markerPos = 3.4609375
25.8536 	EXP 	slider_2: markerPos = 3.4609375
25.8706 	EXP 	slider_2: markerPos = 3.4609375
25.8869 	EXP 	slider_2: markerPos = 3.4609375
25.9036 	EXP 	slider_2: markerPos = 3.4609375
25.9204 	EXP 	slider_2: markerPos = 3.4609375
25.9371 	EXP 	slider_2: markerPos = 3.4609375
25.9391 	DATA 	Mouse:  Left button up, pos=(677,155)
25.9538 	EXP 	slider_2: markerPos = 3.4609375
25.9538 	EXP 	slider_2: rating = 3.4609375
25.9572 	EXP 	New trial (rep=0, index=11): OrderedDict([('Imagenes', 'imagenes\\Galletas Tosh.jpg'), ('Random', 0.478088790487872), ('Correcto', None)])
25.9820 	EXP 	image_2: autoDraw = False
25.9820 	EXP 	slider_2: autoDraw = False
25.9820 	EXP 	image_2: image = 'imagenes\\Galletas Tosh.jpg'
25.9820 	EXP 	slider_2: markerPos = None
25.9820 	EXP 	slider_2: markerPos = None
25.9820 	EXP 	slider_2: rating = None
25.9820 	EXP 	image_2: autoDraw = True
25.9820 	EXP 	slider_2: autoDraw = True
26.3556 	DATA 	Mouse: Left button down, pos=(677,155)
26.3701 	EXP 	slider_2: markerPos = 3.4609375
26.3871 	EXP 	slider_2: markerPos = 3.4609375
26.4038 	EXP 	slider_2: markerPos = 3.4609375
26.4209 	EXP 	slider_2: markerPos = 3.4609375
26.4370 	EXP 	slider_2: markerPos = 3.4609375
26.4541 	EXP 	slider_2: markerPos = 3.4609375
26.4696 	EXP 	slider_2: markerPos = 3.4609375
26.4721 	DATA 	Mouse:  Left button up, pos=(677,155)
26.4871 	EXP 	slider_2: markerPos = 3.4609375
26.4871 	EXP 	slider_2: rating = 3.4609375
26.4899 	EXP 	New trial (rep=0, index=12): OrderedDict([('Imagenes', 'imagenes\\Brownie.jpg'), ('Random', 0.17000143351927688), ('Correcto', None)])
26.5176 	EXP 	image_2: autoDraw = False
26.5176 	EXP 	slider_2: autoDraw = False
26.5176 	EXP 	image_2: image = 'imagenes\\Brownie.jpg'
26.5176 	EXP 	slider_2: markerPos = None
26.5176 	EXP 	slider_2: markerPos = None
26.5176 	EXP 	slider_2: rating = None
26.5176 	EXP 	image_2: autoDraw = True
26.5176 	EXP 	slider_2: autoDraw = True
26.6225 	DATA 	Mouse: Left button down, pos=(677,155)
26.6372 	EXP 	slider_2: markerPos = 3.4609375
26.6536 	EXP 	slider_2: markerPos = 3.4609375
26.6702 	EXP 	slider_2: markerPos = 3.4609375
26.6870 	EXP 	slider_2: markerPos = 3.4609375
26.7039 	EXP 	slider_2: markerPos = 3.4609375
26.7203 	EXP 	slider_2: markerPos = 3.4609375
26.7371 	EXP 	slider_2: markerPos = 3.4609375
26.7536 	EXP 	slider_2: markerPos = 3.4609375
26.7561 	DATA 	Mouse:  Left button up, pos=(677,155)
26.7703 	EXP 	slider_2: markerPos = 3.4609375
26.7703 	EXP 	slider_2: rating = 3.4609375
26.7726 	EXP 	New trial (rep=0, index=13): OrderedDict([('Imagenes', 'imagenes\\Leche-de-almendras.jpg'), ('Random', 0.36073876480313727), ('Correcto', None)])
26.8173 	EXP 	image_2: autoDraw = False
26.8173 	EXP 	slider_2: autoDraw = False
26.8173 	EXP 	image_2: image = 'imagenes\\Leche-de-almendras.jpg'
26.8173 	EXP 	slider_2: markerPos = None
26.8173 	EXP 	slider_2: markerPos = None
26.8173 	EXP 	slider_2: rating = None
26.8173 	EXP 	image_2: autoDraw = True
26.8173 	EXP 	slider_2: autoDraw = True
26.9724 	DATA 	Mouse: Left button down, pos=(677,155)
26.9873 	EXP 	slider_2: markerPos = 3.4609375
27.0040 	EXP 	slider_2: markerPos = 3.4609375
27.0206 	EXP 	slider_2: markerPos = 3.4609375
27.0375 	EXP 	slider_2: markerPos = 3.4609375
27.0542 	EXP 	slider_2: markerPos = 3.4609375
27.0711 	EXP 	slider_2: markerPos = 3.4609375
27.0873 	EXP 	slider_2: markerPos = 3.4609375
27.0911 	DATA 	Mouse:  Left button up, pos=(677,155)
27.1038 	EXP 	slider_2: markerPos = 3.4609375
27.1207 	EXP 	slider_2: markerPos = 3.4609375
27.1207 	EXP 	slider_2: rating = 3.4609375
27.1236 	EXP 	New trial (rep=0, index=14): OrderedDict([('Imagenes', 'imagenes\\Papas-naturales.jpg'), ('Random', 0.15856838916280946), ('Correcto', None)])
27.1370 	EXP 	image_2: autoDraw = False
27.1370 	EXP 	slider_2: autoDraw = False
27.1370 	EXP 	image_2: image = 'imagenes\\Papas-naturales.jpg'
27.1370 	EXP 	slider_2: markerPos = None
27.1370 	EXP 	slider_2: markerPos = None
27.1370 	EXP 	slider_2: rating = None
27.1370 	EXP 	image_2: autoDraw = True
27.1370 	EXP 	slider_2: autoDraw = True
27.2236 	DATA 	Mouse: Left button down, pos=(677,155)
27.2371 	EXP 	slider_2: markerPos = 3.4609375
27.2539 	EXP 	slider_2: markerPos = 3.4609375
27.2703 	EXP 	slider_2: markerPos = 3.4609375
27.2871 	EXP 	slider_2: markerPos = 3.4609375
27.3035 	EXP 	slider_2: markerPos = 3.4609375
27.3203 	EXP 	slider_2: markerPos = 3.4609375
27.3220 	DATA 	Mouse:  Left button up, pos=(677,155)
27.3360 	EXP 	slider_2: markerPos = 3.4609375
27.3360 	EXP 	slider_2: rating = 3.4609375
27.3389 	EXP 	New trial (rep=0, index=15): OrderedDict([('Imagenes', 'imagenes\\Galletas-festival.jpg'), ('Random', 0.36121121246191135), ('Correcto', None)])
27.3591 	EXP 	image_2: autoDraw = False
27.3591 	EXP 	slider_2: autoDraw = False
27.3591 	EXP 	image_2: image = 'imagenes\\Galletas-festival.jpg'
27.3591 	EXP 	slider_2: markerPos = None
27.3591 	EXP 	slider_2: markerPos = None
27.3591 	EXP 	slider_2: rating = None
27.3591 	EXP 	image_2: autoDraw = True
27.3591 	EXP 	slider_2: autoDraw = True
27.4220 	DATA 	Mouse: Left button down, pos=(677,155)
27.4371 	EXP 	slider_2: markerPos = 3.4609375
27.4538 	EXP 	slider_2: markerPos = 3.4609375
27.4701 	EXP 	slider_2: markerPos = 3.4609375
27.4873 	EXP 	slider_2: markerPos = 3.4609375
27.5035 	EXP 	slider_2: markerPos = 3.4609375
27.5205 	EXP 	slider_2: markerPos = 3.4609375
27.5221 	DATA 	Mouse:  Left button up, pos=(677,155)
27.5372 	EXP 	slider_2: markerPos = 3.4609375
27.5372 	EXP 	slider_2: rating = 3.4609375
27.5400 	EXP 	New trial (rep=0, index=16): OrderedDict([('Imagenes', 'imagenes\\Rosquitas (1).jpg'), ('Random', 0.3035383390851263), ('Correcto', None)])
27.5717 	EXP 	image_2: autoDraw = False
27.5717 	EXP 	slider_2: autoDraw = False
27.5717 	EXP 	image_2: image = 'imagenes\\Rosquitas (1).jpg'
27.5717 	EXP 	slider_2: markerPos = None
27.5717 	EXP 	slider_2: markerPos = None
27.5717 	EXP 	slider_2: rating = None
27.5717 	EXP 	image_2: autoDraw = True
27.5717 	EXP 	slider_2: autoDraw = True
27.7720 	DATA 	Mouse: Left button down, pos=(677,155)
27.7871 	EXP 	slider_2: markerPos = 3.4609375
27.8036 	EXP 	slider_2: markerPos = 3.4609375
27.8202 	EXP 	slider_2: markerPos = 3.4609375
27.8369 	EXP 	slider_2: markerPos = 3.4609375
27.8536 	EXP 	slider_2: markerPos = 3.4609375
27.8702 	EXP 	slider_2: markerPos = 3.4609375
27.8721 	DATA 	Mouse:  Left button up, pos=(677,155)
27.8867 	EXP 	slider_2: markerPos = 3.4609375
27.8867 	EXP 	slider_2: rating = 3.4609375
27.8900 	EXP 	New trial (rep=0, index=17): OrderedDict([('Imagenes', 'imagenes\\bon-bon-bun.jpg'), ('Random', 0.7387922093313524), ('Correcto', None)])
27.9157 	EXP 	image_2: autoDraw = False
27.9157 	EXP 	slider_2: autoDraw = False
27.9157 	EXP 	image_2: image = 'imagenes\\bon-bon-bun.jpg'
27.9157 	EXP 	slider_2: markerPos = None
27.9157 	EXP 	slider_2: markerPos = None
27.9157 	EXP 	slider_2: rating = None
27.9157 	EXP 	image_2: autoDraw = True
27.9157 	EXP 	slider_2: autoDraw = True
28.2556 	DATA 	Mouse: Left button down, pos=(677,155)
28.2706 	EXP 	slider_2: markerPos = 3.4609375
28.2869 	EXP 	slider_2: markerPos = 3.4609375
28.3035 	EXP 	slider_2: markerPos = 3.4609375
28.3203 	EXP 	slider_2: markerPos = 3.4609375
28.3371 	EXP 	slider_2: markerPos = 3.4609375
28.3540 	EXP 	slider_2: markerPos = 3.4609375
28.3556 	DATA 	Mouse:  Left button up, pos=(677,155)
28.3706 	EXP 	slider_2: markerPos = 3.4609375
28.3706 	EXP 	slider_2: rating = 3.4609375
28.3731 	EXP 	New trial (rep=0, index=18): OrderedDict([('Imagenes', 'imagenes\\Papas-limon.jpg'), ('Random', 0.020692288100133793), ('Correcto', None)])
28.3870 	EXP 	image_2: autoDraw = False
28.3870 	EXP 	slider_2: autoDraw = False
28.3870 	EXP 	image_2: image = 'imagenes\\Papas-limon.jpg'
28.3870 	EXP 	slider_2: markerPos = None
28.3870 	EXP 	slider_2: markerPos = None
28.3870 	EXP 	slider_2: rating = None
28.3870 	EXP 	image_2: autoDraw = True
28.3870 	EXP 	slider_2: autoDraw = True
28.6909 	DATA 	Mouse: Left button down, pos=(677,155)
28.7203 	EXP 	slider_2: markerPos = 3.4609375
28.7370 	EXP 	slider_2: markerPos = 3.4609375
28.7535 	EXP 	slider_2: markerPos = 3.4609375
28.7702 	EXP 	slider_2: markerPos = 3.4609375
28.7868 	EXP 	slider_2: markerPos = 3.4609375
28.8035 	EXP 	slider_2: markerPos = 3.4609375
28.8060 	DATA 	Mouse:  Left button up, pos=(677,155)
28.8204 	EXP 	slider_2: markerPos = 3.4609375
28.8204 	EXP 	slider_2: rating = 3.4609375
28.8225 	EXP 	New trial (rep=0, index=19): OrderedDict([('Imagenes', 'imagenes\\Uvas.jpg'), ('Random', 0.7734382152670648), ('Correcto', None)])
28.8371 	EXP 	image_2: autoDraw = False
28.8371 	EXP 	slider_2: autoDraw = False
28.8371 	EXP 	image_2: image = 'imagenes\\Uvas.jpg'
28.8371 	EXP 	slider_2: markerPos = None
28.8371 	EXP 	slider_2: markerPos = None
28.8371 	EXP 	slider_2: rating = None
28.8371 	EXP 	image_2: autoDraw = True
28.8371 	EXP 	slider_2: autoDraw = True
28.9557 	DATA 	Mouse: Left button down, pos=(677,155)
28.9704 	EXP 	slider_2: markerPos = 3.4609375
28.9871 	EXP 	slider_2: markerPos = 3.4609375
29.0036 	EXP 	slider_2: markerPos = 3.4609375
29.0202 	EXP 	slider_2: markerPos = 3.4609375
29.0372 	EXP 	slider_2: markerPos = 3.4609375
29.0526 	EXP 	slider_2: markerPos = 3.4609375
29.0542 	DATA 	Mouse:  Left button up, pos=(677,155)
29.0704 	EXP 	slider_2: markerPos = 3.4609375
29.0704 	EXP 	slider_2: rating = 3.4609375
29.3072 	EXP 	window1: mouseVisible = True
