0.9784 	WARNING 	We strongly recommend you activate the PTB sound engine in PsychoPy prefs as the preferred audio engine. Its timing is vastly superior. Your prefs are currently set to use ['sounddevice', 'PTB', 'pyo', 'pygame'] (in that order).
10.4267 	WARNING 	User requested fullscreen with size [1024  768], but screen is actually [1366, 768]. Using actual size
13.1700 	EXP 	Created window1 = Window(allowGUI=False, allowStencil=False, args=UNKNOWN, autoLog=True, bitsMode=UNKNOWN, blendMode='avg', bpc=(8, 8, 8), color=array([0., 0., 0.]), colorSpace='rgb', depthBits=8, fullscr=<method-wrapper '__getattribute__' of attributeSetter object at 0x0000020A0EB5D6D8>, gamma=None, gammaErrorPolicy='raise', kwargs=UNKNOWN, lms=UNKNOWN, monitor=<psychopy.monitors.calibTools.Monitor object at 0x0000020A0E87D748>, multiSample=False, name='window1', numSamples=2, pos=[0.0, 0.0], screen=0, size=array([1366,  768]), stencilBits=0, stereo=False, units='height', useFBO=True, useRetina=False, viewOri=0.0, viewPos=None, viewScale=None, waitBlanking=True, winType='pyglet')
13.1705 	EXP 	window1: mouseVisible = True
13.1705 	EXP 	window1: recordFrameIntervals = False
13.3358 	EXP 	window1: recordFrameIntervals = True
13.5197 	EXP 	window1: recordFrameIntervals = False
13.7620 	EXP 	Sound Sonido set volume 1.000
13.7793 	EXP 	Created image_2 = ImageStim(__class__=<class 'psychopy.visual.image.ImageStim'>, autoLog=True, color=array([1., 1., 1.]), colorSpace='rgb', contrast=1.0, depth=-1.0, flipHoriz=False, flipVert=False, image='sin', interpolate=True, mask=None, maskParams=None, name='image_2', opacity=1.0, ori=0.0, pos=array([0. , 0.2]), size=array([0.5, 0.5]), texRes=128, units='height', win=Window(...))
13.7975 	EXP 	window1: mouseVisible = True
13.9741 	EXP 	Created slider_2 = Slider(__class__=<class 'psychopy.visual.slider.Slider'>, autoDraw=False, autoLog=True, color='LightGray', depth=0, flip=False, font='HelveticaBold', granularity=0, labelHeight=0.05, labelWrapWidth=None, labels=('0', '1000', '2000', '3000', '4000', '5000'), name='slider_2', pos=(0, -0.3), readOnly=False, self=UNKNOWN, size=(1.0, 0.05), style=method-wrapper(...), ticks=array([1, 2, 3, 4, 5, 6]), units='height', win=Window(...))
13.9934 	EXP 	Created text = TextStim(__class__=<class 'psychopy.visual.text.TextStim'>, alignHoriz=method-wrapper(...), alignText='center', alignVert=method-wrapper(...), anchorHoriz='center', anchorVert='center', antialias=True, autoLog=True, bold=False, color='white', colorSpace='named', contrast=1.0, depth=-1.0, flipHoriz=False, flipVert=False, font='Arial', fontFiles=[], height=0.1, italic=False, languageStyle='LTR', name='text', opacity=1.0, ori=0, pos=array([0., 0.]), rgb=array([255., 255., 255.]), text='default text', units='height', win=Window(...), wrapWidth=1)
14.1394 	EXP 	Imported ruidos.xlsx as conditions, 4 conditions, 2 params
14.1399 	EXP 	Created sequence: random, trialTypes=4, nReps=1, seed=None
14.1402 	EXP 	New trial (rep=0, index=0): OrderedDict([('Hertz', 1500), ('volumen', 0.02)])
14.1455 	EXP 	Imported imagenes.xlsx as conditions, 20 conditions, 3 params
14.1457 	EXP 	Created sequence: random, trialTypes=20, nReps=1, seed=None
14.1459 	EXP 	New trial (rep=0, index=0): OrderedDict([('Imagenes', 'imagenes\\Chocoramo.jfif.jpg'), ('Random', 0.7789437122019539), ('Correcto', None)])
14.2207 	EXP 	slider_2: autoLog = True
14.2207 	EXP 	slider_2: markerPos = None
14.2207 	EXP 	slider_2: rating = None
14.2207 	EXP 	slider_2: markerPos = None
14.2207 	EXP 	slider_2: contrast = 1.0
14.2207 	EXP 	slider_2: autoLog = True
14.2207 	EXP 	slider_2: style = ['rating']
14.2207 	EXP 	image_2: image = 'imagenes\\Chocoramo.jfif.jpg'
14.2207 	EXP 	slider_2: markerPos = None
14.2207 	EXP 	slider_2: markerPos = None
14.2207 	EXP 	slider_2: rating = None
14.2207 	EXP 	image_2: autoDraw = True
14.2207 	EXP 	slider_2: autoDraw = True
15.0212 	EXP 	New trial (rep=0, index=1): OrderedDict([('Imagenes', 'imagenes\\bon-bon-bun.jpg'), ('Random', 0.7387922093313524), ('Correcto', None)])
15.0485 	EXP 	image_2: autoDraw = False
15.0485 	EXP 	slider_2: autoDraw = False
15.0485 	EXP 	image_2: image = 'imagenes\\bon-bon-bun.jpg'
15.0485 	EXP 	slider_2: markerPos = None
15.0485 	EXP 	slider_2: markerPos = None
15.0485 	EXP 	slider_2: rating = None
15.0485 	EXP 	image_2: autoDraw = True
15.0485 	EXP 	slider_2: autoDraw = True
16.0216 	EXP 	New trial (rep=0, index=2): OrderedDict([('Imagenes', 'imagenes\\Mango.jpeg'), ('Random', 0.555669112372461), ('Correcto', None)])
16.0673 	EXP 	image_2: autoDraw = False
16.0673 	EXP 	slider_2: autoDraw = False
16.0673 	EXP 	image_2: image = 'imagenes\\Mango.jpeg'
16.0673 	EXP 	slider_2: markerPos = None
16.0673 	EXP 	slider_2: markerPos = None
16.0673 	EXP 	slider_2: rating = None
16.0673 	EXP 	image_2: autoDraw = True
16.0673 	EXP 	slider_2: autoDraw = True
17.0203 	EXP 	New trial (rep=0, index=3): OrderedDict([('Imagenes', 'imagenes\\Papas-limon.jpg'), ('Random', 0.020692288100133793), ('Correcto', None)])
17.0470 	EXP 	image_2: autoDraw = False
17.0470 	EXP 	slider_2: autoDraw = False
17.0470 	EXP 	image_2: image = 'imagenes\\Papas-limon.jpg'
17.0470 	EXP 	slider_2: markerPos = None
17.0470 	EXP 	slider_2: markerPos = None
17.0470 	EXP 	slider_2: rating = None
17.0470 	EXP 	image_2: autoDraw = True
17.0470 	EXP 	slider_2: autoDraw = True
17.2045 	DATA 	Mouse: Left button down, pos=(674,154)
17.2195 	EXP 	slider_2: markerPos = 3.44140625
17.2358 	EXP 	slider_2: markerPos = 3.44140625
17.2515 	EXP 	slider_2: markerPos = 3.44140625
17.2691 	EXP 	slider_2: markerPos = 3.44140625
17.2857 	EXP 	slider_2: markerPos = 3.44140625
17.3024 	EXP 	slider_2: markerPos = 3.44140625
17.3042 	DATA 	Mouse:  Left button up, pos=(674,154)
17.3191 	EXP 	slider_2: markerPos = 3.44140625
17.3191 	EXP 	slider_2: rating = 3.44140625
17.3223 	EXP 	New trial (rep=0, index=4): OrderedDict([('Imagenes', 'imagenes\\Galletas-festival.jpg'), ('Random', 0.36121121246191135), ('Correcto', None)])
17.3570 	EXP 	image_2: autoDraw = False
17.3570 	EXP 	slider_2: autoDraw = False
17.3570 	EXP 	image_2: image = 'imagenes\\Galletas-festival.jpg'
17.3570 	EXP 	slider_2: markerPos = None
17.3570 	EXP 	slider_2: markerPos = None
17.3570 	EXP 	slider_2: rating = None
17.3570 	EXP 	image_2: autoDraw = True
17.3570 	EXP 	slider_2: autoDraw = True
17.3725 	DATA 	Mouse: Left button down, pos=(674,154)
17.4023 	EXP 	slider_2: markerPos = 3.44140625
17.4192 	EXP 	slider_2: markerPos = 3.44140625
17.4357 	EXP 	slider_2: markerPos = 3.44140625
17.4523 	EXP 	slider_2: markerPos = 3.44140625
17.4539 	DATA 	Mouse:  Left button up, pos=(674,154)
17.4691 	EXP 	slider_2: markerPos = 3.44140625
17.4691 	EXP 	slider_2: rating = 3.44140625
17.4723 	EXP 	New trial (rep=0, index=5): OrderedDict([('Imagenes', 'imagenes\\Manzana.jpg'), ('Random', 0.5168162194437935), ('Correcto', None)])
17.5126 	EXP 	image_2: autoDraw = False
17.5126 	EXP 	slider_2: autoDraw = False
17.5126 	EXP 	image_2: image = 'imagenes\\Manzana.jpg'
17.5126 	EXP 	slider_2: markerPos = None
17.5126 	EXP 	slider_2: markerPos = None
17.5126 	EXP 	slider_2: rating = None
17.5126 	EXP 	image_2: autoDraw = True
17.5126 	EXP 	slider_2: autoDraw = True
17.7376 	DATA 	Mouse: Left button down, pos=(674,154)
17.7525 	EXP 	slider_2: markerPos = 3.44140625
17.7694 	EXP 	slider_2: markerPos = 3.44140625
17.7858 	EXP 	slider_2: markerPos = 3.44140625
17.8024 	EXP 	slider_2: markerPos = 3.44140625
17.8191 	EXP 	slider_2: markerPos = 3.44140625
17.8235 	DATA 	Mouse:  Left button up, pos=(674,154)
17.8358 	EXP 	slider_2: markerPos = 3.44140625
17.8524 	EXP 	slider_2: markerPos = 3.44140625
17.8524 	EXP 	slider_2: rating = 3.44140625
17.8558 	EXP 	New trial (rep=0, index=6): OrderedDict([('Imagenes', 'imagenes\\Rosquitas (1).jpg'), ('Random', 0.3035383390851263), ('Correcto', None)])
17.8969 	DATA 	Mouse: Left button down, pos=(674,154)
17.9016 	EXP 	image_2: autoDraw = False
17.9016 	EXP 	slider_2: autoDraw = False
17.9016 	EXP 	image_2: image = 'imagenes\\Rosquitas (1).jpg'
17.9016 	EXP 	slider_2: markerPos = None
17.9016 	EXP 	slider_2: markerPos = None
17.9016 	EXP 	slider_2: rating = None
17.9016 	EXP 	image_2: autoDraw = True
17.9016 	EXP 	slider_2: autoDraw = True
17.9016 	EXP 	slider_2: markerPos = 3.44140625
17.9072 	EXP 	slider_2: markerPos = 3.44140625
17.9191 	EXP 	slider_2: markerPos = 3.44140625
17.9359 	EXP 	slider_2: markerPos = 3.44140625
17.9530 	EXP 	slider_2: markerPos = 3.44140625
17.9689 	EXP 	slider_2: markerPos = 3.44140625
17.9859 	EXP 	slider_2: markerPos = 3.44140625
17.9893 	DATA 	Mouse:  Left button up, pos=(674,154)
18.0025 	EXP 	slider_2: markerPos = 3.44140625
18.0194 	EXP 	slider_2: markerPos = 3.44140625
18.0194 	EXP 	slider_2: rating = 3.44140625
18.0219 	EXP 	New trial (rep=0, index=7): OrderedDict([('Imagenes', 'imagenes\\Uvas.jpg'), ('Random', 0.7734382152670648), ('Correcto', None)])
18.0450 	EXP 	image_2: autoDraw = False
18.0450 	EXP 	slider_2: autoDraw = False
18.0450 	EXP 	image_2: image = 'imagenes\\Uvas.jpg'
18.0450 	EXP 	slider_2: markerPos = None
18.0450 	EXP 	slider_2: markerPos = None
18.0450 	EXP 	slider_2: rating = None
18.0450 	EXP 	image_2: autoDraw = True
18.0450 	EXP 	slider_2: autoDraw = True
18.0716 	DATA 	Mouse: Left button down, pos=(674,154)
18.0857 	EXP 	slider_2: markerPos = 3.44140625
18.1027 	EXP 	slider_2: markerPos = 3.44140625
18.1192 	EXP 	slider_2: markerPos = 3.44140625
18.1358 	EXP 	slider_2: markerPos = 3.44140625
18.1524 	EXP 	slider_2: markerPos = 3.44140625
18.1546 	DATA 	Mouse:  Left button up, pos=(674,154)
18.1692 	EXP 	slider_2: markerPos = 3.44140625
18.1692 	EXP 	slider_2: rating = 3.44140625
18.1715 	EXP 	New trial (rep=0, index=8): OrderedDict([('Imagenes', 'imagenes\\Leche-de-almendras.jpg'), ('Random', 0.36073876480313727), ('Correcto', None)])
18.2518 	DATA 	Mouse: Left button down, pos=(674,154)
18.2589 	EXP 	image_2: autoDraw = False
18.2589 	EXP 	slider_2: autoDraw = False
18.2589 	EXP 	image_2: image = 'imagenes\\Leche-de-almendras.jpg'
18.2589 	EXP 	slider_2: markerPos = None
18.2589 	EXP 	slider_2: markerPos = None
18.2589 	EXP 	slider_2: rating = None
18.2589 	EXP 	image_2: autoDraw = True
18.2589 	EXP 	slider_2: autoDraw = True
18.2589 	EXP 	slider_2: markerPos = 3.44140625
18.2653 	EXP 	slider_2: markerPos = 3.44140625
18.2713 	EXP 	slider_2: markerPos = 3.44140625
18.2862 	EXP 	slider_2: markerPos = 3.44140625
18.3029 	EXP 	slider_2: markerPos = 3.44140625
18.3193 	EXP 	slider_2: markerPos = 3.44140625
18.3212 	DATA 	Mouse:  Left button up, pos=(674,154)
18.3361 	EXP 	slider_2: markerPos = 3.44140625
18.3361 	EXP 	slider_2: rating = 3.44140625
18.3383 	EXP 	New trial (rep=0, index=9): OrderedDict([('Imagenes', 'imagenes\\Papas-naturales.jpg'), ('Random', 0.15856838916280946), ('Correcto', None)])
18.3527 	EXP 	image_2: autoDraw = False
18.3527 	EXP 	slider_2: autoDraw = False
18.3527 	EXP 	image_2: image = 'imagenes\\Papas-naturales.jpg'
18.3527 	EXP 	slider_2: markerPos = None
18.3527 	EXP 	slider_2: markerPos = None
18.3527 	EXP 	slider_2: rating = None
18.3527 	EXP 	image_2: autoDraw = True
18.3527 	EXP 	slider_2: autoDraw = True
18.4217 	DATA 	Mouse: Left button down, pos=(674,154)
18.4357 	EXP 	slider_2: markerPos = 3.44140625
18.4523 	EXP 	slider_2: markerPos = 3.44140625
18.4694 	EXP 	slider_2: markerPos = 3.44140625
18.4857 	EXP 	slider_2: markerPos = 3.44140625
18.4880 	DATA 	Mouse:  Left button up, pos=(674,154)
18.5022 	EXP 	slider_2: markerPos = 3.44140625
18.5022 	EXP 	slider_2: rating = 3.44140625
18.5049 	EXP 	New trial (rep=0, index=10): OrderedDict([('Imagenes', 'imagenes\\Popetas.jpg'), ('Random', 0.07650200324054446), ('Correcto', None)])
18.5649 	EXP 	image_2: autoDraw = False
18.5649 	EXP 	slider_2: autoDraw = False
18.5649 	EXP 	image_2: image = 'imagenes\\Popetas.jpg'
18.5649 	EXP 	slider_2: markerPos = None
18.5649 	EXP 	slider_2: markerPos = None
18.5649 	EXP 	slider_2: rating = None
18.5649 	EXP 	image_2: autoDraw = True
18.5649 	EXP 	slider_2: autoDraw = True
18.5883 	DATA 	Mouse: Left button down, pos=(674,154)
18.6027 	EXP 	slider_2: markerPos = 3.44140625
18.6197 	EXP 	slider_2: markerPos = 3.44140625
18.6359 	EXP 	slider_2: markerPos = 3.44140625
18.6523 	EXP 	slider_2: markerPos = 3.44140625
18.6548 	DATA 	Mouse:  Left button up, pos=(674,154)
18.6691 	EXP 	slider_2: markerPos = 3.44140625
18.6691 	EXP 	slider_2: rating = 3.44140625
18.6724 	EXP 	New trial (rep=0, index=11): OrderedDict([('Imagenes', 'imagenes\\Nutella (1).jpg'), ('Random', 0.5277483225747329), ('Correcto', None)])
18.6922 	EXP 	image_2: autoDraw = False
18.6922 	EXP 	slider_2: autoDraw = False
18.6922 	EXP 	image_2: image = 'imagenes\\Nutella (1).jpg'
18.6922 	EXP 	slider_2: markerPos = None
18.6922 	EXP 	slider_2: markerPos = None
18.6922 	EXP 	slider_2: rating = None
18.6922 	EXP 	image_2: autoDraw = True
18.6922 	EXP 	slider_2: autoDraw = True
18.7377 	DATA 	Mouse: Left button down, pos=(674,154)
18.7525 	EXP 	slider_2: markerPos = 3.44140625
18.7694 	EXP 	slider_2: markerPos = 3.44140625
18.7858 	EXP 	slider_2: markerPos = 3.44140625
18.8029 	EXP 	slider_2: markerPos = 3.44140625
18.8182 	EXP 	slider_2: markerPos = 3.44140625
18.8358 	EXP 	slider_2: markerPos = 3.44140625
18.8378 	DATA 	Mouse:  Left button up, pos=(674,154)
18.8525 	EXP 	slider_2: markerPos = 3.44140625
18.8525 	EXP 	slider_2: rating = 3.44140625
18.8555 	EXP 	New trial (rep=0, index=12): OrderedDict([('Imagenes', 'imagenes\\Yogurt-alpina.jpg'), ('Random', 0.21540995091807813), ('Correcto', None)])
18.8814 	EXP 	image_2: autoDraw = False
18.8814 	EXP 	slider_2: autoDraw = False
18.8814 	EXP 	image_2: image = 'imagenes\\Yogurt-alpina.jpg'
18.8814 	EXP 	slider_2: markerPos = None
18.8814 	EXP 	slider_2: markerPos = None
18.8814 	EXP 	slider_2: rating = None
18.8814 	EXP 	image_2: autoDraw = True
18.8814 	EXP 	slider_2: autoDraw = True
18.8860 	DATA 	Mouse: Left button down, pos=(674,154)
18.9027 	EXP 	slider_2: markerPos = 3.44140625
18.9192 	EXP 	slider_2: markerPos = 3.44140625
18.9359 	EXP 	slider_2: markerPos = 3.44140625
18.9527 	EXP 	slider_2: markerPos = 3.44140625
18.9693 	EXP 	slider_2: markerPos = 3.44140625
18.9736 	DATA 	Mouse:  Left button up, pos=(674,154)
18.9858 	EXP 	slider_2: markerPos = 3.44140625
19.0027 	EXP 	slider_2: markerPos = 3.44140625
19.0027 	EXP 	slider_2: rating = 3.44140625
19.0049 	EXP 	New trial (rep=0, index=13): OrderedDict([('Imagenes', 'imagenes\\Alpinito.jpg'), ('Random', 0.4515332417045813), ('Correcto', None)])
19.0318 	EXP 	image_2: autoDraw = False
19.0318 	EXP 	slider_2: autoDraw = False
19.0318 	EXP 	image_2: image = 'imagenes\\Alpinito.jpg'
19.0318 	EXP 	slider_2: markerPos = None
19.0318 	EXP 	slider_2: markerPos = None
19.0318 	EXP 	slider_2: rating = None
19.0318 	EXP 	image_2: autoDraw = True
19.0318 	EXP 	slider_2: autoDraw = True
19.0399 	DATA 	Mouse: Left button down, pos=(674,154)
19.0517 	EXP 	slider_2: markerPos = 3.44140625
19.0692 	EXP 	slider_2: markerPos = 3.44140625
19.0857 	EXP 	slider_2: markerPos = 3.44140625
19.1028 	EXP 	slider_2: markerPos = 3.44140625
19.1194 	EXP 	slider_2: markerPos = 3.44140625
19.1359 	EXP 	slider_2: markerPos = 3.44140625
19.1394 	DATA 	Mouse:  Left button up, pos=(674,154)
19.1524 	EXP 	slider_2: markerPos = 3.44140625
19.1695 	EXP 	slider_2: markerPos = 3.44140625
19.1695 	EXP 	slider_2: rating = 3.44140625
19.1727 	EXP 	New trial (rep=0, index=14): OrderedDict([('Imagenes', 'imagenes\\Kiwi.jpg'), ('Random', 0.5893907384852061), ('Correcto', None)])
19.1859 	EXP 	image_2: autoDraw = False
19.1859 	EXP 	slider_2: autoDraw = False
19.1859 	EXP 	image_2: image = 'imagenes\\Kiwi.jpg'
19.1859 	EXP 	slider_2: markerPos = None
19.1859 	EXP 	slider_2: markerPos = None
19.1859 	EXP 	slider_2: rating = None
19.1859 	EXP 	image_2: autoDraw = True
19.1859 	EXP 	slider_2: autoDraw = True
19.2050 	DATA 	Mouse: Left button down, pos=(674,154)
19.2191 	EXP 	slider_2: markerPos = 3.44140625
19.2357 	EXP 	slider_2: markerPos = 3.44140625
19.2523 	EXP 	slider_2: markerPos = 3.44140625
19.2691 	EXP 	slider_2: markerPos = 3.4479166666666665
19.2858 	EXP 	slider_2: markerPos = 3.4479166666666665
19.2898 	DATA 	Mouse:  Left button up, pos=(675,154)
19.3027 	EXP 	slider_2: markerPos = 3.4479166666666665
19.3192 	EXP 	slider_2: markerPos = 3.4479166666666665
19.3192 	EXP 	slider_2: rating = 3.4479166666666665
19.3218 	EXP 	New trial (rep=0, index=15): OrderedDict([('Imagenes', 'imagenes\\Brownie.jpg'), ('Random', 0.17000143351927688), ('Correcto', None)])
19.3663 	DATA 	Mouse: Left button down, pos=(675,154)
19.3718 	EXP 	image_2: autoDraw = False
19.3718 	EXP 	slider_2: autoDraw = False
19.3718 	EXP 	image_2: image = 'imagenes\\Brownie.jpg'
19.3718 	EXP 	slider_2: markerPos = None
19.3718 	EXP 	slider_2: markerPos = None
19.3718 	EXP 	slider_2: rating = None
19.3718 	EXP 	image_2: autoDraw = True
19.3718 	EXP 	slider_2: autoDraw = True
19.3718 	EXP 	slider_2: markerPos = 3.4479166666666665
19.3785 	EXP 	slider_2: markerPos = 3.4479166666666665
19.3857 	EXP 	slider_2: markerPos = 3.4479166666666665
19.4027 	EXP 	slider_2: markerPos = 3.4479166666666665
19.4190 	EXP 	slider_2: markerPos = 3.4479166666666665
19.4356 	EXP 	slider_2: markerPos = 3.4479166666666665
19.4396 	DATA 	Mouse:  Left button up, pos=(675,154)
19.4524 	EXP 	slider_2: markerPos = 3.4479166666666665
19.4694 	EXP 	slider_2: markerPos = 3.4479166666666665
19.4694 	EXP 	slider_2: rating = 3.4479166666666665
19.4716 	EXP 	New trial (rep=0, index=16): OrderedDict([('Imagenes', 'imagenes\\Galletas Tosh.jpg'), ('Random', 0.478088790487872), ('Correcto', None)])
19.5019 	DATA 	Mouse: Left button down, pos=(675,154)
19.5073 	EXP 	image_2: autoDraw = False
19.5073 	EXP 	slider_2: autoDraw = False
19.5073 	EXP 	image_2: image = 'imagenes\\Galletas Tosh.jpg'
19.5073 	EXP 	slider_2: markerPos = None
19.5073 	EXP 	slider_2: markerPos = None
19.5073 	EXP 	slider_2: rating = None
19.5073 	EXP 	image_2: autoDraw = True
19.5073 	EXP 	slider_2: autoDraw = True
19.5073 	EXP 	slider_2: markerPos = 3.4479166666666665
19.5137 	EXP 	slider_2: markerPos = 3.4479166666666665
19.5203 	EXP 	slider_2: markerPos = 3.4479166666666665
19.5358 	EXP 	slider_2: markerPos = 3.4479166666666665
19.5527 	EXP 	slider_2: markerPos = 3.4479166666666665
19.5693 	EXP 	slider_2: markerPos = 3.4479166666666665
19.5741 	DATA 	Mouse:  Left button up, pos=(675,154)
19.5859 	EXP 	slider_2: markerPos = 3.4479166666666665
19.6027 	EXP 	slider_2: markerPos = 3.4479166666666665
19.6027 	EXP 	slider_2: rating = 3.4479166666666665
19.6055 	EXP 	New trial (rep=0, index=17): OrderedDict([('Imagenes', 'imagenes\\Papas-pollo.jpg'), ('Random', 0.6683114062971784), ('Correcto', None)])
19.6243 	EXP 	image_2: autoDraw = False
19.6243 	EXP 	slider_2: autoDraw = False
19.6243 	EXP 	image_2: image = 'imagenes\\Papas-pollo.jpg'
19.6243 	EXP 	slider_2: markerPos = None
19.6243 	EXP 	slider_2: markerPos = None
19.6243 	EXP 	slider_2: rating = None
19.6243 	EXP 	image_2: autoDraw = True
19.6243 	EXP 	slider_2: autoDraw = True
19.6711 	DATA 	Mouse: Left button down, pos=(675,154)
19.6857 	EXP 	slider_2: markerPos = 3.4479166666666665
19.7026 	EXP 	slider_2: markerPos = 3.4479166666666665
19.7190 	EXP 	slider_2: markerPos = 3.4479166666666665
19.7357 	EXP 	slider_2: markerPos = 3.4479166666666665
19.7374 	DATA 	Mouse:  Left button up, pos=(675,154)
19.7524 	EXP 	slider_2: markerPos = 3.4479166666666665
19.7524 	EXP 	slider_2: rating = 3.4479166666666665
19.7552 	EXP 	New trial (rep=0, index=18): OrderedDict([('Imagenes', 'imagenes\\Croissant.jpg'), ('Random', 0.6152458173421255), ('Correcto', None)])
19.7893 	EXP 	image_2: autoDraw = False
19.7893 	EXP 	slider_2: autoDraw = False
19.7893 	EXP 	image_2: image = 'imagenes\\Croissant.jpg'
19.7893 	EXP 	slider_2: markerPos = None
19.7893 	EXP 	slider_2: markerPos = None
19.7893 	EXP 	slider_2: rating = None
19.7893 	EXP 	image_2: autoDraw = True
19.7893 	EXP 	slider_2: autoDraw = True
19.8207 	DATA 	Mouse: Left button down, pos=(675,154)
19.8358 	EXP 	slider_2: markerPos = 3.4479166666666665
19.8525 	EXP 	slider_2: markerPos = 3.4479166666666665
19.8692 	EXP 	slider_2: markerPos = 3.4479166666666665
19.8857 	EXP 	slider_2: markerPos = 3.4479166666666665
19.8880 	DATA 	Mouse:  Left button up, pos=(675,154)
19.9026 	EXP 	slider_2: markerPos = 3.4479166666666665
19.9026 	EXP 	slider_2: rating = 3.4479166666666665
19.9053 	EXP 	New trial (rep=0, index=19): OrderedDict([('Imagenes', 'imagenes\\Banano.jpeg'), ('Random', 0.651633055306917), ('Correcto', None)])
19.9298 	EXP 	image_2: autoDraw = False
19.9298 	EXP 	slider_2: autoDraw = False
19.9298 	EXP 	image_2: image = 'imagenes\\Banano.jpeg'
19.9298 	EXP 	slider_2: markerPos = None
19.9298 	EXP 	slider_2: markerPos = None
19.9298 	EXP 	slider_2: rating = None
19.9298 	EXP 	image_2: autoDraw = True
19.9298 	EXP 	slider_2: autoDraw = True
19.9547 	DATA 	Mouse: Left button down, pos=(675,154)
19.9691 	EXP 	slider_2: markerPos = 3.4479166666666665
19.9849 	EXP 	slider_2: markerPos = 3.4479166666666665
20.0024 	EXP 	slider_2: markerPos = 3.4479166666666665
20.0194 	EXP 	slider_2: markerPos = 3.4479166666666665
20.0209 	DATA 	Mouse:  Left button up, pos=(675,154)
20.0359 	EXP 	slider_2: markerPos = 3.4479166666666665
20.0359 	EXP 	slider_2: rating = 3.4479166666666665
20.0385 	EXP 	New trial (rep=0, index=1): OrderedDict([('Hertz', 400), ('volumen', 0.02)])
20.0441 	EXP 	Imported imagenes.xlsx as conditions, 20 conditions, 3 params
20.0444 	EXP 	Created sequence: random, trialTypes=20, nReps=1, seed=None
20.0446 	EXP 	New trial (rep=0, index=0): OrderedDict([('Imagenes', 'imagenes\\Chocoramo.jfif.jpg'), ('Random', 0.7789437122019539), ('Correcto', None)])
20.0772 	EXP 	image_2: autoDraw = False
20.0772 	EXP 	slider_2: autoDraw = False
20.0772 	EXP 	image_2: image = 'imagenes\\Chocoramo.jfif.jpg'
20.0772 	EXP 	slider_2: markerPos = None
20.0772 	EXP 	slider_2: markerPos = None
20.0772 	EXP 	slider_2: rating = None
20.0772 	EXP 	image_2: autoDraw = True
20.0772 	EXP 	slider_2: autoDraw = True
20.0862 	DATA 	Mouse: Left button down, pos=(675,154)
20.0911 	EXP 	slider_2: markerPos = 3.4479166666666665
20.1025 	EXP 	slider_2: markerPos = 3.4479166666666665
20.1193 	EXP 	slider_2: markerPos = 3.4479166666666665
20.1357 	EXP 	slider_2: markerPos = 3.4479166666666665
20.1523 	EXP 	slider_2: markerPos = 3.4479166666666665
20.1691 	EXP 	slider_2: markerPos = 3.4479166666666665
20.1710 	DATA 	Mouse:  Left button up, pos=(675,154)
20.1858 	EXP 	slider_2: markerPos = 3.4479166666666665
20.1858 	EXP 	slider_2: rating = 3.4479166666666665
20.1884 	EXP 	New trial (rep=0, index=1): OrderedDict([('Imagenes', 'imagenes\\Leche-de-almendras.jpg'), ('Random', 0.36073876480313727), ('Correcto', None)])
20.2312 	DATA 	Mouse: Left button down, pos=(675,154)
20.2381 	EXP 	image_2: autoDraw = False
20.2381 	EXP 	slider_2: autoDraw = False
20.2381 	EXP 	image_2: image = 'imagenes\\Leche-de-almendras.jpg'
20.2381 	EXP 	slider_2: markerPos = None
20.2381 	EXP 	slider_2: markerPos = None
20.2381 	EXP 	slider_2: rating = None
20.2381 	EXP 	image_2: autoDraw = True
20.2381 	EXP 	slider_2: autoDraw = True
20.2381 	EXP 	slider_2: markerPos = 3.4479166666666665
20.2443 	EXP 	slider_2: markerPos = 3.4479166666666665
20.2528 	EXP 	slider_2: markerPos = 3.4479166666666665
20.2692 	EXP 	slider_2: markerPos = 3.4479166666666665
20.2860 	EXP 	slider_2: markerPos = 3.4479166666666665
20.3025 	EXP 	slider_2: markerPos = 3.4479166666666665
20.3042 	DATA 	Mouse:  Left button up, pos=(675,154)
20.3192 	EXP 	slider_2: markerPos = 3.4479166666666665
20.3192 	EXP 	slider_2: rating = 3.4479166666666665
20.3213 	EXP 	New trial (rep=0, index=2): OrderedDict([('Imagenes', 'imagenes\\Banano.jpeg'), ('Random', 0.651633055306917), ('Correcto', None)])
20.3369 	EXP 	image_2: autoDraw = False
20.3369 	EXP 	slider_2: autoDraw = False
20.3369 	EXP 	image_2: image = 'imagenes\\Banano.jpeg'
20.3369 	EXP 	slider_2: markerPos = None
20.3369 	EXP 	slider_2: markerPos = None
20.3369 	EXP 	slider_2: rating = None
20.3369 	EXP 	image_2: autoDraw = True
20.3369 	EXP 	slider_2: autoDraw = True
20.3874 	DATA 	Mouse: Left button down, pos=(675,154)
20.4026 	EXP 	slider_2: markerPos = 3.4479166666666665
20.4191 	EXP 	slider_2: markerPos = 3.4479166666666665
20.4356 	EXP 	slider_2: markerPos = 3.4479166666666665
20.4525 	EXP 	slider_2: markerPos = 3.4479166666666665
20.4691 	EXP 	slider_2: markerPos = 3.4479166666666665
20.4709 	DATA 	Mouse:  Left button up, pos=(675,154)
20.4857 	EXP 	slider_2: markerPos = 3.4479166666666665
20.4857 	EXP 	slider_2: rating = 3.4479166666666665
20.4879 	EXP 	New trial (rep=0, index=3): OrderedDict([('Imagenes', 'imagenes\\bon-bon-bun.jpg'), ('Random', 0.7387922093313524), ('Correcto', None)])
20.5102 	EXP 	image_2: autoDraw = False
20.5102 	EXP 	slider_2: autoDraw = False
20.5102 	EXP 	image_2: image = 'imagenes\\bon-bon-bun.jpg'
20.5102 	EXP 	slider_2: markerPos = None
20.5102 	EXP 	slider_2: markerPos = None
20.5102 	EXP 	slider_2: rating = None
20.5102 	EXP 	image_2: autoDraw = True
20.5102 	EXP 	slider_2: autoDraw = True
20.5379 	DATA 	Mouse: Left button down, pos=(675,154)
20.5530 	EXP 	slider_2: markerPos = 3.4479166666666665
20.5692 	EXP 	slider_2: markerPos = 3.4479166666666665
20.5857 	EXP 	slider_2: markerPos = 3.4479166666666665
20.6033 	EXP 	slider_2: markerPos = 3.4479166666666665
20.6059 	DATA 	Mouse:  Left button up, pos=(675,154)
20.6192 	EXP 	slider_2: markerPos = 3.4479166666666665
20.6192 	EXP 	slider_2: rating = 3.4479166666666665
20.6213 	EXP 	New trial (rep=0, index=4): OrderedDict([('Imagenes', 'imagenes\\Mango.jpeg'), ('Random', 0.555669112372461), ('Correcto', None)])
20.6379 	EXP 	image_2: autoDraw = False
20.6379 	EXP 	slider_2: autoDraw = False
20.6379 	EXP 	image_2: image = 'imagenes\\Mango.jpeg'
20.6379 	EXP 	slider_2: markerPos = None
20.6379 	EXP 	slider_2: markerPos = None
20.6379 	EXP 	slider_2: rating = None
20.6379 	EXP 	image_2: autoDraw = True
20.6379 	EXP 	slider_2: autoDraw = True
20.6880 	DATA 	Mouse: Left button down, pos=(675,154)
20.7024 	EXP 	slider_2: markerPos = 3.4479166666666665
20.7192 	EXP 	slider_2: markerPos = 3.4479166666666665
20.7356 	EXP 	slider_2: markerPos = 3.4479166666666665
20.7525 	EXP 	slider_2: markerPos = 3.4479166666666665
20.7689 	EXP 	slider_2: markerPos = 3.4479166666666665
20.7716 	DATA 	Mouse:  Left button up, pos=(675,154)
20.7857 	EXP 	slider_2: markerPos = 3.4479166666666665
20.7857 	EXP 	slider_2: rating = 3.4479166666666665
20.7883 	EXP 	New trial (rep=0, index=5): OrderedDict([('Imagenes', 'imagenes\\Popetas.jpg'), ('Random', 0.07650200324054446), ('Correcto', None)])
20.8195 	EXP 	image_2: autoDraw = False
20.8195 	EXP 	slider_2: autoDraw = False
20.8195 	EXP 	image_2: image = 'imagenes\\Popetas.jpg'
20.8195 	EXP 	slider_2: markerPos = None
20.8195 	EXP 	slider_2: markerPos = None
20.8195 	EXP 	slider_2: rating = None
20.8195 	EXP 	image_2: autoDraw = True
20.8195 	EXP 	slider_2: autoDraw = True
20.8378 	DATA 	Mouse: Left button down, pos=(675,154)
20.8524 	EXP 	slider_2: markerPos = 3.4479166666666665
20.8691 	EXP 	slider_2: markerPos = 3.4479166666666665
20.8857 	EXP 	slider_2: markerPos = 3.4479166666666665
20.9026 	EXP 	slider_2: markerPos = 3.4479166666666665
20.9193 	EXP 	slider_2: markerPos = 3.4479166666666665
20.9213 	DATA 	Mouse:  Left button up, pos=(675,154)
20.9359 	EXP 	slider_2: markerPos = 3.4479166666666665
20.9359 	EXP 	slider_2: rating = 3.4479166666666665
20.9391 	EXP 	New trial (rep=0, index=6): OrderedDict([('Imagenes', 'imagenes\\Uvas.jpg'), ('Random', 0.7734382152670648), ('Correcto', None)])
20.9533 	EXP 	image_2: autoDraw = False
20.9533 	EXP 	slider_2: autoDraw = False
20.9533 	EXP 	image_2: image = 'imagenes\\Uvas.jpg'
20.9533 	EXP 	slider_2: markerPos = None
20.9533 	EXP 	slider_2: markerPos = None
20.9533 	EXP 	slider_2: rating = None
20.9533 	EXP 	image_2: autoDraw = True
20.9533 	EXP 	slider_2: autoDraw = True
20.9885 	DATA 	Mouse: Left button down, pos=(675,154)
21.0021 	EXP 	slider_2: markerPos = 3.4479166666666665
21.0196 	EXP 	slider_2: markerPos = 3.4479166666666665
21.0356 	EXP 	slider_2: markerPos = 3.4479166666666665
21.0529 	EXP 	slider_2: markerPos = 3.4479166666666665
21.0693 	EXP 	slider_2: markerPos = 3.4479166666666665
21.0713 	DATA 	Mouse:  Left button up, pos=(675,154)
21.0859 	EXP 	slider_2: markerPos = 3.4479166666666665
21.0859 	EXP 	slider_2: rating = 3.4479166666666665
21.0887 	EXP 	New trial (rep=0, index=7): OrderedDict([('Imagenes', 'imagenes\\Nutella (1).jpg'), ('Random', 0.5277483225747329), ('Correcto', None)])
21.1027 	EXP 	image_2: autoDraw = False
21.1027 	EXP 	slider_2: autoDraw = False
21.1027 	EXP 	image_2: image = 'imagenes\\Nutella (1).jpg'
21.1027 	EXP 	slider_2: markerPos = None
21.1027 	EXP 	slider_2: markerPos = None
21.1027 	EXP 	slider_2: rating = None
21.1027 	EXP 	image_2: autoDraw = True
21.1027 	EXP 	slider_2: autoDraw = True
21.1377 	DATA 	Mouse: Left button down, pos=(675,154)
21.1523 	EXP 	slider_2: markerPos = 3.4479166666666665
21.1690 	EXP 	slider_2: markerPos = 3.4479166666666665
21.1856 	EXP 	slider_2: markerPos = 3.4479166666666665
21.2025 	EXP 	slider_2: markerPos = 3.4479166666666665
21.2194 	EXP 	slider_2: markerPos = 3.4479166666666665
21.2220 	DATA 	Mouse:  Left button up, pos=(675,154)
21.2356 	EXP 	slider_2: markerPos = 3.4479166666666665
21.2356 	EXP 	slider_2: rating = 3.4479166666666665
21.2382 	EXP 	New trial (rep=0, index=8): OrderedDict([('Imagenes', 'imagenes\\Alpinito.jpg'), ('Random', 0.4515332417045813), ('Correcto', None)])
21.2654 	EXP 	image_2: autoDraw = False
21.2654 	EXP 	slider_2: autoDraw = False
21.2654 	EXP 	image_2: image = 'imagenes\\Alpinito.jpg'
21.2654 	EXP 	slider_2: markerPos = None
21.2654 	EXP 	slider_2: markerPos = None
21.2654 	EXP 	slider_2: rating = None
21.2654 	EXP 	image_2: autoDraw = True
21.2654 	EXP 	slider_2: autoDraw = True
21.3046 	DATA 	Mouse: Left button down, pos=(675,154)
21.3188 	EXP 	slider_2: markerPos = 3.4479166666666665
21.3356 	EXP 	slider_2: markerPos = 3.4479166666666665
21.3524 	EXP 	slider_2: markerPos = 3.4479166666666665
21.3690 	EXP 	slider_2: markerPos = 3.4479166666666665
21.3854 	EXP 	slider_2: markerPos = 3.4479166666666665
21.3872 	DATA 	Mouse:  Left button up, pos=(675,154)
21.4022 	EXP 	slider_2: markerPos = 3.4479166666666665
21.4022 	EXP 	slider_2: rating = 3.4479166666666665
21.4056 	EXP 	New trial (rep=0, index=9): OrderedDict([('Imagenes', 'imagenes\\Croissant.jpg'), ('Random', 0.6152458173421255), ('Correcto', None)])
21.4279 	EXP 	image_2: autoDraw = False
21.4279 	EXP 	slider_2: autoDraw = False
21.4279 	EXP 	image_2: image = 'imagenes\\Croissant.jpg'
21.4279 	EXP 	slider_2: markerPos = None
21.4279 	EXP 	slider_2: markerPos = None
21.4279 	EXP 	slider_2: rating = None
21.4279 	EXP 	image_2: autoDraw = True
21.4279 	EXP 	slider_2: autoDraw = True
21.4550 	DATA 	Mouse: Left button down, pos=(675,154)
21.4692 	EXP 	slider_2: markerPos = 3.4479166666666665
21.4856 	EXP 	slider_2: markerPos = 3.4479166666666665
21.5028 	EXP 	slider_2: markerPos = 3.4479166666666665
21.5190 	EXP 	slider_2: markerPos = 3.4479166666666665
21.5355 	EXP 	slider_2: markerPos = 3.4479166666666665
21.5373 	DATA 	Mouse:  Left button up, pos=(675,154)
21.5527 	EXP 	slider_2: markerPos = 3.4479166666666665
21.5527 	EXP 	slider_2: rating = 3.4479166666666665
21.5554 	EXP 	New trial (rep=0, index=10): OrderedDict([('Imagenes', 'imagenes\\Brownie.jpg'), ('Random', 0.17000143351927688), ('Correcto', None)])
21.5873 	EXP 	image_2: autoDraw = False
21.5873 	EXP 	slider_2: autoDraw = False
21.5873 	EXP 	image_2: image = 'imagenes\\Brownie.jpg'
21.5873 	EXP 	slider_2: markerPos = None
21.5873 	EXP 	slider_2: markerPos = None
21.5873 	EXP 	slider_2: rating = None
21.5873 	EXP 	image_2: autoDraw = True
21.5873 	EXP 	slider_2: autoDraw = True
21.6054 	DATA 	Mouse: Left button down, pos=(675,154)
21.6196 	EXP 	slider_2: markerPos = 3.4479166666666665
21.6357 	EXP 	slider_2: markerPos = 3.4479166666666665
21.6523 	EXP 	slider_2: markerPos = 3.4479166666666665
21.6695 	EXP 	slider_2: markerPos = 3.4479166666666665
21.6856 	EXP 	slider_2: markerPos = 3.4479166666666665
21.7025 	EXP 	slider_2: markerPos = 3.4479166666666665
21.7052 	DATA 	Mouse:  Left button up, pos=(675,154)
21.7190 	EXP 	slider_2: markerPos = 3.4479166666666665
21.7190 	EXP 	slider_2: rating = 3.4479166666666665
21.7214 	EXP 	New trial (rep=0, index=11): OrderedDict([('Imagenes', 'imagenes\\Papas-naturales.jpg'), ('Random', 0.15856838916280946), ('Correcto', None)])
21.7357 	EXP 	image_2: autoDraw = False
21.7357 	EXP 	slider_2: autoDraw = False
21.7357 	EXP 	image_2: image = 'imagenes\\Papas-naturales.jpg'
21.7357 	EXP 	slider_2: markerPos = None
21.7357 	EXP 	slider_2: markerPos = None
21.7357 	EXP 	slider_2: rating = None
21.7357 	EXP 	image_2: autoDraw = True
21.7357 	EXP 	slider_2: autoDraw = True
21.7540 	DATA 	Mouse: Left button down, pos=(675,154)
21.7689 	EXP 	slider_2: markerPos = 3.4479166666666665
21.7858 	EXP 	slider_2: markerPos = 3.4479166666666665
21.8030 	EXP 	slider_2: markerPos = 3.4479166666666665
21.8194 	EXP 	slider_2: markerPos = 3.4479166666666665
21.8357 	EXP 	slider_2: markerPos = 3.4479166666666665
21.8528 	EXP 	slider_2: markerPos = 3.4479166666666665
21.8549 	DATA 	Mouse:  Left button up, pos=(675,154)
21.8695 	EXP 	slider_2: markerPos = 3.4479166666666665
21.8695 	EXP 	slider_2: rating = 3.4479166666666665
21.8721 	EXP 	New trial (rep=0, index=12): OrderedDict([('Imagenes', 'imagenes\\Manzana.jpg'), ('Random', 0.5168162194437935), ('Correcto', None)])
21.8985 	EXP 	image_2: autoDraw = False
21.8985 	EXP 	slider_2: autoDraw = False
21.8985 	EXP 	image_2: image = 'imagenes\\Manzana.jpg'
21.8985 	EXP 	slider_2: markerPos = None
21.8985 	EXP 	slider_2: markerPos = None
21.8985 	EXP 	slider_2: rating = None
21.8985 	EXP 	image_2: autoDraw = True
21.8985 	EXP 	slider_2: autoDraw = True
21.9058 	DATA 	Mouse: Left button down, pos=(675,154)
21.9190 	EXP 	slider_2: markerPos = 3.4479166666666665
21.9348 	EXP 	slider_2: markerPos = 3.4479166666666665
21.9526 	EXP 	slider_2: markerPos = 3.4479166666666665
21.9692 	EXP 	slider_2: markerPos = 3.4479166666666665
21.9856 	EXP 	slider_2: markerPos = 3.4479166666666665
21.9895 	DATA 	Mouse:  Left button up, pos=(675,154)
22.0026 	EXP 	slider_2: markerPos = 3.4479166666666665
22.0190 	EXP 	slider_2: markerPos = 3.4479166666666665
22.0190 	EXP 	slider_2: rating = 3.4479166666666665
22.0217 	EXP 	New trial (rep=0, index=13): OrderedDict([('Imagenes', 'imagenes\\Papas-limon.jpg'), ('Random', 0.020692288100133793), ('Correcto', None)])
22.0356 	EXP 	image_2: autoDraw = False
22.0356 	EXP 	slider_2: autoDraw = False
22.0356 	EXP 	image_2: image = 'imagenes\\Papas-limon.jpg'
22.0356 	EXP 	slider_2: markerPos = None
22.0356 	EXP 	slider_2: markerPos = None
22.0356 	EXP 	slider_2: rating = None
22.0356 	EXP 	image_2: autoDraw = True
22.0356 	EXP 	slider_2: autoDraw = True
22.0548 	DATA 	Mouse: Left button down, pos=(675,154)
22.0689 	EXP 	slider_2: markerPos = 3.4479166666666665
22.0855 	EXP 	slider_2: markerPos = 3.4479166666666665
22.1021 	EXP 	slider_2: markerPos = 3.4479166666666665
22.1193 	EXP 	slider_2: markerPos = 3.4479166666666665
22.1357 	EXP 	slider_2: markerPos = 3.4479166666666665
22.1373 	DATA 	Mouse:  Left button up, pos=(675,154)
22.1524 	EXP 	slider_2: markerPos = 3.4479166666666665
22.1524 	EXP 	slider_2: rating = 3.4479166666666665
22.1557 	EXP 	New trial (rep=0, index=14): OrderedDict([('Imagenes', 'imagenes\\Rosquitas (1).jpg'), ('Random', 0.3035383390851263), ('Correcto', None)])
22.1785 	EXP 	image_2: autoDraw = False
22.1785 	EXP 	slider_2: autoDraw = False
22.1785 	EXP 	image_2: image = 'imagenes\\Rosquitas (1).jpg'
22.1785 	EXP 	slider_2: markerPos = None
22.1785 	EXP 	slider_2: markerPos = None
22.1785 	EXP 	slider_2: rating = None
22.1785 	EXP 	image_2: autoDraw = True
22.1785 	EXP 	slider_2: autoDraw = True
22.2220 	DATA 	Mouse: Left button down, pos=(675,154)
22.2357 	EXP 	slider_2: markerPos = 3.4479166666666665
22.2521 	EXP 	slider_2: markerPos = 3.4479166666666665
22.2690 	EXP 	slider_2: markerPos = 3.4479166666666665
22.2857 	EXP 	slider_2: markerPos = 3.4479166666666665
22.2877 	DATA 	Mouse:  Left button up, pos=(675,154)
22.3025 	EXP 	slider_2: markerPos = 3.4479166666666665
22.3025 	EXP 	slider_2: rating = 3.4479166666666665
22.3053 	EXP 	New trial (rep=0, index=15): OrderedDict([('Imagenes', 'imagenes\\Kiwi.jpg'), ('Random', 0.5893907384852061), ('Correcto', None)])
22.3181 	EXP 	image_2: autoDraw = False
22.3181 	EXP 	slider_2: autoDraw = False
22.3181 	EXP 	image_2: image = 'imagenes\\Kiwi.jpg'
22.3181 	EXP 	slider_2: markerPos = None
22.3181 	EXP 	slider_2: markerPos = None
22.3181 	EXP 	slider_2: rating = None
22.3181 	EXP 	image_2: autoDraw = True
22.3181 	EXP 	slider_2: autoDraw = True
22.3715 	DATA 	Mouse: Left button down, pos=(675,154)
22.3855 	EXP 	slider_2: markerPos = 3.4479166666666665
22.4014 	EXP 	slider_2: markerPos = 3.4479166666666665
22.4190 	EXP 	slider_2: markerPos = 3.4479166666666665
22.4356 	EXP 	slider_2: markerPos = 3.4479166666666665
22.4376 	DATA 	Mouse:  Left button up, pos=(675,154)
22.4523 	EXP 	slider_2: markerPos = 3.4479166666666665
22.4523 	EXP 	slider_2: rating = 3.4479166666666665
22.4549 	EXP 	New trial (rep=0, index=16): OrderedDict([('Imagenes', 'imagenes\\Galletas-festival.jpg'), ('Random', 0.36121121246191135), ('Correcto', None)])
22.4788 	EXP 	image_2: autoDraw = False
22.4788 	EXP 	slider_2: autoDraw = False
22.4788 	EXP 	image_2: image = 'imagenes\\Galletas-festival.jpg'
22.4788 	EXP 	slider_2: markerPos = None
22.4788 	EXP 	slider_2: markerPos = None
22.4788 	EXP 	slider_2: rating = None
22.4788 	EXP 	image_2: autoDraw = True
22.4788 	EXP 	slider_2: autoDraw = True
22.5210 	DATA 	Mouse: Left button down, pos=(675,154)
22.5357 	EXP 	slider_2: markerPos = 3.4479166666666665
22.5526 	EXP 	slider_2: markerPos = 3.4479166666666665
22.5691 	EXP 	slider_2: markerPos = 3.4479166666666665
22.5858 	EXP 	slider_2: markerPos = 3.4479166666666665
22.5882 	DATA 	Mouse:  Left button up, pos=(675,154)
22.6027 	EXP 	slider_2: markerPos = 3.4479166666666665
22.6027 	EXP 	slider_2: rating = 3.4479166666666665
22.6056 	EXP 	New trial (rep=0, index=17): OrderedDict([('Imagenes', 'imagenes\\Papas-pollo.jpg'), ('Random', 0.6683114062971784), ('Correcto', None)])
22.6193 	EXP 	image_2: autoDraw = False
22.6193 	EXP 	slider_2: autoDraw = False
22.6193 	EXP 	image_2: image = 'imagenes\\Papas-pollo.jpg'
22.6193 	EXP 	slider_2: markerPos = None
22.6193 	EXP 	slider_2: markerPos = None
22.6193 	EXP 	slider_2: rating = None
22.6193 	EXP 	image_2: autoDraw = True
22.6193 	EXP 	slider_2: autoDraw = True
22.6711 	DATA 	Mouse: Left button down, pos=(675,154)
22.6857 	EXP 	slider_2: markerPos = 3.4479166666666665
22.7028 	EXP 	slider_2: markerPos = 3.4479166666666665
22.7192 	EXP 	slider_2: markerPos = 3.4479166666666665
22.7357 	EXP 	slider_2: markerPos = 3.4479166666666665
22.7530 	EXP 	slider_2: markerPos = 3.4479166666666665
22.7555 	DATA 	Mouse:  Left button up, pos=(675,154)
22.7690 	EXP 	slider_2: markerPos = 3.4479166666666665
22.7690 	EXP 	slider_2: rating = 3.4479166666666665
22.7713 	EXP 	New trial (rep=0, index=18): OrderedDict([('Imagenes', 'imagenes\\Galletas Tosh.jpg'), ('Random', 0.478088790487872), ('Correcto', None)])
22.7946 	EXP 	image_2: autoDraw = False
22.7946 	EXP 	slider_2: autoDraw = False
22.7946 	EXP 	image_2: image = 'imagenes\\Galletas Tosh.jpg'
22.7946 	EXP 	slider_2: markerPos = None
22.7946 	EXP 	slider_2: markerPos = None
22.7946 	EXP 	slider_2: rating = None
22.7946 	EXP 	image_2: autoDraw = True
22.7946 	EXP 	slider_2: autoDraw = True
22.8370 	DATA 	Mouse: Left button down, pos=(675,154)
22.8525 	EXP 	slider_2: markerPos = 3.4479166666666665
22.8679 	EXP 	slider_2: markerPos = 3.4479166666666665
22.8857 	EXP 	slider_2: markerPos = 3.4479166666666665
22.9028 	EXP 	slider_2: markerPos = 3.4479166666666665
22.9190 	EXP 	slider_2: markerPos = 3.4479166666666665
22.9212 	DATA 	Mouse:  Left button up, pos=(675,154)
22.9356 	EXP 	slider_2: markerPos = 3.4479166666666665
22.9356 	EXP 	slider_2: rating = 3.4479166666666665
22.9384 	EXP 	New trial (rep=0, index=19): OrderedDict([('Imagenes', 'imagenes\\Yogurt-alpina.jpg'), ('Random', 0.21540995091807813), ('Correcto', None)])
22.9533 	EXP 	image_2: autoDraw = False
22.9533 	EXP 	slider_2: autoDraw = False
22.9533 	EXP 	image_2: image = 'imagenes\\Yogurt-alpina.jpg'
22.9533 	EXP 	slider_2: markerPos = None
22.9533 	EXP 	slider_2: markerPos = None
22.9533 	EXP 	slider_2: rating = None
22.9533 	EXP 	image_2: autoDraw = True
22.9533 	EXP 	slider_2: autoDraw = True
23.6394 	DATA 	Mouse: Left button down, pos=(675,154)
23.6690 	EXP 	slider_2: markerPos = 3.4479166666666665
23.6855 	EXP 	slider_2: markerPos = 3.4479166666666665
23.7025 	EXP 	slider_2: markerPos = 3.4479166666666665
23.7189 	EXP 	slider_2: markerPos = 3.4479166666666665
23.7355 	EXP 	slider_2: markerPos = 3.4479166666666665
23.7524 	EXP 	slider_2: markerPos = 3.4479166666666665
23.7547 	DATA 	Mouse:  Left button up, pos=(675,154)
23.7689 	EXP 	slider_2: markerPos = 3.4479166666666665
23.7689 	EXP 	slider_2: rating = 3.4479166666666665
23.7720 	EXP 	New trial (rep=0, index=2): OrderedDict([('Hertz', 1000), ('volumen', 0.0)])
23.7782 	EXP 	Imported imagenes.xlsx as conditions, 20 conditions, 3 params
23.7784 	EXP 	Created sequence: random, trialTypes=20, nReps=1, seed=None
23.7787 	EXP 	New trial (rep=0, index=0): OrderedDict([('Imagenes', 'imagenes\\Popetas.jpg'), ('Random', 0.07650200324054446), ('Correcto', None)])
23.8106 	EXP 	image_2: autoDraw = False
23.8106 	EXP 	slider_2: autoDraw = False
23.8106 	EXP 	image_2: image = 'imagenes\\Popetas.jpg'
23.8106 	EXP 	slider_2: markerPos = None
23.8106 	EXP 	slider_2: markerPos = None
23.8106 	EXP 	slider_2: rating = None
23.8106 	EXP 	image_2: autoDraw = True
23.8106 	EXP 	slider_2: autoDraw = True
23.8545 	DATA 	Mouse: Left button down, pos=(675,154)
23.8692 	EXP 	slider_2: markerPos = 3.4479166666666665
23.8857 	EXP 	slider_2: markerPos = 3.4479166666666665
23.9024 	EXP 	slider_2: markerPos = 3.4479166666666665
23.9189 	EXP 	slider_2: markerPos = 3.4479166666666665
23.9354 	EXP 	slider_2: markerPos = 3.4479166666666665
23.9371 	DATA 	Mouse:  Left button up, pos=(675,154)
23.9522 	EXP 	slider_2: markerPos = 3.4479166666666665
23.9522 	EXP 	slider_2: rating = 3.4479166666666665
23.9554 	EXP 	New trial (rep=0, index=1): OrderedDict([('Imagenes', 'imagenes\\Alpinito.jpg'), ('Random', 0.4515332417045813), ('Correcto', None)])
23.9827 	EXP 	image_2: autoDraw = False
23.9827 	EXP 	slider_2: autoDraw = False
23.9827 	EXP 	image_2: image = 'imagenes\\Alpinito.jpg'
23.9827 	EXP 	slider_2: markerPos = None
23.9827 	EXP 	slider_2: markerPos = None
23.9827 	EXP 	slider_2: rating = None
23.9827 	EXP 	image_2: autoDraw = True
23.9827 	EXP 	slider_2: autoDraw = True
24.0537 	DATA 	Mouse: Left button down, pos=(675,154)
24.0691 	EXP 	slider_2: markerPos = 3.4479166666666665
24.0856 	EXP 	slider_2: markerPos = 3.4479166666666665
24.1025 	EXP 	slider_2: markerPos = 3.4479166666666665
24.1189 	EXP 	slider_2: markerPos = 3.4479166666666665
24.1354 	EXP 	slider_2: markerPos = 3.4479166666666665
24.1395 	DATA 	Mouse:  Left button up, pos=(675,154)
24.1525 	EXP 	slider_2: markerPos = 3.4479166666666665
24.1691 	EXP 	slider_2: markerPos = 3.4479166666666665
24.1691 	EXP 	slider_2: rating = 3.4479166666666665
24.1723 	EXP 	New trial (rep=0, index=2): OrderedDict([('Imagenes', 'imagenes\\Yogurt-alpina.jpg'), ('Random', 0.21540995091807813), ('Correcto', None)])
24.1871 	EXP 	image_2: autoDraw = False
24.1871 	EXP 	slider_2: autoDraw = False
24.1871 	EXP 	image_2: image = 'imagenes\\Yogurt-alpina.jpg'
24.1871 	EXP 	slider_2: markerPos = None
24.1871 	EXP 	slider_2: markerPos = None
24.1871 	EXP 	slider_2: rating = None
24.1871 	EXP 	image_2: autoDraw = True
24.1871 	EXP 	slider_2: autoDraw = True
24.2537 	DATA 	Mouse: Left button down, pos=(675,154)
24.2688 	EXP 	slider_2: markerPos = 3.4479166666666665
24.2858 	EXP 	slider_2: markerPos = 3.4479166666666665
24.3022 	EXP 	slider_2: markerPos = 3.4479166666666665
24.3189 	EXP 	slider_2: markerPos = 3.4479166666666665
24.3354 	EXP 	slider_2: markerPos = 3.4479166666666665
24.3375 	DATA 	Mouse:  Left button up, pos=(675,154)
24.3522 	EXP 	slider_2: markerPos = 3.4479166666666665
24.3522 	EXP 	slider_2: rating = 3.4479166666666665
24.3556 	EXP 	New trial (rep=0, index=3): OrderedDict([('Imagenes', 'imagenes\\Brownie.jpg'), ('Random', 0.17000143351927688), ('Correcto', None)])
24.3859 	EXP 	image_2: autoDraw = False
24.3859 	EXP 	slider_2: autoDraw = False
24.3859 	EXP 	image_2: image = 'imagenes\\Brownie.jpg'
24.3859 	EXP 	slider_2: markerPos = None
24.3859 	EXP 	slider_2: markerPos = None
24.3859 	EXP 	slider_2: rating = None
24.3859 	EXP 	image_2: autoDraw = True
24.3859 	EXP 	slider_2: autoDraw = True
24.6208 	DATA 	Mouse: Left button down, pos=(675,154)
24.6355 	EXP 	slider_2: markerPos = 3.4479166666666665
24.6524 	EXP 	slider_2: markerPos = 3.4479166666666665
24.6680 	EXP 	slider_2: markerPos = 3.4479166666666665
24.6856 	EXP 	slider_2: markerPos = 3.4479166666666665
24.7024 	EXP 	slider_2: markerPos = 3.4479166666666665
24.7189 	EXP 	slider_2: markerPos = 3.4479166666666665
24.7226 	DATA 	Mouse:  Left button up, pos=(675,154)
24.7354 	EXP 	slider_2: markerPos = 3.4479166666666665
24.7522 	EXP 	slider_2: markerPos = 3.4479166666666665
24.7522 	EXP 	slider_2: rating = 3.4479166666666665
24.7554 	EXP 	New trial (rep=0, index=4): OrderedDict([('Imagenes', 'imagenes\\Papas-naturales.jpg'), ('Random', 0.15856838916280946), ('Correcto', None)])
24.7690 	EXP 	image_2: autoDraw = False
24.7690 	EXP 	slider_2: autoDraw = False
24.7690 	EXP 	image_2: image = 'imagenes\\Papas-naturales.jpg'
24.7690 	EXP 	slider_2: markerPos = None
24.7690 	EXP 	slider_2: markerPos = None
24.7690 	EXP 	slider_2: rating = None
24.7690 	EXP 	image_2: autoDraw = True
24.7690 	EXP 	slider_2: autoDraw = True
25.2550 	DATA 	Mouse: Left button down, pos=(675,154)
25.2688 	EXP 	slider_2: markerPos = 3.4479166666666665
25.2854 	EXP 	slider_2: markerPos = 3.4479166666666665
25.3023 	EXP 	slider_2: markerPos = 3.4479166666666665
25.3189 	EXP 	slider_2: markerPos = 3.4479166666666665
25.3355 	EXP 	slider_2: markerPos = 3.4479166666666665
25.3523 	EXP 	slider_2: markerPos = 3.4479166666666665
25.3539 	DATA 	Mouse:  Left button up, pos=(675,154)
25.3688 	EXP 	slider_2: markerPos = 3.4479166666666665
25.3688 	EXP 	slider_2: rating = 3.4479166666666665
25.3717 	EXP 	New trial (rep=0, index=5): OrderedDict([('Imagenes', 'imagenes\\Galletas-festival.jpg'), ('Random', 0.36121121246191135), ('Correcto', None)])
25.3917 	EXP 	image_2: autoDraw = False
25.3917 	EXP 	slider_2: autoDraw = False
25.3917 	EXP 	image_2: image = 'imagenes\\Galletas-festival.jpg'
25.3917 	EXP 	slider_2: markerPos = None
25.3917 	EXP 	slider_2: markerPos = None
25.3917 	EXP 	slider_2: rating = None
25.3917 	EXP 	image_2: autoDraw = True
25.3917 	EXP 	slider_2: autoDraw = True
25.6866 	DATA 	Mouse: Left button down, pos=(675,154)
25.7019 	EXP 	slider_2: markerPos = 3.4479166666666665
25.7185 	EXP 	slider_2: markerPos = 3.4479166666666665
25.7354 	EXP 	slider_2: markerPos = 3.4479166666666665
25.7522 	EXP 	slider_2: markerPos = 3.4479166666666665
25.7692 	EXP 	slider_2: markerPos = 3.4479166666666665
25.7855 	EXP 	slider_2: markerPos = 3.4479166666666665
25.8026 	EXP 	slider_2: markerPos = 3.4479166666666665
25.8188 	EXP 	slider_2: markerPos = 3.4479166666666665
25.8210 	DATA 	Mouse:  Left button up, pos=(675,154)
25.8355 	EXP 	slider_2: markerPos = 3.4479166666666665
25.8355 	EXP 	slider_2: rating = 3.4479166666666665
25.8383 	EXP 	New trial (rep=0, index=6): OrderedDict([('Imagenes', 'imagenes\\Chocoramo.jfif.jpg'), ('Random', 0.7789437122019539), ('Correcto', None)])
25.8629 	EXP 	image_2: autoDraw = False
25.8629 	EXP 	slider_2: autoDraw = False
25.8629 	EXP 	image_2: image = 'imagenes\\Chocoramo.jfif.jpg'
25.8629 	EXP 	slider_2: markerPos = None
25.8629 	EXP 	slider_2: markerPos = None
25.8629 	EXP 	slider_2: rating = None
25.8629 	EXP 	image_2: autoDraw = True
25.8629 	EXP 	slider_2: autoDraw = True
25.9704 	DATA 	Mouse: Left button down, pos=(675,154)
25.9853 	EXP 	slider_2: markerPos = 3.4479166666666665
26.0024 	EXP 	slider_2: markerPos = 3.4479166666666665
26.0190 	EXP 	slider_2: markerPos = 3.4479166666666665
26.0354 	EXP 	slider_2: markerPos = 3.4479166666666665
26.0523 	EXP 	slider_2: markerPos = 3.4479166666666665
26.0691 	EXP 	slider_2: markerPos = 3.4479166666666665
26.0852 	EXP 	slider_2: markerPos = 3.4479166666666665
26.0871 	DATA 	Mouse:  Left button up, pos=(675,154)
26.1023 	EXP 	slider_2: markerPos = 3.4479166666666665
26.1023 	EXP 	slider_2: rating = 3.4479166666666665
26.1052 	EXP 	New trial (rep=0, index=7): OrderedDict([('Imagenes', 'imagenes\\Galletas Tosh.jpg'), ('Random', 0.478088790487872), ('Correcto', None)])
26.1291 	EXP 	image_2: autoDraw = False
26.1291 	EXP 	slider_2: autoDraw = False
26.1291 	EXP 	image_2: image = 'imagenes\\Galletas Tosh.jpg'
26.1291 	EXP 	slider_2: markerPos = None
26.1291 	EXP 	slider_2: markerPos = None
26.1291 	EXP 	slider_2: rating = None
26.1291 	EXP 	image_2: autoDraw = True
26.1291 	EXP 	slider_2: autoDraw = True
26.3201 	DATA 	Mouse: Left button down, pos=(675,154)
26.3355 	EXP 	slider_2: markerPos = 3.4479166666666665
26.3523 	EXP 	slider_2: markerPos = 3.4479166666666665
26.3689 	EXP 	slider_2: markerPos = 3.4479166666666665
26.3846 	EXP 	slider_2: markerPos = 3.4479166666666665
26.4021 	EXP 	slider_2: markerPos = 3.4479166666666665
26.4189 	EXP 	slider_2: markerPos = 3.4479166666666665
26.4354 	EXP 	slider_2: markerPos = 3.4479166666666665
26.4372 	DATA 	Mouse:  Left button up, pos=(675,154)
26.4521 	EXP 	slider_2: markerPos = 3.4479166666666665
26.4521 	EXP 	slider_2: rating = 3.4479166666666665
26.4548 	EXP 	New trial (rep=0, index=8): OrderedDict([('Imagenes', 'imagenes\\Banano.jpeg'), ('Random', 0.651633055306917), ('Correcto', None)])
26.4688 	EXP 	image_2: autoDraw = False
26.4688 	EXP 	slider_2: autoDraw = False
26.4688 	EXP 	image_2: image = 'imagenes\\Banano.jpeg'
26.4688 	EXP 	slider_2: markerPos = None
26.4688 	EXP 	slider_2: markerPos = None
26.4688 	EXP 	slider_2: rating = None
26.4688 	EXP 	image_2: autoDraw = True
26.4688 	EXP 	slider_2: autoDraw = True
26.6393 	DATA 	Mouse: Left button down, pos=(675,154)
26.6690 	EXP 	slider_2: markerPos = 3.4479166666666665
26.6853 	EXP 	slider_2: markerPos = 3.4479166666666665
26.7019 	EXP 	slider_2: markerPos = 3.4479166666666665
26.7191 	EXP 	slider_2: markerPos = 3.4479166666666665
26.7352 	EXP 	slider_2: markerPos = 3.4479166666666665
26.7375 	DATA 	Mouse:  Left button up, pos=(675,154)
26.7521 	EXP 	slider_2: markerPos = 3.4479166666666665
26.7521 	EXP 	slider_2: rating = 3.4479166666666665
26.7552 	EXP 	New trial (rep=0, index=9): OrderedDict([('Imagenes', 'imagenes\\bon-bon-bun.jpg'), ('Random', 0.7387922093313524), ('Correcto', None)])
26.7777 	EXP 	image_2: autoDraw = False
26.7777 	EXP 	slider_2: autoDraw = False
26.7777 	EXP 	image_2: image = 'imagenes\\bon-bon-bun.jpg'
26.7777 	EXP 	slider_2: markerPos = None
26.7777 	EXP 	slider_2: markerPos = None
26.7777 	EXP 	slider_2: rating = None
26.7777 	EXP 	image_2: autoDraw = True
26.7777 	EXP 	slider_2: autoDraw = True
27.0704 	DATA 	Mouse: Left button down, pos=(675,154)
27.0853 	EXP 	slider_2: markerPos = 3.4479166666666665
27.1025 	EXP 	slider_2: markerPos = 3.4479166666666665
27.1186 	EXP 	slider_2: markerPos = 3.4479166666666665
27.1356 	EXP 	slider_2: markerPos = 3.4479166666666665
27.1522 	EXP 	slider_2: markerPos = 3.4479166666666665
27.1683 	EXP 	slider_2: markerPos = 3.4479166666666665
27.1854 	EXP 	slider_2: markerPos = 3.4479166666666665
27.1871 	DATA 	Mouse:  Left button up, pos=(675,154)
27.2026 	EXP 	slider_2: markerPos = 3.4479166666666665
27.2026 	EXP 	slider_2: rating = 3.4479166666666665
27.2052 	EXP 	New trial (rep=0, index=10): OrderedDict([('Imagenes', 'imagenes\\Papas-limon.jpg'), ('Random', 0.020692288100133793), ('Correcto', None)])
27.2191 	EXP 	image_2: autoDraw = False
27.2191 	EXP 	slider_2: autoDraw = False
27.2191 	EXP 	image_2: image = 'imagenes\\Papas-limon.jpg'
27.2191 	EXP 	slider_2: markerPos = None
27.2191 	EXP 	slider_2: markerPos = None
27.2191 	EXP 	slider_2: rating = None
27.2191 	EXP 	image_2: autoDraw = True
27.2191 	EXP 	slider_2: autoDraw = True
27.5035 	DATA 	Mouse: Left button down, pos=(675,154)
27.5186 	EXP 	slider_2: markerPos = 3.4479166666666665
27.5353 	EXP 	slider_2: markerPos = 3.4479166666666665
27.5524 	EXP 	slider_2: markerPos = 3.4479166666666665
27.5690 	EXP 	slider_2: markerPos = 3.4479166666666665
27.5854 	EXP 	slider_2: markerPos = 3.4479166666666665
27.6020 	EXP 	slider_2: markerPos = 3.4479166666666665
27.6045 	DATA 	Mouse:  Left button up, pos=(675,154)
27.6187 	EXP 	slider_2: markerPos = 3.4479166666666665
27.6187 	EXP 	slider_2: rating = 3.4479166666666665
27.6220 	EXP 	New trial (rep=0, index=11): OrderedDict([('Imagenes', 'imagenes\\Kiwi.jpg'), ('Random', 0.5893907384852061), ('Correcto', None)])
27.6354 	EXP 	image_2: autoDraw = False
27.6354 	EXP 	slider_2: autoDraw = False
27.6354 	EXP 	image_2: image = 'imagenes\\Kiwi.jpg'
27.6354 	EXP 	slider_2: markerPos = None
27.6354 	EXP 	slider_2: markerPos = None
27.6354 	EXP 	slider_2: rating = None
27.6354 	EXP 	image_2: autoDraw = True
27.6354 	EXP 	slider_2: autoDraw = True
28.1542 	DATA 	Mouse: Left button down, pos=(675,154)
28.1685 	EXP 	slider_2: markerPos = 3.4479166666666665
28.1852 	EXP 	slider_2: markerPos = 3.4479166666666665
28.2025 	EXP 	slider_2: markerPos = 3.4479166666666665
28.2188 	EXP 	slider_2: markerPos = 3.4479166666666665
28.2214 	DATA 	Mouse:  Left button up, pos=(675,154)
28.2352 	EXP 	slider_2: markerPos = 3.4479166666666665
28.2352 	EXP 	slider_2: rating = 3.4479166666666665
28.2381 	EXP 	New trial (rep=0, index=12): OrderedDict([('Imagenes', 'imagenes\\Papas-pollo.jpg'), ('Random', 0.6683114062971784), ('Correcto', None)])
28.2511 	EXP 	image_2: autoDraw = False
28.2511 	EXP 	slider_2: autoDraw = False
28.2511 	EXP 	image_2: image = 'imagenes\\Papas-pollo.jpg'
28.2511 	EXP 	slider_2: markerPos = None
28.2511 	EXP 	slider_2: markerPos = None
28.2511 	EXP 	slider_2: rating = None
28.2511 	EXP 	image_2: autoDraw = True
28.2511 	EXP 	slider_2: autoDraw = True
28.6545 	DATA 	Mouse: Left button down, pos=(675,154)
28.6688 	EXP 	slider_2: markerPos = 3.4479166666666665
28.6853 	EXP 	slider_2: markerPos = 3.4479166666666665
28.7020 	EXP 	slider_2: markerPos = 3.4479166666666665
28.7187 	EXP 	slider_2: markerPos = 3.4479166666666665
28.7351 	EXP 	slider_2: markerPos = 3.4479166666666665
28.7520 	EXP 	slider_2: markerPos = 3.4479166666666665
28.7687 	EXP 	slider_2: markerPos = 3.4479166666666665
28.7702 	DATA 	Mouse:  Left button up, pos=(675,154)
28.7851 	EXP 	slider_2: markerPos = 3.4479166666666665
28.7851 	EXP 	slider_2: rating = 3.4479166666666665
28.7880 	EXP 	New trial (rep=0, index=13): OrderedDict([('Imagenes', 'imagenes\\Croissant.jpg'), ('Random', 0.6152458173421255), ('Correcto', None)])
28.8147 	EXP 	image_2: autoDraw = False
28.8147 	EXP 	slider_2: autoDraw = False
28.8147 	EXP 	image_2: image = 'imagenes\\Croissant.jpg'
28.8147 	EXP 	slider_2: markerPos = None
28.8147 	EXP 	slider_2: markerPos = None
28.8147 	EXP 	slider_2: rating = None
28.8147 	EXP 	image_2: autoDraw = True
28.8147 	EXP 	slider_2: autoDraw = True
29.0711 	DATA 	Mouse: Left button down, pos=(675,154)
29.0852 	EXP 	slider_2: markerPos = 3.4479166666666665
29.1019 	EXP 	slider_2: markerPos = 3.4479166666666665
29.1186 	EXP 	slider_2: markerPos = 3.4479166666666665
29.1352 	EXP 	slider_2: markerPos = 3.4479166666666665
29.1524 	EXP 	slider_2: markerPos = 3.4479166666666665
29.1687 	EXP 	slider_2: markerPos = 3.4479166666666665
29.1741 	DATA 	Mouse:  Left button up, pos=(675,154)
29.1852 	EXP 	slider_2: markerPos = 3.4479166666666665
29.2019 	EXP 	slider_2: markerPos = 3.4479166666666665
29.2019 	EXP 	slider_2: rating = 3.4479166666666665
29.2047 	EXP 	New trial (rep=0, index=14): OrderedDict([('Imagenes', 'imagenes\\Uvas.jpg'), ('Random', 0.7734382152670648), ('Correcto', None)])
29.2196 	EXP 	image_2: autoDraw = False
29.2196 	EXP 	slider_2: autoDraw = False
29.2196 	EXP 	image_2: image = 'imagenes\\Uvas.jpg'
29.2196 	EXP 	slider_2: markerPos = None
29.2196 	EXP 	slider_2: markerPos = None
29.2196 	EXP 	slider_2: rating = None
29.2196 	EXP 	image_2: autoDraw = True
29.2196 	EXP 	slider_2: autoDraw = True
29.6707 	DATA 	Mouse: Left button down, pos=(675,154)
29.6852 	EXP 	slider_2: markerPos = 3.4479166666666665
29.7022 	EXP 	slider_2: markerPos = 3.4479166666666665
29.7187 	EXP 	slider_2: markerPos = 3.4479166666666665
29.7353 	EXP 	slider_2: markerPos = 3.4479166666666665
29.7513 	EXP 	slider_2: markerPos = 3.4479166666666665
29.7688 	EXP 	slider_2: markerPos = 3.4479166666666665
29.7851 	EXP 	slider_2: markerPos = 3.4479166666666665
29.7888 	DATA 	Mouse:  Left button up, pos=(675,154)
29.8021 	EXP 	slider_2: markerPos = 3.4479166666666665
29.8187 	EXP 	slider_2: markerPos = 3.4479166666666665
29.8187 	EXP 	slider_2: rating = 3.4479166666666665
29.8216 	EXP 	New trial (rep=0, index=15): OrderedDict([('Imagenes', 'imagenes\\Nutella (1).jpg'), ('Random', 0.5277483225747329), ('Correcto', None)])
29.8353 	EXP 	image_2: autoDraw = False
29.8353 	EXP 	slider_2: autoDraw = False
29.8353 	EXP 	image_2: image = 'imagenes\\Nutella (1).jpg'
29.8353 	EXP 	slider_2: markerPos = None
29.8353 	EXP 	slider_2: markerPos = None
29.8353 	EXP 	slider_2: rating = None
29.8353 	EXP 	image_2: autoDraw = True
29.8353 	EXP 	slider_2: autoDraw = True
30.0548 	DATA 	Mouse: Left button down, pos=(675,154)
30.0688 	EXP 	slider_2: markerPos = 3.4479166666666665
30.0852 	EXP 	slider_2: markerPos = 3.4479166666666665
30.1018 	EXP 	slider_2: markerPos = 3.4479166666666665
30.1184 	EXP 	slider_2: markerPos = 3.4479166666666665
30.1350 	EXP 	slider_2: markerPos = 3.4479166666666665
30.1521 	EXP 	slider_2: markerPos = 3.4479166666666665
30.1686 	EXP 	slider_2: markerPos = 3.4479166666666665
30.1702 	DATA 	Mouse:  Left button up, pos=(675,154)
30.1852 	EXP 	slider_2: markerPos = 3.4479166666666665
30.1852 	EXP 	slider_2: rating = 3.4479166666666665
30.1878 	EXP 	New trial (rep=0, index=16): OrderedDict([('Imagenes', 'imagenes\\Rosquitas (1).jpg'), ('Random', 0.3035383390851263), ('Correcto', None)])
30.2086 	EXP 	image_2: autoDraw = False
30.2086 	EXP 	slider_2: autoDraw = False
30.2086 	EXP 	image_2: image = 'imagenes\\Rosquitas (1).jpg'
30.2086 	EXP 	slider_2: markerPos = None
30.2086 	EXP 	slider_2: markerPos = None
30.2086 	EXP 	slider_2: rating = None
30.2086 	EXP 	image_2: autoDraw = True
30.2086 	EXP 	slider_2: autoDraw = True
30.5207 	DATA 	Mouse: Left button down, pos=(675,154)
30.5352 	EXP 	slider_2: markerPos = 3.4479166666666665
30.5523 	EXP 	slider_2: markerPos = 3.4479166666666665
30.5687 	EXP 	slider_2: markerPos = 3.4479166666666665
30.5852 	EXP 	slider_2: markerPos = 3.4479166666666665
30.6017 	EXP 	slider_2: markerPos = 3.4479166666666665
30.6185 	EXP 	slider_2: markerPos = 3.4479166666666665
30.6351 	EXP 	slider_2: markerPos = 3.4479166666666665
30.6376 	DATA 	Mouse:  Left button up, pos=(675,154)
30.6522 	EXP 	slider_2: markerPos = 3.4479166666666665
30.6522 	EXP 	slider_2: rating = 3.4479166666666665
30.6551 	EXP 	New trial (rep=0, index=17): OrderedDict([('Imagenes', 'imagenes\\Mango.jpeg'), ('Random', 0.555669112372461), ('Correcto', None)])
30.6746 	EXP 	image_2: autoDraw = False
30.6746 	EXP 	slider_2: autoDraw = False
30.6746 	EXP 	image_2: image = 'imagenes\\Mango.jpeg'
30.6746 	EXP 	slider_2: markerPos = None
30.6746 	EXP 	slider_2: markerPos = None
30.6746 	EXP 	slider_2: rating = None
30.6746 	EXP 	image_2: autoDraw = True
30.6746 	EXP 	slider_2: autoDraw = True
30.9708 	DATA 	Mouse: Left button down, pos=(675,154)
30.9851 	EXP 	slider_2: markerPos = 3.4479166666666665
31.0019 	EXP 	slider_2: markerPos = 3.4479166666666665
31.0187 	EXP 	slider_2: markerPos = 3.4479166666666665
31.0352 	EXP 	slider_2: markerPos = 3.4479166666666665
31.0520 	EXP 	slider_2: markerPos = 3.4479166666666665
31.0685 	EXP 	slider_2: markerPos = 3.4479166666666665
31.0702 	DATA 	Mouse:  Left button up, pos=(675,154)
31.0850 	EXP 	slider_2: markerPos = 3.4479166666666665
31.0850 	EXP 	slider_2: rating = 3.4479166666666665
31.0883 	EXP 	New trial (rep=0, index=18): OrderedDict([('Imagenes', 'imagenes\\Leche-de-almendras.jpg'), ('Random', 0.36073876480313727), ('Correcto', None)])
31.1381 	EXP 	image_2: autoDraw = False
31.1381 	EXP 	slider_2: autoDraw = False
31.1381 	EXP 	image_2: image = 'imagenes\\Leche-de-almendras.jpg'
31.1381 	EXP 	slider_2: markerPos = None
31.1381 	EXP 	slider_2: markerPos = None
31.1381 	EXP 	slider_2: rating = None
31.1381 	EXP 	image_2: autoDraw = True
31.1381 	EXP 	slider_2: autoDraw = True
31.4704 	DATA 	Mouse: Left button down, pos=(675,154)
31.4856 	EXP 	slider_2: markerPos = 3.4479166666666665
31.5020 	EXP 	slider_2: markerPos = 3.4479166666666665
31.5186 	EXP 	slider_2: markerPos = 3.4479166666666665
31.5355 	EXP 	slider_2: markerPos = 3.4479166666666665
31.5520 	EXP 	slider_2: markerPos = 3.4479166666666665
31.5536 	DATA 	Mouse:  Left button up, pos=(675,154)
31.5686 	EXP 	slider_2: markerPos = 3.4479166666666665
31.5686 	EXP 	slider_2: rating = 3.4479166666666665
31.5707 	EXP 	New trial (rep=0, index=19): OrderedDict([('Imagenes', 'imagenes\\Manzana.jpg'), ('Random', 0.5168162194437935), ('Correcto', None)])
31.5959 	EXP 	image_2: autoDraw = False
31.5959 	EXP 	slider_2: autoDraw = False
31.5959 	EXP 	image_2: image = 'imagenes\\Manzana.jpg'
31.5959 	EXP 	slider_2: markerPos = None
31.5959 	EXP 	slider_2: markerPos = None
31.5959 	EXP 	slider_2: rating = None
31.5959 	EXP 	image_2: autoDraw = True
31.5959 	EXP 	slider_2: autoDraw = True
31.9044 	DATA 	Mouse: Left button down, pos=(675,154)
31.9186 	EXP 	slider_2: markerPos = 3.4479166666666665
31.9343 	EXP 	slider_2: markerPos = 3.4479166666666665
31.9521 	EXP 	slider_2: markerPos = 3.4479166666666665
31.9684 	EXP 	slider_2: markerPos = 3.4479166666666665
31.9852 	EXP 	slider_2: markerPos = 3.4479166666666665
32.0018 	EXP 	slider_2: markerPos = 3.4479166666666665
32.0044 	DATA 	Mouse:  Left button up, pos=(675,154)
32.0185 	EXP 	slider_2: markerPos = 3.4479166666666665
32.0185 	EXP 	slider_2: rating = 3.4479166666666665
32.0211 	EXP 	New trial (rep=0, index=3): OrderedDict([('Hertz', 1000), ('volumen', 0.02)])
32.0280 	EXP 	Imported imagenes.xlsx as conditions, 20 conditions, 3 params
32.0283 	EXP 	Created sequence: random, trialTypes=20, nReps=1, seed=None
32.0285 	EXP 	New trial (rep=0, index=0): OrderedDict([('Imagenes', 'imagenes\\Kiwi.jpg'), ('Random', 0.5893907384852061), ('Correcto', None)])
32.0396 	EXP 	image_2: autoDraw = False
32.0396 	EXP 	slider_2: autoDraw = False
32.0396 	EXP 	image_2: image = 'imagenes\\Kiwi.jpg'
32.0396 	EXP 	slider_2: markerPos = None
32.0396 	EXP 	slider_2: markerPos = None
32.0396 	EXP 	slider_2: rating = None
32.0396 	EXP 	image_2: autoDraw = True
32.0396 	EXP 	slider_2: autoDraw = True
32.3536 	DATA 	Mouse: Left button down, pos=(675,154)
32.3686 	EXP 	slider_2: markerPos = 3.4479166666666665
32.3851 	EXP 	slider_2: markerPos = 3.4479166666666665
32.4021 	EXP 	slider_2: markerPos = 3.4479166666666665
32.4190 	EXP 	slider_2: markerPos = 3.4479166666666665
32.4226 	DATA 	Mouse:  Left button up, pos=(675,154)
32.4353 	EXP 	slider_2: markerPos = 3.4479166666666665
32.4520 	EXP 	slider_2: markerPos = 3.4479166666666665
32.4520 	EXP 	slider_2: rating = 3.4479166666666665
32.4551 	EXP 	New trial (rep=0, index=1): OrderedDict([('Imagenes', 'imagenes\\Papas-limon.jpg'), ('Random', 0.020692288100133793), ('Correcto', None)])
32.4686 	EXP 	image_2: autoDraw = False
32.4686 	EXP 	slider_2: autoDraw = False
32.4686 	EXP 	image_2: image = 'imagenes\\Papas-limon.jpg'
32.4686 	EXP 	slider_2: markerPos = None
32.4686 	EXP 	slider_2: markerPos = None
32.4686 	EXP 	slider_2: rating = None
32.4686 	EXP 	image_2: autoDraw = True
32.4686 	EXP 	slider_2: autoDraw = True
32.7712 	DATA 	Mouse: Left button down, pos=(675,154)
32.7851 	EXP 	slider_2: markerPos = 3.4479166666666665
32.8020 	EXP 	slider_2: markerPos = 3.4479166666666665
32.8187 	EXP 	slider_2: markerPos = 3.4479166666666665
32.8351 	EXP 	slider_2: markerPos = 3.4479166666666665
32.8519 	EXP 	slider_2: markerPos = 3.4479166666666665
32.8541 	DATA 	Mouse:  Left button up, pos=(675,154)
32.8684 	EXP 	slider_2: markerPos = 3.4479166666666665
32.8684 	EXP 	slider_2: rating = 3.4479166666666665
32.8716 	EXP 	New trial (rep=0, index=2): OrderedDict([('Imagenes', 'imagenes\\Banano.jpeg'), ('Random', 0.651633055306917), ('Correcto', None)])
32.8884 	EXP 	image_2: autoDraw = False
32.8884 	EXP 	slider_2: autoDraw = False
32.8884 	EXP 	image_2: image = 'imagenes\\Banano.jpeg'
32.8884 	EXP 	slider_2: markerPos = None
32.8884 	EXP 	slider_2: markerPos = None
32.8884 	EXP 	slider_2: rating = None
32.8884 	EXP 	image_2: autoDraw = True
32.8884 	EXP 	slider_2: autoDraw = True
33.2038 	DATA 	Mouse: Left button down, pos=(675,154)
33.2185 	EXP 	slider_2: markerPos = 3.4479166666666665
33.2352 	EXP 	slider_2: markerPos = 3.4479166666666665
33.2521 	EXP 	slider_2: markerPos = 3.4479166666666665
33.2675 	EXP 	slider_2: markerPos = 3.4479166666666665
33.2850 	EXP 	slider_2: markerPos = 3.4479166666666665
33.3018 	EXP 	slider_2: markerPos = 3.4479166666666665
33.3033 	DATA 	Mouse:  Left button up, pos=(675,154)
33.3185 	EXP 	slider_2: markerPos = 3.4479166666666665
33.3185 	EXP 	slider_2: rating = 3.4479166666666665
33.3211 	EXP 	New trial (rep=0, index=3): OrderedDict([('Imagenes', 'imagenes\\Manzana.jpg'), ('Random', 0.5168162194437935), ('Correcto', None)])
33.3436 	EXP 	image_2: autoDraw = False
33.3436 	EXP 	slider_2: autoDraw = False
33.3436 	EXP 	image_2: image = 'imagenes\\Manzana.jpg'
33.3436 	EXP 	slider_2: markerPos = None
33.3436 	EXP 	slider_2: markerPos = None
33.3436 	EXP 	slider_2: rating = None
33.3436 	EXP 	image_2: autoDraw = True
33.3436 	EXP 	slider_2: autoDraw = True
33.6700 	DATA 	Mouse: Left button down, pos=(675,154)
33.6850 	EXP 	slider_2: markerPos = 3.4479166666666665
33.7021 	EXP 	slider_2: markerPos = 3.4479166666666665
33.7185 	EXP 	slider_2: markerPos = 3.4479166666666665
33.7344 	EXP 	slider_2: markerPos = 3.4479166666666665
33.7520 	EXP 	slider_2: markerPos = 3.4479166666666665
33.7685 	EXP 	slider_2: markerPos = 3.4479166666666665
33.7850 	EXP 	slider_2: markerPos = 3.4479166666666665
33.8017 	EXP 	slider_2: markerPos = 3.4479166666666665
33.8037 	DATA 	Mouse:  Left button up, pos=(675,154)
33.8185 	EXP 	slider_2: markerPos = 3.4479166666666665
33.8185 	EXP 	slider_2: rating = 3.4479166666666665
33.8206 	EXP 	New trial (rep=0, index=4): OrderedDict([('Imagenes', 'imagenes\\Croissant.jpg'), ('Random', 0.6152458173421255), ('Correcto', None)])
33.8443 	EXP 	image_2: autoDraw = False
33.8443 	EXP 	slider_2: autoDraw = False
33.8443 	EXP 	image_2: image = 'imagenes\\Croissant.jpg'
33.8443 	EXP 	slider_2: markerPos = None
33.8443 	EXP 	slider_2: markerPos = None
33.8443 	EXP 	slider_2: rating = None
33.8443 	EXP 	image_2: autoDraw = True
33.8443 	EXP 	slider_2: autoDraw = True
34.0706 	DATA 	Mouse: Left button down, pos=(675,154)
34.0850 	EXP 	slider_2: markerPos = 3.4479166666666665
34.1018 	EXP 	slider_2: markerPos = 3.4479166666666665
34.1182 	EXP 	slider_2: markerPos = 3.4479166666666665
34.1350 	EXP 	slider_2: markerPos = 3.4479166666666665
34.1520 	EXP 	slider_2: markerPos = 3.4479166666666665
34.1682 	EXP 	slider_2: markerPos = 3.4479166666666665
34.1700 	DATA 	Mouse:  Left button up, pos=(675,154)
34.1850 	EXP 	slider_2: markerPos = 3.4479166666666665
34.1850 	EXP 	slider_2: rating = 3.4479166666666665
34.1881 	EXP 	New trial (rep=0, index=5): OrderedDict([('Imagenes', 'imagenes\\Mango.jpeg'), ('Random', 0.555669112372461), ('Correcto', None)])
34.2097 	EXP 	image_2: autoDraw = False
34.2097 	EXP 	slider_2: autoDraw = False
34.2097 	EXP 	image_2: image = 'imagenes\\Mango.jpeg'
34.2097 	EXP 	slider_2: markerPos = None
34.2097 	EXP 	slider_2: markerPos = None
34.2097 	EXP 	slider_2: rating = None
34.2097 	EXP 	image_2: autoDraw = True
34.2097 	EXP 	slider_2: autoDraw = True
34.5207 	DATA 	Mouse: Left button down, pos=(675,154)
34.5350 	EXP 	slider_2: markerPos = 3.4479166666666665
34.5518 	EXP 	slider_2: markerPos = 3.4479166666666665
34.5684 	EXP 	slider_2: markerPos = 3.4479166666666665
34.5851 	EXP 	slider_2: markerPos = 3.4479166666666665
34.6022 	EXP 	slider_2: markerPos = 3.4479166666666665
34.6182 	EXP 	slider_2: markerPos = 3.4479166666666665
34.6198 	DATA 	Mouse:  Left button up, pos=(675,154)
34.6351 	EXP 	slider_2: markerPos = 3.4479166666666665
34.6351 	EXP 	slider_2: rating = 3.4479166666666665
34.6373 	EXP 	New trial (rep=0, index=6): OrderedDict([('Imagenes', 'imagenes\\Papas-pollo.jpg'), ('Random', 0.6683114062971784), ('Correcto', None)])
34.6521 	EXP 	image_2: autoDraw = False
34.6521 	EXP 	slider_2: autoDraw = False
34.6521 	EXP 	image_2: image = 'imagenes\\Papas-pollo.jpg'
34.6521 	EXP 	slider_2: markerPos = None
34.6521 	EXP 	slider_2: markerPos = None
34.6521 	EXP 	slider_2: rating = None
34.6521 	EXP 	image_2: autoDraw = True
34.6521 	EXP 	slider_2: autoDraw = True
34.9043 	DATA 	Mouse: Left button down, pos=(675,154)
34.9185 	EXP 	slider_2: markerPos = 3.4479166666666665
34.9349 	EXP 	slider_2: markerPos = 3.4479166666666665
34.9520 	EXP 	slider_2: markerPos = 3.4479166666666665
34.9685 	EXP 	slider_2: markerPos = 3.4479166666666665
34.9848 	EXP 	slider_2: markerPos = 3.4479166666666665
35.0016 	EXP 	slider_2: markerPos = 3.4479166666666665
35.0187 	EXP 	slider_2: markerPos = 3.4479166666666665
35.0204 	DATA 	Mouse:  Left button up, pos=(675,154)
35.0349 	EXP 	slider_2: markerPos = 3.4479166666666665
35.0349 	EXP 	slider_2: rating = 3.4479166666666665
35.0380 	EXP 	New trial (rep=0, index=7): OrderedDict([('Imagenes', 'imagenes\\Yogurt-alpina.jpg'), ('Random', 0.21540995091807813), ('Correcto', None)])
35.0532 	EXP 	image_2: autoDraw = False
35.0532 	EXP 	slider_2: autoDraw = False
35.0532 	EXP 	image_2: image = 'imagenes\\Yogurt-alpina.jpg'
35.0532 	EXP 	slider_2: markerPos = None
35.0532 	EXP 	slider_2: markerPos = None
35.0532 	EXP 	slider_2: rating = None
35.0532 	EXP 	image_2: autoDraw = True
35.0532 	EXP 	slider_2: autoDraw = True
35.3202 	DATA 	Mouse: Left button down, pos=(675,154)
35.3351 	EXP 	slider_2: markerPos = 3.4479166666666665
35.3523 	EXP 	slider_2: markerPos = 3.4479166666666665
35.3686 	EXP 	slider_2: markerPos = 3.4479166666666665
35.3851 	EXP 	slider_2: markerPos = 3.4479166666666665
35.4020 	EXP 	slider_2: markerPos = 3.4479166666666665
35.4187 	EXP 	slider_2: markerPos = 3.4479166666666665
35.4353 	EXP 	slider_2: markerPos = 3.4479166666666665
35.4520 	EXP 	slider_2: markerPos = 3.4479166666666665
35.4537 	DATA 	Mouse:  Left button up, pos=(675,154)
35.4686 	EXP 	slider_2: markerPos = 3.4479166666666665
35.4686 	EXP 	slider_2: rating = 3.4479166666666665
35.4719 	EXP 	New trial (rep=0, index=8): OrderedDict([('Imagenes', 'imagenes\\Leche-de-almendras.jpg'), ('Random', 0.36073876480313727), ('Correcto', None)])
35.5156 	EXP 	image_2: autoDraw = False
35.5156 	EXP 	slider_2: autoDraw = False
35.5156 	EXP 	image_2: image = 'imagenes\\Leche-de-almendras.jpg'
35.5156 	EXP 	slider_2: markerPos = None
35.5156 	EXP 	slider_2: markerPos = None
35.5156 	EXP 	slider_2: rating = None
35.5156 	EXP 	image_2: autoDraw = True
35.5156 	EXP 	slider_2: autoDraw = True
35.8209 	DATA 	Mouse: Left button down, pos=(675,154)
35.8350 	EXP 	slider_2: markerPos = 3.4479166666666665
35.8518 	EXP 	slider_2: markerPos = 3.4479166666666665
35.8684 	EXP 	slider_2: markerPos = 3.4479166666666665
35.8850 	EXP 	slider_2: markerPos = 3.4479166666666665
35.9022 	EXP 	slider_2: markerPos = 3.4479166666666665
35.9185 	EXP 	slider_2: markerPos = 3.4479166666666665
35.9209 	DATA 	Mouse:  Left button up, pos=(675,154)
35.9354 	EXP 	slider_2: markerPos = 3.4479166666666665
35.9354 	EXP 	slider_2: rating = 3.4479166666666665
35.9384 	EXP 	New trial (rep=0, index=9): OrderedDict([('Imagenes', 'imagenes\\Popetas.jpg'), ('Random', 0.07650200324054446), ('Correcto', None)])
35.9706 	EXP 	image_2: autoDraw = False
35.9706 	EXP 	slider_2: autoDraw = False
35.9706 	EXP 	image_2: image = 'imagenes\\Popetas.jpg'
35.9706 	EXP 	slider_2: markerPos = None
35.9706 	EXP 	slider_2: markerPos = None
35.9706 	EXP 	slider_2: rating = None
35.9706 	EXP 	image_2: autoDraw = True
35.9706 	EXP 	slider_2: autoDraw = True
36.2034 	DATA 	Mouse: Left button down, pos=(675,154)
36.2183 	EXP 	slider_2: markerPos = 3.4479166666666665
36.2349 	EXP 	slider_2: markerPos = 3.4479166666666665
36.2521 	EXP 	slider_2: markerPos = 3.4479166666666665
36.2686 	EXP 	slider_2: markerPos = 3.4479166666666665
36.2851 	EXP 	slider_2: markerPos = 3.4479166666666665
36.3018 	EXP 	slider_2: markerPos = 3.4479166666666665
36.3035 	DATA 	Mouse:  Left button up, pos=(675,154)
36.3184 	EXP 	slider_2: markerPos = 3.4479166666666665
36.3184 	EXP 	slider_2: rating = 3.4479166666666665
36.3206 	EXP 	New trial (rep=0, index=10): OrderedDict([('Imagenes', 'imagenes\\Galletas Tosh.jpg'), ('Random', 0.478088790487872), ('Correcto', None)])
36.3514 	EXP 	image_2: autoDraw = False
36.3514 	EXP 	slider_2: autoDraw = False
36.3514 	EXP 	image_2: image = 'imagenes\\Galletas Tosh.jpg'
36.3514 	EXP 	slider_2: markerPos = None
36.3514 	EXP 	slider_2: markerPos = None
36.3514 	EXP 	slider_2: rating = None
36.3514 	EXP 	image_2: autoDraw = True
36.3514 	EXP 	slider_2: autoDraw = True
36.5699 	DATA 	Mouse: Left button down, pos=(675,154)
36.5848 	EXP 	slider_2: markerPos = 3.4479166666666665
36.6015 	EXP 	slider_2: markerPos = 3.4479166666666665
36.6186 	EXP 	slider_2: markerPos = 3.4479166666666665
36.6347 	EXP 	slider_2: markerPos = 3.4479166666666665
36.6520 	EXP 	slider_2: markerPos = 3.4479166666666665
36.6683 	EXP 	slider_2: markerPos = 3.4479166666666665
36.6709 	DATA 	Mouse:  Left button up, pos=(675,154)
36.6846 	EXP 	slider_2: markerPos = 3.4479166666666665
36.6846 	EXP 	slider_2: rating = 3.4479166666666665
36.6877 	EXP 	New trial (rep=0, index=11): OrderedDict([('Imagenes', 'imagenes\\Nutella (1).jpg'), ('Random', 0.5277483225747329), ('Correcto', None)])
36.7016 	EXP 	image_2: autoDraw = False
36.7016 	EXP 	slider_2: autoDraw = False
36.7016 	EXP 	image_2: image = 'imagenes\\Nutella (1).jpg'
36.7016 	EXP 	slider_2: markerPos = None
36.7016 	EXP 	slider_2: markerPos = None
36.7016 	EXP 	slider_2: rating = None
36.7016 	EXP 	image_2: autoDraw = True
36.7016 	EXP 	slider_2: autoDraw = True
36.8539 	DATA 	Mouse: Left button down, pos=(675,154)
36.8683 	EXP 	slider_2: markerPos = 3.4479166666666665
36.8849 	EXP 	slider_2: markerPos = 3.4479166666666665
36.9017 	EXP 	slider_2: markerPos = 3.4479166666666665
36.9183 	EXP 	slider_2: markerPos = 3.4479166666666665
36.9340 	EXP 	slider_2: markerPos = 3.4479166666666665
36.9522 	EXP 	slider_2: markerPos = 3.4479166666666665
36.9540 	DATA 	Mouse:  Left button up, pos=(675,154)
36.9683 	EXP 	slider_2: markerPos = 3.4479166666666665
36.9683 	EXP 	slider_2: rating = 3.4479166666666665
36.9705 	EXP 	New trial (rep=0, index=12): OrderedDict([('Imagenes', 'imagenes\\Rosquitas (1).jpg'), ('Random', 0.3035383390851263), ('Correcto', None)])
37.0007 	EXP 	image_2: autoDraw = False
37.0007 	EXP 	slider_2: autoDraw = False
37.0007 	EXP 	image_2: image = 'imagenes\\Rosquitas (1).jpg'
37.0007 	EXP 	slider_2: markerPos = None
37.0007 	EXP 	slider_2: markerPos = None
37.0007 	EXP 	slider_2: rating = None
37.0007 	EXP 	image_2: autoDraw = True
37.0007 	EXP 	slider_2: autoDraw = True
37.1043 	DATA 	Mouse: Left button down, pos=(675,154)
37.1183 	EXP 	slider_2: markerPos = 3.4479166666666665
37.1350 	EXP 	slider_2: markerPos = 3.4479166666666665
37.1518 	EXP 	slider_2: markerPos = 3.4479166666666665
37.1684 	EXP 	slider_2: markerPos = 3.4479166666666665
37.1849 	EXP 	slider_2: markerPos = 3.4479166666666665
37.2020 	EXP 	slider_2: markerPos = 3.4479166666666665
37.2181 	EXP 	slider_2: markerPos = 3.4479166666666665
37.2350 	EXP 	slider_2: markerPos = 3.4479166666666665
37.2517 	EXP 	slider_2: markerPos = 3.4479166666666665
37.2547 	DATA 	Mouse:  Left button up, pos=(675,154)
37.2684 	EXP 	slider_2: markerPos = 3.4479166666666665
37.2684 	EXP 	slider_2: rating = 3.4479166666666665
37.2714 	EXP 	New trial (rep=0, index=13): OrderedDict([('Imagenes', 'imagenes\\bon-bon-bun.jpg'), ('Random', 0.7387922093313524), ('Correcto', None)])
37.3086 	EXP 	image_2: autoDraw = False
37.3086 	EXP 	slider_2: autoDraw = False
37.3086 	EXP 	image_2: image = 'imagenes\\bon-bon-bun.jpg'
37.3086 	EXP 	slider_2: markerPos = None
37.3086 	EXP 	slider_2: markerPos = None
37.3086 	EXP 	slider_2: rating = None
37.3086 	EXP 	image_2: autoDraw = True
37.3086 	EXP 	slider_2: autoDraw = True
37.5873 	DATA 	Mouse: Left button down, pos=(675,154)
37.6014 	EXP 	slider_2: markerPos = 3.4479166666666665
37.6182 	EXP 	slider_2: markerPos = 3.4479166666666665
37.6347 	EXP 	slider_2: markerPos = 3.4479166666666665
37.6514 	EXP 	slider_2: markerPos = 3.4479166666666665
37.6681 	EXP 	slider_2: markerPos = 3.4479166666666665
37.6849 	EXP 	slider_2: markerPos = 3.4479166666666665
37.7017 	EXP 	slider_2: markerPos = 3.4479166666666665
37.7181 	EXP 	slider_2: markerPos = 3.4479166666666665
37.7203 	DATA 	Mouse:  Left button up, pos=(675,154)
37.7349 	EXP 	slider_2: markerPos = 3.4479166666666665
37.7349 	EXP 	slider_2: rating = 3.4479166666666665
37.7378 	EXP 	New trial (rep=0, index=14): OrderedDict([('Imagenes', 'imagenes\\Alpinito.jpg'), ('Random', 0.4515332417045813), ('Correcto', None)])
37.7720 	EXP 	image_2: autoDraw = False
37.7720 	EXP 	slider_2: autoDraw = False
37.7720 	EXP 	image_2: image = 'imagenes\\Alpinito.jpg'
37.7720 	EXP 	slider_2: markerPos = None
37.7720 	EXP 	slider_2: markerPos = None
37.7720 	EXP 	slider_2: rating = None
37.7720 	EXP 	image_2: autoDraw = True
37.7720 	EXP 	slider_2: autoDraw = True
38.0039 	DATA 	Mouse: Left button down, pos=(675,154)
38.0185 	EXP 	slider_2: markerPos = 3.4479166666666665
38.0351 	EXP 	slider_2: markerPos = 3.4479166666666665
38.0517 	EXP 	slider_2: markerPos = 3.4479166666666665
38.0685 	EXP 	slider_2: markerPos = 3.4479166666666665
38.0849 	EXP 	slider_2: markerPos = 3.4479166666666665
38.1019 	EXP 	slider_2: markerPos = 3.4479166666666665
38.1044 	DATA 	Mouse:  Left button up, pos=(675,154)
38.1182 	EXP 	slider_2: markerPos = 3.4479166666666665
38.1182 	EXP 	slider_2: rating = 3.4479166666666665
38.1204 	EXP 	New trial (rep=0, index=15): OrderedDict([('Imagenes', 'imagenes\\Chocoramo.jfif.jpg'), ('Random', 0.7789437122019539), ('Correcto', None)])
38.1428 	EXP 	image_2: autoDraw = False
38.1428 	EXP 	slider_2: autoDraw = False
38.1428 	EXP 	image_2: image = 'imagenes\\Chocoramo.jfif.jpg'
38.1428 	EXP 	slider_2: markerPos = None
38.1428 	EXP 	slider_2: markerPos = None
38.1428 	EXP 	slider_2: rating = None
38.1428 	EXP 	image_2: autoDraw = True
38.1428 	EXP 	slider_2: autoDraw = True
38.5206 	DATA 	Mouse: Left button down, pos=(675,154)
38.5349 	EXP 	slider_2: markerPos = 3.4479166666666665
38.5516 	EXP 	slider_2: markerPos = 3.4479166666666665
38.5683 	EXP 	slider_2: markerPos = 3.4479166666666665
38.5851 	EXP 	slider_2: markerPos = 3.4479166666666665
38.6019 	EXP 	slider_2: markerPos = 3.4479166666666665
38.6185 	EXP 	slider_2: markerPos = 3.4479166666666665
38.6203 	DATA 	Mouse:  Left button up, pos=(675,154)
38.6350 	EXP 	slider_2: markerPos = 3.4479166666666665
38.6350 	EXP 	slider_2: rating = 3.4479166666666665
38.6378 	EXP 	New trial (rep=0, index=16): OrderedDict([('Imagenes', 'imagenes\\Uvas.jpg'), ('Random', 0.7734382152670648), ('Correcto', None)])
38.6531 	EXP 	image_2: autoDraw = False
38.6531 	EXP 	slider_2: autoDraw = False
38.6531 	EXP 	image_2: image = 'imagenes\\Uvas.jpg'
38.6531 	EXP 	slider_2: markerPos = None
38.6531 	EXP 	slider_2: markerPos = None
38.6531 	EXP 	slider_2: rating = None
38.6531 	EXP 	image_2: autoDraw = True
38.6531 	EXP 	slider_2: autoDraw = True
39.1542 	DATA 	Mouse: Left button down, pos=(675,154)
39.1682 	EXP 	slider_2: markerPos = 3.4479166666666665
39.1848 	EXP 	slider_2: markerPos = 3.4479166666666665
39.2018 	EXP 	slider_2: markerPos = 3.4479166666666665
39.2184 	EXP 	slider_2: markerPos = 3.4479166666666665
39.2347 	EXP 	slider_2: markerPos = 3.4479166666666665
39.2518 	EXP 	slider_2: markerPos = 3.4479166666666665
39.2685 	EXP 	slider_2: markerPos = 3.4479166666666665
39.2707 	DATA 	Mouse:  Left button up, pos=(675,154)
39.2846 	EXP 	slider_2: markerPos = 3.4479166666666665
39.2846 	EXP 	slider_2: rating = 3.4479166666666665
39.2875 	EXP 	New trial (rep=0, index=17): OrderedDict([('Imagenes', 'imagenes\\Brownie.jpg'), ('Random', 0.17000143351927688), ('Correcto', None)])
39.3171 	EXP 	image_2: autoDraw = False
39.3171 	EXP 	slider_2: autoDraw = False
39.3171 	EXP 	image_2: image = 'imagenes\\Brownie.jpg'
39.3171 	EXP 	slider_2: markerPos = None
39.3171 	EXP 	slider_2: markerPos = None
39.3171 	EXP 	slider_2: rating = None
39.3171 	EXP 	image_2: autoDraw = True
39.3171 	EXP 	slider_2: autoDraw = True
39.6532 	DATA 	Mouse: Left button down, pos=(675,154)
39.6682 	EXP 	slider_2: markerPos = 3.4479166666666665
39.6848 	EXP 	slider_2: markerPos = 3.4479166666666665
39.7018 	EXP 	slider_2: markerPos = 3.4479166666666665
39.7181 	EXP 	slider_2: markerPos = 3.4479166666666665
39.7348 	EXP 	slider_2: markerPos = 3.4479166666666665
39.7520 	EXP 	slider_2: markerPos = 3.4479166666666665
39.7686 	EXP 	slider_2: markerPos = 3.4479166666666665
39.7719 	DATA 	Mouse:  Left button up, pos=(675,154)
39.7850 	EXP 	slider_2: markerPos = 3.4479166666666665
39.8018 	EXP 	slider_2: markerPos = 3.4479166666666665
39.8018 	EXP 	slider_2: rating = 3.4479166666666665
39.8041 	EXP 	New trial (rep=0, index=18): OrderedDict([('Imagenes', 'imagenes\\Papas-naturales.jpg'), ('Random', 0.15856838916280946), ('Correcto', None)])
39.8185 	EXP 	image_2: autoDraw = False
39.8185 	EXP 	slider_2: autoDraw = False
39.8185 	EXP 	image_2: image = 'imagenes\\Papas-naturales.jpg'
39.8185 	EXP 	slider_2: markerPos = None
39.8185 	EXP 	slider_2: markerPos = None
39.8185 	EXP 	slider_2: rating = None
39.8185 	EXP 	image_2: autoDraw = True
39.8185 	EXP 	slider_2: autoDraw = True
40.1538 	DATA 	Mouse: Left button down, pos=(675,154)
40.1682 	EXP 	slider_2: markerPos = 3.4479166666666665
40.1852 	EXP 	slider_2: markerPos = 3.4479166666666665
40.2015 	EXP 	slider_2: markerPos = 3.4479166666666665
40.2183 	EXP 	slider_2: markerPos = 3.4479166666666665
40.2346 	EXP 	slider_2: markerPos = 3.4479166666666665
40.2519 	EXP 	slider_2: markerPos = 3.4479166666666665
40.2681 	EXP 	slider_2: markerPos = 3.4479166666666665
40.2701 	DATA 	Mouse:  Left button up, pos=(675,154)
40.2846 	EXP 	slider_2: markerPos = 3.4479166666666665
40.2846 	EXP 	slider_2: rating = 3.4479166666666665
40.2877 	EXP 	New trial (rep=0, index=19): OrderedDict([('Imagenes', 'imagenes\\Galletas-festival.jpg'), ('Random', 0.36121121246191135), ('Correcto', None)])
40.3075 	EXP 	image_2: autoDraw = False
40.3075 	EXP 	slider_2: autoDraw = False
40.3075 	EXP 	image_2: image = 'imagenes\\Galletas-festival.jpg'
40.3075 	EXP 	slider_2: markerPos = None
40.3075 	EXP 	slider_2: markerPos = None
40.3075 	EXP 	slider_2: rating = None
40.3075 	EXP 	image_2: autoDraw = True
40.3075 	EXP 	slider_2: autoDraw = True
40.6701 	DATA 	Mouse: Left button down, pos=(675,154)
40.6846 	EXP 	slider_2: markerPos = 3.4479166666666665
40.7013 	EXP 	slider_2: markerPos = 3.4479166666666665
40.7180 	EXP 	slider_2: markerPos = 3.4479166666666665
40.7348 	EXP 	slider_2: markerPos = 3.4479166666666665
40.7513 	EXP 	slider_2: markerPos = 3.4479166666666665
40.7682 	EXP 	slider_2: markerPos = 3.4479166666666665
40.7847 	EXP 	slider_2: markerPos = 3.4479166666666665
40.8015 	EXP 	slider_2: markerPos = 3.4479166666666665
40.8181 	EXP 	slider_2: markerPos = 3.4479166666666665
40.8203 	DATA 	Mouse:  Left button up, pos=(675,154)
40.8347 	EXP 	slider_2: markerPos = 3.4479166666666665
40.8347 	EXP 	slider_2: rating = 3.4479166666666665
41.0745 	EXP 	window1: mouseVisible = True
