4.1528 	WARNING 	We strongly recommend you activate the PTB sound engine in PsychoPy prefs as the preferred audio engine. Its timing is vastly superior. Your prefs are currently set to use ['sounddevice', 'PTB', 'pyo', 'pygame'] (in that order).
21.6335 	WARNING 	User requested fullscreen with size [1024  768], but screen is actually [1366, 768]. Using actual size
23.6406 	EXP 	Created window1 = Window(allowGUI=False, allowStencil=False, args=UNKNOWN, autoLog=True, bitsMode=UNKNOWN, blendMode='avg', bpc=(8, 8, 8), color=array([0., 0., 0.]), colorSpace='rgb', depthBits=8, fullscr=<method-wrapper '__getattribute__' of attributeSetter object at 0x000001AEB7A4F278>, gamma=None, gammaErrorPolicy='raise', kwargs=UNKNOWN, lms=UNKNOWN, monitor=<psychopy.monitors.calibTools.Monitor object at 0x000001AEB7757A58>, multiSample=False, name='window1', numSamples=2, pos=[0.0, 0.0], screen=0, size=array([1366,  768]), stencilBits=0, stereo=False, units='height', useFBO=True, useRetina=False, viewOri=0.0, viewPos=None, viewScale=None, waitBlanking=True, winType='pyglet')
23.6418 	EXP 	window1: mouseVisible = True
23.6419 	EXP 	window1: recordFrameIntervals = False
23.8016 	EXP 	window1: recordFrameIntervals = True
23.9848 	EXP 	window1: recordFrameIntervals = False
24.2256 	ERROR 	Unknown colorSpace: named
24.3968 	EXP 	Sound Sonido set volume 1.000
24.4250 	EXP 	Created image_2 = ImageStim(__class__=<class 'psychopy.visual.image.ImageStim'>, autoLog=True, color=array([1., 1., 1.]), colorSpace='rgb', contrast=1.0, depth=-1.0, flipHoriz=False, flipVert=False, image='sin', interpolate=True, mask=None, maskParams=None, name='image_2', opacity=1.0, ori=0.0, pos=array([0. , 0.2]), size=array([0.5, 0.5]), texRes=128, units='height', win=Window(...))
24.4813 	EXP 	window1: mouseVisible = True
24.7906 	EXP 	Created slider_2 = Slider(__class__=<class 'psychopy.visual.slider.Slider'>, autoDraw=False, autoLog=True, color='LightGray', depth=-2, flip=False, font='HelveticaBold', granularity=0, labelHeight=0.05, labelWrapWidth=None, labels=('0', '1000', '2000', '3000', '4000', '5000'), name='slider_2', pos=(0, -0.3), readOnly=False, self=UNKNOWN, size=(1.0, 0.05), style=method-wrapper(...), ticks=array([1, 2, 3, 4, 5, 6]), units='height', win=Window(...))
24.8665 	EXP 	Created text_2 = TextStim(__class__=<class 'psychopy.visual.text.TextStim'>, alignHoriz=method-wrapper(...), alignText='center', alignVert=method-wrapper(...), anchorHoriz='center', anchorVert='center', antialias=True, autoLog=True, bold=False, color='white', colorSpace='named', contrast=1.0, depth=0.0, flipHoriz=False, flipVert=False, font='Arial', fontFiles=[], height=0.05, italic=False, languageStyle='LTR', name='text_2', opacity=1.0, ori=0, pos=array([0., 0.]), rgb=array([255., 255., 255.]), text=str(...), units='height', win=Window(...), wrapWidth=1)
24.9076 	EXP 	Created text_3 = TextStim(__class__=<class 'psychopy.visual.text.TextStim'>, alignHoriz=method-wrapper(...), alignText='center', alignVert=method-wrapper(...), anchorHoriz='center', anchorVert='center', antialias=True, autoLog=True, bold=False, color='white', colorSpace='named', contrast=1.0, depth=0.0, flipHoriz=False, flipVert=False, font='Arial', fontFiles=[], height=0.05, italic=False, languageStyle='LTR', name='text_3', opacity=1.0, ori=0, pos=array([0., 0.]), rgb=array([255., 255., 255.]), text=str(...), units='height', win=Window(...), wrapWidth=1)
24.9410 	EXP 	Created text = TextStim(__class__=<class 'psychopy.visual.text.TextStim'>, alignHoriz=method-wrapper(...), alignText='center', alignVert=method-wrapper(...), anchorHoriz='center', anchorVert='center', antialias=True, autoLog=True, bold=False, color='white', colorSpace='named', contrast=1.0, depth=-1.0, flipHoriz=False, flipVert=False, font='Arial', fontFiles=[], height=0.1, italic=False, languageStyle='LTR', name='text', opacity=1.0, ori=0, pos=array([0.  , 0.15]), rgb=array([255., 255., 255.]), text='default text', units='height', win=Window(...), wrapWidth=1)
24.9452 	EXP 	Created text_4 = TextStim(__class__=<class 'psychopy.visual.text.TextStim'>, alignHoriz=method-wrapper(...), alignText='center', alignVert=method-wrapper(...), anchorHoriz='center', anchorVert='center', antialias=True, autoLog=True, bold=False, color='white', colorSpace='named', contrast=1.0, depth=-1.0, flipHoriz=False, flipVert=False, font='Arial', fontFiles=[], height=0.1, italic=False, languageStyle='LTR', name='text_4', opacity=1.0, ori=0, pos=array([0., 0.]), rgb=array([255., 255., 255.]), text='default text', units='height', win=Window(...), wrapWidth=1)
24.9486 	EXP 	Created image = ImageStim(__class__=<class 'psychopy.visual.image.ImageStim'>, autoLog=True, color=array([1., 1., 1.]), colorSpace='rgb', contrast=1.0, depth=0.0, flipHoriz=False, flipVert=False, image='sin', interpolate=True, mask=None, maskParams=None, name='image', opacity=1.0, ori=0.0, pos=array([0. , 0.2]), size=array([0.5, 0.5]), texRes=128, units='height', win=Window(...))
24.9530 	EXP 	Created texto_final = TextStim(__class__=<class 'psychopy.visual.text.TextStim'>, alignHoriz=method-wrapper(...), alignText='center', alignVert=method-wrapper(...), anchorHoriz='center', anchorVert='center', antialias=True, autoLog=True, bold=False, color='white', colorSpace='named', contrast=1.0, depth=-1.0, flipHoriz=False, flipVert=False, font='Arial', fontFiles=[], height=0.1, italic=False, languageStyle='LTR', name='texto_final', opacity=1.0, ori=0, pos=array([0., 0.]), rgb=array([255., 255., 255.]), text='default text', units='height', win=Window(...), wrapWidth=1)
25.0297 	EXP 	intro: autoLog = True
25.0297 	EXP 	slider_2: autoLog = True
25.0297 	EXP 	slider_2: markerPos = None
25.0297 	EXP 	slider_2: rating = None
25.0297 	EXP 	slider_2: markerPos = None
25.0297 	EXP 	slider_2: contrast = 1.0
25.0297 	EXP 	slider_2: autoLog = True
25.0297 	EXP 	slider_2: style = ['rating']
25.0297 	EXP 	intro: autoDraw = True
27.0224 	EXP 	Imported ruidos.xlsx as conditions, 4 conditions, 2 params
27.0248 	EXP 	Created sequence: random, trialTypes=4, nReps=1, seed=None
27.0257 	EXP 	New trial (rep=0, index=0): OrderedDict([('Hertz', 400), ('volumen', 0.02)])
27.0545 	EXP 	Imported imagenes.xlsx as conditions, 36 conditions, 3 params
27.0549 	EXP 	Created sequence: random, trialTypes=36, nReps=1, seed=None
27.0552 	EXP 	New trial (rep=0, index=0): OrderedDict([('Imagenes', 'imagenes/Galletas Tosh.jpg'), ('Random', 0.9129693753280027), ('Correcto', None)])
27.0920 	DATA 	Keypress: space
27.0939 	EXP 	intro: autoDraw = False
27.0939 	EXP 	image_2: image = 'imagenes/Galletas Tosh.jpg'
27.0939 	EXP 	slider_2: markerPos = None
27.0939 	EXP 	slider_2: markerPos = None
27.0939 	EXP 	slider_2: rating = None
28.1073 	EXP 	image_2: autoDraw = True
28.1073 	EXP 	slider_2: autoDraw = True
29.5044 	DATA 	Keypress: lctrl
29.8734 	EXP 	New trial (rep=0, index=1): OrderedDict([('Imagenes', 'imagenes/Papas-pollo.jpg'), ('Random', 0.08373485417902837), ('Correcto', None)])
29.8986 	EXP 	image_2: autoDraw = False
29.8986 	EXP 	slider_2: autoDraw = False
29.8986 	EXP 	image_2: image = 'imagenes/Papas-pollo.jpg'
29.8986 	EXP 	slider_2: markerPos = None
29.8986 	EXP 	slider_2: markerPos = None
29.8986 	EXP 	slider_2: rating = None
30.8901 	EXP 	image_2: autoDraw = True
30.8901 	EXP 	slider_2: autoDraw = True
30.9650 	DATA 	Mouse: Left button down, pos=(939,357)
31.0689 	DATA 	Mouse:  Left button up, pos=(939,357)
31.6542 	DATA 	Keypress: escape
32.0103 	EXP 	window1: mouseVisible = True
