0.7584 	WARNING 	We strongly recommend you activate the PTB sound engine in PsychoPy prefs as the preferred audio engine. Its timing is vastly superior. Your prefs are currently set to use ['sounddevice', 'PTB', 'pyo', 'pygame'] (in that order).
11.7345 	WARNING 	User requested fullscreen with size [1024  768], but screen is actually [1366, 768]. Using actual size
13.0737 	EXP 	Created window1 = Window(allowGUI=False, allowStencil=False, args=UNKNOWN, autoLog=True, bitsMode=UNKNOWN, blendMode='avg', bpc=(8, 8, 8), color=array([0., 0., 0.]), colorSpace='rgb', depthBits=8, fullscr=<method-wrapper '__getattribute__' of attributeSetter object at 0x000002A71ECE3160>, gamma=None, gammaErrorPolicy='raise', kwargs=UNKNOWN, lms=UNKNOWN, monitor=<psychopy.monitors.calibTools.Monitor object at 0x000002A71EE6E1D0>, multiSample=False, name='window1', numSamples=2, pos=[0.0, 0.0], screen=0, size=array([1366,  768]), stencilBits=0, stereo=False, units='height', useFBO=True, useRetina=False, viewOri=0.0, viewPos=None, viewScale=None, waitBlanking=True, winType='pyglet')
13.0744 	EXP 	window1: mouseVisible = True
13.0745 	EXP 	window1: recordFrameIntervals = False
13.2384 	EXP 	window1: recordFrameIntervals = True
13.4226 	EXP 	window1: recordFrameIntervals = False
13.6437 	EXP 	Sound sound_3 set volume 1.000
13.6438 	EXP 	Sound Sonido set volume 1.000
13.6494 	EXP 	Created image_2 = ImageStim(__class__=<class 'psychopy.visual.image.ImageStim'>, autoLog=True, color=array([1., 1., 1.]), colorSpace='rgb', contrast=1.0, depth=-1.0, flipHoriz=False, flipVert=False, image='sin', interpolate=True, mask=None, maskParams=None, name='image_2', opacity=1.0, ori=0.0, pos=array([0. , 0.2]), size=array([0.5, 0.5]), texRes=128, units='height', win=Window(...))
13.6574 	EXP 	window1: mouseVisible = True
13.7036 	EXP 	Created slider_2 = Slider(__class__=<class 'psychopy.visual.slider.Slider'>, autoDraw=False, autoLog=True, color='LightGray', depth=0, flip=False, font='HelveticaBold', granularity=0, labelHeight=0.05, labelWrapWidth=None, labels=('0', '1000', '2000', '3000', '4000', '5000'), name='slider_2', pos=(0, -0.3), readOnly=False, self=UNKNOWN, size=(1.0, 0.05), style=method-wrapper(...), ticks=array([1, 2, 3, 4, 5, 6]), units='height', win=Window(...))
13.7378 	EXP 	Created text_2 = TextStim(__class__=<class 'psychopy.visual.text.TextStim'>, alignHoriz=method-wrapper(...), alignText='center', alignVert=method-wrapper(...), anchorHoriz='center', anchorVert='center', antialias=True, autoLog=True, bold=False, color='white', colorSpace='named', contrast=1.0, depth=0.0, flipHoriz=False, flipVert=False, font='Arial', fontFiles=[], height=0.05, italic=False, languageStyle='LTR', name='text_2', opacity=1.0, ori=0, pos=array([0., 0.]), rgb=array([255., 255., 255.]), text=str(...), units='height', win=Window(...), wrapWidth=1)
13.7567 	EXP 	Created text_3 = TextStim(__class__=<class 'psychopy.visual.text.TextStim'>, alignHoriz=method-wrapper(...), alignText='center', alignVert=method-wrapper(...), anchorHoriz='center', anchorVert='center', antialias=True, autoLog=True, bold=False, color='white', colorSpace='named', contrast=1.0, depth=0.0, flipHoriz=False, flipVert=False, font='Arial', fontFiles=[], height=0.05, italic=False, languageStyle='LTR', name='text_3', opacity=1.0, ori=0, pos=array([0., 0.]), rgb=array([255., 255., 255.]), text=str(...), units='height', win=Window(...), wrapWidth=1)
13.7720 	EXP 	Created text = TextStim(__class__=<class 'psychopy.visual.text.TextStim'>, alignHoriz=method-wrapper(...), alignText='center', alignVert=method-wrapper(...), anchorHoriz='center', anchorVert='center', antialias=True, autoLog=True, bold=False, color='white', colorSpace='named', contrast=1.0, depth=-1.0, flipHoriz=False, flipVert=False, font='Arial', fontFiles=[], height=0.1, italic=False, languageStyle='LTR', name='text', opacity=1.0, ori=0, pos=array([0.  , 0.15]), rgb=array([255., 255., 255.]), text='default text', units='height', win=Window(...), wrapWidth=1)
13.7739 	EXP 	Created text_4 = TextStim(__class__=<class 'psychopy.visual.text.TextStim'>, alignHoriz=method-wrapper(...), alignText='center', alignVert=method-wrapper(...), anchorHoriz='center', anchorVert='center', antialias=True, autoLog=True, bold=False, color='white', colorSpace='named', contrast=1.0, depth=-1.0, flipHoriz=False, flipVert=False, font='Arial', fontFiles=[], height=0.1, italic=False, languageStyle='LTR', name='text_4', opacity=1.0, ori=0, pos=array([0., 0.]), rgb=array([255., 255., 255.]), text='default text', units='height', win=Window(...), wrapWidth=1)
13.7755 	EXP 	Created image = ImageStim(__class__=<class 'psychopy.visual.image.ImageStim'>, autoLog=True, color=array([1., 1., 1.]), colorSpace='rgb', contrast=1.0, depth=0.0, flipHoriz=False, flipVert=False, image='sin', interpolate=True, mask=None, maskParams=None, name='image', opacity=1.0, ori=0.0, pos=array([0., 0.]), size=array([0.5, 0.5]), texRes=128, units='height', win=Window(...))
13.7776 	EXP 	Created texto_final = TextStim(__class__=<class 'psychopy.visual.text.TextStim'>, alignHoriz=method-wrapper(...), alignText='center', alignVert=method-wrapper(...), anchorHoriz='center', anchorVert='center', antialias=True, autoLog=True, bold=False, color='white', colorSpace='named', contrast=1.0, depth=-1.0, flipHoriz=False, flipVert=False, font='Arial', fontFiles=[], height=0.1, italic=False, languageStyle='LTR', name='texto_final', opacity=1.0, ori=0, pos=array([0., 0.]), rgb=array([255., 255., 255.]), text='default text', units='height', win=Window(...), wrapWidth=1)
13.8269 	EXP 	slider_2: autoLog = True
13.8269 	EXP 	slider_2: markerPos = None
13.8269 	EXP 	slider_2: rating = None
13.8269 	EXP 	slider_2: markerPos = None
13.8269 	EXP 	slider_2: contrast = 1.0
13.8269 	EXP 	slider_2: autoLog = True
13.8269 	EXP 	slider_2: style = ['rating']
16.4906 	DATA 	Keypress: lctrl
23.8364 	EXP 	Imported ruidos.xlsx as conditions, 4 conditions, 2 params
23.8366 	EXP 	Created sequence: random, trialTypes=4, nReps=1, seed=None
23.8369 	EXP 	New trial (rep=0, index=0): OrderedDict([('Hertz', 400), ('volumen', 0.02)])
23.8438 	EXP 	Imported imagenes.xlsx as conditions, 36 conditions, 3 params
23.8440 	EXP 	Created sequence: random, trialTypes=36, nReps=1, seed=None
23.8442 	EXP 	New trial (rep=0, index=0): OrderedDict([('Imagenes', 'imagenes/Rollos de canela.png'), ('Random', 0.2610974409574519), ('Correcto', None)])
23.8642 	EXP 	image_2: image = 'imagenes/Rollos de canela.png'
23.8642 	EXP 	slider_2: markerPos = None
23.8642 	EXP 	slider_2: markerPos = None
23.8642 	EXP 	slider_2: rating = None
24.9118 	EXP 	image_2: autoDraw = True
24.9118 	EXP 	slider_2: autoDraw = True
25.1157 	DATA 	Mouse: Left button down, pos=(730,332)
25.1997 	DATA 	Mouse:  Left button up, pos=(730,332)
25.7404 	DATA 	Mouse: Left button down, pos=(724,165)
25.7542 	EXP 	slider_2: markerPos = 3.766927083333333
25.7713 	EXP 	slider_2: markerPos = 3.766927083333333
25.7877 	EXP 	slider_2: markerPos = 3.760416666666667
25.8044 	EXP 	slider_2: markerPos = 3.760416666666667
25.8211 	EXP 	slider_2: markerPos = 3.760416666666667
25.8377 	EXP 	slider_2: markerPos = 3.760416666666667
25.8395 	DATA 	Mouse:  Left button up, pos=(723,164)
25.8543 	EXP 	slider_2: markerPos = 3.760416666666667
25.8543 	EXP 	slider_2: rating = 3.760416666666667
25.8591 	EXP 	New trial (rep=0, index=1): OrderedDict([('Imagenes', 'imagenes/Nutella (1).jpg'), ('Random', 0.8826531883338111), ('Correcto', None)])
25.8817 	EXP 	image_2: autoDraw = False
25.8817 	EXP 	slider_2: autoDraw = False
25.8817 	EXP 	image_2: image = 'imagenes/Nutella (1).jpg'
25.8817 	EXP 	slider_2: markerPos = None
25.8817 	EXP 	slider_2: markerPos = None
25.8817 	EXP 	slider_2: rating = None
26.8714 	EXP 	image_2: autoDraw = True
26.8714 	EXP 	slider_2: autoDraw = True
27.1412 	DATA 	Mouse: Left button down, pos=(516,164)
27.1545 	EXP 	slider_2: markerPos = 2.412760416666667
27.1708 	EXP 	slider_2: markerPos = 2.412760416666667
27.1875 	EXP 	slider_2: markerPos = 2.412760416666667
27.2043 	EXP 	slider_2: markerPos = 2.412760416666667
27.2207 	EXP 	slider_2: markerPos = 2.412760416666667
27.2230 	DATA 	Mouse:  Left button up, pos=(516,164)
27.2377 	EXP 	slider_2: markerPos = 2.412760416666667
27.2377 	EXP 	slider_2: rating = 2.412760416666667
27.2402 	EXP 	New trial (rep=0, index=2): OrderedDict([('Imagenes', 'imagenes/Coliflor.jpg'), ('Random', 0.3640740491088985), ('Correcto', None)])
27.2590 	EXP 	image_2: autoDraw = False
27.2590 	EXP 	slider_2: autoDraw = False
27.2590 	EXP 	image_2: image = 'imagenes/Coliflor.jpg'
27.2590 	EXP 	slider_2: markerPos = None
27.2590 	EXP 	slider_2: markerPos = None
27.2590 	EXP 	slider_2: rating = None
28.1069 	DATA 	Keypress: lctrl
28.2542 	EXP 	image_2: autoDraw = True
28.2542 	EXP 	slider_2: autoDraw = True
30.2463 	EXP 	New trial (rep=0, index=3): OrderedDict([('Imagenes', 'imagenes/Galletas-festival.jpg'), ('Random', 0.11306074364032936), ('Correcto', None)])
30.2761 	EXP 	image_2: autoDraw = False
30.2761 	EXP 	slider_2: autoDraw = False
30.2761 	EXP 	image_2: autoDraw = False
30.2761 	EXP 	slider_2: autoDraw = False
30.2761 	EXP 	image_2: image = 'imagenes/Galletas-festival.jpg'
30.2761 	EXP 	slider_2: markerPos = None
30.2761 	EXP 	slider_2: markerPos = None
30.2761 	EXP 	slider_2: rating = None
31.2709 	EXP 	image_2: autoDraw = True
31.2709 	EXP 	slider_2: autoDraw = True
31.9083 	EXP 	window1: mouseVisible = True
