1.5824 	WARNING 	We strongly recommend you activate the PTB sound engine in PsychoPy prefs as the preferred audio engine. Its timing is vastly superior. Your prefs are currently set to use ['sounddevice', 'PTB', 'pyo', 'pygame'] (in that order).
9.1383 	WARNING 	User requested fullscreen with size [1024  768], but screen is actually [1366, 768]. Using actual size
10.6876 	EXP 	Created window1 = Window(allowGUI=False, allowStencil=False, args=UNKNOWN, autoLog=True, bitsMode=UNKNOWN, blendMode='avg', bpc=(8, 8, 8), color=array([0., 0., 0.]), colorSpace='rgb', depthBits=8, fullscr=<method-wrapper '__getattribute__' of attributeSetter object at 0x0000026A30CFEFD0>, gamma=None, gammaErrorPolicy='raise', kwargs=UNKNOWN, lms=UNKNOWN, monitor=<psychopy.monitors.calibTools.Monitor object at 0x0000026A30C967F0>, multiSample=False, name='window1', numSamples=2, pos=[0.0, 0.0], screen=0, size=array([1366,  768]), stencilBits=0, stereo=False, units='height', useFBO=True, useRetina=False, viewOri=0.0, viewPos=None, viewScale=None, waitBlanking=True, winType='pyglet')
10.6884 	EXP 	window1: mouseVisible = True
10.6886 	EXP 	window1: recordFrameIntervals = False
10.8523 	EXP 	window1: recordFrameIntervals = True
11.0361 	EXP 	window1: recordFrameIntervals = False
11.3972 	EXP 	Sound sound_3 set volume 1.000
11.3973 	EXP 	Sound Sonido set volume 1.000
11.4045 	EXP 	Created image_2 = ImageStim(__class__=<class 'psychopy.visual.image.ImageStim'>, autoLog=True, color=array([1., 1., 1.]), colorSpace='rgb', contrast=1.0, depth=-1.0, flipHoriz=False, flipVert=False, image='sin', interpolate=True, mask=None, maskParams=None, name='image_2', opacity=1.0, ori=0.0, pos=array([0. , 0.2]), size=array([0.5, 0.5]), texRes=128, units='height', win=Window(...))
11.4075 	EXP 	window1: mouseVisible = True
11.5294 	EXP 	Created slider_2 = Slider(__class__=<class 'psychopy.visual.slider.Slider'>, autoDraw=False, autoLog=True, color='LightGray', depth=-2, flip=False, font='HelveticaBold', granularity=0, labelHeight=0.05, labelWrapWidth=None, labels=('0', '1000', '2000', '3000', '4000', '5000'), name='slider_2', pos=(0, -0.3), readOnly=False, self=UNKNOWN, size=(1.0, 0.05), style=method-wrapper(...), ticks=array([1, 2, 3, 4, 5, 6]), units='height', win=Window(...))
11.6138 	EXP 	Created text_2 = TextStim(__class__=<class 'psychopy.visual.text.TextStim'>, alignHoriz=method-wrapper(...), alignText='center', alignVert=method-wrapper(...), anchorHoriz='center', anchorVert='center', antialias=True, autoLog=True, bold=False, color='white', colorSpace='named', contrast=1.0, depth=0.0, flipHoriz=False, flipVert=False, font='Arial', fontFiles=[], height=0.05, italic=False, languageStyle='LTR', name='text_2', opacity=1.0, ori=0, pos=array([0., 0.]), rgb=array([255., 255., 255.]), text=str(...), units='height', win=Window(...), wrapWidth=1)
11.6629 	EXP 	Created text_3 = TextStim(__class__=<class 'psychopy.visual.text.TextStim'>, alignHoriz=method-wrapper(...), alignText='center', alignVert=method-wrapper(...), anchorHoriz='center', anchorVert='center', antialias=True, autoLog=True, bold=False, color='white', colorSpace='named', contrast=1.0, depth=0.0, flipHoriz=False, flipVert=False, font='Arial', fontFiles=[], height=0.05, italic=False, languageStyle='LTR', name='text_3', opacity=1.0, ori=0, pos=array([0., 0.]), rgb=array([255., 255., 255.]), text=str(...), units='height', win=Window(...), wrapWidth=1)
11.6964 	EXP 	Created text = TextStim(__class__=<class 'psychopy.visual.text.TextStim'>, alignHoriz=method-wrapper(...), alignText='center', alignVert=method-wrapper(...), anchorHoriz='center', anchorVert='center', antialias=True, autoLog=True, bold=False, color='white', colorSpace='named', contrast=1.0, depth=-1.0, flipHoriz=False, flipVert=False, font='Arial', fontFiles=[], height=0.1, italic=False, languageStyle='LTR', name='text', opacity=1.0, ori=0, pos=array([0.  , 0.15]), rgb=array([255., 255., 255.]), text='default text', units='height', win=Window(...), wrapWidth=1)
11.7015 	EXP 	Created text_4 = TextStim(__class__=<class 'psychopy.visual.text.TextStim'>, alignHoriz=method-wrapper(...), alignText='center', alignVert=method-wrapper(...), anchorHoriz='center', anchorVert='center', antialias=True, autoLog=True, bold=False, color='white', colorSpace='named', contrast=1.0, depth=-1.0, flipHoriz=False, flipVert=False, font='Arial', fontFiles=[], height=0.1, italic=False, languageStyle='LTR', name='text_4', opacity=1.0, ori=0, pos=array([0., 0.]), rgb=array([255., 255., 255.]), text='default text', units='height', win=Window(...), wrapWidth=1)
11.7051 	EXP 	Created image = ImageStim(__class__=<class 'psychopy.visual.image.ImageStim'>, autoLog=True, color=array([1., 1., 1.]), colorSpace='rgb', contrast=1.0, depth=-1.0, flipHoriz=False, flipVert=False, image='sin', interpolate=True, mask=None, maskParams=None, name='image', opacity=1.0, ori=0.0, pos=array([0., 0.]), size=array([0.5, 0.5]), texRes=128, units='height', win=Window(...))
11.7106 	EXP 	Created texto_final = TextStim(__class__=<class 'psychopy.visual.text.TextStim'>, alignHoriz=method-wrapper(...), alignText='center', alignVert=method-wrapper(...), anchorHoriz='center', anchorVert='center', antialias=True, autoLog=True, bold=False, color='white', colorSpace='named', contrast=1.0, depth=-1.0, flipHoriz=False, flipVert=False, font='Arial', fontFiles=[], height=0.1, italic=False, languageStyle='LTR', name='texto_final', opacity=1.0, ori=0, pos=array([0., 0.]), rgb=array([255., 255., 255.]), text='default text', units='height', win=Window(...), wrapWidth=1)
11.7888 	EXP 	slider_2: autoLog = True
11.7888 	EXP 	slider_2: markerPos = None
11.7888 	EXP 	slider_2: rating = None
11.7888 	EXP 	slider_2: markerPos = None
11.7888 	EXP 	slider_2: contrast = 1.0
11.7888 	EXP 	slider_2: autoLog = True
11.7888 	EXP 	slider_2: style = ['rating']
21.8741 	EXP 	Imported ruidos.xlsx as conditions, 4 conditions, 2 params
21.8747 	EXP 	Created sequence: random, trialTypes=4, nReps=1, seed=None
21.8753 	EXP 	New trial (rep=0, index=0): OrderedDict([('Hertz', 1000), ('volumen', 0.02)])
21.8924 	EXP 	Imported imagenes.xlsx as conditions, 36 conditions, 3 params
21.8931 	EXP 	Created sequence: random, trialTypes=36, nReps=1, seed=None
21.8937 	EXP 	New trial (rep=0, index=0): OrderedDict([('Imagenes', 'imagenes/Muffin de banano.png'), ('Random', 0.9610615059009696), ('Correcto', None)])
21.9515 	EXP 	image_2: image = 'imagenes/Muffin de banano.png'
21.9515 	EXP 	slider_2: markerPos = None
21.9515 	EXP 	slider_2: markerPos = None
21.9515 	EXP 	slider_2: rating = None
23.0554 	EXP 	image_2: autoDraw = True
23.0554 	EXP 	slider_2: autoDraw = True
23.6616 	DATA 	Mouse: Left button down, pos=(705,152)
23.6857 	EXP 	slider_2: markerPos = 3.643229166666667
23.7017 	EXP 	slider_2: markerPos = 3.643229166666667
23.7182 	EXP 	slider_2: markerPos = 3.643229166666667
23.7348 	EXP 	slider_2: markerPos = 3.643229166666667
23.7518 	EXP 	slider_2: markerPos = 3.643229166666667
23.7679 	EXP 	slider_2: markerPos = 3.643229166666667
23.7705 	DATA 	Mouse:  Left button up, pos=(705,152)
23.7846 	EXP 	slider_2: markerPos = 3.643229166666667
23.7846 	EXP 	slider_2: rating = 3.643229166666667
23.7888 	EXP 	New trial (rep=0, index=1): OrderedDict([('Imagenes', 'imagenes/Brownie.jpg'), ('Random', 0.2838924074864093), ('Correcto', None)])
23.8481 	EXP 	image_2: autoDraw = False
23.8481 	EXP 	slider_2: autoDraw = False
23.8481 	EXP 	image_2: image = 'imagenes/Brownie.jpg'
23.8481 	EXP 	slider_2: markerPos = None
23.8481 	EXP 	slider_2: markerPos = None
23.8481 	EXP 	slider_2: rating = None
24.8514 	EXP 	image_2: autoDraw = True
24.8514 	EXP 	slider_2: autoDraw = True
25.1136 	DATA 	Mouse: Left button down, pos=(845,156)
25.1346 	EXP 	slider_2: markerPos = 4.5546875
25.1516 	EXP 	slider_2: markerPos = 4.5546875
25.1680 	EXP 	slider_2: markerPos = 4.5546875
25.1849 	EXP 	slider_2: markerPos = 4.5546875
25.2018 	EXP 	slider_2: markerPos = 4.5546875
25.2113 	DATA 	Mouse:  Left button up, pos=(845,156)
25.2180 	EXP 	slider_2: markerPos = 4.5546875
25.2345 	EXP 	slider_2: markerPos = 4.5546875
25.2345 	EXP 	slider_2: rating = 4.5546875
25.2377 	EXP 	New trial (rep=0, index=2): OrderedDict([('Imagenes', 'imagenes/Rosquitas (1).jpg'), ('Random', 0.024090340010977873), ('Correcto', None)])
25.2886 	EXP 	image_2: autoDraw = False
25.2886 	EXP 	slider_2: autoDraw = False
25.2886 	EXP 	image_2: image = 'imagenes/Rosquitas (1).jpg'
25.2886 	EXP 	slider_2: markerPos = None
25.2886 	EXP 	slider_2: markerPos = None
25.2886 	EXP 	slider_2: rating = None
26.2847 	EXP 	image_2: autoDraw = True
26.2847 	EXP 	slider_2: autoDraw = True
26.7884 	DATA 	Mouse: Left button down, pos=(680,148)
26.8014 	EXP 	slider_2: markerPos = 3.48046875
26.8180 	EXP 	slider_2: markerPos = 3.48046875
26.8348 	EXP 	slider_2: markerPos = 3.48046875
26.8514 	EXP 	slider_2: markerPos = 3.48046875
26.8679 	EXP 	slider_2: markerPos = 3.48046875
26.8783 	DATA 	Mouse:  Left button up, pos=(680,148)
26.8844 	EXP 	slider_2: markerPos = 3.48046875
26.9011 	EXP 	slider_2: markerPos = 3.48046875
26.9011 	EXP 	slider_2: rating = 3.48046875
26.9053 	EXP 	New trial (rep=0, index=3): OrderedDict([('Imagenes', 'imagenes/Galletas-festival.jpg'), ('Random', 0.11306074364032936), ('Correcto', None)])
26.9379 	EXP 	image_2: autoDraw = False
26.9379 	EXP 	slider_2: autoDraw = False
26.9379 	EXP 	image_2: image = 'imagenes/Galletas-festival.jpg'
26.9379 	EXP 	slider_2: markerPos = None
26.9379 	EXP 	slider_2: markerPos = None
26.9379 	EXP 	slider_2: rating = None
27.9347 	EXP 	image_2: autoDraw = True
27.9347 	EXP 	slider_2: autoDraw = True
28.1556 	DATA 	Mouse: Left button down, pos=(537,150)
28.1678 	EXP 	slider_2: markerPos = 2.549479166666667
28.1848 	EXP 	slider_2: markerPos = 2.549479166666667
28.2013 	EXP 	slider_2: markerPos = 2.549479166666667
28.2179 	EXP 	slider_2: markerPos = 2.549479166666667
28.2204 	DATA 	Mouse:  Left button up, pos=(537,150)
28.2343 	EXP 	slider_2: markerPos = 2.549479166666667
28.2343 	EXP 	slider_2: rating = 2.549479166666667
28.2368 	EXP 	New trial (rep=0, index=4): OrderedDict([('Imagenes', 'imagenes/Canelazo.png'), ('Random', 0.6730479360767814), ('Correcto', None)])
28.2791 	EXP 	image_2: autoDraw = False
28.2791 	EXP 	slider_2: autoDraw = False
28.2791 	EXP 	image_2: image = 'imagenes/Canelazo.png'
28.2791 	EXP 	slider_2: markerPos = None
28.2791 	EXP 	slider_2: markerPos = None
28.2791 	EXP 	slider_2: rating = None
29.2682 	EXP 	image_2: autoDraw = True
29.2682 	EXP 	slider_2: autoDraw = True
29.6540 	DATA 	Mouse: Left button down, pos=(692,163)
29.6676 	EXP 	slider_2: markerPos = 3.55859375
29.6843 	EXP 	slider_2: markerPos = 3.55859375
29.7010 	EXP 	slider_2: markerPos = 3.55859375
29.7176 	EXP 	slider_2: markerPos = 3.55859375
29.7344 	EXP 	slider_2: markerPos = 3.55859375
29.7509 	EXP 	slider_2: markerPos = 3.571614583333333
29.7676 	EXP 	slider_2: markerPos = 3.578125
29.7702 	DATA 	Mouse:  Left button up, pos=(695,162)
29.7844 	EXP 	slider_2: markerPos = 3.578125
29.7844 	EXP 	slider_2: rating = 3.578125
29.7868 	EXP 	New trial (rep=0, index=5): OrderedDict([('Imagenes', 'imagenes/pistachos.jpg'), ('Random', 0.7450869742741464), ('Correcto', None)])
29.8009 	EXP 	image_2: autoDraw = False
29.8009 	EXP 	slider_2: autoDraw = False
29.8009 	EXP 	image_2: image = 'imagenes/pistachos.jpg'
29.8009 	EXP 	slider_2: markerPos = None
29.8009 	EXP 	slider_2: markerPos = None
29.8009 	EXP 	slider_2: rating = None
30.7842 	EXP 	image_2: autoDraw = True
30.7842 	EXP 	slider_2: autoDraw = True
31.1884 	DATA 	Mouse: Left button down, pos=(808,155)
31.2012 	EXP 	slider_2: markerPos = 4.313802083333333
31.2177 	EXP 	slider_2: markerPos = 4.313802083333333
31.2346 	EXP 	slider_2: markerPos = 4.313802083333333
31.2512 	EXP 	slider_2: markerPos = 4.313802083333333
31.2678 	EXP 	slider_2: markerPos = 4.313802083333333
31.2846 	EXP 	slider_2: markerPos = 4.313802083333333
31.3010 	EXP 	slider_2: markerPos = 4.313802083333333
31.3037 	DATA 	Mouse:  Left button up, pos=(808,155)
31.3174 	EXP 	slider_2: markerPos = 4.313802083333333
31.3174 	EXP 	slider_2: rating = 4.313802083333333
31.3206 	EXP 	New trial (rep=0, index=6): OrderedDict([('Imagenes', 'imagenes/Papas-naturales.jpg'), ('Random', 0.37590629905521566), ('Correcto', None)])
31.3352 	EXP 	image_2: autoDraw = False
31.3352 	EXP 	slider_2: autoDraw = False
31.3352 	EXP 	image_2: image = 'imagenes/Papas-naturales.jpg'
31.3352 	EXP 	slider_2: markerPos = None
31.3352 	EXP 	slider_2: markerPos = None
31.3352 	EXP 	slider_2: rating = None
32.3341 	EXP 	image_2: autoDraw = True
32.3341 	EXP 	slider_2: autoDraw = True
32.6040 	DATA 	Mouse: Left button down, pos=(672,148)
32.6174 	EXP 	slider_2: markerPos = 3.4283854166666665
32.6343 	EXP 	slider_2: markerPos = 3.4283854166666665
32.6512 	EXP 	slider_2: markerPos = 3.4283854166666665
32.6677 	EXP 	slider_2: markerPos = 3.4283854166666665
32.6842 	EXP 	slider_2: markerPos = 3.4283854166666665
32.7008 	EXP 	slider_2: markerPos = 3.4283854166666665
32.7036 	DATA 	Mouse:  Left button up, pos=(672,147)
32.7175 	EXP 	slider_2: markerPos = 3.4283854166666665
32.7175 	EXP 	slider_2: rating = 3.4283854166666665
32.7208 	EXP 	New trial (rep=0, index=7): OrderedDict([('Imagenes', 'imagenes/Chocoramo.jfif.jpg'), ('Random', 0.7425528559884101), ('Correcto', None)])
32.7542 	EXP 	image_2: autoDraw = False
32.7542 	EXP 	slider_2: autoDraw = False
32.7542 	EXP 	image_2: image = 'imagenes/Chocoramo.jfif.jpg'
32.7542 	EXP 	slider_2: markerPos = None
32.7542 	EXP 	slider_2: markerPos = None
32.7542 	EXP 	slider_2: rating = None
33.7510 	EXP 	image_2: autoDraw = True
33.7510 	EXP 	slider_2: autoDraw = True
34.2152 	DATA 	Mouse: Left button down, pos=(817,149)
34.2343 	EXP 	slider_2: markerPos = 4.37890625
34.2514 	EXP 	slider_2: markerPos = 4.37890625
34.2677 	EXP 	slider_2: markerPos = 4.37890625
34.2844 	EXP 	slider_2: markerPos = 4.37890625
34.3010 	EXP 	slider_2: markerPos = 4.37890625
34.3176 	EXP 	slider_2: markerPos = 4.37890625
34.3342 	EXP 	slider_2: markerPos = 4.37890625
34.3367 	DATA 	Mouse:  Left button up, pos=(818,152)
34.3507 	EXP 	slider_2: markerPos = 4.37890625
34.3507 	EXP 	slider_2: rating = 4.37890625
34.3547 	EXP 	New trial (rep=0, index=8): OrderedDict([('Imagenes', 'imagenes/Brocoli.jpg'), ('Random', 0.24293074945529525), ('Correcto', None)])
34.3684 	EXP 	image_2: autoDraw = False
34.3684 	EXP 	slider_2: autoDraw = False
34.3684 	EXP 	image_2: image = 'imagenes/Brocoli.jpg'
34.3684 	EXP 	slider_2: markerPos = None
34.3684 	EXP 	slider_2: markerPos = None
34.3684 	EXP 	slider_2: rating = None
35.3675 	EXP 	image_2: autoDraw = True
35.3675 	EXP 	slider_2: autoDraw = True
35.8972 	DATA 	Mouse: Left button down, pos=(696,151)
35.9176 	EXP 	slider_2: markerPos = 3.584635416666667
35.9344 	EXP 	slider_2: markerPos = 3.584635416666667
35.9508 	EXP 	slider_2: markerPos = 3.584635416666667
35.9672 	EXP 	slider_2: markerPos = 3.584635416666667
35.9839 	EXP 	slider_2: markerPos = 3.584635416666667
35.9866 	DATA 	Mouse:  Left button up, pos=(696,153)
36.0008 	EXP 	slider_2: markerPos = 3.584635416666667
36.0008 	EXP 	slider_2: rating = 3.584635416666667
36.0050 	EXP 	New trial (rep=0, index=9): OrderedDict([('Imagenes', 'imagenes/Pepinillos.png'), ('Random', 0.0038966441241518046), ('Correcto', None)])
36.0350 	EXP 	image_2: autoDraw = False
36.0350 	EXP 	slider_2: autoDraw = False
36.0350 	EXP 	image_2: image = 'imagenes/Pepinillos.png'
36.0350 	EXP 	slider_2: markerPos = None
36.0350 	EXP 	slider_2: markerPos = None
36.0350 	EXP 	slider_2: rating = None
37.0343 	EXP 	image_2: autoDraw = True
37.0343 	EXP 	slider_2: autoDraw = True
38.0627 	DATA 	Mouse: Left button down, pos=(842,165)
38.0845 	EXP 	slider_2: markerPos = 4.53515625
38.1009 	EXP 	slider_2: markerPos = 4.53515625
38.1174 	EXP 	slider_2: markerPos = 4.53515625
38.1341 	EXP 	slider_2: markerPos = 4.53515625
38.1510 	EXP 	slider_2: markerPos = 4.53515625
38.1602 	DATA 	Mouse:  Left button up, pos=(842,165)
38.1672 	EXP 	slider_2: markerPos = 4.53515625
38.1840 	EXP 	slider_2: markerPos = 4.53515625
38.1840 	EXP 	slider_2: rating = 4.53515625
38.1871 	EXP 	New trial (rep=0, index=10): OrderedDict([('Imagenes', 'imagenes/Pandebono.png'), ('Random', 0.8988574378129985), ('Correcto', None)])
38.2109 	EXP 	image_2: autoDraw = False
38.2109 	EXP 	slider_2: autoDraw = False
38.2109 	EXP 	image_2: image = 'imagenes/Pandebono.png'
38.2109 	EXP 	slider_2: markerPos = None
38.2109 	EXP 	slider_2: markerPos = None
38.2109 	EXP 	slider_2: rating = None
39.2007 	EXP 	image_2: autoDraw = True
39.2007 	EXP 	slider_2: autoDraw = True
39.5219 	DATA 	Mouse: Left button down, pos=(686,143)
39.5383 	EXP 	slider_2: markerPos = 3.51953125
39.5548 	EXP 	slider_2: markerPos = 3.51953125
39.5682 	EXP 	slider_2: markerPos = 3.51953125
39.5837 	EXP 	slider_2: markerPos = 3.51953125
39.6003 	EXP 	slider_2: markerPos = 3.51953125
39.6021 	DATA 	Mouse:  Left button up, pos=(686,143)
39.6170 	EXP 	slider_2: markerPos = 3.51953125
39.6170 	EXP 	slider_2: rating = 3.51953125
39.6198 	EXP 	New trial (rep=0, index=11): OrderedDict([('Imagenes', 'imagenes/Kiwi.jpg'), ('Random', 0.3929145850942286), ('Correcto', None)])
39.6342 	EXP 	image_2: autoDraw = False
39.6342 	EXP 	slider_2: autoDraw = False
39.6342 	EXP 	image_2: image = 'imagenes/Kiwi.jpg'
39.6342 	EXP 	slider_2: markerPos = None
39.6342 	EXP 	slider_2: markerPos = None
39.6342 	EXP 	slider_2: rating = None
40.6171 	EXP 	image_2: autoDraw = True
40.6171 	EXP 	slider_2: autoDraw = True
41.0646 	DATA 	Mouse: Left button down, pos=(514,160)
41.0840 	EXP 	slider_2: markerPos = 2.399739583333333
41.1010 	EXP 	slider_2: markerPos = 2.399739583333333
41.1173 	EXP 	slider_2: markerPos = 2.399739583333333
41.1341 	EXP 	slider_2: markerPos = 2.399739583333333
41.1508 	EXP 	slider_2: markerPos = 2.399739583333333
41.1674 	EXP 	slider_2: markerPos = 2.399739583333333
41.1733 	DATA 	Mouse:  Left button up, pos=(514,160)
41.1839 	EXP 	slider_2: markerPos = 2.399739583333333
41.2010 	EXP 	slider_2: markerPos = 2.399739583333333
41.2010 	EXP 	slider_2: rating = 2.399739583333333
41.2046 	EXP 	New trial (rep=0, index=12): OrderedDict([('Imagenes', 'imagenes/Banano.jpeg'), ('Random', 0.2267656716538785), ('Correcto', None)])
41.2230 	EXP 	image_2: autoDraw = False
41.2230 	EXP 	slider_2: autoDraw = False
41.2230 	EXP 	image_2: image = 'imagenes/Banano.jpeg'
41.2230 	EXP 	slider_2: markerPos = None
41.2230 	EXP 	slider_2: markerPos = None
41.2230 	EXP 	slider_2: rating = None
42.2174 	EXP 	image_2: autoDraw = True
42.2174 	EXP 	slider_2: autoDraw = True
42.7539 	DATA 	Mouse: Left button down, pos=(700,154)
42.7673 	EXP 	slider_2: markerPos = 3.610677083333333
42.7838 	EXP 	slider_2: markerPos = 3.610677083333333
42.8008 	EXP 	slider_2: markerPos = 3.610677083333333
42.8172 	EXP 	slider_2: markerPos = 3.610677083333333
42.8341 	EXP 	slider_2: markerPos = 3.610677083333333
42.8504 	EXP 	slider_2: markerPos = 3.610677083333333
42.8529 	DATA 	Mouse:  Left button up, pos=(700,154)
42.8670 	EXP 	slider_2: markerPos = 3.610677083333333
42.8670 	EXP 	slider_2: rating = 3.610677083333333
42.8704 	EXP 	New trial (rep=0, index=13): OrderedDict([('Imagenes', 'imagenes/Coliflor.jpg'), ('Random', 0.3640740491088985), ('Correcto', None)])
42.8882 	EXP 	image_2: autoDraw = False
42.8882 	EXP 	slider_2: autoDraw = False
42.8882 	EXP 	image_2: image = 'imagenes/Coliflor.jpg'
42.8882 	EXP 	slider_2: markerPos = None
42.8882 	EXP 	slider_2: markerPos = None
42.8882 	EXP 	slider_2: rating = None
43.8840 	EXP 	image_2: autoDraw = True
43.8840 	EXP 	slider_2: autoDraw = True
44.1377 	DATA 	Mouse: Left button down, pos=(854,160)
44.1505 	EXP 	slider_2: markerPos = 4.61328125
44.1672 	EXP 	slider_2: markerPos = 4.61328125
44.1839 	EXP 	slider_2: markerPos = 4.61328125
44.2005 	EXP 	slider_2: markerPos = 4.61328125
44.2172 	EXP 	slider_2: markerPos = 4.61328125
44.2339 	EXP 	slider_2: markerPos = 4.61328125
44.2368 	DATA 	Mouse:  Left button up, pos=(854,160)
44.2502 	EXP 	slider_2: markerPos = 4.61328125
44.2502 	EXP 	slider_2: rating = 4.61328125
44.2542 	EXP 	New trial (rep=0, index=14): OrderedDict([('Imagenes', 'imagenes/bon-bon-bun.jpg'), ('Random', 0.7417452724056987), ('Correcto', None)])
44.2846 	EXP 	image_2: autoDraw = False
44.2846 	EXP 	slider_2: autoDraw = False
44.2846 	EXP 	image_2: image = 'imagenes/bon-bon-bun.jpg'
44.2846 	EXP 	slider_2: markerPos = None
44.2846 	EXP 	slider_2: markerPos = None
44.2846 	EXP 	slider_2: rating = None
45.2838 	EXP 	image_2: autoDraw = True
45.2838 	EXP 	slider_2: autoDraw = True
45.7433 	DATA 	Mouse: Left button down, pos=(671,156)
45.7536 	EXP 	slider_2: markerPos = 3.421875
45.7670 	EXP 	slider_2: markerPos = 3.421875
45.7838 	EXP 	slider_2: markerPos = 3.421875
45.8007 	EXP 	slider_2: markerPos = 3.421875
45.8171 	EXP 	slider_2: markerPos = 3.421875
45.8340 	EXP 	slider_2: markerPos = 3.421875
45.8504 	EXP 	slider_2: markerPos = 3.421875
45.8534 	DATA 	Mouse:  Left button up, pos=(671,156)
45.8669 	EXP 	slider_2: markerPos = 3.421875
45.8669 	EXP 	slider_2: rating = 3.421875
45.8710 	EXP 	New trial (rep=0, index=15): OrderedDict([('Imagenes', 'imagenes/Pescadito.png'), ('Random', 0.7172825011486081), ('Correcto', None)])
45.8950 	EXP 	image_2: autoDraw = False
45.8950 	EXP 	slider_2: autoDraw = False
45.8950 	EXP 	image_2: image = 'imagenes/Pescadito.png'
45.8950 	EXP 	slider_2: markerPos = None
45.8950 	EXP 	slider_2: markerPos = None
45.8950 	EXP 	slider_2: rating = None
46.8835 	EXP 	image_2: autoDraw = True
46.8835 	EXP 	slider_2: autoDraw = True
47.2023 	DATA 	Mouse: Left button down, pos=(530,153)
47.2170 	EXP 	slider_2: markerPos = 2.50390625
47.2337 	EXP 	slider_2: markerPos = 2.50390625
47.2503 	EXP 	slider_2: markerPos = 2.50390625
47.2669 	EXP 	slider_2: markerPos = 2.50390625
47.2837 	EXP 	slider_2: markerPos = 2.50390625
47.2865 	DATA 	Mouse:  Left button up, pos=(530,153)
47.3006 	EXP 	slider_2: markerPos = 2.50390625
47.3006 	EXP 	slider_2: rating = 2.50390625
47.3055 	EXP 	New trial (rep=0, index=16): OrderedDict([('Imagenes', 'imagenes/Croissant.jpg'), ('Random', 0.5824748589948932), ('Correcto', None)])
47.3510 	EXP 	image_2: autoDraw = False
47.3510 	EXP 	slider_2: autoDraw = False
47.3510 	EXP 	image_2: image = 'imagenes/Croissant.jpg'
47.3510 	EXP 	slider_2: markerPos = None
47.3510 	EXP 	slider_2: markerPos = None
47.3510 	EXP 	slider_2: rating = None
48.3505 	EXP 	image_2: autoDraw = True
48.3505 	EXP 	slider_2: autoDraw = True
49.0532 	DATA 	Mouse: Left button down, pos=(669,164)
49.0669 	EXP 	slider_2: markerPos = 3.4088541666666665
49.0840 	EXP 	slider_2: markerPos = 3.4088541666666665
49.1003 	EXP 	slider_2: markerPos = 3.4088541666666665
49.1169 	EXP 	slider_2: markerPos = 3.4088541666666665
49.1338 	EXP 	slider_2: markerPos = 3.4088541666666665
49.1506 	EXP 	slider_2: markerPos = 3.4088541666666665
49.1669 	EXP 	slider_2: markerPos = 3.4088541666666665
49.1755 	DATA 	Mouse:  Left button up, pos=(669,164)
49.1834 	EXP 	slider_2: markerPos = 3.4088541666666665
49.2004 	EXP 	slider_2: markerPos = 3.4088541666666665
49.2004 	EXP 	slider_2: rating = 3.4088541666666665
49.2051 	EXP 	New trial (rep=0, index=17): OrderedDict([('Imagenes', 'imagenes/Chontaduro.png'), ('Random', 0.8693553300418813), ('Correcto', None)])
49.2227 	EXP 	image_2: autoDraw = False
49.2227 	EXP 	slider_2: autoDraw = False
49.2227 	EXP 	image_2: image = 'imagenes/Chontaduro.png'
49.2227 	EXP 	slider_2: markerPos = None
49.2227 	EXP 	slider_2: markerPos = None
49.2227 	EXP 	slider_2: rating = None
50.2170 	EXP 	image_2: autoDraw = True
50.2170 	EXP 	slider_2: autoDraw = True
50.6207 	DATA 	Mouse: Left button down, pos=(832,164)
50.6335 	EXP 	slider_2: markerPos = 4.470052083333333
50.6502 	EXP 	slider_2: markerPos = 4.470052083333333
50.6666 	EXP 	slider_2: markerPos = 4.470052083333333
50.6834 	EXP 	slider_2: markerPos = 4.470052083333333
50.6999 	EXP 	slider_2: markerPos = 4.470052083333333
50.7166 	EXP 	slider_2: markerPos = 4.470052083333333
50.7221 	DATA 	Mouse:  Left button up, pos=(832,164)
50.7334 	EXP 	slider_2: markerPos = 4.470052083333333
50.7499 	EXP 	slider_2: markerPos = 4.470052083333333
50.7499 	EXP 	slider_2: rating = 4.470052083333333
50.7540 	EXP 	New trial (rep=0, index=18): OrderedDict([('Imagenes', 'imagenes/Papas picantes.jpg'), ('Random', 0.524978898672612), ('Correcto', None)])
50.7665 	EXP 	image_2: autoDraw = False
50.7665 	EXP 	slider_2: autoDraw = False
50.7665 	EXP 	image_2: image = 'imagenes/Papas picantes.jpg'
50.7665 	EXP 	slider_2: markerPos = None
50.7665 	EXP 	slider_2: markerPos = None
50.7665 	EXP 	slider_2: rating = None
51.7508 	EXP 	image_2: autoDraw = True
51.7508 	EXP 	slider_2: autoDraw = True
52.0811 	DATA 	Mouse: Left button down, pos=(694,157)
52.1003 	EXP 	slider_2: markerPos = 3.571614583333333
52.1168 	EXP 	slider_2: markerPos = 3.571614583333333
52.1335 	EXP 	slider_2: markerPos = 3.571614583333333
52.1502 	EXP 	slider_2: markerPos = 3.571614583333333
52.1669 	EXP 	slider_2: markerPos = 3.571614583333333
52.1839 	EXP 	slider_2: markerPos = 3.571614583333333
52.2002 	EXP 	slider_2: markerPos = 3.571614583333333
52.2168 	EXP 	slider_2: markerPos = 3.571614583333333
52.2336 	EXP 	slider_2: markerPos = 3.571614583333333
52.2364 	DATA 	Mouse:  Left button up, pos=(694,157)
52.2500 	EXP 	slider_2: markerPos = 3.571614583333333
52.2500 	EXP 	slider_2: rating = 3.571614583333333
52.2533 	EXP 	New trial (rep=0, index=19): OrderedDict([('Imagenes', 'imagenes/Pizzetas.png'), ('Random', 0.3295951589873042), ('Correcto', None)])
52.2799 	EXP 	image_2: autoDraw = False
52.2799 	EXP 	slider_2: autoDraw = False
52.2799 	EXP 	image_2: image = 'imagenes/Pizzetas.png'
52.2799 	EXP 	slider_2: markerPos = None
52.2799 	EXP 	slider_2: markerPos = None
52.2799 	EXP 	slider_2: rating = None
53.2667 	EXP 	image_2: autoDraw = True
53.2667 	EXP 	slider_2: autoDraw = True
53.6906 	DATA 	Mouse: Left button down, pos=(835,161)
53.7021 	EXP 	slider_2: markerPos = 4.489583333333333
53.7170 	EXP 	slider_2: markerPos = 4.489583333333333
53.7333 	EXP 	slider_2: markerPos = 4.489583333333333
53.7503 	EXP 	slider_2: markerPos = 4.489583333333333
53.7669 	EXP 	slider_2: markerPos = 4.489583333333333
53.7833 	EXP 	slider_2: markerPos = 4.489583333333333
53.8000 	EXP 	slider_2: markerPos = 4.489583333333333
53.8165 	EXP 	slider_2: markerPos = 4.489583333333333
53.8184 	DATA 	Mouse:  Left button up, pos=(835,161)
53.8332 	EXP 	slider_2: markerPos = 4.489583333333333
53.8332 	EXP 	slider_2: rating = 4.489583333333333
53.8366 	EXP 	New trial (rep=0, index=20): OrderedDict([('Imagenes', 'imagenes/Papas-limon.jpg'), ('Random', 0.5280798509093595), ('Correcto', None)])
53.8510 	EXP 	image_2: autoDraw = False
53.8510 	EXP 	slider_2: autoDraw = False
53.8510 	EXP 	image_2: image = 'imagenes/Papas-limon.jpg'
53.8510 	EXP 	slider_2: markerPos = None
53.8510 	EXP 	slider_2: markerPos = None
53.8510 	EXP 	slider_2: rating = None
54.8501 	EXP 	image_2: autoDraw = True
54.8501 	EXP 	slider_2: autoDraw = True
55.3054 	DATA 	Mouse: Left button down, pos=(708,157)
55.3166 	EXP 	slider_2: markerPos = 3.662760416666667
55.3334 	EXP 	slider_2: markerPos = 3.662760416666667
55.3500 	EXP 	slider_2: markerPos = 3.662760416666667
55.3667 	EXP 	slider_2: markerPos = 3.662760416666667
55.3832 	EXP 	slider_2: markerPos = 3.662760416666667
55.4000 	EXP 	slider_2: markerPos = 3.662760416666667
55.4167 	EXP 	slider_2: markerPos = 3.662760416666667
55.4335 	EXP 	slider_2: markerPos = 3.662760416666667
55.4499 	EXP 	slider_2: markerPos = 3.662760416666667
55.4665 	EXP 	slider_2: markerPos = 3.662760416666667
55.4694 	DATA 	Mouse:  Left button up, pos=(708,157)
55.4830 	EXP 	slider_2: markerPos = 3.662760416666667
55.4830 	EXP 	slider_2: rating = 3.662760416666667
55.4864 	EXP 	New trial (rep=0, index=21): OrderedDict([('Imagenes', 'imagenes/Mango.jpeg'), ('Random', 0.4341155418941499), ('Correcto', None)])
55.5087 	EXP 	image_2: autoDraw = False
55.5087 	EXP 	slider_2: autoDraw = False
55.5087 	EXP 	image_2: image = 'imagenes/Mango.jpeg'
55.5087 	EXP 	slider_2: markerPos = None
55.5087 	EXP 	slider_2: markerPos = None
55.5087 	EXP 	slider_2: rating = None
56.4999 	EXP 	image_2: autoDraw = True
56.4999 	EXP 	slider_2: autoDraw = True
56.9060 	DATA 	Mouse: Left button down, pos=(554,152)
56.9166 	EXP 	slider_2: markerPos = 2.66015625
56.9333 	EXP 	slider_2: markerPos = 2.66015625
56.9501 	EXP 	slider_2: markerPos = 2.66015625
56.9665 	EXP 	slider_2: markerPos = 2.66015625
56.9833 	EXP 	slider_2: markerPos = 2.66015625
57.0001 	EXP 	slider_2: markerPos = 2.66015625
57.0167 	EXP 	slider_2: markerPos = 2.66015625
57.0232 	DATA 	Mouse:  Left button up, pos=(554,152)
57.0329 	EXP 	slider_2: markerPos = 2.66015625
57.0500 	EXP 	slider_2: markerPos = 2.66015625
57.0500 	EXP 	slider_2: rating = 2.66015625
57.0535 	EXP 	New trial (rep=0, index=22): OrderedDict([('Imagenes', 'imagenes/Nutella (1).jpg'), ('Random', 0.8826531883338111), ('Correcto', None)])
57.0701 	EXP 	image_2: autoDraw = False
57.0701 	EXP 	slider_2: autoDraw = False
57.0701 	EXP 	image_2: image = 'imagenes/Nutella (1).jpg'
57.0701 	EXP 	slider_2: markerPos = None
57.0701 	EXP 	slider_2: markerPos = None
57.0701 	EXP 	slider_2: rating = None
58.0667 	EXP 	image_2: autoDraw = True
58.0667 	EXP 	slider_2: autoDraw = True
58.6282 	DATA 	Mouse: Left button down, pos=(712,155)
58.6498 	EXP 	slider_2: markerPos = 3.688802083333333
58.6664 	EXP 	slider_2: markerPos = 3.688802083333333
58.6833 	EXP 	slider_2: markerPos = 3.688802083333333
58.7000 	EXP 	slider_2: markerPos = 3.688802083333333
58.7165 	EXP 	slider_2: markerPos = 3.688802083333333
58.7331 	EXP 	slider_2: markerPos = 3.688802083333333
58.7499 	EXP 	slider_2: markerPos = 3.688802083333333
58.7526 	DATA 	Mouse:  Left button up, pos=(712,155)
58.7663 	EXP 	slider_2: markerPos = 3.688802083333333
58.7663 	EXP 	slider_2: rating = 3.688802083333333
58.7705 	EXP 	New trial (rep=0, index=23): OrderedDict([('Imagenes', 'imagenes/Almojabanas.png'), ('Random', 0.6725051200713246), ('Correcto', None)])
58.8085 	EXP 	image_2: autoDraw = False
58.8085 	EXP 	slider_2: autoDraw = False
58.8085 	EXP 	image_2: image = 'imagenes/Almojabanas.png'
58.8085 	EXP 	slider_2: markerPos = None
58.8085 	EXP 	slider_2: markerPos = None
58.8085 	EXP 	slider_2: rating = None
59.7999 	EXP 	image_2: autoDraw = True
59.7999 	EXP 	slider_2: autoDraw = True
60.2208 	DATA 	Mouse: Left button down, pos=(788,155)
60.2331 	EXP 	slider_2: markerPos = 4.18359375
60.2501 	EXP 	slider_2: markerPos = 4.18359375
60.2664 	EXP 	slider_2: markerPos = 4.18359375
60.2832 	EXP 	slider_2: markerPos = 4.18359375
60.2999 	EXP 	slider_2: markerPos = 4.18359375
60.3163 	EXP 	slider_2: markerPos = 4.18359375
60.3186 	DATA 	Mouse:  Left button up, pos=(788,155)
60.3328 	EXP 	slider_2: markerPos = 4.18359375
60.3328 	EXP 	slider_2: rating = 4.18359375
60.3364 	EXP 	New trial (rep=0, index=24): OrderedDict([('Imagenes', 'imagenes/Rollo de queso.png'), ('Random', 0.9201641182756888), ('Correcto', None)])
60.3702 	EXP 	image_2: autoDraw = False
60.3702 	EXP 	slider_2: autoDraw = False
60.3702 	EXP 	image_2: image = 'imagenes/Rollo de queso.png'
60.3702 	EXP 	slider_2: markerPos = None
60.3702 	EXP 	slider_2: markerPos = None
60.3702 	EXP 	slider_2: rating = None
61.3664 	EXP 	image_2: autoDraw = True
61.3664 	EXP 	slider_2: autoDraw = True
61.9611 	DATA 	Mouse: Left button down, pos=(901,150)
61.9829 	EXP 	slider_2: markerPos = 4.919270833333334
61.9998 	EXP 	slider_2: markerPos = 4.919270833333334
62.0165 	EXP 	slider_2: markerPos = 4.919270833333334
62.0330 	EXP 	slider_2: markerPos = 4.919270833333334
62.0496 	EXP 	slider_2: markerPos = 4.919270833333334
62.0582 	DATA 	Mouse:  Left button up, pos=(901,150)
62.0662 	EXP 	slider_2: markerPos = 4.919270833333334
62.0831 	EXP 	slider_2: markerPos = 4.919270833333334
62.0831 	EXP 	slider_2: rating = 4.919270833333334
62.0872 	EXP 	New trial (rep=0, index=25): OrderedDict([('Imagenes', 'imagenes/Leche-de-almendras.jpg'), ('Random', 0.3886559457994673), ('Correcto', None)])
62.1883 	EXP 	image_2: autoDraw = False
62.1883 	EXP 	slider_2: autoDraw = False
62.1883 	EXP 	image_2: image = 'imagenes/Leche-de-almendras.jpg'
62.1883 	EXP 	slider_2: markerPos = None
62.1883 	EXP 	slider_2: markerPos = None
62.1883 	EXP 	slider_2: rating = None
63.1829 	EXP 	image_2: autoDraw = True
63.1829 	EXP 	slider_2: autoDraw = True
63.6265 	DATA 	Mouse: Left button down, pos=(984,152)
63.6496 	EXP 	slider_2: markerPos = 5.459635416666666
63.6662 	EXP 	slider_2: markerPos = 5.459635416666666
63.6830 	EXP 	slider_2: markerPos = 5.459635416666666
63.6997 	EXP 	slider_2: markerPos = 5.459635416666666
63.7162 	EXP 	slider_2: markerPos = 5.459635416666666
63.7333 	EXP 	slider_2: markerPos = 5.459635416666666
63.7416 	DATA 	Mouse:  Left button up, pos=(984,152)
63.7495 	EXP 	slider_2: markerPos = 5.459635416666666
63.7659 	EXP 	slider_2: markerPos = 5.459635416666666
63.7659 	EXP 	slider_2: rating = 5.459635416666666
63.7698 	EXP 	New trial (rep=0, index=26): OrderedDict([('Imagenes', 'imagenes/Rollos de canela.png'), ('Random', 0.2610974409574519), ('Correcto', None)])
63.7912 	EXP 	image_2: autoDraw = False
63.7912 	EXP 	slider_2: autoDraw = False
63.7912 	EXP 	image_2: image = 'imagenes/Rollos de canela.png'
63.7912 	EXP 	slider_2: markerPos = None
63.7912 	EXP 	slider_2: markerPos = None
63.7912 	EXP 	slider_2: rating = None
64.7828 	EXP 	image_2: autoDraw = True
64.7828 	EXP 	slider_2: autoDraw = True
65.3965 	DATA 	Mouse: Left button down, pos=(848,157)
65.4162 	EXP 	slider_2: markerPos = 4.57421875
65.4331 	EXP 	slider_2: markerPos = 4.57421875
65.4496 	EXP 	slider_2: markerPos = 4.57421875
65.4662 	EXP 	slider_2: markerPos = 4.57421875
65.4830 	EXP 	slider_2: markerPos = 4.57421875
65.4995 	EXP 	slider_2: markerPos = 4.57421875
65.5025 	DATA 	Mouse:  Left button up, pos=(848,157)
65.5161 	EXP 	slider_2: markerPos = 4.57421875
65.5161 	EXP 	slider_2: rating = 4.57421875
65.5195 	EXP 	New trial (rep=0, index=27): OrderedDict([('Imagenes', 'imagenes/Papas-pollo.jpg'), ('Random', 0.08373485417902837), ('Correcto', None)])
65.5357 	EXP 	image_2: autoDraw = False
65.5357 	EXP 	slider_2: autoDraw = False
65.5357 	EXP 	image_2: image = 'imagenes/Papas-pollo.jpg'
65.5357 	EXP 	slider_2: markerPos = None
65.5357 	EXP 	slider_2: markerPos = None
65.5357 	EXP 	slider_2: rating = None
66.5338 	EXP 	image_2: autoDraw = True
66.5338 	EXP 	slider_2: autoDraw = True
66.9449 	DATA 	Mouse: Left button down, pos=(675,161)
66.9660 	EXP 	slider_2: markerPos = 3.4479166666666665
66.9829 	EXP 	slider_2: markerPos = 3.4479166666666665
66.9995 	EXP 	slider_2: markerPos = 3.4479166666666665
67.0161 	EXP 	slider_2: markerPos = 3.4479166666666665
67.0328 	EXP 	slider_2: markerPos = 3.4479166666666665
67.0494 	EXP 	slider_2: markerPos = 3.4479166666666665
67.0669 	EXP 	slider_2: markerPos = 3.4479166666666665
67.0829 	EXP 	slider_2: markerPos = 3.4479166666666665
67.0994 	EXP 	slider_2: markerPos = 3.4479166666666665
67.1021 	DATA 	Mouse:  Left button up, pos=(675,161)
67.1158 	EXP 	slider_2: markerPos = 3.4479166666666665
67.1158 	EXP 	slider_2: rating = 3.4479166666666665
67.1194 	EXP 	New trial (rep=0, index=28): OrderedDict([('Imagenes', 'imagenes/Galletas Tosh.jpg'), ('Random', 0.9129693753280027), ('Correcto', None)])
67.1500 	EXP 	image_2: autoDraw = False
67.1500 	EXP 	slider_2: autoDraw = False
67.1500 	EXP 	image_2: image = 'imagenes/Galletas Tosh.jpg'
67.1500 	EXP 	slider_2: markerPos = None
67.1500 	EXP 	slider_2: markerPos = None
67.1500 	EXP 	slider_2: rating = None
68.1493 	EXP 	image_2: autoDraw = True
68.1493 	EXP 	slider_2: autoDraw = True
68.6691 	DATA 	Mouse: Left button down, pos=(549,159)
68.6830 	EXP 	slider_2: markerPos = 2.627604166666667
68.6993 	EXP 	slider_2: markerPos = 2.627604166666667
68.7166 	EXP 	slider_2: markerPos = 2.627604166666667
68.7330 	EXP 	slider_2: markerPos = 2.627604166666667
68.7493 	EXP 	slider_2: markerPos = 2.627604166666667
68.7661 	EXP 	slider_2: markerPos = 2.627604166666667
68.7829 	EXP 	slider_2: markerPos = 2.627604166666667
68.7993 	EXP 	slider_2: markerPos = 2.627604166666667
68.8078 	DATA 	Mouse:  Left button up, pos=(549,159)
68.8158 	EXP 	slider_2: markerPos = 2.627604166666667
68.8328 	EXP 	slider_2: markerPos = 2.627604166666667
68.8328 	EXP 	slider_2: rating = 2.627604166666667
68.8364 	EXP 	New trial (rep=0, index=29): OrderedDict([('Imagenes', 'imagenes/Yogurt-alpina.jpg'), ('Random', 0.5445152936222175), ('Correcto', None)])
68.8529 	EXP 	image_2: autoDraw = False
68.8529 	EXP 	slider_2: autoDraw = False
68.8529 	EXP 	image_2: image = 'imagenes/Yogurt-alpina.jpg'
68.8529 	EXP 	slider_2: markerPos = None
68.8529 	EXP 	slider_2: markerPos = None
68.8529 	EXP 	slider_2: rating = None
69.8493 	EXP 	image_2: autoDraw = True
69.8493 	EXP 	slider_2: autoDraw = True
70.1273 	DATA 	Mouse: Left button down, pos=(695,162)
70.1494 	EXP 	slider_2: markerPos = 3.578125
70.1663 	EXP 	slider_2: markerPos = 3.578125
70.1828 	EXP 	slider_2: markerPos = 3.578125
70.1992 	EXP 	slider_2: markerPos = 3.578125
70.2159 	EXP 	slider_2: markerPos = 3.578125
70.2326 	EXP 	slider_2: markerPos = 3.578125
70.2496 	EXP 	slider_2: markerPos = 3.578125
70.2591 	DATA 	Mouse:  Left button up, pos=(695,162)
70.2657 	EXP 	slider_2: markerPos = 3.578125
70.2828 	EXP 	slider_2: markerPos = 3.578125
70.2828 	EXP 	slider_2: rating = 3.578125
70.2869 	EXP 	New trial (rep=0, index=30): OrderedDict([('Imagenes', 'imagenes/Popetas.jpg'), ('Random', 0.9621625733302204), ('Correcto', None)])
70.3291 	EXP 	image_2: autoDraw = False
70.3291 	EXP 	slider_2: autoDraw = False
70.3291 	EXP 	image_2: image = 'imagenes/Popetas.jpg'
70.3291 	EXP 	slider_2: markerPos = None
70.3291 	EXP 	slider_2: markerPos = None
70.3291 	EXP 	slider_2: rating = None
71.3179 	EXP 	image_2: autoDraw = True
71.3179 	EXP 	slider_2: autoDraw = True
71.5940 	DATA 	Mouse: Left button down, pos=(814,159)
71.6160 	EXP 	slider_2: markerPos = 4.352864583333333
71.6326 	EXP 	slider_2: markerPos = 4.352864583333333
71.6491 	EXP 	slider_2: markerPos = 4.352864583333333
71.6659 	EXP 	slider_2: markerPos = 4.352864583333333
71.6826 	EXP 	slider_2: markerPos = 4.352864583333333
71.6994 	EXP 	slider_2: markerPos = 4.352864583333333
71.7158 	EXP 	slider_2: markerPos = 4.352864583333333
71.7326 	EXP 	slider_2: markerPos = 4.352864583333333
71.7358 	DATA 	Mouse:  Left button up, pos=(814,159)
71.7492 	EXP 	slider_2: markerPos = 4.352864583333333
71.7492 	EXP 	slider_2: rating = 4.352864583333333
71.7524 	EXP 	New trial (rep=0, index=31): OrderedDict([('Imagenes', 'imagenes/salchicha hojaldrada.jpg'), ('Random', 0.7119773165481526), ('Correcto', None)])
71.7655 	EXP 	image_2: autoDraw = False
71.7655 	EXP 	slider_2: autoDraw = False
71.7655 	EXP 	image_2: image = 'imagenes/salchicha hojaldrada.jpg'
71.7655 	EXP 	slider_2: markerPos = None
71.7655 	EXP 	slider_2: markerPos = None
71.7655 	EXP 	slider_2: rating = None
72.7658 	EXP 	image_2: autoDraw = True
72.7658 	EXP 	slider_2: autoDraw = True
73.3532 	DATA 	Mouse: Left button down, pos=(949,150)
73.3657 	EXP 	slider_2: markerPos = 5.231770833333334
73.3825 	EXP 	slider_2: markerPos = 5.231770833333334
73.3993 	EXP 	slider_2: markerPos = 5.231770833333334
73.4158 	EXP 	slider_2: markerPos = 5.231770833333334
73.4327 	EXP 	slider_2: markerPos = 5.231770833333334
73.4491 	EXP 	slider_2: markerPos = 5.231770833333334
73.4657 	EXP 	slider_2: markerPos = 5.231770833333334
73.4763 	DATA 	Mouse:  Left button up, pos=(949,150)
73.4828 	EXP 	slider_2: markerPos = 5.231770833333334
73.4990 	EXP 	slider_2: markerPos = 5.231770833333334
73.4990 	EXP 	slider_2: rating = 5.231770833333334
73.5028 	EXP 	New trial (rep=0, index=32): OrderedDict([('Imagenes', 'imagenes/Alpinito.jpg'), ('Random', 0.7416150880621702), ('Correcto', None)])
73.5404 	EXP 	image_2: autoDraw = False
73.5404 	EXP 	slider_2: autoDraw = False
73.5404 	EXP 	image_2: image = 'imagenes/Alpinito.jpg'
73.5404 	EXP 	slider_2: markerPos = None
73.5404 	EXP 	slider_2: markerPos = None
73.5404 	EXP 	slider_2: rating = None
74.5354 	EXP 	image_2: autoDraw = True
74.5354 	EXP 	slider_2: autoDraw = True
74.8862 	DATA 	Mouse: Left button down, pos=(802,154)
74.8991 	EXP 	slider_2: markerPos = 4.274739583333333
74.9159 	EXP 	slider_2: markerPos = 4.274739583333333
74.9326 	EXP 	slider_2: markerPos = 4.274739583333333
74.9492 	EXP 	slider_2: markerPos = 4.274739583333333
74.9657 	EXP 	slider_2: markerPos = 4.274739583333333
74.9830 	EXP 	slider_2: markerPos = 4.274739583333333
74.9905 	DATA 	Mouse:  Left button up, pos=(802,154)
74.9989 	EXP 	slider_2: markerPos = 4.274739583333333
75.0156 	EXP 	slider_2: markerPos = 4.274739583333333
75.0156 	EXP 	slider_2: rating = 4.274739583333333
75.0193 	EXP 	New trial (rep=0, index=33): OrderedDict([('Imagenes', 'imagenes/Manzana.jpg'), ('Random', 0.4048420327008191), ('Correcto', None)])
75.0518 	EXP 	image_2: autoDraw = False
75.0518 	EXP 	slider_2: autoDraw = False
75.0518 	EXP 	image_2: image = 'imagenes/Manzana.jpg'
75.0518 	EXP 	slider_2: markerPos = None
75.0518 	EXP 	slider_2: markerPos = None
75.0518 	EXP 	slider_2: rating = None
76.0490 	EXP 	image_2: autoDraw = True
76.0490 	EXP 	slider_2: autoDraw = True
76.6525 	DATA 	Mouse: Left button down, pos=(753,165)
76.6658 	EXP 	slider_2: markerPos = 3.955729166666667
76.6822 	EXP 	slider_2: markerPos = 3.955729166666667
76.6989 	EXP 	slider_2: markerPos = 3.955729166666667
76.7156 	EXP 	slider_2: markerPos = 3.955729166666667
76.7325 	EXP 	slider_2: markerPos = 3.955729166666667
76.7492 	EXP 	slider_2: markerPos = 3.955729166666667
76.7657 	EXP 	slider_2: markerPos = 3.955729166666667
76.7824 	EXP 	slider_2: markerPos = 3.955729166666667
76.7905 	DATA 	Mouse:  Left button up, pos=(753,165)
76.7990 	EXP 	slider_2: markerPos = 3.955729166666667
76.8153 	EXP 	slider_2: markerPos = 3.955729166666667
76.8153 	EXP 	slider_2: rating = 3.955729166666667
76.8194 	EXP 	New trial (rep=0, index=34): OrderedDict([('Imagenes', 'imagenes/Uvas.jpg'), ('Random', 0.4959291644143431), ('Correcto', None)])
76.8370 	EXP 	image_2: autoDraw = False
76.8370 	EXP 	slider_2: autoDraw = False
76.8370 	EXP 	image_2: image = 'imagenes/Uvas.jpg'
76.8370 	EXP 	slider_2: markerPos = None
76.8370 	EXP 	slider_2: markerPos = None
76.8370 	EXP 	slider_2: rating = None
77.8322 	EXP 	image_2: autoDraw = True
77.8322 	EXP 	slider_2: autoDraw = True
78.3687 	DATA 	Mouse: Left button down, pos=(700,160)
78.3826 	EXP 	slider_2: markerPos = 3.610677083333333
78.3988 	EXP 	slider_2: markerPos = 3.610677083333333
78.4155 	EXP 	slider_2: markerPos = 3.610677083333333
78.4326 	EXP 	slider_2: markerPos = 3.610677083333333
78.4489 	EXP 	slider_2: markerPos = 3.610677083333333
78.4658 	EXP 	slider_2: markerPos = 3.610677083333333
78.4822 	EXP 	slider_2: markerPos = 3.610677083333333
78.4990 	EXP 	slider_2: markerPos = 3.610677083333333
78.5156 	EXP 	slider_2: markerPos = 3.610677083333333
78.5175 	DATA 	Mouse:  Left button up, pos=(700,160)
78.5320 	EXP 	slider_2: markerPos = 3.610677083333333
78.5320 	EXP 	slider_2: rating = 3.610677083333333
78.5358 	EXP 	New trial (rep=0, index=35): OrderedDict([('Imagenes', 'imagenes/Pizza.png'), ('Random', 0.21192443516553439), ('Correcto', None)])
78.5532 	EXP 	image_2: autoDraw = False
78.5532 	EXP 	slider_2: autoDraw = False
78.5532 	EXP 	image_2: image = 'imagenes/Pizza.png'
78.5532 	EXP 	slider_2: markerPos = None
78.5532 	EXP 	slider_2: markerPos = None
78.5532 	EXP 	slider_2: rating = None
79.5398 	EXP 	image_2: autoDraw = True
79.5398 	EXP 	slider_2: autoDraw = True
80.2850 	DATA 	Mouse: Left button down, pos=(599,160)
80.2988 	EXP 	slider_2: markerPos = 2.953125
80.3154 	EXP 	slider_2: markerPos = 2.953125
80.3320 	EXP 	slider_2: markerPos = 2.953125
80.3488 	EXP 	slider_2: markerPos = 2.953125
80.3654 	EXP 	slider_2: markerPos = 2.953125
80.3826 	EXP 	slider_2: markerPos = 2.953125
80.3988 	EXP 	slider_2: markerPos = 2.953125
80.4155 	EXP 	slider_2: markerPos = 2.953125
80.4237 	DATA 	Mouse:  Left button up, pos=(599,160)
80.4321 	EXP 	slider_2: markerPos = 2.953125
80.4486 	EXP 	slider_2: markerPos = 2.953125
80.4486 	EXP 	slider_2: rating = 2.953125
80.4527 	EXP 	New trial (rep=0, index=1): OrderedDict([('Hertz', 1000), ('volumen', 0.0)])
80.4659 	EXP 	Imported imagenes.xlsx as conditions, 36 conditions, 3 params
80.4665 	EXP 	Created sequence: random, trialTypes=36, nReps=1, seed=None
80.4669 	EXP 	New trial (rep=0, index=0): OrderedDict([('Imagenes', 'imagenes/Papas-pollo.jpg'), ('Random', 0.08373485417902837), ('Correcto', None)])
80.4816 	EXP 	image_2: autoDraw = False
80.4816 	EXP 	slider_2: autoDraw = False
80.4816 	EXP 	image_2: image = 'imagenes/Papas-pollo.jpg'
80.4816 	EXP 	slider_2: markerPos = None
80.4816 	EXP 	slider_2: markerPos = None
80.4816 	EXP 	slider_2: rating = None
81.4824 	EXP 	image_2: autoDraw = True
81.4824 	EXP 	slider_2: autoDraw = True
81.8729 	DATA 	Mouse: Left button down, pos=(703,161)
81.8840 	EXP 	slider_2: markerPos = 3.630208333333333
81.8988 	EXP 	slider_2: markerPos = 3.630208333333333
81.9154 	EXP 	slider_2: markerPos = 3.630208333333333
81.9322 	EXP 	slider_2: markerPos = 3.630208333333333
81.9487 	EXP 	slider_2: markerPos = 3.630208333333333
81.9655 	EXP 	slider_2: markerPos = 3.630208333333333
81.9825 	EXP 	slider_2: markerPos = 3.630208333333333
81.9892 	DATA 	Mouse:  Left button up, pos=(703,161)
81.9988 	EXP 	slider_2: markerPos = 3.630208333333333
82.0152 	EXP 	slider_2: markerPos = 3.630208333333333
82.0152 	EXP 	slider_2: rating = 3.630208333333333
82.0199 	EXP 	New trial (rep=0, index=1): OrderedDict([('Imagenes', 'imagenes/Papas-limon.jpg'), ('Random', 0.5280798509093595), ('Correcto', None)])
82.0345 	EXP 	image_2: autoDraw = False
82.0345 	EXP 	slider_2: autoDraw = False
82.0345 	EXP 	image_2: image = 'imagenes/Papas-limon.jpg'
82.0345 	EXP 	slider_2: markerPos = None
82.0345 	EXP 	slider_2: markerPos = None
82.0345 	EXP 	slider_2: rating = None
83.0320 	EXP 	image_2: autoDraw = True
83.0320 	EXP 	slider_2: autoDraw = True
83.6023 	DATA 	Mouse: Left button down, pos=(791,161)
83.6155 	EXP 	slider_2: markerPos = 4.203125
83.6322 	EXP 	slider_2: markerPos = 4.203125
83.6486 	EXP 	slider_2: markerPos = 4.203125
83.6651 	EXP 	slider_2: markerPos = 4.203125
83.6820 	EXP 	slider_2: markerPos = 4.203125
83.6986 	EXP 	slider_2: markerPos = 4.203125
83.7154 	EXP 	slider_2: markerPos = 4.203125
83.7324 	EXP 	slider_2: markerPos = 4.203125
83.7347 	DATA 	Mouse:  Left button up, pos=(791,161)
83.7483 	EXP 	slider_2: markerPos = 4.203125
83.7483 	EXP 	slider_2: rating = 4.203125
83.7522 	EXP 	New trial (rep=0, index=2): OrderedDict([('Imagenes', 'imagenes/Muffin de banano.png'), ('Random', 0.9610615059009696), ('Correcto', None)])
83.7903 	EXP 	image_2: autoDraw = False
83.7903 	EXP 	slider_2: autoDraw = False
83.7903 	EXP 	image_2: image = 'imagenes/Muffin de banano.png'
83.7903 	EXP 	slider_2: markerPos = None
83.7903 	EXP 	slider_2: markerPos = None
83.7903 	EXP 	slider_2: rating = None
84.7826 	EXP 	image_2: autoDraw = True
84.7826 	EXP 	slider_2: autoDraw = True
85.1361 	DATA 	Mouse: Left button down, pos=(815,159)
85.1486 	EXP 	slider_2: markerPos = 4.359375
85.1652 	EXP 	slider_2: markerPos = 4.359375
85.1820 	EXP 	slider_2: markerPos = 4.359375
85.1986 	EXP 	slider_2: markerPos = 4.359375
85.2154 	EXP 	slider_2: markerPos = 4.359375
85.2318 	EXP 	slider_2: markerPos = 4.359375
85.2485 	EXP 	slider_2: markerPos = 4.359375
85.2653 	EXP 	slider_2: markerPos = 4.359375
85.2741 	DATA 	Mouse:  Left button up, pos=(815,159)
85.2820 	EXP 	slider_2: markerPos = 4.359375
85.2982 	EXP 	slider_2: markerPos = 4.359375
85.2982 	EXP 	slider_2: rating = 4.359375
85.3021 	EXP 	New trial (rep=0, index=3): OrderedDict([('Imagenes', 'imagenes/Rosquitas (1).jpg'), ('Random', 0.024090340010977873), ('Correcto', None)])
85.3345 	EXP 	image_2: autoDraw = False
85.3345 	EXP 	slider_2: autoDraw = False
85.3345 	EXP 	image_2: image = 'imagenes/Rosquitas (1).jpg'
85.3345 	EXP 	slider_2: markerPos = None
85.3345 	EXP 	slider_2: markerPos = None
85.3345 	EXP 	slider_2: rating = None
86.3322 	EXP 	image_2: autoDraw = True
86.3322 	EXP 	slider_2: autoDraw = True
86.6436 	DATA 	Mouse: Left button down, pos=(1004,152)
86.6652 	EXP 	slider_2: markerPos = 5.58984375
86.6818 	EXP 	slider_2: markerPos = 5.58984375
86.6984 	EXP 	slider_2: markerPos = 5.58984375
86.7152 	EXP 	slider_2: markerPos = 5.58984375
86.7319 	EXP 	slider_2: markerPos = 5.58984375
86.7485 	EXP 	slider_2: markerPos = 5.58984375
86.7652 	EXP 	slider_2: markerPos = 5.58984375
86.7816 	EXP 	slider_2: markerPos = 5.58984375
86.7843 	DATA 	Mouse:  Left button up, pos=(1004,152)
86.7983 	EXP 	slider_2: markerPos = 5.58984375
86.7983 	EXP 	slider_2: rating = 5.58984375
86.8027 	EXP 	New trial (rep=0, index=4): OrderedDict([('Imagenes', 'imagenes/Leche-de-almendras.jpg'), ('Random', 0.3886559457994673), ('Correcto', None)])
86.8940 	EXP 	image_2: autoDraw = False
86.8940 	EXP 	slider_2: autoDraw = False
86.8940 	EXP 	image_2: image = 'imagenes/Leche-de-almendras.jpg'
86.8940 	EXP 	slider_2: markerPos = None
86.8940 	EXP 	slider_2: markerPos = None
86.8940 	EXP 	slider_2: rating = None
87.8820 	EXP 	image_2: autoDraw = True
87.8820 	EXP 	slider_2: autoDraw = True
88.0856 	DATA 	Mouse: Left button down, pos=(801,149)
88.0985 	EXP 	slider_2: markerPos = 4.268229166666667
88.1151 	EXP 	slider_2: markerPos = 4.268229166666667
88.1318 	EXP 	slider_2: markerPos = 4.268229166666667
88.1483 	EXP 	slider_2: markerPos = 4.268229166666667
88.1653 	EXP 	slider_2: markerPos = 4.268229166666667
88.1817 	EXP 	slider_2: markerPos = 4.268229166666667
88.1982 	EXP 	slider_2: markerPos = 4.268229166666667
88.2002 	DATA 	Mouse:  Left button up, pos=(801,149)
88.2149 	EXP 	slider_2: markerPos = 4.268229166666667
88.2149 	EXP 	slider_2: rating = 4.268229166666667
88.2186 	EXP 	New trial (rep=0, index=5): OrderedDict([('Imagenes', 'imagenes/Canelazo.png'), ('Random', 0.6730479360767814), ('Correcto', None)])
88.2797 	EXP 	image_2: autoDraw = False
88.2797 	EXP 	slider_2: autoDraw = False
88.2797 	EXP 	image_2: image = 'imagenes/Canelazo.png'
88.2797 	EXP 	slider_2: markerPos = None
88.2797 	EXP 	slider_2: markerPos = None
88.2797 	EXP 	slider_2: rating = None
89.2819 	EXP 	image_2: autoDraw = True
89.2819 	EXP 	slider_2: autoDraw = True
89.4697 	DATA 	Mouse: Left button down, pos=(701,151)
89.4818 	EXP 	slider_2: markerPos = 3.6171875
89.4984 	EXP 	slider_2: markerPos = 3.6171875
89.5151 	EXP 	slider_2: markerPos = 3.6171875
89.5320 	EXP 	slider_2: markerPos = 3.6171875
89.5482 	EXP 	slider_2: markerPos = 3.6171875
89.5650 	EXP 	slider_2: markerPos = 3.6171875
89.5819 	EXP 	slider_2: markerPos = 3.6171875
89.5982 	EXP 	slider_2: markerPos = 3.6171875
89.6004 	DATA 	Mouse:  Left button up, pos=(701,151)
89.6148 	EXP 	slider_2: markerPos = 3.6171875
89.6148 	EXP 	slider_2: rating = 3.6171875
89.6188 	EXP 	New trial (rep=0, index=6): OrderedDict([('Imagenes', 'imagenes/Manzana.jpg'), ('Random', 0.4048420327008191), ('Correcto', None)])
89.6515 	EXP 	image_2: autoDraw = False
89.6515 	EXP 	slider_2: autoDraw = False
89.6515 	EXP 	image_2: image = 'imagenes/Manzana.jpg'
89.6515 	EXP 	slider_2: markerPos = None
89.6515 	EXP 	slider_2: markerPos = None
89.6515 	EXP 	slider_2: rating = None
90.6482 	EXP 	image_2: autoDraw = True
90.6482 	EXP 	slider_2: autoDraw = True
90.8942 	DATA 	Mouse: Left button down, pos=(544,152)
90.9150 	EXP 	slider_2: markerPos = 2.595052083333333
90.9315 	EXP 	slider_2: markerPos = 2.595052083333333
90.9482 	EXP 	slider_2: markerPos = 2.595052083333333
90.9651 	EXP 	slider_2: markerPos = 2.595052083333333
90.9819 	EXP 	slider_2: markerPos = 2.595052083333333
90.9984 	EXP 	slider_2: markerPos = 2.595052083333333
91.0152 	EXP 	slider_2: markerPos = 2.595052083333333
91.0319 	EXP 	slider_2: markerPos = 2.595052083333333
91.0481 	EXP 	slider_2: markerPos = 2.595052083333333
91.0502 	DATA 	Mouse:  Left button up, pos=(544,152)
91.0648 	EXP 	slider_2: markerPos = 2.595052083333333
91.0648 	EXP 	slider_2: rating = 2.595052083333333
91.0685 	EXP 	New trial (rep=0, index=7): OrderedDict([('Imagenes', 'imagenes/Uvas.jpg'), ('Random', 0.4959291644143431), ('Correcto', None)])
91.0856 	EXP 	image_2: autoDraw = False
91.0856 	EXP 	slider_2: autoDraw = False
91.0856 	EXP 	image_2: image = 'imagenes/Uvas.jpg'
91.0856 	EXP 	slider_2: markerPos = None
91.0856 	EXP 	slider_2: markerPos = None
91.0856 	EXP 	slider_2: rating = None
92.0670 	EXP 	image_2: autoDraw = True
92.0670 	EXP 	slider_2: autoDraw = True
92.1846 	DATA 	Mouse: Left button down, pos=(728,154)
92.1982 	EXP 	slider_2: markerPos = 3.79296875
92.2148 	EXP 	slider_2: markerPos = 3.79296875
92.2315 	EXP 	slider_2: markerPos = 3.79296875
92.2481 	EXP 	slider_2: markerPos = 3.79296875
92.2649 	EXP 	slider_2: markerPos = 3.79296875
92.2815 	EXP 	slider_2: markerPos = 3.79296875
92.2982 	EXP 	slider_2: markerPos = 3.79296875
92.3147 	EXP 	slider_2: markerPos = 3.79296875
92.3313 	EXP 	slider_2: markerPos = 3.79296875
92.3479 	EXP 	slider_2: markerPos = 3.79296875
92.3504 	DATA 	Mouse:  Left button up, pos=(728,154)
92.3648 	EXP 	slider_2: markerPos = 3.79296875
92.3648 	EXP 	slider_2: rating = 3.79296875
92.3686 	EXP 	New trial (rep=0, index=8): OrderedDict([('Imagenes', 'imagenes/Banano.jpeg'), ('Random', 0.2267656716538785), ('Correcto', None)])
92.3865 	EXP 	image_2: autoDraw = False
92.3865 	EXP 	slider_2: autoDraw = False
92.3865 	EXP 	image_2: image = 'imagenes/Banano.jpeg'
92.3865 	EXP 	slider_2: markerPos = None
92.3865 	EXP 	slider_2: markerPos = None
92.3865 	EXP 	slider_2: rating = None
93.3650 	EXP 	image_2: autoDraw = True
93.3650 	EXP 	slider_2: autoDraw = True
93.8519 	DATA 	Mouse: Left button down, pos=(812,154)
93.8648 	EXP 	slider_2: markerPos = 4.33984375
93.8815 	EXP 	slider_2: markerPos = 4.33984375
93.8981 	EXP 	slider_2: markerPos = 4.33984375
93.9147 	EXP 	slider_2: markerPos = 4.33984375
93.9317 	EXP 	slider_2: markerPos = 4.33984375
93.9482 	EXP 	slider_2: markerPos = 4.33984375
93.9650 	EXP 	slider_2: markerPos = 4.33984375
93.9816 	EXP 	slider_2: markerPos = 4.33984375
93.9982 	EXP 	slider_2: markerPos = 4.33984375
94.0067 	DATA 	Mouse:  Left button up, pos=(812,154)
94.0147 	EXP 	slider_2: markerPos = 4.33984375
94.0315 	EXP 	slider_2: markerPos = 4.33984375
94.0315 	EXP 	slider_2: rating = 4.33984375
94.0356 	EXP 	New trial (rep=0, index=9): OrderedDict([('Imagenes', 'imagenes/Yogurt-alpina.jpg'), ('Random', 0.5445152936222175), ('Correcto', None)])
94.0529 	EXP 	image_2: autoDraw = False
94.0529 	EXP 	slider_2: autoDraw = False
94.0529 	EXP 	image_2: image = 'imagenes/Yogurt-alpina.jpg'
94.0529 	EXP 	slider_2: markerPos = None
94.0529 	EXP 	slider_2: markerPos = None
94.0529 	EXP 	slider_2: rating = None
95.0481 	EXP 	image_2: autoDraw = True
95.0481 	EXP 	slider_2: autoDraw = True
95.2691 	DATA 	Mouse: Left button down, pos=(715,151)
95.2815 	EXP 	slider_2: markerPos = 3.708333333333333
95.2980 	EXP 	slider_2: markerPos = 3.708333333333333
95.3148 	EXP 	slider_2: markerPos = 3.708333333333333
95.3315 	EXP 	slider_2: markerPos = 3.708333333333333
95.3480 	EXP 	slider_2: markerPos = 3.708333333333333
95.3648 	EXP 	slider_2: markerPos = 3.708333333333333
95.3815 	EXP 	slider_2: markerPos = 3.708333333333333
95.3981 	EXP 	slider_2: markerPos = 3.708333333333333
95.4084 	DATA 	Mouse:  Left button up, pos=(715,151)
95.4145 	EXP 	slider_2: markerPos = 3.708333333333333
95.4313 	EXP 	slider_2: markerPos = 3.708333333333333
95.4313 	EXP 	slider_2: rating = 3.708333333333333
95.4354 	EXP 	New trial (rep=0, index=10): OrderedDict([('Imagenes', 'imagenes/Brownie.jpg'), ('Random', 0.2838924074864093), ('Correcto', None)])
95.4735 	EXP 	image_2: autoDraw = False
95.4735 	EXP 	slider_2: autoDraw = False
95.4735 	EXP 	image_2: image = 'imagenes/Brownie.jpg'
95.4735 	EXP 	slider_2: markerPos = None
95.4735 	EXP 	slider_2: markerPos = None
95.4735 	EXP 	slider_2: rating = None
96.4652 	EXP 	image_2: autoDraw = True
96.4652 	EXP 	slider_2: autoDraw = True
96.7015 	DATA 	Mouse: Left button down, pos=(833,152)
96.7150 	EXP 	slider_2: markerPos = 4.4765625
96.7318 	EXP 	slider_2: markerPos = 4.4765625
96.7478 	EXP 	slider_2: markerPos = 4.4765625
96.7647 	EXP 	slider_2: markerPos = 4.4765625
96.7818 	EXP 	slider_2: markerPos = 4.4765625
96.7981 	EXP 	slider_2: markerPos = 4.4765625
96.8148 	EXP 	slider_2: markerPos = 4.4765625
96.8235 	DATA 	Mouse:  Left button up, pos=(833,152)
96.8312 	EXP 	slider_2: markerPos = 4.4765625
96.8477 	EXP 	slider_2: markerPos = 4.4765625
96.8477 	EXP 	slider_2: rating = 4.4765625
96.8518 	EXP 	New trial (rep=0, index=11): OrderedDict([('Imagenes', 'imagenes/Alpinito.jpg'), ('Random', 0.7416150880621702), ('Correcto', None)])
96.8904 	EXP 	image_2: autoDraw = False
96.8904 	EXP 	slider_2: autoDraw = False
96.8904 	EXP 	image_2: image = 'imagenes/Alpinito.jpg'
96.8904 	EXP 	slider_2: markerPos = None
96.8904 	EXP 	slider_2: markerPos = None
96.8904 	EXP 	slider_2: rating = None
97.8812 	EXP 	image_2: autoDraw = True
97.8812 	EXP 	slider_2: autoDraw = True
98.0062 	DATA 	Mouse: Left button down, pos=(668,151)
98.0310 	EXP 	slider_2: markerPos = 3.40234375
98.0478 	EXP 	slider_2: markerPos = 3.40234375
98.0645 	EXP 	slider_2: markerPos = 3.40234375
98.0812 	EXP 	slider_2: markerPos = 3.40234375
98.0980 	EXP 	slider_2: markerPos = 3.40234375
98.1146 	EXP 	slider_2: markerPos = 3.40234375
98.1312 	EXP 	slider_2: markerPos = 3.40234375
98.1338 	DATA 	Mouse:  Left button up, pos=(668,151)
98.1480 	EXP 	slider_2: markerPos = 3.40234375
98.1480 	EXP 	slider_2: rating = 3.40234375
98.1523 	EXP 	New trial (rep=0, index=12): OrderedDict([('Imagenes', 'imagenes/bon-bon-bun.jpg'), ('Random', 0.7417452724056987), ('Correcto', None)])
98.1834 	EXP 	image_2: autoDraw = False
98.1834 	EXP 	slider_2: autoDraw = False
98.1834 	EXP 	image_2: image = 'imagenes/bon-bon-bun.jpg'
98.1834 	EXP 	slider_2: markerPos = None
98.1834 	EXP 	slider_2: markerPos = None
98.1834 	EXP 	slider_2: rating = None
99.1812 	EXP 	image_2: autoDraw = True
99.1812 	EXP 	slider_2: autoDraw = True
99.2918 	DATA 	Mouse: Left button down, pos=(883,156)
99.3148 	EXP 	slider_2: markerPos = 4.802083333333334
99.3316 	EXP 	slider_2: markerPos = 4.802083333333334
99.3479 	EXP 	slider_2: markerPos = 4.802083333333334
99.3646 	EXP 	slider_2: markerPos = 4.802083333333334
99.3813 	EXP 	slider_2: markerPos = 4.802083333333334
99.3978 	EXP 	slider_2: markerPos = 4.802083333333334
99.4147 	EXP 	slider_2: markerPos = 4.802083333333334
99.4313 	EXP 	slider_2: markerPos = 4.802083333333334
99.4343 	DATA 	Mouse:  Left button up, pos=(883,156)
99.4477 	EXP 	slider_2: markerPos = 4.802083333333334
99.4477 	EXP 	slider_2: rating = 4.802083333333334
99.4517 	EXP 	New trial (rep=0, index=13): OrderedDict([('Imagenes', 'imagenes/Popetas.jpg'), ('Random', 0.9621625733302204), ('Correcto', None)])
99.4934 	EXP 	image_2: autoDraw = False
99.4934 	EXP 	slider_2: autoDraw = False
99.4934 	EXP 	image_2: image = 'imagenes/Popetas.jpg'
99.4934 	EXP 	slider_2: markerPos = None
99.4934 	EXP 	slider_2: markerPos = None
99.4934 	EXP 	slider_2: rating = None
100.4813 	EXP 	image_2: autoDraw = True
100.4813 	EXP 	slider_2: autoDraw = True
100.6020 	DATA 	Mouse: Left button down, pos=(883,156)
100.6146 	EXP 	slider_2: markerPos = 4.802083333333334
100.6314 	EXP 	slider_2: markerPos = 4.802083333333334
100.6478 	EXP 	slider_2: markerPos = 4.802083333333334
100.6646 	EXP 	slider_2: markerPos = 4.802083333333334
100.6812 	EXP 	slider_2: markerPos = 4.802083333333334
100.6979 	EXP 	slider_2: markerPos = 4.802083333333334
100.7145 	EXP 	slider_2: markerPos = 4.802083333333334
100.7311 	EXP 	slider_2: markerPos = 4.802083333333334
100.7385 	DATA 	Mouse:  Left button up, pos=(883,156)
100.7475 	EXP 	slider_2: markerPos = 4.802083333333334
100.7643 	EXP 	slider_2: markerPos = 4.802083333333334
100.7643 	EXP 	slider_2: rating = 4.802083333333334
100.7677 	EXP 	New trial (rep=0, index=14): OrderedDict([('Imagenes', 'imagenes/Mango.jpeg'), ('Random', 0.4341155418941499), ('Correcto', None)])
100.7872 	EXP 	image_2: autoDraw = False
100.7872 	EXP 	slider_2: autoDraw = False
100.7872 	EXP 	image_2: image = 'imagenes/Mango.jpeg'
100.7872 	EXP 	slider_2: markerPos = None
100.7872 	EXP 	slider_2: markerPos = None
100.7872 	EXP 	slider_2: rating = None
101.7811 	EXP 	image_2: autoDraw = True
101.7811 	EXP 	slider_2: autoDraw = True
101.8094 	DATA 	Mouse: Left button down, pos=(1007,153)
101.8311 	EXP 	slider_2: markerPos = 5.609375
101.8478 	EXP 	slider_2: markerPos = 5.615885416666666
101.8647 	EXP 	slider_2: markerPos = 5.615885416666666
101.8811 	EXP 	slider_2: markerPos = 5.615885416666666
101.8978 	EXP 	slider_2: markerPos = 5.622395833333334
101.9145 	EXP 	slider_2: markerPos = 5.622395833333334
101.9311 	EXP 	slider_2: markerPos = 5.622395833333334
101.9480 	EXP 	slider_2: markerPos = 5.622395833333334
101.9646 	EXP 	slider_2: markerPos = 5.622395833333334
101.9736 	DATA 	Mouse:  Left button up, pos=(1009,155)
101.9810 	EXP 	slider_2: markerPos = 5.622395833333334
101.9976 	EXP 	slider_2: markerPos = 5.622395833333334
101.9976 	EXP 	slider_2: rating = 5.622395833333334
102.0016 	EXP 	New trial (rep=0, index=15): OrderedDict([('Imagenes', 'imagenes/Kiwi.jpg'), ('Random', 0.3929145850942286), ('Correcto', None)])
102.0142 	EXP 	image_2: autoDraw = False
102.0142 	EXP 	slider_2: autoDraw = False
102.0142 	EXP 	image_2: image = 'imagenes/Kiwi.jpg'
102.0142 	EXP 	slider_2: markerPos = None
102.0142 	EXP 	slider_2: markerPos = None
102.0142 	EXP 	slider_2: rating = None
102.6012 	DATA 	Keypress: escape
103.0503 	EXP 	window1: mouseVisible = True
