1.2132 	WARNING 	We strongly recommend you activate the PTB sound engine in PsychoPy prefs as the preferred audio engine. Its timing is vastly superior. Your prefs are currently set to use ['sounddevice', 'PTB', 'pyo', 'pygame'] (in that order).
8.0622 	WARNING 	User requested fullscreen with size [1024  768], but screen is actually [1366, 768]. Using actual size
11.1038 	EXP 	Created window1 = Window(allowGUI=False, allowStencil=False, args=UNKNOWN, autoLog=True, bitsMode=UNKNOWN, blendMode='avg', bpc=(8, 8, 8), color=array([0., 0., 0.]), colorSpace='rgb', depthBits=8, fullscr=<method-wrapper '__getattribute__' of attributeSetter object at 0x00000201B353EFD0>, gamma=None, gammaErrorPolicy='raise', kwargs=UNKNOWN, lms=UNKNOWN, monitor=<psychopy.monitors.calibTools.Monitor object at 0x00000201B34D67F0>, multiSample=False, name='window1', numSamples=2, pos=[0.0, 0.0], screen=0, size=array([1366,  768]), stencilBits=0, stereo=False, units='height', useFBO=True, useRetina=False, viewOri=0.0, viewPos=None, viewScale=None, waitBlanking=True, winType='pyglet')
11.1041 	EXP 	window1: mouseVisible = True
11.1042 	EXP 	window1: recordFrameIntervals = False
11.2700 	EXP 	window1: recordFrameIntervals = True
11.4538 	EXP 	window1: recordFrameIntervals = False
12.0582 	EXP 	Sound sound_3 set volume 1.000
12.0585 	EXP 	Sound Sonido set volume 1.000
12.0751 	EXP 	Created image_2 = ImageStim(__class__=<class 'psychopy.visual.image.ImageStim'>, autoLog=True, color=array([1., 1., 1.]), colorSpace='rgb', contrast=1.0, depth=-1.0, flipHoriz=False, flipVert=False, image='sin', interpolate=True, mask=None, maskParams=None, name='image_2', opacity=1.0, ori=0.0, pos=array([0. , 0.2]), size=array([0.5, 0.5]), texRes=128, units='height', win=Window(...))
12.0803 	EXP 	window1: mouseVisible = True
12.5986 	EXP 	Created slider_2 = Slider(__class__=<class 'psychopy.visual.slider.Slider'>, autoDraw=False, autoLog=True, color='LightGray', depth=-2, flip=False, font='HelveticaBold', granularity=0, labelHeight=0.05, labelWrapWidth=None, labels=('0', '1000', '2000', '3000', '4000', '5000'), name='slider_2', pos=(0, -0.3), readOnly=False, self=UNKNOWN, size=(1.0, 0.05), style=method-wrapper(...), ticks=array([1, 2, 3, 4, 5, 6]), units='height', win=Window(...))
12.7254 	EXP 	Created text_2 = TextStim(__class__=<class 'psychopy.visual.text.TextStim'>, alignHoriz=method-wrapper(...), alignText='center', alignVert=method-wrapper(...), anchorHoriz='center', anchorVert='center', antialias=True, autoLog=True, bold=False, color='white', colorSpace='named', contrast=1.0, depth=0.0, flipHoriz=False, flipVert=False, font='Arial', fontFiles=[], height=0.05, italic=False, languageStyle='LTR', name='text_2', opacity=1.0, ori=0, pos=array([0., 0.]), rgb=array([255., 255., 255.]), text=str(...), units='height', win=Window(...), wrapWidth=1)
12.8036 	EXP 	Created text_3 = TextStim(__class__=<class 'psychopy.visual.text.TextStim'>, alignHoriz=method-wrapper(...), alignText='center', alignVert=method-wrapper(...), anchorHoriz='center', anchorVert='center', antialias=True, autoLog=True, bold=False, color='white', colorSpace='named', contrast=1.0, depth=0.0, flipHoriz=False, flipVert=False, font='Arial', fontFiles=[], height=0.05, italic=False, languageStyle='LTR', name='text_3', opacity=1.0, ori=0, pos=array([0., 0.]), rgb=array([255., 255., 255.]), text=str(...), units='height', win=Window(...), wrapWidth=1)
12.8569 	EXP 	Created text = TextStim(__class__=<class 'psychopy.visual.text.TextStim'>, alignHoriz=method-wrapper(...), alignText='center', alignVert=method-wrapper(...), anchorHoriz='center', anchorVert='center', antialias=True, autoLog=True, bold=False, color='white', colorSpace='named', contrast=1.0, depth=-1.0, flipHoriz=False, flipVert=False, font='Arial', fontFiles=[], height=0.1, italic=False, languageStyle='LTR', name='text', opacity=1.0, ori=0, pos=array([0.  , 0.15]), rgb=array([255., 255., 255.]), text='default text', units='height', win=Window(...), wrapWidth=1)
12.8656 	EXP 	Created text_4 = TextStim(__class__=<class 'psychopy.visual.text.TextStim'>, alignHoriz=method-wrapper(...), alignText='center', alignVert=method-wrapper(...), anchorHoriz='center', anchorVert='center', antialias=True, autoLog=True, bold=False, color='white', colorSpace='named', contrast=1.0, depth=-1.0, flipHoriz=False, flipVert=False, font='Arial', fontFiles=[], height=0.1, italic=False, languageStyle='LTR', name='text_4', opacity=1.0, ori=0, pos=array([0., 0.]), rgb=array([255., 255., 255.]), text='default text', units='height', win=Window(...), wrapWidth=1)
12.8709 	EXP 	Created image = ImageStim(__class__=<class 'psychopy.visual.image.ImageStim'>, autoLog=True, color=array([1., 1., 1.]), colorSpace='rgb', contrast=1.0, depth=-1.0, flipHoriz=False, flipVert=False, image='sin', interpolate=True, mask=None, maskParams=None, name='image', opacity=1.0, ori=0.0, pos=array([0., 0.]), size=array([0.5, 0.5]), texRes=128, units='height', win=Window(...))
12.8791 	EXP 	Created texto_final = TextStim(__class__=<class 'psychopy.visual.text.TextStim'>, alignHoriz=method-wrapper(...), alignText='center', alignVert=method-wrapper(...), anchorHoriz='center', anchorVert='center', antialias=True, autoLog=True, bold=False, color='white', colorSpace='named', contrast=1.0, depth=-1.0, flipHoriz=False, flipVert=False, font='Arial', fontFiles=[], height=0.1, italic=False, languageStyle='LTR', name='texto_final', opacity=1.0, ori=0, pos=array([0., 0.]), rgb=array([255., 255., 255.]), text='default text', units='height', win=Window(...), wrapWidth=1)
12.9506 	EXP 	slider_2: autoLog = True
12.9506 	EXP 	slider_2: markerPos = None
12.9506 	EXP 	slider_2: rating = None
12.9506 	EXP 	slider_2: markerPos = None
12.9506 	EXP 	slider_2: contrast = 1.0
12.9506 	EXP 	slider_2: autoLog = True
12.9506 	EXP 	slider_2: style = ['rating']
13.1258 	WARNING 	Got keycode {} but that code isn't yet known
13.1259 	WARNING 	Keypress was given unknown key code (176)
23.3361 	EXP 	Imported ruidos.xlsx as conditions, 4 conditions, 2 params
23.3373 	EXP 	Created sequence: random, trialTypes=4, nReps=1, seed=None
23.3379 	EXP 	New trial (rep=0, index=0): OrderedDict([('Hertz', 1000), ('volumen', 0.02)])
23.3679 	EXP 	Imported imagenes.xlsx as conditions, 36 conditions, 3 params
23.3686 	EXP 	Created sequence: random, trialTypes=36, nReps=1, seed=None
23.3692 	EXP 	New trial (rep=0, index=0): OrderedDict([('Imagenes', 'imagenes/Papas-limon.jpg'), ('Random', 0.5280798509093595), ('Correcto', None)])
23.4055 	EXP 	image_2: image = 'imagenes/Papas-limon.jpg'
23.4055 	EXP 	slider_2: markerPos = None
23.4055 	EXP 	slider_2: markerPos = None
23.4055 	EXP 	slider_2: rating = None
24.4840 	EXP 	image_2: autoDraw = True
24.4840 	EXP 	slider_2: autoDraw = True
25.3562 	DATA 	Mouse: Left button down, pos=(409,150)
25.3695 	EXP 	slider_2: markerPos = 1.7161458333333335
25.3858 	EXP 	slider_2: markerPos = 1.7161458333333335
25.4025 	EXP 	slider_2: markerPos = 1.7161458333333335
25.4190 	EXP 	slider_2: markerPos = 1.7161458333333335
25.4357 	EXP 	slider_2: markerPos = 1.7161458333333335
25.4524 	EXP 	slider_2: markerPos = 1.7161458333333335
25.4605 	DATA 	Mouse:  Left button up, pos=(409,150)
25.4688 	EXP 	slider_2: markerPos = 1.7161458333333335
25.4857 	EXP 	slider_2: markerPos = 1.7161458333333335
25.4857 	EXP 	slider_2: rating = 1.7161458333333335
25.7221 	EXP 	window1: mouseVisible = True
