1.4291 	WARNING 	We strongly recommend you activate the PTB sound engine in PsychoPy prefs as the preferred audio engine. Its timing is vastly superior. Your prefs are currently set to use ['sounddevice', 'PTB', 'pyo', 'pygame'] (in that order).
11.1591 	WARNING 	User requested fullscreen with size [1024  768], but screen is actually [1366, 768]. Using actual size
15.1117 	EXP 	Created window1 = Window(allowGUI=False, allowStencil=False, args=UNKNOWN, autoLog=True, bitsMode=UNKNOWN, blendMode='avg', bpc=(8, 8, 8), color=array([0., 0., 0.]), colorSpace='rgb', depthBits=8, fullscr=<method-wrapper '__getattribute__' of attributeSetter object at 0x00000138266CE5C0>, gamma=None, gammaErrorPolicy='raise', kwargs=UNKNOWN, lms=UNKNOWN, monitor=<psychopy.monitors.calibTools.Monitor object at 0x000001382656B630>, multiSample=False, name='window1', numSamples=2, pos=[0.0, 0.0], screen=0, size=array([1366,  768]), stencilBits=0, stereo=False, units='height', useFBO=True, useRetina=False, viewOri=0.0, viewPos=None, viewScale=None, waitBlanking=True, winType='pyglet')
15.1124 	EXP 	window1: mouseVisible = True
15.1124 	EXP 	window1: recordFrameIntervals = False
15.2769 	EXP 	window1: recordFrameIntervals = True
15.4609 	EXP 	window1: recordFrameIntervals = False
15.8874 	EXP 	Sound sound_3 set volume 1.000
15.8878 	EXP 	Sound Sonido set volume 1.000
15.9031 	EXP 	Created image_2 = ImageStim(__class__=<class 'psychopy.visual.image.ImageStim'>, autoLog=True, color=array([1., 1., 1.]), colorSpace='rgb', contrast=1.0, depth=-1.0, flipHoriz=False, flipVert=False, image='sin', interpolate=True, mask=None, maskParams=None, name='image_2', opacity=1.0, ori=0.0, pos=array([0. , 0.2]), size=array([0.5, 0.5]), texRes=128, units='height', win=Window(...))
15.9325 	EXP 	window1: mouseVisible = True
16.1000 	EXP 	Created slider_2 = Slider(__class__=<class 'psychopy.visual.slider.Slider'>, autoDraw=False, autoLog=True, color='LightGray', depth=0, flip=False, font='HelveticaBold', granularity=0, labelHeight=0.05, labelWrapWidth=None, labels=('0', '1000', '2000', '3000', '4000', '5000'), name='slider_2', pos=(0, -0.3), readOnly=False, self=UNKNOWN, size=(1.0, 0.05), style=method-wrapper(...), ticks=array([1, 2, 3, 4, 5, 6]), units='height', win=Window(...))
16.1478 	EXP 	Created text = TextStim(__class__=<class 'psychopy.visual.text.TextStim'>, alignHoriz=method-wrapper(...), alignText='center', alignVert=method-wrapper(...), anchorHoriz='center', anchorVert='center', antialias=True, autoLog=True, bold=False, color='white', colorSpace='named', contrast=1.0, depth=-1.0, flipHoriz=False, flipVert=False, font='Arial', fontFiles=[], height=0.1, italic=False, languageStyle='LTR', name='text', opacity=1.0, ori=0, pos=array([0., 0.]), rgb=array([255., 255., 255.]), text='0.1814501353018294', units='height', win=Window(...), wrapWidth=1)
16.2404 	EXP 	slider_2: autoLog = True
16.2404 	EXP 	slider_2: markerPos = None
16.2404 	EXP 	slider_2: rating = None
16.2404 	EXP 	slider_2: markerPos = None
16.2404 	EXP 	slider_2: contrast = 1.0
16.2404 	EXP 	slider_2: autoLog = True
16.2404 	EXP 	slider_2: style = ['rating']
26.6438 	EXP 	Imported ruidos.xlsx as conditions, 4 conditions, 2 params
26.6446 	EXP 	Created sequence: random, trialTypes=4, nReps=1, seed=None
26.6452 	EXP 	New trial (rep=0, index=0): OrderedDict([('Hertz', 400), ('volumen', 0.02)])
26.6631 	EXP 	Imported imagenes.xlsx as conditions, 20 conditions, 3 params
26.6638 	EXP 	Created sequence: random, trialTypes=20, nReps=1, seed=None
26.6645 	EXP 	New trial (rep=0, index=0): OrderedDict([('Imagenes', 'imagenes\\Leche-de-almendras.jpg'), ('Random', 0.36073876480313727), ('Correcto', None)])
26.8034 	EXP 	image_2: image = 'imagenes\\Leche-de-almendras.jpg'
26.8034 	EXP 	slider_2: markerPos = None
26.8034 	EXP 	slider_2: markerPos = None
26.8034 	EXP 	slider_2: rating = None
28.9042 	EXP 	image_2: autoDraw = True
28.9042 	EXP 	slider_2: autoDraw = True
31.1629 	DATA 	Keypress: escape
31.5830 	EXP 	window1: mouseVisible = True
