0.8169 	WARNING 	We strongly recommend you activate the PTB sound engine in PsychoPy prefs as the preferred audio engine. Its timing is vastly superior. Your prefs are currently set to use ['sounddevice', 'PTB', 'pyo', 'pygame'] (in that order).
7.0094 	WARNING 	User requested fullscreen with size [1024  768], but screen is actually [1366, 768]. Using actual size
8.4884 	EXP 	Created window1 = Window(allowGUI=False, allowStencil=False, args=UNKNOWN, autoLog=True, bitsMode=UNKNOWN, blendMode='avg', bpc=(8, 8, 8), color=array([0., 0., 0.]), colorSpace='rgb', depthBits=8, fullscr=<method-wrapper '__getattribute__' of attributeSetter object at 0x000001F2AF88E630>, gamma=None, gammaErrorPolicy='raise', kwargs=UNKNOWN, lms=UNKNOWN, monitor=<psychopy.monitors.calibTools.Monitor object at 0x000001F2AF7AC6A0>, multiSample=False, name='window1', numSamples=2, pos=[0.0, 0.0], screen=0, size=array([1366,  768]), stencilBits=0, stereo=False, units='height', useFBO=True, useRetina=False, viewOri=0.0, viewPos=None, viewScale=None, waitBlanking=True, winType='pyglet')
8.4887 	EXP 	window1: mouseVisible = True
8.4888 	EXP 	window1: recordFrameIntervals = False
8.6551 	EXP 	window1: recordFrameIntervals = True
8.8390 	EXP 	window1: recordFrameIntervals = False
9.0478 	EXP 	Sound Sonido set volume 1.000
9.0591 	EXP 	Created image_2 = ImageStim(__class__=<class 'psychopy.visual.image.ImageStim'>, autoLog=True, color=array([1., 1., 1.]), colorSpace='rgb', contrast=1.0, depth=-1.0, flipHoriz=False, flipVert=False, image='sin', interpolate=True, mask=None, maskParams=None, name='image_2', opacity=1.0, ori=0.0, pos=array([0. , 0.2]), size=array([0.5, 0.5]), texRes=128, units='height', win=Window(...))
9.0772 	EXP 	window1: mouseVisible = True
9.1819 	EXP 	Created slider_2 = Slider(__class__=<class 'psychopy.visual.slider.Slider'>, autoDraw=False, autoLog=True, color='LightGray', depth=0, flip=False, font='HelveticaBold', granularity=0, labelHeight=0.05, labelWrapWidth=None, labels=('0', '1000', '2000', '3000', '4000', '5000'), name='slider_2', pos=(0, -0.3), readOnly=False, self=UNKNOWN, size=(1.0, 0.05), style=method-wrapper(...), ticks=array([1, 2, 3, 4, 5, 6]), units='height', win=Window(...))
9.2159 	EXP 	Created text = TextStim(__class__=<class 'psychopy.visual.text.TextStim'>, alignHoriz=method-wrapper(...), alignText='center', alignVert=method-wrapper(...), anchorHoriz='center', anchorVert='center', antialias=True, autoLog=True, bold=False, color='white', colorSpace='named', contrast=1.0, depth=-1.0, flipHoriz=False, flipVert=False, font='Arial', fontFiles=[], height=0.1, italic=False, languageStyle='LTR', name='text', opacity=1.0, ori=0, pos=array([0., 0.]), rgb=array([255., 255., 255.]), text='default text', units='height', win=Window(...), wrapWidth=1)
9.2900 	EXP 	Imported ruidos.xlsx as conditions, 4 conditions, 2 params
9.2906 	EXP 	Created sequence: random, trialTypes=4, nReps=1, seed=None
9.2910 	EXP 	New trial (rep=0, index=0): OrderedDict([('Hertz', 1000), ('volumen', 0.0)])
9.3056 	EXP 	Imported imagenes.xlsx as conditions, 20 conditions, 3 params
9.3061 	EXP 	Created sequence: random, trialTypes=20, nReps=1, seed=None
9.3066 	EXP 	New trial (rep=0, index=0): OrderedDict([('Imagenes', 'imagenes\\Popetas.jpg'), ('Random', 0.07650200324054446), ('Correcto', None)])
9.4795 	EXP 	slider_2: autoLog = True
9.4795 	EXP 	slider_2: markerPos = None
9.4795 	EXP 	slider_2: rating = None
9.4795 	EXP 	slider_2: markerPos = None
9.4795 	EXP 	slider_2: contrast = 1.0
9.4795 	EXP 	slider_2: autoLog = True
9.4795 	EXP 	slider_2: style = ['rating']
9.4795 	EXP 	image_2: image = 'imagenes\\Popetas.jpg'
9.4795 	EXP 	slider_2: markerPos = None
9.4795 	EXP 	slider_2: markerPos = None
9.4795 	EXP 	slider_2: rating = None
9.4795 	EXP 	image_2: autoDraw = True
9.4795 	EXP 	slider_2: autoDraw = True
10.2581 	EXP 	New trial (rep=0, index=1): OrderedDict([('Imagenes', 'imagenes\\Galletas-festival.jpg'), ('Random', 0.36121121246191135), ('Correcto', None)])
10.3177 	EXP 	image_2: autoDraw = False
10.3177 	EXP 	slider_2: autoDraw = False
10.3177 	EXP 	image_2: image = 'imagenes\\Galletas-festival.jpg'
10.3177 	EXP 	slider_2: markerPos = None
10.3177 	EXP 	slider_2: markerPos = None
10.3177 	EXP 	slider_2: rating = None
10.3177 	EXP 	image_2: autoDraw = True
10.3177 	EXP 	slider_2: autoDraw = True
10.5910 	DATA 	Mouse: Left button down, pos=(705,163)
10.6051 	EXP 	slider_2: markerPos = 3.643229166666667
10.6222 	EXP 	slider_2: markerPos = 3.643229166666667
10.6383 	EXP 	slider_2: markerPos = 3.643229166666667
10.6549 	EXP 	slider_2: markerPos = 3.643229166666667
10.6567 	DATA 	Mouse:  Left button up, pos=(705,163)
10.6718 	EXP 	slider_2: markerPos = 3.643229166666667
10.6718 	EXP 	slider_2: rating = 3.643229166666667
10.6744 	EXP 	New trial (rep=0, index=2): OrderedDict([('Imagenes', 'imagenes\\Banano.jpeg'), ('Random', 0.651633055306917), ('Correcto', None)])
10.6948 	EXP 	image_2: autoDraw = False
10.6948 	EXP 	slider_2: autoDraw = False
10.6948 	EXP 	image_2: image = 'imagenes\\Banano.jpeg'
10.6948 	EXP 	slider_2: markerPos = None
10.6948 	EXP 	slider_2: markerPos = None
10.6948 	EXP 	slider_2: rating = None
10.6948 	EXP 	image_2: autoDraw = True
10.6948 	EXP 	slider_2: autoDraw = True
10.8097 	DATA 	Mouse: Left button down, pos=(696,156)
10.8386 	EXP 	slider_2: markerPos = 3.578125
10.8552 	EXP 	slider_2: markerPos = 3.565104166666667
10.8722 	EXP 	slider_2: markerPos = 3.565104166666667
10.8743 	DATA 	Mouse:  Left button up, pos=(693,154)
10.8886 	EXP 	slider_2: markerPos = 3.565104166666667
10.8886 	EXP 	slider_2: rating = 3.565104166666667
10.8915 	EXP 	New trial (rep=0, index=3): OrderedDict([('Imagenes', 'imagenes\\Galletas Tosh.jpg'), ('Random', 0.478088790487872), ('Correcto', None)])
10.9295 	EXP 	image_2: autoDraw = False
10.9295 	EXP 	slider_2: autoDraw = False
10.9295 	EXP 	image_2: image = 'imagenes\\Galletas Tosh.jpg'
10.9295 	EXP 	slider_2: markerPos = None
10.9295 	EXP 	slider_2: markerPos = None
10.9295 	EXP 	slider_2: rating = None
10.9295 	EXP 	image_2: autoDraw = True
10.9295 	EXP 	slider_2: autoDraw = True
10.9599 	DATA 	Mouse: Left button down, pos=(693,154)
10.9887 	EXP 	slider_2: markerPos = 3.565104166666667
11.0051 	EXP 	slider_2: markerPos = 3.565104166666667
11.0226 	EXP 	slider_2: markerPos = 3.565104166666667
11.0244 	DATA 	Mouse:  Left button up, pos=(693,154)
11.0387 	EXP 	slider_2: markerPos = 3.565104166666667
11.0387 	EXP 	slider_2: rating = 3.565104166666667
11.0414 	EXP 	New trial (rep=0, index=4): OrderedDict([('Imagenes', 'imagenes\\Croissant.jpg'), ('Random', 0.6152458173421255), ('Correcto', None)])
11.0850 	EXP 	image_2: autoDraw = False
11.0850 	EXP 	slider_2: autoDraw = False
11.0850 	EXP 	image_2: image = 'imagenes\\Croissant.jpg'
11.0850 	EXP 	slider_2: markerPos = None
11.0850 	EXP 	slider_2: markerPos = None
11.0850 	EXP 	slider_2: rating = None
11.0850 	EXP 	image_2: autoDraw = True
11.0850 	EXP 	slider_2: autoDraw = True
11.1257 	DATA 	Mouse: Left button down, pos=(693,154)
11.1558 	EXP 	slider_2: markerPos = 3.565104166666667
11.1723 	EXP 	slider_2: markerPos = 3.565104166666667
11.1743 	DATA 	Mouse:  Left button up, pos=(693,154)
11.1889 	EXP 	slider_2: markerPos = 3.565104166666667
11.1889 	EXP 	slider_2: rating = 3.565104166666667
11.1912 	EXP 	New trial (rep=0, index=5): OrderedDict([('Imagenes', 'imagenes\\Alpinito.jpg'), ('Random', 0.4515332417045813), ('Correcto', None)])
11.2211 	EXP 	image_2: autoDraw = False
11.2211 	EXP 	slider_2: autoDraw = False
11.2211 	EXP 	image_2: image = 'imagenes\\Alpinito.jpg'
11.2211 	EXP 	slider_2: markerPos = None
11.2211 	EXP 	slider_2: markerPos = None
11.2211 	EXP 	slider_2: rating = None
11.2211 	EXP 	image_2: autoDraw = True
11.2211 	EXP 	slider_2: autoDraw = True
11.2743 	DATA 	Mouse: Left button down, pos=(693,154)
11.2886 	EXP 	slider_2: markerPos = 3.565104166666667
11.3052 	EXP 	slider_2: markerPos = 3.565104166666667
11.3221 	EXP 	slider_2: markerPos = 3.565104166666667
11.3386 	EXP 	slider_2: markerPos = 3.565104166666667
11.3552 	EXP 	slider_2: markerPos = 3.565104166666667
11.3569 	DATA 	Mouse:  Left button up, pos=(693,154)
11.3719 	EXP 	slider_2: markerPos = 3.565104166666667
11.3719 	EXP 	slider_2: rating = 3.565104166666667
11.3754 	EXP 	New trial (rep=0, index=6): OrderedDict([('Imagenes', 'imagenes\\Chocoramo.jfif.jpg'), ('Random', 0.7789437122019539), ('Correcto', None)])
11.4257 	DATA 	Mouse: Left button down, pos=(693,154)
11.4301 	EXP 	image_2: autoDraw = False
11.4301 	EXP 	slider_2: autoDraw = False
11.4301 	EXP 	image_2: image = 'imagenes\\Chocoramo.jfif.jpg'
11.4301 	EXP 	slider_2: markerPos = None
11.4301 	EXP 	slider_2: markerPos = None
11.4301 	EXP 	slider_2: rating = None
11.4301 	EXP 	image_2: autoDraw = True
11.4301 	EXP 	slider_2: autoDraw = True
11.4301 	EXP 	slider_2: markerPos = 3.565104166666667
11.4384 	EXP 	slider_2: markerPos = 3.565104166666667
11.4448 	EXP 	slider_2: markerPos = 3.565104166666667
11.4552 	EXP 	slider_2: markerPos = 3.565104166666667
11.4721 	EXP 	slider_2: markerPos = 3.565104166666667
11.4884 	EXP 	slider_2: markerPos = 3.565104166666667
11.5054 	EXP 	slider_2: markerPos = 3.565104166666667
11.5073 	DATA 	Mouse:  Left button up, pos=(693,154)
11.5219 	EXP 	slider_2: markerPos = 3.565104166666667
11.5219 	EXP 	slider_2: rating = 3.565104166666667
11.5245 	EXP 	New trial (rep=0, index=7): OrderedDict([('Imagenes', 'imagenes\\Papas-pollo.jpg'), ('Random', 0.6683114062971784), ('Correcto', None)])
11.5461 	EXP 	image_2: autoDraw = False
11.5461 	EXP 	slider_2: autoDraw = False
11.5461 	EXP 	image_2: image = 'imagenes\\Papas-pollo.jpg'
11.5461 	EXP 	slider_2: markerPos = None
11.5461 	EXP 	slider_2: markerPos = None
11.5461 	EXP 	slider_2: rating = None
11.5461 	EXP 	image_2: autoDraw = True
11.5461 	EXP 	slider_2: autoDraw = True
11.5589 	DATA 	Mouse: Left button down, pos=(693,154)
11.5886 	EXP 	slider_2: markerPos = 3.565104166666667
11.6044 	EXP 	slider_2: markerPos = 3.565104166666667
11.6223 	EXP 	slider_2: markerPos = 3.565104166666667
11.6385 	EXP 	slider_2: markerPos = 3.565104166666667
11.6401 	DATA 	Mouse:  Left button up, pos=(693,154)
11.6552 	EXP 	slider_2: markerPos = 3.565104166666667
11.6552 	EXP 	slider_2: rating = 3.565104166666667
11.6573 	EXP 	New trial (rep=0, index=8): OrderedDict([('Imagenes', 'imagenes\\Kiwi.jpg'), ('Random', 0.5893907384852061), ('Correcto', None)])
11.6711 	EXP 	image_2: autoDraw = False
11.6711 	EXP 	slider_2: autoDraw = False
11.6711 	EXP 	image_2: image = 'imagenes\\Kiwi.jpg'
11.6711 	EXP 	slider_2: markerPos = None
11.6711 	EXP 	slider_2: markerPos = None
11.6711 	EXP 	slider_2: rating = None
11.6711 	EXP 	image_2: autoDraw = True
11.6711 	EXP 	slider_2: autoDraw = True
11.7075 	DATA 	Mouse: Left button down, pos=(693,154)
11.7219 	EXP 	slider_2: markerPos = 3.565104166666667
11.7386 	EXP 	slider_2: markerPos = 3.565104166666667
11.7551 	EXP 	slider_2: markerPos = 3.565104166666667
11.7715 	EXP 	slider_2: markerPos = 3.565104166666667
11.7737 	DATA 	Mouse:  Left button up, pos=(693,154)
11.7885 	EXP 	slider_2: markerPos = 3.565104166666667
11.7885 	EXP 	slider_2: rating = 3.565104166666667
11.7911 	EXP 	New trial (rep=0, index=9): OrderedDict([('Imagenes', 'imagenes\\Papas-naturales.jpg'), ('Random', 0.15856838916280946), ('Correcto', None)])
11.8102 	EXP 	image_2: autoDraw = False
11.8102 	EXP 	slider_2: autoDraw = False
11.8102 	EXP 	image_2: image = 'imagenes\\Papas-naturales.jpg'
11.8102 	EXP 	slider_2: markerPos = None
11.8102 	EXP 	slider_2: markerPos = None
11.8102 	EXP 	slider_2: rating = None
11.8102 	EXP 	image_2: autoDraw = True
11.8102 	EXP 	slider_2: autoDraw = True
11.8397 	DATA 	Mouse: Left button down, pos=(693,154)
11.8552 	EXP 	slider_2: markerPos = 3.565104166666667
11.8722 	EXP 	slider_2: markerPos = 3.565104166666667
11.8883 	EXP 	slider_2: markerPos = 3.565104166666667
11.9052 	EXP 	slider_2: markerPos = 3.565104166666667
11.9221 	EXP 	slider_2: markerPos = 3.565104166666667
11.9237 	DATA 	Mouse:  Left button up, pos=(693,154)
11.9389 	EXP 	slider_2: markerPos = 3.565104166666667
11.9389 	EXP 	slider_2: rating = 3.565104166666667
11.9419 	EXP 	New trial (rep=0, index=10): OrderedDict([('Imagenes', 'imagenes\\Yogurt-alpina.jpg'), ('Random', 0.21540995091807813), ('Correcto', None)])
11.9698 	EXP 	image_2: autoDraw = False
11.9698 	EXP 	slider_2: autoDraw = False
11.9698 	EXP 	image_2: image = 'imagenes\\Yogurt-alpina.jpg'
11.9698 	EXP 	slider_2: markerPos = None
11.9698 	EXP 	slider_2: markerPos = None
11.9698 	EXP 	slider_2: rating = None
11.9698 	EXP 	image_2: autoDraw = True
11.9698 	EXP 	slider_2: autoDraw = True
11.9760 	DATA 	Mouse: Left button down, pos=(693,154)
11.9883 	EXP 	slider_2: markerPos = 3.565104166666667
12.0051 	EXP 	slider_2: markerPos = 3.565104166666667
12.0219 	EXP 	slider_2: markerPos = 3.565104166666667
12.0385 	EXP 	slider_2: markerPos = 3.565104166666667
12.0552 	EXP 	slider_2: markerPos = 3.565104166666667
12.0712 	EXP 	slider_2: markerPos = 3.565104166666667
12.0728 	DATA 	Mouse:  Left button up, pos=(693,154)
12.0889 	EXP 	slider_2: markerPos = 3.565104166666667
12.0889 	EXP 	slider_2: rating = 3.565104166666667
12.0911 	EXP 	New trial (rep=0, index=11): OrderedDict([('Imagenes', 'imagenes\\Leche-de-almendras.jpg'), ('Random', 0.36073876480313727), ('Correcto', None)])
12.1711 	DATA 	Mouse: Left button down, pos=(693,154)
12.1786 	EXP 	image_2: autoDraw = False
12.1786 	EXP 	slider_2: autoDraw = False
12.1786 	EXP 	image_2: image = 'imagenes\\Leche-de-almendras.jpg'
12.1786 	EXP 	slider_2: markerPos = None
12.1786 	EXP 	slider_2: markerPos = None
12.1786 	EXP 	slider_2: rating = None
12.1786 	EXP 	image_2: autoDraw = True
12.1786 	EXP 	slider_2: autoDraw = True
12.1786 	EXP 	slider_2: markerPos = 3.565104166666667
12.1851 	EXP 	slider_2: markerPos = 3.565104166666667
12.1910 	EXP 	slider_2: markerPos = 3.565104166666667
12.2051 	EXP 	slider_2: markerPos = 3.565104166666667
12.2068 	DATA 	Mouse:  Left button up, pos=(693,154)
12.2219 	EXP 	slider_2: markerPos = 3.565104166666667
12.2219 	EXP 	slider_2: rating = 3.565104166666667
12.2249 	EXP 	New trial (rep=0, index=12): OrderedDict([('Imagenes', 'imagenes\\Papas-limon.jpg'), ('Random', 0.020692288100133793), ('Correcto', None)])
12.2385 	EXP 	image_2: autoDraw = False
12.2385 	EXP 	slider_2: autoDraw = False
12.2385 	EXP 	image_2: image = 'imagenes\\Papas-limon.jpg'
12.2385 	EXP 	slider_2: markerPos = None
12.2385 	EXP 	slider_2: markerPos = None
12.2385 	EXP 	slider_2: rating = None
12.2385 	EXP 	image_2: autoDraw = True
12.2385 	EXP 	slider_2: autoDraw = True
12.2742 	DATA 	Mouse: Left button down, pos=(693,154)
12.2886 	EXP 	slider_2: markerPos = 3.565104166666667
12.3051 	EXP 	slider_2: markerPos = 3.565104166666667
12.3218 	EXP 	slider_2: markerPos = 3.565104166666667
12.3384 	EXP 	slider_2: markerPos = 3.565104166666667
12.3549 	EXP 	slider_2: markerPos = 3.565104166666667
12.3569 	DATA 	Mouse:  Left button up, pos=(693,154)
12.3721 	EXP 	slider_2: markerPos = 3.565104166666667
12.3721 	EXP 	slider_2: rating = 3.565104166666667
12.3751 	EXP 	New trial (rep=0, index=13): OrderedDict([('Imagenes', 'imagenes\\Uvas.jpg'), ('Random', 0.7734382152670648), ('Correcto', None)])
12.3958 	DATA 	Mouse: Left button down, pos=(693,154)
12.4003 	EXP 	image_2: autoDraw = False
12.4003 	EXP 	slider_2: autoDraw = False
12.4003 	EXP 	image_2: image = 'imagenes\\Uvas.jpg'
12.4003 	EXP 	slider_2: markerPos = None
12.4003 	EXP 	slider_2: markerPos = None
12.4003 	EXP 	slider_2: rating = None
12.4003 	EXP 	image_2: autoDraw = True
12.4003 	EXP 	slider_2: autoDraw = True
12.4003 	EXP 	slider_2: markerPos = 3.565104166666667
12.4071 	EXP 	slider_2: markerPos = 3.565104166666667
12.4222 	EXP 	slider_2: markerPos = 3.565104166666667
12.4385 	EXP 	slider_2: markerPos = 3.565104166666667
12.4552 	EXP 	slider_2: markerPos = 3.565104166666667
12.4717 	EXP 	slider_2: markerPos = 3.565104166666667
12.4753 	DATA 	Mouse:  Left button up, pos=(693,154)
12.4888 	EXP 	slider_2: markerPos = 3.565104166666667
12.5052 	EXP 	slider_2: markerPos = 3.565104166666667
12.5052 	EXP 	slider_2: rating = 3.565104166666667
12.5074 	EXP 	New trial (rep=0, index=14): OrderedDict([('Imagenes', 'imagenes\\Nutella (1).jpg'), ('Random', 0.5277483225747329), ('Correcto', None)])
12.5291 	EXP 	image_2: autoDraw = False
12.5291 	EXP 	slider_2: autoDraw = False
12.5291 	EXP 	image_2: image = 'imagenes\\Nutella (1).jpg'
12.5291 	EXP 	slider_2: markerPos = None
12.5291 	EXP 	slider_2: markerPos = None
12.5291 	EXP 	slider_2: rating = None
12.5291 	EXP 	image_2: autoDraw = True
12.5291 	EXP 	slider_2: autoDraw = True
12.5311 	DATA 	Mouse: Left button down, pos=(693,154)
12.5382 	EXP 	slider_2: markerPos = 3.565104166666667
12.5550 	EXP 	slider_2: markerPos = 3.565104166666667
12.5718 	EXP 	slider_2: markerPos = 3.565104166666667
12.5886 	EXP 	slider_2: markerPos = 3.565104166666667
12.6049 	EXP 	slider_2: markerPos = 3.565104166666667
12.6220 	EXP 	slider_2: markerPos = 3.565104166666667
12.6246 	DATA 	Mouse:  Left button up, pos=(693,154)
12.6382 	EXP 	slider_2: markerPos = 3.565104166666667
12.6382 	EXP 	slider_2: rating = 3.565104166666667
12.6416 	EXP 	New trial (rep=0, index=15): OrderedDict([('Imagenes', 'imagenes\\Brownie.jpg'), ('Random', 0.17000143351927688), ('Correcto', None)])
12.6894 	DATA 	Mouse: Left button down, pos=(693,154)
12.6946 	EXP 	image_2: autoDraw = False
12.6946 	EXP 	slider_2: autoDraw = False
12.6946 	EXP 	image_2: image = 'imagenes\\Brownie.jpg'
12.6946 	EXP 	slider_2: markerPos = None
12.6946 	EXP 	slider_2: markerPos = None
12.6946 	EXP 	slider_2: rating = None
12.6946 	EXP 	image_2: autoDraw = True
12.6946 	EXP 	slider_2: autoDraw = True
12.6946 	EXP 	slider_2: markerPos = 3.565104166666667
12.7007 	EXP 	slider_2: markerPos = 3.565104166666667
12.7067 	EXP 	slider_2: markerPos = 3.565104166666667
12.7222 	EXP 	slider_2: markerPos = 3.565104166666667
12.7386 	EXP 	slider_2: markerPos = 3.565104166666667
12.7553 	EXP 	slider_2: markerPos = 3.565104166666667
12.7568 	DATA 	Mouse:  Left button up, pos=(693,154)
12.7720 	EXP 	slider_2: markerPos = 3.565104166666667
12.7720 	EXP 	slider_2: rating = 3.565104166666667
12.7752 	EXP 	New trial (rep=0, index=16): OrderedDict([('Imagenes', 'imagenes\\Mango.jpeg'), ('Random', 0.555669112372461), ('Correcto', None)])
12.8065 	EXP 	image_2: autoDraw = False
12.8065 	EXP 	slider_2: autoDraw = False
12.8065 	EXP 	image_2: image = 'imagenes\\Mango.jpeg'
12.8065 	EXP 	slider_2: markerPos = None
12.8065 	EXP 	slider_2: markerPos = None
12.8065 	EXP 	slider_2: rating = None
12.8065 	EXP 	image_2: autoDraw = True
12.8065 	EXP 	slider_2: autoDraw = True
12.8408 	DATA 	Mouse: Left button down, pos=(693,154)
12.8551 	EXP 	slider_2: markerPos = 3.565104166666667
12.8721 	EXP 	slider_2: markerPos = 3.565104166666667
12.8883 	EXP 	slider_2: markerPos = 3.565104166666667
12.9050 	EXP 	slider_2: markerPos = 3.565104166666667
12.9085 	DATA 	Mouse:  Left button up, pos=(693,154)
12.9218 	EXP 	slider_2: markerPos = 3.565104166666667
12.9387 	EXP 	slider_2: markerPos = 3.565104166666667
12.9387 	EXP 	slider_2: rating = 3.565104166666667
12.9409 	EXP 	New trial (rep=0, index=17): OrderedDict([('Imagenes', 'imagenes\\bon-bon-bun.jpg'), ('Random', 0.7387922093313524), ('Correcto', None)])
12.9656 	EXP 	image_2: autoDraw = False
12.9656 	EXP 	slider_2: autoDraw = False
12.9656 	EXP 	image_2: image = 'imagenes\\bon-bon-bun.jpg'
12.9656 	EXP 	slider_2: markerPos = None
12.9656 	EXP 	slider_2: markerPos = None
12.9656 	EXP 	slider_2: rating = None
12.9656 	EXP 	image_2: autoDraw = True
12.9656 	EXP 	slider_2: autoDraw = True
12.9708 	DATA 	Mouse: Left button down, pos=(693,154)
12.9885 	EXP 	slider_2: markerPos = 3.565104166666667
13.0050 	EXP 	slider_2: markerPos = 3.565104166666667
13.0218 	EXP 	slider_2: markerPos = 3.565104166666667
13.0386 	EXP 	slider_2: markerPos = 3.565104166666667
13.0550 	EXP 	slider_2: markerPos = 3.565104166666667
13.0584 	DATA 	Mouse:  Left button up, pos=(693,154)
13.0719 	EXP 	slider_2: markerPos = 3.565104166666667
13.0719 	EXP 	slider_2: rating = 3.565104166666667
13.0755 	EXP 	New trial (rep=0, index=18): OrderedDict([('Imagenes', 'imagenes\\Rosquitas (1).jpg'), ('Random', 0.3035383390851263), ('Correcto', None)])
13.1058 	DATA 	Mouse: Left button down, pos=(693,154)
13.1103 	EXP 	image_2: autoDraw = False
13.1103 	EXP 	slider_2: autoDraw = False
13.1103 	EXP 	image_2: image = 'imagenes\\Rosquitas (1).jpg'
13.1103 	EXP 	slider_2: markerPos = None
13.1103 	EXP 	slider_2: markerPos = None
13.1103 	EXP 	slider_2: rating = None
13.1103 	EXP 	image_2: autoDraw = True
13.1103 	EXP 	slider_2: autoDraw = True
13.1103 	EXP 	slider_2: markerPos = 3.565104166666667
13.1178 	EXP 	slider_2: markerPos = 3.565104166666667
13.1251 	EXP 	slider_2: markerPos = 3.565104166666667
13.1385 	EXP 	slider_2: markerPos = 3.565104166666667
13.1548 	EXP 	slider_2: markerPos = 3.565104166666667
13.1716 	EXP 	slider_2: markerPos = 3.565104166666667
13.1883 	EXP 	slider_2: markerPos = 3.565104166666667
13.1897 	DATA 	Mouse:  Left button up, pos=(693,154)
13.2050 	EXP 	slider_2: markerPos = 3.565104166666667
13.2050 	EXP 	slider_2: rating = 3.565104166666667
13.2077 	EXP 	New trial (rep=0, index=19): OrderedDict([('Imagenes', 'imagenes\\Manzana.jpg'), ('Random', 0.5168162194437935), ('Correcto', None)])
13.2314 	EXP 	image_2: autoDraw = False
13.2314 	EXP 	slider_2: autoDraw = False
13.2314 	EXP 	image_2: image = 'imagenes\\Manzana.jpg'
13.2314 	EXP 	slider_2: markerPos = None
13.2314 	EXP 	slider_2: markerPos = None
13.2314 	EXP 	slider_2: rating = None
13.2314 	EXP 	image_2: autoDraw = True
13.2314 	EXP 	slider_2: autoDraw = True
13.2574 	DATA 	Mouse: Left button down, pos=(693,154)
13.2721 	EXP 	slider_2: markerPos = 3.565104166666667
13.2887 	EXP 	slider_2: markerPos = 3.565104166666667
13.3051 	EXP 	slider_2: markerPos = 3.565104166666667
13.3223 	EXP 	slider_2: markerPos = 3.565104166666667
13.3387 	EXP 	slider_2: markerPos = 3.565104166666667
13.3408 	DATA 	Mouse:  Left button up, pos=(693,154)
13.3553 	EXP 	slider_2: markerPos = 3.565104166666667
13.3553 	EXP 	slider_2: rating = 3.565104166666667
13.3585 	EXP 	New trial (rep=0, index=1): OrderedDict([('Hertz', 1500), ('volumen', 0.02)])
13.3641 	EXP 	Imported imagenes.xlsx as conditions, 20 conditions, 3 params
13.3643 	EXP 	Created sequence: random, trialTypes=20, nReps=1, seed=None
13.3645 	EXP 	New trial (rep=0, index=0): OrderedDict([('Imagenes', 'imagenes\\Popetas.jpg'), ('Random', 0.07650200324054446), ('Correcto', None)])
13.4065 	DATA 	Mouse: Left button down, pos=(693,154)
13.4115 	EXP 	image_2: autoDraw = False
13.4115 	EXP 	slider_2: autoDraw = False
13.4115 	EXP 	image_2: image = 'imagenes\\Popetas.jpg'
13.4115 	EXP 	slider_2: markerPos = None
13.4115 	EXP 	slider_2: markerPos = None
13.4115 	EXP 	slider_2: rating = None
13.4115 	EXP 	image_2: autoDraw = True
13.4115 	EXP 	slider_2: autoDraw = True
13.4115 	EXP 	slider_2: markerPos = 3.565104166666667
13.4175 	EXP 	slider_2: markerPos = 3.565104166666667
13.4243 	EXP 	slider_2: markerPos = 3.565104166666667
13.4385 	EXP 	slider_2: markerPos = 3.565104166666667
13.4554 	EXP 	slider_2: markerPos = 3.565104166666667
13.4723 	EXP 	slider_2: markerPos = 3.565104166666667
13.4763 	DATA 	Mouse:  Left button up, pos=(693,154)
13.4884 	EXP 	slider_2: markerPos = 3.565104166666667
13.5051 	EXP 	slider_2: markerPos = 3.565104166666667
13.5051 	EXP 	slider_2: rating = 3.565104166666667
13.5078 	EXP 	New trial (rep=0, index=1): OrderedDict([('Imagenes', 'imagenes\\Papas-pollo.jpg'), ('Random', 0.6683114062971784), ('Correcto', None)])
13.5220 	EXP 	image_2: autoDraw = False
13.5220 	EXP 	slider_2: autoDraw = False
13.5220 	EXP 	image_2: image = 'imagenes\\Papas-pollo.jpg'
13.5220 	EXP 	slider_2: markerPos = None
13.5220 	EXP 	slider_2: markerPos = None
13.5220 	EXP 	slider_2: rating = None
13.5220 	EXP 	image_2: autoDraw = True
13.5220 	EXP 	slider_2: autoDraw = True
13.5414 	DATA 	Mouse: Left button down, pos=(693,154)
13.5541 	EXP 	slider_2: markerPos = 3.565104166666667
13.5725 	EXP 	slider_2: markerPos = 3.565104166666667
13.5885 	EXP 	slider_2: markerPos = 3.565104166666667
13.6051 	EXP 	slider_2: markerPos = 3.565104166666667
13.6216 	EXP 	slider_2: markerPos = 3.565104166666667
13.6235 	DATA 	Mouse:  Left button up, pos=(693,154)
13.6382 	EXP 	slider_2: markerPos = 3.565104166666667
13.6382 	EXP 	slider_2: rating = 3.565104166666667
13.6414 	EXP 	New trial (rep=0, index=2): OrderedDict([('Imagenes', 'imagenes\\Papas-limon.jpg'), ('Random', 0.020692288100133793), ('Correcto', None)])
13.6550 	EXP 	image_2: autoDraw = False
13.6550 	EXP 	slider_2: autoDraw = False
13.6550 	EXP 	image_2: image = 'imagenes\\Papas-limon.jpg'
13.6550 	EXP 	slider_2: markerPos = None
13.6550 	EXP 	slider_2: markerPos = None
13.6550 	EXP 	slider_2: rating = None
13.6550 	EXP 	image_2: autoDraw = True
13.6550 	EXP 	slider_2: autoDraw = True
13.6753 	DATA 	Mouse: Left button down, pos=(693,154)
13.7049 	EXP 	slider_2: markerPos = 3.565104166666667
13.7215 	EXP 	slider_2: markerPos = 3.565104166666667
13.7385 	EXP 	slider_2: markerPos = 3.565104166666667
13.7551 	EXP 	slider_2: markerPos = 3.565104166666667
13.7723 	EXP 	slider_2: markerPos = 3.565104166666667
13.7741 	DATA 	Mouse:  Left button up, pos=(693,154)
13.7884 	EXP 	slider_2: markerPos = 3.565104166666667
13.7884 	EXP 	slider_2: rating = 3.565104166666667
13.7913 	EXP 	New trial (rep=0, index=3): OrderedDict([('Imagenes', 'imagenes\\Galletas Tosh.jpg'), ('Random', 0.478088790487872), ('Correcto', None)])
13.8146 	EXP 	image_2: autoDraw = False
13.8146 	EXP 	slider_2: autoDraw = False
13.8146 	EXP 	image_2: image = 'imagenes\\Galletas Tosh.jpg'
13.8146 	EXP 	slider_2: markerPos = None
13.8146 	EXP 	slider_2: markerPos = None
13.8146 	EXP 	slider_2: rating = None
13.8146 	EXP 	image_2: autoDraw = True
13.8146 	EXP 	slider_2: autoDraw = True
13.8173 	DATA 	Mouse: Left button down, pos=(693,154)
13.8216 	EXP 	slider_2: markerPos = 3.565104166666667
13.8385 	EXP 	slider_2: markerPos = 3.565104166666667
13.8552 	EXP 	slider_2: markerPos = 3.565104166666667
13.8708 	EXP 	slider_2: markerPos = 3.565104166666667
13.8883 	EXP 	slider_2: markerPos = 3.565104166666667
13.9050 	EXP 	slider_2: markerPos = 3.565104166666667
13.9073 	DATA 	Mouse:  Left button up, pos=(693,154)
13.9219 	EXP 	slider_2: markerPos = 3.565104166666667
13.9219 	EXP 	slider_2: rating = 3.565104166666667
13.9255 	EXP 	New trial (rep=0, index=4): OrderedDict([('Imagenes', 'imagenes\\Chocoramo.jfif.jpg'), ('Random', 0.7789437122019539), ('Correcto', None)])
13.9694 	DATA 	Mouse: Left button down, pos=(693,154)
13.9747 	EXP 	image_2: autoDraw = False
13.9747 	EXP 	slider_2: autoDraw = False
13.9747 	EXP 	image_2: image = 'imagenes\\Chocoramo.jfif.jpg'
13.9747 	EXP 	slider_2: markerPos = None
13.9747 	EXP 	slider_2: markerPos = None
13.9747 	EXP 	slider_2: rating = None
13.9747 	EXP 	image_2: autoDraw = True
13.9747 	EXP 	slider_2: autoDraw = True
13.9747 	EXP 	slider_2: markerPos = 3.565104166666667
13.9814 	EXP 	slider_2: markerPos = 3.565104166666667
13.9885 	EXP 	slider_2: markerPos = 3.565104166666667
14.0051 	EXP 	slider_2: markerPos = 3.565104166666667
14.0220 	EXP 	slider_2: markerPos = 3.565104166666667
14.0384 	EXP 	slider_2: markerPos = 3.565104166666667
14.0551 	EXP 	slider_2: markerPos = 3.565104166666667
14.0565 	DATA 	Mouse:  Left button up, pos=(693,154)
14.0719 	EXP 	slider_2: markerPos = 3.565104166666667
14.0719 	EXP 	slider_2: rating = 3.565104166666667
14.0746 	EXP 	New trial (rep=0, index=5): OrderedDict([('Imagenes', 'imagenes\\Brownie.jpg'), ('Random', 0.17000143351927688), ('Correcto', None)])
14.1028 	EXP 	image_2: autoDraw = False
14.1028 	EXP 	slider_2: autoDraw = False
14.1028 	EXP 	image_2: image = 'imagenes\\Brownie.jpg'
14.1028 	EXP 	slider_2: markerPos = None
14.1028 	EXP 	slider_2: markerPos = None
14.1028 	EXP 	slider_2: rating = None
14.1028 	EXP 	image_2: autoDraw = True
14.1028 	EXP 	slider_2: autoDraw = True
14.1234 	DATA 	Mouse: Left button down, pos=(693,154)
14.1387 	EXP 	slider_2: markerPos = 3.565104166666667
14.1553 	EXP 	slider_2: markerPos = 3.565104166666667
14.1722 	EXP 	slider_2: markerPos = 3.565104166666667
14.1881 	EXP 	slider_2: markerPos = 3.565104166666667
14.2050 	EXP 	slider_2: markerPos = 3.565104166666667
14.2068 	DATA 	Mouse:  Left button up, pos=(693,154)
14.2219 	EXP 	slider_2: markerPos = 3.565104166666667
14.2219 	EXP 	slider_2: rating = 3.565104166666667
14.2243 	EXP 	New trial (rep=0, index=6): OrderedDict([('Imagenes', 'imagenes\\Galletas-festival.jpg'), ('Random', 0.36121121246191135), ('Correcto', None)])
14.2423 	EXP 	image_2: autoDraw = False
14.2423 	EXP 	slider_2: autoDraw = False
14.2423 	EXP 	image_2: image = 'imagenes\\Galletas-festival.jpg'
14.2423 	EXP 	slider_2: markerPos = None
14.2423 	EXP 	slider_2: markerPos = None
14.2423 	EXP 	slider_2: rating = None
14.2423 	EXP 	image_2: autoDraw = True
14.2423 	EXP 	slider_2: autoDraw = True
14.2577 	DATA 	Mouse: Left button down, pos=(693,154)
14.2717 	EXP 	slider_2: markerPos = 3.565104166666667
14.2882 	EXP 	slider_2: markerPos = 3.565104166666667
14.3053 	EXP 	slider_2: markerPos = 3.565104166666667
14.3217 	EXP 	slider_2: markerPos = 3.565104166666667
14.3377 	EXP 	slider_2: markerPos = 3.565104166666667
14.3550 	EXP 	slider_2: markerPos = 3.565104166666667
14.3565 	DATA 	Mouse:  Left button up, pos=(693,154)
14.3718 	EXP 	slider_2: markerPos = 3.565104166666667
14.3718 	EXP 	slider_2: rating = 3.565104166666667
14.3752 	EXP 	New trial (rep=0, index=7): OrderedDict([('Imagenes', 'imagenes\\Mango.jpeg'), ('Random', 0.555669112372461), ('Correcto', None)])
14.3905 	EXP 	image_2: autoDraw = False
14.3905 	EXP 	slider_2: autoDraw = False
14.3905 	EXP 	image_2: image = 'imagenes\\Mango.jpeg'
14.3905 	EXP 	slider_2: markerPos = None
14.3905 	EXP 	slider_2: markerPos = None
14.3905 	EXP 	slider_2: rating = None
14.3905 	EXP 	image_2: autoDraw = True
14.3905 	EXP 	slider_2: autoDraw = True
14.4235 	DATA 	Mouse: Left button down, pos=(693,154)
14.4386 	EXP 	slider_2: markerPos = 3.565104166666667
14.4552 	EXP 	slider_2: markerPos = 3.565104166666667
14.4719 	EXP 	slider_2: markerPos = 3.565104166666667
14.4883 	EXP 	slider_2: markerPos = 3.565104166666667
14.5048 	EXP 	slider_2: markerPos = 3.565104166666667
14.5068 	DATA 	Mouse:  Left button up, pos=(693,154)
14.5219 	EXP 	slider_2: markerPos = 3.565104166666667
14.5219 	EXP 	slider_2: rating = 3.565104166666667
14.5247 	EXP 	New trial (rep=0, index=8): OrderedDict([('Imagenes', 'imagenes\\Nutella (1).jpg'), ('Random', 0.5277483225747329), ('Correcto', None)])
14.5388 	EXP 	image_2: autoDraw = False
14.5388 	EXP 	slider_2: autoDraw = False
14.5388 	EXP 	image_2: image = 'imagenes\\Nutella (1).jpg'
14.5388 	EXP 	slider_2: markerPos = None
14.5388 	EXP 	slider_2: markerPos = None
14.5388 	EXP 	slider_2: rating = None
14.5388 	EXP 	image_2: autoDraw = True
14.5388 	EXP 	slider_2: autoDraw = True
14.5741 	DATA 	Mouse: Left button down, pos=(693,154)
14.5886 	EXP 	slider_2: markerPos = 3.565104166666667
14.6052 	EXP 	slider_2: markerPos = 3.565104166666667
14.6217 	EXP 	slider_2: markerPos = 3.565104166666667
14.6384 	EXP 	slider_2: markerPos = 3.565104166666667
14.6424 	DATA 	Mouse:  Left button up, pos=(693,154)
14.6549 	EXP 	slider_2: markerPos = 3.565104166666667
14.6719 	EXP 	slider_2: markerPos = 3.565104166666667
14.6719 	EXP 	slider_2: rating = 3.565104166666667
14.6746 	EXP 	New trial (rep=0, index=9): OrderedDict([('Imagenes', 'imagenes\\Manzana.jpg'), ('Random', 0.5168162194437935), ('Correcto', None)])
14.7060 	DATA 	Mouse: Left button down, pos=(693,154)
14.7089 	EXP 	image_2: autoDraw = False
14.7089 	EXP 	slider_2: autoDraw = False
14.7089 	EXP 	image_2: image = 'imagenes\\Manzana.jpg'
14.7089 	EXP 	slider_2: markerPos = None
14.7089 	EXP 	slider_2: markerPos = None
14.7089 	EXP 	slider_2: rating = None
14.7089 	EXP 	image_2: autoDraw = True
14.7089 	EXP 	slider_2: autoDraw = True
14.7148 	EXP 	slider_2: markerPos = 3.565104166666667
14.7209 	EXP 	slider_2: markerPos = 3.565104166666667
14.7386 	EXP 	slider_2: markerPos = 3.565104166666667
14.7552 	EXP 	slider_2: markerPos = 3.565104166666667
14.7719 	EXP 	slider_2: markerPos = 3.565104166666667
14.7759 	DATA 	Mouse:  Left button up, pos=(693,154)
14.7884 	EXP 	slider_2: markerPos = 3.565104166666667
14.8049 	EXP 	slider_2: markerPos = 3.565104166666667
14.8049 	EXP 	slider_2: rating = 3.565104166666667
14.8076 	EXP 	New trial (rep=0, index=10): OrderedDict([('Imagenes', 'imagenes\\Papas-naturales.jpg'), ('Random', 0.15856838916280946), ('Correcto', None)])
14.8292 	EXP 	image_2: autoDraw = False
14.8292 	EXP 	slider_2: autoDraw = False
14.8292 	EXP 	image_2: image = 'imagenes\\Papas-naturales.jpg'
14.8292 	EXP 	slider_2: markerPos = None
14.8292 	EXP 	slider_2: markerPos = None
14.8292 	EXP 	slider_2: rating = None
14.8292 	EXP 	image_2: autoDraw = True
14.8292 	EXP 	slider_2: autoDraw = True
14.8743 	DATA 	Mouse: Left button down, pos=(693,154)
14.8880 	EXP 	slider_2: markerPos = 3.565104166666667
14.9050 	EXP 	slider_2: markerPos = 3.565104166666667
14.9217 	EXP 	slider_2: markerPos = 3.565104166666667
14.9239 	DATA 	Mouse:  Left button up, pos=(693,154)
14.9382 	EXP 	slider_2: markerPos = 3.565104166666667
14.9382 	EXP 	slider_2: rating = 3.565104166666667
14.9406 	EXP 	New trial (rep=0, index=11): OrderedDict([('Imagenes', 'imagenes\\Alpinito.jpg'), ('Random', 0.4515332417045813), ('Correcto', None)])
14.9696 	EXP 	image_2: autoDraw = False
14.9696 	EXP 	slider_2: autoDraw = False
14.9696 	EXP 	image_2: image = 'imagenes\\Alpinito.jpg'
14.9696 	EXP 	slider_2: markerPos = None
14.9696 	EXP 	slider_2: markerPos = None
14.9696 	EXP 	slider_2: rating = None
14.9696 	EXP 	image_2: autoDraw = True
14.9696 	EXP 	slider_2: autoDraw = True
15.0077 	DATA 	Mouse: Left button down, pos=(693,154)
15.0219 	EXP 	slider_2: markerPos = 3.565104166666667
15.0384 	EXP 	slider_2: markerPos = 3.565104166666667
15.0549 	EXP 	slider_2: markerPos = 3.565104166666667
15.0566 	DATA 	Mouse:  Left button up, pos=(693,154)
15.0720 	EXP 	slider_2: markerPos = 3.565104166666667
15.0720 	EXP 	slider_2: rating = 3.565104166666667
15.0748 	EXP 	New trial (rep=0, index=12): OrderedDict([('Imagenes', 'imagenes\\Kiwi.jpg'), ('Random', 0.5893907384852061), ('Correcto', None)])
15.0884 	EXP 	image_2: autoDraw = False
15.0884 	EXP 	slider_2: autoDraw = False
15.0884 	EXP 	image_2: image = 'imagenes\\Kiwi.jpg'
15.0884 	EXP 	slider_2: markerPos = None
15.0884 	EXP 	slider_2: markerPos = None
15.0884 	EXP 	slider_2: rating = None
15.0884 	EXP 	image_2: autoDraw = True
15.0884 	EXP 	slider_2: autoDraw = True
15.1083 	DATA 	Mouse: Left button down, pos=(693,154)
15.1386 	EXP 	slider_2: markerPos = 3.565104166666667
15.1552 	EXP 	slider_2: markerPos = 3.565104166666667
15.1718 	EXP 	slider_2: markerPos = 3.565104166666667
15.1883 	EXP 	slider_2: markerPos = 3.565104166666667
15.1902 	DATA 	Mouse:  Left button up, pos=(693,154)
15.2050 	EXP 	slider_2: markerPos = 3.565104166666667
15.2050 	EXP 	slider_2: rating = 3.565104166666667
15.2081 	EXP 	New trial (rep=0, index=13): OrderedDict([('Imagenes', 'imagenes\\bon-bon-bun.jpg'), ('Random', 0.7387922093313524), ('Correcto', None)])
15.2315 	EXP 	image_2: autoDraw = False
15.2315 	EXP 	slider_2: autoDraw = False
15.2315 	EXP 	image_2: image = 'imagenes\\bon-bon-bun.jpg'
15.2315 	EXP 	slider_2: markerPos = None
15.2315 	EXP 	slider_2: markerPos = None
15.2315 	EXP 	slider_2: rating = None
15.2315 	EXP 	image_2: autoDraw = True
15.2315 	EXP 	slider_2: autoDraw = True
15.2422 	DATA 	Mouse: Left button down, pos=(693,154)
15.2719 	EXP 	slider_2: markerPos = 3.565104166666667
15.2887 	EXP 	slider_2: markerPos = 3.565104166666667
15.3052 	EXP 	slider_2: markerPos = 3.565104166666667
15.3222 	EXP 	slider_2: markerPos = 3.565104166666667
15.3242 	DATA 	Mouse:  Left button up, pos=(693,154)
15.3385 	EXP 	slider_2: markerPos = 3.565104166666667
15.3385 	EXP 	slider_2: rating = 3.565104166666667
15.3413 	EXP 	New trial (rep=0, index=14): OrderedDict([('Imagenes', 'imagenes\\Banano.jpeg'), ('Random', 0.651633055306917), ('Correcto', None)])
15.3572 	EXP 	image_2: autoDraw = False
15.3572 	EXP 	slider_2: autoDraw = False
15.3572 	EXP 	image_2: image = 'imagenes\\Banano.jpeg'
15.3572 	EXP 	slider_2: markerPos = None
15.3572 	EXP 	slider_2: markerPos = None
15.3572 	EXP 	slider_2: rating = None
15.3572 	EXP 	image_2: autoDraw = True
15.3572 	EXP 	slider_2: autoDraw = True
15.3901 	DATA 	Mouse: Left button down, pos=(693,154)
15.4050 	EXP 	slider_2: markerPos = 3.565104166666667
15.4217 	EXP 	slider_2: markerPos = 3.565104166666667
15.4385 	EXP 	slider_2: markerPos = 3.565104166666667
15.4549 	EXP 	slider_2: markerPos = 3.565104166666667
15.4719 	EXP 	slider_2: markerPos = 3.565104166666667
15.4740 	DATA 	Mouse:  Left button up, pos=(693,154)
15.4883 	EXP 	slider_2: markerPos = 3.565104166666667
15.4883 	EXP 	slider_2: rating = 3.565104166666667
15.4905 	EXP 	New trial (rep=0, index=15): OrderedDict([('Imagenes', 'imagenes\\Leche-de-almendras.jpg'), ('Random', 0.36073876480313727), ('Correcto', None)])
15.5331 	DATA 	Mouse: Left button down, pos=(693,154)
15.5394 	EXP 	image_2: autoDraw = False
15.5394 	EXP 	slider_2: autoDraw = False
15.5394 	EXP 	image_2: image = 'imagenes\\Leche-de-almendras.jpg'
15.5394 	EXP 	slider_2: markerPos = None
15.5394 	EXP 	slider_2: markerPos = None
15.5394 	EXP 	slider_2: rating = None
15.5394 	EXP 	image_2: autoDraw = True
15.5394 	EXP 	slider_2: autoDraw = True
15.5394 	EXP 	slider_2: markerPos = 3.565104166666667
15.5466 	EXP 	slider_2: markerPos = 3.565104166666667
15.5555 	EXP 	slider_2: markerPos = 3.565104166666667
15.5723 	EXP 	slider_2: markerPos = 3.565104166666667
15.5885 	EXP 	slider_2: markerPos = 3.565104166666667
15.6051 	EXP 	slider_2: markerPos = 3.565104166666667
15.6221 	EXP 	slider_2: markerPos = 3.565104166666667
15.6240 	DATA 	Mouse:  Left button up, pos=(693,154)
15.6383 	EXP 	slider_2: markerPos = 3.565104166666667
15.6383 	EXP 	slider_2: rating = 3.565104166666667
15.6409 	EXP 	New trial (rep=0, index=16): OrderedDict([('Imagenes', 'imagenes\\Uvas.jpg'), ('Random', 0.7734382152670648), ('Correcto', None)])
15.6570 	EXP 	image_2: autoDraw = False
15.6570 	EXP 	slider_2: autoDraw = False
15.6570 	EXP 	image_2: image = 'imagenes\\Uvas.jpg'
15.6570 	EXP 	slider_2: markerPos = None
15.6570 	EXP 	slider_2: markerPos = None
15.6570 	EXP 	slider_2: rating = None
15.6570 	EXP 	image_2: autoDraw = True
15.6570 	EXP 	slider_2: autoDraw = True
15.6752 	DATA 	Mouse: Left button down, pos=(693,154)
15.7050 	EXP 	slider_2: markerPos = 3.565104166666667
15.7218 	EXP 	slider_2: markerPos = 3.565104166666667
15.7386 	EXP 	slider_2: markerPos = 3.565104166666667
15.7548 	EXP 	slider_2: markerPos = 3.565104166666667
15.7567 	DATA 	Mouse:  Left button up, pos=(693,154)
15.7716 	EXP 	slider_2: markerPos = 3.565104166666667
15.7716 	EXP 	slider_2: rating = 3.565104166666667
15.7738 	EXP 	New trial (rep=0, index=17): OrderedDict([('Imagenes', 'imagenes\\Rosquitas (1).jpg'), ('Random', 0.3035383390851263), ('Correcto', None)])
15.7945 	EXP 	image_2: autoDraw = False
15.7945 	EXP 	slider_2: autoDraw = False
15.7945 	EXP 	image_2: image = 'imagenes\\Rosquitas (1).jpg'
15.7945 	EXP 	slider_2: markerPos = None
15.7945 	EXP 	slider_2: markerPos = None
15.7945 	EXP 	slider_2: rating = None
15.7945 	EXP 	image_2: autoDraw = True
15.7945 	EXP 	slider_2: autoDraw = True
15.8255 	DATA 	Mouse: Left button down, pos=(693,154)
15.8549 	EXP 	slider_2: markerPos = 3.565104166666667
15.8717 	EXP 	slider_2: markerPos = 3.565104166666667
15.8887 	EXP 	slider_2: markerPos = 3.565104166666667
15.9050 	EXP 	slider_2: markerPos = 3.565104166666667
15.9073 	DATA 	Mouse:  Left button up, pos=(693,154)
15.9219 	EXP 	slider_2: markerPos = 3.565104166666667
15.9219 	EXP 	slider_2: rating = 3.565104166666667
15.9251 	EXP 	New trial (rep=0, index=18): OrderedDict([('Imagenes', 'imagenes\\Yogurt-alpina.jpg'), ('Random', 0.21540995091807813), ('Correcto', None)])
15.9387 	EXP 	image_2: autoDraw = False
15.9387 	EXP 	slider_2: autoDraw = False
15.9387 	EXP 	image_2: image = 'imagenes\\Yogurt-alpina.jpg'
15.9387 	EXP 	slider_2: markerPos = None
15.9387 	EXP 	slider_2: markerPos = None
15.9387 	EXP 	slider_2: rating = None
15.9387 	EXP 	image_2: autoDraw = True
15.9387 	EXP 	slider_2: autoDraw = True
15.9582 	DATA 	Mouse: Left button down, pos=(693,154)
15.9881 	EXP 	slider_2: markerPos = 3.565104166666667
16.0049 	EXP 	slider_2: markerPos = 3.565104166666667
16.0221 	EXP 	slider_2: markerPos = 3.565104166666667
16.0385 	EXP 	slider_2: markerPos = 3.565104166666667
16.0402 	DATA 	Mouse:  Left button up, pos=(693,154)
16.0541 	EXP 	slider_2: markerPos = 3.565104166666667
16.0541 	EXP 	slider_2: rating = 3.565104166666667
16.0566 	EXP 	New trial (rep=0, index=19): OrderedDict([('Imagenes', 'imagenes\\Croissant.jpg'), ('Random', 0.6152458173421255), ('Correcto', None)])
16.0776 	EXP 	image_2: autoDraw = False
16.0776 	EXP 	slider_2: autoDraw = False
16.0776 	EXP 	image_2: image = 'imagenes\\Croissant.jpg'
16.0776 	EXP 	slider_2: markerPos = None
16.0776 	EXP 	slider_2: markerPos = None
16.0776 	EXP 	slider_2: rating = None
16.0776 	EXP 	image_2: autoDraw = True
16.0776 	EXP 	slider_2: autoDraw = True
16.0905 	DATA 	Mouse: Left button down, pos=(693,154)
16.1049 	EXP 	slider_2: markerPos = 3.565104166666667
16.1220 	EXP 	slider_2: markerPos = 3.565104166666667
16.1382 	EXP 	slider_2: markerPos = 3.565104166666667
16.1550 	EXP 	slider_2: markerPos = 3.565104166666667
16.1716 	EXP 	slider_2: markerPos = 3.565104166666667
16.1735 	DATA 	Mouse:  Left button up, pos=(693,154)
16.1884 	EXP 	slider_2: markerPos = 3.565104166666667
16.1884 	EXP 	slider_2: rating = 3.565104166666667
16.1905 	EXP 	New trial (rep=0, index=2): OrderedDict([('Hertz', 400), ('volumen', 0.02)])
16.1963 	EXP 	Imported imagenes.xlsx as conditions, 20 conditions, 3 params
16.1965 	EXP 	Created sequence: random, trialTypes=20, nReps=1, seed=None
16.1967 	EXP 	New trial (rep=0, index=0): OrderedDict([('Imagenes', 'imagenes\\Banano.jpeg'), ('Random', 0.651633055306917), ('Correcto', None)])
16.2115 	EXP 	image_2: autoDraw = False
16.2115 	EXP 	slider_2: autoDraw = False
16.2115 	EXP 	image_2: image = 'imagenes\\Banano.jpeg'
16.2115 	EXP 	slider_2: markerPos = None
16.2115 	EXP 	slider_2: markerPos = None
16.2115 	EXP 	slider_2: rating = None
16.2115 	EXP 	image_2: autoDraw = True
16.2115 	EXP 	slider_2: autoDraw = True
16.2409 	DATA 	Mouse: Left button down, pos=(693,154)
16.2550 	EXP 	slider_2: markerPos = 3.565104166666667
16.2717 	EXP 	slider_2: markerPos = 3.565104166666667
16.2880 	EXP 	slider_2: markerPos = 3.565104166666667
16.3048 	EXP 	slider_2: markerPos = 3.565104166666667
16.3067 	DATA 	Mouse:  Left button up, pos=(693,154)
16.3219 	EXP 	slider_2: markerPos = 3.565104166666667
16.3219 	EXP 	slider_2: rating = 3.565104166666667
16.3250 	EXP 	New trial (rep=0, index=1): OrderedDict([('Imagenes', 'imagenes\\Galletas Tosh.jpg'), ('Random', 0.478088790487872), ('Correcto', None)])
16.3467 	EXP 	image_2: autoDraw = False
16.3467 	EXP 	slider_2: autoDraw = False
16.3467 	EXP 	image_2: image = 'imagenes\\Galletas Tosh.jpg'
16.3467 	EXP 	slider_2: markerPos = None
16.3467 	EXP 	slider_2: markerPos = None
16.3467 	EXP 	slider_2: rating = None
16.3467 	EXP 	image_2: autoDraw = True
16.3467 	EXP 	slider_2: autoDraw = True
16.3741 	DATA 	Mouse: Left button down, pos=(693,154)
16.3884 	EXP 	slider_2: markerPos = 3.565104166666667
16.4049 	EXP 	slider_2: markerPos = 3.565104166666667
16.4219 	EXP 	slider_2: markerPos = 3.565104166666667
16.4385 	EXP 	slider_2: markerPos = 3.565104166666667
16.4406 	DATA 	Mouse:  Left button up, pos=(693,154)
16.4549 	EXP 	slider_2: markerPos = 3.565104166666667
16.4549 	EXP 	slider_2: rating = 3.565104166666667
16.4573 	EXP 	New trial (rep=0, index=2): OrderedDict([('Imagenes', 'imagenes\\Croissant.jpg'), ('Random', 0.6152458173421255), ('Correcto', None)])
16.4802 	EXP 	image_2: autoDraw = False
16.4802 	EXP 	slider_2: autoDraw = False
16.4802 	EXP 	image_2: image = 'imagenes\\Croissant.jpg'
16.4802 	EXP 	slider_2: markerPos = None
16.4802 	EXP 	slider_2: markerPos = None
16.4802 	EXP 	slider_2: rating = None
16.4802 	EXP 	image_2: autoDraw = True
16.4802 	EXP 	slider_2: autoDraw = True
16.4899 	DATA 	Mouse: Left button down, pos=(693,154)
16.5049 	EXP 	slider_2: markerPos = 3.565104166666667
16.5218 	EXP 	slider_2: markerPos = 3.565104166666667
16.5382 	EXP 	slider_2: markerPos = 3.565104166666667
16.5550 	EXP 	slider_2: markerPos = 3.565104166666667
16.5718 	EXP 	slider_2: markerPos = 3.565104166666667
16.5881 	EXP 	slider_2: markerPos = 3.565104166666667
16.6045 	EXP 	slider_2: markerPos = 3.565104166666667
16.6220 	EXP 	slider_2: markerPos = 3.565104166666667
16.6383 	EXP 	slider_2: markerPos = 3.565104166666667
16.6550 	EXP 	slider_2: markerPos = 3.565104166666667
16.6716 	EXP 	slider_2: markerPos = 3.565104166666667
16.6742 	DATA 	Mouse:  Left button up, pos=(693,154)
16.6885 	EXP 	slider_2: markerPos = 3.565104166666667
16.6885 	EXP 	slider_2: rating = 3.565104166666667
16.6918 	EXP 	New trial (rep=0, index=3): OrderedDict([('Imagenes', 'imagenes\\Uvas.jpg'), ('Random', 0.7734382152670648), ('Correcto', None)])
16.7070 	EXP 	image_2: autoDraw = False
16.7070 	EXP 	slider_2: autoDraw = False
16.7070 	EXP 	image_2: image = 'imagenes\\Uvas.jpg'
16.7070 	EXP 	slider_2: markerPos = None
16.7070 	EXP 	slider_2: markerPos = None
16.7070 	EXP 	slider_2: rating = None
16.7070 	EXP 	image_2: autoDraw = True
16.7070 	EXP 	slider_2: autoDraw = True
16.7400 	DATA 	Mouse: Left button down, pos=(693,154)
16.7549 	EXP 	slider_2: markerPos = 3.565104166666667
16.7715 	EXP 	slider_2: markerPos = 3.565104166666667
16.7884 	EXP 	slider_2: markerPos = 3.565104166666667
16.8051 	EXP 	slider_2: markerPos = 3.565104166666667
16.8221 	EXP 	slider_2: markerPos = 3.565104166666667
16.8376 	EXP 	slider_2: markerPos = 3.565104166666667
16.8399 	DATA 	Mouse:  Left button up, pos=(693,154)
16.8547 	EXP 	slider_2: markerPos = 3.565104166666667
16.8547 	EXP 	slider_2: rating = 3.565104166666667
16.8575 	EXP 	New trial (rep=0, index=4): OrderedDict([('Imagenes', 'imagenes\\Papas-naturales.jpg'), ('Random', 0.15856838916280946), ('Correcto', None)])
16.8722 	EXP 	image_2: autoDraw = False
16.8722 	EXP 	slider_2: autoDraw = False
16.8722 	EXP 	image_2: image = 'imagenes\\Papas-naturales.jpg'
16.8722 	EXP 	slider_2: markerPos = None
16.8722 	EXP 	slider_2: markerPos = None
16.8722 	EXP 	slider_2: rating = None
16.8722 	EXP 	image_2: autoDraw = True
16.8722 	EXP 	slider_2: autoDraw = True
16.8901 	DATA 	Mouse: Left button down, pos=(693,154)
16.9050 	EXP 	slider_2: markerPos = 3.565104166666667
16.9215 	EXP 	slider_2: markerPos = 3.565104166666667
16.9385 	EXP 	slider_2: markerPos = 3.565104166666667
16.9549 	EXP 	slider_2: markerPos = 3.565104166666667
16.9722 	EXP 	slider_2: markerPos = 3.565104166666667
16.9740 	DATA 	Mouse:  Left button up, pos=(693,154)
16.9884 	EXP 	slider_2: markerPos = 3.565104166666667
16.9884 	EXP 	slider_2: rating = 3.565104166666667
16.9909 	EXP 	New trial (rep=0, index=5): OrderedDict([('Imagenes', 'imagenes\\Rosquitas (1).jpg'), ('Random', 0.3035383390851263), ('Correcto', None)])
17.0184 	EXP 	image_2: autoDraw = False
17.0184 	EXP 	slider_2: autoDraw = False
17.0184 	EXP 	image_2: image = 'imagenes\\Rosquitas (1).jpg'
17.0184 	EXP 	slider_2: markerPos = None
17.0184 	EXP 	slider_2: markerPos = None
17.0184 	EXP 	slider_2: rating = None
17.0184 	EXP 	image_2: autoDraw = True
17.0184 	EXP 	slider_2: autoDraw = True
17.0397 	DATA 	Mouse: Left button down, pos=(693,154)
17.0550 	EXP 	slider_2: markerPos = 3.565104166666667
17.0707 	EXP 	slider_2: markerPos = 3.565104166666667
17.0884 	EXP 	slider_2: markerPos = 3.565104166666667
17.1049 	EXP 	slider_2: markerPos = 3.565104166666667
17.1218 	EXP 	slider_2: markerPos = 3.565104166666667
17.1257 	DATA 	Mouse:  Left button up, pos=(693,154)
17.1383 	EXP 	slider_2: markerPos = 3.565104166666667
17.1548 	EXP 	slider_2: markerPos = 3.565104166666667
17.1548 	EXP 	slider_2: rating = 3.565104166666667
17.1569 	EXP 	New trial (rep=0, index=6): OrderedDict([('Imagenes', 'imagenes\\Nutella (1).jpg'), ('Random', 0.5277483225747329), ('Correcto', None)])
17.1720 	EXP 	image_2: autoDraw = False
17.1720 	EXP 	slider_2: autoDraw = False
17.1720 	EXP 	image_2: image = 'imagenes\\Nutella (1).jpg'
17.1720 	EXP 	slider_2: markerPos = None
17.1720 	EXP 	slider_2: markerPos = None
17.1720 	EXP 	slider_2: rating = None
17.1720 	EXP 	image_2: autoDraw = True
17.1720 	EXP 	slider_2: autoDraw = True
17.1897 	DATA 	Mouse: Left button down, pos=(693,154)
17.2049 	EXP 	slider_2: markerPos = 3.565104166666667
17.2219 	EXP 	slider_2: markerPos = 3.565104166666667
17.2381 	EXP 	slider_2: markerPos = 3.565104166666667
17.2549 	EXP 	slider_2: markerPos = 3.565104166666667
17.2720 	EXP 	slider_2: markerPos = 3.565104166666667
17.2740 	DATA 	Mouse:  Left button up, pos=(693,154)
17.2882 	EXP 	slider_2: markerPos = 3.565104166666667
17.2882 	EXP 	slider_2: rating = 3.565104166666667
17.2904 	EXP 	New trial (rep=0, index=7): OrderedDict([('Imagenes', 'imagenes\\Popetas.jpg'), ('Random', 0.07650200324054446), ('Correcto', None)])
17.3232 	EXP 	image_2: autoDraw = False
17.3232 	EXP 	slider_2: autoDraw = False
17.3232 	EXP 	image_2: image = 'imagenes\\Popetas.jpg'
17.3232 	EXP 	slider_2: markerPos = None
17.3232 	EXP 	slider_2: markerPos = None
17.3232 	EXP 	slider_2: rating = None
17.3232 	EXP 	image_2: autoDraw = True
17.3232 	EXP 	slider_2: autoDraw = True
17.3317 	DATA 	Mouse: Left button down, pos=(693,154)
17.3384 	EXP 	slider_2: markerPos = 3.565104166666667
17.3550 	EXP 	slider_2: markerPos = 3.565104166666667
17.3721 	EXP 	slider_2: markerPos = 3.565104166666667
17.3881 	EXP 	slider_2: markerPos = 3.565104166666667
17.4052 	EXP 	slider_2: markerPos = 3.565104166666667
17.4069 	DATA 	Mouse:  Left button up, pos=(693,154)
17.4219 	EXP 	slider_2: markerPos = 3.565104166666667
17.4219 	EXP 	slider_2: rating = 3.565104166666667
17.4251 	EXP 	New trial (rep=0, index=8): OrderedDict([('Imagenes', 'imagenes\\Mango.jpeg'), ('Random', 0.555669112372461), ('Correcto', None)])
17.4427 	EXP 	image_2: autoDraw = False
17.4427 	EXP 	slider_2: autoDraw = False
17.4427 	EXP 	image_2: image = 'imagenes\\Mango.jpeg'
17.4427 	EXP 	slider_2: markerPos = None
17.4427 	EXP 	slider_2: markerPos = None
17.4427 	EXP 	slider_2: rating = None
17.4427 	EXP 	image_2: autoDraw = True
17.4427 	EXP 	slider_2: autoDraw = True
17.4897 	DATA 	Mouse: Left button down, pos=(693,154)
17.5049 	EXP 	slider_2: markerPos = 3.565104166666667
17.5219 	EXP 	slider_2: markerPos = 3.565104166666667
17.5386 	EXP 	slider_2: markerPos = 3.565104166666667
17.5550 	EXP 	slider_2: markerPos = 3.565104166666667
17.5717 	EXP 	slider_2: markerPos = 3.565104166666667
17.5754 	DATA 	Mouse:  Left button up, pos=(693,154)
17.5882 	EXP 	slider_2: markerPos = 3.565104166666667
17.6050 	EXP 	slider_2: markerPos = 3.565104166666667
17.6050 	EXP 	slider_2: rating = 3.565104166666667
17.6073 	EXP 	New trial (rep=0, index=9): OrderedDict([('Imagenes', 'imagenes\\Kiwi.jpg'), ('Random', 0.5893907384852061), ('Correcto', None)])
17.6216 	EXP 	image_2: autoDraw = False
17.6216 	EXP 	slider_2: autoDraw = False
17.6216 	EXP 	image_2: image = 'imagenes\\Kiwi.jpg'
17.6216 	EXP 	slider_2: markerPos = None
17.6216 	EXP 	slider_2: markerPos = None
17.6216 	EXP 	slider_2: rating = None
17.6216 	EXP 	image_2: autoDraw = True
17.6216 	EXP 	slider_2: autoDraw = True
17.6398 	DATA 	Mouse: Left button down, pos=(693,154)
17.6548 	EXP 	slider_2: markerPos = 3.565104166666667
17.6719 	EXP 	slider_2: markerPos = 3.565104166666667
17.6885 	EXP 	slider_2: markerPos = 3.565104166666667
17.7047 	EXP 	slider_2: markerPos = 3.565104166666667
17.7219 	EXP 	slider_2: markerPos = 3.565104166666667
17.7241 	DATA 	Mouse:  Left button up, pos=(693,154)
17.7382 	EXP 	slider_2: markerPos = 3.565104166666667
17.7382 	EXP 	slider_2: rating = 3.565104166666667
17.7404 	EXP 	New trial (rep=0, index=10): OrderedDict([('Imagenes', 'imagenes\\Brownie.jpg'), ('Random', 0.17000143351927688), ('Correcto', None)])
17.7666 	EXP 	image_2: autoDraw = False
17.7666 	EXP 	slider_2: autoDraw = False
17.7666 	EXP 	image_2: image = 'imagenes\\Brownie.jpg'
17.7666 	EXP 	slider_2: markerPos = None
17.7666 	EXP 	slider_2: markerPos = None
17.7666 	EXP 	slider_2: rating = None
17.7666 	EXP 	image_2: autoDraw = True
17.7666 	EXP 	slider_2: autoDraw = True
17.8069 	DATA 	Mouse: Left button down, pos=(693,154)
17.8219 	EXP 	slider_2: markerPos = 3.565104166666667
17.8382 	EXP 	slider_2: markerPos = 3.565104166666667
17.8553 	EXP 	slider_2: markerPos = 3.565104166666667
17.8718 	EXP 	slider_2: markerPos = 3.565104166666667
17.8739 	DATA 	Mouse:  Left button up, pos=(693,154)
17.8883 	EXP 	slider_2: markerPos = 3.565104166666667
17.8883 	EXP 	slider_2: rating = 3.565104166666667
17.8912 	EXP 	New trial (rep=0, index=11): OrderedDict([('Imagenes', 'imagenes\\bon-bon-bun.jpg'), ('Random', 0.7387922093313524), ('Correcto', None)])
17.9132 	EXP 	image_2: autoDraw = False
17.9132 	EXP 	slider_2: autoDraw = False
17.9132 	EXP 	image_2: image = 'imagenes\\bon-bon-bun.jpg'
17.9132 	EXP 	slider_2: markerPos = None
17.9132 	EXP 	slider_2: markerPos = None
17.9132 	EXP 	slider_2: rating = None
17.9132 	EXP 	image_2: autoDraw = True
17.9132 	EXP 	slider_2: autoDraw = True
17.9574 	DATA 	Mouse: Left button down, pos=(693,154)
17.9716 	EXP 	slider_2: markerPos = 3.565104166666667
17.9883 	EXP 	slider_2: markerPos = 3.565104166666667
18.0049 	EXP 	slider_2: markerPos = 3.565104166666667
18.0217 	EXP 	slider_2: markerPos = 3.565104166666667
18.0238 	DATA 	Mouse:  Left button up, pos=(693,154)
18.0386 	EXP 	slider_2: markerPos = 3.565104166666667
18.0386 	EXP 	slider_2: rating = 3.565104166666667
18.0408 	EXP 	New trial (rep=0, index=12): OrderedDict([('Imagenes', 'imagenes\\Yogurt-alpina.jpg'), ('Random', 0.21540995091807813), ('Correcto', None)])
18.0549 	EXP 	image_2: autoDraw = False
18.0549 	EXP 	slider_2: autoDraw = False
18.0549 	EXP 	image_2: image = 'imagenes\\Yogurt-alpina.jpg'
18.0549 	EXP 	slider_2: markerPos = None
18.0549 	EXP 	slider_2: markerPos = None
18.0549 	EXP 	slider_2: rating = None
18.0549 	EXP 	image_2: autoDraw = True
18.0549 	EXP 	slider_2: autoDraw = True
18.1075 	DATA 	Mouse: Left button down, pos=(693,154)
18.1219 	EXP 	slider_2: markerPos = 3.565104166666667
18.1381 	EXP 	slider_2: markerPos = 3.565104166666667
18.1549 	EXP 	slider_2: markerPos = 3.565104166666667
18.1720 	EXP 	slider_2: markerPos = 3.565104166666667
18.1748 	DATA 	Mouse:  Left button up, pos=(693,154)
18.1889 	EXP 	slider_2: markerPos = 3.565104166666667
18.1889 	EXP 	slider_2: rating = 3.565104166666667
18.1910 	EXP 	New trial (rep=0, index=13): OrderedDict([('Imagenes', 'imagenes\\Alpinito.jpg'), ('Random', 0.4515332417045813), ('Correcto', None)])
18.2181 	EXP 	image_2: autoDraw = False
18.2181 	EXP 	slider_2: autoDraw = False
18.2181 	EXP 	image_2: image = 'imagenes\\Alpinito.jpg'
18.2181 	EXP 	slider_2: markerPos = None
18.2181 	EXP 	slider_2: markerPos = None
18.2181 	EXP 	slider_2: rating = None
18.2181 	EXP 	image_2: autoDraw = True
18.2181 	EXP 	slider_2: autoDraw = True
18.2568 	DATA 	Mouse: Left button down, pos=(693,154)
18.2720 	EXP 	slider_2: markerPos = 3.565104166666667
18.2886 	EXP 	slider_2: markerPos = 3.565104166666667
18.3048 	EXP 	slider_2: markerPos = 3.565104166666667
18.3209 	EXP 	slider_2: markerPos = 3.565104166666667
18.3229 	DATA 	Mouse:  Left button up, pos=(693,154)
18.3383 	EXP 	slider_2: markerPos = 3.565104166666667
18.3383 	EXP 	slider_2: rating = 3.565104166666667
18.3407 	EXP 	New trial (rep=0, index=14): OrderedDict([('Imagenes', 'imagenes\\Chocoramo.jfif.jpg'), ('Random', 0.7789437122019539), ('Correcto', None)])
18.3637 	EXP 	image_2: autoDraw = False
18.3637 	EXP 	slider_2: autoDraw = False
18.3637 	EXP 	image_2: image = 'imagenes\\Chocoramo.jfif.jpg'
18.3637 	EXP 	slider_2: markerPos = None
18.3637 	EXP 	slider_2: markerPos = None
18.3637 	EXP 	slider_2: rating = None
18.3637 	EXP 	image_2: autoDraw = True
18.3637 	EXP 	slider_2: autoDraw = True
18.4086 	DATA 	Mouse: Left button down, pos=(693,154)
18.4381 	EXP 	slider_2: markerPos = 3.565104166666667
18.4549 	EXP 	slider_2: markerPos = 3.565104166666667
18.4720 	EXP 	slider_2: markerPos = 3.565104166666667
18.4744 	DATA 	Mouse:  Left button up, pos=(693,154)
18.4883 	EXP 	slider_2: markerPos = 3.565104166666667
18.4883 	EXP 	slider_2: rating = 3.565104166666667
18.4910 	EXP 	New trial (rep=0, index=15): OrderedDict([('Imagenes', 'imagenes\\Papas-limon.jpg'), ('Random', 0.020692288100133793), ('Correcto', None)])
18.5049 	EXP 	image_2: autoDraw = False
18.5049 	EXP 	slider_2: autoDraw = False
18.5049 	EXP 	image_2: image = 'imagenes\\Papas-limon.jpg'
18.5049 	EXP 	slider_2: markerPos = None
18.5049 	EXP 	slider_2: markerPos = None
18.5049 	EXP 	slider_2: rating = None
18.5049 	EXP 	image_2: autoDraw = True
18.5049 	EXP 	slider_2: autoDraw = True
18.5583 	DATA 	Mouse: Left button down, pos=(693,154)
18.5884 	EXP 	slider_2: markerPos = 3.565104166666667
18.6047 	EXP 	slider_2: markerPos = 3.565104166666667
18.6217 	EXP 	slider_2: markerPos = 3.565104166666667
18.6379 	EXP 	slider_2: markerPos = 3.565104166666667
18.6400 	DATA 	Mouse:  Left button up, pos=(693,154)
18.6547 	EXP 	slider_2: markerPos = 3.565104166666667
18.6547 	EXP 	slider_2: rating = 3.565104166666667
18.6574 	EXP 	New trial (rep=0, index=16): OrderedDict([('Imagenes', 'imagenes\\Leche-de-almendras.jpg'), ('Random', 0.36073876480313727), ('Correcto', None)])
18.7059 	EXP 	image_2: autoDraw = False
18.7059 	EXP 	slider_2: autoDraw = False
18.7059 	EXP 	image_2: image = 'imagenes\\Leche-de-almendras.jpg'
18.7059 	EXP 	slider_2: markerPos = None
18.7059 	EXP 	slider_2: markerPos = None
18.7059 	EXP 	slider_2: rating = None
18.7059 	EXP 	image_2: autoDraw = True
18.7059 	EXP 	slider_2: autoDraw = True
18.7083 	DATA 	Mouse: Left button down, pos=(693,154)
18.7134 	EXP 	slider_2: markerPos = 3.565104166666667
18.7221 	EXP 	slider_2: markerPos = 3.565104166666667
18.7386 	EXP 	slider_2: markerPos = 3.565104166666667
18.7558 	EXP 	slider_2: markerPos = 3.565104166666667
18.7721 	EXP 	slider_2: markerPos = 3.565104166666667
18.7887 	EXP 	slider_2: markerPos = 3.565104166666667
18.7908 	DATA 	Mouse:  Left button up, pos=(693,154)
18.8051 	EXP 	slider_2: markerPos = 3.565104166666667
18.8051 	EXP 	slider_2: rating = 3.565104166666667
18.8075 	EXP 	New trial (rep=0, index=17): OrderedDict([('Imagenes', 'imagenes\\Papas-pollo.jpg'), ('Random', 0.6683114062971784), ('Correcto', None)])
18.8219 	EXP 	image_2: autoDraw = False
18.8219 	EXP 	slider_2: autoDraw = False
18.8219 	EXP 	image_2: image = 'imagenes\\Papas-pollo.jpg'
18.8219 	EXP 	slider_2: markerPos = None
18.8219 	EXP 	slider_2: markerPos = None
18.8219 	EXP 	slider_2: rating = None
18.8219 	EXP 	image_2: autoDraw = True
18.8219 	EXP 	slider_2: autoDraw = True
18.8735 	DATA 	Mouse: Left button down, pos=(693,154)
18.8887 	EXP 	slider_2: markerPos = 3.565104166666667
18.9048 	EXP 	slider_2: markerPos = 3.565104166666667
18.9220 	EXP 	slider_2: markerPos = 3.565104166666667
18.9383 	EXP 	slider_2: markerPos = 3.565104166666667
18.9401 	DATA 	Mouse:  Left button up, pos=(693,154)
18.9548 	EXP 	slider_2: markerPos = 3.565104166666667
18.9548 	EXP 	slider_2: rating = 3.565104166666667
18.9572 	EXP 	New trial (rep=0, index=18): OrderedDict([('Imagenes', 'imagenes\\Manzana.jpg'), ('Random', 0.5168162194437935), ('Correcto', None)])
18.9787 	EXP 	image_2: autoDraw = False
18.9787 	EXP 	slider_2: autoDraw = False
18.9787 	EXP 	image_2: image = 'imagenes\\Manzana.jpg'
18.9787 	EXP 	slider_2: markerPos = None
18.9787 	EXP 	slider_2: markerPos = None
18.9787 	EXP 	slider_2: rating = None
18.9787 	EXP 	image_2: autoDraw = True
18.9787 	EXP 	slider_2: autoDraw = True
19.0237 	DATA 	Mouse: Left button down, pos=(693,154)
19.0387 	EXP 	slider_2: markerPos = 3.565104166666667
19.0547 	EXP 	slider_2: markerPos = 3.565104166666667
19.0715 	EXP 	slider_2: markerPos = 3.565104166666667
19.0881 	EXP 	slider_2: markerPos = 3.565104166666667
19.1046 	EXP 	slider_2: markerPos = 3.565104166666667
19.1068 	DATA 	Mouse:  Left button up, pos=(693,154)
19.1216 	EXP 	slider_2: markerPos = 3.565104166666667
19.1216 	EXP 	slider_2: rating = 3.565104166666667
19.1243 	EXP 	New trial (rep=0, index=19): OrderedDict([('Imagenes', 'imagenes\\Galletas-festival.jpg'), ('Random', 0.36121121246191135), ('Correcto', None)])
19.1444 	EXP 	image_2: autoDraw = False
19.1444 	EXP 	slider_2: autoDraw = False
19.1444 	EXP 	image_2: image = 'imagenes\\Galletas-festival.jpg'
19.1444 	EXP 	slider_2: markerPos = None
19.1444 	EXP 	slider_2: markerPos = None
19.1444 	EXP 	slider_2: rating = None
19.1444 	EXP 	image_2: autoDraw = True
19.1444 	EXP 	slider_2: autoDraw = True
19.1742 	DATA 	Mouse: Left button down, pos=(693,154)
19.1881 	EXP 	slider_2: markerPos = 3.565104166666667
19.2051 	EXP 	slider_2: markerPos = 3.565104166666667
19.2214 	EXP 	slider_2: markerPos = 3.565104166666667
19.2384 	EXP 	slider_2: markerPos = 3.565104166666667
19.2549 	EXP 	slider_2: markerPos = 3.565104166666667
19.2565 	DATA 	Mouse:  Left button up, pos=(693,154)
19.2715 	EXP 	slider_2: markerPos = 3.565104166666667
19.2715 	EXP 	slider_2: rating = 3.565104166666667
19.2742 	EXP 	New trial (rep=0, index=3): OrderedDict([('Hertz', 1000), ('volumen', 0.02)])
19.2807 	EXP 	Imported imagenes.xlsx as conditions, 20 conditions, 3 params
19.2809 	EXP 	Created sequence: random, trialTypes=20, nReps=1, seed=None
19.2812 	EXP 	New trial (rep=0, index=0): OrderedDict([('Imagenes', 'imagenes\\bon-bon-bun.jpg'), ('Random', 0.7387922093313524), ('Correcto', None)])
19.3105 	EXP 	image_2: autoDraw = False
19.3105 	EXP 	slider_2: autoDraw = False
19.3105 	EXP 	image_2: image = 'imagenes\\bon-bon-bun.jpg'
19.3105 	EXP 	slider_2: markerPos = None
19.3105 	EXP 	slider_2: markerPos = None
19.3105 	EXP 	slider_2: rating = None
19.3105 	EXP 	image_2: autoDraw = True
19.3105 	EXP 	slider_2: autoDraw = True
19.3184 	DATA 	Mouse: Left button down, pos=(693,154)
19.3228 	EXP 	slider_2: markerPos = 3.565104166666667
19.3374 	EXP 	slider_2: markerPos = 3.565104166666667
19.3548 	EXP 	slider_2: markerPos = 3.565104166666667
19.3715 	EXP 	slider_2: markerPos = 3.565104166666667
19.3883 	EXP 	slider_2: markerPos = 3.565104166666667
19.4051 	EXP 	slider_2: markerPos = 3.565104166666667
19.4069 	DATA 	Mouse:  Left button up, pos=(693,154)
19.4219 	EXP 	slider_2: markerPos = 3.565104166666667
19.4219 	EXP 	slider_2: rating = 3.565104166666667
19.4244 	EXP 	New trial (rep=0, index=1): OrderedDict([('Imagenes', 'imagenes\\Croissant.jpg'), ('Random', 0.6152458173421255), ('Correcto', None)])
19.4481 	EXP 	image_2: autoDraw = False
19.4481 	EXP 	slider_2: autoDraw = False
19.4481 	EXP 	image_2: image = 'imagenes\\Croissant.jpg'
19.4481 	EXP 	slider_2: markerPos = None
19.4481 	EXP 	slider_2: markerPos = None
19.4481 	EXP 	slider_2: rating = None
19.4481 	EXP 	image_2: autoDraw = True
19.4481 	EXP 	slider_2: autoDraw = True
19.4746 	DATA 	Mouse: Left button down, pos=(693,154)
19.4883 	EXP 	slider_2: markerPos = 3.565104166666667
19.5054 	EXP 	slider_2: markerPos = 3.565104166666667
19.5220 	EXP 	slider_2: markerPos = 3.565104166666667
19.5382 	EXP 	slider_2: markerPos = 3.565104166666667
19.5549 	EXP 	slider_2: markerPos = 3.565104166666667
19.5720 	EXP 	slider_2: markerPos = 3.565104166666667
19.5745 	DATA 	Mouse:  Left button up, pos=(693,154)
19.5880 	EXP 	slider_2: markerPos = 3.565104166666667
19.5880 	EXP 	slider_2: rating = 3.565104166666667
19.5903 	EXP 	New trial (rep=0, index=2): OrderedDict([('Imagenes', 'imagenes\\Papas-pollo.jpg'), ('Random', 0.6683114062971784), ('Correcto', None)])
19.6047 	EXP 	image_2: autoDraw = False
19.6047 	EXP 	slider_2: autoDraw = False
19.6047 	EXP 	image_2: image = 'imagenes\\Papas-pollo.jpg'
19.6047 	EXP 	slider_2: markerPos = None
19.6047 	EXP 	slider_2: markerPos = None
19.6047 	EXP 	slider_2: rating = None
19.6047 	EXP 	image_2: autoDraw = True
19.6047 	EXP 	slider_2: autoDraw = True
19.6398 	DATA 	Mouse: Left button down, pos=(693,154)
19.6538 	EXP 	slider_2: markerPos = 3.565104166666667
19.6715 	EXP 	slider_2: markerPos = 3.565104166666667
19.6882 	EXP 	slider_2: markerPos = 3.565104166666667
19.7054 	EXP 	slider_2: markerPos = 3.565104166666667
19.7096 	DATA 	Mouse:  Left button up, pos=(693,154)
19.7214 	EXP 	slider_2: markerPos = 3.565104166666667
19.7381 	EXP 	slider_2: markerPos = 3.565104166666667
19.7381 	EXP 	slider_2: rating = 3.565104166666667
19.7403 	EXP 	New trial (rep=0, index=3): OrderedDict([('Imagenes', 'imagenes\\Galletas-festival.jpg'), ('Random', 0.36121121246191135), ('Correcto', None)])
19.7576 	EXP 	image_2: autoDraw = False
19.7576 	EXP 	slider_2: autoDraw = False
19.7576 	EXP 	image_2: image = 'imagenes\\Galletas-festival.jpg'
19.7576 	EXP 	slider_2: markerPos = None
19.7576 	EXP 	slider_2: markerPos = None
19.7576 	EXP 	slider_2: rating = None
19.7576 	EXP 	image_2: autoDraw = True
19.7576 	EXP 	slider_2: autoDraw = True
19.8075 	DATA 	Mouse: Left button down, pos=(693,154)
19.8213 	EXP 	slider_2: markerPos = 3.565104166666667
19.8382 	EXP 	slider_2: markerPos = 3.565104166666667
19.8550 	EXP 	slider_2: markerPos = 3.565104166666667
19.8718 	EXP 	slider_2: markerPos = 3.565104166666667
19.8884 	EXP 	slider_2: markerPos = 3.565104166666667
19.8902 	DATA 	Mouse:  Left button up, pos=(693,154)
19.9047 	EXP 	slider_2: markerPos = 3.565104166666667
19.9047 	EXP 	slider_2: rating = 3.565104166666667
19.9077 	EXP 	New trial (rep=0, index=4): OrderedDict([('Imagenes', 'imagenes\\Nutella (1).jpg'), ('Random', 0.5277483225747329), ('Correcto', None)])
19.9215 	EXP 	image_2: autoDraw = False
19.9215 	EXP 	slider_2: autoDraw = False
19.9215 	EXP 	image_2: image = 'imagenes\\Nutella (1).jpg'
19.9215 	EXP 	slider_2: markerPos = None
19.9215 	EXP 	slider_2: markerPos = None
19.9215 	EXP 	slider_2: rating = None
19.9215 	EXP 	image_2: autoDraw = True
19.9215 	EXP 	slider_2: autoDraw = True
19.9570 	DATA 	Mouse: Left button down, pos=(693,154)
19.9714 	EXP 	slider_2: markerPos = 3.565104166666667
19.9883 	EXP 	slider_2: markerPos = 3.565104166666667
20.0048 	EXP 	slider_2: markerPos = 3.565104166666667
20.0220 	EXP 	slider_2: markerPos = 3.565104166666667
20.0381 	EXP 	slider_2: markerPos = 3.565104166666667
20.0404 	DATA 	Mouse:  Left button up, pos=(693,154)
20.0546 	EXP 	slider_2: markerPos = 3.565104166666667
20.0546 	EXP 	slider_2: rating = 3.565104166666667
20.0573 	EXP 	New trial (rep=0, index=5): OrderedDict([('Imagenes', 'imagenes\\Papas-limon.jpg'), ('Random', 0.020692288100133793), ('Correcto', None)])
20.0718 	EXP 	image_2: autoDraw = False
20.0718 	EXP 	slider_2: autoDraw = False
20.0718 	EXP 	image_2: image = 'imagenes\\Papas-limon.jpg'
20.0718 	EXP 	slider_2: markerPos = None
20.0718 	EXP 	slider_2: markerPos = None
20.0718 	EXP 	slider_2: rating = None
20.0718 	EXP 	image_2: autoDraw = True
20.0718 	EXP 	slider_2: autoDraw = True
20.1073 	DATA 	Mouse: Left button down, pos=(693,154)
20.1220 	EXP 	slider_2: markerPos = 3.565104166666667
20.1381 	EXP 	slider_2: markerPos = 3.565104166666667
20.1547 	EXP 	slider_2: markerPos = 3.565104166666667
20.1718 	EXP 	slider_2: markerPos = 3.565104166666667
20.1886 	EXP 	slider_2: markerPos = 3.565104166666667
20.1903 	DATA 	Mouse:  Left button up, pos=(693,154)
20.2047 	EXP 	slider_2: markerPos = 3.565104166666667
20.2047 	EXP 	slider_2: rating = 3.565104166666667
20.2071 	EXP 	New trial (rep=0, index=6): OrderedDict([('Imagenes', 'imagenes\\Leche-de-almendras.jpg'), ('Random', 0.36073876480313727), ('Correcto', None)])
20.2540 	EXP 	image_2: autoDraw = False
20.2540 	EXP 	slider_2: autoDraw = False
20.2540 	EXP 	image_2: image = 'imagenes\\Leche-de-almendras.jpg'
20.2540 	EXP 	slider_2: markerPos = None
20.2540 	EXP 	slider_2: markerPos = None
20.2540 	EXP 	slider_2: rating = None
20.2540 	EXP 	image_2: autoDraw = True
20.2540 	EXP 	slider_2: autoDraw = True
20.2621 	DATA 	Mouse: Left button down, pos=(693,154)
20.2719 	EXP 	slider_2: markerPos = 3.565104166666667
20.2883 	EXP 	slider_2: markerPos = 3.565104166666667
20.3049 	EXP 	slider_2: markerPos = 3.565104166666667
20.3220 	EXP 	slider_2: markerPos = 3.565104166666667
20.3383 	EXP 	slider_2: markerPos = 3.565104166666667
20.3408 	DATA 	Mouse:  Left button up, pos=(693,154)
20.3548 	EXP 	slider_2: markerPos = 3.565104166666667
20.3548 	EXP 	slider_2: rating = 3.565104166666667
20.3583 	EXP 	New trial (rep=0, index=7): OrderedDict([('Imagenes', 'imagenes\\Popetas.jpg'), ('Random', 0.07650200324054446), ('Correcto', None)])
20.4002 	EXP 	image_2: autoDraw = False
20.4002 	EXP 	slider_2: autoDraw = False
20.4002 	EXP 	image_2: image = 'imagenes\\Popetas.jpg'
20.4002 	EXP 	slider_2: markerPos = None
20.4002 	EXP 	slider_2: markerPos = None
20.4002 	EXP 	slider_2: rating = None
20.4002 	EXP 	image_2: autoDraw = True
20.4002 	EXP 	slider_2: autoDraw = True
20.4150 	DATA 	Mouse: Left button down, pos=(693,154)
20.4219 	EXP 	slider_2: markerPos = 3.565104166666667
20.4379 	EXP 	slider_2: markerPos = 3.565104166666667
20.4551 	EXP 	slider_2: markerPos = 3.565104166666667
20.4719 	EXP 	slider_2: markerPos = 3.565104166666667
20.4881 	EXP 	slider_2: markerPos = 3.565104166666667
20.4897 	DATA 	Mouse:  Left button up, pos=(693,154)
20.5048 	EXP 	slider_2: markerPos = 3.565104166666667
20.5048 	EXP 	slider_2: rating = 3.565104166666667
20.5077 	EXP 	New trial (rep=0, index=8): OrderedDict([('Imagenes', 'imagenes\\Brownie.jpg'), ('Random', 0.17000143351927688), ('Correcto', None)])
20.5364 	EXP 	image_2: autoDraw = False
20.5364 	EXP 	slider_2: autoDraw = False
20.5364 	EXP 	image_2: image = 'imagenes\\Brownie.jpg'
20.5364 	EXP 	slider_2: markerPos = None
20.5364 	EXP 	slider_2: markerPos = None
20.5364 	EXP 	slider_2: rating = None
20.5364 	EXP 	image_2: autoDraw = True
20.5364 	EXP 	slider_2: autoDraw = True
20.5738 	DATA 	Mouse: Left button down, pos=(693,154)
20.5886 	EXP 	slider_2: markerPos = 3.565104166666667
20.6047 	EXP 	slider_2: markerPos = 3.565104166666667
20.6218 	EXP 	slider_2: markerPos = 3.565104166666667
20.6384 	EXP 	slider_2: markerPos = 3.565104166666667
20.6546 	EXP 	slider_2: markerPos = 3.565104166666667
20.6565 	DATA 	Mouse:  Left button up, pos=(693,154)
20.6709 	EXP 	slider_2: markerPos = 3.565104166666667
20.6709 	EXP 	slider_2: rating = 3.565104166666667
20.6735 	EXP 	New trial (rep=0, index=9): OrderedDict([('Imagenes', 'imagenes\\Rosquitas (1).jpg'), ('Random', 0.3035383390851263), ('Correcto', None)])
20.6918 	EXP 	image_2: autoDraw = False
20.6918 	EXP 	slider_2: autoDraw = False
20.6918 	EXP 	image_2: image = 'imagenes\\Rosquitas (1).jpg'
20.6918 	EXP 	slider_2: markerPos = None
20.6918 	EXP 	slider_2: markerPos = None
20.6918 	EXP 	slider_2: rating = None
20.6918 	EXP 	image_2: autoDraw = True
20.6918 	EXP 	slider_2: autoDraw = True
20.7244 	DATA 	Mouse: Left button down, pos=(693,154)
20.7382 	EXP 	slider_2: markerPos = 3.565104166666667
20.7548 	EXP 	slider_2: markerPos = 3.565104166666667
20.7717 	EXP 	slider_2: markerPos = 3.565104166666667
20.7884 	EXP 	slider_2: markerPos = 3.565104166666667
20.8049 	EXP 	slider_2: markerPos = 3.565104166666667
20.8216 	EXP 	slider_2: markerPos = 3.565104166666667
20.8236 	DATA 	Mouse:  Left button up, pos=(693,154)
20.8381 	EXP 	slider_2: markerPos = 3.565104166666667
20.8381 	EXP 	slider_2: rating = 3.565104166666667
20.8403 	EXP 	New trial (rep=0, index=10): OrderedDict([('Imagenes', 'imagenes\\Alpinito.jpg'), ('Random', 0.4515332417045813), ('Correcto', None)])
20.8655 	EXP 	image_2: autoDraw = False
20.8655 	EXP 	slider_2: autoDraw = False
20.8655 	EXP 	image_2: image = 'imagenes\\Alpinito.jpg'
20.8655 	EXP 	slider_2: markerPos = None
20.8655 	EXP 	slider_2: markerPos = None
20.8655 	EXP 	slider_2: rating = None
20.8655 	EXP 	image_2: autoDraw = True
20.8655 	EXP 	slider_2: autoDraw = True
20.8899 	DATA 	Mouse: Left button down, pos=(693,154)
20.9048 	EXP 	slider_2: markerPos = 3.565104166666667
20.9217 	EXP 	slider_2: markerPos = 3.565104166666667
20.9382 	EXP 	slider_2: markerPos = 3.565104166666667
20.9552 	EXP 	slider_2: markerPos = 3.565104166666667
20.9718 	EXP 	slider_2: markerPos = 3.565104166666667
20.9884 	EXP 	slider_2: markerPos = 3.565104166666667
20.9907 	DATA 	Mouse:  Left button up, pos=(693,154)
21.0048 	EXP 	slider_2: markerPos = 3.565104166666667
21.0048 	EXP 	slider_2: rating = 3.565104166666667
21.0069 	EXP 	New trial (rep=0, index=11): OrderedDict([('Imagenes', 'imagenes\\Banano.jpeg'), ('Random', 0.651633055306917), ('Correcto', None)])
21.0213 	EXP 	image_2: autoDraw = False
21.0213 	EXP 	slider_2: autoDraw = False
21.0213 	EXP 	image_2: image = 'imagenes\\Banano.jpeg'
21.0213 	EXP 	slider_2: markerPos = None
21.0213 	EXP 	slider_2: markerPos = None
21.0213 	EXP 	slider_2: rating = None
21.0213 	EXP 	image_2: autoDraw = True
21.0213 	EXP 	slider_2: autoDraw = True
21.0406 	DATA 	Mouse: Left button down, pos=(693,154)
21.0547 	EXP 	slider_2: markerPos = 3.565104166666667
21.0713 	EXP 	slider_2: markerPos = 3.565104166666667
21.0883 	EXP 	slider_2: markerPos = 3.565104166666667
21.1050 	EXP 	slider_2: markerPos = 3.565104166666667
21.1215 	EXP 	slider_2: markerPos = 3.565104166666667
21.1384 	EXP 	slider_2: markerPos = 3.565104166666667
21.1400 	DATA 	Mouse:  Left button up, pos=(693,154)
21.1549 	EXP 	slider_2: markerPos = 3.565104166666667
21.1549 	EXP 	slider_2: rating = 3.565104166666667
21.1578 	EXP 	New trial (rep=0, index=12): OrderedDict([('Imagenes', 'imagenes\\Yogurt-alpina.jpg'), ('Random', 0.21540995091807813), ('Correcto', None)])
21.1715 	EXP 	image_2: autoDraw = False
21.1715 	EXP 	slider_2: autoDraw = False
21.1715 	EXP 	image_2: image = 'imagenes\\Yogurt-alpina.jpg'
21.1715 	EXP 	slider_2: markerPos = None
21.1715 	EXP 	slider_2: markerPos = None
21.1715 	EXP 	slider_2: rating = None
21.1715 	EXP 	image_2: autoDraw = True
21.1715 	EXP 	slider_2: autoDraw = True
21.2083 	DATA 	Mouse: Left button down, pos=(693,154)
21.2215 	EXP 	slider_2: markerPos = 3.565104166666667
21.2384 	EXP 	slider_2: markerPos = 3.565104166666667
21.2547 	EXP 	slider_2: markerPos = 3.565104166666667
21.2717 	EXP 	slider_2: markerPos = 3.565104166666667
21.2878 	EXP 	slider_2: markerPos = 3.565104166666667
21.3046 	EXP 	slider_2: markerPos = 3.565104166666667
21.3081 	DATA 	Mouse:  Left button up, pos=(693,154)
21.3218 	EXP 	slider_2: markerPos = 3.565104166666667
21.3383 	EXP 	slider_2: markerPos = 3.565104166666667
21.3383 	EXP 	slider_2: rating = 3.565104166666667
21.3406 	EXP 	New trial (rep=0, index=13): OrderedDict([('Imagenes', 'imagenes\\Galletas Tosh.jpg'), ('Random', 0.478088790487872), ('Correcto', None)])
21.3578 	DATA 	Mouse: Left button down, pos=(693,154)
21.3629 	EXP 	image_2: autoDraw = False
21.3629 	EXP 	slider_2: autoDraw = False
21.3629 	EXP 	image_2: image = 'imagenes\\Galletas Tosh.jpg'
21.3629 	EXP 	slider_2: markerPos = None
21.3629 	EXP 	slider_2: markerPos = None
21.3629 	EXP 	slider_2: rating = None
21.3629 	EXP 	image_2: autoDraw = True
21.3629 	EXP 	slider_2: autoDraw = True
21.3629 	EXP 	slider_2: markerPos = 3.565104166666667
21.3712 	EXP 	slider_2: markerPos = 3.565104166666667
21.3881 	EXP 	slider_2: markerPos = 3.565104166666667
21.4047 	EXP 	slider_2: markerPos = 3.565104166666667
21.4220 	EXP 	slider_2: markerPos = 3.565104166666667
21.4383 	EXP 	slider_2: markerPos = 3.565104166666667
21.4541 	EXP 	slider_2: markerPos = 3.565104166666667
21.4714 	EXP 	slider_2: markerPos = 3.565104166666667
21.4731 	DATA 	Mouse:  Left button up, pos=(693,154)
21.4881 	EXP 	slider_2: markerPos = 3.565104166666667
21.4881 	EXP 	slider_2: rating = 3.565104166666667
21.4905 	EXP 	New trial (rep=0, index=14): OrderedDict([('Imagenes', 'imagenes\\Chocoramo.jfif.jpg'), ('Random', 0.7789437122019539), ('Correcto', None)])
21.5123 	EXP 	image_2: autoDraw = False
21.5123 	EXP 	slider_2: autoDraw = False
21.5123 	EXP 	image_2: image = 'imagenes\\Chocoramo.jfif.jpg'
21.5123 	EXP 	slider_2: markerPos = None
21.5123 	EXP 	slider_2: markerPos = None
21.5123 	EXP 	slider_2: rating = None
21.5123 	EXP 	image_2: autoDraw = True
21.5123 	EXP 	slider_2: autoDraw = True
21.5237 	DATA 	Mouse: Left button down, pos=(693,154)
21.5382 	EXP 	slider_2: markerPos = 3.565104166666667
21.5547 	EXP 	slider_2: markerPos = 3.565104166666667
21.5716 	EXP 	slider_2: markerPos = 3.565104166666667
21.5880 	EXP 	slider_2: markerPos = 3.565104166666667
21.6049 	EXP 	slider_2: markerPos = 3.565104166666667
21.6217 	EXP 	slider_2: markerPos = 3.565104166666667
21.6241 	DATA 	Mouse:  Left button up, pos=(693,154)
21.6382 	EXP 	slider_2: markerPos = 3.565104166666667
21.6382 	EXP 	slider_2: rating = 3.565104166666667
21.6409 	EXP 	New trial (rep=0, index=15): OrderedDict([('Imagenes', 'imagenes\\Papas-naturales.jpg'), ('Random', 0.15856838916280946), ('Correcto', None)])
21.6550 	EXP 	image_2: autoDraw = False
21.6550 	EXP 	slider_2: autoDraw = False
21.6550 	EXP 	image_2: image = 'imagenes\\Papas-naturales.jpg'
21.6550 	EXP 	slider_2: markerPos = None
21.6550 	EXP 	slider_2: markerPos = None
21.6550 	EXP 	slider_2: rating = None
21.6550 	EXP 	image_2: autoDraw = True
21.6550 	EXP 	slider_2: autoDraw = True
21.6901 	DATA 	Mouse: Left button down, pos=(693,154)
21.7049 	EXP 	slider_2: markerPos = 3.565104166666667
21.7217 	EXP 	slider_2: markerPos = 3.565104166666667
21.7382 	EXP 	slider_2: markerPos = 3.565104166666667
21.7546 	EXP 	slider_2: markerPos = 3.565104166666667
21.7717 	EXP 	slider_2: markerPos = 3.565104166666667
21.7760 	DATA 	Mouse:  Left button up, pos=(693,154)
21.7887 	EXP 	slider_2: markerPos = 3.565104166666667
21.8047 	EXP 	slider_2: markerPos = 3.565104166666667
21.8047 	EXP 	slider_2: rating = 3.565104166666667
21.8071 	EXP 	New trial (rep=0, index=16): OrderedDict([('Imagenes', 'imagenes\\Manzana.jpg'), ('Random', 0.5168162194437935), ('Correcto', None)])
21.8364 	EXP 	image_2: autoDraw = False
21.8364 	EXP 	slider_2: autoDraw = False
21.8364 	EXP 	image_2: image = 'imagenes\\Manzana.jpg'
21.8364 	EXP 	slider_2: markerPos = None
21.8364 	EXP 	slider_2: markerPos = None
21.8364 	EXP 	slider_2: rating = None
21.8364 	EXP 	image_2: autoDraw = True
21.8364 	EXP 	slider_2: autoDraw = True
21.8380 	DATA 	Mouse: Left button down, pos=(693,154)
21.8425 	EXP 	slider_2: markerPos = 3.565104166666667
21.8550 	EXP 	slider_2: markerPos = 3.565104166666667
21.8716 	EXP 	slider_2: markerPos = 3.565104166666667
21.8880 	EXP 	slider_2: markerPos = 3.565104166666667
21.9047 	EXP 	slider_2: markerPos = 3.565104166666667
21.9217 	EXP 	slider_2: markerPos = 3.565104166666667
21.9255 	DATA 	Mouse:  Left button up, pos=(693,154)
21.9379 	EXP 	slider_2: markerPos = 3.565104166666667
21.9548 	EXP 	slider_2: markerPos = 3.565104166666667
21.9548 	EXP 	slider_2: rating = 3.565104166666667
21.9571 	EXP 	New trial (rep=0, index=17): OrderedDict([('Imagenes', 'imagenes\\Uvas.jpg'), ('Random', 0.7734382152670648), ('Correcto', None)])
21.9712 	EXP 	image_2: autoDraw = False
21.9712 	EXP 	slider_2: autoDraw = False
21.9712 	EXP 	image_2: image = 'imagenes\\Uvas.jpg'
21.9712 	EXP 	slider_2: markerPos = None
21.9712 	EXP 	slider_2: markerPos = None
21.9712 	EXP 	slider_2: rating = None
21.9712 	EXP 	image_2: autoDraw = True
21.9712 	EXP 	slider_2: autoDraw = True
21.9903 	DATA 	Mouse: Left button down, pos=(693,154)
22.0047 	EXP 	slider_2: markerPos = 3.565104166666667
22.0217 	EXP 	slider_2: markerPos = 3.565104166666667
22.0381 	EXP 	slider_2: markerPos = 3.565104166666667
22.0552 	EXP 	slider_2: markerPos = 3.565104166666667
22.0713 	EXP 	slider_2: markerPos = 3.565104166666667
22.0733 	DATA 	Mouse:  Left button up, pos=(693,154)
22.0879 	EXP 	slider_2: markerPos = 3.565104166666667
22.0879 	EXP 	slider_2: rating = 3.565104166666667
22.0909 	EXP 	New trial (rep=0, index=18): OrderedDict([('Imagenes', 'imagenes\\Kiwi.jpg'), ('Random', 0.5893907384852061), ('Correcto', None)])
22.1046 	EXP 	image_2: autoDraw = False
22.1046 	EXP 	slider_2: autoDraw = False
22.1046 	EXP 	image_2: image = 'imagenes\\Kiwi.jpg'
22.1046 	EXP 	slider_2: markerPos = None
22.1046 	EXP 	slider_2: markerPos = None
22.1046 	EXP 	slider_2: rating = None
22.1046 	EXP 	image_2: autoDraw = True
22.1046 	EXP 	slider_2: autoDraw = True
22.1404 	DATA 	Mouse: Left button down, pos=(693,154)
22.1538 	EXP 	slider_2: markerPos = 3.565104166666667
22.1712 	EXP 	slider_2: markerPos = 3.565104166666667
22.1879 	EXP 	slider_2: markerPos = 3.565104166666667
22.2046 	EXP 	slider_2: markerPos = 3.565104166666667
22.2217 	EXP 	slider_2: markerPos = 3.565104166666667
22.2379 	EXP 	slider_2: markerPos = 3.565104166666667
22.2403 	DATA 	Mouse:  Left button up, pos=(693,154)
22.2545 	EXP 	slider_2: markerPos = 3.565104166666667
22.2545 	EXP 	slider_2: rating = 3.565104166666667
22.2570 	EXP 	New trial (rep=0, index=19): OrderedDict([('Imagenes', 'imagenes\\Mango.jpeg'), ('Random', 0.555669112372461), ('Correcto', None)])
22.2792 	EXP 	image_2: autoDraw = False
22.2792 	EXP 	slider_2: autoDraw = False
22.2792 	EXP 	image_2: image = 'imagenes\\Mango.jpeg'
22.2792 	EXP 	slider_2: markerPos = None
22.2792 	EXP 	slider_2: markerPos = None
22.2792 	EXP 	slider_2: rating = None
22.2792 	EXP 	image_2: autoDraw = True
22.2792 	EXP 	slider_2: autoDraw = True
22.5067 	DATA 	Mouse: Left button down, pos=(693,154)
22.5213 	EXP 	slider_2: markerPos = 3.565104166666667
22.5380 	EXP 	slider_2: markerPos = 3.565104166666667
22.5547 	EXP 	slider_2: markerPos = 3.565104166666667
22.5713 	EXP 	slider_2: markerPos = 3.565104166666667
22.5879 	EXP 	slider_2: markerPos = 3.565104166666667
22.5950 	DATA 	Mouse:  Left button up, pos=(693,154)
22.6046 	EXP 	slider_2: markerPos = 3.565104166666667
22.6212 	EXP 	slider_2: markerPos = 3.565104166666667
22.6212 	EXP 	slider_2: rating = 3.565104166666667
22.8587 	EXP 	window1: mouseVisible = True
