1.3270 	WARNING 	We strongly recommend you activate the PTB sound engine in PsychoPy prefs as the preferred audio engine. Its timing is vastly superior. Your prefs are currently set to use ['sounddevice', 'PTB', 'pyo', 'pygame'] (in that order).
9.0185 	WARNING 	User requested fullscreen with size [1024  768], but screen is actually [1366, 768]. Using actual size
10.5156 	EXP 	Created window1 = Window(allowGUI=False, allowStencil=False, args=UNKNOWN, autoLog=True, bitsMode=UNKNOWN, blendMode='avg', bpc=(8, 8, 8), color=array([0., 0., 0.]), colorSpace='rgb', depthBits=8, fullscr=<method-wrapper '__getattribute__' of attributeSetter object at 0x0000023CCB75B438>, gamma=None, gammaErrorPolicy='raise', kwargs=UNKNOWN, lms=UNKNOWN, monitor=<psychopy.monitors.calibTools.Monitor object at 0x0000023CCB52A4A8>, multiSample=False, name='window1', numSamples=2, pos=[0.0, 0.0], screen=0, size=array([1366,  768]), stencilBits=0, stereo=False, units='height', useFBO=True, useRetina=False, viewOri=0.0, viewPos=None, viewScale=None, waitBlanking=True, winType='pyglet')
10.5159 	EXP 	window1: mouseVisible = True
10.5159 	EXP 	window1: recordFrameIntervals = False
10.6814 	EXP 	window1: recordFrameIntervals = True
10.8660 	EXP 	window1: recordFrameIntervals = False
11.1313 	EXP 	Sound sound_3 set volume 1.000
11.1314 	EXP 	Sound Sonido set volume 1.000
11.1521 	EXP 	Created image_2 = ImageStim(__class__=<class 'psychopy.visual.image.ImageStim'>, autoLog=True, color=array([1., 1., 1.]), colorSpace='rgb', contrast=1.0, depth=-1.0, flipHoriz=False, flipVert=False, image='sin', interpolate=True, mask=None, maskParams=None, name='image_2', opacity=1.0, ori=0.0, pos=array([0. , 0.2]), size=array([0.5, 0.5]), texRes=128, units='height', win=Window(...))
11.1720 	EXP 	window1: mouseVisible = True
11.4688 	EXP 	Created slider_2 = Slider(__class__=<class 'psychopy.visual.slider.Slider'>, autoDraw=False, autoLog=True, color='LightGray', depth=0, flip=False, font='HelveticaBold', granularity=0, labelHeight=0.05, labelWrapWidth=None, labels=('0', '1000', '2000', '3000', '4000', '5000'), name='slider_2', pos=(0, -0.3), readOnly=False, self=UNKNOWN, size=(1.0, 0.05), style=method-wrapper(...), ticks=array([1, 2, 3, 4, 5, 6]), units='height', win=Window(...))
11.5466 	EXP 	slider_2: autoLog = True
11.5466 	EXP 	slider_2: markerPos = None
11.5466 	EXP 	slider_2: rating = None
11.5466 	EXP 	slider_2: markerPos = None
11.5466 	EXP 	slider_2: contrast = 1.0
11.5466 	EXP 	slider_2: autoLog = True
11.5466 	EXP 	slider_2: style = ['rating']
15.1327 	DATA 	Keypress: escape
15.4053 	EXP 	window1: mouseVisible = True
