0.8296 	WARNING 	We strongly recommend you activate the PTB sound engine in PsychoPy prefs as the preferred audio engine. Its timing is vastly superior. Your prefs are currently set to use ['sounddevice', 'PTB', 'pyo', 'pygame'] (in that order).
10.6657 	EXP 	Created window1 = Window(allowGUI=False, allowStencil=False, args=UNKNOWN, autoLog=True, bitsMode=UNKNOWN, blendMode='avg', bpc=(8, 8, 8), color=array([1., 1., 1.]), colorSpace='rgb', depthBits=8, fullscr=<method-wrapper '__getattribute__' of attributeSetter object at 0x00000242F3C260F0>, gamma=None, gammaErrorPolicy='raise', kwargs=UNKNOWN, lms=UNKNOWN, monitor=<psychopy.monitors.calibTools.Monitor object at 0x00000242F3AB38D0>, multiSample=False, name='window1', numSamples=2, pos=[0.0, 0.0], screen=0, size=array([1366,  768]), stencilBits=0, stereo=False, units='height', useFBO=True, useRetina=False, viewOri=0.0, viewPos=None, viewScale=None, waitBlanking=True, winType='pyglet')
10.6660 	EXP 	window1: mouseVisible = True
10.6660 	EXP 	window1: recordFrameIntervals = False
10.8323 	EXP 	window1: recordFrameIntervals = True
11.0161 	EXP 	window1: recordFrameIntervals = False
11.2331 	EXP 	Created mensaje_intro = TextStim(__class__=<class 'psychopy.visual.text.TextStim'>, alignHoriz=method-wrapper(...), alignText='center', alignVert=method-wrapper(...), anchorHoriz='center', anchorVert='center', antialias=True, autoLog=True, bold=False, color='black', colorSpace='named', contrast=1.0, depth=0.0, flipHoriz=False, flipVert=False, font='Arial', fontFiles=[], height=0.07, italic=False, languageStyle='LTR', name='mensaje_intro', opacity=1.0, ori=0, pos=array([0., 0.]), rgb=array([0., 0., 0.]), text=str(...), units='height', win=Window(...), wrapWidth=1)
11.2369 	EXP 	Created boton_intro = Polygon(__class__=<class 'psychopy.visual.polygon.Polygon'>, autoDraw=False, autoLog=True, closeShape=True, color=method-wrapper(...), colorSpace=None, contrast=1.0, depth=-1.0, fillColor=array([0., 0., 0.]), fillColorSpace='rgb', fillRGB=array([0., 0., 0.]), interpolate=True, lineColor=array([1., 1., 1.]), lineColorSpace='rgb', lineRGB=array([1., 1., 1.]), lineWidth=1, name='boton_intro', opacity=1.0, ori=array(0.), pos=array([ 0.7, -0.4]), size=array([0.3, 0.2]), units='height', vertices=ndarray(...), win=Window(...))
11.2370 	EXP 	window1: mouseVisible = True
11.2848 	EXP 	Created mensaje_intro_2 = TextStim(__class__=<class 'psychopy.visual.text.TextStim'>, alignHoriz=method-wrapper(...), alignText='center', alignVert=method-wrapper(...), anchorHoriz='center', anchorVert='center', antialias=True, autoLog=True, bold=False, color='black', colorSpace='named', contrast=1.0, depth=0.0, flipHoriz=False, flipVert=False, font='Arial', fontFiles=[], height=0.03, italic=False, languageStyle='LTR', name='mensaje_intro_2', opacity=1.0, ori=0, pos=array([0., 0.]), rgb=array([0., 0., 0.]), text=str(...), units='height', win=Window(...), wrapWidth=1)
11.2882 	EXP 	Created boton_intro_2 = Polygon(__class__=<class 'psychopy.visual.polygon.Polygon'>, autoDraw=False, autoLog=True, closeShape=True, color=method-wrapper(...), colorSpace=None, contrast=1.0, depth=-1.0, fillColor=array([0., 0., 0.]), fillColorSpace='rgb', fillRGB=array([0., 0., 0.]), interpolate=True, lineColor=array([1., 1., 1.]), lineColorSpace='rgb', lineRGB=array([1., 1., 1.]), lineWidth=1, name='boton_intro_2', opacity=1.0, ori=array(0.), pos=array([ 0.7, -0.4]), size=array([0.3, 0.2]), units='height', vertices=ndarray(...), win=Window(...))
11.2883 	EXP 	window1: mouseVisible = True
11.3121 	EXP 	Created text_prueba = TextStim(__class__=<class 'psychopy.visual.text.TextStim'>, alignHoriz=method-wrapper(...), alignText='center', alignVert=method-wrapper(...), anchorHoriz='center', anchorVert='center', antialias=True, autoLog=True, bold=False, color='black', colorSpace='named', contrast=1.0, depth=0.0, flipHoriz=False, flipVert=False, font='Arial', fontFiles=[], height=0.05, italic=False, languageStyle='LTR', name='text_prueba', opacity=1.0, ori=0, pos=array([0., 0.]), rgb=array([0., 0., 0.]), text=str(...), units='height', win=Window(...), wrapWidth=1)
11.3156 	EXP 	Created boton_intro_prueba = Polygon(__class__=<class 'psychopy.visual.polygon.Polygon'>, autoDraw=False, autoLog=True, closeShape=True, color=method-wrapper(...), colorSpace=None, contrast=1.0, depth=-1.0, fillColor=array([0., 0., 0.]), fillColorSpace='rgb', fillRGB=array([0., 0., 0.]), interpolate=True, lineColor=array([1., 1., 1.]), lineColorSpace='rgb', lineRGB=array([1., 1., 1.]), lineWidth=1, name='boton_intro_prueba', opacity=1.0, ori=array(0.), pos=array([ 0.7, -0.4]), size=array([0.3, 0.2]), units='height', vertices=ndarray(...), win=Window(...))
11.3156 	EXP 	window1: mouseVisible = True
11.3957 	EXP 	Sound sonido_prueba set volume 1.000
11.4257 	EXP 	Created image_prueba = ImageStim(__class__=<class 'psychopy.visual.image.ImageStim'>, autoLog=True, color=array([1., 1., 1.]), colorSpace='rgb', contrast=1.0, depth=-1.0, flipHoriz=False, flipVert=False, image='imagenes/lapicero.jpg', interpolate=True, mask=None, maskParams=None, name='image_prueba', opacity=1.0, ori=0.0, pos=array([0. , 0.2]), size=array([0.5, 0.5]), texRes=128, units='height', win=Window(...))
11.4313 	EXP 	window1: mouseVisible = True
11.4777 	EXP 	Created slider_prueba = Slider(__class__=<class 'psychopy.visual.slider.Slider'>, autoDraw=False, autoLog=True, color='DimGrey', depth=-2, flip=False, font='HelveticaBold', granularity=0, labelHeight=0.05, labelWrapWidth=None, labels=('0', '1000', '2000', '3000', '4000', '5000'), name='slider_prueba', pos=(0, -0.3), readOnly=False, self=UNKNOWN, size=(1.0, 0.05), style=method-wrapper(...), ticks=array([1, 2, 3, 4, 5, 6]), units='height', win=Window(...))
11.4782 	EXP 	Sound sonido_prueba_2 set volume 1.000
11.5397 	EXP 	Created image_prueba_2 = ImageStim(__class__=<class 'psychopy.visual.image.ImageStim'>, autoLog=True, color=array([1., 1., 1.]), colorSpace='rgb', contrast=1.0, depth=-1.0, flipHoriz=False, flipVert=False, image='imagenes/jabon.jpg', interpolate=True, mask=None, maskParams=None, name='image_prueba_2', opacity=1.0, ori=0.0, pos=array([0. , 0.2]), size=array([0.5, 0.5]), texRes=128, units='height', win=Window(...))
11.5402 	EXP 	window1: mouseVisible = True
11.5495 	EXP 	Created slider_prueba_2 = Slider(__class__=<class 'psychopy.visual.slider.Slider'>, autoDraw=False, autoLog=True, color='DimGrey', depth=-2, flip=False, font='HelveticaBold', granularity=0, labelHeight=0.05, labelWrapWidth=None, labels=('0', '1000', '2000', '3000', '4000', '5000'), name='slider_prueba_2', pos=(0, -0.3), readOnly=False, self=UNKNOWN, size=(1.0, 0.05), style=method-wrapper(...), ticks=array([1, 2, 3, 4, 5, 6]), units='height', win=Window(...))
11.5587 	EXP 	Created text_prueba_2 = TextStim(__class__=<class 'psychopy.visual.text.TextStim'>, alignHoriz=method-wrapper(...), alignText='center', alignVert=method-wrapper(...), anchorHoriz='center', anchorVert='center', antialias=True, autoLog=True, bold=False, color='black', colorSpace='named', contrast=1.0, depth=0.0, flipHoriz=False, flipVert=False, font='Arial', fontFiles=[], height=0.05, italic=False, languageStyle='LTR', name='text_prueba_2', opacity=1.0, ori=0, pos=array([0., 0.]), rgb=array([0., 0., 0.]), text=str(...), units='height', win=Window(...), wrapWidth=1)
11.5619 	EXP 	Created boton_intro_exp = Polygon(__class__=<class 'psychopy.visual.polygon.Polygon'>, autoDraw=False, autoLog=True, closeShape=True, color=method-wrapper(...), colorSpace=None, contrast=1.0, depth=-1.0, fillColor=array([0., 0., 0.]), fillColorSpace='rgb', fillRGB=array([0., 0., 0.]), interpolate=True, lineColor=array([1., 1., 1.]), lineColorSpace='rgb', lineRGB=array([1., 1., 1.]), lineWidth=1, name='boton_intro_exp', opacity=1.0, ori=array(0.), pos=array([ 0.7, -0.4]), size=array([0.3, 0.2]), units='height', vertices=ndarray(...), win=Window(...))
11.5620 	EXP 	window1: mouseVisible = True
11.5621 	EXP 	Sound sonido_exp set volume 1.000
11.5646 	EXP 	Created image_exp = ImageStim(__class__=<class 'psychopy.visual.image.ImageStim'>, autoLog=True, color=array([1., 1., 1.]), colorSpace='rgb', contrast=1.0, depth=-1.0, flipHoriz=False, flipVert=False, image='sin', interpolate=True, mask=None, maskParams=None, name='image_exp', opacity=1.0, ori=0.0, pos=array([0. , 0.2]), size=array([0.5, 0.5]), texRes=128, units='height', win=Window(...))
11.5651 	EXP 	window1: mouseVisible = True
11.5740 	EXP 	Created slider_exp = Slider(__class__=<class 'psychopy.visual.slider.Slider'>, autoDraw=False, autoLog=True, color='DimGrey', depth=-2, flip=False, font='HelveticaBold', granularity=0, labelHeight=0.05, labelWrapWidth=None, labels=('0', '1000', '2000', '3000', '4000', '5000'), name='slider_exp', pos=(0, -0.3), readOnly=False, self=UNKNOWN, size=(1.0, 0.05), style=method-wrapper(...), ticks=array([1, 2, 3, 4, 5, 6]), units='height', win=Window(...))
11.5885 	EXP 	Created text_subasta1 = TextStim(__class__=<class 'psychopy.visual.text.TextStim'>, alignHoriz=method-wrapper(...), alignText='center', alignVert=method-wrapper(...), anchorHoriz='center', anchorVert='center', antialias=True, autoLog=True, bold=False, color='black', colorSpace='named', contrast=1.0, depth=0.0, flipHoriz=False, flipVert=False, font='Arial', fontFiles=[], height=0.05, italic=False, languageStyle='LTR', name='text_subasta1', opacity=1.0, ori=0, pos=array([0., 0.]), rgb=array([0., 0., 0.]), text=str(...), units='height', win=Window(...), wrapWidth=1)
11.5918 	EXP 	Created boton_subasta1 = Polygon(__class__=<class 'psychopy.visual.polygon.Polygon'>, autoDraw=False, autoLog=True, closeShape=True, color=method-wrapper(...), colorSpace=None, contrast=1.0, depth=-1.0, fillColor=array([0., 0., 0.]), fillColorSpace='rgb', fillRGB=array([0., 0., 0.]), interpolate=True, lineColor=array([1., 1., 1.]), lineColorSpace='rgb', lineRGB=array([1., 1., 1.]), lineWidth=1, name='boton_subasta1', opacity=1.0, ori=array(0.), pos=array([ 0.7, -0.4]), size=array([0.3, 0.2]), units='height', vertices=ndarray(...), win=Window(...))
11.5919 	EXP 	window1: mouseVisible = True
11.6102 	EXP 	Created text_subasta2 = TextStim(__class__=<class 'psychopy.visual.text.TextStim'>, alignHoriz=method-wrapper(...), alignText='center', alignVert=method-wrapper(...), anchorHoriz='center', anchorVert='center', antialias=True, autoLog=True, bold=False, color='black', colorSpace='named', contrast=1.0, depth=0.0, flipHoriz=False, flipVert=False, font='Arial', fontFiles=[], height=0.05, italic=False, languageStyle='LTR', name='text_subasta2', opacity=1.0, ori=0, pos=array([0., 0.]), rgb=array([0., 0., 0.]), text=str(...), units='height', win=Window(...), wrapWidth=1)
11.6136 	EXP 	Created boton_subasta2 = Polygon(__class__=<class 'psychopy.visual.polygon.Polygon'>, autoDraw=False, autoLog=True, closeShape=True, color=method-wrapper(...), colorSpace=None, contrast=1.0, depth=-1.0, fillColor=array([0., 0., 0.]), fillColorSpace='rgb', fillRGB=array([0., 0., 0.]), interpolate=True, lineColor=array([1., 1., 1.]), lineColorSpace='rgb', lineRGB=array([1., 1., 1.]), lineWidth=1, name='boton_subasta2', opacity=1.0, ori=array(0.), pos=array([ 0.7, -0.4]), size=array([0.3, 0.2]), units='height', vertices=ndarray(...), win=Window(...))
11.6137 	EXP 	window1: mouseVisible = True
11.6287 	EXP 	Created text = TextStim(__class__=<class 'psychopy.visual.text.TextStim'>, alignHoriz=method-wrapper(...), alignText='center', alignVert=method-wrapper(...), anchorHoriz='center', anchorVert='center', antialias=True, autoLog=True, bold=False, color='black', colorSpace='named', contrast=1.0, depth=-1.0, flipHoriz=False, flipVert=False, font='Arial', fontFiles=[], height=0.1, italic=False, languageStyle='LTR', name='text', opacity=1.0, ori=0, pos=array([0.  , 0.15]), rgb=array([0., 0., 0.]), text='default text', units='height', win=Window(...), wrapWidth=1)
11.6321 	EXP 	Created boton_pago1 = Polygon(__class__=<class 'psychopy.visual.polygon.Polygon'>, autoDraw=False, autoLog=True, closeShape=True, color=method-wrapper(...), colorSpace=None, contrast=1.0, depth=-2.0, fillColor=array([0., 0., 0.]), fillColorSpace='rgb', fillRGB=array([0., 0., 0.]), interpolate=True, lineColor=array([1., 1., 1.]), lineColorSpace='rgb', lineRGB=array([1., 1., 1.]), lineWidth=1, name='boton_pago1', opacity=1.0, ori=array(0.), pos=array([ 0.7, -0.4]), size=array([0.3, 0.2]), units='height', vertices=ndarray(...), win=Window(...))
11.6321 	EXP 	window1: mouseVisible = True
11.6344 	EXP 	Created text_4 = TextStim(__class__=<class 'psychopy.visual.text.TextStim'>, alignHoriz=method-wrapper(...), alignText='center', alignVert=method-wrapper(...), anchorHoriz='center', anchorVert='center', antialias=True, autoLog=True, bold=False, color='black', colorSpace='named', contrast=1.0, depth=-1.0, flipHoriz=False, flipVert=False, font='Arial', fontFiles=[], height=0.1, italic=False, languageStyle='LTR', name='text_4', opacity=1.0, ori=0, pos=array([0., 0.]), rgb=array([0., 0., 0.]), text='default text', units='height', win=Window(...), wrapWidth=1)
11.6377 	EXP 	Created boton_pago2 = Polygon(__class__=<class 'psychopy.visual.polygon.Polygon'>, autoDraw=False, autoLog=True, closeShape=True, color=method-wrapper(...), colorSpace=None, contrast=1.0, depth=-2.0, fillColor=array([0., 0., 0.]), fillColorSpace='rgb', fillRGB=array([0., 0., 0.]), interpolate=True, lineColor=array([1., 1., 1.]), lineColorSpace='rgb', lineRGB=array([1., 1., 1.]), lineWidth=1, name='boton_pago2', opacity=1.0, ori=array(0.), pos=array([ 0.7, -0.4]), size=array([0.3, 0.2]), units='height', vertices=ndarray(...), win=Window(...))
11.6378 	EXP 	window1: mouseVisible = True
11.6480 	EXP 	Created text_producto = TextStim(__class__=<class 'psychopy.visual.text.TextStim'>, alignHoriz=method-wrapper(...), alignText='center', alignVert=method-wrapper(...), anchorHoriz='center', anchorVert='center', antialias=True, autoLog=True, bold=False, color='black', colorSpace='named', contrast=1.0, depth=0.0, flipHoriz=False, flipVert=False, font='Arial', fontFiles=[], height=0.05, italic=False, languageStyle='LTR', name='text_producto', opacity=1.0, ori=0, pos=array([0.   , 0.275]), rgb=array([0., 0., 0.]), text=str(...), units='height', win=Window(...), wrapWidth=1)
11.6500 	EXP 	Created image = ImageStim(__class__=<class 'psychopy.visual.image.ImageStim'>, autoLog=True, color=array([1., 1., 1.]), colorSpace='rgb', contrast=1.0, depth=-1.0, flipHoriz=False, flipVert=False, image='sin', interpolate=True, mask=None, maskParams=None, name='image', opacity=1.0, ori=0.0, pos=array([ 0.  , -0.15]), size=array([0.5, 0.5]), texRes=128, units='height', win=Window(...))
11.6533 	EXP 	Created boton_producto = Polygon(__class__=<class 'psychopy.visual.polygon.Polygon'>, autoDraw=False, autoLog=True, closeShape=True, color=method-wrapper(...), colorSpace=None, contrast=1.0, depth=-2.0, fillColor=array([0., 0., 0.]), fillColorSpace='rgb', fillRGB=array([0., 0., 0.]), interpolate=True, lineColor=array([1., 1., 1.]), lineColorSpace='rgb', lineRGB=array([1., 1., 1.]), lineWidth=1, name='boton_producto', opacity=1.0, ori=array(0.), pos=array([ 0.7, -0.4]), size=array([0.3, 0.2]), units='height', vertices=ndarray(...), win=Window(...))
11.6534 	EXP 	window1: mouseVisible = True
11.6557 	EXP 	Created texto_final = TextStim(__class__=<class 'psychopy.visual.text.TextStim'>, alignHoriz=method-wrapper(...), alignText='center', alignVert=method-wrapper(...), anchorHoriz='center', anchorVert='center', antialias=True, autoLog=True, bold=False, color='black', colorSpace='named', contrast=1.0, depth=-1.0, flipHoriz=False, flipVert=False, font='Arial', fontFiles=[], height=0.1, italic=False, languageStyle='LTR', name='texto_final', opacity=1.0, ori=0, pos=array([0., 0.]), rgb=array([0., 0., 0.]), text='default text', units='height', win=Window(...), wrapWidth=1)
11.6590 	EXP 	Created boton_pago3 = Polygon(__class__=<class 'psychopy.visual.polygon.Polygon'>, autoDraw=False, autoLog=True, closeShape=True, color=method-wrapper(...), colorSpace=None, contrast=1.0, depth=-2.0, fillColor=array([0., 0., 0.]), fillColorSpace='rgb', fillRGB=array([0., 0., 0.]), interpolate=True, lineColor=array([1., 1., 1.]), lineColorSpace='rgb', lineRGB=array([1., 1., 1.]), lineWidth=1, name='boton_pago3', opacity=1.0, ori=array(0.), pos=array([ 0.7, -0.4]), size=array([0.3, 0.2]), units='height', vertices=ndarray(...), win=Window(...))
11.6591 	EXP 	window1: mouseVisible = True
11.6816 	EXP 	Created text_2 = TextStim(__class__=<class 'psychopy.visual.text.TextStim'>, alignHoriz=method-wrapper(...), alignText='center', alignVert=method-wrapper(...), anchorHoriz='center', anchorVert='center', antialias=True, autoLog=True, bold=False, color='black', colorSpace='named', contrast=1.0, depth=0.0, flipHoriz=False, flipVert=False, font='Arial', fontFiles=[], height=0.05, italic=False, languageStyle='LTR', name='text_2', opacity=1.0, ori=0, pos=array([0., 0.]), rgb=array([0., 0., 0.]), text=str(...), units='height', win=Window(...), wrapWidth=1)
11.6849 	EXP 	Created boton_intro_encuesta = Polygon(__class__=<class 'psychopy.visual.polygon.Polygon'>, autoDraw=False, autoLog=True, closeShape=True, color=method-wrapper(...), colorSpace=None, contrast=1.0, depth=-1.0, fillColor=array([0., 0., 0.]), fillColorSpace='rgb', fillRGB=array([0., 0., 0.]), interpolate=True, lineColor=array([1., 1., 1.]), lineColorSpace='rgb', lineRGB=array([1., 1., 1.]), lineWidth=1, name='boton_intro_encuesta', opacity=1.0, ori=array(0.), pos=array([ 0.7, -0.4]), size=array([0.3, 0.2]), units='height', vertices=ndarray(...), win=Window(...))
11.6850 	EXP 	window1: mouseVisible = True
11.7186 	EXP 	slider_prueba: autoLog = True
11.7186 	EXP 	slider_prueba: markerPos = None
11.7186 	EXP 	slider_prueba: rating = None
11.7186 	EXP 	slider_prueba: markerPos = None
11.7186 	EXP 	slider_prueba: contrast = 1.0
11.7186 	EXP 	slider_prueba: autoLog = True
11.7186 	EXP 	slider_prueba: style = ['whiteOnBlack']
11.7186 	EXP 	slider_prueba_2: autoLog = True
11.7186 	EXP 	slider_prueba_2: markerPos = None
11.7186 	EXP 	slider_prueba_2: rating = None
11.7186 	EXP 	slider_prueba_2: markerPos = None
11.7186 	EXP 	slider_prueba_2: contrast = 1.0
11.7186 	EXP 	slider_prueba_2: autoLog = True
11.7186 	EXP 	slider_prueba_2: style = ['whiteOnBlack']
11.7186 	EXP 	slider_exp: autoLog = True
11.7186 	EXP 	slider_exp: markerPos = None
11.7186 	EXP 	slider_exp: rating = None
11.7186 	EXP 	slider_exp: markerPos = None
11.7186 	EXP 	slider_exp: contrast = 1.0
11.7186 	EXP 	slider_exp: autoLog = True
11.7186 	EXP 	slider_exp: style = ['whiteOnBlack']
11.7186 	EXP 	mensaje_intro: autoDraw = True
11.7186 	EXP 	boton_intro: autoDraw = True
12.5847 	DATA 	Mouse: Left button down, pos=(1249,57)
12.5988 	EXP 	mensaje_intro: autoDraw = False
12.5988 	EXP 	boton_intro: autoDraw = False
12.5988 	EXP 	mensaje_intro_2: autoDraw = True
12.5988 	EXP 	boton_intro_2: autoDraw = True
12.6823 	DATA 	Mouse:  Left button up, pos=(1249,57)
13.1165 	DATA 	Mouse: Left button down, pos=(1240,69)
13.1317 	EXP 	mensaje_intro_2: autoDraw = False
13.1317 	EXP 	boton_intro_2: autoDraw = False
13.1317 	EXP 	text_prueba: autoDraw = True
13.1317 	EXP 	boton_intro_prueba: autoDraw = True
13.1988 	DATA 	Mouse:  Left button up, pos=(1240,69)
13.5512 	DATA 	Mouse: Left button down, pos=(1239,72)
13.5653 	EXP 	text_prueba: autoDraw = False
13.5653 	EXP 	boton_intro_prueba: autoDraw = False
13.5653 	EXP 	slider_prueba: markerPos = None
13.5653 	EXP 	slider_prueba: markerPos = None
13.5653 	EXP 	slider_prueba: rating = None
13.6510 	DATA 	Mouse:  Left button up, pos=(1239,72)
15.5358 	DATA 	Keypress: escape
15.9029 	EXP 	window1: mouseVisible = True
