0.8264 	WARNING 	We strongly recommend you activate the PTB sound engine in PsychoPy prefs as the preferred audio engine. Its timing is vastly superior. Your prefs are currently set to use ['sounddevice', 'PTB', 'pyo', 'pygame'] (in that order).
10.9219 	WARNING 	User requested fullscreen with size [1024  768], but screen is actually [1366, 768]. Using actual size
13.0531 	EXP 	Created window1 = Window(allowGUI=False, allowStencil=False, args=UNKNOWN, autoLog=True, bitsMode=UNKNOWN, blendMode='avg', bpc=(8, 8, 8), color=array([0., 0., 0.]), colorSpace='rgb', depthBits=8, fullscr=<method-wrapper '__getattribute__' of attributeSetter object at 0x00000177C4AAEF28>, gamma=None, gammaErrorPolicy='raise', kwargs=UNKNOWN, lms=UNKNOWN, monitor=<psychopy.monitors.calibTools.Monitor object at 0x00000177C4A46748>, multiSample=False, name='window1', numSamples=2, pos=[0.0, 0.0], screen=0, size=array([1366,  768]), stencilBits=0, stereo=False, units='height', useFBO=True, useRetina=False, viewOri=0.0, viewPos=None, viewScale=None, waitBlanking=True, winType='pyglet')
13.0535 	EXP 	window1: mouseVisible = True
13.0535 	EXP 	window1: recordFrameIntervals = False
13.2188 	EXP 	window1: recordFrameIntervals = True
13.4025 	EXP 	window1: recordFrameIntervals = False
13.7306 	EXP 	Sound sound_3 set volume 1.000
13.7308 	EXP 	Sound Sonido set volume 1.000
13.7425 	EXP 	Created image_2 = ImageStim(__class__=<class 'psychopy.visual.image.ImageStim'>, autoLog=True, color=array([1., 1., 1.]), colorSpace='rgb', contrast=1.0, depth=-1.0, flipHoriz=False, flipVert=False, image='sin', interpolate=True, mask=None, maskParams=None, name='image_2', opacity=1.0, ori=0.0, pos=array([0. , 0.2]), size=array([0.5, 0.5]), texRes=128, units='height', win=Window(...))
13.7473 	EXP 	window1: mouseVisible = True
14.0419 	EXP 	Created slider_2 = Slider(__class__=<class 'psychopy.visual.slider.Slider'>, autoDraw=False, autoLog=True, color='LightGray', depth=-2, flip=False, font='HelveticaBold', granularity=0, labelHeight=0.05, labelWrapWidth=None, labels=('0', '1000', '2000', '3000', '4000', '5000'), name='slider_2', pos=(0, -0.3), readOnly=False, self=UNKNOWN, size=(1.0, 0.05), style=method-wrapper(...), ticks=array([1, 2, 3, 4, 5, 6]), units='height', win=Window(...))
14.1151 	EXP 	Created text_2 = TextStim(__class__=<class 'psychopy.visual.text.TextStim'>, alignHoriz=method-wrapper(...), alignText='center', alignVert=method-wrapper(...), anchorHoriz='center', anchorVert='center', antialias=True, autoLog=True, bold=False, color='white', colorSpace='named', contrast=1.0, depth=0.0, flipHoriz=False, flipVert=False, font='Arial', fontFiles=[], height=0.05, italic=False, languageStyle='LTR', name='text_2', opacity=1.0, ori=0, pos=array([0., 0.]), rgb=array([255., 255., 255.]), text=str(...), units='height', win=Window(...), wrapWidth=1)
14.1611 	EXP 	Created text_3 = TextStim(__class__=<class 'psychopy.visual.text.TextStim'>, alignHoriz=method-wrapper(...), alignText='center', alignVert=method-wrapper(...), anchorHoriz='center', anchorVert='center', antialias=True, autoLog=True, bold=False, color='white', colorSpace='named', contrast=1.0, depth=0.0, flipHoriz=False, flipVert=False, font='Arial', fontFiles=[], height=0.05, italic=False, languageStyle='LTR', name='text_3', opacity=1.0, ori=0, pos=array([0., 0.]), rgb=array([255., 255., 255.]), text=str(...), units='height', win=Window(...), wrapWidth=1)
14.1892 	EXP 	Created text = TextStim(__class__=<class 'psychopy.visual.text.TextStim'>, alignHoriz=method-wrapper(...), alignText='center', alignVert=method-wrapper(...), anchorHoriz='center', anchorVert='center', antialias=True, autoLog=True, bold=False, color='white', colorSpace='named', contrast=1.0, depth=-1.0, flipHoriz=False, flipVert=False, font='Arial', fontFiles=[], height=0.1, italic=False, languageStyle='LTR', name='text', opacity=1.0, ori=0, pos=array([0.  , 0.15]), rgb=array([255., 255., 255.]), text='default text', units='height', win=Window(...), wrapWidth=1)
14.1942 	EXP 	Created text_4 = TextStim(__class__=<class 'psychopy.visual.text.TextStim'>, alignHoriz=method-wrapper(...), alignText='center', alignVert=method-wrapper(...), anchorHoriz='center', anchorVert='center', antialias=True, autoLog=True, bold=False, color='white', colorSpace='named', contrast=1.0, depth=-1.0, flipHoriz=False, flipVert=False, font='Arial', fontFiles=[], height=0.1, italic=False, languageStyle='LTR', name='text_4', opacity=1.0, ori=0, pos=array([0., 0.]), rgb=array([255., 255., 255.]), text='default text', units='height', win=Window(...), wrapWidth=1)
14.1971 	EXP 	Created image = ImageStim(__class__=<class 'psychopy.visual.image.ImageStim'>, autoLog=True, color=array([1., 1., 1.]), colorSpace='rgb', contrast=1.0, depth=-1.0, flipHoriz=False, flipVert=False, image='sin', interpolate=True, mask=None, maskParams=None, name='image', opacity=1.0, ori=0.0, pos=array([0., 0.]), size=array([0.5, 0.5]), texRes=128, units='height', win=Window(...))
14.2014 	EXP 	Created texto_final = TextStim(__class__=<class 'psychopy.visual.text.TextStim'>, alignHoriz=method-wrapper(...), alignText='center', alignVert=method-wrapper(...), anchorHoriz='center', anchorVert='center', antialias=True, autoLog=True, bold=False, color='white', colorSpace='named', contrast=1.0, depth=-1.0, flipHoriz=False, flipVert=False, font='Arial', fontFiles=[], height=0.1, italic=False, languageStyle='LTR', name='texto_final', opacity=1.0, ori=0, pos=array([0., 0.]), rgb=array([255., 255., 255.]), text='default text', units='height', win=Window(...), wrapWidth=1)
14.2977 	EXP 	slider_2: autoLog = True
14.2977 	EXP 	slider_2: markerPos = None
14.2977 	EXP 	slider_2: rating = None
14.2977 	EXP 	slider_2: markerPos = None
14.2977 	EXP 	slider_2: contrast = 1.0
14.2977 	EXP 	slider_2: autoLog = True
14.2977 	EXP 	slider_2: style = ['rating']
24.3829 	EXP 	Imported ruidos.xlsx as conditions, 4 conditions, 2 params
24.3832 	EXP 	Created sequence: random, trialTypes=4, nReps=1, seed=None
24.3834 	EXP 	New trial (rep=0, index=0): OrderedDict([('Hertz', 1000), ('volumen', 0.0)])
24.3893 	EXP 	Imported imagenes.xlsx as conditions, 36 conditions, 3 params
24.3895 	EXP 	Created sequence: random, trialTypes=36, nReps=1, seed=None
24.3897 	EXP 	New trial (rep=0, index=0): OrderedDict([('Imagenes', 'imagenes/Croissant.jpg'), ('Random', 0.5824748589948932), ('Correcto', None)])
24.4277 	EXP 	image_2: image = 'imagenes/Croissant.jpg'
24.4277 	EXP 	slider_2: markerPos = None
24.4277 	EXP 	slider_2: markerPos = None
24.4277 	EXP 	slider_2: rating = None
25.4497 	EXP 	image_2: autoDraw = True
25.4497 	EXP 	slider_2: autoDraw = True
26.0206 	DATA 	Mouse: Left button down, pos=(673,161)
26.0348 	EXP 	slider_2: markerPos = 3.4348958333333335
26.0515 	EXP 	slider_2: markerPos = 3.4348958333333335
26.0683 	EXP 	slider_2: markerPos = 3.4348958333333335
26.0847 	EXP 	slider_2: markerPos = 3.4348958333333335
26.1016 	EXP 	slider_2: markerPos = 3.4348958333333335
26.1182 	EXP 	slider_2: markerPos = 3.4348958333333335
26.1349 	EXP 	slider_2: markerPos = 3.4348958333333335
26.1374 	DATA 	Mouse:  Left button up, pos=(673,161)
26.1518 	EXP 	slider_2: markerPos = 3.4348958333333335
26.1518 	EXP 	slider_2: rating = 3.4348958333333335
26.1558 	EXP 	New trial (rep=0, index=1): OrderedDict([('Imagenes', 'imagenes/Chocoramo.jfif.jpg'), ('Random', 0.7425528559884101), ('Correcto', None)])
26.1997 	EXP 	image_2: autoDraw = False
26.1997 	EXP 	slider_2: autoDraw = False
26.1997 	EXP 	image_2: image = 'imagenes/Chocoramo.jfif.jpg'
26.1997 	EXP 	slider_2: markerPos = None
26.1997 	EXP 	slider_2: markerPos = None
26.1997 	EXP 	slider_2: rating = None
27.0709 	DATA 	Keypress: escape
27.2015 	EXP 	image_2: autoDraw = True
27.2015 	EXP 	slider_2: autoDraw = True
27.5057 	EXP 	window1: mouseVisible = True
