1.3091 	WARNING 	We strongly recommend you activate the PTB sound engine in PsychoPy prefs as the preferred audio engine. Its timing is vastly superior. Your prefs are currently set to use ['sounddevice', 'PTB', 'pyo', 'pygame'] (in that order).
14.9747 	WARNING 	User requested fullscreen with size [1024  768], but screen is actually [1366, 768]. Using actual size
16.6848 	EXP 	Created window1 = Window(allowGUI=False, allowStencil=False, args=UNKNOWN, autoLog=True, bitsMode=UNKNOWN, blendMode='avg', bpc=(8, 8, 8), color=array([0., 0., 0.]), colorSpace='rgb', depthBits=8, fullscr=<method-wrapper '__getattribute__' of attributeSetter object at 0x00000145D3DBE518>, gamma=None, gammaErrorPolicy='raise', kwargs=UNKNOWN, lms=UNKNOWN, monitor=<psychopy.monitors.calibTools.Monitor object at 0x00000145D3B9B588>, multiSample=False, name='window1', numSamples=2, pos=[0.0, 0.0], screen=0, size=array([1366,  768]), stencilBits=0, stereo=False, units='height', useFBO=True, useRetina=False, viewOri=0.0, viewPos=None, viewScale=None, waitBlanking=True, winType='pyglet')
16.6855 	EXP 	window1: mouseVisible = True
16.6856 	EXP 	window1: recordFrameIntervals = False
16.8495 	EXP 	window1: recordFrameIntervals = True
17.0340 	EXP 	window1: recordFrameIntervals = False
17.5841 	EXP 	Sound Sonido set volume 1.000
17.6000 	EXP 	Created image_2 = ImageStim(__class__=<class 'psychopy.visual.image.ImageStim'>, autoLog=True, color=array([1., 1., 1.]), colorSpace='rgb', contrast=1.0, depth=-1.0, flipHoriz=False, flipVert=False, image='sin', interpolate=True, mask=None, maskParams=None, name='image_2', opacity=1.0, ori=0.0, pos=array([0. , 0.2]), size=array([0.5, 0.5]), texRes=128, units='height', win=Window(...))
17.6359 	EXP 	window1: mouseVisible = True
17.8035 	EXP 	Created slider_2 = Slider(__class__=<class 'psychopy.visual.slider.Slider'>, autoDraw=False, autoLog=True, color='LightGray', depth=0, flip=False, font='HelveticaBold', granularity=0, labelHeight=0.05, labelWrapWidth=None, labels=('0', '1000', '2000', '3000', '4000', '5000'), name='slider_2', pos=(0, -0.3), readOnly=False, self=UNKNOWN, size=(1.0, 0.05), style=method-wrapper(...), ticks=array([1, 2, 3, 4, 5, 6]), units='height', win=Window(...))
17.8478 	EXP 	Created text = TextStim(__class__=<class 'psychopy.visual.text.TextStim'>, alignHoriz=method-wrapper(...), alignText='center', alignVert=method-wrapper(...), anchorHoriz='center', anchorVert='center', antialias=True, autoLog=True, bold=False, color='white', colorSpace='named', contrast=1.0, depth=-1.0, flipHoriz=False, flipVert=False, font='Arial', fontFiles=[], height=0.1, italic=False, languageStyle='LTR', name='text', opacity=1.0, ori=0, pos=array([0., 0.]), rgb=array([255., 255., 255.]), text='default text', units='height', win=Window(...), wrapWidth=1)
17.9179 	EXP 	Imported ruidos.xlsx as conditions, 4 conditions, 2 params
17.9182 	EXP 	Created sequence: random, trialTypes=4, nReps=1, seed=None
17.9185 	EXP 	New trial (rep=0, index=0): OrderedDict([('Hertz', 1000), ('volumen', 0.02)])
17.9251 	EXP 	Imported imagenes.xlsx as conditions, 20 conditions, 3 params
17.9254 	EXP 	Created sequence: random, trialTypes=20, nReps=1, seed=None
17.9257 	EXP 	New trial (rep=0, index=0): OrderedDict([('Imagenes', 'imagenes\\Uvas.jpg'), ('Random', 0.7734382152670648), ('Correcto', None)])
17.9759 	EXP 	slider_2: autoLog = True
17.9759 	EXP 	slider_2: markerPos = None
17.9759 	EXP 	slider_2: rating = None
17.9759 	EXP 	slider_2: markerPos = None
17.9759 	EXP 	slider_2: contrast = 1.0
17.9759 	EXP 	slider_2: autoLog = True
17.9759 	EXP 	slider_2: style = ['rating']
17.9759 	EXP 	image_2: image = 'imagenes\\Uvas.jpg'
17.9759 	EXP 	slider_2: markerPos = None
17.9759 	EXP 	slider_2: markerPos = None
17.9759 	EXP 	slider_2: rating = None
17.9759 	EXP 	image_2: autoDraw = True
17.9759 	EXP 	slider_2: autoDraw = True
18.3092 	DATA 	Mouse: Left button down, pos=(683,152)
18.3330 	EXP 	slider_2: markerPos = 3.5
18.3498 	EXP 	slider_2: markerPos = 3.5
18.3664 	EXP 	slider_2: markerPos = 3.5
18.3829 	EXP 	slider_2: markerPos = 3.5
18.3996 	EXP 	slider_2: markerPos = 3.5
18.4020 	DATA 	Mouse:  Left button up, pos=(683,152)
18.4162 	EXP 	slider_2: markerPos = 3.5
18.4162 	EXP 	slider_2: rating = 3.5
18.4209 	EXP 	New trial (rep=0, index=1): OrderedDict([('Imagenes', 'imagenes\\Kiwi.jpg'), ('Random', 0.5893907384852061), ('Correcto', None)])
18.4389 	EXP 	image_2: autoDraw = False
18.4389 	EXP 	slider_2: autoDraw = False
18.4389 	EXP 	image_2: image = 'imagenes\\Kiwi.jpg'
18.4389 	EXP 	slider_2: markerPos = None
18.4389 	EXP 	slider_2: markerPos = None
18.4389 	EXP 	slider_2: rating = None
18.4389 	EXP 	image_2: autoDraw = True
18.4389 	EXP 	slider_2: autoDraw = True
18.6357 	DATA 	Mouse: Left button down, pos=(684,153)
18.6496 	EXP 	slider_2: markerPos = 3.506510416666667
18.6664 	EXP 	slider_2: markerPos = 3.506510416666667
18.6830 	EXP 	slider_2: markerPos = 3.506510416666667
18.6997 	EXP 	slider_2: markerPos = 3.506510416666667
18.7161 	EXP 	slider_2: markerPos = 3.506510416666667
18.7182 	DATA 	Mouse:  Left button up, pos=(684,153)
18.7329 	EXP 	slider_2: markerPos = 3.506510416666667
18.7329 	EXP 	slider_2: rating = 3.506510416666667
18.7365 	EXP 	New trial (rep=0, index=2): OrderedDict([('Imagenes', 'imagenes\\Manzana.jpg'), ('Random', 0.5168162194437935), ('Correcto', None)])
18.7774 	EXP 	image_2: autoDraw = False
18.7774 	EXP 	slider_2: autoDraw = False
18.7774 	EXP 	image_2: image = 'imagenes\\Manzana.jpg'
18.7774 	EXP 	slider_2: markerPos = None
18.7774 	EXP 	slider_2: markerPos = None
18.7774 	EXP 	slider_2: rating = None
18.7774 	EXP 	image_2: autoDraw = True
18.7774 	EXP 	slider_2: autoDraw = True
18.8018 	DATA 	Mouse: Left button down, pos=(684,153)
18.8160 	EXP 	slider_2: markerPos = 3.506510416666667
18.8330 	EXP 	slider_2: markerPos = 3.506510416666667
18.8495 	EXP 	slider_2: markerPos = 3.506510416666667
18.8659 	EXP 	slider_2: markerPos = 3.506510416666667
18.8828 	EXP 	slider_2: markerPos = 3.506510416666667
18.8995 	EXP 	slider_2: markerPos = 3.506510416666667
18.9021 	DATA 	Mouse:  Left button up, pos=(684,153)
18.9163 	EXP 	slider_2: markerPos = 3.506510416666667
18.9163 	EXP 	slider_2: rating = 3.506510416666667
18.9200 	EXP 	New trial (rep=0, index=3): OrderedDict([('Imagenes', 'imagenes\\Papas-pollo.jpg'), ('Random', 0.6683114062971784), ('Correcto', None)])
18.9474 	EXP 	image_2: autoDraw = False
18.9474 	EXP 	slider_2: autoDraw = False
18.9474 	EXP 	image_2: image = 'imagenes\\Papas-pollo.jpg'
18.9474 	EXP 	slider_2: markerPos = None
18.9474 	EXP 	slider_2: markerPos = None
18.9474 	EXP 	slider_2: rating = None
18.9474 	EXP 	image_2: autoDraw = True
18.9474 	EXP 	slider_2: autoDraw = True
18.9686 	DATA 	Mouse: Left button down, pos=(684,153)
18.9829 	EXP 	slider_2: markerPos = 3.506510416666667
18.9994 	EXP 	slider_2: markerPos = 3.506510416666667
19.0162 	EXP 	slider_2: markerPos = 3.506510416666667
19.0328 	EXP 	slider_2: markerPos = 3.506510416666667
19.0494 	EXP 	slider_2: markerPos = 3.506510416666667
19.0521 	DATA 	Mouse:  Left button up, pos=(684,153)
19.0661 	EXP 	slider_2: markerPos = 3.506510416666667
19.0661 	EXP 	slider_2: rating = 3.506510416666667
19.0698 	EXP 	New trial (rep=0, index=4): OrderedDict([('Imagenes', 'imagenes\\Banano.jpeg'), ('Random', 0.651633055306917), ('Correcto', None)])
19.0944 	EXP 	image_2: autoDraw = False
19.0944 	EXP 	slider_2: autoDraw = False
19.0944 	EXP 	image_2: image = 'imagenes\\Banano.jpeg'
19.0944 	EXP 	slider_2: markerPos = None
19.0944 	EXP 	slider_2: markerPos = None
19.0944 	EXP 	slider_2: rating = None
19.0944 	EXP 	image_2: autoDraw = True
19.0944 	EXP 	slider_2: autoDraw = True
19.1349 	DATA 	Mouse: Left button down, pos=(684,153)
19.1495 	EXP 	slider_2: markerPos = 3.506510416666667
19.1662 	EXP 	slider_2: markerPos = 3.506510416666667
19.1831 	EXP 	slider_2: markerPos = 3.506510416666667
19.1996 	EXP 	slider_2: markerPos = 3.506510416666667
19.2094 	DATA 	Mouse:  Left button up, pos=(684,153)
19.2163 	EXP 	slider_2: markerPos = 3.506510416666667
19.2328 	EXP 	slider_2: markerPos = 3.506510416666667
19.2328 	EXP 	slider_2: rating = 3.506510416666667
19.2363 	EXP 	New trial (rep=0, index=5): OrderedDict([('Imagenes', 'imagenes\\Yogurt-alpina.jpg'), ('Random', 0.21540995091807813), ('Correcto', None)])
19.2612 	EXP 	image_2: autoDraw = False
19.2612 	EXP 	slider_2: autoDraw = False
19.2612 	EXP 	image_2: image = 'imagenes\\Yogurt-alpina.jpg'
19.2612 	EXP 	slider_2: markerPos = None
19.2612 	EXP 	slider_2: markerPos = None
19.2612 	EXP 	slider_2: rating = None
19.2612 	EXP 	image_2: autoDraw = True
19.2612 	EXP 	slider_2: autoDraw = True
19.3014 	DATA 	Mouse: Left button down, pos=(684,153)
19.3161 	EXP 	slider_2: markerPos = 3.506510416666667
19.3327 	EXP 	slider_2: markerPos = 3.506510416666667
19.3494 	EXP 	slider_2: markerPos = 3.506510416666667
19.3661 	EXP 	slider_2: markerPos = 3.506510416666667
19.3687 	DATA 	Mouse:  Left button up, pos=(684,153)
19.3828 	EXP 	slider_2: markerPos = 3.506510416666667
19.3828 	EXP 	slider_2: rating = 3.506510416666667
19.3868 	EXP 	New trial (rep=0, index=6): OrderedDict([('Imagenes', 'imagenes\\Papas-naturales.jpg'), ('Random', 0.15856838916280946), ('Correcto', None)])
19.4079 	EXP 	image_2: autoDraw = False
19.4079 	EXP 	slider_2: autoDraw = False
19.4079 	EXP 	image_2: image = 'imagenes\\Papas-naturales.jpg'
19.4079 	EXP 	slider_2: markerPos = None
19.4079 	EXP 	slider_2: markerPos = None
19.4079 	EXP 	slider_2: rating = None
19.4079 	EXP 	image_2: autoDraw = True
19.4079 	EXP 	slider_2: autoDraw = True
19.4511 	DATA 	Mouse: Left button down, pos=(684,153)
19.4662 	EXP 	slider_2: markerPos = 3.506510416666667
19.4830 	EXP 	slider_2: markerPos = 3.506510416666667
19.4997 	EXP 	slider_2: markerPos = 3.506510416666667
19.5162 	EXP 	slider_2: markerPos = 3.506510416666667
19.5329 	EXP 	slider_2: markerPos = 3.506510416666667
19.5348 	DATA 	Mouse:  Left button up, pos=(684,153)
19.5494 	EXP 	slider_2: markerPos = 3.506510416666667
19.5494 	EXP 	slider_2: rating = 3.506510416666667
19.5527 	EXP 	New trial (rep=0, index=7): OrderedDict([('Imagenes', 'imagenes\\Mango.jpeg'), ('Random', 0.555669112372461), ('Correcto', None)])
19.5825 	EXP 	image_2: autoDraw = False
19.5825 	EXP 	slider_2: autoDraw = False
19.5825 	EXP 	image_2: image = 'imagenes\\Mango.jpeg'
19.5825 	EXP 	slider_2: markerPos = None
19.5825 	EXP 	slider_2: markerPos = None
19.5825 	EXP 	slider_2: rating = None
19.5825 	EXP 	image_2: autoDraw = True
19.5825 	EXP 	slider_2: autoDraw = True
19.6013 	DATA 	Mouse: Left button down, pos=(684,153)
19.6162 	EXP 	slider_2: markerPos = 3.506510416666667
19.6326 	EXP 	slider_2: markerPos = 3.506510416666667
19.6494 	EXP 	slider_2: markerPos = 3.506510416666667
19.6660 	EXP 	slider_2: markerPos = 3.506510416666667
19.6827 	EXP 	slider_2: markerPos = 3.506510416666667
19.6995 	EXP 	slider_2: markerPos = 3.506510416666667
19.7013 	DATA 	Mouse:  Left button up, pos=(684,153)
19.7162 	EXP 	slider_2: markerPos = 3.506510416666667
19.7162 	EXP 	slider_2: rating = 3.506510416666667
19.7202 	EXP 	New trial (rep=0, index=8): OrderedDict([('Imagenes', 'imagenes\\Popetas.jpg'), ('Random', 0.07650200324054446), ('Correcto', None)])
19.7879 	DATA 	Mouse: Left button down, pos=(684,153)
19.7941 	EXP 	image_2: autoDraw = False
19.7941 	EXP 	slider_2: autoDraw = False
19.7941 	EXP 	image_2: image = 'imagenes\\Popetas.jpg'
19.7941 	EXP 	slider_2: markerPos = None
19.7941 	EXP 	slider_2: markerPos = None
19.7941 	EXP 	slider_2: rating = None
19.7941 	EXP 	image_2: autoDraw = True
19.7941 	EXP 	slider_2: autoDraw = True
19.7941 	EXP 	slider_2: markerPos = 3.506510416666667
19.8010 	EXP 	slider_2: markerPos = 3.506510416666667
19.8099 	EXP 	slider_2: markerPos = 3.506510416666667
19.8167 	EXP 	slider_2: markerPos = 3.506510416666667
19.8329 	EXP 	slider_2: markerPos = 3.506510416666667
19.8352 	DATA 	Mouse:  Left button up, pos=(684,153)
19.8494 	EXP 	slider_2: markerPos = 3.506510416666667
19.8494 	EXP 	slider_2: rating = 3.506510416666667
19.8528 	EXP 	New trial (rep=0, index=9): OrderedDict([('Imagenes', 'imagenes\\Croissant.jpg'), ('Random', 0.6152458173421255), ('Correcto', None)])
19.8871 	EXP 	image_2: autoDraw = False
19.8871 	EXP 	slider_2: autoDraw = False
19.8871 	EXP 	image_2: image = 'imagenes\\Croissant.jpg'
19.8871 	EXP 	slider_2: markerPos = None
19.8871 	EXP 	slider_2: markerPos = None
19.8871 	EXP 	slider_2: rating = None
19.8871 	EXP 	image_2: autoDraw = True
19.8871 	EXP 	slider_2: autoDraw = True
19.9180 	DATA 	Mouse: Left button down, pos=(684,153)
19.9328 	EXP 	slider_2: markerPos = 3.506510416666667
19.9494 	EXP 	slider_2: markerPos = 3.506510416666667
19.9660 	EXP 	slider_2: markerPos = 3.506510416666667
19.9827 	EXP 	slider_2: markerPos = 3.506510416666667
19.9997 	EXP 	slider_2: markerPos = 3.506510416666667
20.0167 	EXP 	slider_2: markerPos = 3.506510416666667
20.0237 	DATA 	Mouse:  Left button up, pos=(684,153)
20.0327 	EXP 	slider_2: markerPos = 3.506510416666667
20.0495 	EXP 	slider_2: markerPos = 3.506510416666667
20.0495 	EXP 	slider_2: rating = 3.506510416666667
20.0531 	EXP 	New trial (rep=0, index=10): OrderedDict([('Imagenes', 'imagenes\\Galletas Tosh.jpg'), ('Random', 0.478088790487872), ('Correcto', None)])
20.1017 	DATA 	Mouse: Left button down, pos=(684,153)
20.1077 	EXP 	image_2: autoDraw = False
20.1077 	EXP 	slider_2: autoDraw = False
20.1077 	EXP 	image_2: image = 'imagenes\\Galletas Tosh.jpg'
20.1077 	EXP 	slider_2: markerPos = None
20.1077 	EXP 	slider_2: markerPos = None
20.1077 	EXP 	slider_2: rating = None
20.1077 	EXP 	image_2: autoDraw = True
20.1077 	EXP 	slider_2: autoDraw = True
20.1077 	EXP 	slider_2: markerPos = 3.506510416666667
20.1148 	EXP 	slider_2: markerPos = 3.506510416666667
20.1218 	EXP 	slider_2: markerPos = 3.506510416666667
20.1326 	EXP 	slider_2: markerPos = 3.506510416666667
20.1496 	EXP 	slider_2: markerPos = 3.506510416666667
20.1662 	EXP 	slider_2: markerPos = 3.506510416666667
20.1735 	DATA 	Mouse:  Left button up, pos=(684,153)
20.1827 	EXP 	slider_2: markerPos = 3.506510416666667
20.1994 	EXP 	slider_2: markerPos = 3.506510416666667
20.1994 	EXP 	slider_2: rating = 3.506510416666667
20.2027 	EXP 	New trial (rep=0, index=11): OrderedDict([('Imagenes', 'imagenes\\Brownie.jpg'), ('Random', 0.17000143351927688), ('Correcto', None)])
20.2560 	EXP 	image_2: autoDraw = False
20.2560 	EXP 	slider_2: autoDraw = False
20.2560 	EXP 	image_2: image = 'imagenes\\Brownie.jpg'
20.2560 	EXP 	slider_2: markerPos = None
20.2560 	EXP 	slider_2: markerPos = None
20.2560 	EXP 	slider_2: rating = None
20.2560 	EXP 	image_2: autoDraw = True
20.2560 	EXP 	slider_2: autoDraw = True
20.2583 	DATA 	Mouse: Left button down, pos=(684,153)
20.2635 	EXP 	slider_2: markerPos = 3.506510416666667
20.2704 	EXP 	slider_2: markerPos = 3.506510416666667
20.2828 	EXP 	slider_2: markerPos = 3.506510416666667
20.2995 	EXP 	slider_2: markerPos = 3.506510416666667
20.3163 	EXP 	slider_2: markerPos = 3.506510416666667
20.3329 	EXP 	slider_2: markerPos = 3.506510416666667
20.3494 	EXP 	slider_2: markerPos = 3.506510416666667
20.3517 	DATA 	Mouse:  Left button up, pos=(684,153)
20.3661 	EXP 	slider_2: markerPos = 3.506510416666667
20.3661 	EXP 	slider_2: rating = 3.506510416666667
20.3691 	EXP 	New trial (rep=0, index=12): OrderedDict([('Imagenes', 'imagenes\\Leche-de-almendras.jpg'), ('Random', 0.36073876480313727), ('Correcto', None)])
20.4815 	DATA 	Mouse: Left button down, pos=(684,153)
20.4873 	EXP 	image_2: autoDraw = False
20.4873 	EXP 	slider_2: autoDraw = False
20.4873 	EXP 	image_2: image = 'imagenes\\Leche-de-almendras.jpg'
20.4873 	EXP 	slider_2: markerPos = None
20.4873 	EXP 	slider_2: markerPos = None
20.4873 	EXP 	slider_2: rating = None
20.4873 	EXP 	image_2: autoDraw = True
20.4873 	EXP 	slider_2: autoDraw = True
20.4873 	EXP 	slider_2: markerPos = 3.506510416666667
20.4932 	EXP 	slider_2: markerPos = 3.506510416666667
20.4999 	EXP 	slider_2: markerPos = 3.506510416666667
20.5165 	EXP 	slider_2: markerPos = 3.506510416666667
20.5331 	EXP 	slider_2: markerPos = 3.506510416666667
20.5355 	DATA 	Mouse:  Left button up, pos=(684,153)
20.5497 	EXP 	slider_2: markerPos = 3.506510416666667
20.5497 	EXP 	slider_2: rating = 3.506510416666667
20.5530 	EXP 	New trial (rep=0, index=13): OrderedDict([('Imagenes', 'imagenes\\Galletas-festival.jpg'), ('Random', 0.36121121246191135), ('Correcto', None)])
20.5977 	EXP 	image_2: autoDraw = False
20.5977 	EXP 	slider_2: autoDraw = False
20.5977 	EXP 	image_2: image = 'imagenes\\Galletas-festival.jpg'
20.5977 	EXP 	slider_2: markerPos = None
20.5977 	EXP 	slider_2: markerPos = None
20.5977 	EXP 	slider_2: rating = None
20.5977 	EXP 	image_2: autoDraw = True
20.5977 	EXP 	slider_2: autoDraw = True
20.6185 	DATA 	Mouse: Left button down, pos=(684,153)
20.6326 	EXP 	slider_2: markerPos = 3.506510416666667
20.6493 	EXP 	slider_2: markerPos = 3.506510416666667
20.6659 	EXP 	slider_2: markerPos = 3.506510416666667
20.6828 	EXP 	slider_2: markerPos = 3.506510416666667
20.6994 	EXP 	slider_2: markerPos = 3.506510416666667
20.7018 	DATA 	Mouse:  Left button up, pos=(684,153)
20.7161 	EXP 	slider_2: markerPos = 3.506510416666667
20.7161 	EXP 	slider_2: rating = 3.506510416666667
20.7196 	EXP 	New trial (rep=0, index=14): OrderedDict([('Imagenes', 'imagenes\\bon-bon-bun.jpg'), ('Random', 0.7387922093313524), ('Correcto', None)])
20.7795 	EXP 	image_2: autoDraw = False
20.7795 	EXP 	slider_2: autoDraw = False
20.7795 	EXP 	image_2: image = 'imagenes\\bon-bon-bun.jpg'
20.7795 	EXP 	slider_2: markerPos = None
20.7795 	EXP 	slider_2: markerPos = None
20.7795 	EXP 	slider_2: rating = None
20.7795 	EXP 	image_2: autoDraw = True
20.7795 	EXP 	slider_2: autoDraw = True
20.7887 	DATA 	Mouse: Left button down, pos=(684,153)
20.7927 	EXP 	slider_2: markerPos = 3.506510416666667
20.7993 	EXP 	slider_2: markerPos = 3.506510416666667
20.8162 	EXP 	slider_2: markerPos = 3.506510416666667
20.8327 	EXP 	slider_2: markerPos = 3.506510416666667
20.8492 	EXP 	slider_2: markerPos = 3.506510416666667
20.8658 	EXP 	slider_2: markerPos = 3.506510416666667
20.8712 	DATA 	Mouse:  Left button up, pos=(684,153)
20.8826 	EXP 	slider_2: markerPos = 3.506510416666667
20.8993 	EXP 	slider_2: markerPos = 3.506510416666667
20.8993 	EXP 	slider_2: rating = 3.506510416666667
20.9032 	EXP 	New trial (rep=0, index=15): OrderedDict([('Imagenes', 'imagenes\\Alpinito.jpg'), ('Random', 0.4515332417045813), ('Correcto', None)])
20.9434 	EXP 	image_2: autoDraw = False
20.9434 	EXP 	slider_2: autoDraw = False
20.9434 	EXP 	image_2: image = 'imagenes\\Alpinito.jpg'
20.9434 	EXP 	slider_2: markerPos = None
20.9434 	EXP 	slider_2: markerPos = None
20.9434 	EXP 	slider_2: rating = None
20.9434 	EXP 	image_2: autoDraw = True
20.9434 	EXP 	slider_2: autoDraw = True
20.9518 	DATA 	Mouse: Left button down, pos=(684,153)
20.9565 	EXP 	slider_2: markerPos = 3.506510416666667
20.9660 	EXP 	slider_2: markerPos = 3.506510416666667
20.9827 	EXP 	slider_2: markerPos = 3.506510416666667
20.9994 	EXP 	slider_2: markerPos = 3.506510416666667
21.0161 	EXP 	slider_2: markerPos = 3.506510416666667
21.0329 	EXP 	slider_2: markerPos = 3.506510416666667
21.0407 	DATA 	Mouse:  Left button up, pos=(684,153)
21.0492 	EXP 	slider_2: markerPos = 3.506510416666667
21.0661 	EXP 	slider_2: markerPos = 3.506510416666667
21.0661 	EXP 	slider_2: rating = 3.506510416666667
21.0696 	EXP 	New trial (rep=0, index=16): OrderedDict([('Imagenes', 'imagenes\\Papas-limon.jpg'), ('Random', 0.020692288100133793), ('Correcto', None)])
21.0877 	EXP 	image_2: autoDraw = False
21.0877 	EXP 	slider_2: autoDraw = False
21.0877 	EXP 	image_2: image = 'imagenes\\Papas-limon.jpg'
21.0877 	EXP 	slider_2: markerPos = None
21.0877 	EXP 	slider_2: markerPos = None
21.0877 	EXP 	slider_2: rating = None
21.0877 	EXP 	image_2: autoDraw = True
21.0877 	EXP 	slider_2: autoDraw = True
21.1185 	DATA 	Mouse: Left button down, pos=(684,153)
21.1327 	EXP 	slider_2: markerPos = 3.506510416666667
21.1496 	EXP 	slider_2: markerPos = 3.506510416666667
21.1663 	EXP 	slider_2: markerPos = 3.506510416666667
21.1829 	EXP 	slider_2: markerPos = 3.506510416666667
21.1994 	EXP 	slider_2: markerPos = 3.506510416666667
21.2059 	DATA 	Mouse:  Left button up, pos=(684,153)
21.2160 	EXP 	slider_2: markerPos = 3.506510416666667
21.2327 	EXP 	slider_2: markerPos = 3.506510416666667
21.2327 	EXP 	slider_2: rating = 3.506510416666667
21.2368 	EXP 	New trial (rep=0, index=17): OrderedDict([('Imagenes', 'imagenes\\Chocoramo.jfif.jpg'), ('Random', 0.7789437122019539), ('Correcto', None)])
21.2722 	EXP 	image_2: autoDraw = False
21.2722 	EXP 	slider_2: autoDraw = False
21.2722 	EXP 	image_2: image = 'imagenes\\Chocoramo.jfif.jpg'
21.2722 	EXP 	slider_2: markerPos = None
21.2722 	EXP 	slider_2: markerPos = None
21.2722 	EXP 	slider_2: rating = None
21.2722 	EXP 	image_2: autoDraw = True
21.2722 	EXP 	slider_2: autoDraw = True
21.2746 	DATA 	Mouse: Left button down, pos=(684,153)
21.2801 	EXP 	slider_2: markerPos = 3.506510416666667
21.2864 	EXP 	slider_2: markerPos = 3.506510416666667
21.2991 	EXP 	slider_2: markerPos = 3.506510416666667
21.3159 	EXP 	slider_2: markerPos = 3.506510416666667
21.3328 	EXP 	slider_2: markerPos = 3.506510416666667
21.3493 	EXP 	slider_2: markerPos = 3.506510416666667
21.3549 	DATA 	Mouse:  Left button up, pos=(684,153)
21.3660 	EXP 	slider_2: markerPos = 3.506510416666667
21.3826 	EXP 	slider_2: markerPos = 3.506510416666667
21.3826 	EXP 	slider_2: rating = 3.506510416666667
21.3861 	EXP 	New trial (rep=0, index=18): OrderedDict([('Imagenes', 'imagenes\\Rosquitas (1).jpg'), ('Random', 0.3035383390851263), ('Correcto', None)])
21.4345 	DATA 	Mouse: Left button down, pos=(684,153)
21.4393 	EXP 	image_2: autoDraw = False
21.4393 	EXP 	slider_2: autoDraw = False
21.4393 	EXP 	image_2: image = 'imagenes\\Rosquitas (1).jpg'
21.4393 	EXP 	slider_2: markerPos = None
21.4393 	EXP 	slider_2: markerPos = None
21.4393 	EXP 	slider_2: rating = None
21.4393 	EXP 	image_2: autoDraw = True
21.4393 	EXP 	slider_2: autoDraw = True
21.4393 	EXP 	slider_2: markerPos = 3.506510416666667
21.4454 	EXP 	slider_2: markerPos = 3.506510416666667
21.4511 	EXP 	slider_2: markerPos = 3.506510416666667
21.4663 	EXP 	slider_2: markerPos = 3.506510416666667
21.4831 	EXP 	slider_2: markerPos = 3.506510416666667
21.4994 	EXP 	slider_2: markerPos = 3.506510416666667
21.5161 	EXP 	slider_2: markerPos = 3.506510416666667
21.5327 	EXP 	slider_2: markerPos = 3.506510416666667
21.5356 	DATA 	Mouse:  Left button up, pos=(684,153)
21.5493 	EXP 	slider_2: markerPos = 3.506510416666667
21.5493 	EXP 	slider_2: rating = 3.506510416666667
21.5534 	EXP 	New trial (rep=0, index=19): OrderedDict([('Imagenes', 'imagenes\\Nutella (1).jpg'), ('Random', 0.5277483225747329), ('Correcto', None)])
21.5851 	EXP 	image_2: autoDraw = False
21.5851 	EXP 	slider_2: autoDraw = False
21.5851 	EXP 	image_2: image = 'imagenes\\Nutella (1).jpg'
21.5851 	EXP 	slider_2: markerPos = None
21.5851 	EXP 	slider_2: markerPos = None
21.5851 	EXP 	slider_2: rating = None
21.5851 	EXP 	image_2: autoDraw = True
21.5851 	EXP 	slider_2: autoDraw = True
21.6019 	DATA 	Mouse: Left button down, pos=(684,153)
21.6160 	EXP 	slider_2: markerPos = 3.506510416666667
21.6326 	EXP 	slider_2: markerPos = 3.506510416666667
21.6492 	EXP 	slider_2: markerPos = 3.506510416666667
21.6658 	EXP 	slider_2: markerPos = 3.506510416666667
21.6828 	EXP 	slider_2: markerPos = 3.506510416666667
21.6991 	EXP 	slider_2: markerPos = 3.506510416666667
21.7008 	DATA 	Mouse:  Left button up, pos=(684,153)
21.7160 	EXP 	slider_2: markerPos = 3.506510416666667
21.7160 	EXP 	slider_2: rating = 3.506510416666667
21.7198 	EXP 	New trial (rep=0, index=1): OrderedDict([('Hertz', 400), ('volumen', 0.02)])
21.7309 	EXP 	Imported imagenes.xlsx as conditions, 20 conditions, 3 params
21.7314 	EXP 	Created sequence: random, trialTypes=20, nReps=1, seed=None
21.7318 	EXP 	New trial (rep=0, index=0): OrderedDict([('Imagenes', 'imagenes\\Popetas.jpg'), ('Random', 0.07650200324054446), ('Correcto', None)])
21.7772 	DATA 	Mouse: Left button down, pos=(684,153)
21.7817 	EXP 	image_2: autoDraw = False
21.7817 	EXP 	slider_2: autoDraw = False
21.7817 	EXP 	image_2: image = 'imagenes\\Popetas.jpg'
21.7817 	EXP 	slider_2: markerPos = None
21.7817 	EXP 	slider_2: markerPos = None
21.7817 	EXP 	slider_2: rating = None
21.7817 	EXP 	image_2: autoDraw = True
21.7817 	EXP 	slider_2: autoDraw = True
21.7817 	EXP 	slider_2: markerPos = 3.506510416666667
21.7882 	EXP 	slider_2: markerPos = 3.506510416666667
21.7993 	EXP 	slider_2: markerPos = 3.506510416666667
21.8164 	EXP 	slider_2: markerPos = 3.506510416666667
21.8326 	EXP 	slider_2: markerPos = 3.506510416666667
21.8495 	EXP 	slider_2: markerPos = 3.506510416666667
21.8523 	DATA 	Mouse:  Left button up, pos=(684,153)
21.8663 	EXP 	slider_2: markerPos = 3.506510416666667
21.8663 	EXP 	slider_2: rating = 3.506510416666667
21.8708 	EXP 	New trial (rep=0, index=1): OrderedDict([('Imagenes', 'imagenes\\Leche-de-almendras.jpg'), ('Random', 0.36073876480313727), ('Correcto', None)])
21.9289 	DATA 	Mouse: Left button down, pos=(684,153)
21.9357 	EXP 	image_2: autoDraw = False
21.9357 	EXP 	slider_2: autoDraw = False
21.9357 	EXP 	image_2: image = 'imagenes\\Leche-de-almendras.jpg'
21.9357 	EXP 	slider_2: markerPos = None
21.9357 	EXP 	slider_2: markerPos = None
21.9357 	EXP 	slider_2: rating = None
21.9357 	EXP 	image_2: autoDraw = True
21.9357 	EXP 	slider_2: autoDraw = True
21.9357 	EXP 	slider_2: markerPos = 3.506510416666667
21.9425 	EXP 	slider_2: markerPos = 3.506510416666667
21.9501 	EXP 	slider_2: markerPos = 3.506510416666667
21.9666 	EXP 	slider_2: markerPos = 3.506510416666667
21.9830 	EXP 	slider_2: markerPos = 3.506510416666667
21.9996 	EXP 	slider_2: markerPos = 3.506510416666667
22.0018 	DATA 	Mouse:  Left button up, pos=(684,153)
22.0164 	EXP 	slider_2: markerPos = 3.506510416666667
22.0164 	EXP 	slider_2: rating = 3.506510416666667
22.0198 	EXP 	New trial (rep=0, index=2): OrderedDict([('Imagenes', 'imagenes\\Uvas.jpg'), ('Random', 0.7734382152670648), ('Correcto', None)])
22.0403 	EXP 	image_2: autoDraw = False
22.0403 	EXP 	slider_2: autoDraw = False
22.0403 	EXP 	image_2: image = 'imagenes\\Uvas.jpg'
22.0403 	EXP 	slider_2: markerPos = None
22.0403 	EXP 	slider_2: markerPos = None
22.0403 	EXP 	slider_2: rating = None
22.0403 	EXP 	image_2: autoDraw = True
22.0403 	EXP 	slider_2: autoDraw = True
22.0883 	DATA 	Mouse: Left button down, pos=(684,153)
22.1159 	EXP 	slider_2: markerPos = 3.506510416666667
22.1325 	EXP 	slider_2: markerPos = 3.506510416666667
22.1491 	EXP 	slider_2: markerPos = 3.506510416666667
22.1660 	EXP 	slider_2: markerPos = 3.506510416666667
22.1827 	EXP 	slider_2: markerPos = 3.506510416666667
22.1886 	DATA 	Mouse:  Left button up, pos=(684,153)
22.1993 	EXP 	slider_2: markerPos = 3.506510416666667
22.2159 	EXP 	slider_2: markerPos = 3.506510416666667
22.2159 	EXP 	slider_2: rating = 3.506510416666667
22.2193 	EXP 	New trial (rep=0, index=3): OrderedDict([('Imagenes', 'imagenes\\Croissant.jpg'), ('Random', 0.6152458173421255), ('Correcto', None)])
22.2544 	EXP 	image_2: autoDraw = False
22.2544 	EXP 	slider_2: autoDraw = False
22.2544 	EXP 	image_2: image = 'imagenes\\Croissant.jpg'
22.2544 	EXP 	slider_2: markerPos = None
22.2544 	EXP 	slider_2: markerPos = None
22.2544 	EXP 	slider_2: rating = None
22.2544 	EXP 	image_2: autoDraw = True
22.2544 	EXP 	slider_2: autoDraw = True
22.3196 	DATA 	Mouse: Left button down, pos=(684,153)
22.3328 	EXP 	slider_2: markerPos = 3.506510416666667
22.3494 	EXP 	slider_2: markerPos = 3.506510416666667
22.3664 	EXP 	slider_2: markerPos = 3.506510416666667
22.3825 	EXP 	slider_2: markerPos = 3.506510416666667
22.3847 	DATA 	Mouse:  Left button up, pos=(684,153)
22.3993 	EXP 	slider_2: markerPos = 3.506510416666667
22.3993 	EXP 	slider_2: rating = 3.506510416666667
22.4023 	EXP 	New trial (rep=0, index=4): OrderedDict([('Imagenes', 'imagenes\\Brownie.jpg'), ('Random', 0.17000143351927688), ('Correcto', None)])
22.4435 	EXP 	image_2: autoDraw = False
22.4435 	EXP 	slider_2: autoDraw = False
22.4435 	EXP 	image_2: image = 'imagenes\\Brownie.jpg'
22.4435 	EXP 	slider_2: markerPos = None
22.4435 	EXP 	slider_2: markerPos = None
22.4435 	EXP 	slider_2: rating = None
22.4435 	EXP 	image_2: autoDraw = True
22.4435 	EXP 	slider_2: autoDraw = True
22.4853 	DATA 	Mouse: Left button down, pos=(684,153)
22.4995 	EXP 	slider_2: markerPos = 3.506510416666667
22.5161 	EXP 	slider_2: markerPos = 3.506510416666667
22.5329 	EXP 	slider_2: markerPos = 3.506510416666667
22.5494 	EXP 	slider_2: markerPos = 3.506510416666667
22.5513 	DATA 	Mouse:  Left button up, pos=(684,153)
22.5659 	EXP 	slider_2: markerPos = 3.506510416666667
22.5659 	EXP 	slider_2: rating = 3.506510416666667
22.5696 	EXP 	New trial (rep=0, index=5): OrderedDict([('Imagenes', 'imagenes\\bon-bon-bun.jpg'), ('Random', 0.7387922093313524), ('Correcto', None)])
22.5987 	EXP 	image_2: autoDraw = False
22.5987 	EXP 	slider_2: autoDraw = False
22.5987 	EXP 	image_2: image = 'imagenes\\bon-bon-bun.jpg'
22.5987 	EXP 	slider_2: markerPos = None
22.5987 	EXP 	slider_2: markerPos = None
22.5987 	EXP 	slider_2: rating = None
22.5987 	EXP 	image_2: autoDraw = True
22.5987 	EXP 	slider_2: autoDraw = True
22.6376 	DATA 	Mouse: Left button down, pos=(684,153)
22.6659 	EXP 	slider_2: markerPos = 3.506510416666667
22.6832 	EXP 	slider_2: markerPos = 3.506510416666667
22.6994 	EXP 	slider_2: markerPos = 3.506510416666667
22.7159 	EXP 	slider_2: markerPos = 3.506510416666667
22.7181 	DATA 	Mouse:  Left button up, pos=(684,153)
22.7327 	EXP 	slider_2: markerPos = 3.506510416666667
22.7327 	EXP 	slider_2: rating = 3.506510416666667
22.7364 	EXP 	New trial (rep=0, index=6): OrderedDict([('Imagenes', 'imagenes\\Rosquitas (1).jpg'), ('Random', 0.3035383390851263), ('Correcto', None)])
22.7695 	EXP 	image_2: autoDraw = False
22.7695 	EXP 	slider_2: autoDraw = False
22.7695 	EXP 	image_2: image = 'imagenes\\Rosquitas (1).jpg'
22.7695 	EXP 	slider_2: markerPos = None
22.7695 	EXP 	slider_2: markerPos = None
22.7695 	EXP 	slider_2: rating = None
22.7695 	EXP 	image_2: autoDraw = True
22.7695 	EXP 	slider_2: autoDraw = True
22.7892 	DATA 	Mouse: Left button down, pos=(683,152)
22.8158 	EXP 	slider_2: markerPos = 3.5
22.8327 	EXP 	slider_2: markerPos = 3.5
22.8494 	EXP 	slider_2: markerPos = 3.5
22.8660 	EXP 	slider_2: markerPos = 3.5
22.8680 	DATA 	Mouse:  Left button up, pos=(683,152)
22.8828 	EXP 	slider_2: markerPos = 3.5
22.8828 	EXP 	slider_2: rating = 3.5
22.8865 	EXP 	New trial (rep=0, index=7): OrderedDict([('Imagenes', 'imagenes\\Nutella (1).jpg'), ('Random', 0.5277483225747329), ('Correcto', None)])
22.9048 	EXP 	image_2: autoDraw = False
22.9048 	EXP 	slider_2: autoDraw = False
22.9048 	EXP 	image_2: image = 'imagenes\\Nutella (1).jpg'
22.9048 	EXP 	slider_2: markerPos = None
22.9048 	EXP 	slider_2: markerPos = None
22.9048 	EXP 	slider_2: rating = None
22.9048 	EXP 	image_2: autoDraw = True
22.9048 	EXP 	slider_2: autoDraw = True
22.9383 	DATA 	Mouse: Left button down, pos=(683,152)
22.9658 	EXP 	slider_2: markerPos = 3.5
22.9827 	EXP 	slider_2: markerPos = 3.5
22.9993 	EXP 	slider_2: markerPos = 3.5
23.0159 	EXP 	slider_2: markerPos = 3.5
23.0214 	DATA 	Mouse:  Left button up, pos=(683,152)
23.0326 	EXP 	slider_2: markerPos = 3.5
23.0491 	EXP 	slider_2: markerPos = 3.5
23.0491 	EXP 	slider_2: rating = 3.5
23.0532 	EXP 	New trial (rep=0, index=8): OrderedDict([('Imagenes', 'imagenes\\Manzana.jpg'), ('Random', 0.5168162194437935), ('Correcto', None)])
23.0907 	EXP 	image_2: autoDraw = False
23.0907 	EXP 	slider_2: autoDraw = False
23.0907 	EXP 	image_2: image = 'imagenes\\Manzana.jpg'
23.0907 	EXP 	slider_2: markerPos = None
23.0907 	EXP 	slider_2: markerPos = None
23.0907 	EXP 	slider_2: rating = None
23.0907 	EXP 	image_2: autoDraw = True
23.0907 	EXP 	slider_2: autoDraw = True
23.1017 	DATA 	Mouse: Left button down, pos=(683,152)
23.1157 	EXP 	slider_2: markerPos = 3.5
23.1328 	EXP 	slider_2: markerPos = 3.5
23.1494 	EXP 	slider_2: markerPos = 3.5
23.1663 	EXP 	slider_2: markerPos = 3.5
23.1827 	EXP 	slider_2: markerPos = 3.5
23.1898 	DATA 	Mouse:  Left button up, pos=(683,152)
23.1991 	EXP 	slider_2: markerPos = 3.5
23.2159 	EXP 	slider_2: markerPos = 3.5
23.2159 	EXP 	slider_2: rating = 3.5
23.2198 	EXP 	New trial (rep=0, index=9): OrderedDict([('Imagenes', 'imagenes\\Banano.jpeg'), ('Random', 0.651633055306917), ('Correcto', None)])
23.2419 	EXP 	image_2: autoDraw = False
23.2419 	EXP 	slider_2: autoDraw = False
23.2419 	EXP 	image_2: image = 'imagenes\\Banano.jpeg'
23.2419 	EXP 	slider_2: markerPos = None
23.2419 	EXP 	slider_2: markerPos = None
23.2419 	EXP 	slider_2: rating = None
23.2419 	EXP 	image_2: autoDraw = True
23.2419 	EXP 	slider_2: autoDraw = True
23.2678 	DATA 	Mouse: Left button down, pos=(683,152)
23.2827 	EXP 	slider_2: markerPos = 3.5
23.2991 	EXP 	slider_2: markerPos = 3.5
23.3158 	EXP 	slider_2: markerPos = 3.5
23.3330 	EXP 	slider_2: markerPos = 3.5
23.3491 	EXP 	slider_2: markerPos = 3.5
23.3509 	DATA 	Mouse:  Left button up, pos=(683,152)
23.3661 	EXP 	slider_2: markerPos = 3.5
23.3661 	EXP 	slider_2: rating = 3.5
23.3699 	EXP 	New trial (rep=0, index=10): OrderedDict([('Imagenes', 'imagenes\\Mango.jpeg'), ('Random', 0.555669112372461), ('Correcto', None)])
23.3944 	EXP 	image_2: autoDraw = False
23.3944 	EXP 	slider_2: autoDraw = False
23.3944 	EXP 	image_2: image = 'imagenes\\Mango.jpeg'
23.3944 	EXP 	slider_2: markerPos = None
23.3944 	EXP 	slider_2: markerPos = None
23.3944 	EXP 	slider_2: rating = None
23.3944 	EXP 	image_2: autoDraw = True
23.3944 	EXP 	slider_2: autoDraw = True
23.4183 	DATA 	Mouse: Left button down, pos=(683,152)
23.4325 	EXP 	slider_2: markerPos = 3.5
23.4492 	EXP 	slider_2: markerPos = 3.5
23.4657 	EXP 	slider_2: markerPos = 3.5
23.4827 	EXP 	slider_2: markerPos = 3.5
23.4992 	EXP 	slider_2: markerPos = 3.5
23.5159 	EXP 	slider_2: markerPos = 3.5
23.5212 	DATA 	Mouse:  Left button up, pos=(683,152)
23.5326 	EXP 	slider_2: markerPos = 3.5
23.5491 	EXP 	slider_2: markerPos = 3.5
23.5491 	EXP 	slider_2: rating = 3.5
23.5527 	EXP 	New trial (rep=0, index=11): OrderedDict([('Imagenes', 'imagenes\\Galletas Tosh.jpg'), ('Random', 0.478088790487872), ('Correcto', None)])
23.5814 	DATA 	Mouse: Left button down, pos=(683,152)
23.5863 	EXP 	image_2: autoDraw = False
23.5863 	EXP 	slider_2: autoDraw = False
23.5863 	EXP 	image_2: image = 'imagenes\\Galletas Tosh.jpg'
23.5863 	EXP 	slider_2: markerPos = None
23.5863 	EXP 	slider_2: markerPos = None
23.5863 	EXP 	slider_2: rating = None
23.5863 	EXP 	image_2: autoDraw = True
23.5863 	EXP 	slider_2: autoDraw = True
23.5863 	EXP 	slider_2: markerPos = 3.5
23.5928 	EXP 	slider_2: markerPos = 3.5
23.5999 	EXP 	slider_2: markerPos = 3.5
23.6159 	EXP 	slider_2: markerPos = 3.5
23.6325 	EXP 	slider_2: markerPos = 3.5
23.6384 	DATA 	Mouse:  Left button up, pos=(683,152)
23.6491 	EXP 	slider_2: markerPos = 3.5
23.6659 	EXP 	slider_2: markerPos = 3.5
23.6659 	EXP 	slider_2: rating = 3.5
23.6695 	EXP 	New trial (rep=0, index=12): OrderedDict([('Imagenes', 'imagenes\\Papas-naturales.jpg'), ('Random', 0.15856838916280946), ('Correcto', None)])
23.6874 	EXP 	image_2: autoDraw = False
23.6874 	EXP 	slider_2: autoDraw = False
23.6874 	EXP 	image_2: image = 'imagenes\\Papas-naturales.jpg'
23.6874 	EXP 	slider_2: markerPos = None
23.6874 	EXP 	slider_2: markerPos = None
23.6874 	EXP 	slider_2: rating = None
23.6874 	EXP 	image_2: autoDraw = True
23.6874 	EXP 	slider_2: autoDraw = True
23.7182 	DATA 	Mouse: Left button down, pos=(683,152)
23.7324 	EXP 	slider_2: markerPos = 3.5
23.7493 	EXP 	slider_2: markerPos = 3.5
23.7659 	EXP 	slider_2: markerPos = 3.5
23.7827 	EXP 	slider_2: markerPos = 3.5
23.7886 	DATA 	Mouse:  Left button up, pos=(683,152)
23.7993 	EXP 	slider_2: markerPos = 3.5
23.8157 	EXP 	slider_2: markerPos = 3.5
23.8157 	EXP 	slider_2: rating = 3.5
23.8193 	EXP 	New trial (rep=0, index=13): OrderedDict([('Imagenes', 'imagenes\\Kiwi.jpg'), ('Random', 0.5893907384852061), ('Correcto', None)])
23.8326 	EXP 	image_2: autoDraw = False
23.8326 	EXP 	slider_2: autoDraw = False
23.8326 	EXP 	image_2: image = 'imagenes\\Kiwi.jpg'
23.8326 	EXP 	slider_2: markerPos = None
23.8326 	EXP 	slider_2: markerPos = None
23.8326 	EXP 	slider_2: rating = None
23.8326 	EXP 	image_2: autoDraw = True
23.8326 	EXP 	slider_2: autoDraw = True
23.8682 	DATA 	Mouse: Left button down, pos=(683,152)
23.8825 	EXP 	slider_2: markerPos = 3.5
23.8991 	EXP 	slider_2: markerPos = 3.5
23.9160 	EXP 	slider_2: markerPos = 3.5
23.9328 	EXP 	slider_2: markerPos = 3.5
23.9492 	EXP 	slider_2: markerPos = 3.5
23.9516 	DATA 	Mouse:  Left button up, pos=(683,152)
23.9659 	EXP 	slider_2: markerPos = 3.5
23.9659 	EXP 	slider_2: rating = 3.5
23.9692 	EXP 	New trial (rep=0, index=14): OrderedDict([('Imagenes', 'imagenes\\Papas-limon.jpg'), ('Random', 0.020692288100133793), ('Correcto', None)])
23.9867 	EXP 	image_2: autoDraw = False
23.9867 	EXP 	slider_2: autoDraw = False
23.9867 	EXP 	image_2: image = 'imagenes\\Papas-limon.jpg'
23.9867 	EXP 	slider_2: markerPos = None
23.9867 	EXP 	slider_2: markerPos = None
23.9867 	EXP 	slider_2: rating = None
23.9867 	EXP 	image_2: autoDraw = True
23.9867 	EXP 	slider_2: autoDraw = True
24.0183 	DATA 	Mouse: Left button down, pos=(683,152)
24.0327 	EXP 	slider_2: markerPos = 3.5
24.0492 	EXP 	slider_2: markerPos = 3.5
24.0661 	EXP 	slider_2: markerPos = 3.5
24.0825 	EXP 	slider_2: markerPos = 3.5
24.0992 	EXP 	slider_2: markerPos = 3.5
24.1018 	DATA 	Mouse:  Left button up, pos=(683,152)
24.1159 	EXP 	slider_2: markerPos = 3.5
24.1159 	EXP 	slider_2: rating = 3.5
24.1195 	EXP 	New trial (rep=0, index=15): OrderedDict([('Imagenes', 'imagenes\\Alpinito.jpg'), ('Random', 0.4515332417045813), ('Correcto', None)])
24.1611 	EXP 	image_2: autoDraw = False
24.1611 	EXP 	slider_2: autoDraw = False
24.1611 	EXP 	image_2: image = 'imagenes\\Alpinito.jpg'
24.1611 	EXP 	slider_2: markerPos = None
24.1611 	EXP 	slider_2: markerPos = None
24.1611 	EXP 	slider_2: rating = None
24.1611 	EXP 	image_2: autoDraw = True
24.1611 	EXP 	slider_2: autoDraw = True
24.1804 	DATA 	Mouse: Left button down, pos=(683,152)
24.1993 	EXP 	slider_2: markerPos = 3.5
24.2160 	EXP 	slider_2: markerPos = 3.5
24.2329 	EXP 	slider_2: markerPos = 3.5
24.2494 	EXP 	slider_2: markerPos = 3.5
24.2663 	EXP 	slider_2: markerPos = 3.5
24.2689 	DATA 	Mouse:  Left button up, pos=(683,152)
24.2827 	EXP 	slider_2: markerPos = 3.5
24.2827 	EXP 	slider_2: rating = 3.5
24.2864 	EXP 	New trial (rep=0, index=16): OrderedDict([('Imagenes', 'imagenes\\Yogurt-alpina.jpg'), ('Random', 0.21540995091807813), ('Correcto', None)])
24.3100 	EXP 	image_2: autoDraw = False
24.3100 	EXP 	slider_2: autoDraw = False
24.3100 	EXP 	image_2: image = 'imagenes\\Yogurt-alpina.jpg'
24.3100 	EXP 	slider_2: markerPos = None
24.3100 	EXP 	slider_2: markerPos = None
24.3100 	EXP 	slider_2: rating = None
24.3100 	EXP 	image_2: autoDraw = True
24.3100 	EXP 	slider_2: autoDraw = True
24.3341 	DATA 	Mouse: Left button down, pos=(683,152)
24.3491 	EXP 	slider_2: markerPos = 3.5
24.3657 	EXP 	slider_2: markerPos = 3.5
24.3826 	EXP 	slider_2: markerPos = 3.5
24.3993 	EXP 	slider_2: markerPos = 3.5
24.4096 	DATA 	Mouse:  Left button up, pos=(683,152)
24.4157 	EXP 	slider_2: markerPos = 3.5
24.4327 	EXP 	slider_2: markerPos = 3.5
24.4327 	EXP 	slider_2: rating = 3.5
24.4364 	EXP 	New trial (rep=0, index=17): OrderedDict([('Imagenes', 'imagenes\\Galletas-festival.jpg'), ('Random', 0.36121121246191135), ('Correcto', None)])
24.4645 	EXP 	image_2: autoDraw = False
24.4645 	EXP 	slider_2: autoDraw = False
24.4645 	EXP 	image_2: image = 'imagenes\\Galletas-festival.jpg'
24.4645 	EXP 	slider_2: markerPos = None
24.4645 	EXP 	slider_2: markerPos = None
24.4645 	EXP 	slider_2: rating = None
24.4645 	EXP 	image_2: autoDraw = True
24.4645 	EXP 	slider_2: autoDraw = True
24.5020 	DATA 	Mouse: Left button down, pos=(683,152)
24.5159 	EXP 	slider_2: markerPos = 3.5
24.5327 	EXP 	slider_2: markerPos = 3.5
24.5491 	EXP 	slider_2: markerPos = 3.5
24.5658 	EXP 	slider_2: markerPos = 3.5
24.5825 	EXP 	slider_2: markerPos = 3.5
24.5846 	DATA 	Mouse:  Left button up, pos=(683,152)
24.5992 	EXP 	slider_2: markerPos = 3.5
24.5992 	EXP 	slider_2: rating = 3.5
24.6022 	EXP 	New trial (rep=0, index=18): OrderedDict([('Imagenes', 'imagenes\\Chocoramo.jfif.jpg'), ('Random', 0.7789437122019539), ('Correcto', None)])
24.6355 	EXP 	image_2: autoDraw = False
24.6355 	EXP 	slider_2: autoDraw = False
24.6355 	EXP 	image_2: image = 'imagenes\\Chocoramo.jfif.jpg'
24.6355 	EXP 	slider_2: markerPos = None
24.6355 	EXP 	slider_2: markerPos = None
24.6355 	EXP 	slider_2: rating = None
24.6355 	EXP 	image_2: autoDraw = True
24.6355 	EXP 	slider_2: autoDraw = True
24.6548 	DATA 	Mouse: Left button down, pos=(683,152)
24.6827 	EXP 	slider_2: markerPos = 3.5
24.6992 	EXP 	slider_2: markerPos = 3.5
24.7158 	EXP 	slider_2: markerPos = 3.5
24.7325 	EXP 	slider_2: markerPos = 3.5
24.7491 	EXP 	slider_2: markerPos = 3.5
24.7509 	DATA 	Mouse:  Left button up, pos=(683,152)
24.7660 	EXP 	slider_2: markerPos = 3.5
24.7660 	EXP 	slider_2: rating = 3.5
24.7696 	EXP 	New trial (rep=0, index=19): OrderedDict([('Imagenes', 'imagenes\\Papas-pollo.jpg'), ('Random', 0.6683114062971784), ('Correcto', None)])
24.7924 	EXP 	image_2: autoDraw = False
24.7924 	EXP 	slider_2: autoDraw = False
24.7924 	EXP 	image_2: image = 'imagenes\\Papas-pollo.jpg'
24.7924 	EXP 	slider_2: markerPos = None
24.7924 	EXP 	slider_2: markerPos = None
24.7924 	EXP 	slider_2: rating = None
24.7924 	EXP 	image_2: autoDraw = True
24.7924 	EXP 	slider_2: autoDraw = True
25.3198 	DATA 	Mouse: Left button down, pos=(553,150)
25.3326 	EXP 	slider_2: markerPos = 2.653645833333333
25.3494 	EXP 	slider_2: markerPos = 2.653645833333333
25.3662 	EXP 	slider_2: markerPos = 2.653645833333333
25.3828 	EXP 	slider_2: markerPos = 2.653645833333333
25.3990 	EXP 	slider_2: markerPos = 2.653645833333333
25.4014 	DATA 	Mouse:  Left button up, pos=(553,150)
25.4157 	EXP 	slider_2: markerPos = 2.653645833333333
25.4157 	EXP 	slider_2: rating = 2.653645833333333
25.4192 	EXP 	New trial (rep=0, index=2): OrderedDict([('Hertz', 1500), ('volumen', 0.02)])
25.4303 	EXP 	Imported imagenes.xlsx as conditions, 20 conditions, 3 params
25.4308 	EXP 	Created sequence: random, trialTypes=20, nReps=1, seed=None
25.4312 	EXP 	New trial (rep=0, index=0): OrderedDict([('Imagenes', 'imagenes\\Kiwi.jpg'), ('Random', 0.5893907384852061), ('Correcto', None)])
25.4437 	EXP 	image_2: autoDraw = False
25.4437 	EXP 	slider_2: autoDraw = False
25.4437 	EXP 	image_2: image = 'imagenes\\Kiwi.jpg'
25.4437 	EXP 	slider_2: markerPos = None
25.4437 	EXP 	slider_2: markerPos = None
25.4437 	EXP 	slider_2: rating = None
25.4437 	EXP 	image_2: autoDraw = True
25.4437 	EXP 	slider_2: autoDraw = True
25.7693 	DATA 	Mouse: Left button down, pos=(824,154)
25.7827 	EXP 	slider_2: markerPos = 4.41796875
25.7992 	EXP 	slider_2: markerPos = 4.41796875
25.8161 	EXP 	slider_2: markerPos = 4.41796875
25.8326 	EXP 	slider_2: markerPos = 4.41796875
25.8489 	EXP 	slider_2: markerPos = 4.41796875
25.8506 	DATA 	Mouse:  Left button up, pos=(824,154)
25.8657 	EXP 	slider_2: markerPos = 4.41796875
25.8657 	EXP 	slider_2: rating = 4.41796875
25.8700 	EXP 	New trial (rep=0, index=1): OrderedDict([('Imagenes', 'imagenes\\Banano.jpeg'), ('Random', 0.651633055306917), ('Correcto', None)])
25.8916 	EXP 	image_2: autoDraw = False
25.8916 	EXP 	slider_2: autoDraw = False
25.8916 	EXP 	image_2: image = 'imagenes\\Banano.jpeg'
25.8916 	EXP 	slider_2: markerPos = None
25.8916 	EXP 	slider_2: markerPos = None
25.8916 	EXP 	slider_2: rating = None
25.8916 	EXP 	image_2: autoDraw = True
25.8916 	EXP 	slider_2: autoDraw = True
26.2099 	DATA 	Mouse: Left button down, pos=(961,159)
26.2327 	EXP 	slider_2: markerPos = 5.309895833333334
26.2493 	EXP 	slider_2: markerPos = 5.309895833333334
26.2660 	EXP 	slider_2: markerPos = 5.309895833333334
26.2827 	EXP 	slider_2: markerPos = 5.309895833333334
26.2918 	DATA 	Mouse:  Left button up, pos=(961,159)
26.2991 	EXP 	slider_2: markerPos = 5.309895833333334
26.3156 	EXP 	slider_2: markerPos = 5.309895833333334
26.3156 	EXP 	slider_2: rating = 5.309895833333334
26.3193 	EXP 	New trial (rep=0, index=2): OrderedDict([('Imagenes', 'imagenes\\Rosquitas (1).jpg'), ('Random', 0.3035383390851263), ('Correcto', None)])
26.3504 	EXP 	image_2: autoDraw = False
26.3504 	EXP 	slider_2: autoDraw = False
26.3504 	EXP 	image_2: image = 'imagenes\\Rosquitas (1).jpg'
26.3504 	EXP 	slider_2: markerPos = None
26.3504 	EXP 	slider_2: markerPos = None
26.3504 	EXP 	slider_2: rating = None
26.3504 	EXP 	image_2: autoDraw = True
26.3504 	EXP 	slider_2: autoDraw = True
26.7195 	DATA 	Mouse: Left button down, pos=(680,161)
26.7327 	EXP 	slider_2: markerPos = 3.48046875
26.7491 	EXP 	slider_2: markerPos = 3.48046875
26.7659 	EXP 	slider_2: markerPos = 3.48046875
26.7825 	EXP 	slider_2: markerPos = 3.48046875
26.7849 	DATA 	Mouse:  Left button up, pos=(680,161)
26.7990 	EXP 	slider_2: markerPos = 3.48046875
26.7990 	EXP 	slider_2: rating = 3.48046875
26.8029 	EXP 	New trial (rep=0, index=3): OrderedDict([('Imagenes', 'imagenes\\Papas-pollo.jpg'), ('Random', 0.6683114062971784), ('Correcto', None)])
26.8200 	EXP 	image_2: autoDraw = False
26.8200 	EXP 	slider_2: autoDraw = False
26.8200 	EXP 	image_2: image = 'imagenes\\Papas-pollo.jpg'
26.8200 	EXP 	slider_2: markerPos = None
26.8200 	EXP 	slider_2: markerPos = None
26.8200 	EXP 	slider_2: rating = None
26.8200 	EXP 	image_2: autoDraw = True
26.8200 	EXP 	slider_2: autoDraw = True
27.0691 	DATA 	Mouse: Left button down, pos=(375,160)
27.0828 	EXP 	slider_2: markerPos = 1.4947916666666665
27.0992 	EXP 	slider_2: markerPos = 1.4947916666666665
27.1162 	EXP 	slider_2: markerPos = 1.4947916666666665
27.1325 	EXP 	slider_2: markerPos = 1.4947916666666665
27.1492 	EXP 	slider_2: markerPos = 1.4947916666666665
27.1661 	EXP 	slider_2: markerPos = 1.4947916666666665
27.1685 	DATA 	Mouse:  Left button up, pos=(378,160)
27.1824 	EXP 	slider_2: markerPos = 1.4947916666666665
27.1824 	EXP 	slider_2: rating = 1.4947916666666665
27.1863 	EXP 	New trial (rep=0, index=4): OrderedDict([('Imagenes', 'imagenes\\Yogurt-alpina.jpg'), ('Random', 0.21540995091807813), ('Correcto', None)])
27.2071 	EXP 	image_2: autoDraw = False
27.2071 	EXP 	slider_2: autoDraw = False
27.2071 	EXP 	image_2: image = 'imagenes\\Yogurt-alpina.jpg'
27.2071 	EXP 	slider_2: markerPos = None
27.2071 	EXP 	slider_2: markerPos = None
27.2071 	EXP 	slider_2: rating = None
27.2071 	EXP 	image_2: autoDraw = True
27.2071 	EXP 	slider_2: autoDraw = True
27.4507 	DATA 	Mouse: Left button down, pos=(866,156)
27.4656 	EXP 	slider_2: markerPos = 4.69140625
27.4826 	EXP 	slider_2: markerPos = 4.69140625
27.4992 	EXP 	slider_2: markerPos = 4.69140625
27.5160 	EXP 	slider_2: markerPos = 4.69140625
27.5327 	EXP 	slider_2: markerPos = 4.69140625
27.5490 	EXP 	slider_2: markerPos = 4.69140625
27.5511 	DATA 	Mouse:  Left button up, pos=(866,156)
27.5657 	EXP 	slider_2: markerPos = 4.69140625
27.5657 	EXP 	slider_2: rating = 4.69140625
27.5698 	EXP 	New trial (rep=0, index=5): OrderedDict([('Imagenes', 'imagenes\\Leche-de-almendras.jpg'), ('Random', 0.36073876480313727), ('Correcto', None)])
27.6310 	EXP 	image_2: autoDraw = False
27.6310 	EXP 	slider_2: autoDraw = False
27.6310 	EXP 	image_2: image = 'imagenes\\Leche-de-almendras.jpg'
27.6310 	EXP 	slider_2: markerPos = None
27.6310 	EXP 	slider_2: markerPos = None
27.6310 	EXP 	slider_2: rating = None
27.6310 	EXP 	image_2: autoDraw = True
27.6310 	EXP 	slider_2: autoDraw = True
27.7694 	DATA 	Mouse: Left button down, pos=(620,147)
27.7829 	EXP 	slider_2: markerPos = 3.08984375
27.7994 	EXP 	slider_2: markerPos = 3.08984375
27.8160 	EXP 	slider_2: markerPos = 3.08984375
27.8327 	EXP 	slider_2: markerPos = 3.08984375
27.8493 	EXP 	slider_2: markerPos = 3.08984375
27.8665 	EXP 	slider_2: markerPos = 3.08984375
27.8696 	DATA 	Mouse:  Left button up, pos=(635,146)
27.8827 	EXP 	slider_2: markerPos = 3.08984375
27.8827 	EXP 	slider_2: rating = 3.08984375
27.8864 	EXP 	New trial (rep=0, index=6): OrderedDict([('Imagenes', 'imagenes\\Uvas.jpg'), ('Random', 0.7734382152670648), ('Correcto', None)])
27.9078 	EXP 	image_2: autoDraw = False
27.9078 	EXP 	slider_2: autoDraw = False
27.9078 	EXP 	image_2: image = 'imagenes\\Uvas.jpg'
27.9078 	EXP 	slider_2: markerPos = None
27.9078 	EXP 	slider_2: markerPos = None
27.9078 	EXP 	slider_2: rating = None
27.9078 	EXP 	image_2: autoDraw = True
27.9078 	EXP 	slider_2: autoDraw = True
28.0860 	DATA 	Mouse: Left button down, pos=(902,150)
28.0993 	EXP 	slider_2: markerPos = 4.92578125
28.1160 	EXP 	slider_2: markerPos = 4.92578125
28.1327 	EXP 	slider_2: markerPos = 4.92578125
28.1492 	EXP 	slider_2: markerPos = 4.92578125
28.1658 	EXP 	slider_2: markerPos = 4.92578125
28.1679 	DATA 	Mouse:  Left button up, pos=(902,150)
28.1824 	EXP 	slider_2: markerPos = 4.92578125
28.1824 	EXP 	slider_2: rating = 4.92578125
28.1860 	EXP 	New trial (rep=0, index=7): OrderedDict([('Imagenes', 'imagenes\\Croissant.jpg'), ('Random', 0.6152458173421255), ('Correcto', None)])
28.2201 	EXP 	image_2: autoDraw = False
28.2201 	EXP 	slider_2: autoDraw = False
28.2201 	EXP 	image_2: image = 'imagenes\\Croissant.jpg'
28.2201 	EXP 	slider_2: markerPos = None
28.2201 	EXP 	slider_2: markerPos = None
28.2201 	EXP 	slider_2: rating = None
28.2201 	EXP 	image_2: autoDraw = True
28.2201 	EXP 	slider_2: autoDraw = True
28.3468 	DATA 	Mouse: Left button down, pos=(555,161)
28.3660 	EXP 	slider_2: markerPos = 2.666666666666667
28.3826 	EXP 	slider_2: markerPos = 2.666666666666667
28.3992 	EXP 	slider_2: markerPos = 2.666666666666667
28.4158 	EXP 	slider_2: markerPos = 2.666666666666667
28.4324 	EXP 	slider_2: markerPos = 2.666666666666667
28.4348 	DATA 	Mouse:  Left button up, pos=(555,161)
28.4489 	EXP 	slider_2: markerPos = 2.666666666666667
28.4489 	EXP 	slider_2: rating = 2.666666666666667
28.4521 	EXP 	New trial (rep=0, index=8): OrderedDict([('Imagenes', 'imagenes\\Papas-limon.jpg'), ('Random', 0.020692288100133793), ('Correcto', None)])
28.4711 	EXP 	image_2: autoDraw = False
28.4711 	EXP 	slider_2: autoDraw = False
28.4711 	EXP 	image_2: image = 'imagenes\\Papas-limon.jpg'
28.4711 	EXP 	slider_2: markerPos = None
28.4711 	EXP 	slider_2: markerPos = None
28.4711 	EXP 	slider_2: rating = None
28.4711 	EXP 	image_2: autoDraw = True
28.4711 	EXP 	slider_2: autoDraw = True
28.6016 	DATA 	Mouse: Left button down, pos=(836,159)
28.6155 	EXP 	slider_2: markerPos = 4.49609375
28.6324 	EXP 	slider_2: markerPos = 4.49609375
28.6491 	EXP 	slider_2: markerPos = 4.49609375
28.6656 	EXP 	slider_2: markerPos = 4.49609375
28.6823 	EXP 	slider_2: markerPos = 4.49609375
28.6990 	EXP 	slider_2: markerPos = 4.49609375
28.7011 	DATA 	Mouse:  Left button up, pos=(836,159)
28.7160 	EXP 	slider_2: markerPos = 4.49609375
28.7160 	EXP 	slider_2: rating = 4.49609375
28.7196 	EXP 	New trial (rep=0, index=9): OrderedDict([('Imagenes', 'imagenes\\Brownie.jpg'), ('Random', 0.17000143351927688), ('Correcto', None)])
28.7624 	EXP 	image_2: autoDraw = False
28.7624 	EXP 	slider_2: autoDraw = False
28.7624 	EXP 	image_2: image = 'imagenes\\Brownie.jpg'
28.7624 	EXP 	slider_2: markerPos = None
28.7624 	EXP 	slider_2: markerPos = None
28.7624 	EXP 	slider_2: rating = None
28.7624 	EXP 	image_2: autoDraw = True
28.7624 	EXP 	slider_2: autoDraw = True
28.8922 	DATA 	Mouse: Left button down, pos=(960,158)
28.9158 	EXP 	slider_2: markerPos = 5.309895833333334
28.9326 	EXP 	slider_2: markerPos = 5.309895833333334
28.9492 	EXP 	slider_2: markerPos = 5.309895833333334
28.9661 	EXP 	slider_2: markerPos = 5.309895833333334
28.9755 	DATA 	Mouse:  Left button up, pos=(961,158)
28.9821 	EXP 	slider_2: markerPos = 5.309895833333334
28.9989 	EXP 	slider_2: markerPos = 5.309895833333334
28.9989 	EXP 	slider_2: rating = 5.309895833333334
29.0027 	EXP 	New trial (rep=0, index=10): OrderedDict([('Imagenes', 'imagenes\\Galletas-festival.jpg'), ('Random', 0.36121121246191135), ('Correcto', None)])
29.0299 	EXP 	image_2: autoDraw = False
29.0299 	EXP 	slider_2: autoDraw = False
29.0299 	EXP 	image_2: image = 'imagenes\\Galletas-festival.jpg'
29.0299 	EXP 	slider_2: markerPos = None
29.0299 	EXP 	slider_2: markerPos = None
29.0299 	EXP 	slider_2: rating = None
29.0299 	EXP 	image_2: autoDraw = True
29.0299 	EXP 	slider_2: autoDraw = True
29.1187 	DATA 	Mouse: Left button down, pos=(712,157)
29.1326 	EXP 	slider_2: markerPos = 3.688802083333333
29.1491 	EXP 	slider_2: markerPos = 3.688802083333333
29.1658 	EXP 	slider_2: markerPos = 3.688802083333333
29.1824 	EXP 	slider_2: markerPos = 3.688802083333333
29.1906 	DATA 	Mouse:  Left button up, pos=(712,157)
29.1989 	EXP 	slider_2: markerPos = 3.688802083333333
29.2155 	EXP 	slider_2: markerPos = 3.688802083333333
29.2155 	EXP 	slider_2: rating = 3.688802083333333
29.2190 	EXP 	New trial (rep=0, index=11): OrderedDict([('Imagenes', 'imagenes\\bon-bon-bun.jpg'), ('Random', 0.7387922093313524), ('Correcto', None)])
29.2549 	EXP 	image_2: autoDraw = False
29.2549 	EXP 	slider_2: autoDraw = False
29.2549 	EXP 	image_2: image = 'imagenes\\bon-bon-bun.jpg'
29.2549 	EXP 	slider_2: markerPos = None
29.2549 	EXP 	slider_2: markerPos = None
29.2549 	EXP 	slider_2: rating = None
29.2549 	EXP 	image_2: autoDraw = True
29.2549 	EXP 	slider_2: autoDraw = True
29.3185 	DATA 	Mouse: Left button down, pos=(593,159)
29.3326 	EXP 	slider_2: markerPos = 2.9140625
29.3492 	EXP 	slider_2: markerPos = 2.9140625
29.3658 	EXP 	slider_2: markerPos = 2.9075520833333335
29.3823 	EXP 	slider_2: markerPos = 2.9010416666666665
29.3852 	DATA 	Mouse:  Left button up, pos=(590,159)
29.3989 	EXP 	slider_2: markerPos = 2.9010416666666665
29.3989 	EXP 	slider_2: rating = 2.9010416666666665
29.4026 	EXP 	New trial (rep=0, index=12): OrderedDict([('Imagenes', 'imagenes\\Manzana.jpg'), ('Random', 0.5168162194437935), ('Correcto', None)])
29.4355 	EXP 	image_2: autoDraw = False
29.4355 	EXP 	slider_2: autoDraw = False
29.4355 	EXP 	image_2: image = 'imagenes\\Manzana.jpg'
29.4355 	EXP 	slider_2: markerPos = None
29.4355 	EXP 	slider_2: markerPos = None
29.4355 	EXP 	slider_2: rating = None
29.4355 	EXP 	image_2: autoDraw = True
29.4355 	EXP 	slider_2: autoDraw = True
29.5055 	DATA 	Mouse: Left button down, pos=(537,148)
29.5323 	EXP 	slider_2: markerPos = 2.549479166666667
29.5489 	EXP 	slider_2: markerPos = 2.549479166666667
29.5656 	EXP 	slider_2: markerPos = 2.549479166666667
29.5679 	DATA 	Mouse:  Left button up, pos=(537,148)
29.5823 	EXP 	slider_2: markerPos = 2.549479166666667
29.5823 	EXP 	slider_2: rating = 2.549479166666667
29.5860 	EXP 	New trial (rep=0, index=13): OrderedDict([('Imagenes', 'imagenes\\Nutella (1).jpg'), ('Random', 0.5277483225747329), ('Correcto', None)])
29.6067 	EXP 	image_2: autoDraw = False
29.6067 	EXP 	slider_2: autoDraw = False
29.6067 	EXP 	image_2: image = 'imagenes\\Nutella (1).jpg'
29.6067 	EXP 	slider_2: markerPos = None
29.6067 	EXP 	slider_2: markerPos = None
29.6067 	EXP 	slider_2: rating = None
29.6067 	EXP 	image_2: autoDraw = True
29.6067 	EXP 	slider_2: autoDraw = True
29.7858 	DATA 	Mouse: Left button down, pos=(1010,153)
29.7991 	EXP 	slider_2: markerPos = 5.62890625
29.8160 	EXP 	slider_2: markerPos = 5.62890625
29.8324 	EXP 	slider_2: markerPos = 5.62890625
29.8490 	EXP 	slider_2: markerPos = 5.62890625
29.8659 	EXP 	slider_2: markerPos = 5.62890625
29.8825 	EXP 	slider_2: markerPos = 5.62890625
29.8917 	DATA 	Mouse:  Left button up, pos=(1011,153)
29.8989 	EXP 	slider_2: markerPos = 5.62890625
29.9157 	EXP 	slider_2: markerPos = 5.62890625
29.9157 	EXP 	slider_2: rating = 5.62890625
29.9193 	EXP 	New trial (rep=0, index=14): OrderedDict([('Imagenes', 'imagenes\\Popetas.jpg'), ('Random', 0.07650200324054446), ('Correcto', None)])
29.9642 	EXP 	image_2: autoDraw = False
29.9642 	EXP 	slider_2: autoDraw = False
29.9642 	EXP 	image_2: image = 'imagenes\\Popetas.jpg'
29.9642 	EXP 	slider_2: markerPos = None
29.9642 	EXP 	slider_2: markerPos = None
29.9642 	EXP 	slider_2: rating = None
29.9642 	EXP 	image_2: autoDraw = True
29.9642 	EXP 	slider_2: autoDraw = True
29.9847 	DATA 	Mouse: Left button down, pos=(1019,155)
29.9990 	EXP 	slider_2: markerPos = 5.674479166666666
30.0158 	EXP 	slider_2: markerPos = 5.615885416666666
30.0327 	EXP 	slider_2: markerPos = 5.53125
30.0493 	EXP 	slider_2: markerPos = 5.31640625
30.0657 	EXP 	slider_2: markerPos = 4.873697916666666
30.0680 	DATA 	Mouse:  Left button up, pos=(807,162)
30.0822 	EXP 	slider_2: markerPos = 4.873697916666666
30.0822 	EXP 	slider_2: rating = 4.873697916666666
30.0858 	EXP 	New trial (rep=0, index=15): OrderedDict([('Imagenes', 'imagenes\\Mango.jpeg'), ('Random', 0.555669112372461), ('Correcto', None)])
30.1112 	EXP 	image_2: autoDraw = False
30.1112 	EXP 	slider_2: autoDraw = False
30.1112 	EXP 	image_2: image = 'imagenes\\Mango.jpeg'
30.1112 	EXP 	slider_2: markerPos = None
30.1112 	EXP 	slider_2: markerPos = None
30.1112 	EXP 	slider_2: rating = None
30.1112 	EXP 	image_2: autoDraw = True
30.1112 	EXP 	slider_2: autoDraw = True
30.1564 	DATA 	Mouse: Left button down, pos=(540,162)
30.1666 	EXP 	slider_2: markerPos = 2.569010416666667
30.1824 	EXP 	slider_2: markerPos = 2.569010416666667
30.1990 	EXP 	slider_2: markerPos = 2.569010416666667
30.2157 	EXP 	slider_2: markerPos = 2.569010416666667
30.2326 	EXP 	slider_2: markerPos = 2.5625
30.2415 	DATA 	Mouse:  Left button up, pos=(539,154)
30.2489 	EXP 	slider_2: markerPos = 2.5625
30.2657 	EXP 	slider_2: markerPos = 2.5625
30.2657 	EXP 	slider_2: rating = 2.5625
30.2691 	EXP 	New trial (rep=0, index=16): OrderedDict([('Imagenes', 'imagenes\\Galletas Tosh.jpg'), ('Random', 0.478088790487872), ('Correcto', None)])
30.3232 	EXP 	image_2: autoDraw = False
30.3232 	EXP 	slider_2: autoDraw = False
30.3232 	EXP 	image_2: image = 'imagenes\\Galletas Tosh.jpg'
30.3232 	EXP 	slider_2: markerPos = None
30.3232 	EXP 	slider_2: markerPos = None
30.3232 	EXP 	slider_2: rating = None
30.3232 	EXP 	image_2: autoDraw = True
30.3232 	EXP 	slider_2: autoDraw = True
30.3360 	DATA 	Mouse: Left button down, pos=(761,146)
30.3488 	EXP 	slider_2: markerPos = 4.0078125
30.3656 	EXP 	slider_2: markerPos = 4.248697916666667
30.3826 	EXP 	slider_2: markerPos = 4.307291666666667
30.3988 	EXP 	slider_2: markerPos = 4.307291666666667
30.4159 	EXP 	slider_2: markerPos = 4.307291666666667
30.4323 	EXP 	slider_2: markerPos = 4.307291666666667
30.4343 	DATA 	Mouse:  Left button up, pos=(807,142)
30.4488 	EXP 	slider_2: markerPos = 4.307291666666667
30.4488 	EXP 	slider_2: rating = 4.307291666666667
30.4522 	EXP 	New trial (rep=0, index=17): OrderedDict([('Imagenes', 'imagenes\\Alpinito.jpg'), ('Random', 0.4515332417045813), ('Correcto', None)])
30.4917 	EXP 	image_2: autoDraw = False
30.4917 	EXP 	slider_2: autoDraw = False
30.4917 	EXP 	image_2: image = 'imagenes\\Alpinito.jpg'
30.4917 	EXP 	slider_2: markerPos = None
30.4917 	EXP 	slider_2: markerPos = None
30.4917 	EXP 	slider_2: rating = None
30.4917 	EXP 	image_2: autoDraw = True
30.4917 	EXP 	slider_2: autoDraw = True
30.5351 	DATA 	Mouse: Left button down, pos=(594,175)
30.5843 	DATA 	Mouse:  Left button up, pos=(488,175)
30.8143 	DATA 	Mouse: Left button down, pos=(869,176)
30.8890 	DATA 	Mouse:  Left button up, pos=(873,175)
30.9938 	DATA 	Mouse: Left button down, pos=(945,179)
31.0850 	DATA 	Mouse:  Left button up, pos=(945,179)
31.2051 	DATA 	Mouse: Left button down, pos=(920,158)
31.2322 	EXP 	slider_2: markerPos = 5.0234375
31.2488 	EXP 	slider_2: markerPos = 5.016927083333334
31.2655 	EXP 	slider_2: markerPos = 5.010416666666666
31.2827 	EXP 	slider_2: markerPos = 5.00390625
31.2992 	EXP 	slider_2: markerPos = 4.92578125
31.3072 	DATA 	Mouse:  Left button up, pos=(874,143)
31.3154 	EXP 	slider_2: markerPos = 4.815104166666666
31.3321 	EXP 	slider_2: markerPos = 4.815104166666666
31.3321 	EXP 	slider_2: rating = 4.815104166666666
31.3352 	EXP 	New trial (rep=0, index=18): OrderedDict([('Imagenes', 'imagenes\\Chocoramo.jfif.jpg'), ('Random', 0.7789437122019539), ('Correcto', None)])
31.3683 	EXP 	image_2: autoDraw = False
31.3683 	EXP 	slider_2: autoDraw = False
31.3683 	EXP 	image_2: image = 'imagenes\\Chocoramo.jfif.jpg'
31.3683 	EXP 	slider_2: markerPos = None
31.3683 	EXP 	slider_2: markerPos = None
31.3683 	EXP 	slider_2: rating = None
31.3683 	EXP 	image_2: autoDraw = True
31.3683 	EXP 	slider_2: autoDraw = True
31.3767 	DATA 	Mouse: Left button down, pos=(823,140)
31.3821 	EXP 	slider_2: markerPos = 4.411458333333333
31.3989 	EXP 	slider_2: markerPos = 4.411458333333333
31.4155 	EXP 	slider_2: markerPos = 4.411458333333333
31.4323 	EXP 	slider_2: markerPos = 4.404947916666667
31.4488 	EXP 	slider_2: markerPos = 4.372395833333333
31.4517 	DATA 	Mouse:  Left button up, pos=(797,140)
31.4655 	EXP 	slider_2: markerPos = 4.372395833333333
31.4655 	EXP 	slider_2: rating = 4.372395833333333
31.4691 	EXP 	New trial (rep=0, index=19): OrderedDict([('Imagenes', 'imagenes\\Papas-naturales.jpg'), ('Random', 0.15856838916280946), ('Correcto', None)])
31.4894 	EXP 	image_2: autoDraw = False
31.4894 	EXP 	slider_2: autoDraw = False
31.4894 	EXP 	image_2: image = 'imagenes\\Papas-naturales.jpg'
31.4894 	EXP 	slider_2: markerPos = None
31.4894 	EXP 	slider_2: markerPos = None
31.4894 	EXP 	slider_2: rating = None
31.4894 	EXP 	image_2: autoDraw = True
31.4894 	EXP 	slider_2: autoDraw = True
31.5355 	DATA 	Mouse: Left button down, pos=(710,147)
31.5488 	EXP 	slider_2: markerPos = 3.67578125
31.5654 	EXP 	slider_2: markerPos = 3.669270833333333
31.5823 	EXP 	slider_2: markerPos = 3.669270833333333
31.5989 	EXP 	slider_2: markerPos = 3.65625
31.6156 	EXP 	slider_2: markerPos = 3.59765625
31.6182 	DATA 	Mouse:  Left button up, pos=(679,146)
31.6321 	EXP 	slider_2: markerPos = 3.59765625
31.6321 	EXP 	slider_2: rating = 3.59765625
31.6351 	EXP 	New trial (rep=0, index=3): OrderedDict([('Hertz', 1000), ('volumen', 0.0)])
31.6463 	EXP 	Imported imagenes.xlsx as conditions, 20 conditions, 3 params
31.6468 	EXP 	Created sequence: random, trialTypes=20, nReps=1, seed=None
31.6472 	EXP 	New trial (rep=0, index=0): OrderedDict([('Imagenes', 'imagenes\\Banano.jpeg'), ('Random', 0.651633055306917), ('Correcto', None)])
31.6705 	EXP 	image_2: autoDraw = False
31.6705 	EXP 	slider_2: autoDraw = False
31.6705 	EXP 	image_2: image = 'imagenes\\Banano.jpeg'
31.6705 	EXP 	slider_2: markerPos = None
31.6705 	EXP 	slider_2: markerPos = None
31.6705 	EXP 	slider_2: rating = None
31.6705 	EXP 	image_2: autoDraw = True
31.6705 	EXP 	slider_2: autoDraw = True
31.7183 	DATA 	Mouse: Left button down, pos=(607,146)
31.7323 	EXP 	slider_2: markerPos = 3.0052083333333335
31.7490 	EXP 	slider_2: markerPos = 3.0052083333333335
31.7658 	EXP 	slider_2: markerPos = 3.0052083333333335
31.7822 	EXP 	slider_2: markerPos = 3.0052083333333335
31.7850 	DATA 	Mouse:  Left button up, pos=(607,146)
31.7989 	EXP 	slider_2: markerPos = 3.0052083333333335
31.7989 	EXP 	slider_2: rating = 3.0052083333333335
31.8032 	EXP 	New trial (rep=0, index=1): OrderedDict([('Imagenes', 'imagenes\\Leche-de-almendras.jpg'), ('Random', 0.36073876480313727), ('Correcto', None)])
31.8687 	EXP 	image_2: autoDraw = False
31.8687 	EXP 	slider_2: autoDraw = False
31.8687 	EXP 	image_2: image = 'imagenes\\Leche-de-almendras.jpg'
31.8687 	EXP 	slider_2: markerPos = None
31.8687 	EXP 	slider_2: markerPos = None
31.8687 	EXP 	slider_2: rating = None
31.8687 	EXP 	image_2: autoDraw = True
31.8687 	EXP 	slider_2: autoDraw = True
31.8895 	DATA 	Mouse: Left button down, pos=(787,152)
31.9158 	EXP 	slider_2: markerPos = 4.30078125
31.9323 	EXP 	slider_2: markerPos = 4.502604166666667
31.9493 	EXP 	slider_2: markerPos = 4.723958333333333
31.9661 	EXP 	slider_2: markerPos = 4.7890625
31.9682 	DATA 	Mouse:  Left button up, pos=(894,151)
31.9825 	EXP 	slider_2: markerPos = 4.7890625
31.9825 	EXP 	slider_2: rating = 4.7890625
31.9864 	EXP 	New trial (rep=0, index=2): OrderedDict([('Imagenes', 'imagenes\\Kiwi.jpg'), ('Random', 0.5893907384852061), ('Correcto', None)])
32.0026 	EXP 	image_2: autoDraw = False
32.0026 	EXP 	slider_2: autoDraw = False
32.0026 	EXP 	image_2: image = 'imagenes\\Kiwi.jpg'
32.0026 	EXP 	slider_2: markerPos = None
32.0026 	EXP 	slider_2: markerPos = None
32.0026 	EXP 	slider_2: rating = None
32.0026 	EXP 	image_2: autoDraw = True
32.0026 	EXP 	slider_2: autoDraw = True
32.0681 	DATA 	Mouse: Left button down, pos=(946,151)
32.0822 	EXP 	slider_2: markerPos = 5.212239583333334
32.0988 	EXP 	slider_2: markerPos = 5.212239583333334
32.1154 	EXP 	slider_2: markerPos = 5.212239583333334
32.1322 	EXP 	slider_2: markerPos = 5.212239583333334
32.1488 	EXP 	slider_2: markerPos = 5.212239583333334
32.1505 	DATA 	Mouse:  Left button up, pos=(946,151)
32.1654 	EXP 	slider_2: markerPos = 5.212239583333334
32.1654 	EXP 	slider_2: rating = 5.212239583333334
32.1694 	EXP 	New trial (rep=0, index=3): OrderedDict([('Imagenes', 'imagenes\\Alpinito.jpg'), ('Random', 0.4515332417045813), ('Correcto', None)])
32.2101 	EXP 	image_2: autoDraw = False
32.2101 	EXP 	slider_2: autoDraw = False
32.2101 	EXP 	image_2: image = 'imagenes\\Alpinito.jpg'
32.2101 	EXP 	slider_2: markerPos = None
32.2101 	EXP 	slider_2: markerPos = None
32.2101 	EXP 	slider_2: rating = None
32.2101 	EXP 	image_2: autoDraw = True
32.2101 	EXP 	slider_2: autoDraw = True
32.4524 	DATA 	Mouse: Left button down, pos=(964,152)
32.4659 	EXP 	slider_2: markerPos = 5.329427083333334
32.4824 	EXP 	slider_2: markerPos = 5.329427083333334
32.4990 	EXP 	slider_2: markerPos = 5.290364583333334
32.5159 	EXP 	slider_2: markerPos = 5.21875
32.5325 	EXP 	slider_2: markerPos = 4.763020833333334
32.5389 	DATA 	Mouse:  Left button up, pos=(817,154)
32.5489 	EXP 	slider_2: markerPos = 4.6328125
32.5656 	EXP 	slider_2: markerPos = 4.6328125
32.5656 	EXP 	slider_2: rating = 4.6328125
32.5692 	EXP 	New trial (rep=0, index=4): OrderedDict([('Imagenes', 'imagenes\\Papas-limon.jpg'), ('Random', 0.020692288100133793), ('Correcto', None)])
32.5862 	EXP 	image_2: autoDraw = False
32.5862 	EXP 	slider_2: autoDraw = False
32.5862 	EXP 	image_2: image = 'imagenes\\Papas-limon.jpg'
32.5862 	EXP 	slider_2: markerPos = None
32.5862 	EXP 	slider_2: markerPos = None
32.5862 	EXP 	slider_2: rating = None
32.5862 	EXP 	image_2: autoDraw = True
32.5862 	EXP 	slider_2: autoDraw = True
32.6179 	DATA 	Mouse: Left button down, pos=(652,154)
32.6323 	EXP 	slider_2: markerPos = 3.2981770833333335
32.6487 	EXP 	slider_2: markerPos = 3.2981770833333335
32.6655 	EXP 	slider_2: markerPos = 3.2981770833333335
32.6820 	EXP 	slider_2: markerPos = 3.2981770833333335
32.6989 	EXP 	slider_2: markerPos = 3.2265625
32.7009 	DATA 	Mouse:  Left button up, pos=(627,152)
32.7155 	EXP 	slider_2: markerPos = 3.2265625
32.7155 	EXP 	slider_2: rating = 3.2265625
32.7193 	EXP 	New trial (rep=0, index=5): OrderedDict([('Imagenes', 'imagenes\\bon-bon-bun.jpg'), ('Random', 0.7387922093313524), ('Correcto', None)])
32.7521 	EXP 	image_2: autoDraw = False
32.7521 	EXP 	slider_2: autoDraw = False
32.7521 	EXP 	image_2: image = 'imagenes\\bon-bon-bun.jpg'
32.7521 	EXP 	slider_2: markerPos = None
32.7521 	EXP 	slider_2: markerPos = None
32.7521 	EXP 	slider_2: rating = None
32.7521 	EXP 	image_2: autoDraw = True
32.7521 	EXP 	slider_2: autoDraw = True
32.7846 	DATA 	Mouse: Left button down, pos=(557,147)
32.7988 	EXP 	slider_2: markerPos = 2.6796875
32.8153 	EXP 	slider_2: markerPos = 2.673177083333333
32.8321 	EXP 	slider_2: markerPos = 2.66015625
32.8491 	EXP 	slider_2: markerPos = 2.58203125
32.8591 	DATA 	Mouse:  Left button up, pos=(516,141)
32.8653 	EXP 	slider_2: markerPos = 2.484375
32.8822 	EXP 	slider_2: markerPos = 2.484375
32.8822 	EXP 	slider_2: rating = 2.484375
32.8854 	EXP 	New trial (rep=0, index=6): OrderedDict([('Imagenes', 'imagenes\\Chocoramo.jfif.jpg'), ('Random', 0.7789437122019539), ('Correcto', None)])
32.9213 	EXP 	image_2: autoDraw = False
32.9213 	EXP 	slider_2: autoDraw = False
32.9213 	EXP 	image_2: image = 'imagenes\\Chocoramo.jfif.jpg'
32.9213 	EXP 	slider_2: markerPos = None
32.9213 	EXP 	slider_2: markerPos = None
32.9213 	EXP 	slider_2: rating = None
32.9213 	EXP 	image_2: autoDraw = True
32.9213 	EXP 	slider_2: autoDraw = True
32.9313 	DATA 	Mouse: Left button down, pos=(484,141)
32.9357 	EXP 	slider_2: markerPos = 2.2044270833333335
32.9487 	EXP 	slider_2: markerPos = 2.1979166666666665
32.9654 	EXP 	slider_2: markerPos = 2.1979166666666665
32.9821 	EXP 	slider_2: markerPos = 2.19140625
32.9988 	EXP 	slider_2: markerPos = 2.1783854166666665
33.0155 	EXP 	slider_2: markerPos = 2.1197916666666665
33.0179 	DATA 	Mouse:  Left button up, pos=(468,141)
33.0321 	EXP 	slider_2: markerPos = 2.1197916666666665
33.0321 	EXP 	slider_2: rating = 2.1197916666666665
33.0351 	EXP 	New trial (rep=0, index=7): OrderedDict([('Imagenes', 'imagenes\\Popetas.jpg'), ('Random', 0.07650200324054446), ('Correcto', None)])
33.0844 	EXP 	image_2: autoDraw = False
33.0844 	EXP 	slider_2: autoDraw = False
33.0844 	EXP 	image_2: image = 'imagenes\\Popetas.jpg'
33.0844 	EXP 	slider_2: markerPos = None
33.0844 	EXP 	slider_2: markerPos = None
33.0844 	EXP 	slider_2: rating = None
33.0844 	EXP 	image_2: autoDraw = True
33.0844 	EXP 	slider_2: autoDraw = True
33.0973 	DATA 	Mouse: Left button down, pos=(452,141)
33.1158 	EXP 	slider_2: markerPos = 1.99609375
33.1325 	EXP 	slider_2: markerPos = 1.99609375
33.1492 	EXP 	slider_2: markerPos = 1.99609375
33.1585 	DATA 	Mouse:  Left button up, pos=(451,141)
33.1656 	EXP 	slider_2: markerPos = 1.9895833333333335
33.1824 	EXP 	slider_2: markerPos = 1.9895833333333335
33.1824 	EXP 	slider_2: rating = 1.9895833333333335
33.1864 	EXP 	New trial (rep=0, index=8): OrderedDict([('Imagenes', 'imagenes\\Rosquitas (1).jpg'), ('Random', 0.3035383390851263), ('Correcto', None)])
33.2183 	EXP 	image_2: autoDraw = False
33.2183 	EXP 	slider_2: autoDraw = False
33.2183 	EXP 	image_2: image = 'imagenes\\Rosquitas (1).jpg'
33.2183 	EXP 	slider_2: markerPos = None
33.2183 	EXP 	slider_2: markerPos = None
33.2183 	EXP 	slider_2: rating = None
33.2183 	EXP 	image_2: autoDraw = True
33.2183 	EXP 	slider_2: autoDraw = True
33.2677 	DATA 	Mouse: Left button down, pos=(428,146)
33.2821 	EXP 	slider_2: markerPos = 1.83984375
33.2988 	EXP 	slider_2: markerPos = 1.8333333333333335
33.3155 	EXP 	slider_2: markerPos = 1.8203125
33.3322 	EXP 	slider_2: markerPos = 1.80078125
33.3350 	DATA 	Mouse:  Left button up, pos=(419,148)
33.3488 	EXP 	slider_2: markerPos = 1.80078125
33.3488 	EXP 	slider_2: rating = 1.80078125
33.3524 	EXP 	New trial (rep=0, index=9): OrderedDict([('Imagenes', 'imagenes\\Galletas Tosh.jpg'), ('Random', 0.478088790487872), ('Correcto', None)])
33.3861 	EXP 	image_2: autoDraw = False
33.3861 	EXP 	slider_2: autoDraw = False
33.3861 	EXP 	image_2: image = 'imagenes\\Galletas Tosh.jpg'
33.3861 	EXP 	slider_2: markerPos = None
33.3861 	EXP 	slider_2: markerPos = None
33.3861 	EXP 	slider_2: rating = None
33.3861 	EXP 	image_2: autoDraw = True
33.3861 	EXP 	slider_2: autoDraw = True
33.4043 	DATA 	Mouse: Left button down, pos=(410,150)
33.4322 	EXP 	slider_2: markerPos = 1.72265625
33.4488 	EXP 	slider_2: markerPos = 1.72265625
33.4654 	EXP 	slider_2: markerPos = 1.72265625
33.4822 	EXP 	slider_2: markerPos = 1.72265625
33.4987 	EXP 	slider_2: markerPos = 1.7356770833333335
33.5005 	DATA 	Mouse:  Left button up, pos=(423,152)
33.5154 	EXP 	slider_2: markerPos = 1.7356770833333335
33.5154 	EXP 	slider_2: rating = 1.7356770833333335
33.5189 	EXP 	New trial (rep=0, index=10): OrderedDict([('Imagenes', 'imagenes\\Papas-pollo.jpg'), ('Random', 0.6683114062971784), ('Correcto', None)])
33.5355 	EXP 	image_2: autoDraw = False
33.5355 	EXP 	slider_2: autoDraw = False
33.5355 	EXP 	image_2: image = 'imagenes\\Papas-pollo.jpg'
33.5355 	EXP 	slider_2: markerPos = None
33.5355 	EXP 	slider_2: markerPos = None
33.5355 	EXP 	slider_2: rating = None
33.5355 	EXP 	image_2: autoDraw = True
33.5355 	EXP 	slider_2: autoDraw = True
33.6015 	DATA 	Mouse: Left button down, pos=(571,160)
33.6154 	EXP 	slider_2: markerPos = 2.790364583333333
33.6324 	EXP 	slider_2: markerPos = 2.809895833333333
33.6487 	EXP 	slider_2: markerPos = 2.829427083333333
33.6508 	DATA 	Mouse:  Left button up, pos=(584,160)
33.6655 	EXP 	slider_2: markerPos = 2.829427083333333
33.6655 	EXP 	slider_2: rating = 2.829427083333333
33.6690 	EXP 	New trial (rep=0, index=11): OrderedDict([('Imagenes', 'imagenes\\Yogurt-alpina.jpg'), ('Random', 0.21540995091807813), ('Correcto', None)])
33.6900 	EXP 	image_2: autoDraw = False
33.6900 	EXP 	slider_2: autoDraw = False
33.6900 	EXP 	image_2: image = 'imagenes\\Yogurt-alpina.jpg'
33.6900 	EXP 	slider_2: markerPos = None
33.6900 	EXP 	slider_2: markerPos = None
33.6900 	EXP 	slider_2: rating = None
33.6900 	EXP 	image_2: autoDraw = True
33.6900 	EXP 	slider_2: autoDraw = True
33.7525 	DATA 	Mouse: Left button down, pos=(686,164)
33.7655 	EXP 	slider_2: markerPos = 3.51953125
33.7822 	EXP 	slider_2: markerPos = 3.526041666666667
33.7988 	EXP 	slider_2: markerPos = 3.526041666666667
33.8170 	EXP 	slider_2: markerPos = 3.532552083333333
33.8280 	DATA 	Mouse:  Left button up, pos=(710,162)
33.8322 	EXP 	slider_2: markerPos = 3.630208333333333
33.8488 	EXP 	slider_2: markerPos = 3.630208333333333
33.8488 	EXP 	slider_2: rating = 3.630208333333333
33.8517 	EXP 	New trial (rep=0, index=12): OrderedDict([('Imagenes', 'imagenes\\Manzana.jpg'), ('Random', 0.5168162194437935), ('Correcto', None)])
33.8845 	EXP 	image_2: autoDraw = False
33.8845 	EXP 	slider_2: autoDraw = False
33.8845 	EXP 	image_2: image = 'imagenes\\Manzana.jpg'
33.8845 	EXP 	slider_2: markerPos = None
33.8845 	EXP 	slider_2: markerPos = None
33.8845 	EXP 	slider_2: rating = None
33.8845 	EXP 	image_2: autoDraw = True
33.8845 	EXP 	slider_2: autoDraw = True
33.9174 	DATA 	Mouse: Left button down, pos=(785,163)
33.9319 	EXP 	slider_2: markerPos = 4.177083333333333
33.9487 	EXP 	slider_2: markerPos = 4.177083333333333
33.9656 	EXP 	slider_2: markerPos = 4.18359375
33.9824 	EXP 	slider_2: markerPos = 4.203125
33.9986 	EXP 	slider_2: markerPos = 4.333333333333333
34.0015 	DATA 	Mouse:  Left button up, pos=(821,160)
34.0154 	EXP 	slider_2: markerPos = 4.333333333333333
34.0154 	EXP 	slider_2: rating = 4.333333333333333
34.0196 	EXP 	New trial (rep=0, index=13): OrderedDict([('Imagenes', 'imagenes\\Papas-naturales.jpg'), ('Random', 0.15856838916280946), ('Correcto', None)])
34.0388 	EXP 	image_2: autoDraw = False
34.0388 	EXP 	slider_2: autoDraw = False
34.0388 	EXP 	image_2: image = 'imagenes\\Papas-naturales.jpg'
34.0388 	EXP 	slider_2: markerPos = None
34.0388 	EXP 	slider_2: markerPos = None
34.0388 	EXP 	slider_2: rating = None
34.0388 	EXP 	image_2: autoDraw = True
34.0388 	EXP 	slider_2: autoDraw = True
34.2356 	DATA 	Mouse: Left button down, pos=(936,159)
34.2488 	EXP 	slider_2: markerPos = 5.147135416666666
34.2658 	EXP 	slider_2: markerPos = 5.147135416666666
34.2823 	EXP 	slider_2: markerPos = 5.147135416666666
34.2990 	EXP 	slider_2: markerPos = 5.147135416666666
34.3155 	EXP 	slider_2: markerPos = 5.147135416666666
34.3181 	DATA 	Mouse:  Left button up, pos=(936,159)
34.3321 	EXP 	slider_2: markerPos = 5.147135416666666
34.3321 	EXP 	slider_2: rating = 5.147135416666666
34.3351 	EXP 	New trial (rep=0, index=14): OrderedDict([('Imagenes', 'imagenes\\Croissant.jpg'), ('Random', 0.6152458173421255), ('Correcto', None)])
34.3707 	EXP 	image_2: autoDraw = False
34.3707 	EXP 	slider_2: autoDraw = False
34.3707 	EXP 	image_2: image = 'imagenes\\Croissant.jpg'
34.3707 	EXP 	slider_2: markerPos = None
34.3707 	EXP 	slider_2: markerPos = None
34.3707 	EXP 	slider_2: rating = None
34.3707 	EXP 	image_2: autoDraw = True
34.3707 	EXP 	slider_2: autoDraw = True
34.4010 	DATA 	Mouse: Left button down, pos=(912,159)
34.4155 	EXP 	slider_2: markerPos = 4.990885416666666
34.4320 	EXP 	slider_2: markerPos = 4.841145833333334
34.4487 	EXP 	slider_2: markerPos = 4.678385416666667
34.4654 	EXP 	slider_2: markerPos = 4.372395833333333
34.4676 	DATA 	Mouse:  Left button up, pos=(773,155)
34.4824 	EXP 	slider_2: markerPos = 4.372395833333333
34.4824 	EXP 	slider_2: rating = 4.372395833333333
34.4865 	EXP 	New trial (rep=0, index=15): OrderedDict([('Imagenes', 'imagenes\\Uvas.jpg'), ('Random', 0.7734382152670648), ('Correcto', None)])
34.5100 	EXP 	image_2: autoDraw = False
34.5100 	EXP 	slider_2: autoDraw = False
34.5100 	EXP 	image_2: image = 'imagenes\\Uvas.jpg'
34.5100 	EXP 	slider_2: markerPos = None
34.5100 	EXP 	slider_2: markerPos = None
34.5100 	EXP 	slider_2: rating = None
34.5100 	EXP 	image_2: autoDraw = True
34.5100 	EXP 	slider_2: autoDraw = True
34.5514 	DATA 	Mouse: Left button down, pos=(679,158)
34.5654 	EXP 	slider_2: markerPos = 3.4739583333333335
34.5820 	EXP 	slider_2: markerPos = 3.4544270833333335
34.5988 	EXP 	slider_2: markerPos = 3.3763020833333335
34.6153 	EXP 	slider_2: markerPos = 3.24609375
34.6319 	EXP 	slider_2: markerPos = 3.01171875
34.6336 	DATA 	Mouse:  Left button up, pos=(591,154)
34.6485 	EXP 	slider_2: markerPos = 3.01171875
34.6485 	EXP 	slider_2: rating = 3.01171875
34.6519 	EXP 	New trial (rep=0, index=16): OrderedDict([('Imagenes', 'imagenes\\Nutella (1).jpg'), ('Random', 0.5277483225747329), ('Correcto', None)])
34.6735 	EXP 	image_2: autoDraw = False
34.6735 	EXP 	slider_2: autoDraw = False
34.6735 	EXP 	image_2: image = 'imagenes\\Nutella (1).jpg'
34.6735 	EXP 	slider_2: markerPos = None
34.6735 	EXP 	slider_2: markerPos = None
34.6735 	EXP 	slider_2: rating = None
34.6735 	EXP 	image_2: autoDraw = True
34.6735 	EXP 	slider_2: autoDraw = True
34.7059 	DATA 	Mouse: Left button down, pos=(506,154)
34.7320 	EXP 	slider_2: markerPos = 2.34765625
34.7488 	EXP 	slider_2: markerPos = 2.34765625
34.7654 	EXP 	slider_2: markerPos = 2.34765625
34.7821 	EXP 	slider_2: markerPos = 2.34765625
34.7987 	EXP 	slider_2: markerPos = 2.34765625
34.8016 	DATA 	Mouse:  Left button up, pos=(506,152)
34.8152 	EXP 	slider_2: markerPos = 2.34765625
34.8152 	EXP 	slider_2: rating = 2.34765625
34.8191 	EXP 	New trial (rep=0, index=17): OrderedDict([('Imagenes', 'imagenes\\Brownie.jpg'), ('Random', 0.17000143351927688), ('Correcto', None)])
34.8612 	EXP 	image_2: autoDraw = False
34.8612 	EXP 	slider_2: autoDraw = False
34.8612 	EXP 	image_2: image = 'imagenes\\Brownie.jpg'
34.8612 	EXP 	slider_2: markerPos = None
34.8612 	EXP 	slider_2: markerPos = None
34.8612 	EXP 	slider_2: rating = None
34.8612 	EXP 	image_2: autoDraw = True
34.8612 	EXP 	slider_2: autoDraw = True
34.8795 	DATA 	Mouse: Left button down, pos=(537,150)
34.8988 	EXP 	slider_2: markerPos = 2.549479166666667
34.9155 	EXP 	slider_2: markerPos = 2.770833333333333
34.9320 	EXP 	slider_2: markerPos = 2.93359375
34.9486 	EXP 	slider_2: markerPos = 3.12890625
34.9654 	EXP 	slider_2: markerPos = 3.3111979166666665
34.9681 	DATA 	Mouse:  Left button up, pos=(698,144)
34.9819 	EXP 	slider_2: markerPos = 3.3111979166666665
34.9819 	EXP 	slider_2: rating = 3.3111979166666665
34.9849 	EXP 	New trial (rep=0, index=18): OrderedDict([('Imagenes', 'imagenes\\Mango.jpeg'), ('Random', 0.555669112372461), ('Correcto', None)])
35.0223 	EXP 	image_2: autoDraw = False
35.0223 	EXP 	slider_2: autoDraw = False
35.0223 	EXP 	image_2: image = 'imagenes\\Mango.jpeg'
35.0223 	EXP 	slider_2: markerPos = None
35.0223 	EXP 	slider_2: markerPos = None
35.0223 	EXP 	slider_2: rating = None
35.0223 	EXP 	image_2: autoDraw = True
35.0223 	EXP 	slider_2: autoDraw = True
35.0372 	DATA 	Mouse: Left button down, pos=(786,145)
35.0485 	EXP 	slider_2: markerPos = 4.170572916666667
35.0652 	EXP 	slider_2: markerPos = 4.170572916666667
35.0820 	EXP 	slider_2: markerPos = 4.177083333333333
35.0986 	EXP 	slider_2: markerPos = 4.196614583333333
35.1153 	EXP 	slider_2: markerPos = 4.2421875
35.1178 	DATA 	Mouse:  Left button up, pos=(825,137)
35.1321 	EXP 	slider_2: markerPos = 4.2421875
35.1321 	EXP 	slider_2: rating = 4.2421875
35.1361 	EXP 	New trial (rep=0, index=19): OrderedDict([('Imagenes', 'imagenes\\Galletas-festival.jpg'), ('Random', 0.36121121246191135), ('Correcto', None)])
35.1799 	EXP 	image_2: autoDraw = False
35.1799 	EXP 	slider_2: autoDraw = False
35.1799 	EXP 	image_2: image = 'imagenes\\Galletas-festival.jpg'
35.1799 	EXP 	slider_2: markerPos = None
35.1799 	EXP 	slider_2: markerPos = None
35.1799 	EXP 	slider_2: rating = None
35.1799 	EXP 	image_2: autoDraw = True
35.1799 	EXP 	slider_2: autoDraw = True
35.2347 	DATA 	Mouse: Left button down, pos=(886,138)
35.2486 	EXP 	slider_2: markerPos = 4.821614583333334
35.2652 	EXP 	slider_2: markerPos = 4.815104166666666
35.2718 	DATA 	Mouse:  Left button up, pos=(877,139)
35.2820 	EXP 	slider_2: markerPos = 4.782552083333334
35.2987 	EXP 	slider_2: markerPos = 4.782552083333334
35.2987 	EXP 	slider_2: rating = 4.782552083333334
35.3444 	EXP 	image_2: autoDraw = False
35.3444 	EXP 	slider_2: autoDraw = False
35.3444 	EXP 	text: text = 'El nmero aleatorio es 4992.'
35.3444 	EXP 	text: autoDraw = True
35.3689 	DATA 	Mouse: Left button down, pos=(773,144)
35.4508 	DATA 	Mouse:  Left button up, pos=(685,140)
35.5366 	DATA 	Mouse: Left button down, pos=(600,142)
35.6185 	DATA 	Mouse:  Left button up, pos=(600,142)
36.8363 	DATA 	Keypress: bar
36.8908 	DATA 	Keypress: escape
37.4758 	EXP 	window1: mouseVisible = True
