1.2326 	WARNING 	We strongly recommend you activate the PTB sound engine in PsychoPy prefs as the preferred audio engine. Its timing is vastly superior. Your prefs are currently set to use ['sounddevice', 'PTB', 'pyo', 'pygame'] (in that order).
9.8585 	WARNING 	User requested fullscreen with size [1024  768], but screen is actually [1366, 768]. Using actual size
11.5095 	EXP 	Created window1 = Window(allowGUI=False, allowStencil=False, args=UNKNOWN, autoLog=True, bitsMode=UNKNOWN, blendMode='avg', bpc=(8, 8, 8), color=array([0., 0., 0.]), colorSpace='rgb', depthBits=8, fullscr=<method-wrapper '__getattribute__' of attributeSetter object at 0x0000018937B9D828>, gamma=None, gammaErrorPolicy='raise', kwargs=UNKNOWN, lms=UNKNOWN, monitor=<psychopy.monitors.calibTools.Monitor object at 0x00000189378BD898>, multiSample=False, name='window1', numSamples=2, pos=[0.0, 0.0], screen=0, size=array([1366,  768]), stencilBits=0, stereo=False, units='height', useFBO=True, useRetina=False, viewOri=0.0, viewPos=None, viewScale=None, waitBlanking=True, winType='pyglet')
11.5101 	EXP 	window1: mouseVisible = True
11.5102 	EXP 	window1: recordFrameIntervals = False
11.6747 	EXP 	window1: recordFrameIntervals = True
11.8586 	EXP 	window1: recordFrameIntervals = False
12.1930 	EXP 	Sound sound_3 set volume 1.000
12.1933 	EXP 	Sound Sonido set volume 1.000
12.2051 	EXP 	Created image_2 = ImageStim(__class__=<class 'psychopy.visual.image.ImageStim'>, autoLog=True, color=array([1., 1., 1.]), colorSpace='rgb', contrast=1.0, depth=-1.0, flipHoriz=False, flipVert=False, image='sin', interpolate=True, mask=None, maskParams=None, name='image_2', opacity=1.0, ori=0.0, pos=array([0. , 0.2]), size=array([0.5, 0.5]), texRes=128, units='height', win=Window(...))
12.2243 	EXP 	window1: mouseVisible = True
12.2879 	EXP 	Created slider_2 = Slider(__class__=<class 'psychopy.visual.slider.Slider'>, autoDraw=False, autoLog=True, color='LightGray', depth=0, flip=False, font='HelveticaBold', granularity=0, labelHeight=0.05, labelWrapWidth=None, labels=('0', '1000', '2000', '3000', '4000', '5000'), name='slider_2', pos=(0, -0.3), readOnly=False, self=UNKNOWN, size=(1.0, 0.05), style=method-wrapper(...), ticks=array([1, 2, 3, 4, 5, 6]), units='height', win=Window(...))
12.3178 	EXP 	Created text = TextStim(__class__=<class 'psychopy.visual.text.TextStim'>, alignHoriz=method-wrapper(...), alignText='center', alignVert=method-wrapper(...), anchorHoriz='center', anchorVert='center', antialias=True, autoLog=True, bold=False, color='white', colorSpace='named', contrast=1.0, depth=-1.0, flipHoriz=False, flipVert=False, font='Arial', fontFiles=[], height=0.1, italic=False, languageStyle='LTR', name='text', opacity=1.0, ori=0, pos=array([0., 0.]), rgb=array([255., 255., 255.]), text='El número aleatorio es 2423.', units='height', win=Window(...), wrapWidth=1)
12.3285 	EXP 	Created text_2 = TextStim(__class__=<class 'psychopy.visual.text.TextStim'>, alignHoriz=method-wrapper(...), alignText='center', alignVert=method-wrapper(...), anchorHoriz='center', anchorVert='center', antialias=True, autoLog=True, bold=False, color='white', colorSpace='named', contrast=1.0, depth=0.0, flipHoriz=False, flipVert=False, font='Arial', fontFiles=[], height=0.1, italic=False, languageStyle='LTR', name='text_2', opacity=1.0, ori=0, pos=array([0., 0.]), rgb=array([255., 255., 255.]), text='xd', units='height', win=Window(...), wrapWidth=1)
12.4140 	EXP 	slider_2: autoLog = True
12.4140 	EXP 	slider_2: markerPos = None
12.4140 	EXP 	slider_2: rating = None
12.4140 	EXP 	slider_2: markerPos = None
12.4140 	EXP 	slider_2: contrast = 1.0
12.4140 	EXP 	slider_2: autoLog = True
12.4140 	EXP 	slider_2: style = ['rating']
23.0321 	EXP 	Imported ruidos.xlsx as conditions, 4 conditions, 2 params
23.0328 	EXP 	Created sequence: random, trialTypes=4, nReps=1, seed=None
23.0334 	EXP 	New trial (rep=0, index=0): OrderedDict([('Hertz', 1000), ('volumen', 0.0)])
23.0500 	EXP 	Imported imagenes.xlsx as conditions, 20 conditions, 3 params
23.0506 	EXP 	Created sequence: random, trialTypes=20, nReps=1, seed=None
23.0513 	EXP 	New trial (rep=0, index=0): OrderedDict([('Imagenes', 'imagenes\\Nutella (1).jpg'), ('Random', 0.5277483225747329), ('Correcto', None)])
23.0858 	EXP 	image_2: image = 'imagenes\\Nutella (1).jpg'
23.0858 	EXP 	slider_2: markerPos = None
23.0858 	EXP 	slider_2: markerPos = None
23.0858 	EXP 	slider_2: rating = None
25.1670 	EXP 	image_2: autoDraw = True
25.1670 	EXP 	slider_2: autoDraw = True
29.6266 	DATA 	Mouse: Left button down, pos=(691,157)
29.6404 	EXP 	slider_2: markerPos = 3.552083333333333
29.6574 	EXP 	slider_2: markerPos = 3.552083333333333
29.6738 	EXP 	slider_2: markerPos = 3.552083333333333
29.6905 	EXP 	slider_2: markerPos = 3.552083333333333
29.7071 	EXP 	slider_2: markerPos = 3.552083333333333
29.7235 	EXP 	slider_2: markerPos = 3.552083333333333
29.7260 	DATA 	Mouse:  Left button up, pos=(691,157)
29.7406 	EXP 	slider_2: markerPos = 3.552083333333333
29.7406 	EXP 	slider_2: rating = 3.552083333333333
29.7453 	EXP 	New trial (rep=0, index=1): OrderedDict([('Imagenes', 'imagenes\\Galletas-festival.jpg'), ('Random', 0.36121121246191135), ('Correcto', None)])
29.7824 	EXP 	image_2: autoDraw = False
29.7824 	EXP 	slider_2: autoDraw = False
29.7824 	EXP 	image_2: image = 'imagenes\\Galletas-festival.jpg'
29.7824 	EXP 	slider_2: markerPos = None
29.7824 	EXP 	slider_2: markerPos = None
29.7824 	EXP 	slider_2: rating = None
31.7749 	EXP 	image_2: autoDraw = True
31.7749 	EXP 	slider_2: autoDraw = True
33.3259 	DATA 	Mouse: Left button down, pos=(700,154)
33.3403 	EXP 	slider_2: markerPos = 3.610677083333333
33.3569 	EXP 	slider_2: markerPos = 3.610677083333333
33.3734 	EXP 	slider_2: markerPos = 3.610677083333333
33.3901 	EXP 	slider_2: markerPos = 3.610677083333333
33.4069 	EXP 	slider_2: markerPos = 3.610677083333333
33.4236 	EXP 	slider_2: markerPos = 3.610677083333333
33.4265 	DATA 	Mouse:  Left button up, pos=(700,154)
33.4400 	EXP 	slider_2: markerPos = 3.610677083333333
33.4400 	EXP 	slider_2: rating = 3.610677083333333
33.4431 	EXP 	New trial (rep=0, index=2): OrderedDict([('Imagenes', 'imagenes\\Yogurt-alpina.jpg'), ('Random', 0.21540995091807813), ('Correcto', None)])
33.4734 	EXP 	image_2: autoDraw = False
33.4734 	EXP 	slider_2: autoDraw = False
33.4734 	EXP 	image_2: image = 'imagenes\\Yogurt-alpina.jpg'
33.4734 	EXP 	slider_2: markerPos = None
33.4734 	EXP 	slider_2: markerPos = None
33.4734 	EXP 	slider_2: rating = None
35.4738 	EXP 	image_2: autoDraw = True
35.4738 	EXP 	slider_2: autoDraw = True
36.1436 	DATA 	Mouse: Left button down, pos=(681,151)
36.1569 	EXP 	slider_2: markerPos = 3.4869791666666665
36.1734 	EXP 	slider_2: markerPos = 3.4869791666666665
36.1901 	EXP 	slider_2: markerPos = 3.4869791666666665
36.2067 	EXP 	slider_2: markerPos = 3.4869791666666665
36.2235 	EXP 	slider_2: markerPos = 3.4869791666666665
36.2401 	EXP 	slider_2: markerPos = 3.4869791666666665
36.2469 	DATA 	Mouse:  Left button up, pos=(681,151)
36.2567 	EXP 	slider_2: markerPos = 3.4869791666666665
36.2733 	EXP 	slider_2: markerPos = 3.4869791666666665
36.2733 	EXP 	slider_2: rating = 3.4869791666666665
36.2775 	EXP 	New trial (rep=0, index=3): OrderedDict([('Imagenes', 'imagenes\\Galletas Tosh.jpg'), ('Random', 0.478088790487872), ('Correcto', None)])
36.3216 	EXP 	image_2: autoDraw = False
36.3216 	EXP 	slider_2: autoDraw = False
36.3216 	EXP 	image_2: image = 'imagenes\\Galletas Tosh.jpg'
36.3216 	EXP 	slider_2: markerPos = None
36.3216 	EXP 	slider_2: markerPos = None
36.3216 	EXP 	slider_2: rating = None
38.3235 	EXP 	image_2: autoDraw = True
38.3235 	EXP 	slider_2: autoDraw = True
46.3103 	EXP 	New trial (rep=0, index=4): OrderedDict([('Imagenes', 'imagenes\\Croissant.jpg'), ('Random', 0.6152458173421255), ('Correcto', None)])
46.3596 	EXP 	image_2: autoDraw = False
46.3596 	EXP 	slider_2: autoDraw = False
46.3596 	EXP 	image_2: autoDraw = False
46.3596 	EXP 	slider_2: autoDraw = False
46.3596 	EXP 	image_2: image = 'imagenes\\Croissant.jpg'
46.3596 	EXP 	slider_2: markerPos = None
46.3596 	EXP 	slider_2: markerPos = None
46.3596 	EXP 	slider_2: rating = None
48.3569 	EXP 	image_2: autoDraw = True
48.3569 	EXP 	slider_2: autoDraw = True
56.3461 	EXP 	New trial (rep=0, index=5): OrderedDict([('Imagenes', 'imagenes\\Chocoramo.jfif.jpg'), ('Random', 0.7789437122019539), ('Correcto', None)])
56.4064 	EXP 	image_2: autoDraw = False
56.4064 	EXP 	slider_2: autoDraw = False
56.4064 	EXP 	image_2: autoDraw = False
56.4064 	EXP 	slider_2: autoDraw = False
56.4064 	EXP 	image_2: image = 'imagenes\\Chocoramo.jfif.jpg'
56.4064 	EXP 	slider_2: markerPos = None
56.4064 	EXP 	slider_2: markerPos = None
56.4064 	EXP 	slider_2: rating = None
58.4061 	EXP 	image_2: autoDraw = True
58.4061 	EXP 	slider_2: autoDraw = True
66.3920 	EXP 	New trial (rep=0, index=6): OrderedDict([('Imagenes', 'imagenes\\bon-bon-bun.jpg'), ('Random', 0.7387922093313524), ('Correcto', None)])
66.4231 	EXP 	image_2: autoDraw = False
66.4231 	EXP 	slider_2: autoDraw = False
66.4231 	EXP 	image_2: autoDraw = False
66.4231 	EXP 	slider_2: autoDraw = False
66.4231 	EXP 	image_2: image = 'imagenes\\bon-bon-bun.jpg'
66.4231 	EXP 	slider_2: markerPos = None
66.4231 	EXP 	slider_2: markerPos = None
66.4231 	EXP 	slider_2: rating = None
68.4222 	EXP 	image_2: autoDraw = True
68.4222 	EXP 	slider_2: autoDraw = True
69.7906 	DATA 	Mouse: Left button down, pos=(681,151)
69.8052 	EXP 	slider_2: markerPos = 3.4869791666666665
69.8219 	EXP 	slider_2: markerPos = 3.4869791666666665
69.8384 	EXP 	slider_2: markerPos = 3.4869791666666665
69.8551 	EXP 	slider_2: markerPos = 3.4869791666666665
69.8719 	EXP 	slider_2: markerPos = 3.4869791666666665
69.8883 	EXP 	slider_2: markerPos = 3.4869791666666665
69.8943 	DATA 	Mouse:  Left button up, pos=(681,151)
69.9051 	EXP 	slider_2: markerPos = 3.4869791666666665
69.9218 	EXP 	slider_2: markerPos = 3.4869791666666665
69.9218 	EXP 	slider_2: rating = 3.4869791666666665
69.9258 	EXP 	New trial (rep=0, index=7): OrderedDict([('Imagenes', 'imagenes\\Popetas.jpg'), ('Random', 0.07650200324054446), ('Correcto', None)])
69.9965 	EXP 	image_2: autoDraw = False
69.9965 	EXP 	slider_2: autoDraw = False
69.9965 	EXP 	image_2: image = 'imagenes\\Popetas.jpg'
69.9965 	EXP 	slider_2: markerPos = None
69.9965 	EXP 	slider_2: markerPos = None
69.9965 	EXP 	slider_2: rating = None
71.9892 	EXP 	image_2: autoDraw = True
71.9892 	EXP 	slider_2: autoDraw = True
73.1081 	DATA 	Mouse: Left button down, pos=(693,153)
73.1218 	EXP 	slider_2: markerPos = 3.565104166666667
73.1383 	EXP 	slider_2: markerPos = 3.565104166666667
73.1550 	EXP 	slider_2: markerPos = 3.565104166666667
73.1717 	EXP 	slider_2: markerPos = 3.565104166666667
73.1886 	EXP 	slider_2: markerPos = 3.565104166666667
73.2053 	EXP 	slider_2: markerPos = 3.565104166666667
73.2079 	DATA 	Mouse:  Left button up, pos=(693,153)
73.2217 	EXP 	slider_2: markerPos = 3.565104166666667
73.2217 	EXP 	slider_2: rating = 3.565104166666667
73.2255 	EXP 	New trial (rep=0, index=8): OrderedDict([('Imagenes', 'imagenes\\Papas-naturales.jpg'), ('Random', 0.15856838916280946), ('Correcto', None)])
73.2411 	EXP 	image_2: autoDraw = False
73.2411 	EXP 	slider_2: autoDraw = False
73.2411 	EXP 	image_2: image = 'imagenes\\Papas-naturales.jpg'
73.2411 	EXP 	slider_2: markerPos = None
73.2411 	EXP 	slider_2: markerPos = None
73.2411 	EXP 	slider_2: rating = None
75.2384 	EXP 	image_2: autoDraw = True
75.2384 	EXP 	slider_2: autoDraw = True
83.2253 	EXP 	New trial (rep=0, index=9): OrderedDict([('Imagenes', 'imagenes\\Papas-limon.jpg'), ('Random', 0.020692288100133793), ('Correcto', None)])
83.2403 	EXP 	image_2: autoDraw = False
83.2403 	EXP 	slider_2: autoDraw = False
83.2403 	EXP 	image_2: autoDraw = False
83.2403 	EXP 	slider_2: autoDraw = False
83.2403 	EXP 	image_2: image = 'imagenes\\Papas-limon.jpg'
83.2403 	EXP 	slider_2: markerPos = None
83.2403 	EXP 	slider_2: markerPos = None
83.2403 	EXP 	slider_2: rating = None
84.8898 	DATA 	Mouse: Left button down, pos=(691,153)
85.0230 	DATA 	Mouse:  Left button up, pos=(691,153)
85.2382 	EXP 	image_2: autoDraw = True
85.2382 	EXP 	slider_2: autoDraw = True
85.5069 	DATA 	Mouse: Left button down, pos=(691,153)
85.5210 	EXP 	slider_2: markerPos = 3.552083333333333
85.5377 	EXP 	slider_2: markerPos = 3.552083333333333
85.5543 	EXP 	slider_2: markerPos = 3.552083333333333
85.5709 	EXP 	slider_2: markerPos = 3.552083333333333
85.5877 	EXP 	slider_2: markerPos = 3.552083333333333
85.6043 	EXP 	slider_2: markerPos = 3.552083333333333
85.6064 	DATA 	Mouse:  Left button up, pos=(691,153)
85.6211 	EXP 	slider_2: markerPos = 3.552083333333333
85.6211 	EXP 	slider_2: rating = 3.552083333333333
85.6253 	EXP 	New trial (rep=0, index=10): OrderedDict([('Imagenes', 'imagenes\\Alpinito.jpg'), ('Random', 0.4515332417045813), ('Correcto', None)])
85.6864 	EXP 	image_2: autoDraw = False
85.6864 	EXP 	slider_2: autoDraw = False
85.6864 	EXP 	image_2: image = 'imagenes\\Alpinito.jpg'
85.6864 	EXP 	slider_2: markerPos = None
85.6864 	EXP 	slider_2: markerPos = None
85.6864 	EXP 	slider_2: rating = None
87.6882 	EXP 	image_2: autoDraw = True
87.6882 	EXP 	slider_2: autoDraw = True
88.8743 	DATA 	Mouse: Left button down, pos=(689,153)
88.8877 	EXP 	slider_2: markerPos = 3.5390625
88.9043 	EXP 	slider_2: markerPos = 3.5390625
88.9209 	EXP 	slider_2: markerPos = 3.5390625
88.9377 	EXP 	slider_2: markerPos = 3.5390625
88.9544 	EXP 	slider_2: markerPos = 3.5390625
88.9710 	EXP 	slider_2: markerPos = 3.5390625
88.9877 	EXP 	slider_2: markerPos = 3.5390625
89.0043 	EXP 	slider_2: markerPos = 3.5390625
89.0209 	EXP 	slider_2: markerPos = 3.5390625
89.0377 	EXP 	slider_2: markerPos = 3.5390625
89.0542 	EXP 	slider_2: markerPos = 3.5390625
89.0565 	DATA 	Mouse:  Left button up, pos=(689,153)
89.0711 	EXP 	slider_2: markerPos = 3.5390625
89.0711 	EXP 	slider_2: rating = 3.5390625
89.0750 	EXP 	New trial (rep=0, index=11): OrderedDict([('Imagenes', 'imagenes\\Papas-pollo.jpg'), ('Random', 0.6683114062971784), ('Correcto', None)])
89.0973 	EXP 	image_2: autoDraw = False
89.0973 	EXP 	slider_2: autoDraw = False
89.0973 	EXP 	image_2: image = 'imagenes\\Papas-pollo.jpg'
89.0973 	EXP 	slider_2: markerPos = None
89.0973 	EXP 	slider_2: markerPos = None
89.0973 	EXP 	slider_2: rating = None
91.0875 	EXP 	image_2: autoDraw = True
91.0875 	EXP 	slider_2: autoDraw = True
91.9895 	DATA 	Mouse: Left button down, pos=(688,151)
92.0039 	EXP 	slider_2: markerPos = 3.532552083333333
92.0207 	EXP 	slider_2: markerPos = 3.532552083333333
92.0373 	EXP 	slider_2: markerPos = 3.532552083333333
92.0542 	EXP 	slider_2: markerPos = 3.532552083333333
92.0562 	DATA 	Mouse:  Left button up, pos=(688,151)
92.0708 	EXP 	slider_2: markerPos = 3.532552083333333
92.0708 	EXP 	slider_2: rating = 3.532552083333333
92.0748 	EXP 	New trial (rep=0, index=12): OrderedDict([('Imagenes', 'imagenes\\Rosquitas (1).jpg'), ('Random', 0.3035383390851263), ('Correcto', None)])
92.1101 	EXP 	image_2: autoDraw = False
92.1101 	EXP 	slider_2: autoDraw = False
92.1101 	EXP 	image_2: image = 'imagenes\\Rosquitas (1).jpg'
92.1101 	EXP 	slider_2: markerPos = None
92.1101 	EXP 	slider_2: markerPos = None
92.1101 	EXP 	slider_2: rating = None
94.1043 	EXP 	image_2: autoDraw = True
94.1043 	EXP 	slider_2: autoDraw = True
98.8563 	DATA 	Mouse: Left button down, pos=(683,151)
98.8704 	EXP 	slider_2: markerPos = 3.5
98.8870 	EXP 	slider_2: markerPos = 3.5
98.9039 	EXP 	slider_2: markerPos = 3.5
98.9204 	EXP 	slider_2: markerPos = 3.5
98.9371 	EXP 	slider_2: markerPos = 3.5
98.9538 	EXP 	slider_2: markerPos = 3.5
98.9592 	DATA 	Mouse:  Left button up, pos=(683,151)
98.9703 	EXP 	slider_2: markerPos = 3.5
98.9872 	EXP 	slider_2: markerPos = 3.5
98.9872 	EXP 	slider_2: rating = 3.5
98.9902 	EXP 	New trial (rep=0, index=13): OrderedDict([('Imagenes', 'imagenes\\Mango.jpeg'), ('Random', 0.555669112372461), ('Correcto', None)])
99.0110 	EXP 	image_2: autoDraw = False
99.0110 	EXP 	slider_2: autoDraw = False
99.0110 	EXP 	image_2: image = 'imagenes\\Mango.jpeg'
99.0110 	EXP 	slider_2: markerPos = None
99.0110 	EXP 	slider_2: markerPos = None
99.0110 	EXP 	slider_2: rating = None
101.0041 	EXP 	image_2: autoDraw = True
101.0041 	EXP 	slider_2: autoDraw = True
106.1561 	DATA 	Mouse: Left button down, pos=(688,151)
106.1701 	EXP 	slider_2: markerPos = 3.532552083333333
106.1867 	EXP 	slider_2: markerPos = 3.532552083333333
106.2038 	EXP 	slider_2: markerPos = 3.532552083333333
106.2201 	EXP 	slider_2: markerPos = 3.532552083333333
106.2368 	EXP 	slider_2: markerPos = 3.5390625
106.2535 	EXP 	slider_2: markerPos = 3.5390625
106.2702 	EXP 	slider_2: markerPos = 3.5390625
106.2868 	EXP 	slider_2: markerPos = 3.5390625
106.3035 	EXP 	slider_2: markerPos = 3.5390625
106.3202 	EXP 	slider_2: markerPos = 3.5390625
106.3369 	EXP 	slider_2: markerPos = 3.5390625
106.3534 	EXP 	slider_2: markerPos = 3.5390625
106.3560 	DATA 	Mouse:  Left button up, pos=(689,151)
106.3703 	EXP 	slider_2: markerPos = 3.5390625
106.3703 	EXP 	slider_2: rating = 3.5390625
106.3741 	EXP 	New trial (rep=0, index=14): OrderedDict([('Imagenes', 'imagenes\\Uvas.jpg'), ('Random', 0.7734382152670648), ('Correcto', None)])
106.3918 	EXP 	image_2: autoDraw = False
106.3918 	EXP 	slider_2: autoDraw = False
106.3918 	EXP 	image_2: image = 'imagenes\\Uvas.jpg'
106.3918 	EXP 	slider_2: markerPos = None
106.3918 	EXP 	slider_2: markerPos = None
106.3918 	EXP 	slider_2: rating = None
108.3868 	EXP 	image_2: autoDraw = True
108.3868 	EXP 	slider_2: autoDraw = True
110.2895 	DATA 	Mouse: Left button down, pos=(685,152)
110.3034 	EXP 	slider_2: markerPos = 3.513020833333333
110.3199 	EXP 	slider_2: markerPos = 3.513020833333333
110.3367 	EXP 	slider_2: markerPos = 3.513020833333333
110.3534 	EXP 	slider_2: markerPos = 3.513020833333333
110.3699 	EXP 	slider_2: markerPos = 3.513020833333333
110.3720 	DATA 	Mouse:  Left button up, pos=(685,152)
110.3867 	EXP 	slider_2: markerPos = 3.513020833333333
110.3867 	EXP 	slider_2: rating = 3.513020833333333
110.3903 	EXP 	New trial (rep=0, index=15): OrderedDict([('Imagenes', 'imagenes\\Manzana.jpg'), ('Random', 0.5168162194437935), ('Correcto', None)])
110.4341 	EXP 	image_2: autoDraw = False
110.4341 	EXP 	slider_2: autoDraw = False
110.4341 	EXP 	image_2: image = 'imagenes\\Manzana.jpg'
110.4341 	EXP 	slider_2: markerPos = None
110.4341 	EXP 	slider_2: markerPos = None
110.4341 	EXP 	slider_2: rating = None
112.4367 	EXP 	image_2: autoDraw = True
112.4367 	EXP 	slider_2: autoDraw = True
112.8777 	DATA 	Mouse: Left button down, pos=(682,152)
112.9032 	EXP 	slider_2: markerPos = 3.4934895833333335
112.9198 	EXP 	slider_2: markerPos = 3.4934895833333335
112.9365 	EXP 	slider_2: markerPos = 3.4934895833333335
112.9534 	EXP 	slider_2: markerPos = 3.4934895833333335
112.9698 	EXP 	slider_2: markerPos = 3.4934895833333335
112.9864 	EXP 	slider_2: markerPos = 3.4934895833333335
113.0033 	EXP 	slider_2: markerPos = 3.4934895833333335
113.0198 	EXP 	slider_2: markerPos = 3.4934895833333335
113.0365 	EXP 	slider_2: markerPos = 3.4934895833333335
113.0530 	EXP 	slider_2: markerPos = 3.4934895833333335
113.0555 	DATA 	Mouse:  Left button up, pos=(682,152)
113.0698 	EXP 	slider_2: markerPos = 3.4934895833333335
113.0698 	EXP 	slider_2: rating = 3.4934895833333335
113.0738 	EXP 	New trial (rep=0, index=16): OrderedDict([('Imagenes', 'imagenes\\Leche-de-almendras.jpg'), ('Random', 0.36073876480313727), ('Correcto', None)])
113.1876 	EXP 	image_2: autoDraw = False
113.1876 	EXP 	slider_2: autoDraw = False
113.1876 	EXP 	image_2: image = 'imagenes\\Leche-de-almendras.jpg'
113.1876 	EXP 	slider_2: markerPos = None
113.1876 	EXP 	slider_2: markerPos = None
113.1876 	EXP 	slider_2: rating = None
115.1875 	EXP 	image_2: autoDraw = True
115.1875 	EXP 	slider_2: autoDraw = True
116.2892 	DATA 	Mouse: Left button down, pos=(682,152)
116.3034 	EXP 	slider_2: markerPos = 3.4934895833333335
116.3199 	EXP 	slider_2: markerPos = 3.4934895833333335
116.3365 	EXP 	slider_2: markerPos = 3.4934895833333335
116.3533 	EXP 	slider_2: markerPos = 3.4934895833333335
116.3699 	EXP 	slider_2: markerPos = 3.4934895833333335
116.3865 	EXP 	slider_2: markerPos = 3.4934895833333335
116.4034 	EXP 	slider_2: markerPos = 3.4934895833333335
116.4200 	EXP 	slider_2: markerPos = 3.4934895833333335
116.4367 	EXP 	slider_2: markerPos = 3.4934895833333335
116.4419 	DATA 	Mouse:  Left button up, pos=(682,152)
116.4534 	EXP 	slider_2: markerPos = 3.4934895833333335
116.4699 	EXP 	slider_2: markerPos = 3.4934895833333335
116.4699 	EXP 	slider_2: rating = 3.4934895833333335
116.4736 	EXP 	New trial (rep=0, index=17): OrderedDict([('Imagenes', 'imagenes\\Kiwi.jpg'), ('Random', 0.5893907384852061), ('Correcto', None)])
116.4887 	EXP 	image_2: autoDraw = False
116.4887 	EXP 	slider_2: autoDraw = False
116.4887 	EXP 	image_2: image = 'imagenes\\Kiwi.jpg'
116.4887 	EXP 	slider_2: markerPos = None
116.4887 	EXP 	slider_2: markerPos = None
116.4887 	EXP 	slider_2: rating = None
118.4867 	EXP 	image_2: autoDraw = True
118.4867 	EXP 	slider_2: autoDraw = True
122.3393 	DATA 	Mouse: Left button down, pos=(682,152)
122.3528 	EXP 	slider_2: markerPos = 3.4934895833333335
122.3695 	EXP 	slider_2: markerPos = 3.4934895833333335
122.3860 	EXP 	slider_2: markerPos = 3.4934895833333335
122.4027 	EXP 	slider_2: markerPos = 3.4934895833333335
122.4194 	EXP 	slider_2: markerPos = 3.4934895833333335
122.4360 	EXP 	slider_2: markerPos = 3.4934895833333335
122.4527 	EXP 	slider_2: markerPos = 3.4934895833333335
122.4695 	EXP 	slider_2: markerPos = 3.4934895833333335
122.4862 	EXP 	slider_2: markerPos = 3.4934895833333335
122.5026 	EXP 	slider_2: markerPos = 3.4934895833333335
122.5193 	EXP 	slider_2: markerPos = 3.4934895833333335
122.5260 	DATA 	Mouse:  Left button up, pos=(682,152)
122.5362 	EXP 	slider_2: markerPos = 3.4934895833333335
122.5527 	EXP 	slider_2: markerPos = 3.4934895833333335
122.5527 	EXP 	slider_2: rating = 3.4934895833333335
122.5560 	EXP 	New trial (rep=0, index=18): OrderedDict([('Imagenes', 'imagenes\\Brownie.jpg'), ('Random', 0.17000143351927688), ('Correcto', None)])
122.5965 	EXP 	image_2: autoDraw = False
122.5965 	EXP 	slider_2: autoDraw = False
122.5965 	EXP 	image_2: image = 'imagenes\\Brownie.jpg'
122.5965 	EXP 	slider_2: markerPos = None
122.5965 	EXP 	slider_2: markerPos = None
122.5965 	EXP 	slider_2: rating = None
124.5865 	EXP 	image_2: autoDraw = True
124.5865 	EXP 	slider_2: autoDraw = True
132.5730 	EXP 	New trial (rep=0, index=19): OrderedDict([('Imagenes', 'imagenes\\Banano.jpeg'), ('Random', 0.651633055306917), ('Correcto', None)])
132.5923 	EXP 	image_2: autoDraw = False
132.5923 	EXP 	slider_2: autoDraw = False
132.5923 	EXP 	image_2: autoDraw = False
132.5923 	EXP 	slider_2: autoDraw = False
132.5923 	EXP 	image_2: image = 'imagenes\\Banano.jpeg'
132.5923 	EXP 	slider_2: markerPos = None
132.5923 	EXP 	slider_2: markerPos = None
132.5923 	EXP 	slider_2: rating = None
134.5864 	EXP 	image_2: autoDraw = True
134.5864 	EXP 	slider_2: autoDraw = True
135.3049 	DATA 	Mouse: Left button down, pos=(682,152)
135.3186 	EXP 	slider_2: markerPos = 3.4934895833333335
135.3353 	EXP 	slider_2: markerPos = 3.4934895833333335
135.3520 	EXP 	slider_2: markerPos = 3.4934895833333335
135.3687 	EXP 	slider_2: markerPos = 3.4934895833333335
135.3853 	EXP 	slider_2: markerPos = 3.4934895833333335
135.4019 	EXP 	slider_2: markerPos = 3.4934895833333335
135.4189 	EXP 	slider_2: markerPos = 3.4934895833333335
135.4356 	EXP 	slider_2: markerPos = 3.4934895833333335
135.4521 	EXP 	slider_2: markerPos = 3.4934895833333335
135.4545 	DATA 	Mouse:  Left button up, pos=(682,152)
135.4687 	EXP 	slider_2: markerPos = 3.4934895833333335
135.4687 	EXP 	slider_2: rating = 3.4934895833333335
135.4729 	EXP 	New trial (rep=0, index=1): OrderedDict([('Hertz', 1500), ('volumen', 0.02)])
135.4839 	EXP 	Imported imagenes.xlsx as conditions, 20 conditions, 3 params
135.4845 	EXP 	Created sequence: random, trialTypes=20, nReps=1, seed=None
135.4849 	EXP 	New trial (rep=0, index=0): OrderedDict([('Imagenes', 'imagenes\\Papas-pollo.jpg'), ('Random', 0.6683114062971784), ('Correcto', None)])
135.5026 	EXP 	image_2: autoDraw = False
135.5026 	EXP 	slider_2: autoDraw = False
135.5026 	EXP 	image_2: image = 'imagenes\\Papas-pollo.jpg'
135.5026 	EXP 	slider_2: markerPos = None
135.5026 	EXP 	slider_2: markerPos = None
135.5026 	EXP 	slider_2: rating = None
137.5022 	EXP 	image_2: autoDraw = True
137.5022 	EXP 	slider_2: autoDraw = True
139.7245 	DATA 	Mouse: Left button down, pos=(684,152)
139.7518 	EXP 	slider_2: markerPos = 3.506510416666667
139.7685 	EXP 	slider_2: markerPos = 3.506510416666667
139.7851 	EXP 	slider_2: markerPos = 3.506510416666667
139.8020 	EXP 	slider_2: markerPos = 3.506510416666667
139.8185 	EXP 	slider_2: markerPos = 3.506510416666667
139.8352 	EXP 	slider_2: markerPos = 3.506510416666667
139.8413 	DATA 	Mouse:  Left button up, pos=(684,152)
139.8519 	EXP 	slider_2: markerPos = 3.506510416666667
139.8685 	EXP 	slider_2: markerPos = 3.506510416666667
139.8685 	EXP 	slider_2: rating = 3.506510416666667
139.8732 	EXP 	New trial (rep=0, index=1): OrderedDict([('Imagenes', 'imagenes\\Nutella (1).jpg'), ('Random', 0.5277483225747329), ('Correcto', None)])
139.8887 	EXP 	image_2: autoDraw = False
139.8887 	EXP 	slider_2: autoDraw = False
139.8887 	EXP 	image_2: image = 'imagenes\\Nutella (1).jpg'
139.8887 	EXP 	slider_2: markerPos = None
139.8887 	EXP 	slider_2: markerPos = None
139.8887 	EXP 	slider_2: rating = None
141.8854 	EXP 	image_2: autoDraw = True
141.8854 	EXP 	slider_2: autoDraw = True
149.8724 	EXP 	New trial (rep=0, index=2): OrderedDict([('Imagenes', 'imagenes\\Banano.jpeg'), ('Random', 0.651633055306917), ('Correcto', None)])
149.8953 	EXP 	image_2: autoDraw = False
149.8953 	EXP 	slider_2: autoDraw = False
149.8953 	EXP 	image_2: autoDraw = False
149.8953 	EXP 	slider_2: autoDraw = False
149.8953 	EXP 	image_2: image = 'imagenes\\Banano.jpeg'
149.8953 	EXP 	slider_2: markerPos = None
149.8953 	EXP 	slider_2: markerPos = None
149.8953 	EXP 	slider_2: rating = None
151.8850 	EXP 	image_2: autoDraw = True
151.8850 	EXP 	slider_2: autoDraw = True
153.1400 	DATA 	Mouse: Left button down, pos=(684,152)
153.1681 	EXP 	slider_2: markerPos = 3.506510416666667
153.1847 	EXP 	slider_2: markerPos = 3.506510416666667
153.2011 	EXP 	slider_2: markerPos = 3.506510416666667
153.2181 	EXP 	slider_2: markerPos = 3.506510416666667
153.2347 	EXP 	slider_2: markerPos = 3.506510416666667
153.2512 	EXP 	slider_2: markerPos = 3.506510416666667
153.2679 	EXP 	slider_2: markerPos = 3.506510416666667
153.2845 	EXP 	slider_2: markerPos = 3.506510416666667
153.2903 	DATA 	Mouse:  Left button up, pos=(684,152)
153.3011 	EXP 	slider_2: markerPos = 3.506510416666667
153.3179 	EXP 	slider_2: markerPos = 3.506510416666667
153.3179 	EXP 	slider_2: rating = 3.506510416666667
153.3222 	EXP 	New trial (rep=0, index=3): OrderedDict([('Imagenes', 'imagenes\\Galletas-festival.jpg'), ('Random', 0.36121121246191135), ('Correcto', None)])
153.3633 	EXP 	image_2: autoDraw = False
153.3633 	EXP 	slider_2: autoDraw = False
153.3633 	EXP 	image_2: image = 'imagenes\\Galletas-festival.jpg'
153.3633 	EXP 	slider_2: markerPos = None
153.3633 	EXP 	slider_2: markerPos = None
153.3633 	EXP 	slider_2: rating = None
155.3513 	EXP 	image_2: autoDraw = True
155.3513 	EXP 	slider_2: autoDraw = True
163.3380 	EXP 	New trial (rep=0, index=4): OrderedDict([('Imagenes', 'imagenes\\Popetas.jpg'), ('Random', 0.07650200324054446), ('Correcto', None)])
163.4057 	EXP 	image_2: autoDraw = False
163.4057 	EXP 	slider_2: autoDraw = False
163.4057 	EXP 	image_2: autoDraw = False
163.4057 	EXP 	slider_2: autoDraw = False
163.4057 	EXP 	image_2: image = 'imagenes\\Popetas.jpg'
163.4057 	EXP 	slider_2: markerPos = None
163.4057 	EXP 	slider_2: markerPos = None
163.4057 	EXP 	slider_2: rating = None
165.4013 	EXP 	image_2: autoDraw = True
165.4013 	EXP 	slider_2: autoDraw = True
166.4378 	DATA 	Mouse: Left button down, pos=(684,154)
166.4506 	EXP 	slider_2: markerPos = 3.506510416666667
166.4676 	EXP 	slider_2: markerPos = 3.506510416666667
166.4843 	EXP 	slider_2: markerPos = 3.506510416666667
166.5007 	EXP 	slider_2: markerPos = 3.506510416666667
166.5173 	EXP 	slider_2: markerPos = 3.5
166.5341 	EXP 	slider_2: markerPos = 3.5
166.5508 	EXP 	slider_2: markerPos = 3.5
166.5574 	DATA 	Mouse:  Left button up, pos=(683,161)
166.5672 	EXP 	slider_2: markerPos = 3.5
166.5842 	EXP 	slider_2: markerPos = 3.5
166.5842 	EXP 	slider_2: rating = 3.5
166.5883 	EXP 	New trial (rep=0, index=5): OrderedDict([('Imagenes', 'imagenes\\Manzana.jpg'), ('Random', 0.5168162194437935), ('Correcto', None)])
166.6439 	EXP 	image_2: autoDraw = False
166.6439 	EXP 	slider_2: autoDraw = False
166.6439 	EXP 	image_2: image = 'imagenes\\Manzana.jpg'
166.6439 	EXP 	slider_2: markerPos = None
166.6439 	EXP 	slider_2: markerPos = None
166.6439 	EXP 	slider_2: rating = None
168.6340 	EXP 	image_2: autoDraw = True
168.6340 	EXP 	slider_2: autoDraw = True
169.2359 	DATA 	Mouse: Left button down, pos=(681,153)
169.2505 	EXP 	slider_2: markerPos = 3.4869791666666665
169.2673 	EXP 	slider_2: markerPos = 3.4869791666666665
169.2837 	EXP 	slider_2: markerPos = 3.4869791666666665
169.3006 	EXP 	slider_2: markerPos = 3.4869791666666665
169.3172 	EXP 	slider_2: markerPos = 3.4869791666666665
169.3195 	DATA 	Mouse:  Left button up, pos=(681,153)
169.3340 	EXP 	slider_2: markerPos = 3.4869791666666665
169.3340 	EXP 	slider_2: rating = 3.4869791666666665
169.3381 	EXP 	New trial (rep=0, index=6): OrderedDict([('Imagenes', 'imagenes\\Uvas.jpg'), ('Random', 0.7734382152670648), ('Correcto', None)])
169.3576 	EXP 	image_2: autoDraw = False
169.3576 	EXP 	slider_2: autoDraw = False
169.3576 	EXP 	image_2: image = 'imagenes\\Uvas.jpg'
169.3576 	EXP 	slider_2: markerPos = None
169.3576 	EXP 	slider_2: markerPos = None
169.3576 	EXP 	slider_2: rating = None
171.3506 	EXP 	image_2: autoDraw = True
171.3506 	EXP 	slider_2: autoDraw = True
172.1075 	DATA 	Mouse: Left button down, pos=(691,147)
172.1337 	EXP 	slider_2: markerPos = 3.552083333333333
172.1503 	EXP 	slider_2: markerPos = 3.552083333333333
172.1673 	EXP 	slider_2: markerPos = 3.552083333333333
172.1837 	EXP 	slider_2: markerPos = 3.552083333333333
172.2003 	EXP 	slider_2: markerPos = 3.552083333333333
172.2030 	DATA 	Mouse:  Left button up, pos=(691,147)
172.2170 	EXP 	slider_2: markerPos = 3.552083333333333
172.2170 	EXP 	slider_2: rating = 3.552083333333333
172.2204 	EXP 	New trial (rep=0, index=7): OrderedDict([('Imagenes', 'imagenes\\Chocoramo.jfif.jpg'), ('Random', 0.7789437122019539), ('Correcto', None)])
172.2575 	EXP 	image_2: autoDraw = False
172.2575 	EXP 	slider_2: autoDraw = False
172.2575 	EXP 	image_2: image = 'imagenes\\Chocoramo.jfif.jpg'
172.2575 	EXP 	slider_2: markerPos = None
172.2575 	EXP 	slider_2: markerPos = None
172.2575 	EXP 	slider_2: rating = None
174.2510 	EXP 	image_2: autoDraw = True
174.2510 	EXP 	slider_2: autoDraw = True
174.9021 	DATA 	Mouse: Left button down, pos=(672,147)
174.9168 	EXP 	slider_2: markerPos = 3.4283854166666665
174.9340 	EXP 	slider_2: markerPos = 3.4283854166666665
174.9503 	EXP 	slider_2: markerPos = 3.4283854166666665
174.9670 	EXP 	slider_2: markerPos = 3.4283854166666665
174.9836 	EXP 	slider_2: markerPos = 3.4283854166666665
175.0002 	EXP 	slider_2: markerPos = 3.4283854166666665
175.0171 	EXP 	slider_2: markerPos = 3.4283854166666665
175.0336 	EXP 	slider_2: markerPos = 3.4283854166666665
175.0503 	EXP 	slider_2: markerPos = 3.4283854166666665
175.0670 	EXP 	slider_2: markerPos = 3.4283854166666665
175.0835 	EXP 	slider_2: markerPos = 3.4283854166666665
175.0861 	DATA 	Mouse:  Left button up, pos=(672,147)
175.1003 	EXP 	slider_2: markerPos = 3.4283854166666665
175.1003 	EXP 	slider_2: rating = 3.4283854166666665
175.1036 	EXP 	New trial (rep=0, index=8): OrderedDict([('Imagenes', 'imagenes\\Rosquitas (1).jpg'), ('Random', 0.3035383390851263), ('Correcto', None)])
175.1331 	EXP 	image_2: autoDraw = False
175.1331 	EXP 	slider_2: autoDraw = False
175.1331 	EXP 	image_2: image = 'imagenes\\Rosquitas (1).jpg'
175.1331 	EXP 	slider_2: markerPos = None
175.1331 	EXP 	slider_2: markerPos = None
175.1331 	EXP 	slider_2: rating = None
177.1339 	EXP 	image_2: autoDraw = True
177.1339 	EXP 	slider_2: autoDraw = True
177.9913 	DATA 	Mouse: Left button down, pos=(673,147)
178.0169 	EXP 	slider_2: markerPos = 3.4348958333333335
178.0338 	EXP 	slider_2: markerPos = 3.4348958333333335
178.0500 	EXP 	slider_2: markerPos = 3.4348958333333335
178.0672 	EXP 	slider_2: markerPos = 3.4348958333333335
178.0837 	EXP 	slider_2: markerPos = 3.4348958333333335
178.1004 	EXP 	slider_2: markerPos = 3.4348958333333335
178.1167 	EXP 	slider_2: markerPos = 3.4348958333333335
178.1232 	DATA 	Mouse:  Left button up, pos=(673,147)
178.1335 	EXP 	slider_2: markerPos = 3.4348958333333335
178.1502 	EXP 	slider_2: markerPos = 3.4348958333333335
178.1502 	EXP 	slider_2: rating = 3.4348958333333335
178.1536 	EXP 	New trial (rep=0, index=9): OrderedDict([('Imagenes', 'imagenes\\Kiwi.jpg'), ('Random', 0.5893907384852061), ('Correcto', None)])
178.1666 	EXP 	image_2: autoDraw = False
178.1666 	EXP 	slider_2: autoDraw = False
178.1666 	EXP 	image_2: image = 'imagenes\\Kiwi.jpg'
178.1666 	EXP 	slider_2: markerPos = None
178.1666 	EXP 	slider_2: markerPos = None
178.1666 	EXP 	slider_2: rating = None
180.1674 	EXP 	image_2: autoDraw = True
180.1674 	EXP 	slider_2: autoDraw = True
188.1709 	EXP 	New trial (rep=0, index=10): OrderedDict([('Imagenes', 'imagenes\\Galletas Tosh.jpg'), ('Random', 0.478088790487872), ('Correcto', None)])
188.2063 	EXP 	image_2: autoDraw = False
188.2063 	EXP 	slider_2: autoDraw = False
188.2063 	EXP 	image_2: autoDraw = False
188.2063 	EXP 	slider_2: autoDraw = False
188.2063 	EXP 	image_2: image = 'imagenes\\Galletas Tosh.jpg'
188.2063 	EXP 	slider_2: markerPos = None
188.2063 	EXP 	slider_2: markerPos = None
188.2063 	EXP 	slider_2: rating = None
190.1997 	EXP 	image_2: autoDraw = True
190.1997 	EXP 	slider_2: autoDraw = True
190.9024 	DATA 	Mouse: Left button down, pos=(688,154)
190.9162 	EXP 	slider_2: markerPos = 3.532552083333333
190.9327 	EXP 	slider_2: markerPos = 3.532552083333333
190.9494 	EXP 	slider_2: markerPos = 3.532552083333333
190.9662 	EXP 	slider_2: markerPos = 3.532552083333333
190.9829 	EXP 	slider_2: markerPos = 3.532552083333333
190.9857 	DATA 	Mouse:  Left button up, pos=(688,154)
190.9996 	EXP 	slider_2: markerPos = 3.532552083333333
190.9996 	EXP 	slider_2: rating = 3.532552083333333
191.0033 	EXP 	New trial (rep=0, index=11): OrderedDict([('Imagenes', 'imagenes\\Papas-limon.jpg'), ('Random', 0.020692288100133793), ('Correcto', None)])
191.0293 	EXP 	image_2: autoDraw = False
191.0293 	EXP 	slider_2: autoDraw = False
191.0293 	EXP 	image_2: image = 'imagenes\\Papas-limon.jpg'
191.0293 	EXP 	slider_2: markerPos = None
191.0293 	EXP 	slider_2: markerPos = None
191.0293 	EXP 	slider_2: rating = None
193.0328 	EXP 	image_2: autoDraw = True
193.0328 	EXP 	slider_2: autoDraw = True
193.7524 	DATA 	Mouse: Left button down, pos=(688,150)
193.7660 	EXP 	slider_2: markerPos = 3.532552083333333
193.7829 	EXP 	slider_2: markerPos = 3.532552083333333
193.7994 	EXP 	slider_2: markerPos = 3.532552083333333
193.8159 	EXP 	slider_2: markerPos = 3.532552083333333
193.8327 	EXP 	slider_2: markerPos = 3.532552083333333
193.8493 	EXP 	slider_2: markerPos = 3.532552083333333
193.8518 	DATA 	Mouse:  Left button up, pos=(688,150)
193.8659 	EXP 	slider_2: markerPos = 3.532552083333333
193.8659 	EXP 	slider_2: rating = 3.532552083333333
193.8698 	EXP 	New trial (rep=0, index=12): OrderedDict([('Imagenes', 'imagenes\\Leche-de-almendras.jpg'), ('Random', 0.36073876480313727), ('Correcto', None)])
193.9643 	EXP 	image_2: autoDraw = False
193.9643 	EXP 	slider_2: autoDraw = False
193.9643 	EXP 	image_2: image = 'imagenes\\Leche-de-almendras.jpg'
193.9643 	EXP 	slider_2: markerPos = None
193.9643 	EXP 	slider_2: markerPos = None
193.9643 	EXP 	slider_2: rating = None
195.9669 	EXP 	image_2: autoDraw = True
195.9669 	EXP 	slider_2: autoDraw = True
196.4015 	DATA 	Mouse: Left button down, pos=(686,150)
196.4162 	EXP 	slider_2: markerPos = 3.51953125
196.4329 	EXP 	slider_2: markerPos = 3.51953125
196.4496 	EXP 	slider_2: markerPos = 3.51953125
196.4662 	EXP 	slider_2: markerPos = 3.51953125
196.4829 	EXP 	slider_2: markerPos = 3.51953125
196.4994 	EXP 	slider_2: markerPos = 3.51953125
196.5162 	EXP 	slider_2: markerPos = 3.51953125
196.5328 	EXP 	slider_2: markerPos = 3.51953125
196.5352 	DATA 	Mouse:  Left button up, pos=(686,150)
196.5496 	EXP 	slider_2: markerPos = 3.51953125
196.5496 	EXP 	slider_2: rating = 3.51953125
196.5538 	EXP 	New trial (rep=0, index=13): OrderedDict([('Imagenes', 'imagenes\\Croissant.jpg'), ('Random', 0.6152458173421255), ('Correcto', None)])
196.5946 	EXP 	image_2: autoDraw = False
196.5946 	EXP 	slider_2: autoDraw = False
196.5946 	EXP 	image_2: image = 'imagenes\\Croissant.jpg'
196.5946 	EXP 	slider_2: markerPos = None
196.5946 	EXP 	slider_2: markerPos = None
196.5946 	EXP 	slider_2: rating = None
198.5828 	EXP 	image_2: autoDraw = True
198.5828 	EXP 	slider_2: autoDraw = True
198.8875 	DATA 	Mouse: Left button down, pos=(686,150)
198.9159 	EXP 	slider_2: markerPos = 3.51953125
198.9324 	EXP 	slider_2: markerPos = 3.51953125
198.9490 	EXP 	slider_2: markerPos = 3.51953125
198.9658 	EXP 	slider_2: markerPos = 3.51953125
198.9679 	DATA 	Mouse:  Left button up, pos=(686,150)
198.9826 	EXP 	slider_2: markerPos = 3.51953125
198.9826 	EXP 	slider_2: rating = 3.51953125
198.9863 	EXP 	New trial (rep=0, index=14): OrderedDict([('Imagenes', 'imagenes\\Brownie.jpg'), ('Random', 0.17000143351927688), ('Correcto', None)])
199.0263 	EXP 	image_2: autoDraw = False
199.0263 	EXP 	slider_2: autoDraw = False
199.0263 	EXP 	image_2: image = 'imagenes\\Brownie.jpg'
199.0263 	EXP 	slider_2: markerPos = None
199.0263 	EXP 	slider_2: markerPos = None
199.0263 	EXP 	slider_2: rating = None
201.0162 	EXP 	image_2: autoDraw = True
201.0162 	EXP 	slider_2: autoDraw = True
201.7515 	DATA 	Mouse: Left button down, pos=(686,150)
201.7656 	EXP 	slider_2: markerPos = 3.51953125
201.7823 	EXP 	slider_2: markerPos = 3.51953125
201.7989 	EXP 	slider_2: markerPos = 3.51953125
201.8155 	EXP 	slider_2: markerPos = 3.51953125
201.8322 	EXP 	slider_2: markerPos = 3.51953125
201.8362 	DATA 	Mouse:  Left button up, pos=(686,150)
201.8488 	EXP 	slider_2: markerPos = 3.51953125
201.8655 	EXP 	slider_2: markerPos = 3.51953125
201.8655 	EXP 	slider_2: rating = 3.51953125
201.8683 	EXP 	New trial (rep=0, index=15): OrderedDict([('Imagenes', 'imagenes\\Alpinito.jpg'), ('Random', 0.4515332417045813), ('Correcto', None)])
201.8936 	EXP 	image_2: autoDraw = False
201.8936 	EXP 	slider_2: autoDraw = False
201.8936 	EXP 	image_2: image = 'imagenes\\Alpinito.jpg'
201.8936 	EXP 	slider_2: markerPos = None
201.8936 	EXP 	slider_2: markerPos = None
201.8936 	EXP 	slider_2: rating = None
203.8826 	EXP 	image_2: autoDraw = True
203.8826 	EXP 	slider_2: autoDraw = True
204.1710 	DATA 	Mouse: Left button down, pos=(674,153)
204.1989 	EXP 	slider_2: markerPos = 3.44140625
204.2155 	EXP 	slider_2: markerPos = 3.44140625
204.2324 	EXP 	slider_2: markerPos = 3.44140625
204.2490 	EXP 	slider_2: markerPos = 3.44140625
204.2657 	EXP 	slider_2: markerPos = 3.44140625
204.2823 	EXP 	slider_2: markerPos = 3.44140625
204.2989 	EXP 	slider_2: markerPos = 3.44140625
204.3157 	EXP 	slider_2: markerPos = 3.44140625
204.3181 	DATA 	Mouse:  Left button up, pos=(674,153)
204.3322 	EXP 	slider_2: markerPos = 3.44140625
204.3322 	EXP 	slider_2: rating = 3.44140625
204.3360 	EXP 	New trial (rep=0, index=16): OrderedDict([('Imagenes', 'imagenes\\Mango.jpeg'), ('Random', 0.555669112372461), ('Correcto', None)])
204.3587 	EXP 	image_2: autoDraw = False
204.3587 	EXP 	slider_2: autoDraw = False
204.3587 	EXP 	image_2: image = 'imagenes\\Mango.jpeg'
204.3587 	EXP 	slider_2: markerPos = None
204.3587 	EXP 	slider_2: markerPos = None
204.3587 	EXP 	slider_2: rating = None
206.3491 	EXP 	image_2: autoDraw = True
206.3491 	EXP 	slider_2: autoDraw = True
206.6183 	DATA 	Mouse: Left button down, pos=(684,152)
206.6320 	EXP 	slider_2: markerPos = 3.506510416666667
206.6488 	EXP 	slider_2: markerPos = 3.506510416666667
206.6655 	EXP 	slider_2: markerPos = 3.506510416666667
206.6821 	EXP 	slider_2: markerPos = 3.506510416666667
206.6987 	EXP 	slider_2: markerPos = 3.506510416666667
206.7006 	DATA 	Mouse:  Left button up, pos=(684,152)
206.7157 	EXP 	slider_2: markerPos = 3.506510416666667
206.7157 	EXP 	slider_2: rating = 3.506510416666667
206.7198 	EXP 	New trial (rep=0, index=17): OrderedDict([('Imagenes', 'imagenes\\Papas-naturales.jpg'), ('Random', 0.15856838916280946), ('Correcto', None)])
206.7354 	EXP 	image_2: autoDraw = False
206.7354 	EXP 	slider_2: autoDraw = False
206.7354 	EXP 	image_2: image = 'imagenes\\Papas-naturales.jpg'
206.7354 	EXP 	slider_2: markerPos = None
206.7354 	EXP 	slider_2: markerPos = None
206.7354 	EXP 	slider_2: rating = None
208.6847 	DATA 	Mouse: Left button down, pos=(683,152)
208.7321 	EXP 	image_2: autoDraw = True
208.7321 	EXP 	slider_2: autoDraw = True
208.7321 	EXP 	slider_2: markerPos = 3.5
208.7487 	EXP 	slider_2: markerPos = 3.5
208.7653 	EXP 	slider_2: markerPos = 3.5
208.7821 	EXP 	slider_2: markerPos = 3.5
208.7986 	EXP 	slider_2: markerPos = 3.5
208.8012 	DATA 	Mouse:  Left button up, pos=(683,152)
208.8152 	EXP 	slider_2: markerPos = 3.5
208.8152 	EXP 	slider_2: rating = 3.5
208.8187 	EXP 	New trial (rep=0, index=18): OrderedDict([('Imagenes', 'imagenes\\bon-bon-bun.jpg'), ('Random', 0.7387922093313524), ('Correcto', None)])
208.8477 	EXP 	image_2: autoDraw = False
208.8477 	EXP 	slider_2: autoDraw = False
208.8477 	EXP 	image_2: image = 'imagenes\\bon-bon-bun.jpg'
208.8477 	EXP 	slider_2: markerPos = None
208.8477 	EXP 	slider_2: markerPos = None
208.8477 	EXP 	slider_2: rating = None
209.0355 	DATA 	Mouse: Left button down, pos=(683,152)
209.1346 	DATA 	Mouse:  Left button up, pos=(683,152)
209.7008 	DATA 	Mouse: Left button down, pos=(683,152)
209.7669 	DATA 	Mouse:  Left button up, pos=(683,152)
209.8672 	DATA 	Mouse: Left button down, pos=(683,152)
209.9845 	DATA 	Mouse:  Left button up, pos=(683,152)
210.0514 	DATA 	Mouse: Left button down, pos=(683,152)
210.1344 	DATA 	Mouse:  Left button up, pos=(683,152)
210.2009 	DATA 	Mouse: Left button down, pos=(683,152)
210.2688 	DATA 	Mouse:  Left button up, pos=(683,152)
210.3671 	DATA 	Mouse: Left button down, pos=(683,152)
210.4339 	DATA 	Mouse:  Left button up, pos=(683,152)
210.5179 	DATA 	Mouse: Left button down, pos=(683,152)
210.6006 	DATA 	Mouse:  Left button up, pos=(683,152)
210.6675 	DATA 	Mouse: Left button down, pos=(683,152)
210.7507 	DATA 	Mouse:  Left button up, pos=(683,152)
210.8171 	DATA 	Mouse: Left button down, pos=(683,152)
210.8488 	EXP 	image_2: autoDraw = True
210.8488 	EXP 	slider_2: autoDraw = True
210.8488 	EXP 	slider_2: markerPos = 3.5
210.8653 	EXP 	slider_2: markerPos = 3.5
210.8818 	EXP 	slider_2: markerPos = 3.5
210.8879 	DATA 	Mouse:  Left button up, pos=(683,152)
210.8985 	EXP 	slider_2: markerPos = 3.5
210.9153 	EXP 	slider_2: markerPos = 3.5
210.9153 	EXP 	slider_2: rating = 3.5
210.9195 	EXP 	New trial (rep=0, index=19): OrderedDict([('Imagenes', 'imagenes\\Yogurt-alpina.jpg'), ('Random', 0.21540995091807813), ('Correcto', None)])
210.9385 	EXP 	image_2: autoDraw = False
210.9385 	EXP 	slider_2: autoDraw = False
210.9385 	EXP 	image_2: image = 'imagenes\\Yogurt-alpina.jpg'
210.9385 	EXP 	slider_2: markerPos = None
210.9385 	EXP 	slider_2: markerPos = None
210.9385 	EXP 	slider_2: rating = None
210.9845 	DATA 	Mouse: Left button down, pos=(683,152)
211.0513 	DATA 	Mouse:  Left button up, pos=(683,152)
211.1010 	DATA 	Mouse: Left button down, pos=(683,152)
211.2003 	DATA 	Mouse:  Left button up, pos=(683,152)
211.2671 	DATA 	Mouse: Left button down, pos=(683,152)
211.3340 	DATA 	Mouse:  Left button up, pos=(683,152)
211.4017 	DATA 	Mouse: Left button down, pos=(683,152)
211.4676 	DATA 	Mouse:  Left button up, pos=(683,152)
211.5670 	DATA 	Mouse: Left button down, pos=(683,152)
211.6502 	DATA 	Mouse:  Left button up, pos=(683,152)
211.7336 	DATA 	Mouse: Left button down, pos=(683,152)
211.8171 	DATA 	Mouse:  Left button up, pos=(683,152)
212.0676 	DATA 	Mouse: Left button down, pos=(683,152)
212.1354 	DATA 	Mouse:  Left button up, pos=(683,152)
212.2508 	DATA 	Mouse: Left button down, pos=(683,152)
212.3340 	DATA 	Mouse:  Left button up, pos=(683,152)
212.4338 	DATA 	Mouse: Left button down, pos=(683,152)
212.6670 	DATA 	Mouse:  Left button up, pos=(683,152)
212.7344 	DATA 	Mouse: Left button down, pos=(683,152)
212.8673 	DATA 	Mouse:  Left button up, pos=(683,152)
212.9321 	EXP 	image_2: autoDraw = True
212.9321 	EXP 	slider_2: autoDraw = True
212.9504 	DATA 	Mouse: Left button down, pos=(683,152)
212.9653 	EXP 	slider_2: markerPos = 3.5
212.9818 	EXP 	slider_2: markerPos = 3.5
212.9986 	EXP 	slider_2: markerPos = 3.5
213.0151 	EXP 	slider_2: markerPos = 3.5
213.0216 	DATA 	Mouse:  Left button up, pos=(683,152)
213.0319 	EXP 	slider_2: markerPos = 3.5
213.0484 	EXP 	slider_2: markerPos = 3.5
213.0484 	EXP 	slider_2: rating = 3.5
213.0527 	EXP 	New trial (rep=0, index=2): OrderedDict([('Hertz', 1000), ('volumen', 0.02)])
213.0639 	EXP 	Imported imagenes.xlsx as conditions, 20 conditions, 3 params
213.0643 	EXP 	Created sequence: random, trialTypes=20, nReps=1, seed=None
213.0648 	EXP 	New trial (rep=0, index=0): OrderedDict([('Imagenes', 'imagenes\\Manzana.jpg'), ('Random', 0.5168162194437935), ('Correcto', None)])
213.0996 	EXP 	image_2: autoDraw = False
213.0996 	EXP 	slider_2: autoDraw = False
213.0996 	EXP 	image_2: image = 'imagenes\\Manzana.jpg'
213.0996 	EXP 	slider_2: markerPos = None
213.0996 	EXP 	slider_2: markerPos = None
213.0996 	EXP 	slider_2: rating = None
213.1171 	DATA 	Mouse: Left button down, pos=(683,152)
213.2180 	DATA 	Mouse:  Left button up, pos=(683,152)
213.3010 	DATA 	Mouse: Left button down, pos=(683,152)
213.3676 	DATA 	Mouse:  Left button up, pos=(683,152)
213.8217 	DATA 	Mouse: Left button down, pos=(683,152)
213.9001 	DATA 	Mouse:  Left button up, pos=(683,152)
214.0006 	DATA 	Mouse: Left button down, pos=(683,152)
214.1015 	DATA 	Mouse:  Left button up, pos=(683,152)
214.1838 	DATA 	Mouse: Left button down, pos=(683,152)
214.2673 	DATA 	Mouse:  Left button up, pos=(683,152)
214.3505 	DATA 	Mouse: Left button down, pos=(683,152)
214.5999 	DATA 	Mouse:  Left button up, pos=(683,152)
214.7012 	DATA 	Mouse: Left button down, pos=(683,152)
214.7841 	DATA 	Mouse:  Left button up, pos=(683,152)
214.8668 	DATA 	Mouse: Left button down, pos=(683,152)
214.9666 	DATA 	Mouse:  Left button up, pos=(683,152)
215.0335 	DATA 	Mouse: Left button down, pos=(683,152)
215.0989 	EXP 	image_2: autoDraw = True
215.0989 	EXP 	slider_2: autoDraw = True
215.0989 	EXP 	slider_2: markerPos = 3.5
215.1152 	EXP 	slider_2: markerPos = 3.5
215.1229 	DATA 	Mouse:  Left button up, pos=(683,152)
215.1317 	EXP 	slider_2: markerPos = 3.5
215.1483 	EXP 	slider_2: markerPos = 3.5
215.1483 	EXP 	slider_2: rating = 3.5
215.1529 	EXP 	New trial (rep=0, index=1): OrderedDict([('Imagenes', 'imagenes\\Chocoramo.jfif.jpg'), ('Random', 0.7789437122019539), ('Correcto', None)])
215.1928 	DATA 	Mouse: Left button down, pos=(683,152)
215.1950 	EXP 	image_2: autoDraw = False
215.1950 	EXP 	slider_2: autoDraw = False
215.1950 	EXP 	image_2: image = 'imagenes\\Chocoramo.jfif.jpg'
215.1950 	EXP 	slider_2: markerPos = None
215.1950 	EXP 	slider_2: markerPos = None
215.1950 	EXP 	slider_2: rating = None
215.2668 	DATA 	Mouse:  Left button up, pos=(683,152)
215.3687 	DATA 	Mouse: Left button down, pos=(683,152)
215.4336 	DATA 	Mouse:  Left button up, pos=(683,152)
215.5171 	DATA 	Mouse: Left button down, pos=(683,152)
215.6003 	DATA 	Mouse:  Left button up, pos=(683,152)
215.7001 	DATA 	Mouse: Left button down, pos=(683,152)
215.8169 	DATA 	Mouse:  Left button up, pos=(683,152)
216.0351 	DATA 	Mouse: Left button down, pos=(683,152)
216.0841 	DATA 	Mouse:  Left button up, pos=(683,152)
216.2335 	DATA 	Mouse: Left button down, pos=(683,152)
216.3009 	DATA 	Mouse:  Left button up, pos=(683,152)
216.4335 	DATA 	Mouse: Left button down, pos=(683,152)
216.5170 	DATA 	Mouse:  Left button up, pos=(683,152)
216.5833 	DATA 	Mouse: Left button down, pos=(683,152)
216.7171 	DATA 	Mouse:  Left button up, pos=(683,152)
216.7669 	DATA 	Mouse: Left button down, pos=(683,152)
216.8832 	DATA 	Mouse:  Left button up, pos=(683,152)
216.9336 	DATA 	Mouse: Left button down, pos=(683,152)
217.0343 	DATA 	Mouse:  Left button up, pos=(683,152)
217.1015 	DATA 	Mouse: Left button down, pos=(683,152)
217.1671 	DATA 	Mouse:  Left button up, pos=(683,152)
217.1986 	EXP 	image_2: autoDraw = True
217.1986 	EXP 	slider_2: autoDraw = True
217.2511 	DATA 	Mouse: Left button down, pos=(683,152)
217.2651 	EXP 	slider_2: markerPos = 3.5
217.2817 	EXP 	slider_2: markerPos = 3.5
217.2982 	EXP 	slider_2: markerPos = 3.5
217.3152 	EXP 	slider_2: markerPos = 3.5
217.3316 	EXP 	slider_2: markerPos = 3.5
217.3482 	EXP 	slider_2: markerPos = 3.5
217.3650 	EXP 	slider_2: markerPos = 3.5
217.3668 	DATA 	Mouse:  Left button up, pos=(683,152)
217.3817 	EXP 	slider_2: markerPos = 3.5
217.3817 	EXP 	slider_2: rating = 3.5
217.3856 	EXP 	New trial (rep=0, index=2): OrderedDict([('Imagenes', 'imagenes\\Mango.jpeg'), ('Random', 0.555669112372461), ('Correcto', None)])
217.4126 	DATA 	Mouse: Left button down, pos=(683,152)
217.4147 	EXP 	image_2: autoDraw = False
217.4147 	EXP 	slider_2: autoDraw = False
217.4147 	EXP 	image_2: image = 'imagenes\\Mango.jpeg'
217.4147 	EXP 	slider_2: markerPos = None
217.4147 	EXP 	slider_2: markerPos = None
217.4147 	EXP 	slider_2: rating = None
217.5170 	DATA 	Mouse:  Left button up, pos=(683,152)
217.6001 	DATA 	Mouse: Left button down, pos=(683,152)
217.7169 	DATA 	Mouse:  Left button up, pos=(683,152)
217.9852 	DATA 	Mouse: Left button down, pos=(683,152)
218.1167 	DATA 	Mouse:  Left button up, pos=(683,152)
218.2003 	DATA 	Mouse: Left button down, pos=(683,152)
218.2672 	DATA 	Mouse:  Left button up, pos=(683,152)
218.3500 	DATA 	Mouse: Left button down, pos=(683,152)
218.4513 	DATA 	Mouse:  Left button up, pos=(683,152)
218.5331 	DATA 	Mouse: Left button down, pos=(683,152)
218.6343 	DATA 	Mouse:  Left button up, pos=(683,152)
218.7173 	DATA 	Mouse: Left button down, pos=(683,152)
218.8170 	DATA 	Mouse:  Left button up, pos=(683,152)
218.9014 	DATA 	Mouse: Left button down, pos=(683,152)
219.0007 	DATA 	Mouse:  Left button up, pos=(683,152)
219.1007 	DATA 	Mouse: Left button down, pos=(683,152)
219.1840 	DATA 	Mouse:  Left button up, pos=(683,152)
219.2841 	DATA 	Mouse: Left button down, pos=(683,152)
219.3671 	DATA 	Mouse:  Left button up, pos=(683,152)
219.4151 	EXP 	image_2: autoDraw = True
219.4151 	EXP 	slider_2: autoDraw = True
219.4508 	DATA 	Mouse: Left button down, pos=(683,152)
219.4648 	EXP 	slider_2: markerPos = 3.5
219.4814 	EXP 	slider_2: markerPos = 3.5
219.4983 	EXP 	slider_2: markerPos = 3.5
219.5150 	EXP 	slider_2: markerPos = 3.5
219.5211 	DATA 	Mouse:  Left button up, pos=(683,152)
219.5317 	EXP 	slider_2: markerPos = 3.5
219.5480 	EXP 	slider_2: markerPos = 3.5
219.5480 	EXP 	slider_2: rating = 3.5
219.5514 	EXP 	New trial (rep=0, index=3): OrderedDict([('Imagenes', 'imagenes\\bon-bon-bun.jpg'), ('Random', 0.7387922093313524), ('Correcto', None)])
219.5887 	EXP 	image_2: autoDraw = False
219.5887 	EXP 	slider_2: autoDraw = False
219.5887 	EXP 	image_2: image = 'imagenes\\bon-bon-bun.jpg'
219.5887 	EXP 	slider_2: markerPos = None
219.5887 	EXP 	slider_2: markerPos = None
219.5887 	EXP 	slider_2: rating = None
219.6168 	DATA 	Mouse: Left button down, pos=(683,152)
219.7174 	DATA 	Mouse:  Left button up, pos=(683,152)
219.7851 	DATA 	Mouse: Left button down, pos=(683,152)
219.8839 	DATA 	Mouse:  Left button up, pos=(683,152)
219.9834 	DATA 	Mouse: Left button down, pos=(683,152)
220.7498 	DATA 	Mouse:  Left button up, pos=(683,152)
220.8334 	DATA 	Mouse: Left button down, pos=(683,152)
220.9164 	DATA 	Mouse:  Left button up, pos=(683,152)
221.0173 	DATA 	Mouse: Left button down, pos=(683,152)
221.1002 	DATA 	Mouse:  Left button up, pos=(683,152)
221.5817 	EXP 	image_2: autoDraw = True
221.5817 	EXP 	slider_2: autoDraw = True
221.7342 	DATA 	Mouse: Left button down, pos=(683,152)
221.7481 	EXP 	slider_2: markerPos = 3.5
221.7649 	EXP 	slider_2: markerPos = 3.5
221.7815 	EXP 	slider_2: markerPos = 3.5
221.7981 	EXP 	slider_2: markerPos = 3.5
221.8147 	EXP 	slider_2: markerPos = 3.5
221.8313 	EXP 	slider_2: markerPos = 3.5
221.8338 	DATA 	Mouse:  Left button up, pos=(683,152)
221.8479 	EXP 	slider_2: markerPos = 3.5
221.8479 	EXP 	slider_2: rating = 3.5
221.8510 	EXP 	New trial (rep=0, index=4): OrderedDict([('Imagenes', 'imagenes\\Uvas.jpg'), ('Random', 0.7734382152670648), ('Correcto', None)])
221.8697 	EXP 	image_2: autoDraw = False
221.8697 	EXP 	slider_2: autoDraw = False
221.8697 	EXP 	image_2: image = 'imagenes\\Uvas.jpg'
221.8697 	EXP 	slider_2: markerPos = None
221.8697 	EXP 	slider_2: markerPos = None
221.8697 	EXP 	slider_2: rating = None
221.9340 	DATA 	Mouse: Left button down, pos=(683,152)
222.0171 	DATA 	Mouse:  Left button up, pos=(683,152)
222.5519 	DATA 	Mouse: Left button down, pos=(683,152)
222.6505 	DATA 	Mouse:  Left button up, pos=(683,152)
223.0850 	DATA 	Mouse: Left button down, pos=(683,152)
223.2006 	DATA 	Mouse:  Left button up, pos=(683,152)
223.3503 	DATA 	Mouse: Left button down, pos=(683,152)
223.4501 	DATA 	Mouse:  Left button up, pos=(683,152)
223.6332 	DATA 	Mouse: Left button down, pos=(683,152)
223.7498 	DATA 	Mouse:  Left button up, pos=(683,152)
223.8649 	EXP 	image_2: autoDraw = True
223.8649 	EXP 	slider_2: autoDraw = True
224.0830 	DATA 	Mouse: Left button down, pos=(683,152)
224.0978 	EXP 	slider_2: markerPos = 3.5
224.1146 	EXP 	slider_2: markerPos = 3.5
224.1314 	EXP 	slider_2: markerPos = 3.5
224.1375 	DATA 	Mouse:  Left button up, pos=(683,152)
224.1480 	EXP 	slider_2: markerPos = 3.5
224.1648 	EXP 	slider_2: markerPos = 3.5
224.1648 	EXP 	slider_2: rating = 3.5
224.1690 	EXP 	New trial (rep=0, index=5): OrderedDict([('Imagenes', 'imagenes\\Kiwi.jpg'), ('Random', 0.5893907384852061), ('Correcto', None)])
224.1810 	EXP 	image_2: autoDraw = False
224.1810 	EXP 	slider_2: autoDraw = False
224.1810 	EXP 	image_2: image = 'imagenes\\Kiwi.jpg'
224.1810 	EXP 	slider_2: markerPos = None
224.1810 	EXP 	slider_2: markerPos = None
224.1810 	EXP 	slider_2: rating = None
224.2672 	DATA 	Mouse: Left button down, pos=(683,152)
224.3338 	DATA 	Mouse:  Left button up, pos=(683,152)
225.6335 	DATA 	Mouse: Left button down, pos=(683,152)
225.7170 	DATA 	Mouse:  Left button up, pos=(683,152)
225.8171 	DATA 	Mouse: Left button down, pos=(683,152)
225.9170 	DATA 	Mouse:  Left button up, pos=(683,152)
226.1813 	EXP 	image_2: autoDraw = True
226.1813 	EXP 	slider_2: autoDraw = True
226.2329 	DATA 	Mouse: Left button down, pos=(683,152)
226.2477 	EXP 	slider_2: markerPos = 3.5
226.2646 	EXP 	slider_2: markerPos = 3.5
226.2812 	EXP 	slider_2: markerPos = 3.5
226.2980 	EXP 	slider_2: markerPos = 3.5
226.3145 	EXP 	slider_2: markerPos = 3.5
226.3310 	EXP 	slider_2: markerPos = 3.5
226.3479 	EXP 	slider_2: markerPos = 3.5
226.3505 	DATA 	Mouse:  Left button up, pos=(683,152)
226.3645 	EXP 	slider_2: markerPos = 3.5
226.3645 	EXP 	slider_2: rating = 3.5
226.3681 	EXP 	New trial (rep=0, index=6): OrderedDict([('Imagenes', 'imagenes\\Papas-naturales.jpg'), ('Random', 0.15856838916280946), ('Correcto', None)])
226.3849 	EXP 	image_2: autoDraw = False
226.3849 	EXP 	slider_2: autoDraw = False
226.3849 	EXP 	image_2: image = 'imagenes\\Papas-naturales.jpg'
226.3849 	EXP 	slider_2: markerPos = None
226.3849 	EXP 	slider_2: markerPos = None
226.3849 	EXP 	slider_2: rating = None
226.4335 	DATA 	Mouse: Left button down, pos=(683,152)
226.5172 	DATA 	Mouse:  Left button up, pos=(683,152)
226.5999 	DATA 	Mouse: Left button down, pos=(683,152)
226.7334 	DATA 	Mouse:  Left button up, pos=(683,152)
227.6335 	DATA 	Mouse: Left button down, pos=(683,152)
227.7338 	DATA 	Mouse:  Left button up, pos=(683,152)
227.8165 	DATA 	Mouse: Left button down, pos=(683,152)
227.9169 	DATA 	Mouse:  Left button up, pos=(683,152)
228.0333 	DATA 	Mouse: Left button down, pos=(683,152)
228.1170 	DATA 	Mouse:  Left button up, pos=(683,152)
228.2500 	DATA 	Mouse: Left button down, pos=(683,152)
228.3503 	DATA 	Mouse:  Left button up, pos=(683,152)
228.3813 	EXP 	image_2: autoDraw = True
228.3813 	EXP 	slider_2: autoDraw = True
228.8338 	DATA 	Mouse: Left button down, pos=(683,152)
228.8481 	EXP 	slider_2: markerPos = 3.5
228.8643 	EXP 	slider_2: markerPos = 3.5
228.8811 	EXP 	slider_2: markerPos = 3.5
228.8977 	EXP 	slider_2: markerPos = 3.5
228.9144 	EXP 	slider_2: markerPos = 3.5
228.9311 	EXP 	slider_2: markerPos = 3.5
228.9329 	DATA 	Mouse:  Left button up, pos=(683,152)
228.9476 	EXP 	slider_2: markerPos = 3.5
228.9476 	EXP 	slider_2: rating = 3.5
228.9514 	EXP 	New trial (rep=0, index=7): OrderedDict([('Imagenes', 'imagenes\\Croissant.jpg'), ('Random', 0.6152458173421255), ('Correcto', None)])
228.9844 	EXP 	image_2: autoDraw = False
228.9844 	EXP 	slider_2: autoDraw = False
228.9844 	EXP 	image_2: image = 'imagenes\\Croissant.jpg'
228.9844 	EXP 	slider_2: markerPos = None
228.9844 	EXP 	slider_2: markerPos = None
228.9844 	EXP 	slider_2: rating = None
229.0172 	DATA 	Mouse: Left button down, pos=(683,152)
229.1170 	DATA 	Mouse:  Left button up, pos=(683,152)
230.9814 	EXP 	image_2: autoDraw = True
230.9814 	EXP 	slider_2: autoDraw = True
231.1344 	DATA 	Mouse: Left button down, pos=(683,152)
231.1478 	EXP 	slider_2: markerPos = 3.5
231.1646 	EXP 	slider_2: markerPos = 3.5
231.1811 	EXP 	slider_2: markerPos = 3.5
231.1978 	EXP 	slider_2: markerPos = 3.5
231.2144 	EXP 	slider_2: markerPos = 3.5
231.2310 	EXP 	slider_2: markerPos = 3.5
231.2334 	DATA 	Mouse:  Left button up, pos=(683,152)
231.2475 	EXP 	slider_2: markerPos = 3.5
231.2475 	EXP 	slider_2: rating = 3.5
231.2511 	EXP 	New trial (rep=0, index=8): OrderedDict([('Imagenes', 'imagenes\\Banano.jpeg'), ('Random', 0.651633055306917), ('Correcto', None)])
231.2719 	EXP 	image_2: autoDraw = False
231.2719 	EXP 	slider_2: autoDraw = False
231.2719 	EXP 	image_2: image = 'imagenes\\Banano.jpeg'
231.2719 	EXP 	slider_2: markerPos = None
231.2719 	EXP 	slider_2: markerPos = None
231.2719 	EXP 	slider_2: rating = None
231.3333 	DATA 	Mouse: Left button down, pos=(683,152)
231.4331 	DATA 	Mouse:  Left button up, pos=(683,152)
233.1827 	DATA 	Mouse: Left button down, pos=(683,152)
233.2643 	EXP 	image_2: autoDraw = True
233.2643 	EXP 	slider_2: autoDraw = True
233.2643 	EXP 	slider_2: markerPos = 3.5
233.2808 	EXP 	slider_2: markerPos = 3.5
233.2975 	EXP 	slider_2: markerPos = 3.5
233.2995 	DATA 	Mouse:  Left button up, pos=(683,152)
233.3143 	EXP 	slider_2: markerPos = 3.5
233.3143 	EXP 	slider_2: rating = 3.5
233.3173 	EXP 	New trial (rep=0, index=9): OrderedDict([('Imagenes', 'imagenes\\Popetas.jpg'), ('Random', 0.07650200324054446), ('Correcto', None)])
233.3729 	EXP 	image_2: autoDraw = False
233.3729 	EXP 	slider_2: autoDraw = False
233.3729 	EXP 	image_2: image = 'imagenes\\Popetas.jpg'
233.3729 	EXP 	slider_2: markerPos = None
233.3729 	EXP 	slider_2: markerPos = None
233.3729 	EXP 	slider_2: rating = None
233.8731 	DATA 	Mouse: Left button down, pos=(683,152)
234.0166 	DATA 	Mouse:  Left button up, pos=(683,152)
235.1673 	DATA 	Mouse: Left button down, pos=(683,152)
235.3000 	DATA 	Mouse:  Left button up, pos=(683,152)
235.3647 	EXP 	image_2: autoDraw = True
235.3647 	EXP 	slider_2: autoDraw = True
235.4162 	DATA 	Mouse: Left button down, pos=(683,152)
235.4308 	EXP 	slider_2: markerPos = 3.5
235.4474 	EXP 	slider_2: markerPos = 3.5
235.4642 	EXP 	slider_2: markerPos = 3.5
235.4809 	EXP 	slider_2: markerPos = 3.5
235.4975 	EXP 	slider_2: markerPos = 3.5
235.5141 	EXP 	slider_2: markerPos = 3.5
235.5308 	EXP 	slider_2: markerPos = 3.5
235.5328 	DATA 	Mouse:  Left button up, pos=(683,152)
235.5475 	EXP 	slider_2: markerPos = 3.5
235.5475 	EXP 	slider_2: rating = 3.5
235.5506 	EXP 	New trial (rep=0, index=10): OrderedDict([('Imagenes', 'imagenes\\Yogurt-alpina.jpg'), ('Random', 0.21540995091807813), ('Correcto', None)])
235.5778 	EXP 	image_2: autoDraw = False
235.5778 	EXP 	slider_2: autoDraw = False
235.5778 	EXP 	image_2: image = 'imagenes\\Yogurt-alpina.jpg'
235.5778 	EXP 	slider_2: markerPos = None
235.5778 	EXP 	slider_2: markerPos = None
235.5778 	EXP 	slider_2: rating = None
235.6330 	DATA 	Mouse: Left button down, pos=(683,152)
235.7331 	DATA 	Mouse:  Left button up, pos=(683,152)
236.0494 	DATA 	Mouse: Left button down, pos=(683,152)
236.1329 	DATA 	Mouse:  Left button up, pos=(683,152)
236.2331 	DATA 	Mouse: Left button down, pos=(683,152)
236.3176 	DATA 	Mouse:  Left button up, pos=(683,152)
236.4334 	DATA 	Mouse: Left button down, pos=(683,152)
236.5330 	DATA 	Mouse:  Left button up, pos=(683,152)
236.8332 	DATA 	Mouse: Left button down, pos=(683,152)
236.9494 	DATA 	Mouse:  Left button up, pos=(683,152)
237.0668 	DATA 	Mouse: Left button down, pos=(683,152)
237.1500 	DATA 	Mouse:  Left button up, pos=(683,152)
237.5810 	EXP 	image_2: autoDraw = True
237.5810 	EXP 	slider_2: autoDraw = True
237.5843 	DATA 	Mouse: Left button down, pos=(683,152)
237.5976 	EXP 	slider_2: markerPos = 3.5
237.6146 	EXP 	slider_2: markerPos = 3.5
237.6307 	EXP 	slider_2: markerPos = 3.5
237.6472 	EXP 	slider_2: markerPos = 3.5
237.6641 	EXP 	slider_2: markerPos = 3.5
237.6668 	DATA 	Mouse:  Left button up, pos=(683,152)
237.6806 	EXP 	slider_2: markerPos = 3.5
237.6806 	EXP 	slider_2: rating = 3.5
237.6843 	EXP 	New trial (rep=0, index=11): OrderedDict([('Imagenes', 'imagenes\\Galletas Tosh.jpg'), ('Random', 0.478088790487872), ('Correcto', None)])
237.7222 	EXP 	image_2: autoDraw = False
237.7222 	EXP 	slider_2: autoDraw = False
237.7222 	EXP 	image_2: image = 'imagenes\\Galletas Tosh.jpg'
237.7222 	EXP 	slider_2: markerPos = None
237.7222 	EXP 	slider_2: markerPos = None
237.7222 	EXP 	slider_2: rating = None
237.9333 	DATA 	Mouse: Left button down, pos=(683,152)
238.0157 	DATA 	Mouse:  Left button up, pos=(683,152)
239.7142 	EXP 	image_2: autoDraw = True
239.7142 	EXP 	slider_2: autoDraw = True
247.7012 	EXP 	New trial (rep=0, index=12): OrderedDict([('Imagenes', 'imagenes\\Papas-pollo.jpg'), ('Random', 0.6683114062971784), ('Correcto', None)])
247.7149 	EXP 	image_2: autoDraw = False
247.7149 	EXP 	slider_2: autoDraw = False
247.7149 	EXP 	image_2: autoDraw = False
247.7149 	EXP 	slider_2: autoDraw = False
247.7149 	EXP 	image_2: image = 'imagenes\\Papas-pollo.jpg'
247.7149 	EXP 	slider_2: markerPos = None
247.7149 	EXP 	slider_2: markerPos = None
247.7149 	EXP 	slider_2: rating = None
249.7135 	EXP 	image_2: autoDraw = True
249.7135 	EXP 	slider_2: autoDraw = True
253.8821 	DATA 	Mouse: Left button down, pos=(683,152)
253.8966 	EXP 	slider_2: markerPos = 3.5
253.9132 	EXP 	slider_2: markerPos = 3.5
253.9299 	EXP 	slider_2: markerPos = 3.5
253.9466 	EXP 	slider_2: markerPos = 3.5
253.9630 	EXP 	slider_2: markerPos = 3.5
253.9798 	EXP 	slider_2: markerPos = 3.5
253.9965 	EXP 	slider_2: markerPos = 3.5
253.9989 	DATA 	Mouse:  Left button up, pos=(683,152)
254.0133 	EXP 	slider_2: markerPos = 3.5
254.0133 	EXP 	slider_2: rating = 3.5
254.0174 	EXP 	New trial (rep=0, index=13): OrderedDict([('Imagenes', 'imagenes\\Papas-limon.jpg'), ('Random', 0.020692288100133793), ('Correcto', None)])
254.0319 	EXP 	image_2: autoDraw = False
254.0319 	EXP 	slider_2: autoDraw = False
254.0319 	EXP 	image_2: image = 'imagenes\\Papas-limon.jpg'
254.0319 	EXP 	slider_2: markerPos = None
254.0319 	EXP 	slider_2: markerPos = None
254.0319 	EXP 	slider_2: rating = None
256.0299 	EXP 	image_2: autoDraw = True
256.0299 	EXP 	slider_2: autoDraw = True
256.9338 	DATA 	Mouse: Left button down, pos=(683,152)
256.9464 	EXP 	slider_2: markerPos = 3.5
256.9631 	EXP 	slider_2: markerPos = 3.5
256.9797 	EXP 	slider_2: markerPos = 3.5
256.9965 	EXP 	slider_2: markerPos = 3.5
257.0135 	EXP 	slider_2: markerPos = 3.5
257.0300 	EXP 	slider_2: markerPos = 3.5
257.0327 	DATA 	Mouse:  Left button up, pos=(683,152)
257.0463 	EXP 	slider_2: markerPos = 3.5
257.0463 	EXP 	slider_2: rating = 3.5
257.0504 	EXP 	New trial (rep=0, index=14): OrderedDict([('Imagenes', 'imagenes\\Alpinito.jpg'), ('Random', 0.4515332417045813), ('Correcto', None)])
257.1034 	EXP 	image_2: autoDraw = False
257.1034 	EXP 	slider_2: autoDraw = False
257.1034 	EXP 	image_2: image = 'imagenes\\Alpinito.jpg'
257.1034 	EXP 	slider_2: markerPos = None
257.1034 	EXP 	slider_2: markerPos = None
257.1034 	EXP 	slider_2: rating = None
259.0968 	EXP 	image_2: autoDraw = True
259.0968 	EXP 	slider_2: autoDraw = True
259.9661 	DATA 	Mouse: Left button down, pos=(683,152)
259.9798 	EXP 	slider_2: markerPos = 3.5
259.9964 	EXP 	slider_2: markerPos = 3.5
260.0132 	EXP 	slider_2: markerPos = 3.5
260.0297 	EXP 	slider_2: markerPos = 3.5
260.0464 	EXP 	slider_2: markerPos = 3.5
260.0629 	EXP 	slider_2: markerPos = 3.5
260.0655 	DATA 	Mouse:  Left button up, pos=(683,152)
260.0798 	EXP 	slider_2: markerPos = 3.5
260.0798 	EXP 	slider_2: rating = 3.5
260.0835 	EXP 	New trial (rep=0, index=15): OrderedDict([('Imagenes', 'imagenes\\Brownie.jpg'), ('Random', 0.17000143351927688), ('Correcto', None)])
260.1386 	EXP 	image_2: autoDraw = False
260.1386 	EXP 	slider_2: autoDraw = False
260.1386 	EXP 	image_2: image = 'imagenes\\Brownie.jpg'
260.1386 	EXP 	slider_2: markerPos = None
260.1386 	EXP 	slider_2: markerPos = None
260.1386 	EXP 	slider_2: rating = None
262.1300 	EXP 	image_2: autoDraw = True
262.1300 	EXP 	slider_2: autoDraw = True
265.0987 	DATA 	Mouse: Left button down, pos=(683,152)
265.1128 	EXP 	slider_2: markerPos = 3.5
265.1293 	EXP 	slider_2: markerPos = 3.5
265.1461 	EXP 	slider_2: markerPos = 3.5
265.1628 	EXP 	slider_2: markerPos = 3.5
265.1793 	EXP 	slider_2: markerPos = 3.5
265.1961 	EXP 	slider_2: markerPos = 3.5
265.2130 	EXP 	slider_2: markerPos = 3.5
265.2293 	EXP 	slider_2: markerPos = 3.5
265.2319 	DATA 	Mouse:  Left button up, pos=(683,152)
265.2462 	EXP 	slider_2: markerPos = 3.5
265.2462 	EXP 	slider_2: rating = 3.5
265.2494 	EXP 	New trial (rep=0, index=16): OrderedDict([('Imagenes', 'imagenes\\Rosquitas (1).jpg'), ('Random', 0.3035383390851263), ('Correcto', None)])
265.2776 	EXP 	image_2: autoDraw = False
265.2776 	EXP 	slider_2: autoDraw = False
265.2776 	EXP 	image_2: image = 'imagenes\\Rosquitas (1).jpg'
265.2776 	EXP 	slider_2: markerPos = None
265.2776 	EXP 	slider_2: markerPos = None
265.2776 	EXP 	slider_2: rating = None
267.2797 	EXP 	image_2: autoDraw = True
267.2797 	EXP 	slider_2: autoDraw = True
270.4993 	DATA 	Mouse: Left button down, pos=(683,152)
270.5125 	EXP 	slider_2: markerPos = 3.5
270.5294 	EXP 	slider_2: markerPos = 3.5
270.5459 	EXP 	slider_2: markerPos = 3.5
270.5626 	EXP 	slider_2: markerPos = 3.5
270.5791 	EXP 	slider_2: markerPos = 3.5
270.5959 	EXP 	slider_2: markerPos = 3.5
270.6124 	EXP 	slider_2: markerPos = 3.5
270.6292 	EXP 	slider_2: markerPos = 3.5
270.6458 	EXP 	slider_2: markerPos = 3.5
270.6625 	EXP 	slider_2: markerPos = 3.5
270.6793 	EXP 	slider_2: markerPos = 3.5
270.6957 	EXP 	slider_2: markerPos = 3.5
270.6982 	DATA 	Mouse:  Left button up, pos=(683,152)
270.7126 	EXP 	slider_2: markerPos = 3.5
270.7126 	EXP 	slider_2: rating = 3.5
270.7162 	EXP 	New trial (rep=0, index=17): OrderedDict([('Imagenes', 'imagenes\\Nutella (1).jpg'), ('Random', 0.5277483225747329), ('Correcto', None)])
270.7310 	EXP 	image_2: autoDraw = False
270.7310 	EXP 	slider_2: autoDraw = False
270.7310 	EXP 	image_2: image = 'imagenes\\Nutella (1).jpg'
270.7310 	EXP 	slider_2: markerPos = None
270.7310 	EXP 	slider_2: markerPos = None
270.7310 	EXP 	slider_2: rating = None
272.7293 	EXP 	image_2: autoDraw = True
272.7293 	EXP 	slider_2: autoDraw = True
277.9307 	DATA 	Mouse: Left button down, pos=(683,152)
277.9454 	EXP 	slider_2: markerPos = 3.5
277.9622 	EXP 	slider_2: markerPos = 3.5
277.9789 	EXP 	slider_2: markerPos = 3.5
277.9953 	EXP 	slider_2: markerPos = 3.5
278.0121 	EXP 	slider_2: markerPos = 3.5
278.0287 	EXP 	slider_2: markerPos = 3.5
278.0454 	EXP 	slider_2: markerPos = 3.5
278.0621 	EXP 	slider_2: markerPos = 3.5
278.0787 	EXP 	slider_2: markerPos = 3.5
278.0954 	EXP 	slider_2: markerPos = 3.5
278.1122 	EXP 	slider_2: markerPos = 3.5
278.1288 	EXP 	slider_2: markerPos = 3.5
278.1350 	DATA 	Mouse:  Left button up, pos=(683,152)
278.1453 	EXP 	slider_2: markerPos = 3.5
278.1622 	EXP 	slider_2: markerPos = 3.5
278.1622 	EXP 	slider_2: rating = 3.5
278.1652 	EXP 	New trial (rep=0, index=18): OrderedDict([('Imagenes', 'imagenes\\Galletas-festival.jpg'), ('Random', 0.36121121246191135), ('Correcto', None)])
278.1973 	EXP 	image_2: autoDraw = False
278.1973 	EXP 	slider_2: autoDraw = False
278.1973 	EXP 	image_2: image = 'imagenes\\Galletas-festival.jpg'
278.1973 	EXP 	slider_2: markerPos = None
278.1973 	EXP 	slider_2: markerPos = None
278.1973 	EXP 	slider_2: rating = None
280.1958 	EXP 	image_2: autoDraw = True
280.1958 	EXP 	slider_2: autoDraw = True
283.3479 	DATA 	Mouse: Left button down, pos=(683,152)
283.3619 	EXP 	slider_2: markerPos = 3.5
283.3785 	EXP 	slider_2: markerPos = 3.5
283.3953 	EXP 	slider_2: markerPos = 3.5
283.4119 	EXP 	slider_2: markerPos = 3.5
283.4286 	EXP 	slider_2: markerPos = 3.5
283.4452 	EXP 	slider_2: markerPos = 3.5
283.4619 	EXP 	slider_2: markerPos = 3.5
283.4785 	EXP 	slider_2: markerPos = 3.5
283.4953 	EXP 	slider_2: markerPos = 3.5
283.5117 	EXP 	slider_2: markerPos = 3.5
283.5286 	EXP 	slider_2: markerPos = 3.5
283.5453 	EXP 	slider_2: markerPos = 3.5
283.5620 	EXP 	slider_2: markerPos = 3.5
283.5785 	EXP 	slider_2: markerPos = 3.5
283.5813 	DATA 	Mouse:  Left button up, pos=(683,152)
283.5951 	EXP 	slider_2: markerPos = 3.5
283.5951 	EXP 	slider_2: rating = 3.5
283.5987 	EXP 	New trial (rep=0, index=19): OrderedDict([('Imagenes', 'imagenes\\Leche-de-almendras.jpg'), ('Random', 0.36073876480313727), ('Correcto', None)])
283.6909 	EXP 	image_2: autoDraw = False
283.6909 	EXP 	slider_2: autoDraw = False
283.6909 	EXP 	image_2: image = 'imagenes\\Leche-de-almendras.jpg'
283.6909 	EXP 	slider_2: markerPos = None
283.6909 	EXP 	slider_2: markerPos = None
283.6909 	EXP 	slider_2: rating = None
285.6799 	EXP 	image_2: autoDraw = True
285.6799 	EXP 	slider_2: autoDraw = True
286.5398 	DATA 	Mouse: Left button down, pos=(683,152)
286.5622 	EXP 	slider_2: markerPos = 3.5
286.5789 	EXP 	slider_2: markerPos = 3.5
286.5954 	EXP 	slider_2: markerPos = 3.5
286.6119 	EXP 	slider_2: markerPos = 3.5
286.6285 	EXP 	slider_2: markerPos = 3.5
286.6453 	EXP 	slider_2: markerPos = 3.5
286.6621 	EXP 	slider_2: markerPos = 3.5
286.6786 	EXP 	slider_2: markerPos = 3.5
286.6954 	EXP 	slider_2: markerPos = 3.5
286.7120 	EXP 	slider_2: markerPos = 3.5
286.7288 	EXP 	slider_2: markerPos = 3.5
286.7457 	EXP 	slider_2: markerPos = 3.5
286.7621 	EXP 	slider_2: markerPos = 3.5
286.7785 	EXP 	slider_2: markerPos = 3.5
286.7813 	DATA 	Mouse:  Left button up, pos=(683,152)
286.7954 	EXP 	slider_2: markerPos = 3.5
286.7954 	EXP 	slider_2: rating = 3.5
286.7992 	EXP 	New trial (rep=0, index=3): OrderedDict([('Hertz', 400), ('volumen', 0.02)])
286.8101 	EXP 	Imported imagenes.xlsx as conditions, 20 conditions, 3 params
286.8107 	EXP 	Created sequence: random, trialTypes=20, nReps=1, seed=None
286.8112 	EXP 	New trial (rep=0, index=0): OrderedDict([('Imagenes', 'imagenes\\Papas-naturales.jpg'), ('Random', 0.15856838916280946), ('Correcto', None)])
286.8314 	EXP 	image_2: autoDraw = False
286.8314 	EXP 	slider_2: autoDraw = False
286.8314 	EXP 	image_2: image = 'imagenes\\Papas-naturales.jpg'
286.8314 	EXP 	slider_2: markerPos = None
286.8314 	EXP 	slider_2: markerPos = None
286.8314 	EXP 	slider_2: rating = None
288.8285 	EXP 	image_2: autoDraw = True
288.8285 	EXP 	slider_2: autoDraw = True
289.3808 	DATA 	Mouse: Left button down, pos=(683,152)
289.3950 	EXP 	slider_2: markerPos = 3.5
289.4117 	EXP 	slider_2: markerPos = 3.5
289.4284 	EXP 	slider_2: markerPos = 3.5
289.4449 	EXP 	slider_2: markerPos = 3.5
289.4616 	EXP 	slider_2: markerPos = 3.5
289.4781 	EXP 	slider_2: markerPos = 3.5
289.4951 	EXP 	slider_2: markerPos = 3.5
289.5116 	EXP 	slider_2: markerPos = 3.5
289.5283 	EXP 	slider_2: markerPos = 3.5
289.5450 	EXP 	slider_2: markerPos = 3.5
289.5615 	EXP 	slider_2: markerPos = 3.5
289.5640 	DATA 	Mouse:  Left button up, pos=(683,152)
289.5782 	EXP 	slider_2: markerPos = 3.5
289.5782 	EXP 	slider_2: rating = 3.5
289.5825 	EXP 	New trial (rep=0, index=1): OrderedDict([('Imagenes', 'imagenes\\Papas-pollo.jpg'), ('Random', 0.6683114062971784), ('Correcto', None)])
289.5962 	EXP 	image_2: autoDraw = False
289.5962 	EXP 	slider_2: autoDraw = False
289.5962 	EXP 	image_2: image = 'imagenes\\Papas-pollo.jpg'
289.5962 	EXP 	slider_2: markerPos = None
289.5962 	EXP 	slider_2: markerPos = None
289.5962 	EXP 	slider_2: rating = None
291.5952 	EXP 	image_2: autoDraw = True
291.5952 	EXP 	slider_2: autoDraw = True
292.9310 	DATA 	Mouse: Left button down, pos=(683,152)
292.9448 	EXP 	slider_2: markerPos = 3.5
292.9614 	EXP 	slider_2: markerPos = 3.5
292.9781 	EXP 	slider_2: markerPos = 3.5
292.9947 	EXP 	slider_2: markerPos = 3.5
293.0114 	EXP 	slider_2: markerPos = 3.5
293.0281 	EXP 	slider_2: markerPos = 3.5
293.0447 	EXP 	slider_2: markerPos = 3.5
293.0612 	EXP 	slider_2: markerPos = 3.5
293.0781 	EXP 	slider_2: markerPos = 3.5
293.0947 	EXP 	slider_2: markerPos = 3.5
293.1114 	EXP 	slider_2: markerPos = 3.5
293.1281 	EXP 	slider_2: markerPos = 3.5
293.1302 	DATA 	Mouse:  Left button up, pos=(683,152)
293.1448 	EXP 	slider_2: markerPos = 3.5
293.1448 	EXP 	slider_2: rating = 3.5
293.1480 	EXP 	New trial (rep=0, index=2): OrderedDict([('Imagenes', 'imagenes\\Alpinito.jpg'), ('Random', 0.4515332417045813), ('Correcto', None)])
293.1883 	EXP 	image_2: autoDraw = False
293.1883 	EXP 	slider_2: autoDraw = False
293.1883 	EXP 	image_2: image = 'imagenes\\Alpinito.jpg'
293.1883 	EXP 	slider_2: markerPos = None
293.1883 	EXP 	slider_2: markerPos = None
293.1883 	EXP 	slider_2: rating = None
295.1786 	EXP 	image_2: autoDraw = True
295.1786 	EXP 	slider_2: autoDraw = True
295.7973 	DATA 	Mouse: Left button down, pos=(683,152)
295.8112 	EXP 	slider_2: markerPos = 3.5
295.8279 	EXP 	slider_2: markerPos = 3.5
295.8446 	EXP 	slider_2: markerPos = 3.5
295.8612 	EXP 	slider_2: markerPos = 3.5
295.8779 	EXP 	slider_2: markerPos = 3.5
295.8949 	EXP 	slider_2: markerPos = 3.5
295.9112 	EXP 	slider_2: markerPos = 3.5
295.9282 	EXP 	slider_2: markerPos = 3.5
295.9446 	EXP 	slider_2: markerPos = 3.5
295.9612 	EXP 	slider_2: markerPos = 3.5
295.9780 	EXP 	slider_2: markerPos = 3.5
295.9798 	DATA 	Mouse:  Left button up, pos=(683,152)
295.9947 	EXP 	slider_2: markerPos = 3.5
295.9947 	EXP 	slider_2: rating = 3.5
295.9982 	EXP 	New trial (rep=0, index=3): OrderedDict([('Imagenes', 'imagenes\\Mango.jpeg'), ('Random', 0.555669112372461), ('Correcto', None)])
296.0245 	EXP 	image_2: autoDraw = False
296.0245 	EXP 	slider_2: autoDraw = False
296.0245 	EXP 	image_2: image = 'imagenes\\Mango.jpeg'
296.0245 	EXP 	slider_2: markerPos = None
296.0245 	EXP 	slider_2: markerPos = None
296.0245 	EXP 	slider_2: rating = None
298.0283 	EXP 	image_2: autoDraw = True
298.0283 	EXP 	slider_2: autoDraw = True
298.7016 	DATA 	Mouse: Left button down, pos=(683,152)
298.7279 	EXP 	slider_2: markerPos = 3.5
298.7444 	EXP 	slider_2: markerPos = 3.5
298.7610 	EXP 	slider_2: markerPos = 3.5
298.7777 	EXP 	slider_2: markerPos = 3.5
298.7944 	EXP 	slider_2: markerPos = 3.5
298.8111 	EXP 	slider_2: markerPos = 3.5
298.8278 	EXP 	slider_2: markerPos = 3.5
298.8445 	EXP 	slider_2: markerPos = 3.5
298.8612 	EXP 	slider_2: markerPos = 3.5
298.8779 	EXP 	slider_2: markerPos = 3.5
298.8945 	EXP 	slider_2: markerPos = 3.5
298.8969 	DATA 	Mouse:  Left button up, pos=(683,152)
298.9113 	EXP 	slider_2: markerPos = 3.5
298.9113 	EXP 	slider_2: rating = 3.5
298.9143 	EXP 	New trial (rep=0, index=4): OrderedDict([('Imagenes', 'imagenes\\Banano.jpeg'), ('Random', 0.651633055306917), ('Correcto', None)])
298.9329 	EXP 	image_2: autoDraw = False
298.9329 	EXP 	slider_2: autoDraw = False
298.9329 	EXP 	image_2: image = 'imagenes\\Banano.jpeg'
298.9329 	EXP 	slider_2: markerPos = None
298.9329 	EXP 	slider_2: markerPos = None
298.9329 	EXP 	slider_2: rating = None
300.9278 	EXP 	image_2: autoDraw = True
300.9278 	EXP 	slider_2: autoDraw = True
301.9298 	DATA 	Mouse: Left button down, pos=(683,152)
301.9445 	EXP 	slider_2: markerPos = 3.5
301.9609 	EXP 	slider_2: markerPos = 3.5
301.9776 	EXP 	slider_2: markerPos = 3.5
301.9942 	EXP 	slider_2: markerPos = 3.5
302.0109 	EXP 	slider_2: markerPos = 3.5
302.0277 	EXP 	slider_2: markerPos = 3.5
302.0443 	EXP 	slider_2: markerPos = 3.5
302.0609 	EXP 	slider_2: markerPos = 3.5
302.0780 	EXP 	slider_2: markerPos = 3.5
302.0944 	EXP 	slider_2: markerPos = 3.5
302.1110 	EXP 	slider_2: markerPos = 3.5
302.1135 	DATA 	Mouse:  Left button up, pos=(683,152)
302.1275 	EXP 	slider_2: markerPos = 3.5
302.1275 	EXP 	slider_2: rating = 3.5
302.1307 	EXP 	New trial (rep=0, index=5): OrderedDict([('Imagenes', 'imagenes\\Leche-de-almendras.jpg'), ('Random', 0.36073876480313727), ('Correcto', None)])
302.2308 	EXP 	image_2: autoDraw = False
302.2308 	EXP 	slider_2: autoDraw = False
302.2308 	EXP 	image_2: image = 'imagenes\\Leche-de-almendras.jpg'
302.2308 	EXP 	slider_2: markerPos = None
302.2308 	EXP 	slider_2: markerPos = None
302.2308 	EXP 	slider_2: rating = None
304.2289 	EXP 	image_2: autoDraw = True
304.2289 	EXP 	slider_2: autoDraw = True
304.7308 	DATA 	Mouse: Left button down, pos=(683,152)
304.7451 	EXP 	slider_2: markerPos = 3.5
304.7614 	EXP 	slider_2: markerPos = 3.5
304.7780 	EXP 	slider_2: markerPos = 3.5
304.7946 	EXP 	slider_2: markerPos = 3.5
304.8112 	EXP 	slider_2: markerPos = 3.5
304.8280 	EXP 	slider_2: markerPos = 3.5
304.8445 	EXP 	slider_2: markerPos = 3.5
304.8613 	EXP 	slider_2: markerPos = 3.5
304.8779 	EXP 	slider_2: markerPos = 3.5
304.8946 	EXP 	slider_2: markerPos = 3.5
304.9111 	EXP 	slider_2: markerPos = 3.5
304.9279 	EXP 	slider_2: markerPos = 3.5
304.9297 	DATA 	Mouse:  Left button up, pos=(683,152)
304.9446 	EXP 	slider_2: markerPos = 3.5
304.9446 	EXP 	slider_2: rating = 3.5
304.9483 	EXP 	New trial (rep=0, index=6): OrderedDict([('Imagenes', 'imagenes\\Galletas Tosh.jpg'), ('Random', 0.478088790487872), ('Correcto', None)])
304.9795 	EXP 	image_2: autoDraw = False
304.9795 	EXP 	slider_2: autoDraw = False
304.9795 	EXP 	image_2: image = 'imagenes\\Galletas Tosh.jpg'
304.9795 	EXP 	slider_2: markerPos = None
304.9795 	EXP 	slider_2: markerPos = None
304.9795 	EXP 	slider_2: rating = None
306.9778 	EXP 	image_2: autoDraw = True
306.9778 	EXP 	slider_2: autoDraw = True
307.8135 	DATA 	Mouse: Left button down, pos=(683,152)
307.8278 	EXP 	slider_2: markerPos = 3.5
307.8442 	EXP 	slider_2: markerPos = 3.5
307.8608 	EXP 	slider_2: markerPos = 3.5
307.8775 	EXP 	slider_2: markerPos = 3.5
307.8943 	EXP 	slider_2: markerPos = 3.5
307.9109 	EXP 	slider_2: markerPos = 3.5
307.9275 	EXP 	slider_2: markerPos = 3.5
307.9443 	EXP 	slider_2: markerPos = 3.5
307.9611 	EXP 	slider_2: markerPos = 3.5
307.9775 	EXP 	slider_2: markerPos = 3.5
307.9941 	EXP 	slider_2: markerPos = 3.5
308.0107 	EXP 	slider_2: markerPos = 3.5
308.0133 	DATA 	Mouse:  Left button up, pos=(683,152)
308.0273 	EXP 	slider_2: markerPos = 3.5
308.0273 	EXP 	slider_2: rating = 3.5
308.0312 	EXP 	New trial (rep=0, index=7): OrderedDict([('Imagenes', 'imagenes\\bon-bon-bun.jpg'), ('Random', 0.7387922093313524), ('Correcto', None)])
308.0676 	EXP 	image_2: autoDraw = False
308.0676 	EXP 	slider_2: autoDraw = False
308.0676 	EXP 	image_2: image = 'imagenes\\bon-bon-bun.jpg'
308.0676 	EXP 	slider_2: markerPos = None
308.0676 	EXP 	slider_2: markerPos = None
308.0676 	EXP 	slider_2: rating = None
310.0609 	EXP 	image_2: autoDraw = True
310.0609 	EXP 	slider_2: autoDraw = True
310.8800 	DATA 	Mouse: Left button down, pos=(683,152)
310.8939 	EXP 	slider_2: markerPos = 3.5
310.9105 	EXP 	slider_2: markerPos = 3.5
310.9272 	EXP 	slider_2: markerPos = 3.5
310.9441 	EXP 	slider_2: markerPos = 3.5
310.9605 	EXP 	slider_2: markerPos = 3.5
310.9772 	EXP 	slider_2: markerPos = 3.5
310.9940 	EXP 	slider_2: markerPos = 3.5
311.0107 	EXP 	slider_2: markerPos = 3.5
311.0272 	EXP 	slider_2: markerPos = 3.5
311.0438 	EXP 	slider_2: markerPos = 3.5
311.0605 	EXP 	slider_2: markerPos = 3.5
311.0773 	EXP 	slider_2: markerPos = 3.5
311.0798 	DATA 	Mouse:  Left button up, pos=(683,152)
311.0940 	EXP 	slider_2: markerPos = 3.5
311.0940 	EXP 	slider_2: rating = 3.5
311.0982 	EXP 	New trial (rep=0, index=8): OrderedDict([('Imagenes', 'imagenes\\Kiwi.jpg'), ('Random', 0.5893907384852061), ('Correcto', None)])
311.1107 	EXP 	image_2: autoDraw = False
311.1107 	EXP 	slider_2: autoDraw = False
311.1107 	EXP 	image_2: image = 'imagenes\\Kiwi.jpg'
311.1107 	EXP 	slider_2: markerPos = None
311.1107 	EXP 	slider_2: markerPos = None
311.1107 	EXP 	slider_2: rating = None
313.1108 	EXP 	image_2: autoDraw = True
313.1108 	EXP 	slider_2: autoDraw = True
314.0456 	DATA 	Mouse: Left button down, pos=(683,152)
314.0604 	EXP 	slider_2: markerPos = 3.5
314.0771 	EXP 	slider_2: markerPos = 3.5
314.0938 	EXP 	slider_2: markerPos = 3.5
314.1105 	EXP 	slider_2: markerPos = 3.5
314.1272 	EXP 	slider_2: markerPos = 3.5
314.1438 	EXP 	slider_2: markerPos = 3.5
314.1604 	EXP 	slider_2: markerPos = 3.5
314.1773 	EXP 	slider_2: markerPos = 3.5
314.1936 	EXP 	slider_2: markerPos = 3.5
314.2104 	EXP 	slider_2: markerPos = 3.5
314.2272 	EXP 	slider_2: markerPos = 3.5
314.2291 	DATA 	Mouse:  Left button up, pos=(683,152)
314.2437 	EXP 	slider_2: markerPos = 3.5
314.2437 	EXP 	slider_2: rating = 3.5
314.2477 	EXP 	New trial (rep=0, index=9): OrderedDict([('Imagenes', 'imagenes\\Papas-limon.jpg'), ('Random', 0.020692288100133793), ('Correcto', None)])
314.2632 	EXP 	image_2: autoDraw = False
314.2632 	EXP 	slider_2: autoDraw = False
314.2632 	EXP 	image_2: image = 'imagenes\\Papas-limon.jpg'
314.2632 	EXP 	slider_2: markerPos = None
314.2632 	EXP 	slider_2: markerPos = None
314.2632 	EXP 	slider_2: rating = None
316.2606 	EXP 	image_2: autoDraw = True
316.2606 	EXP 	slider_2: autoDraw = True
316.9974 	DATA 	Mouse: Left button down, pos=(683,152)
317.0102 	EXP 	slider_2: markerPos = 3.5
317.0271 	EXP 	slider_2: markerPos = 3.5
317.0435 	EXP 	slider_2: markerPos = 3.5
317.0602 	EXP 	slider_2: markerPos = 3.5
317.0771 	EXP 	slider_2: markerPos = 3.5
317.0935 	EXP 	slider_2: markerPos = 3.5
317.1103 	EXP 	slider_2: markerPos = 3.5
317.1271 	EXP 	slider_2: markerPos = 3.5
317.1437 	EXP 	slider_2: markerPos = 3.5
317.1602 	EXP 	slider_2: markerPos = 3.5
317.1769 	EXP 	slider_2: markerPos = 3.5
317.1790 	DATA 	Mouse:  Left button up, pos=(683,152)
317.1936 	EXP 	slider_2: markerPos = 3.5
317.1936 	EXP 	slider_2: rating = 3.5
317.1977 	EXP 	New trial (rep=0, index=10): OrderedDict([('Imagenes', 'imagenes\\Yogurt-alpina.jpg'), ('Random', 0.21540995091807813), ('Correcto', None)])
317.2164 	EXP 	image_2: autoDraw = False
317.2164 	EXP 	slider_2: autoDraw = False
317.2164 	EXP 	image_2: image = 'imagenes\\Yogurt-alpina.jpg'
317.2164 	EXP 	slider_2: markerPos = None
317.2164 	EXP 	slider_2: markerPos = None
317.2164 	EXP 	slider_2: rating = None
319.2102 	EXP 	image_2: autoDraw = True
319.2102 	EXP 	slider_2: autoDraw = True
320.0462 	DATA 	Mouse: Left button down, pos=(683,152)
320.0602 	EXP 	slider_2: markerPos = 3.5
320.0769 	EXP 	slider_2: markerPos = 3.5
320.0935 	EXP 	slider_2: markerPos = 3.5
320.1103 	EXP 	slider_2: markerPos = 3.5
320.1267 	EXP 	slider_2: markerPos = 3.5
320.1435 	EXP 	slider_2: markerPos = 3.5
320.1601 	EXP 	slider_2: markerPos = 3.5
320.1767 	EXP 	slider_2: markerPos = 3.5
320.1934 	EXP 	slider_2: markerPos = 3.5
320.2102 	EXP 	slider_2: markerPos = 3.5
320.2128 	DATA 	Mouse:  Left button up, pos=(683,152)
320.2269 	EXP 	slider_2: markerPos = 3.5
320.2269 	EXP 	slider_2: rating = 3.5
320.2301 	EXP 	New trial (rep=0, index=11): OrderedDict([('Imagenes', 'imagenes\\Nutella (1).jpg'), ('Random', 0.5277483225747329), ('Correcto', None)])
320.2495 	EXP 	image_2: autoDraw = False
320.2495 	EXP 	slider_2: autoDraw = False
320.2495 	EXP 	image_2: image = 'imagenes\\Nutella (1).jpg'
320.2495 	EXP 	slider_2: markerPos = None
320.2495 	EXP 	slider_2: markerPos = None
320.2495 	EXP 	slider_2: rating = None
322.2440 	EXP 	image_2: autoDraw = True
322.2440 	EXP 	slider_2: autoDraw = True
322.7631 	DATA 	Mouse: Left button down, pos=(683,152)
322.7767 	EXP 	slider_2: markerPos = 3.5
322.7933 	EXP 	slider_2: markerPos = 3.5
322.8101 	EXP 	slider_2: markerPos = 3.5
322.8265 	EXP 	slider_2: markerPos = 3.5
322.8435 	EXP 	slider_2: markerPos = 3.5
322.8601 	EXP 	slider_2: markerPos = 3.5
322.8766 	EXP 	slider_2: markerPos = 3.5
322.8933 	EXP 	slider_2: markerPos = 3.5
322.9100 	EXP 	slider_2: markerPos = 3.5
322.9268 	EXP 	slider_2: markerPos = 3.5
322.9434 	EXP 	slider_2: markerPos = 3.5
322.9600 	EXP 	slider_2: markerPos = 3.5
322.9765 	EXP 	slider_2: markerPos = 3.5
322.9793 	DATA 	Mouse:  Left button up, pos=(683,152)
322.9932 	EXP 	slider_2: markerPos = 3.5
322.9932 	EXP 	slider_2: rating = 3.5
322.9971 	EXP 	New trial (rep=0, index=12): OrderedDict([('Imagenes', 'imagenes\\Popetas.jpg'), ('Random', 0.07650200324054446), ('Correcto', None)])
323.0626 	EXP 	image_2: autoDraw = False
323.0626 	EXP 	slider_2: autoDraw = False
323.0626 	EXP 	image_2: image = 'imagenes\\Popetas.jpg'
323.0626 	EXP 	slider_2: markerPos = None
323.0626 	EXP 	slider_2: markerPos = None
323.0626 	EXP 	slider_2: rating = None
325.0606 	EXP 	image_2: autoDraw = True
325.0606 	EXP 	slider_2: autoDraw = True
325.8489 	DATA 	Mouse: Left button down, pos=(683,152)
325.8766 	EXP 	slider_2: markerPos = 3.5
325.8933 	EXP 	slider_2: markerPos = 3.5
325.9101 	EXP 	slider_2: markerPos = 3.5
325.9266 	EXP 	slider_2: markerPos = 3.5
325.9433 	EXP 	slider_2: markerPos = 3.5
325.9599 	EXP 	slider_2: markerPos = 3.5
325.9766 	EXP 	slider_2: markerPos = 3.5
325.9933 	EXP 	slider_2: markerPos = 3.5
326.0099 	EXP 	slider_2: markerPos = 3.5
326.0265 	EXP 	slider_2: markerPos = 3.5
326.0434 	EXP 	slider_2: markerPos = 3.5
326.0599 	EXP 	slider_2: markerPos = 3.5
326.0766 	EXP 	slider_2: markerPos = 3.5
326.0933 	EXP 	slider_2: markerPos = 3.5
326.0958 	DATA 	Mouse:  Left button up, pos=(683,152)
326.1099 	EXP 	slider_2: markerPos = 3.5
326.1099 	EXP 	slider_2: rating = 3.5
326.1140 	EXP 	New trial (rep=0, index=13): OrderedDict([('Imagenes', 'imagenes\\Uvas.jpg'), ('Random', 0.7734382152670648), ('Correcto', None)])
326.1334 	EXP 	image_2: autoDraw = False
326.1334 	EXP 	slider_2: autoDraw = False
326.1334 	EXP 	image_2: image = 'imagenes\\Uvas.jpg'
326.1334 	EXP 	slider_2: markerPos = None
326.1334 	EXP 	slider_2: markerPos = None
326.1334 	EXP 	slider_2: rating = None
328.1266 	EXP 	image_2: autoDraw = True
328.1266 	EXP 	slider_2: autoDraw = True
328.7801 	DATA 	Mouse: Left button down, pos=(683,152)
328.8095 	EXP 	slider_2: markerPos = 3.5
328.8262 	EXP 	slider_2: markerPos = 3.5
328.8429 	EXP 	slider_2: markerPos = 3.5
328.8596 	EXP 	slider_2: markerPos = 3.5
328.8763 	EXP 	slider_2: markerPos = 3.5
328.8929 	EXP 	slider_2: markerPos = 3.5
328.9095 	EXP 	slider_2: markerPos = 3.5
328.9262 	EXP 	slider_2: markerPos = 3.5
328.9429 	EXP 	slider_2: markerPos = 3.5
328.9444 	DATA 	Mouse:  Left button up, pos=(683,152)
328.9596 	EXP 	slider_2: markerPos = 3.5
328.9596 	EXP 	slider_2: rating = 3.5
328.9624 	EXP 	New trial (rep=0, index=14): OrderedDict([('Imagenes', 'imagenes\\Croissant.jpg'), ('Random', 0.6152458173421255), ('Correcto', None)])
328.9973 	EXP 	image_2: autoDraw = False
328.9973 	EXP 	slider_2: autoDraw = False
328.9973 	EXP 	image_2: image = 'imagenes\\Croissant.jpg'
328.9973 	EXP 	slider_2: markerPos = None
328.9973 	EXP 	slider_2: markerPos = None
328.9973 	EXP 	slider_2: rating = None
330.9765 	EXP 	image_2: autoDraw = True
330.9765 	EXP 	slider_2: autoDraw = True
332.1951 	DATA 	Mouse: Left button down, pos=(689,152)
332.2097 	EXP 	slider_2: markerPos = 3.5390625
332.2263 	EXP 	slider_2: markerPos = 3.5390625
332.2430 	EXP 	slider_2: markerPos = 3.5390625
332.2598 	EXP 	slider_2: markerPos = 3.5390625
332.2763 	EXP 	slider_2: markerPos = 3.5390625
332.2930 	EXP 	slider_2: markerPos = 3.5390625
332.3097 	EXP 	slider_2: markerPos = 3.5390625
332.3265 	EXP 	slider_2: markerPos = 3.5390625
332.3430 	EXP 	slider_2: markerPos = 3.5390625
332.3596 	EXP 	slider_2: markerPos = 3.5390625
332.3763 	EXP 	slider_2: markerPos = 3.5390625
332.3928 	EXP 	slider_2: markerPos = 3.5390625
332.4096 	EXP 	slider_2: markerPos = 3.5390625
332.4123 	DATA 	Mouse:  Left button up, pos=(689,152)
332.4262 	EXP 	slider_2: markerPos = 3.5390625
332.4262 	EXP 	slider_2: rating = 3.5390625
332.4300 	EXP 	New trial (rep=0, index=15): OrderedDict([('Imagenes', 'imagenes\\Rosquitas (1).jpg'), ('Random', 0.3035383390851263), ('Correcto', None)])
332.4654 	EXP 	image_2: autoDraw = False
332.4654 	EXP 	slider_2: autoDraw = False
332.4654 	EXP 	image_2: image = 'imagenes\\Rosquitas (1).jpg'
332.4654 	EXP 	slider_2: markerPos = None
332.4654 	EXP 	slider_2: markerPos = None
332.4654 	EXP 	slider_2: rating = None
334.4599 	EXP 	image_2: autoDraw = True
334.4599 	EXP 	slider_2: autoDraw = True
335.0791 	DATA 	Mouse: Left button down, pos=(689,152)
335.0928 	EXP 	slider_2: markerPos = 3.5390625
335.1095 	EXP 	slider_2: markerPos = 3.5390625
335.1261 	EXP 	slider_2: markerPos = 3.5390625
335.1428 	EXP 	slider_2: markerPos = 3.5390625
335.1594 	EXP 	slider_2: markerPos = 3.5390625
335.1760 	EXP 	slider_2: markerPos = 3.5390625
335.1929 	EXP 	slider_2: markerPos = 3.5390625
335.2095 	EXP 	slider_2: markerPos = 3.5390625
335.2261 	EXP 	slider_2: markerPos = 3.5390625
335.2428 	EXP 	slider_2: markerPos = 3.5390625
335.2596 	EXP 	slider_2: markerPos = 3.5390625
335.2762 	EXP 	slider_2: markerPos = 3.5390625
335.2817 	DATA 	Mouse:  Left button up, pos=(689,152)
335.2928 	EXP 	slider_2: markerPos = 3.5390625
335.3094 	EXP 	slider_2: markerPos = 3.5390625
335.3094 	EXP 	slider_2: rating = 3.5390625
335.3133 	EXP 	New trial (rep=0, index=16): OrderedDict([('Imagenes', 'imagenes\\Chocoramo.jfif.jpg'), ('Random', 0.7789437122019539), ('Correcto', None)])
335.3599 	EXP 	image_2: autoDraw = False
335.3599 	EXP 	slider_2: autoDraw = False
335.3599 	EXP 	image_2: image = 'imagenes\\Chocoramo.jfif.jpg'
335.3599 	EXP 	slider_2: markerPos = None
335.3599 	EXP 	slider_2: markerPos = None
335.3599 	EXP 	slider_2: rating = None
337.3599 	EXP 	image_2: autoDraw = True
337.3599 	EXP 	slider_2: autoDraw = True
338.1121 	DATA 	Mouse: Left button down, pos=(698,148)
338.1261 	EXP 	slider_2: markerPos = 3.59765625
338.1425 	EXP 	slider_2: markerPos = 3.59765625
338.1593 	EXP 	slider_2: markerPos = 3.59765625
338.1762 	EXP 	slider_2: markerPos = 3.59765625
338.1925 	EXP 	slider_2: markerPos = 3.59765625
338.2092 	EXP 	slider_2: markerPos = 3.59765625
338.2259 	EXP 	slider_2: markerPos = 3.59765625
338.2426 	EXP 	slider_2: markerPos = 3.59765625
338.2595 	EXP 	slider_2: markerPos = 3.59765625
338.2761 	EXP 	slider_2: markerPos = 3.59765625
338.2927 	EXP 	slider_2: markerPos = 3.59765625
338.2992 	DATA 	Mouse:  Left button up, pos=(698,148)
338.3093 	EXP 	slider_2: markerPos = 3.59765625
338.3260 	EXP 	slider_2: markerPos = 3.59765625
338.3260 	EXP 	slider_2: rating = 3.59765625
338.3303 	EXP 	New trial (rep=0, index=17): OrderedDict([('Imagenes', 'imagenes\\Brownie.jpg'), ('Random', 0.17000143351927688), ('Correcto', None)])
338.3712 	EXP 	image_2: autoDraw = False
338.3712 	EXP 	slider_2: autoDraw = False
338.3712 	EXP 	image_2: image = 'imagenes\\Brownie.jpg'
338.3712 	EXP 	slider_2: markerPos = None
338.3712 	EXP 	slider_2: markerPos = None
338.3712 	EXP 	slider_2: rating = None
340.3597 	EXP 	image_2: autoDraw = True
340.3597 	EXP 	slider_2: autoDraw = True
340.9789 	DATA 	Mouse: Left button down, pos=(695,148)
340.9924 	EXP 	slider_2: markerPos = 3.578125
341.0093 	EXP 	slider_2: markerPos = 3.578125
341.0259 	EXP 	slider_2: markerPos = 3.578125
341.0426 	EXP 	slider_2: markerPos = 3.578125
341.0593 	EXP 	slider_2: markerPos = 3.578125
341.0759 	EXP 	slider_2: markerPos = 3.578125
341.0925 	EXP 	slider_2: markerPos = 3.578125
341.1093 	EXP 	slider_2: markerPos = 3.578125
341.1260 	EXP 	slider_2: markerPos = 3.578125
341.1424 	EXP 	slider_2: markerPos = 3.578125
341.1485 	DATA 	Mouse:  Left button up, pos=(695,148)
341.1591 	EXP 	slider_2: markerPos = 3.578125
341.1760 	EXP 	slider_2: markerPos = 3.578125
341.1760 	EXP 	slider_2: rating = 3.578125
341.1799 	EXP 	New trial (rep=0, index=18): OrderedDict([('Imagenes', 'imagenes\\Galletas-festival.jpg'), ('Random', 0.36121121246191135), ('Correcto', None)])
341.2041 	EXP 	image_2: autoDraw = False
341.2041 	EXP 	slider_2: autoDraw = False
341.2041 	EXP 	image_2: image = 'imagenes\\Galletas-festival.jpg'
341.2041 	EXP 	slider_2: markerPos = None
341.2041 	EXP 	slider_2: markerPos = None
341.2041 	EXP 	slider_2: rating = None
343.1929 	EXP 	image_2: autoDraw = True
343.1929 	EXP 	slider_2: autoDraw = True
343.6938 	DATA 	Mouse: Left button down, pos=(695,148)
343.7088 	EXP 	slider_2: markerPos = 3.578125
343.7255 	EXP 	slider_2: markerPos = 3.578125
343.7421 	EXP 	slider_2: markerPos = 3.578125
343.7589 	EXP 	slider_2: markerPos = 3.578125
343.7755 	EXP 	slider_2: markerPos = 3.578125
343.7922 	EXP 	slider_2: markerPos = 3.578125
343.8089 	EXP 	slider_2: markerPos = 3.578125
343.8255 	EXP 	slider_2: markerPos = 3.578125
343.8423 	EXP 	slider_2: markerPos = 3.578125
343.8589 	EXP 	slider_2: markerPos = 3.578125
343.8754 	EXP 	slider_2: markerPos = 3.578125
343.8923 	EXP 	slider_2: markerPos = 3.578125
343.9090 	EXP 	slider_2: markerPos = 3.578125
343.9128 	DATA 	Mouse:  Left button up, pos=(695,148)
343.9257 	EXP 	slider_2: markerPos = 3.578125
343.9424 	EXP 	slider_2: markerPos = 3.578125
343.9424 	EXP 	slider_2: rating = 3.578125
343.9461 	EXP 	New trial (rep=0, index=19): OrderedDict([('Imagenes', 'imagenes\\Manzana.jpg'), ('Random', 0.5168162194437935), ('Correcto', None)])
343.9824 	EXP 	image_2: autoDraw = False
343.9824 	EXP 	slider_2: autoDraw = False
343.9824 	EXP 	image_2: image = 'imagenes\\Manzana.jpg'
343.9824 	EXP 	slider_2: markerPos = None
343.9824 	EXP 	slider_2: markerPos = None
343.9824 	EXP 	slider_2: rating = None
345.9760 	EXP 	image_2: autoDraw = True
345.9760 	EXP 	slider_2: autoDraw = True
346.7314 	DATA 	Mouse: Left button down, pos=(695,148)
346.7589 	EXP 	slider_2: markerPos = 3.578125
346.7755 	EXP 	slider_2: markerPos = 3.578125
346.7922 	EXP 	slider_2: markerPos = 3.578125
346.8090 	EXP 	slider_2: markerPos = 3.578125
346.8255 	EXP 	slider_2: markerPos = 3.578125
346.8422 	EXP 	slider_2: markerPos = 3.578125
346.8590 	EXP 	slider_2: markerPos = 3.578125
346.8756 	EXP 	slider_2: markerPos = 3.578125
346.8922 	EXP 	slider_2: markerPos = 3.578125
346.9089 	EXP 	slider_2: markerPos = 3.578125
346.9112 	DATA 	Mouse:  Left button up, pos=(695,148)
346.9255 	EXP 	slider_2: markerPos = 3.578125
346.9255 	EXP 	slider_2: rating = 3.578125
346.9422 	EXP 	image_2: autoDraw = False
346.9422 	EXP 	slider_2: autoDraw = False
346.9422 	EXP 	text: autoDraw = True
351.9418 	EXP 	text: autoDraw = False
351.9418 	EXP 	text: autoDraw = False
351.9418 	EXP 	text_2: autoDraw = True
353.1638 	EXP 	window1: mouseVisible = True
