0.7888 	WARNING 	We strongly recommend you activate the PTB sound engine in PsychoPy prefs as the preferred audio engine. Its timing is vastly superior. Your prefs are currently set to use ['sounddevice', 'PTB', 'pyo', 'pygame'] (in that order).
9.0777 	EXP 	Created window1 = Window(allowGUI=False, allowStencil=False, args=UNKNOWN, autoLog=True, bitsMode=UNKNOWN, blendMode='avg', bpc=(8, 8, 8), color=array([1., 1., 1.]), colorSpace='rgb', depthBits=8, fullscr=<method-wrapper '__getattribute__' of attributeSetter object at 0x000001E3AD5175F8>, gamma=None, gammaErrorPolicy='raise', kwargs=UNKNOWN, lms=UNKNOWN, monitor=<psychopy.monitors.calibTools.Monitor object at 0x000001E3AD238DD8>, multiSample=False, name='window1', numSamples=2, pos=[0.0, 0.0], screen=0, size=array([1366,  768]), stencilBits=0, stereo=False, units='height', useFBO=True, useRetina=False, viewOri=0.0, viewPos=None, viewScale=None, waitBlanking=True, winType='pyglet')
9.0780 	EXP 	window1: mouseVisible = True
9.0781 	EXP 	window1: recordFrameIntervals = False
9.2402 	EXP 	window1: recordFrameIntervals = True
9.4242 	EXP 	window1: recordFrameIntervals = False
9.5841 	ERROR 	Unknown colorSpace: named
9.7343 	EXP 	Sound sonido_prueba set volume 1.000
9.7488 	EXP 	Created image_prueba = ImageStim(__class__=<class 'psychopy.visual.image.ImageStim'>, autoLog=True, color=array([1., 1., 1.]), colorSpace='rgb', contrast=1.0, depth=-1.0, flipHoriz=False, flipVert=False, image='imagenes/lapicero.jpg', interpolate=True, mask=None, maskParams=None, name='image_prueba', opacity=1.0, ori=0.0, pos=array([0. , 0.2]), size=array([0.5, 0.5]), texRes=128, units='height', win=Window(...))
9.7509 	EXP 	window1: mouseVisible = True
9.7980 	EXP 	Created slider_prueba = Slider(__class__=<class 'psychopy.visual.slider.Slider'>, autoDraw=False, autoLog=True, color='DimGrey', depth=-2, flip=False, font='HelveticaBold', granularity=0, labelHeight=0.05, labelWrapWidth=None, labels=('0', '1000', '2000', '3000', '4000', '5000'), name='slider_prueba', pos=(0, -0.3), readOnly=False, self=UNKNOWN, size=(1.0, 0.05), style=method-wrapper(...), ticks=array([1, 2, 3, 4, 5, 6]), units='height', win=Window(...))
9.7983 	EXP 	Sound sonido_exp set volume 1.000
9.8005 	EXP 	Created image_exp = ImageStim(__class__=<class 'psychopy.visual.image.ImageStim'>, autoLog=True, color=array([1., 1., 1.]), colorSpace='rgb', contrast=1.0, depth=-1.0, flipHoriz=False, flipVert=False, image='sin', interpolate=True, mask=None, maskParams=None, name='image_exp', opacity=1.0, ori=0.0, pos=array([0. , 0.2]), size=array([0.5, 0.5]), texRes=128, units='height', win=Window(...))
9.8010 	EXP 	window1: mouseVisible = True
9.8101 	EXP 	Created slider_exp = Slider(__class__=<class 'psychopy.visual.slider.Slider'>, autoDraw=False, autoLog=True, color='DimGrey', depth=-2, flip=False, font='HelveticaBold', granularity=0, labelHeight=0.05, labelWrapWidth=None, labels=('0', '1000', '2000', '3000', '4000', '5000'), name='slider_exp', pos=(0, -0.3), readOnly=False, self=UNKNOWN, size=(1.0, 0.05), style=method-wrapper(...), ticks=array([1, 2, 3, 4, 5, 6]), units='height', win=Window(...))
9.8424 	EXP 	Created text_2 = TextStim(__class__=<class 'psychopy.visual.text.TextStim'>, alignHoriz=method-wrapper(...), alignText='center', alignVert=method-wrapper(...), anchorHoriz='center', anchorVert='center', antialias=True, autoLog=True, bold=False, color='white', colorSpace='named', contrast=1.0, depth=0.0, flipHoriz=False, flipVert=False, font='Arial', fontFiles=[], height=0.05, italic=False, languageStyle='LTR', name='text_2', opacity=1.0, ori=0, pos=array([0., 0.]), rgb=array([255., 255., 255.]), text=str(...), units='height', win=Window(...), wrapWidth=1)
9.8613 	EXP 	Created text_3 = TextStim(__class__=<class 'psychopy.visual.text.TextStim'>, alignHoriz=method-wrapper(...), alignText='center', alignVert=method-wrapper(...), anchorHoriz='center', anchorVert='center', antialias=True, autoLog=True, bold=False, color='white', colorSpace='named', contrast=1.0, depth=0.0, flipHoriz=False, flipVert=False, font='Arial', fontFiles=[], height=0.05, italic=False, languageStyle='LTR', name='text_3', opacity=1.0, ori=0, pos=array([0., 0.]), rgb=array([255., 255., 255.]), text=str(...), units='height', win=Window(...), wrapWidth=1)
9.8754 	EXP 	Created text = TextStim(__class__=<class 'psychopy.visual.text.TextStim'>, alignHoriz=method-wrapper(...), alignText='center', alignVert=method-wrapper(...), anchorHoriz='center', anchorVert='center', antialias=True, autoLog=True, bold=False, color='white', colorSpace='named', contrast=1.0, depth=-1.0, flipHoriz=False, flipVert=False, font='Arial', fontFiles=[], height=0.1, italic=False, languageStyle='LTR', name='text', opacity=1.0, ori=0, pos=array([0.  , 0.15]), rgb=array([255., 255., 255.]), text='default text', units='height', win=Window(...), wrapWidth=1)
9.8774 	EXP 	Created text_4 = TextStim(__class__=<class 'psychopy.visual.text.TextStim'>, alignHoriz=method-wrapper(...), alignText='center', alignVert=method-wrapper(...), anchorHoriz='center', anchorVert='center', antialias=True, autoLog=True, bold=False, color='white', colorSpace='named', contrast=1.0, depth=-1.0, flipHoriz=False, flipVert=False, font='Arial', fontFiles=[], height=0.1, italic=False, languageStyle='LTR', name='text_4', opacity=1.0, ori=0, pos=array([0., 0.]), rgb=array([255., 255., 255.]), text='default text', units='height', win=Window(...), wrapWidth=1)
9.8793 	EXP 	Created image = ImageStim(__class__=<class 'psychopy.visual.image.ImageStim'>, autoLog=True, color=array([1., 1., 1.]), colorSpace='rgb', contrast=1.0, depth=0.0, flipHoriz=False, flipVert=False, image='sin', interpolate=True, mask=None, maskParams=None, name='image', opacity=1.0, ori=0.0, pos=array([0. , 0.2]), size=array([0.5, 0.5]), texRes=128, units='height', win=Window(...))
9.8813 	EXP 	Created texto_final = TextStim(__class__=<class 'psychopy.visual.text.TextStim'>, alignHoriz=method-wrapper(...), alignText='center', alignVert=method-wrapper(...), anchorHoriz='center', anchorVert='center', antialias=True, autoLog=True, bold=False, color='white', colorSpace='named', contrast=1.0, depth=-1.0, flipHoriz=False, flipVert=False, font='Arial', fontFiles=[], height=0.1, italic=False, languageStyle='LTR', name='texto_final', opacity=1.0, ori=0, pos=array([0., 0.]), rgb=array([255., 255., 255.]), text='default text', units='height', win=Window(...), wrapWidth=1)
9.9176 	EXP 	mensaje_intro: autoLog = True
9.9176 	EXP 	mensaje_intro_2: autoLog = True
9.9176 	EXP 	slider_prueba: autoLog = True
9.9176 	EXP 	slider_prueba: markerPos = None
9.9176 	EXP 	slider_prueba: rating = None
9.9176 	EXP 	slider_prueba: markerPos = None
9.9176 	EXP 	slider_prueba: contrast = 1.0
9.9176 	EXP 	slider_prueba: autoLog = True
9.9176 	EXP 	slider_prueba: style = ['whiteOnBlack']
9.9176 	EXP 	slider_exp: autoLog = True
9.9176 	EXP 	slider_exp: markerPos = None
9.9176 	EXP 	slider_exp: rating = None
9.9176 	EXP 	slider_exp: markerPos = None
9.9176 	EXP 	slider_exp: contrast = 1.0
9.9176 	EXP 	slider_exp: autoLog = True
9.9176 	EXP 	slider_exp: style = ['rating']
9.9176 	EXP 	mensaje_intro: autoDraw = True
10.6194 	DATA 	Keypress: space
10.6297 	EXP 	mensaje_intro: autoDraw = False
10.6297 	EXP 	mensaje_intro_2: autoDraw = True
11.6135 	DATA 	Keypress: space
11.6234 	EXP 	mensaje_intro_2: autoDraw = False
11.6234 	EXP 	slider_prueba: markerPos = None
11.6234 	EXP 	slider_prueba: markerPos = None
11.6234 	EXP 	slider_prueba: rating = None
12.6367 	EXP 	image_prueba: autoDraw = True
12.6367 	EXP 	slider_prueba: autoDraw = True
13.8257 	DATA 	Mouse: Left button down, pos=(683,161)
13.8400 	EXP 	slider_prueba: markerPos = 3.5
13.8566 	EXP 	slider_prueba: markerPos = 3.5
13.8731 	EXP 	slider_prueba: markerPos = 3.5
13.8900 	EXP 	slider_prueba: markerPos = 3.5
13.9063 	EXP 	slider_prueba: markerPos = 3.5
13.9232 	EXP 	slider_prueba: markerPos = 3.5
13.9256 	DATA 	Mouse:  Left button up, pos=(683,161)
13.9401 	EXP 	slider_prueba: markerPos = 3.5
13.9401 	EXP 	slider_prueba: rating = 3.5
13.9730 	EXP 	Imported ruidos.xlsx as conditions, 4 conditions, 2 params
13.9732 	EXP 	Created sequence: random, trialTypes=4, nReps=1, seed=None
13.9734 	EXP 	New trial (rep=0, index=0): OrderedDict([('Hertz', 1000), ('volumen', 0.0)])
13.9792 	EXP 	Imported imagenes.xlsx as conditions, 36 conditions, 3 params
13.9794 	EXP 	Created sequence: random, trialTypes=36, nReps=1, seed=None
13.9796 	EXP 	New trial (rep=0, index=0): OrderedDict([('Imagenes', 'imagenes/Galletas Tosh.jpg'), ('Random', 0.9129693753280027), ('Correcto', None)])
14.0137 	EXP 	image_prueba: autoDraw = False
14.0137 	EXP 	slider_prueba: autoDraw = False
14.0137 	EXP 	image_exp: image = 'imagenes/Galletas Tosh.jpg'
14.0137 	EXP 	slider_exp: markerPos = None
14.0137 	EXP 	slider_exp: markerPos = None
14.0137 	EXP 	slider_exp: rating = None
15.0064 	EXP 	image_exp: autoDraw = True
15.0064 	EXP 	slider_exp: autoDraw = True
15.5592 	DATA 	Mouse: Left button down, pos=(668,155)
15.5732 	EXP 	slider_exp: markerPos = 3.40234375
15.5899 	EXP 	slider_exp: markerPos = 3.40234375
15.6064 	EXP 	slider_exp: markerPos = 3.40234375
15.6230 	EXP 	slider_exp: markerPos = 3.40234375
15.6400 	EXP 	slider_exp: markerPos = 3.40234375
15.6426 	DATA 	Mouse:  Left button up, pos=(668,155)
15.6566 	EXP 	slider_exp: markerPos = 3.40234375
15.6566 	EXP 	slider_exp: rating = 3.40234375
15.7648 	EXP 	window1: mouseVisible = True
