0.8033 	WARNING 	We strongly recommend you activate the PTB sound engine in PsychoPy prefs as the preferred audio engine. Its timing is vastly superior. Your prefs are currently set to use ['sounddevice', 'PTB', 'pyo', 'pygame'] (in that order).
8.5822 	EXP 	Created window1 = Window(allowGUI=False, allowStencil=False, args=UNKNOWN, autoLog=True, bitsMode=UNKNOWN, blendMode='avg', bpc=(8, 8, 8), color=array([1., 1., 1.]), colorSpace='rgb', depthBits=8, fullscr=<method-wrapper '__getattribute__' of attributeSetter object at 0x00000186188975C0>, gamma=None, gammaErrorPolicy='raise', kwargs=UNKNOWN, lms=UNKNOWN, monitor=<psychopy.monitors.calibTools.Monitor object at 0x00000186185B8DA0>, multiSample=False, name='window1', numSamples=2, pos=[0.0, 0.0], screen=0, size=array([1366,  768]), stencilBits=0, stereo=False, units='height', useFBO=True, useRetina=False, viewOri=0.0, viewPos=None, viewScale=None, waitBlanking=True, winType='pyglet')
8.5825 	EXP 	window1: mouseVisible = True
8.5826 	EXP 	window1: recordFrameIntervals = False
8.7464 	EXP 	window1: recordFrameIntervals = True
8.9298 	EXP 	window1: recordFrameIntervals = False
9.1150 	ERROR 	Unknown colorSpace: named
9.3945 	EXP 	Sound sonido_prueba set volume 1.000
9.4226 	EXP 	Created image_prueba = ImageStim(__class__=<class 'psychopy.visual.image.ImageStim'>, autoLog=True, color=array([1., 1., 1.]), colorSpace='rgb', contrast=1.0, depth=-1.0, flipHoriz=False, flipVert=False, image='imagenes/lapicero.jpg', interpolate=True, mask=None, maskParams=None, name='image_prueba', opacity=1.0, ori=0.0, pos=array([0. , 0.2]), size=array([0.5, 0.5]), texRes=128, units='height', win=Window(...))
9.4274 	EXP 	window1: mouseVisible = True
9.5259 	EXP 	Created slider_prueba = Slider(__class__=<class 'psychopy.visual.slider.Slider'>, autoDraw=False, autoLog=True, color='DimGrey', depth=-2, flip=False, font='HelveticaBold', granularity=0, labelHeight=0.05, labelWrapWidth=None, labels=('0', '1000', '2000', '3000', '4000', '5000'), name='slider_prueba', pos=(0, -0.3), readOnly=False, self=UNKNOWN, size=(1.0, 0.05), style=method-wrapper(...), ticks=array([1, 2, 3, 4, 5, 6]), units='height', win=Window(...))
9.5263 	EXP 	Sound sonido_exp set volume 1.000
9.5301 	EXP 	Created image_exp = ImageStim(__class__=<class 'psychopy.visual.image.ImageStim'>, autoLog=True, color=array([1., 1., 1.]), colorSpace='rgb', contrast=1.0, depth=-1.0, flipHoriz=False, flipVert=False, image='sin', interpolate=True, mask=None, maskParams=None, name='image_exp', opacity=1.0, ori=0.0, pos=array([0. , 0.2]), size=array([0.5, 0.5]), texRes=128, units='height', win=Window(...))
9.5311 	EXP 	window1: mouseVisible = True
9.5512 	EXP 	Created slider_exp = Slider(__class__=<class 'psychopy.visual.slider.Slider'>, autoDraw=False, autoLog=True, color='DimGrey', depth=-2, flip=False, font='HelveticaBold', granularity=0, labelHeight=0.05, labelWrapWidth=None, labels=('0', '1000', '2000', '3000', '4000', '5000'), name='slider_exp', pos=(0, -0.3), readOnly=False, self=UNKNOWN, size=(1.0, 0.05), style=method-wrapper(...), ticks=array([1, 2, 3, 4, 5, 6]), units='height', win=Window(...))
9.6213 	EXP 	Created text_2 = TextStim(__class__=<class 'psychopy.visual.text.TextStim'>, alignHoriz=method-wrapper(...), alignText='center', alignVert=method-wrapper(...), anchorHoriz='center', anchorVert='center', antialias=True, autoLog=True, bold=False, color='white', colorSpace='named', contrast=1.0, depth=0.0, flipHoriz=False, flipVert=False, font='Arial', fontFiles=[], height=0.05, italic=False, languageStyle='LTR', name='text_2', opacity=1.0, ori=0, pos=array([0., 0.]), rgb=array([255., 255., 255.]), text=str(...), units='height', win=Window(...), wrapWidth=1)
9.6609 	EXP 	Created text_3 = TextStim(__class__=<class 'psychopy.visual.text.TextStim'>, alignHoriz=method-wrapper(...), alignText='center', alignVert=method-wrapper(...), anchorHoriz='center', anchorVert='center', antialias=True, autoLog=True, bold=False, color='white', colorSpace='named', contrast=1.0, depth=0.0, flipHoriz=False, flipVert=False, font='Arial', fontFiles=[], height=0.05, italic=False, languageStyle='LTR', name='text_3', opacity=1.0, ori=0, pos=array([0., 0.]), rgb=array([255., 255., 255.]), text=str(...), units='height', win=Window(...), wrapWidth=1)
9.6894 	EXP 	Created text = TextStim(__class__=<class 'psychopy.visual.text.TextStim'>, alignHoriz=method-wrapper(...), alignText='center', alignVert=method-wrapper(...), anchorHoriz='center', anchorVert='center', antialias=True, autoLog=True, bold=False, color='white', colorSpace='named', contrast=1.0, depth=-1.0, flipHoriz=False, flipVert=False, font='Arial', fontFiles=[], height=0.1, italic=False, languageStyle='LTR', name='text', opacity=1.0, ori=0, pos=array([0.  , 0.15]), rgb=array([255., 255., 255.]), text='default text', units='height', win=Window(...), wrapWidth=1)
9.6938 	EXP 	Created text_4 = TextStim(__class__=<class 'psychopy.visual.text.TextStim'>, alignHoriz=method-wrapper(...), alignText='center', alignVert=method-wrapper(...), anchorHoriz='center', anchorVert='center', antialias=True, autoLog=True, bold=False, color='white', colorSpace='named', contrast=1.0, depth=-1.0, flipHoriz=False, flipVert=False, font='Arial', fontFiles=[], height=0.1, italic=False, languageStyle='LTR', name='text_4', opacity=1.0, ori=0, pos=array([0., 0.]), rgb=array([255., 255., 255.]), text='default text', units='height', win=Window(...), wrapWidth=1)
9.6972 	EXP 	Created image = ImageStim(__class__=<class 'psychopy.visual.image.ImageStim'>, autoLog=True, color=array([1., 1., 1.]), colorSpace='rgb', contrast=1.0, depth=0.0, flipHoriz=False, flipVert=False, image='sin', interpolate=True, mask=None, maskParams=None, name='image', opacity=1.0, ori=0.0, pos=array([0. , 0.2]), size=array([0.5, 0.5]), texRes=128, units='height', win=Window(...))
9.7014 	EXP 	Created texto_final = TextStim(__class__=<class 'psychopy.visual.text.TextStim'>, alignHoriz=method-wrapper(...), alignText='center', alignVert=method-wrapper(...), anchorHoriz='center', anchorVert='center', antialias=True, autoLog=True, bold=False, color='white', colorSpace='named', contrast=1.0, depth=-1.0, flipHoriz=False, flipVert=False, font='Arial', fontFiles=[], height=0.1, italic=False, languageStyle='LTR', name='texto_final', opacity=1.0, ori=0, pos=array([0., 0.]), rgb=array([255., 255., 255.]), text='default text', units='height', win=Window(...), wrapWidth=1)
9.7382 	EXP 	mensaje_intro: autoLog = True
9.7382 	EXP 	mensaje_intro_2: autoLog = True
9.7382 	EXP 	slider_prueba: autoLog = True
9.7382 	EXP 	slider_prueba: markerPos = None
9.7382 	EXP 	slider_prueba: rating = None
9.7382 	EXP 	slider_prueba: markerPos = None
9.7382 	EXP 	slider_prueba: contrast = 1.0
9.7382 	EXP 	slider_prueba: autoLog = True
9.7382 	EXP 	slider_prueba: style = ['rating']
9.7382 	EXP 	slider_exp: autoLog = True
9.7382 	EXP 	slider_exp: markerPos = None
9.7382 	EXP 	slider_exp: rating = None
9.7382 	EXP 	slider_exp: markerPos = None
9.7382 	EXP 	slider_exp: contrast = 1.0
9.7382 	EXP 	slider_exp: autoLog = True
9.7382 	EXP 	slider_exp: style = ['rating']
9.7382 	EXP 	mensaje_intro: autoDraw = True
10.4082 	DATA 	Keypress: space
10.4181 	EXP 	mensaje_intro: autoDraw = False
10.4181 	EXP 	mensaje_intro_2: autoDraw = True
11.0341 	DATA 	Keypress: space
11.0444 	EXP 	mensaje_intro_2: autoDraw = False
11.0444 	EXP 	slider_prueba: markerPos = None
11.0444 	EXP 	slider_prueba: markerPos = None
11.0444 	EXP 	slider_prueba: rating = None
12.0496 	EXP 	image_prueba: autoDraw = True
12.0496 	EXP 	slider_prueba: autoDraw = True
13.1636 	DATA 	Mouse: Left button down, pos=(690,156)
13.1780 	EXP 	slider_prueba: markerPos = 3.545572916666667
13.1945 	EXP 	slider_prueba: markerPos = 3.545572916666667
13.2114 	EXP 	slider_prueba: markerPos = 3.545572916666667
13.2279 	EXP 	slider_prueba: markerPos = 3.545572916666667
13.2442 	EXP 	slider_prueba: markerPos = 3.545572916666667
13.2610 	EXP 	slider_prueba: markerPos = 3.545572916666667
13.2637 	DATA 	Mouse:  Left button up, pos=(690,156)
13.2775 	EXP 	slider_prueba: markerPos = 3.545572916666667
13.2775 	EXP 	slider_prueba: rating = 3.545572916666667
13.3089 	EXP 	Imported ruidos.xlsx as conditions, 4 conditions, 2 params
13.3091 	EXP 	Created sequence: random, trialTypes=4, nReps=1, seed=None
13.3093 	EXP 	New trial (rep=0, index=0): OrderedDict([('Hertz', 400), ('volumen', 0.02)])
13.3150 	EXP 	Imported imagenes.xlsx as conditions, 36 conditions, 3 params
13.3153 	EXP 	Created sequence: random, trialTypes=36, nReps=1, seed=None
13.3155 	EXP 	New trial (rep=0, index=0): OrderedDict([('Imagenes', 'imagenes/salchicha hojaldrada.jpg'), ('Random', 0.7119773165481526), ('Correcto', None)])
13.3236 	EXP 	image_prueba: autoDraw = False
13.3236 	EXP 	slider_prueba: autoDraw = False
13.3236 	EXP 	image_exp: image = 'imagenes/salchicha hojaldrada.jpg'
13.3236 	EXP 	slider_exp: markerPos = None
13.3236 	EXP 	slider_exp: markerPos = None
13.3236 	EXP 	slider_exp: rating = None
14.3112 	EXP 	image_exp: autoDraw = True
14.3112 	EXP 	slider_exp: autoDraw = True
15.4641 	DATA 	Keypress: escape
15.6545 	EXP 	window1: mouseVisible = True
