1.0033 	WARNING 	We strongly recommend you activate the PTB sound engine in PsychoPy prefs as the preferred audio engine. Its timing is vastly superior. Your prefs are currently set to use ['sounddevice', 'PTB', 'pyo', 'pygame'] (in that order).
7.7534 	EXP 	Created window1 = Window(allowGUI=False, allowStencil=False, args=UNKNOWN, autoLog=True, bitsMode=UNKNOWN, blendMode='avg', bpc=(8, 8, 8), color=array([1., 1., 1.]), colorSpace='rgb', depthBits=8, fullscr=<method-wrapper '__getattribute__' of attributeSetter object at 0x000001E9C2F4F400>, gamma=None, gammaErrorPolicy='raise', kwargs=UNKNOWN, lms=UNKNOWN, monitor=<psychopy.monitors.calibTools.Monitor object at 0x000001E9C2ED6BE0>, multiSample=False, name='window1', numSamples=2, pos=[0.0, 0.0], screen=0, size=array([1366,  768]), stencilBits=0, stereo=False, units='height', useFBO=True, useRetina=False, viewOri=0.0, viewPos=None, viewScale=None, waitBlanking=True, winType='pyglet')
7.7537 	EXP 	window1: mouseVisible = True
7.7537 	EXP 	window1: recordFrameIntervals = False
7.9199 	EXP 	window1: recordFrameIntervals = True
8.1030 	EXP 	window1: recordFrameIntervals = False
8.2468 	ERROR 	Unknown colorSpace: named
8.4394 	EXP 	Sound Sonido set volume 1.000
8.4448 	EXP 	Created image_2 = ImageStim(__class__=<class 'psychopy.visual.image.ImageStim'>, autoLog=True, color=array([1., 1., 1.]), colorSpace='rgb', contrast=1.0, depth=-1.0, flipHoriz=False, flipVert=False, image='sin', interpolate=True, mask=None, maskParams=None, name='image_2', opacity=1.0, ori=0.0, pos=array([0. , 0.2]), size=array([0.5, 0.5]), texRes=128, units='height', win=Window(...))
8.4468 	EXP 	window1: mouseVisible = True
8.4957 	EXP 	Created slider_2 = Slider(__class__=<class 'psychopy.visual.slider.Slider'>, autoDraw=False, autoLog=True, color='DarkGrey', depth=-2, flip=False, font='HelveticaBold', granularity=0, labelHeight=0.05, labelWrapWidth=None, labels=('0', '1000', '2000', '3000', '4000', '5000'), name='slider_2', pos=(0, -0.3), readOnly=False, self=UNKNOWN, size=(1.0, 0.05), style=method-wrapper(...), ticks=array([1, 2, 3, 4, 5, 6]), units='height', win=Window(...))
8.5305 	EXP 	Created text_2 = TextStim(__class__=<class 'psychopy.visual.text.TextStim'>, alignHoriz=method-wrapper(...), alignText='center', alignVert=method-wrapper(...), anchorHoriz='center', anchorVert='center', antialias=True, autoLog=True, bold=False, color='white', colorSpace='named', contrast=1.0, depth=0.0, flipHoriz=False, flipVert=False, font='Arial', fontFiles=[], height=0.05, italic=False, languageStyle='LTR', name='text_2', opacity=1.0, ori=0, pos=array([0., 0.]), rgb=array([255., 255., 255.]), text=str(...), units='height', win=Window(...), wrapWidth=1)
8.5503 	EXP 	Created text_3 = TextStim(__class__=<class 'psychopy.visual.text.TextStim'>, alignHoriz=method-wrapper(...), alignText='center', alignVert=method-wrapper(...), anchorHoriz='center', anchorVert='center', antialias=True, autoLog=True, bold=False, color='white', colorSpace='named', contrast=1.0, depth=0.0, flipHoriz=False, flipVert=False, font='Arial', fontFiles=[], height=0.05, italic=False, languageStyle='LTR', name='text_3', opacity=1.0, ori=0, pos=array([0., 0.]), rgb=array([255., 255., 255.]), text=str(...), units='height', win=Window(...), wrapWidth=1)
8.5657 	EXP 	Created text = TextStim(__class__=<class 'psychopy.visual.text.TextStim'>, alignHoriz=method-wrapper(...), alignText='center', alignVert=method-wrapper(...), anchorHoriz='center', anchorVert='center', antialias=True, autoLog=True, bold=False, color='white', colorSpace='named', contrast=1.0, depth=-1.0, flipHoriz=False, flipVert=False, font='Arial', fontFiles=[], height=0.1, italic=False, languageStyle='LTR', name='text', opacity=1.0, ori=0, pos=array([0.  , 0.15]), rgb=array([255., 255., 255.]), text='default text', units='height', win=Window(...), wrapWidth=1)
8.5680 	EXP 	Created text_4 = TextStim(__class__=<class 'psychopy.visual.text.TextStim'>, alignHoriz=method-wrapper(...), alignText='center', alignVert=method-wrapper(...), anchorHoriz='center', anchorVert='center', antialias=True, autoLog=True, bold=False, color='white', colorSpace='named', contrast=1.0, depth=-1.0, flipHoriz=False, flipVert=False, font='Arial', fontFiles=[], height=0.1, italic=False, languageStyle='LTR', name='text_4', opacity=1.0, ori=0, pos=array([0., 0.]), rgb=array([255., 255., 255.]), text='default text', units='height', win=Window(...), wrapWidth=1)
8.5698 	EXP 	Created image = ImageStim(__class__=<class 'psychopy.visual.image.ImageStim'>, autoLog=True, color=array([1., 1., 1.]), colorSpace='rgb', contrast=1.0, depth=0.0, flipHoriz=False, flipVert=False, image='sin', interpolate=True, mask=None, maskParams=None, name='image', opacity=1.0, ori=0.0, pos=array([0. , 0.2]), size=array([0.5, 0.5]), texRes=128, units='height', win=Window(...))
8.5719 	EXP 	Created texto_final = TextStim(__class__=<class 'psychopy.visual.text.TextStim'>, alignHoriz=method-wrapper(...), alignText='center', alignVert=method-wrapper(...), anchorHoriz='center', anchorVert='center', antialias=True, autoLog=True, bold=False, color='white', colorSpace='named', contrast=1.0, depth=-1.0, flipHoriz=False, flipVert=False, font='Arial', fontFiles=[], height=0.1, italic=False, languageStyle='LTR', name='texto_final', opacity=1.0, ori=0, pos=array([0., 0.]), rgb=array([255., 255., 255.]), text='default text', units='height', win=Window(...), wrapWidth=1)
8.6036 	EXP 	mensaje_intro: autoLog = True
8.6036 	EXP 	mensaje_intro_2: autoLog = True
8.6036 	EXP 	slider_2: autoLog = True
8.6036 	EXP 	slider_2: markerPos = None
8.6036 	EXP 	slider_2: rating = None
8.6036 	EXP 	slider_2: markerPos = None
8.6036 	EXP 	slider_2: contrast = 1.0
8.6036 	EXP 	slider_2: autoLog = True
8.6036 	EXP 	slider_2: style = ['rating']
8.6036 	EXP 	mensaje_intro: autoDraw = True
8.8662 	DATA 	Keypress: space
8.8761 	EXP 	mensaje_intro: autoDraw = False
8.8761 	EXP 	mensaje_intro_2: autoDraw = True
9.5773 	DATA 	Keypress: space
9.6383 	EXP 	Imported ruidos.xlsx as conditions, 4 conditions, 2 params
9.6388 	EXP 	Created sequence: random, trialTypes=4, nReps=1, seed=None
9.6392 	EXP 	New trial (rep=0, index=0): OrderedDict([('Hertz', 1000), ('volumen', 0.0)])
9.6522 	EXP 	Imported imagenes.xlsx as conditions, 36 conditions, 3 params
9.6527 	EXP 	Created sequence: random, trialTypes=36, nReps=1, seed=None
9.6532 	EXP 	New trial (rep=0, index=0): OrderedDict([('Imagenes', 'imagenes/Uvas.jpg'), ('Random', 0.4959291644143431), ('Correcto', None)])
9.6952 	EXP 	mensaje_intro_2: autoDraw = False
9.6952 	EXP 	image_2: image = 'imagenes/Uvas.jpg'
9.6952 	EXP 	slider_2: markerPos = None
9.6952 	EXP 	slider_2: markerPos = None
9.6952 	EXP 	slider_2: rating = None
10.7339 	EXP 	image_2: autoDraw = True
10.7339 	EXP 	slider_2: autoDraw = True
12.6051 	EXP 	New trial (rep=0, index=1): OrderedDict([('Imagenes', 'imagenes/Nutella (1).jpg'), ('Random', 0.8826531883338111), ('Correcto', None)])
12.6317 	EXP 	image_2: autoDraw = False
12.6317 	EXP 	slider_2: autoDraw = False
12.6317 	EXP 	image_2: image = 'imagenes/Nutella (1).jpg'
12.6317 	EXP 	slider_2: markerPos = None
12.6317 	EXP 	slider_2: markerPos = None
12.6317 	EXP 	slider_2: rating = None
13.3718 	DATA 	Mouse: Left button down, pos=(545,185)
13.5882 	DATA 	Mouse:  Left button up, pos=(545,185)
13.6200 	EXP 	image_2: autoDraw = True
13.6200 	EXP 	slider_2: autoDraw = True
14.7716 	DATA 	Keypress: escape
14.9886 	EXP 	window1: mouseVisible = True
