1.4543 	WARNING 	We strongly recommend you activate the PTB sound engine in PsychoPy prefs as the preferred audio engine. Its timing is vastly superior. Your prefs are currently set to use ['sounddevice', 'PTB', 'pyo', 'pygame'] (in that order).
25.1365 	WARNING 	User requested fullscreen with size [1024  768], but screen is actually [1366, 768]. Using actual size
26.8409 	EXP 	Created window1 = Window(allowGUI=False, allowStencil=False, args=UNKNOWN, autoLog=True, bitsMode=UNKNOWN, blendMode='avg', bpc=(8, 8, 8), color=array([0., 0., 0.]), colorSpace='rgb', depthBits=8, fullscr=<method-wrapper '__getattribute__' of attributeSetter object at 0x000001CD3AB1E518>, gamma=None, gammaErrorPolicy='raise', kwargs=UNKNOWN, lms=UNKNOWN, monitor=<psychopy.monitors.calibTools.Monitor object at 0x000001CD3A8FB588>, multiSample=False, name='window1', numSamples=2, pos=[0.0, 0.0], screen=0, size=array([1366,  768]), stencilBits=0, stereo=False, units='height', useFBO=True, useRetina=False, viewOri=0.0, viewPos=None, viewScale=None, waitBlanking=True, winType='pyglet')
26.8416 	EXP 	window1: mouseVisible = True
26.8417 	EXP 	window1: recordFrameIntervals = False
27.0057 	EXP 	window1: recordFrameIntervals = True
27.1898 	EXP 	window1: recordFrameIntervals = False
27.7256 	EXP 	Sound Sonido set volume 1.000
27.7391 	EXP 	Created image_2 = ImageStim(__class__=<class 'psychopy.visual.image.ImageStim'>, autoLog=True, color=array([1., 1., 1.]), colorSpace='rgb', contrast=1.0, depth=-1.0, flipHoriz=False, flipVert=False, image='sin', interpolate=True, mask=None, maskParams=None, name='image_2', opacity=1.0, ori=0.0, pos=array([0. , 0.2]), size=array([0.5, 0.5]), texRes=128, units='height', win=Window(...))
27.7582 	EXP 	window1: mouseVisible = True
27.8240 	EXP 	Created slider_2 = Slider(__class__=<class 'psychopy.visual.slider.Slider'>, autoDraw=False, autoLog=True, color='LightGray', depth=0, flip=False, font='HelveticaBold', granularity=0, labelHeight=0.05, labelWrapWidth=None, labels=('0', '1000', '2000', '3000', '4000', '5000'), name='slider_2', pos=(0, -0.3), readOnly=False, self=UNKNOWN, size=(1.0, 0.05), style=method-wrapper(...), ticks=array([1, 2, 3, 4, 5, 6]), units='height', win=Window(...))
27.8610 	EXP 	Created text = TextStim(__class__=<class 'psychopy.visual.text.TextStim'>, alignHoriz=method-wrapper(...), alignText='center', alignVert=method-wrapper(...), anchorHoriz='center', anchorVert='center', antialias=True, autoLog=True, bold=False, color='white', colorSpace='named', contrast=1.0, depth=-1.0, flipHoriz=False, flipVert=False, font='Arial', fontFiles=[], height=0.1, italic=False, languageStyle='LTR', name='text', opacity=1.0, ori=0, pos=array([0., 0.]), rgb=array([255., 255., 255.]), text='default text', units='height', win=Window(...), wrapWidth=1)
27.9942 	EXP 	Imported ruidos.xlsx as conditions, 4 conditions, 2 params
27.9954 	EXP 	Created sequence: random, trialTypes=4, nReps=1, seed=None
27.9965 	EXP 	New trial (rep=0, index=0): OrderedDict([('Hertz', 400), ('volumen', 0.02)])
28.0239 	EXP 	Imported imagenes.xlsx as conditions, 20 conditions, 3 params
28.0251 	EXP 	Created sequence: random, trialTypes=20, nReps=1, seed=None
28.0261 	EXP 	New trial (rep=0, index=0): OrderedDict([('Imagenes', 'imagenes\\Papas-limon.jpg'), ('Random', 0.020692288100133793), ('Correcto', None)])
28.1300 	EXP 	slider_2: autoLog = True
28.1300 	EXP 	slider_2: markerPos = None
28.1300 	EXP 	slider_2: rating = None
28.1300 	EXP 	slider_2: markerPos = None
28.1300 	EXP 	slider_2: contrast = 1.0
28.1300 	EXP 	slider_2: autoLog = True
28.1300 	EXP 	slider_2: style = ['rating']
28.1300 	EXP 	image_2: image = 'imagenes\\Papas-limon.jpg'
28.1300 	EXP 	slider_2: markerPos = None
28.1300 	EXP 	slider_2: markerPos = None
28.1300 	EXP 	slider_2: rating = None
28.1300 	EXP 	image_2: autoDraw = True
28.1300 	EXP 	slider_2: autoDraw = True
28.8956 	EXP 	New trial (rep=0, index=1): OrderedDict([('Imagenes', 'imagenes\\Rosquitas (1).jpg'), ('Random', 0.3035383390851263), ('Correcto', None)])
28.9538 	EXP 	image_2: autoDraw = False
28.9538 	EXP 	slider_2: autoDraw = False
28.9538 	EXP 	image_2: image = 'imagenes\\Rosquitas (1).jpg'
28.9538 	EXP 	slider_2: markerPos = None
28.9538 	EXP 	slider_2: markerPos = None
28.9538 	EXP 	slider_2: rating = None
28.9538 	EXP 	image_2: autoDraw = True
28.9538 	EXP 	slider_2: autoDraw = True
29.8934 	EXP 	New trial (rep=0, index=2): OrderedDict([('Imagenes', 'imagenes\\Papas-pollo.jpg'), ('Random', 0.6683114062971784), ('Correcto', None)])
29.9399 	EXP 	image_2: autoDraw = False
29.9399 	EXP 	slider_2: autoDraw = False
29.9399 	EXP 	image_2: image = 'imagenes\\Papas-pollo.jpg'
29.9399 	EXP 	slider_2: markerPos = None
29.9399 	EXP 	slider_2: markerPos = None
29.9399 	EXP 	slider_2: rating = None
29.9399 	EXP 	image_2: autoDraw = True
29.9399 	EXP 	slider_2: autoDraw = True
30.8929 	EXP 	New trial (rep=0, index=3): OrderedDict([('Imagenes', 'imagenes\\Mango.jpeg'), ('Random', 0.555669112372461), ('Correcto', None)])
30.9705 	EXP 	image_2: autoDraw = False
30.9705 	EXP 	slider_2: autoDraw = False
30.9705 	EXP 	image_2: image = 'imagenes\\Mango.jpeg'
30.9705 	EXP 	slider_2: markerPos = None
30.9705 	EXP 	slider_2: markerPos = None
30.9705 	EXP 	slider_2: rating = None
30.9705 	EXP 	image_2: autoDraw = True
30.9705 	EXP 	slider_2: autoDraw = True
31.2276 	DATA 	Mouse: Left button down, pos=(681,158)
31.2393 	EXP 	slider_2: markerPos = 3.4869791666666665
31.2552 	EXP 	slider_2: markerPos = 3.4869791666666665
31.2719 	EXP 	slider_2: markerPos = 3.4869791666666665
31.2886 	EXP 	slider_2: markerPos = 3.4869791666666665
31.3053 	EXP 	slider_2: markerPos = 3.4869791666666665
31.3223 	EXP 	slider_2: markerPos = 3.4869791666666665
31.3388 	EXP 	slider_2: markerPos = 3.4869791666666665
31.3554 	EXP 	slider_2: markerPos = 3.4869791666666665
31.3662 	DATA 	Mouse:  Left button up, pos=(681,158)
31.3721 	EXP 	slider_2: markerPos = 3.4869791666666665
31.3888 	EXP 	slider_2: markerPos = 3.4869791666666665
31.3888 	EXP 	slider_2: rating = 3.4869791666666665
31.3946 	EXP 	New trial (rep=0, index=4): OrderedDict([('Imagenes', 'imagenes\\Uvas.jpg'), ('Random', 0.7734382152670648), ('Correcto', None)])
31.4804 	EXP 	image_2: autoDraw = False
31.4804 	EXP 	slider_2: autoDraw = False
31.4804 	EXP 	image_2: image = 'imagenes\\Uvas.jpg'
31.4804 	EXP 	slider_2: markerPos = None
31.4804 	EXP 	slider_2: markerPos = None
31.4804 	EXP 	slider_2: rating = None
31.4804 	EXP 	image_2: autoDraw = True
31.4804 	EXP 	slider_2: autoDraw = True
31.4944 	DATA 	Mouse: Left button down, pos=(681,158)
31.5047 	EXP 	slider_2: markerPos = 3.4869791666666665
31.5130 	EXP 	slider_2: markerPos = 3.4869791666666665
31.5240 	EXP 	slider_2: markerPos = 3.4869791666666665
31.5385 	EXP 	slider_2: markerPos = 3.4869791666666665
31.5552 	EXP 	slider_2: markerPos = 3.4869791666666665
31.5719 	EXP 	slider_2: markerPos = 3.4869791666666665
31.5886 	EXP 	slider_2: markerPos = 3.4869791666666665
31.5918 	DATA 	Mouse:  Left button up, pos=(681,158)
31.6056 	EXP 	slider_2: markerPos = 3.4869791666666665
31.6056 	EXP 	slider_2: rating = 3.4869791666666665
31.6124 	EXP 	New trial (rep=0, index=5): OrderedDict([('Imagenes', 'imagenes\\Brownie.jpg'), ('Random', 0.17000143351927688), ('Correcto', None)])
31.6947 	EXP 	image_2: autoDraw = False
31.6947 	EXP 	slider_2: autoDraw = False
31.6947 	EXP 	image_2: image = 'imagenes\\Brownie.jpg'
31.6947 	EXP 	slider_2: markerPos = None
31.6947 	EXP 	slider_2: markerPos = None
31.6947 	EXP 	slider_2: rating = None
31.6947 	EXP 	image_2: autoDraw = True
31.6947 	EXP 	slider_2: autoDraw = True
31.7108 	DATA 	Mouse: Left button down, pos=(681,158)
31.7387 	EXP 	slider_2: markerPos = 3.4869791666666665
31.7555 	EXP 	slider_2: markerPos = 3.4869791666666665
31.7720 	EXP 	slider_2: markerPos = 3.4869791666666665
31.7745 	DATA 	Mouse:  Left button up, pos=(681,158)
31.7887 	EXP 	slider_2: markerPos = 3.4869791666666665
31.7887 	EXP 	slider_2: rating = 3.4869791666666665
31.7945 	EXP 	New trial (rep=0, index=6): OrderedDict([('Imagenes', 'imagenes\\Yogurt-alpina.jpg'), ('Random', 0.21540995091807813), ('Correcto', None)])
31.8469 	EXP 	image_2: autoDraw = False
31.8469 	EXP 	slider_2: autoDraw = False
31.8469 	EXP 	image_2: image = 'imagenes\\Yogurt-alpina.jpg'
31.8469 	EXP 	slider_2: markerPos = None
31.8469 	EXP 	slider_2: markerPos = None
31.8469 	EXP 	slider_2: rating = None
31.8469 	EXP 	image_2: autoDraw = True
31.8469 	EXP 	slider_2: autoDraw = True
32.0257 	DATA 	Mouse: Left button down, pos=(681,158)
32.0392 	EXP 	slider_2: markerPos = 3.4869791666666665
32.0554 	EXP 	slider_2: markerPos = 3.4869791666666665
32.0720 	EXP 	slider_2: markerPos = 3.4869791666666665
32.0887 	EXP 	slider_2: markerPos = 3.4869791666666665
32.1055 	EXP 	slider_2: markerPos = 3.4869791666666665
32.1093 	DATA 	Mouse:  Left button up, pos=(681,158)
32.1220 	EXP 	slider_2: markerPos = 3.4869791666666665
32.1220 	EXP 	slider_2: rating = 3.4869791666666665
32.1279 	EXP 	New trial (rep=0, index=7): OrderedDict([('Imagenes', 'imagenes\\Manzana.jpg'), ('Random', 0.5168162194437935), ('Correcto', None)])
32.2064 	EXP 	image_2: autoDraw = False
32.2064 	EXP 	slider_2: autoDraw = False
32.2064 	EXP 	image_2: image = 'imagenes\\Manzana.jpg'
32.2064 	EXP 	slider_2: markerPos = None
32.2064 	EXP 	slider_2: markerPos = None
32.2064 	EXP 	slider_2: rating = None
32.2064 	EXP 	image_2: autoDraw = True
32.2064 	EXP 	slider_2: autoDraw = True
32.2915 	DATA 	Mouse: Left button down, pos=(681,158)
32.3055 	EXP 	slider_2: markerPos = 3.4869791666666665
32.3222 	EXP 	slider_2: markerPos = 3.4869791666666665
32.3386 	EXP 	slider_2: markerPos = 3.4869791666666665
32.3553 	EXP 	slider_2: markerPos = 3.4869791666666665
32.3719 	EXP 	slider_2: markerPos = 3.4869791666666665
32.3823 	DATA 	Mouse:  Left button up, pos=(681,158)
32.3887 	EXP 	slider_2: markerPos = 3.4869791666666665
32.4052 	EXP 	slider_2: markerPos = 3.4869791666666665
32.4052 	EXP 	slider_2: rating = 3.4869791666666665
32.4114 	EXP 	New trial (rep=0, index=8): OrderedDict([('Imagenes', 'imagenes\\Kiwi.jpg'), ('Random', 0.5893907384852061), ('Correcto', None)])
32.4596 	EXP 	image_2: autoDraw = False
32.4596 	EXP 	slider_2: autoDraw = False
32.4596 	EXP 	image_2: image = 'imagenes\\Kiwi.jpg'
32.4596 	EXP 	slider_2: markerPos = None
32.4596 	EXP 	slider_2: markerPos = None
32.4596 	EXP 	slider_2: rating = None
32.4596 	EXP 	image_2: autoDraw = True
32.4596 	EXP 	slider_2: autoDraw = True
32.5179 	DATA 	Mouse: Left button down, pos=(681,158)
32.5388 	EXP 	slider_2: markerPos = 3.4869791666666665
32.5552 	EXP 	slider_2: markerPos = 3.4869791666666665
32.5722 	EXP 	slider_2: markerPos = 3.4869791666666665
32.5886 	EXP 	slider_2: markerPos = 3.4869791666666665
32.5921 	DATA 	Mouse:  Left button up, pos=(681,158)
32.6055 	EXP 	slider_2: markerPos = 3.4869791666666665
32.6055 	EXP 	slider_2: rating = 3.4869791666666665
32.6121 	EXP 	New trial (rep=0, index=9): OrderedDict([('Imagenes', 'imagenes\\Galletas-festival.jpg'), ('Random', 0.36121121246191135), ('Correcto', None)])
32.7004 	EXP 	image_2: autoDraw = False
32.7004 	EXP 	slider_2: autoDraw = False
32.7004 	EXP 	image_2: image = 'imagenes\\Galletas-festival.jpg'
32.7004 	EXP 	slider_2: markerPos = None
32.7004 	EXP 	slider_2: markerPos = None
32.7004 	EXP 	slider_2: rating = None
32.7004 	EXP 	image_2: autoDraw = True
32.7004 	EXP 	slider_2: autoDraw = True
32.7062 	DATA 	Mouse: Left button down, pos=(681,158)
32.7164 	EXP 	slider_2: markerPos = 3.4869791666666665
32.7250 	EXP 	slider_2: markerPos = 3.4869791666666665
32.7385 	EXP 	slider_2: markerPos = 3.4869791666666665
32.7553 	EXP 	slider_2: markerPos = 3.4869791666666665
32.7718 	EXP 	slider_2: markerPos = 3.4869791666666665
32.7891 	EXP 	slider_2: markerPos = 3.4869791666666665
32.7919 	DATA 	Mouse:  Left button up, pos=(681,158)
32.8052 	EXP 	slider_2: markerPos = 3.4869791666666665
32.8052 	EXP 	slider_2: rating = 3.4869791666666665
32.8108 	EXP 	New trial (rep=0, index=10): OrderedDict([('Imagenes', 'imagenes\\bon-bon-bun.jpg'), ('Random', 0.7387922093313524), ('Correcto', None)])
32.8984 	DATA 	Mouse: Left button down, pos=(681,158)
32.9034 	EXP 	image_2: autoDraw = False
32.9034 	EXP 	slider_2: autoDraw = False
32.9034 	EXP 	image_2: image = 'imagenes\\bon-bon-bun.jpg'
32.9034 	EXP 	slider_2: markerPos = None
32.9034 	EXP 	slider_2: markerPos = None
32.9034 	EXP 	slider_2: rating = None
32.9034 	EXP 	image_2: autoDraw = True
32.9034 	EXP 	slider_2: autoDraw = True
32.9034 	EXP 	slider_2: markerPos = 3.4869791666666665
32.9089 	EXP 	slider_2: markerPos = 3.4869791666666665
32.9217 	EXP 	slider_2: markerPos = 3.4869791666666665
32.9383 	EXP 	slider_2: markerPos = 3.4869791666666665
32.9553 	EXP 	slider_2: markerPos = 3.4869791666666665
32.9658 	DATA 	Mouse:  Left button up, pos=(681,158)
32.9720 	EXP 	slider_2: markerPos = 3.4869791666666665
32.9888 	EXP 	slider_2: markerPos = 3.4869791666666665
32.9888 	EXP 	slider_2: rating = 3.4869791666666665
32.9946 	EXP 	New trial (rep=0, index=11): OrderedDict([('Imagenes', 'imagenes\\Popetas.jpg'), ('Random', 0.07650200324054446), ('Correcto', None)])
33.0950 	DATA 	Mouse: Left button down, pos=(681,158)
33.1004 	EXP 	image_2: autoDraw = False
33.1004 	EXP 	slider_2: autoDraw = False
33.1004 	EXP 	image_2: image = 'imagenes\\Popetas.jpg'
33.1004 	EXP 	slider_2: markerPos = None
33.1004 	EXP 	slider_2: markerPos = None
33.1004 	EXP 	slider_2: rating = None
33.1004 	EXP 	image_2: autoDraw = True
33.1004 	EXP 	slider_2: autoDraw = True
33.1004 	EXP 	slider_2: markerPos = 3.4869791666666665
33.1081 	EXP 	slider_2: markerPos = 3.4869791666666665
33.1137 	DATA 	Mouse:  Left button up, pos=(681,158)
33.1157 	EXP 	slider_2: markerPos = 3.4869791666666665
33.1249 	EXP 	slider_2: markerPos = 3.4869791666666665
33.1249 	EXP 	slider_2: rating = 3.4869791666666665
33.1309 	EXP 	New trial (rep=0, index=12): OrderedDict([('Imagenes', 'imagenes\\Alpinito.jpg'), ('Random', 0.4515332417045813), ('Correcto', None)])
33.2107 	EXP 	image_2: autoDraw = False
33.2107 	EXP 	slider_2: autoDraw = False
33.2107 	EXP 	image_2: image = 'imagenes\\Alpinito.jpg'
33.2107 	EXP 	slider_2: markerPos = None
33.2107 	EXP 	slider_2: markerPos = None
33.2107 	EXP 	slider_2: rating = None
33.2107 	EXP 	image_2: autoDraw = True
33.2107 	EXP 	slider_2: autoDraw = True
33.2411 	DATA 	Mouse: Left button down, pos=(681,158)
33.2554 	EXP 	slider_2: markerPos = 3.4869791666666665
33.2722 	EXP 	slider_2: markerPos = 3.4869791666666665
33.2748 	DATA 	Mouse:  Left button up, pos=(681,158)
33.2887 	EXP 	slider_2: markerPos = 3.4869791666666665
33.2887 	EXP 	slider_2: rating = 3.4869791666666665
33.2951 	EXP 	New trial (rep=0, index=13): OrderedDict([('Imagenes', 'imagenes\\Galletas Tosh.jpg'), ('Random', 0.478088790487872), ('Correcto', None)])
33.4029 	DATA 	Mouse: Left button down, pos=(681,158)
33.4102 	EXP 	image_2: autoDraw = False
33.4102 	EXP 	slider_2: autoDraw = False
33.4102 	EXP 	image_2: image = 'imagenes\\Galletas Tosh.jpg'
33.4102 	EXP 	slider_2: markerPos = None
33.4102 	EXP 	slider_2: markerPos = None
33.4102 	EXP 	slider_2: rating = None
33.4102 	EXP 	image_2: autoDraw = True
33.4102 	EXP 	slider_2: autoDraw = True
33.4102 	EXP 	slider_2: markerPos = 3.4869791666666665
33.4186 	EXP 	slider_2: markerPos = 3.4869791666666665
33.4270 	EXP 	slider_2: markerPos = 3.4869791666666665
33.4384 	EXP 	slider_2: markerPos = 3.4869791666666665
33.4411 	DATA 	Mouse:  Left button up, pos=(681,158)
33.4552 	EXP 	slider_2: markerPos = 3.4869791666666665
33.4552 	EXP 	slider_2: rating = 3.4869791666666665
33.4592 	EXP 	New trial (rep=0, index=14): OrderedDict([('Imagenes', 'imagenes\\Banano.jpeg'), ('Random', 0.651633055306917), ('Correcto', None)])
33.4934 	EXP 	image_2: autoDraw = False
33.4934 	EXP 	slider_2: autoDraw = False
33.4934 	EXP 	image_2: image = 'imagenes\\Banano.jpeg'
33.4934 	EXP 	slider_2: markerPos = None
33.4934 	EXP 	slider_2: markerPos = None
33.4934 	EXP 	slider_2: rating = None
33.4934 	EXP 	image_2: autoDraw = True
33.4934 	EXP 	slider_2: autoDraw = True
33.5290 	DATA 	Mouse: Left button down, pos=(681,158)
33.5551 	EXP 	slider_2: markerPos = 3.4869791666666665
33.5722 	EXP 	slider_2: markerPos = 3.4869791666666665
33.5887 	EXP 	slider_2: markerPos = 3.4869791666666665
33.6052 	EXP 	slider_2: markerPos = 3.4869791666666665
33.6218 	EXP 	slider_2: markerPos = 3.4869791666666665
33.6332 	DATA 	Mouse:  Left button up, pos=(681,158)
33.6390 	EXP 	slider_2: markerPos = 3.4869791666666665
33.6550 	EXP 	slider_2: markerPos = 3.4869791666666665
33.6550 	EXP 	slider_2: rating = 3.4869791666666665
33.6609 	EXP 	New trial (rep=0, index=15): OrderedDict([('Imagenes', 'imagenes\\Papas-naturales.jpg'), ('Random', 0.15856838916280946), ('Correcto', None)])
33.7106 	DATA 	Mouse: Left button down, pos=(681,158)
33.7177 	EXP 	image_2: autoDraw = False
33.7177 	EXP 	slider_2: autoDraw = False
33.7177 	EXP 	image_2: image = 'imagenes\\Papas-naturales.jpg'
33.7177 	EXP 	slider_2: markerPos = None
33.7177 	EXP 	slider_2: markerPos = None
33.7177 	EXP 	slider_2: rating = None
33.7177 	EXP 	image_2: autoDraw = True
33.7177 	EXP 	slider_2: autoDraw = True
33.7177 	EXP 	slider_2: markerPos = 3.4869791666666665
33.7269 	EXP 	slider_2: markerPos = 3.4869791666666665
33.7361 	EXP 	slider_2: markerPos = 3.4869791666666665
33.7443 	EXP 	slider_2: markerPos = 3.4869791666666665
33.7549 	EXP 	slider_2: markerPos = 3.4869791666666665
33.7716 	EXP 	slider_2: markerPos = 3.4869791666666665
33.7887 	EXP 	slider_2: markerPos = 3.4869791666666665
33.7913 	DATA 	Mouse:  Left button up, pos=(681,158)
33.8054 	EXP 	slider_2: markerPos = 3.4869791666666665
33.8054 	EXP 	slider_2: rating = 3.4869791666666665
33.8108 	EXP 	New trial (rep=0, index=16): OrderedDict([('Imagenes', 'imagenes\\Chocoramo.jfif.jpg'), ('Random', 0.7789437122019539), ('Correcto', None)])
33.8676 	DATA 	Mouse: Left button down, pos=(681,158)
33.8700 	EXP 	image_2: autoDraw = False
33.8700 	EXP 	slider_2: autoDraw = False
33.8700 	EXP 	image_2: image = 'imagenes\\Chocoramo.jfif.jpg'
33.8700 	EXP 	slider_2: markerPos = None
33.8700 	EXP 	slider_2: markerPos = None
33.8700 	EXP 	slider_2: rating = None
33.8700 	EXP 	image_2: autoDraw = True
33.8700 	EXP 	slider_2: autoDraw = True
33.8791 	EXP 	slider_2: markerPos = 3.4869791666666665
33.8884 	EXP 	slider_2: markerPos = 3.4869791666666665
33.9053 	EXP 	slider_2: markerPos = 3.4869791666666665
33.9218 	EXP 	slider_2: markerPos = 3.4869791666666665
33.9385 	EXP 	slider_2: markerPos = 3.4869791666666665
33.9422 	DATA 	Mouse:  Left button up, pos=(681,158)
33.9553 	EXP 	slider_2: markerPos = 3.4869791666666665
33.9553 	EXP 	slider_2: rating = 3.4869791666666665
33.9609 	EXP 	New trial (rep=0, index=17): OrderedDict([('Imagenes', 'imagenes\\Croissant.jpg'), ('Random', 0.6152458173421255), ('Correcto', None)])
34.0315 	DATA 	Mouse: Left button down, pos=(681,158)
34.0390 	EXP 	image_2: autoDraw = False
34.0390 	EXP 	slider_2: autoDraw = False
34.0390 	EXP 	image_2: image = 'imagenes\\Croissant.jpg'
34.0390 	EXP 	slider_2: markerPos = None
34.0390 	EXP 	slider_2: markerPos = None
34.0390 	EXP 	slider_2: rating = None
34.0390 	EXP 	image_2: autoDraw = True
34.0390 	EXP 	slider_2: autoDraw = True
34.0390 	EXP 	slider_2: markerPos = 3.4869791666666665
34.0472 	EXP 	slider_2: markerPos = 3.4869791666666665
34.0556 	EXP 	slider_2: markerPos = 3.4869791666666665
34.0717 	EXP 	slider_2: markerPos = 3.4869791666666665
34.0885 	EXP 	slider_2: markerPos = 3.4869791666666665
34.0911 	DATA 	Mouse:  Left button up, pos=(681,158)
34.1052 	EXP 	slider_2: markerPos = 3.4869791666666665
34.1052 	EXP 	slider_2: rating = 3.4869791666666665
34.1092 	EXP 	New trial (rep=0, index=18): OrderedDict([('Imagenes', 'imagenes\\Nutella (1).jpg'), ('Random', 0.5277483225747329), ('Correcto', None)])
34.1467 	EXP 	image_2: autoDraw = False
34.1467 	EXP 	slider_2: autoDraw = False
34.1467 	EXP 	image_2: image = 'imagenes\\Nutella (1).jpg'
34.1467 	EXP 	slider_2: markerPos = None
34.1467 	EXP 	slider_2: markerPos = None
34.1467 	EXP 	slider_2: rating = None
34.1467 	EXP 	image_2: autoDraw = True
34.1467 	EXP 	slider_2: autoDraw = True
34.1920 	DATA 	Mouse: Left button down, pos=(681,158)
34.2053 	EXP 	slider_2: markerPos = 3.4869791666666665
34.2220 	EXP 	slider_2: markerPos = 3.4869791666666665
34.2385 	EXP 	slider_2: markerPos = 3.4869791666666665
34.2490 	DATA 	Mouse:  Left button up, pos=(681,158)
34.2553 	EXP 	slider_2: markerPos = 3.4869791666666665
34.2718 	EXP 	slider_2: markerPos = 3.4869791666666665
34.2718 	EXP 	slider_2: rating = 3.4869791666666665
34.2777 	EXP 	New trial (rep=0, index=19): OrderedDict([('Imagenes', 'imagenes\\Leche-de-almendras.jpg'), ('Random', 0.36073876480313727), ('Correcto', None)])
34.4624 	DATA 	Mouse: Left button down, pos=(681,158)
34.4625 	DATA 	Mouse:  Left button up, pos=(681,158)
34.4685 	EXP 	image_2: autoDraw = False
34.4685 	EXP 	slider_2: autoDraw = False
34.4685 	EXP 	image_2: image = 'imagenes\\Leche-de-almendras.jpg'
34.4685 	EXP 	slider_2: markerPos = None
34.4685 	EXP 	slider_2: markerPos = None
34.4685 	EXP 	slider_2: rating = None
34.4685 	EXP 	image_2: autoDraw = True
34.4685 	EXP 	slider_2: autoDraw = True
34.6147 	DATA 	Mouse: Left button down, pos=(681,158)
34.6390 	EXP 	slider_2: markerPos = 3.4869791666666665
34.6555 	EXP 	slider_2: markerPos = 3.4869791666666665
34.6722 	EXP 	slider_2: markerPos = 3.4869791666666665
34.6889 	EXP 	slider_2: markerPos = 3.4869791666666665
34.7056 	EXP 	slider_2: markerPos = 3.4869791666666665
34.7183 	DATA 	Mouse:  Left button up, pos=(681,158)
34.7223 	EXP 	slider_2: markerPos = 3.4869791666666665
34.7390 	EXP 	slider_2: markerPos = 3.4869791666666665
34.7390 	EXP 	slider_2: rating = 3.4869791666666665
34.7452 	EXP 	New trial (rep=0, index=1): OrderedDict([('Hertz', 1000), ('volumen', 0.0)])
34.7727 	EXP 	Imported imagenes.xlsx as conditions, 20 conditions, 3 params
34.7739 	EXP 	Created sequence: random, trialTypes=20, nReps=1, seed=None
34.7749 	EXP 	New trial (rep=0, index=0): OrderedDict([('Imagenes', 'imagenes\\Alpinito.jpg'), ('Random', 0.4515332417045813), ('Correcto', None)])
34.8360 	DATA 	Mouse: Left button down, pos=(681,158)
34.8424 	EXP 	image_2: autoDraw = False
34.8424 	EXP 	slider_2: autoDraw = False
34.8424 	EXP 	image_2: image = 'imagenes\\Alpinito.jpg'
34.8424 	EXP 	slider_2: markerPos = None
34.8424 	EXP 	slider_2: markerPos = None
34.8424 	EXP 	slider_2: rating = None
34.8424 	EXP 	image_2: autoDraw = True
34.8424 	EXP 	slider_2: autoDraw = True
34.8424 	EXP 	slider_2: markerPos = 3.4869791666666665
34.8487 	EXP 	slider_2: markerPos = 3.4869791666666665
34.8548 	EXP 	slider_2: markerPos = 3.4869791666666665
34.8717 	EXP 	slider_2: markerPos = 3.4869791666666665
34.8884 	EXP 	slider_2: markerPos = 3.4869791666666665
34.9053 	EXP 	slider_2: markerPos = 3.4869791666666665
34.9161 	DATA 	Mouse:  Left button up, pos=(681,158)
34.9224 	EXP 	slider_2: markerPos = 3.4869791666666665
34.9384 	EXP 	slider_2: markerPos = 3.4869791666666665
34.9384 	EXP 	slider_2: rating = 3.4869791666666665
34.9465 	EXP 	New trial (rep=0, index=1): OrderedDict([('Imagenes', 'imagenes\\Rosquitas (1).jpg'), ('Random', 0.3035383390851263), ('Correcto', None)])
35.0230 	DATA 	Mouse: Left button down, pos=(681,158)
35.0279 	EXP 	image_2: autoDraw = False
35.0279 	EXP 	slider_2: autoDraw = False
35.0279 	EXP 	image_2: image = 'imagenes\\Rosquitas (1).jpg'
35.0279 	EXP 	slider_2: markerPos = None
35.0279 	EXP 	slider_2: markerPos = None
35.0279 	EXP 	slider_2: rating = None
35.0279 	EXP 	image_2: autoDraw = True
35.0279 	EXP 	slider_2: autoDraw = True
35.0279 	EXP 	slider_2: markerPos = 3.4869791666666665
35.0339 	EXP 	slider_2: markerPos = 3.4869791666666665
35.0408 	EXP 	slider_2: markerPos = 3.4869791666666665
35.0549 	EXP 	slider_2: markerPos = 3.4869791666666665
35.0718 	EXP 	slider_2: markerPos = 3.4869791666666665
35.0824 	DATA 	Mouse:  Left button up, pos=(681,158)
35.0884 	EXP 	slider_2: markerPos = 3.4869791666666665
35.1051 	EXP 	slider_2: markerPos = 3.4869791666666665
35.1051 	EXP 	slider_2: rating = 3.4869791666666665
35.1107 	EXP 	New trial (rep=0, index=2): OrderedDict([('Imagenes', 'imagenes\\Papas-pollo.jpg'), ('Random', 0.6683114062971784), ('Correcto', None)])
35.1441 	EXP 	image_2: autoDraw = False
35.1441 	EXP 	slider_2: autoDraw = False
35.1441 	EXP 	image_2: image = 'imagenes\\Papas-pollo.jpg'
35.1441 	EXP 	slider_2: markerPos = None
35.1441 	EXP 	slider_2: markerPos = None
35.1441 	EXP 	slider_2: rating = None
35.1441 	EXP 	image_2: autoDraw = True
35.1441 	EXP 	slider_2: autoDraw = True
35.1643 	DATA 	Mouse: Left button down, pos=(681,158)
35.1788 	EXP 	slider_2: markerPos = 3.4869791666666665
35.1920 	EXP 	slider_2: markerPos = 3.4869791666666665
35.2056 	EXP 	slider_2: markerPos = 3.4869791666666665
35.2220 	EXP 	slider_2: markerPos = 3.4869791666666665
35.2386 	EXP 	slider_2: markerPos = 3.4869791666666665
35.2552 	EXP 	slider_2: markerPos = 3.4869791666666665
35.2661 	DATA 	Mouse:  Left button up, pos=(681,158)
35.2719 	EXP 	slider_2: markerPos = 3.4869791666666665
35.2884 	EXP 	slider_2: markerPos = 3.4869791666666665
35.2884 	EXP 	slider_2: rating = 3.4869791666666665
35.2950 	EXP 	New trial (rep=0, index=3): OrderedDict([('Imagenes', 'imagenes\\Nutella (1).jpg'), ('Random', 0.5277483225747329), ('Correcto', None)])
35.3348 	EXP 	image_2: autoDraw = False
35.3348 	EXP 	slider_2: autoDraw = False
35.3348 	EXP 	image_2: image = 'imagenes\\Nutella (1).jpg'
35.3348 	EXP 	slider_2: markerPos = None
35.3348 	EXP 	slider_2: markerPos = None
35.3348 	EXP 	slider_2: rating = None
35.3348 	EXP 	image_2: autoDraw = True
35.3348 	EXP 	slider_2: autoDraw = True
35.3602 	DATA 	Mouse: Left button down, pos=(681,158)
35.3704 	EXP 	slider_2: markerPos = 3.4869791666666665
35.3843 	EXP 	slider_2: markerPos = 3.4869791666666665
35.3981 	EXP 	slider_2: markerPos = 3.4869791666666665
35.4113 	EXP 	slider_2: markerPos = 3.4869791666666665
35.4250 	EXP 	slider_2: markerPos = 3.4869791666666665
35.4359 	DATA 	Mouse:  Left button up, pos=(681,158)
35.4384 	EXP 	slider_2: markerPos = 3.4869791666666665
35.4552 	EXP 	slider_2: markerPos = 3.4869791666666665
35.4552 	EXP 	slider_2: rating = 3.4869791666666665
35.4613 	EXP 	New trial (rep=0, index=4): OrderedDict([('Imagenes', 'imagenes\\Croissant.jpg'), ('Random', 0.6152458173421255), ('Correcto', None)])
35.5256 	EXP 	image_2: autoDraw = False
35.5256 	EXP 	slider_2: autoDraw = False
35.5256 	EXP 	image_2: image = 'imagenes\\Croissant.jpg'
35.5256 	EXP 	slider_2: markerPos = None
35.5256 	EXP 	slider_2: markerPos = None
35.5256 	EXP 	slider_2: rating = None
35.5256 	EXP 	image_2: autoDraw = True
35.5256 	EXP 	slider_2: autoDraw = True
35.5284 	DATA 	Mouse: Left button down, pos=(681,158)
35.5326 	EXP 	slider_2: markerPos = 3.4869791666666665
35.5381 	EXP 	slider_2: markerPos = 3.4869791666666665
35.5552 	EXP 	slider_2: markerPos = 3.4869791666666665
35.5717 	EXP 	slider_2: markerPos = 3.4869791666666665
35.5885 	EXP 	slider_2: markerPos = 3.4869791666666665
35.6052 	EXP 	slider_2: markerPos = 3.4869791666666665
35.6148 	DATA 	Mouse:  Left button up, pos=(681,158)
35.6217 	EXP 	slider_2: markerPos = 3.4869791666666665
35.6386 	EXP 	slider_2: markerPos = 3.4869791666666665
35.6386 	EXP 	slider_2: rating = 3.4869791666666665
35.6440 	EXP 	New trial (rep=0, index=5): OrderedDict([('Imagenes', 'imagenes\\Galletas-festival.jpg'), ('Random', 0.36121121246191135), ('Correcto', None)])
35.6890 	EXP 	image_2: autoDraw = False
35.6890 	EXP 	slider_2: autoDraw = False
35.6890 	EXP 	image_2: image = 'imagenes\\Galletas-festival.jpg'
35.6890 	EXP 	slider_2: markerPos = None
35.6890 	EXP 	slider_2: markerPos = None
35.6890 	EXP 	slider_2: rating = None
35.6890 	EXP 	image_2: autoDraw = True
35.6890 	EXP 	slider_2: autoDraw = True
35.7072 	DATA 	Mouse: Left button down, pos=(681,158)
35.7215 	EXP 	slider_2: markerPos = 3.4869791666666665
35.7385 	EXP 	slider_2: markerPos = 3.4869791666666665
35.7550 	EXP 	slider_2: markerPos = 3.4869791666666665
35.7717 	EXP 	slider_2: markerPos = 3.4869791666666665
35.7831 	DATA 	Mouse:  Left button up, pos=(681,158)
35.7885 	EXP 	slider_2: markerPos = 3.4869791666666665
35.8051 	EXP 	slider_2: markerPos = 3.4869791666666665
35.8051 	EXP 	slider_2: rating = 3.4869791666666665
35.8110 	EXP 	New trial (rep=0, index=6): OrderedDict([('Imagenes', 'imagenes\\Galletas Tosh.jpg'), ('Random', 0.478088790487872), ('Correcto', None)])
35.8867 	DATA 	Mouse: Left button down, pos=(681,158)
35.8896 	EXP 	image_2: autoDraw = False
35.8896 	EXP 	slider_2: autoDraw = False
35.8896 	EXP 	image_2: image = 'imagenes\\Galletas Tosh.jpg'
35.8896 	EXP 	slider_2: markerPos = None
35.8896 	EXP 	slider_2: markerPos = None
35.8896 	EXP 	slider_2: rating = None
35.8896 	EXP 	image_2: autoDraw = True
35.8896 	EXP 	slider_2: autoDraw = True
35.9042 	EXP 	slider_2: markerPos = 3.4869791666666665
35.9169 	EXP 	slider_2: markerPos = 3.4869791666666665
35.9289 	EXP 	slider_2: markerPos = 3.4869791666666665
35.9323 	DATA 	Mouse:  Left button up, pos=(681,158)
35.9441 	EXP 	slider_2: markerPos = 3.4869791666666665
35.9441 	EXP 	slider_2: rating = 3.4869791666666665
35.9500 	EXP 	New trial (rep=0, index=7): OrderedDict([('Imagenes', 'imagenes\\Papas-naturales.jpg'), ('Random', 0.15856838916280946), ('Correcto', None)])
35.9875 	EXP 	image_2: autoDraw = False
35.9875 	EXP 	slider_2: autoDraw = False
35.9875 	EXP 	image_2: image = 'imagenes\\Papas-naturales.jpg'
35.9875 	EXP 	slider_2: markerPos = None
35.9875 	EXP 	slider_2: markerPos = None
35.9875 	EXP 	slider_2: rating = None
35.9875 	EXP 	image_2: autoDraw = True
35.9875 	EXP 	slider_2: autoDraw = True
36.0420 	DATA 	Mouse: Left button down, pos=(681,158)
36.0552 	EXP 	slider_2: markerPos = 3.4869791666666665
36.0716 	EXP 	slider_2: markerPos = 3.4869791666666665
36.0886 	EXP 	slider_2: markerPos = 3.4869791666666665
36.0995 	DATA 	Mouse:  Left button up, pos=(681,158)
36.1052 	EXP 	slider_2: markerPos = 3.4869791666666665
36.1217 	EXP 	slider_2: markerPos = 3.4869791666666665
36.1217 	EXP 	slider_2: rating = 3.4869791666666665
36.1272 	EXP 	New trial (rep=0, index=8): OrderedDict([('Imagenes', 'imagenes\\Papas-limon.jpg'), ('Random', 0.020692288100133793), ('Correcto', None)])
36.1648 	EXP 	image_2: autoDraw = False
36.1648 	EXP 	slider_2: autoDraw = False
36.1648 	EXP 	image_2: image = 'imagenes\\Papas-limon.jpg'
36.1648 	EXP 	slider_2: markerPos = None
36.1648 	EXP 	slider_2: markerPos = None
36.1648 	EXP 	slider_2: rating = None
36.1648 	EXP 	image_2: autoDraw = True
36.1648 	EXP 	slider_2: autoDraw = True
36.1848 	DATA 	Mouse: Left button down, pos=(681,158)
36.1993 	EXP 	slider_2: markerPos = 3.4869791666666665
36.2123 	EXP 	slider_2: markerPos = 3.4869791666666665
36.2273 	EXP 	slider_2: markerPos = 3.4869791666666665
36.2394 	EXP 	slider_2: markerPos = 3.4869791666666665
36.2551 	EXP 	slider_2: markerPos = 3.4869791666666665
36.2576 	DATA 	Mouse:  Left button up, pos=(681,158)
36.2721 	EXP 	slider_2: markerPos = 3.4869791666666665
36.2721 	EXP 	slider_2: rating = 3.4869791666666665
36.2779 	EXP 	New trial (rep=0, index=9): OrderedDict([('Imagenes', 'imagenes\\Manzana.jpg'), ('Random', 0.5168162194437935), ('Correcto', None)])
36.3428 	DATA 	Mouse: Left button down, pos=(681,158)
36.3451 	EXP 	image_2: autoDraw = False
36.3451 	EXP 	slider_2: autoDraw = False
36.3451 	EXP 	image_2: image = 'imagenes\\Manzana.jpg'
36.3451 	EXP 	slider_2: markerPos = None
36.3451 	EXP 	slider_2: markerPos = None
36.3451 	EXP 	slider_2: rating = None
36.3451 	EXP 	image_2: autoDraw = True
36.3451 	EXP 	slider_2: autoDraw = True
36.3542 	EXP 	slider_2: markerPos = 3.4869791666666665
36.3624 	EXP 	slider_2: markerPos = 3.4869791666666665
36.3715 	EXP 	slider_2: markerPos = 3.4869791666666665
36.3882 	EXP 	slider_2: markerPos = 3.4869791666666665
36.4050 	EXP 	slider_2: markerPos = 3.4869791666666665
36.4215 	EXP 	slider_2: markerPos = 3.4869791666666665
36.4383 	EXP 	slider_2: markerPos = 3.4869791666666665
36.4552 	EXP 	slider_2: markerPos = 3.4869791666666665
36.4717 	EXP 	slider_2: markerPos = 3.4869791666666665
36.4884 	EXP 	slider_2: markerPos = 3.4869791666666665
36.5050 	EXP 	slider_2: markerPos = 3.4869791666666665
36.5218 	EXP 	slider_2: markerPos = 3.4869791666666665
36.5384 	EXP 	slider_2: markerPos = 3.4869791666666665
36.5550 	EXP 	slider_2: markerPos = 3.4869791666666665
36.5716 	EXP 	slider_2: markerPos = 3.4869791666666665
36.5746 	DATA 	Mouse:  Left button up, pos=(681,158)
36.5885 	EXP 	slider_2: markerPos = 3.4869791666666665
36.5885 	EXP 	slider_2: rating = 3.4869791666666665
36.5941 	EXP 	New trial (rep=0, index=10): OrderedDict([('Imagenes', 'imagenes\\Banano.jpeg'), ('Random', 0.651633055306917), ('Correcto', None)])
36.6394 	EXP 	image_2: autoDraw = False
36.6394 	EXP 	slider_2: autoDraw = False
36.6394 	EXP 	image_2: image = 'imagenes\\Banano.jpeg'
36.6394 	EXP 	slider_2: markerPos = None
36.6394 	EXP 	slider_2: markerPos = None
36.6394 	EXP 	slider_2: rating = None
36.6394 	EXP 	image_2: autoDraw = True
36.6394 	EXP 	slider_2: autoDraw = True
36.6566 	DATA 	Mouse: Left button down, pos=(681,158)
36.6716 	EXP 	slider_2: markerPos = 3.4869791666666665
36.6884 	EXP 	slider_2: markerPos = 3.4869791666666665
36.7050 	EXP 	slider_2: markerPos = 3.4869791666666665
36.7219 	EXP 	slider_2: markerPos = 3.4869791666666665
36.7383 	EXP 	slider_2: markerPos = 3.4869791666666665
36.7551 	EXP 	slider_2: markerPos = 3.4869791666666665
36.7575 	DATA 	Mouse:  Left button up, pos=(681,158)
36.7716 	EXP 	slider_2: markerPos = 3.4869791666666665
36.7716 	EXP 	slider_2: rating = 3.4869791666666665
36.7776 	EXP 	New trial (rep=0, index=11): OrderedDict([('Imagenes', 'imagenes\\Leche-de-almendras.jpg'), ('Random', 0.36073876480313727), ('Correcto', None)])
36.8664 	DATA 	Mouse: Left button down, pos=(681,158)
36.8735 	EXP 	image_2: autoDraw = False
36.8735 	EXP 	slider_2: autoDraw = False
36.8735 	EXP 	image_2: image = 'imagenes\\Leche-de-almendras.jpg'
36.8735 	EXP 	slider_2: markerPos = None
36.8735 	EXP 	slider_2: markerPos = None
36.8735 	EXP 	slider_2: rating = None
36.8735 	EXP 	image_2: autoDraw = True
36.8735 	EXP 	slider_2: autoDraw = True
36.8735 	EXP 	slider_2: markerPos = 3.4869791666666665
36.8810 	EXP 	slider_2: markerPos = 3.4869791666666665
36.8883 	EXP 	slider_2: markerPos = 3.4869791666666665
36.9055 	EXP 	slider_2: markerPos = 3.4869791666666665
36.9088 	DATA 	Mouse:  Left button up, pos=(681,158)
36.9222 	EXP 	slider_2: markerPos = 3.4869791666666665
36.9222 	EXP 	slider_2: rating = 3.4869791666666665
36.9283 	EXP 	New trial (rep=0, index=12): OrderedDict([('Imagenes', 'imagenes\\Mango.jpeg'), ('Random', 0.555669112372461), ('Correcto', None)])
36.9766 	EXP 	image_2: autoDraw = False
36.9766 	EXP 	slider_2: autoDraw = False
36.9766 	EXP 	image_2: image = 'imagenes\\Mango.jpeg'
36.9766 	EXP 	slider_2: markerPos = None
36.9766 	EXP 	slider_2: markerPos = None
36.9766 	EXP 	slider_2: rating = None
36.9766 	EXP 	image_2: autoDraw = True
36.9766 	EXP 	slider_2: autoDraw = True
37.0075 	DATA 	Mouse: Left button down, pos=(681,158)
37.0215 	EXP 	slider_2: markerPos = 3.4869791666666665
37.0382 	EXP 	slider_2: markerPos = 3.4869791666666665
37.0551 	EXP 	slider_2: markerPos = 3.4869791666666665
37.0719 	EXP 	slider_2: markerPos = 3.4869791666666665
37.0746 	DATA 	Mouse:  Left button up, pos=(681,158)
37.0883 	EXP 	slider_2: markerPos = 3.4869791666666665
37.0883 	EXP 	slider_2: rating = 3.4869791666666665
37.0941 	EXP 	New trial (rep=0, index=13): OrderedDict([('Imagenes', 'imagenes\\bon-bon-bun.jpg'), ('Random', 0.7387922093313524), ('Correcto', None)])
37.1561 	EXP 	image_2: autoDraw = False
37.1561 	EXP 	slider_2: autoDraw = False
37.1561 	EXP 	image_2: image = 'imagenes\\bon-bon-bun.jpg'
37.1561 	EXP 	slider_2: markerPos = None
37.1561 	EXP 	slider_2: markerPos = None
37.1561 	EXP 	slider_2: rating = None
37.1561 	EXP 	image_2: autoDraw = True
37.1561 	EXP 	slider_2: autoDraw = True
37.1739 	DATA 	Mouse: Left button down, pos=(681,158)
37.1883 	EXP 	slider_2: markerPos = 3.4869791666666665
37.2050 	EXP 	slider_2: markerPos = 3.4869791666666665
37.2215 	EXP 	slider_2: markerPos = 3.4869791666666665
37.2279 	DATA 	Mouse:  Left button up, pos=(681,158)
37.2385 	EXP 	slider_2: markerPos = 3.4869791666666665
37.2552 	EXP 	slider_2: markerPos = 3.4869791666666665
37.2552 	EXP 	slider_2: rating = 3.4869791666666665
37.2613 	EXP 	New trial (rep=0, index=14): OrderedDict([('Imagenes', 'imagenes\\Chocoramo.jfif.jpg'), ('Random', 0.7789437122019539), ('Correcto', None)])
37.3231 	EXP 	image_2: autoDraw = False
37.3231 	EXP 	slider_2: autoDraw = False
37.3231 	EXP 	image_2: image = 'imagenes\\Chocoramo.jfif.jpg'
37.3231 	EXP 	slider_2: markerPos = None
37.3231 	EXP 	slider_2: markerPos = None
37.3231 	EXP 	slider_2: rating = None
37.3231 	EXP 	image_2: autoDraw = True
37.3231 	EXP 	slider_2: autoDraw = True
37.5582 	DATA 	Mouse: Left button down, pos=(681,158)
37.5718 	EXP 	slider_2: markerPos = 3.4869791666666665
37.5883 	EXP 	slider_2: markerPos = 3.4869791666666665
37.6050 	EXP 	slider_2: markerPos = 3.4869791666666665
37.6218 	EXP 	slider_2: markerPos = 3.4869791666666665
37.6388 	EXP 	slider_2: markerPos = 3.4869791666666665
37.6485 	DATA 	Mouse:  Left button up, pos=(681,158)
37.6551 	EXP 	slider_2: markerPos = 3.4869791666666665
37.6716 	EXP 	slider_2: markerPos = 3.4869791666666665
37.6716 	EXP 	slider_2: rating = 3.4869791666666665
37.6775 	EXP 	New trial (rep=0, index=15): OrderedDict([('Imagenes', 'imagenes\\Kiwi.jpg'), ('Random', 0.5893907384852061), ('Correcto', None)])
37.7068 	EXP 	image_2: autoDraw = False
37.7068 	EXP 	slider_2: autoDraw = False
37.7068 	EXP 	image_2: image = 'imagenes\\Kiwi.jpg'
37.7068 	EXP 	slider_2: markerPos = None
37.7068 	EXP 	slider_2: markerPos = None
37.7068 	EXP 	slider_2: rating = None
37.7068 	EXP 	image_2: autoDraw = True
37.7068 	EXP 	slider_2: autoDraw = True
37.7383 	DATA 	Mouse: Left button down, pos=(681,158)
37.7551 	EXP 	slider_2: markerPos = 3.4869791666666665
37.7716 	EXP 	slider_2: markerPos = 3.4869791666666665
37.7883 	EXP 	slider_2: markerPos = 3.4869791666666665
37.8052 	EXP 	slider_2: markerPos = 3.4869791666666665
37.8157 	DATA 	Mouse:  Left button up, pos=(681,158)
37.8217 	EXP 	slider_2: markerPos = 3.4869791666666665
37.8383 	EXP 	slider_2: markerPos = 3.4869791666666665
37.8383 	EXP 	slider_2: rating = 3.4869791666666665
37.8442 	EXP 	New trial (rep=0, index=16): OrderedDict([('Imagenes', 'imagenes\\Uvas.jpg'), ('Random', 0.7734382152670648), ('Correcto', None)])
37.8866 	EXP 	image_2: autoDraw = False
37.8866 	EXP 	slider_2: autoDraw = False
37.8866 	EXP 	image_2: image = 'imagenes\\Uvas.jpg'
37.8866 	EXP 	slider_2: markerPos = None
37.8866 	EXP 	slider_2: markerPos = None
37.8866 	EXP 	slider_2: rating = None
37.8866 	EXP 	image_2: autoDraw = True
37.8866 	EXP 	slider_2: autoDraw = True
38.0578 	DATA 	Mouse: Left button down, pos=(681,158)
38.0718 	EXP 	slider_2: markerPos = 3.4869791666666665
38.0885 	EXP 	slider_2: markerPos = 3.4869791666666665
38.1051 	EXP 	slider_2: markerPos = 3.4869791666666665
38.1216 	EXP 	slider_2: markerPos = 3.4869791666666665
38.1383 	EXP 	slider_2: markerPos = 3.4869791666666665
38.1553 	EXP 	slider_2: markerPos = 3.4869791666666665
38.1591 	DATA 	Mouse:  Left button up, pos=(681,158)
38.1716 	EXP 	slider_2: markerPos = 3.4869791666666665
38.1716 	EXP 	slider_2: rating = 3.4869791666666665
38.1780 	EXP 	New trial (rep=0, index=17): OrderedDict([('Imagenes', 'imagenes\\Yogurt-alpina.jpg'), ('Random', 0.21540995091807813), ('Correcto', None)])
38.2263 	EXP 	image_2: autoDraw = False
38.2263 	EXP 	slider_2: autoDraw = False
38.2263 	EXP 	image_2: image = 'imagenes\\Yogurt-alpina.jpg'
38.2263 	EXP 	slider_2: markerPos = None
38.2263 	EXP 	slider_2: markerPos = None
38.2263 	EXP 	slider_2: rating = None
38.2263 	EXP 	image_2: autoDraw = True
38.2263 	EXP 	slider_2: autoDraw = True
38.2628 	DATA 	Mouse: Left button down, pos=(681,158)
38.2740 	EXP 	slider_2: markerPos = 3.4869791666666665
38.2883 	EXP 	slider_2: markerPos = 3.4869791666666665
38.3050 	EXP 	slider_2: markerPos = 3.4869791666666665
38.3217 	EXP 	slider_2: markerPos = 3.4869791666666665
38.3385 	EXP 	slider_2: markerPos = 3.4869791666666665
38.3552 	EXP 	slider_2: markerPos = 3.4869791666666665
38.3715 	EXP 	slider_2: markerPos = 3.4869791666666665
38.3882 	EXP 	slider_2: markerPos = 3.4869791666666665
38.4052 	EXP 	slider_2: markerPos = 3.4869791666666665
38.4217 	EXP 	slider_2: markerPos = 3.4869791666666665
38.4387 	EXP 	slider_2: markerPos = 3.4869791666666665
38.4549 	EXP 	slider_2: markerPos = 3.4869791666666665
38.4715 	EXP 	slider_2: markerPos = 3.4869791666666665
38.4747 	DATA 	Mouse:  Left button up, pos=(681,158)
38.4882 	EXP 	slider_2: markerPos = 3.4869791666666665
38.4882 	EXP 	slider_2: rating = 3.4869791666666665
38.4937 	EXP 	New trial (rep=0, index=18): OrderedDict([('Imagenes', 'imagenes\\Popetas.jpg'), ('Random', 0.07650200324054446), ('Correcto', None)])
38.5834 	EXP 	image_2: autoDraw = False
38.5834 	EXP 	slider_2: autoDraw = False
38.5834 	EXP 	image_2: image = 'imagenes\\Popetas.jpg'
38.5834 	EXP 	slider_2: markerPos = None
38.5834 	EXP 	slider_2: markerPos = None
38.5834 	EXP 	slider_2: rating = None
38.5834 	EXP 	image_2: autoDraw = True
38.5834 	EXP 	slider_2: autoDraw = True
38.7144 	DATA 	Mouse: Left button down, pos=(681,158)
38.7385 	EXP 	slider_2: markerPos = 3.4869791666666665
38.7553 	EXP 	slider_2: markerPos = 3.4869791666666665
38.7718 	EXP 	slider_2: markerPos = 3.4869791666666665
38.7884 	EXP 	slider_2: markerPos = 3.4869791666666665
38.7986 	DATA 	Mouse:  Left button up, pos=(681,158)
38.8053 	EXP 	slider_2: markerPos = 3.4869791666666665
38.8218 	EXP 	slider_2: markerPos = 3.4869791666666665
38.8218 	EXP 	slider_2: rating = 3.4869791666666665
38.8277 	EXP 	New trial (rep=0, index=19): OrderedDict([('Imagenes', 'imagenes\\Brownie.jpg'), ('Random', 0.17000143351927688), ('Correcto', None)])
38.9144 	DATA 	Mouse: Left button down, pos=(681,158)
38.9223 	EXP 	image_2: autoDraw = False
38.9223 	EXP 	slider_2: autoDraw = False
38.9223 	EXP 	image_2: image = 'imagenes\\Brownie.jpg'
38.9223 	EXP 	slider_2: markerPos = None
38.9223 	EXP 	slider_2: markerPos = None
38.9223 	EXP 	slider_2: rating = None
38.9223 	EXP 	image_2: autoDraw = True
38.9223 	EXP 	slider_2: autoDraw = True
38.9223 	EXP 	slider_2: markerPos = 3.4869791666666665
38.9303 	EXP 	slider_2: markerPos = 3.4869791666666665
38.9381 	EXP 	slider_2: markerPos = 3.4869791666666665
38.9550 	EXP 	slider_2: markerPos = 3.4869791666666665
38.9575 	DATA 	Mouse:  Left button up, pos=(681,158)
38.9718 	EXP 	slider_2: markerPos = 3.4869791666666665
38.9718 	EXP 	slider_2: rating = 3.4869791666666665
38.9777 	EXP 	New trial (rep=0, index=2): OrderedDict([('Hertz', 1500), ('volumen', 0.02)])
39.0057 	EXP 	Imported imagenes.xlsx as conditions, 20 conditions, 3 params
39.0069 	EXP 	Created sequence: random, trialTypes=20, nReps=1, seed=None
39.0079 	EXP 	New trial (rep=0, index=0): OrderedDict([('Imagenes', 'imagenes\\Manzana.jpg'), ('Random', 0.5168162194437935), ('Correcto', None)])
39.0684 	DATA 	Mouse: Left button down, pos=(681,158)
39.0754 	EXP 	image_2: autoDraw = False
39.0754 	EXP 	slider_2: autoDraw = False
39.0754 	EXP 	image_2: image = 'imagenes\\Manzana.jpg'
39.0754 	EXP 	slider_2: markerPos = None
39.0754 	EXP 	slider_2: markerPos = None
39.0754 	EXP 	slider_2: rating = None
39.0754 	EXP 	image_2: autoDraw = True
39.0754 	EXP 	slider_2: autoDraw = True
39.0754 	EXP 	slider_2: markerPos = 3.4869791666666665
39.0835 	EXP 	slider_2: markerPos = 3.4869791666666665
39.0919 	EXP 	slider_2: markerPos = 3.4869791666666665
39.1049 	EXP 	slider_2: markerPos = 3.4869791666666665
39.1119 	DATA 	Mouse:  Left button up, pos=(681,158)
39.1216 	EXP 	slider_2: markerPos = 3.4869791666666665
39.1382 	EXP 	slider_2: markerPos = 3.4869791666666665
39.1382 	EXP 	slider_2: rating = 3.4869791666666665
39.1466 	EXP 	New trial (rep=0, index=1): OrderedDict([('Imagenes', 'imagenes\\Nutella (1).jpg'), ('Random', 0.5277483225747329), ('Correcto', None)])
39.1886 	EXP 	image_2: autoDraw = False
39.1886 	EXP 	slider_2: autoDraw = False
39.1886 	EXP 	image_2: image = 'imagenes\\Nutella (1).jpg'
39.1886 	EXP 	slider_2: markerPos = None
39.1886 	EXP 	slider_2: markerPos = None
39.1886 	EXP 	slider_2: rating = None
39.1886 	EXP 	image_2: autoDraw = True
39.1886 	EXP 	slider_2: autoDraw = True
39.2247 	DATA 	Mouse: Left button down, pos=(681,158)
39.2387 	EXP 	slider_2: markerPos = 3.4869791666666665
39.2549 	EXP 	slider_2: markerPos = 3.4869791666666665
39.2715 	EXP 	slider_2: markerPos = 3.4869791666666665
39.2823 	DATA 	Mouse:  Left button up, pos=(681,158)
39.2882 	EXP 	slider_2: markerPos = 3.4869791666666665
39.3049 	EXP 	slider_2: markerPos = 3.4869791666666665
39.3049 	EXP 	slider_2: rating = 3.4869791666666665
39.3112 	EXP 	New trial (rep=0, index=2): OrderedDict([('Imagenes', 'imagenes\\Leche-de-almendras.jpg'), ('Random', 0.36073876480313727), ('Correcto', None)])
39.4111 	DATA 	Mouse: Left button down, pos=(681,158)
39.4168 	EXP 	image_2: autoDraw = False
39.4168 	EXP 	slider_2: autoDraw = False
39.4168 	EXP 	image_2: image = 'imagenes\\Leche-de-almendras.jpg'
39.4168 	EXP 	slider_2: markerPos = None
39.4168 	EXP 	slider_2: markerPos = None
39.4168 	EXP 	slider_2: rating = None
39.4168 	EXP 	image_2: autoDraw = True
39.4168 	EXP 	slider_2: autoDraw = True
39.4168 	EXP 	slider_2: markerPos = 3.4869791666666665
39.4237 	EXP 	slider_2: markerPos = 3.4869791666666665
39.4307 	EXP 	slider_2: markerPos = 3.4869791666666665
39.4383 	EXP 	slider_2: markerPos = 3.4869791666666665
39.4549 	EXP 	slider_2: markerPos = 3.4869791666666665
39.4569 	DATA 	Mouse:  Left button up, pos=(681,158)
39.4715 	EXP 	slider_2: markerPos = 3.4869791666666665
39.4715 	EXP 	slider_2: rating = 3.4869791666666665
39.4754 	EXP 	New trial (rep=0, index=3): OrderedDict([('Imagenes', 'imagenes\\Chocoramo.jfif.jpg'), ('Random', 0.7789437122019539), ('Correcto', None)])
39.5060 	EXP 	image_2: autoDraw = False
39.5060 	EXP 	slider_2: autoDraw = False
39.5060 	EXP 	image_2: image = 'imagenes\\Chocoramo.jfif.jpg'
39.5060 	EXP 	slider_2: markerPos = None
39.5060 	EXP 	slider_2: markerPos = None
39.5060 	EXP 	slider_2: rating = None
39.5060 	EXP 	image_2: autoDraw = True
39.5060 	EXP 	slider_2: autoDraw = True
39.6730 	DATA 	Mouse: Left button down, pos=(681,158)
39.6878 	EXP 	slider_2: markerPos = 3.4869791666666665
39.7045 	EXP 	slider_2: markerPos = 3.4869791666666665
39.7213 	EXP 	slider_2: markerPos = 3.4869791666666665
39.7379 	EXP 	slider_2: markerPos = 3.4869791666666665
39.7548 	EXP 	slider_2: markerPos = 3.4869791666666665
39.7714 	EXP 	slider_2: markerPos = 3.4869791666666665
39.7883 	EXP 	slider_2: markerPos = 3.4869791666666665
39.7910 	DATA 	Mouse:  Left button up, pos=(681,158)
39.8051 	EXP 	slider_2: markerPos = 3.4869791666666665
39.8051 	EXP 	slider_2: rating = 3.4869791666666665
39.8107 	EXP 	New trial (rep=0, index=4): OrderedDict([('Imagenes', 'imagenes\\Galletas-festival.jpg'), ('Random', 0.36121121246191135), ('Correcto', None)])
39.8628 	EXP 	image_2: autoDraw = False
39.8628 	EXP 	slider_2: autoDraw = False
39.8628 	EXP 	image_2: image = 'imagenes\\Galletas-festival.jpg'
39.8628 	EXP 	slider_2: markerPos = None
39.8628 	EXP 	slider_2: markerPos = None
39.8628 	EXP 	slider_2: rating = None
39.8628 	EXP 	image_2: autoDraw = True
39.8628 	EXP 	slider_2: autoDraw = True
39.9080 	DATA 	Mouse: Left button down, pos=(681,158)
39.9215 	EXP 	slider_2: markerPos = 3.4869791666666665
39.9383 	EXP 	slider_2: markerPos = 3.4869791666666665
39.9552 	EXP 	slider_2: markerPos = 3.4869791666666665
39.9715 	EXP 	slider_2: markerPos = 3.4869791666666665
39.9882 	EXP 	slider_2: markerPos = 3.4869791666666665
40.0048 	EXP 	slider_2: markerPos = 3.4869791666666665
40.0077 	DATA 	Mouse:  Left button up, pos=(681,158)
40.0215 	EXP 	slider_2: markerPos = 3.4869791666666665
40.0215 	EXP 	slider_2: rating = 3.4869791666666665
40.0275 	EXP 	New trial (rep=0, index=5): OrderedDict([('Imagenes', 'imagenes\\Papas-naturales.jpg'), ('Random', 0.15856838916280946), ('Correcto', None)])
40.0669 	EXP 	image_2: autoDraw = False
40.0669 	EXP 	slider_2: autoDraw = False
40.0669 	EXP 	image_2: image = 'imagenes\\Papas-naturales.jpg'
40.0669 	EXP 	slider_2: markerPos = None
40.0669 	EXP 	slider_2: markerPos = None
40.0669 	EXP 	slider_2: rating = None
40.0669 	EXP 	image_2: autoDraw = True
40.0669 	EXP 	slider_2: autoDraw = True
40.0918 	DATA 	Mouse: Left button down, pos=(681,158)
40.1024 	EXP 	slider_2: markerPos = 3.4869791666666665
40.1146 	EXP 	slider_2: markerPos = 3.4869791666666665
40.1271 	EXP 	slider_2: markerPos = 3.4869791666666665
40.1387 	EXP 	slider_2: markerPos = 3.4869791666666665
40.1549 	EXP 	slider_2: markerPos = 3.4869791666666665
40.1655 	DATA 	Mouse:  Left button up, pos=(681,158)
40.1715 	EXP 	slider_2: markerPos = 3.4869791666666665
40.1883 	EXP 	slider_2: markerPos = 3.4869791666666665
40.1883 	EXP 	slider_2: rating = 3.4869791666666665
40.1947 	EXP 	New trial (rep=0, index=6): OrderedDict([('Imagenes', 'imagenes\\Croissant.jpg'), ('Random', 0.6152458173421255), ('Correcto', None)])
40.2598 	EXP 	image_2: autoDraw = False
40.2598 	EXP 	slider_2: autoDraw = False
40.2598 	EXP 	image_2: image = 'imagenes\\Croissant.jpg'
40.2598 	EXP 	slider_2: markerPos = None
40.2598 	EXP 	slider_2: markerPos = None
40.2598 	EXP 	slider_2: rating = None
40.2598 	EXP 	image_2: autoDraw = True
40.2598 	EXP 	slider_2: autoDraw = True
40.2697 	DATA 	Mouse: Left button down, pos=(681,158)
40.2761 	EXP 	slider_2: markerPos = 3.4869791666666665
40.2880 	EXP 	slider_2: markerPos = 3.4869791666666665
40.3048 	EXP 	slider_2: markerPos = 3.4869791666666665
40.3215 	EXP 	slider_2: markerPos = 3.4869791666666665
40.3346 	DATA 	Mouse:  Left button up, pos=(681,158)
40.3383 	EXP 	slider_2: markerPos = 3.4869791666666665
40.3549 	EXP 	slider_2: markerPos = 3.4869791666666665
40.3549 	EXP 	slider_2: rating = 3.4869791666666665
40.3613 	EXP 	New trial (rep=0, index=7): OrderedDict([('Imagenes', 'imagenes\\Popetas.jpg'), ('Random', 0.07650200324054446), ('Correcto', None)])
40.4473 	DATA 	Mouse: Left button down, pos=(681,158)
40.4535 	EXP 	image_2: autoDraw = False
40.4535 	EXP 	slider_2: autoDraw = False
40.4535 	EXP 	image_2: image = 'imagenes\\Popetas.jpg'
40.4535 	EXP 	slider_2: markerPos = None
40.4535 	EXP 	slider_2: markerPos = None
40.4535 	EXP 	slider_2: rating = None
40.4535 	EXP 	image_2: autoDraw = True
40.4535 	EXP 	slider_2: autoDraw = True
40.4535 	EXP 	slider_2: markerPos = 3.4869791666666665
40.4615 	EXP 	slider_2: markerPos = 3.4869791666666665
40.4715 	EXP 	slider_2: markerPos = 3.4869791666666665
40.4825 	DATA 	Mouse:  Left button up, pos=(681,158)
40.4885 	EXP 	slider_2: markerPos = 3.4869791666666665
40.5081 	EXP 	slider_2: markerPos = 3.4869791666666665
40.5081 	EXP 	slider_2: rating = 3.4869791666666665
40.5137 	EXP 	New trial (rep=0, index=8): OrderedDict([('Imagenes', 'imagenes\\Papas-pollo.jpg'), ('Random', 0.6683114062971784), ('Correcto', None)])
40.5531 	EXP 	image_2: autoDraw = False
40.5531 	EXP 	slider_2: autoDraw = False
40.5531 	EXP 	image_2: image = 'imagenes\\Papas-pollo.jpg'
40.5531 	EXP 	slider_2: markerPos = None
40.5531 	EXP 	slider_2: markerPos = None
40.5531 	EXP 	slider_2: rating = None
40.5531 	EXP 	image_2: autoDraw = True
40.5531 	EXP 	slider_2: autoDraw = True
40.7313 	DATA 	Mouse: Left button down, pos=(681,158)
40.7552 	EXP 	slider_2: markerPos = 3.4869791666666665
40.7717 	EXP 	slider_2: markerPos = 3.4869791666666665
40.7881 	EXP 	slider_2: markerPos = 3.4869791666666665
40.8050 	EXP 	slider_2: markerPos = 3.4869791666666665
40.8216 	EXP 	slider_2: markerPos = 3.4869791666666665
40.8383 	EXP 	slider_2: markerPos = 3.4869791666666665
40.8550 	EXP 	slider_2: markerPos = 3.4869791666666665
40.8578 	DATA 	Mouse:  Left button up, pos=(681,158)
40.8715 	EXP 	slider_2: markerPos = 3.4869791666666665
40.8715 	EXP 	slider_2: rating = 3.4869791666666665
40.8777 	EXP 	New trial (rep=0, index=9): OrderedDict([('Imagenes', 'imagenes\\Alpinito.jpg'), ('Random', 0.4515332417045813), ('Correcto', None)])
40.9459 	DATA 	Mouse: Left button down, pos=(681,158)
40.9540 	EXP 	image_2: autoDraw = False
40.9540 	EXP 	slider_2: autoDraw = False
40.9540 	EXP 	image_2: image = 'imagenes\\Alpinito.jpg'
40.9540 	EXP 	slider_2: markerPos = None
40.9540 	EXP 	slider_2: markerPos = None
40.9540 	EXP 	slider_2: rating = None
40.9540 	EXP 	image_2: autoDraw = True
40.9540 	EXP 	slider_2: autoDraw = True
40.9540 	EXP 	slider_2: markerPos = 3.4869791666666665
40.9620 	EXP 	slider_2: markerPos = 3.4869791666666665
40.9713 	EXP 	slider_2: markerPos = 3.4869791666666665
40.9884 	EXP 	slider_2: markerPos = 3.4869791666666665
41.0049 	EXP 	slider_2: markerPos = 3.4869791666666665
41.0216 	EXP 	slider_2: markerPos = 3.4869791666666665
41.0314 	DATA 	Mouse:  Left button up, pos=(681,158)
41.0384 	EXP 	slider_2: markerPos = 3.4869791666666665
41.0550 	EXP 	slider_2: markerPos = 3.4869791666666665
41.0550 	EXP 	slider_2: rating = 3.4869791666666665
41.0605 	EXP 	New trial (rep=0, index=10): OrderedDict([('Imagenes', 'imagenes\\Uvas.jpg'), ('Random', 0.7734382152670648), ('Correcto', None)])
41.1043 	EXP 	image_2: autoDraw = False
41.1043 	EXP 	slider_2: autoDraw = False
41.1043 	EXP 	image_2: image = 'imagenes\\Uvas.jpg'
41.1043 	EXP 	slider_2: markerPos = None
41.1043 	EXP 	slider_2: markerPos = None
41.1043 	EXP 	slider_2: rating = None
41.1043 	EXP 	image_2: autoDraw = True
41.1043 	EXP 	slider_2: autoDraw = True
41.1412 	DATA 	Mouse: Left button down, pos=(681,158)
41.1546 	EXP 	slider_2: markerPos = 3.4869791666666665
41.1715 	EXP 	slider_2: markerPos = 3.4869791666666665
41.1883 	EXP 	slider_2: markerPos = 3.4869791666666665
41.2048 	EXP 	slider_2: markerPos = 3.4869791666666665
41.2214 	EXP 	slider_2: markerPos = 3.4869791666666665
41.2246 	DATA 	Mouse:  Left button up, pos=(681,158)
41.2382 	EXP 	slider_2: markerPos = 3.4869791666666665
41.2382 	EXP 	slider_2: rating = 3.4869791666666665
41.2445 	EXP 	New trial (rep=0, index=11): OrderedDict([('Imagenes', 'imagenes\\Galletas Tosh.jpg'), ('Random', 0.478088790487872), ('Correcto', None)])
41.3028 	DATA 	Mouse: Left button down, pos=(681,158)
41.3097 	EXP 	image_2: autoDraw = False
41.3097 	EXP 	slider_2: autoDraw = False
41.3097 	EXP 	image_2: image = 'imagenes\\Galletas Tosh.jpg'
41.3097 	EXP 	slider_2: markerPos = None
41.3097 	EXP 	slider_2: markerPos = None
41.3097 	EXP 	slider_2: rating = None
41.3097 	EXP 	image_2: autoDraw = True
41.3097 	EXP 	slider_2: autoDraw = True
41.3097 	EXP 	slider_2: markerPos = 3.4869791666666665
41.3182 	EXP 	slider_2: markerPos = 3.4869791666666665
41.3262 	EXP 	slider_2: markerPos = 3.4869791666666665
41.3379 	EXP 	slider_2: markerPos = 3.4869791666666665
41.3548 	EXP 	slider_2: markerPos = 3.4869791666666665
41.3715 	EXP 	slider_2: markerPos = 3.4869791666666665
41.3883 	EXP 	slider_2: markerPos = 3.4869791666666665
41.4049 	EXP 	slider_2: markerPos = 3.4869791666666665
41.4077 	DATA 	Mouse:  Left button up, pos=(681,158)
41.4214 	EXP 	slider_2: markerPos = 3.4869791666666665
41.4214 	EXP 	slider_2: rating = 3.4869791666666665
41.4271 	EXP 	New trial (rep=0, index=12): OrderedDict([('Imagenes', 'imagenes\\Brownie.jpg'), ('Random', 0.17000143351927688), ('Correcto', None)])
41.4979 	EXP 	image_2: autoDraw = False
41.4979 	EXP 	slider_2: autoDraw = False
41.4979 	EXP 	image_2: image = 'imagenes\\Brownie.jpg'
41.4979 	EXP 	slider_2: markerPos = None
41.4979 	EXP 	slider_2: markerPos = None
41.4979 	EXP 	slider_2: rating = None
41.4979 	EXP 	image_2: autoDraw = True
41.4979 	EXP 	slider_2: autoDraw = True
41.5003 	DATA 	Mouse: Left button down, pos=(681,158)
41.5050 	EXP 	slider_2: markerPos = 3.4869791666666665
41.5118 	EXP 	slider_2: markerPos = 3.4869791666666665
41.5211 	EXP 	slider_2: markerPos = 3.4869791666666665
41.5380 	EXP 	slider_2: markerPos = 3.4869791666666665
41.5549 	EXP 	slider_2: markerPos = 3.4869791666666665
41.5716 	EXP 	slider_2: markerPos = 3.4869791666666665
41.5883 	EXP 	slider_2: markerPos = 3.4869791666666665
41.6049 	EXP 	slider_2: markerPos = 3.4869791666666665
41.6216 	EXP 	slider_2: markerPos = 3.4869791666666665
41.6382 	EXP 	slider_2: markerPos = 3.4869791666666665
41.6550 	EXP 	slider_2: markerPos = 3.4869791666666665
41.6717 	EXP 	slider_2: markerPos = 3.4869791666666665
41.6883 	EXP 	slider_2: markerPos = 3.4869791666666665
41.6912 	DATA 	Mouse:  Left button up, pos=(681,158)
41.7050 	EXP 	slider_2: markerPos = 3.4869791666666665
41.7050 	EXP 	slider_2: rating = 3.4869791666666665
41.7108 	EXP 	New trial (rep=0, index=13): OrderedDict([('Imagenes', 'imagenes\\Papas-limon.jpg'), ('Random', 0.020692288100133793), ('Correcto', None)])
41.7469 	EXP 	image_2: autoDraw = False
41.7469 	EXP 	slider_2: autoDraw = False
41.7469 	EXP 	image_2: image = 'imagenes\\Papas-limon.jpg'
41.7469 	EXP 	slider_2: markerPos = None
41.7469 	EXP 	slider_2: markerPos = None
41.7469 	EXP 	slider_2: rating = None
41.7469 	EXP 	image_2: autoDraw = True
41.7469 	EXP 	slider_2: autoDraw = True
41.8074 	DATA 	Mouse: Left button down, pos=(681,158)
41.8215 	EXP 	slider_2: markerPos = 3.4869791666666665
41.8381 	EXP 	slider_2: markerPos = 3.4869791666666665
41.8548 	EXP 	slider_2: markerPos = 3.4869791666666665
41.8653 	DATA 	Mouse:  Left button up, pos=(681,158)
41.8716 	EXP 	slider_2: markerPos = 3.4869791666666665
41.8880 	EXP 	slider_2: markerPos = 3.4869791666666665
41.8880 	EXP 	slider_2: rating = 3.4869791666666665
41.8938 	EXP 	New trial (rep=0, index=14): OrderedDict([('Imagenes', 'imagenes\\Mango.jpeg'), ('Random', 0.555669112372461), ('Correcto', None)])
41.9455 	EXP 	image_2: autoDraw = False
41.9455 	EXP 	slider_2: autoDraw = False
41.9455 	EXP 	image_2: image = 'imagenes\\Mango.jpeg'
41.9455 	EXP 	slider_2: markerPos = None
41.9455 	EXP 	slider_2: markerPos = None
41.9455 	EXP 	slider_2: rating = None
41.9455 	EXP 	image_2: autoDraw = True
41.9455 	EXP 	slider_2: autoDraw = True
41.9744 	DATA 	Mouse: Left button down, pos=(681,158)
41.9881 	EXP 	slider_2: markerPos = 3.4869791666666665
42.0048 	EXP 	slider_2: markerPos = 3.4869791666666665
42.0215 	EXP 	slider_2: markerPos = 3.4869791666666665
42.0382 	EXP 	slider_2: markerPos = 3.4869791666666665
42.0492 	DATA 	Mouse:  Left button up, pos=(681,158)
42.0549 	EXP 	slider_2: markerPos = 3.4869791666666665
42.0714 	EXP 	slider_2: markerPos = 3.4869791666666665
42.0714 	EXP 	slider_2: rating = 3.4869791666666665
42.0772 	EXP 	New trial (rep=0, index=15): OrderedDict([('Imagenes', 'imagenes\\Kiwi.jpg'), ('Random', 0.5893907384852061), ('Correcto', None)])
42.1050 	EXP 	image_2: autoDraw = False
42.1050 	EXP 	slider_2: autoDraw = False
42.1050 	EXP 	image_2: image = 'imagenes\\Kiwi.jpg'
42.1050 	EXP 	slider_2: markerPos = None
42.1050 	EXP 	slider_2: markerPos = None
42.1050 	EXP 	slider_2: rating = None
42.1050 	EXP 	image_2: autoDraw = True
42.1050 	EXP 	slider_2: autoDraw = True
42.1353 	DATA 	Mouse: Left button down, pos=(681,158)
42.1548 	EXP 	slider_2: markerPos = 3.4869791666666665
42.1714 	EXP 	slider_2: markerPos = 3.4869791666666665
42.1881 	EXP 	slider_2: markerPos = 3.4869791666666665
42.2049 	EXP 	slider_2: markerPos = 3.4869791666666665
42.2213 	EXP 	slider_2: markerPos = 3.4869791666666665
42.2380 	EXP 	slider_2: markerPos = 3.4869791666666665
42.2413 	DATA 	Mouse:  Left button up, pos=(681,158)
42.2548 	EXP 	slider_2: markerPos = 3.4869791666666665
42.2548 	EXP 	slider_2: rating = 3.4869791666666665
42.2605 	EXP 	New trial (rep=0, index=16): OrderedDict([('Imagenes', 'imagenes\\Banano.jpeg'), ('Random', 0.651633055306917), ('Correcto', None)])
42.3080 	DATA 	Mouse: Left button down, pos=(681,158)
42.3103 	EXP 	image_2: autoDraw = False
42.3103 	EXP 	slider_2: autoDraw = False
42.3103 	EXP 	image_2: image = 'imagenes\\Banano.jpeg'
42.3103 	EXP 	slider_2: markerPos = None
42.3103 	EXP 	slider_2: markerPos = None
42.3103 	EXP 	slider_2: rating = None
42.3103 	EXP 	image_2: autoDraw = True
42.3103 	EXP 	slider_2: autoDraw = True
42.3226 	EXP 	slider_2: markerPos = 3.4869791666666665
42.3355 	EXP 	slider_2: markerPos = 3.4869791666666665
42.3476 	EXP 	slider_2: markerPos = 3.4869791666666665
42.3610 	EXP 	slider_2: markerPos = 3.4869791666666665
42.3747 	EXP 	slider_2: markerPos = 3.4869791666666665
42.3880 	EXP 	slider_2: markerPos = 3.4869791666666665
42.4047 	EXP 	slider_2: markerPos = 3.4869791666666665
42.4075 	DATA 	Mouse:  Left button up, pos=(681,158)
42.4214 	EXP 	slider_2: markerPos = 3.4869791666666665
42.4214 	EXP 	slider_2: rating = 3.4869791666666665
42.4280 	EXP 	New trial (rep=0, index=17): OrderedDict([('Imagenes', 'imagenes\\Rosquitas (1).jpg'), ('Random', 0.3035383390851263), ('Correcto', None)])
42.5016 	EXP 	image_2: autoDraw = False
42.5016 	EXP 	slider_2: autoDraw = False
42.5016 	EXP 	image_2: image = 'imagenes\\Rosquitas (1).jpg'
42.5016 	EXP 	slider_2: markerPos = None
42.5016 	EXP 	slider_2: markerPos = None
42.5016 	EXP 	slider_2: rating = None
42.5016 	EXP 	image_2: autoDraw = True
42.5016 	EXP 	slider_2: autoDraw = True
42.5111 	DATA 	Mouse: Left button down, pos=(681,158)
42.5172 	EXP 	slider_2: markerPos = 3.4869791666666665
42.5263 	EXP 	slider_2: markerPos = 3.4869791666666665
42.5379 	EXP 	slider_2: markerPos = 3.4869791666666665
42.5397 	DATA 	Mouse:  Left button up, pos=(681,158)
42.5548 	EXP 	slider_2: markerPos = 3.4869791666666665
42.5548 	EXP 	slider_2: rating = 3.4869791666666665
42.5610 	EXP 	New trial (rep=0, index=18): OrderedDict([('Imagenes', 'imagenes\\bon-bon-bun.jpg'), ('Random', 0.7387922093313524), ('Correcto', None)])
42.6190 	EXP 	image_2: autoDraw = False
42.6190 	EXP 	slider_2: autoDraw = False
42.6190 	EXP 	image_2: image = 'imagenes\\bon-bon-bun.jpg'
42.6190 	EXP 	slider_2: markerPos = None
42.6190 	EXP 	slider_2: markerPos = None
42.6190 	EXP 	slider_2: rating = None
42.6190 	EXP 	image_2: autoDraw = True
42.6190 	EXP 	slider_2: autoDraw = True
42.6425 	DATA 	Mouse: Left button down, pos=(681,158)
42.6545 	EXP 	slider_2: markerPos = 3.4869791666666665
42.6712 	EXP 	slider_2: markerPos = 3.4869791666666665
42.6879 	EXP 	slider_2: markerPos = 3.4869791666666665
42.7047 	EXP 	slider_2: markerPos = 3.4869791666666665
42.7152 	DATA 	Mouse:  Left button up, pos=(681,158)
42.7214 	EXP 	slider_2: markerPos = 3.4869791666666665
42.7382 	EXP 	slider_2: markerPos = 3.4869791666666665
42.7382 	EXP 	slider_2: rating = 3.4869791666666665
42.7439 	EXP 	New trial (rep=0, index=19): OrderedDict([('Imagenes', 'imagenes\\Yogurt-alpina.jpg'), ('Random', 0.21540995091807813), ('Correcto', None)])
42.7883 	EXP 	image_2: autoDraw = False
42.7883 	EXP 	slider_2: autoDraw = False
42.7883 	EXP 	image_2: image = 'imagenes\\Yogurt-alpina.jpg'
42.7883 	EXP 	slider_2: markerPos = None
42.7883 	EXP 	slider_2: markerPos = None
42.7883 	EXP 	slider_2: rating = None
42.7883 	EXP 	image_2: autoDraw = True
42.7883 	EXP 	slider_2: autoDraw = True
42.9829 	DATA 	Mouse: Left button down, pos=(681,158)
43.0047 	EXP 	slider_2: markerPos = 3.4869791666666665
43.0215 	EXP 	slider_2: markerPos = 3.4869791666666665
43.0381 	EXP 	slider_2: markerPos = 3.4869791666666665
43.0547 	EXP 	slider_2: markerPos = 3.4869791666666665
43.0714 	EXP 	slider_2: markerPos = 3.4869791666666665
43.0882 	EXP 	slider_2: markerPos = 3.4869791666666665
43.1049 	EXP 	slider_2: markerPos = 3.4869791666666665
43.1214 	EXP 	slider_2: markerPos = 3.4869791666666665
43.1238 	DATA 	Mouse:  Left button up, pos=(681,158)
43.1380 	EXP 	slider_2: markerPos = 3.4869791666666665
43.1380 	EXP 	slider_2: rating = 3.4869791666666665
43.1445 	EXP 	New trial (rep=0, index=3): OrderedDict([('Hertz', 1000), ('volumen', 0.02)])
43.1748 	EXP 	Imported imagenes.xlsx as conditions, 20 conditions, 3 params
43.1755 	EXP 	Created sequence: random, trialTypes=20, nReps=1, seed=None
43.1761 	EXP 	New trial (rep=0, index=0): OrderedDict([('Imagenes', 'imagenes\\Papas-pollo.jpg'), ('Random', 0.6683114062971784), ('Correcto', None)])
43.1985 	EXP 	image_2: autoDraw = False
43.1985 	EXP 	slider_2: autoDraw = False
43.1985 	EXP 	image_2: image = 'imagenes\\Papas-pollo.jpg'
43.1985 	EXP 	slider_2: markerPos = None
43.1985 	EXP 	slider_2: markerPos = None
43.1985 	EXP 	slider_2: rating = None
43.1985 	EXP 	image_2: autoDraw = True
43.1985 	EXP 	slider_2: autoDraw = True
43.2213 	DATA 	Mouse: Left button down, pos=(681,158)
43.2380 	EXP 	slider_2: markerPos = 3.4869791666666665
43.2547 	EXP 	slider_2: markerPos = 3.4869791666666665
43.2714 	EXP 	slider_2: markerPos = 3.4869791666666665
43.2882 	EXP 	slider_2: markerPos = 3.4869791666666665
43.3047 	EXP 	slider_2: markerPos = 3.4869791666666665
43.3214 	EXP 	slider_2: markerPos = 3.4869791666666665
43.3237 	DATA 	Mouse:  Left button up, pos=(681,158)
43.3380 	EXP 	slider_2: markerPos = 3.4869791666666665
43.3380 	EXP 	slider_2: rating = 3.4869791666666665
43.3467 	EXP 	New trial (rep=0, index=1): OrderedDict([('Imagenes', 'imagenes\\Manzana.jpg'), ('Random', 0.5168162194437935), ('Correcto', None)])
43.4000 	DATA 	Mouse: Left button down, pos=(681,158)
43.4072 	EXP 	image_2: autoDraw = False
43.4072 	EXP 	slider_2: autoDraw = False
43.4072 	EXP 	image_2: image = 'imagenes\\Manzana.jpg'
43.4072 	EXP 	slider_2: markerPos = None
43.4072 	EXP 	slider_2: markerPos = None
43.4072 	EXP 	slider_2: rating = None
43.4072 	EXP 	image_2: autoDraw = True
43.4072 	EXP 	slider_2: autoDraw = True
43.4072 	EXP 	slider_2: markerPos = 3.4869791666666665
43.4152 	EXP 	slider_2: markerPos = 3.4869791666666665
43.4238 	EXP 	slider_2: markerPos = 3.4869791666666665
43.4379 	EXP 	slider_2: markerPos = 3.4869791666666665
43.4545 	EXP 	slider_2: markerPos = 3.4869791666666665
43.4713 	EXP 	slider_2: markerPos = 3.4869791666666665
43.4881 	EXP 	slider_2: markerPos = 3.4869791666666665
43.4920 	DATA 	Mouse:  Left button up, pos=(681,158)
43.5047 	EXP 	slider_2: markerPos = 3.4869791666666665
43.5047 	EXP 	slider_2: rating = 3.4869791666666665
43.5107 	EXP 	New trial (rep=0, index=2): OrderedDict([('Imagenes', 'imagenes\\Banano.jpeg'), ('Random', 0.651633055306917), ('Correcto', None)])
43.5496 	EXP 	image_2: autoDraw = False
43.5496 	EXP 	slider_2: autoDraw = False
43.5496 	EXP 	image_2: image = 'imagenes\\Banano.jpeg'
43.5496 	EXP 	slider_2: markerPos = None
43.5496 	EXP 	slider_2: markerPos = None
43.5496 	EXP 	slider_2: rating = None
43.5496 	EXP 	image_2: autoDraw = True
43.5496 	EXP 	slider_2: autoDraw = True
43.5608 	DATA 	Mouse: Left button down, pos=(681,158)
43.5682 	EXP 	slider_2: markerPos = 3.4869791666666665
43.5772 	EXP 	slider_2: markerPos = 3.4869791666666665
43.5878 	EXP 	slider_2: markerPos = 3.4869791666666665
43.6044 	EXP 	slider_2: markerPos = 3.4869791666666665
43.6214 	EXP 	slider_2: markerPos = 3.4869791666666665
43.6381 	EXP 	slider_2: markerPos = 3.4869791666666665
43.6547 	EXP 	slider_2: markerPos = 3.4869791666666665
43.6652 	DATA 	Mouse:  Left button up, pos=(681,158)
43.6715 	EXP 	slider_2: markerPos = 3.4869791666666665
43.6882 	EXP 	slider_2: markerPos = 3.4869791666666665
43.6882 	EXP 	slider_2: rating = 3.4869791666666665
43.6943 	EXP 	New trial (rep=0, index=3): OrderedDict([('Imagenes', 'imagenes\\Leche-de-almendras.jpg'), ('Random', 0.36073876480313727), ('Correcto', None)])
43.7945 	DATA 	Mouse: Left button down, pos=(681,158)
43.8010 	EXP 	image_2: autoDraw = False
43.8010 	EXP 	slider_2: autoDraw = False
43.8010 	EXP 	image_2: image = 'imagenes\\Leche-de-almendras.jpg'
43.8010 	EXP 	slider_2: markerPos = None
43.8010 	EXP 	slider_2: markerPos = None
43.8010 	EXP 	slider_2: rating = None
43.8010 	EXP 	image_2: autoDraw = True
43.8010 	EXP 	slider_2: autoDraw = True
43.8010 	EXP 	slider_2: markerPos = 3.4869791666666665
43.8081 	EXP 	slider_2: markerPos = 3.4869791666666665
43.8148 	EXP 	slider_2: markerPos = 3.4869791666666665
43.8216 	EXP 	slider_2: markerPos = 3.4869791666666665
43.8385 	EXP 	slider_2: markerPos = 3.4869791666666665
43.8553 	EXP 	slider_2: markerPos = 3.4869791666666665
43.8718 	EXP 	slider_2: markerPos = 3.4869791666666665
43.8886 	EXP 	slider_2: markerPos = 3.4869791666666665
43.9050 	EXP 	slider_2: markerPos = 3.4869791666666665
43.9218 	EXP 	slider_2: markerPos = 3.4869791666666665
43.9385 	EXP 	slider_2: markerPos = 3.4869791666666665
43.9504 	DATA 	Mouse:  Left button up, pos=(681,158)
43.9550 	EXP 	slider_2: markerPos = 3.4869791666666665
43.9718 	EXP 	slider_2: markerPos = 3.4869791666666665
43.9718 	EXP 	slider_2: rating = 3.4869791666666665
43.9777 	EXP 	New trial (rep=0, index=4): OrderedDict([('Imagenes', 'imagenes\\Galletas Tosh.jpg'), ('Random', 0.478088790487872), ('Correcto', None)])
44.0369 	EXP 	image_2: autoDraw = False
44.0369 	EXP 	slider_2: autoDraw = False
44.0369 	EXP 	image_2: image = 'imagenes\\Galletas Tosh.jpg'
44.0369 	EXP 	slider_2: markerPos = None
44.0369 	EXP 	slider_2: markerPos = None
44.0369 	EXP 	slider_2: rating = None
44.0369 	EXP 	image_2: autoDraw = True
44.0369 	EXP 	slider_2: autoDraw = True
44.0747 	DATA 	Mouse: Left button down, pos=(681,158)
44.0880 	EXP 	slider_2: markerPos = 3.4869791666666665
44.1048 	EXP 	slider_2: markerPos = 3.4869791666666665
44.1215 	EXP 	slider_2: markerPos = 3.4869791666666665
44.1380 	EXP 	slider_2: markerPos = 3.4869791666666665
44.1548 	EXP 	slider_2: markerPos = 3.4869791666666665
44.1713 	EXP 	slider_2: markerPos = 3.4869791666666665
44.1882 	EXP 	slider_2: markerPos = 3.4869791666666665
44.1915 	DATA 	Mouse:  Left button up, pos=(681,158)
44.2048 	EXP 	slider_2: markerPos = 3.4869791666666665
44.2048 	EXP 	slider_2: rating = 3.4869791666666665
44.2104 	EXP 	New trial (rep=0, index=5): OrderedDict([('Imagenes', 'imagenes\\Uvas.jpg'), ('Random', 0.7734382152670648), ('Correcto', None)])
44.2561 	EXP 	image_2: autoDraw = False
44.2561 	EXP 	slider_2: autoDraw = False
44.2561 	EXP 	image_2: image = 'imagenes\\Uvas.jpg'
44.2561 	EXP 	slider_2: markerPos = None
44.2561 	EXP 	slider_2: markerPos = None
44.2561 	EXP 	slider_2: rating = None
44.2561 	EXP 	image_2: autoDraw = True
44.2561 	EXP 	slider_2: autoDraw = True
44.2591 	DATA 	Mouse: Left button down, pos=(681,158)
44.2696 	EXP 	slider_2: markerPos = 3.4869791666666665
44.2867 	EXP 	slider_2: markerPos = 3.4869791666666665
44.2988 	EXP 	slider_2: markerPos = 3.4869791666666665
44.3112 	EXP 	slider_2: markerPos = 3.4869791666666665
44.3252 	EXP 	slider_2: markerPos = 3.4869791666666665
44.3380 	EXP 	slider_2: markerPos = 3.4869791666666665
44.3548 	EXP 	slider_2: markerPos = 3.4869791666666665
44.3714 	EXP 	slider_2: markerPos = 3.4869791666666665
44.3812 	DATA 	Mouse:  Left button up, pos=(681,158)
44.3881 	EXP 	slider_2: markerPos = 3.4869791666666665
44.4048 	EXP 	slider_2: markerPos = 3.4869791666666665
44.4048 	EXP 	slider_2: rating = 3.4869791666666665
44.4109 	EXP 	New trial (rep=0, index=6): OrderedDict([('Imagenes', 'imagenes\\Kiwi.jpg'), ('Random', 0.5893907384852061), ('Correcto', None)])
44.4369 	EXP 	image_2: autoDraw = False
44.4369 	EXP 	slider_2: autoDraw = False
44.4369 	EXP 	image_2: image = 'imagenes\\Kiwi.jpg'
44.4369 	EXP 	slider_2: markerPos = None
44.4369 	EXP 	slider_2: markerPos = None
44.4369 	EXP 	slider_2: rating = None
44.4369 	EXP 	image_2: autoDraw = True
44.4369 	EXP 	slider_2: autoDraw = True
44.4572 	DATA 	Mouse: Left button down, pos=(681,158)
44.4727 	EXP 	slider_2: markerPos = 3.4869791666666665
44.4882 	EXP 	slider_2: markerPos = 3.4869791666666665
44.5046 	EXP 	slider_2: markerPos = 3.4869791666666665
44.5214 	EXP 	slider_2: markerPos = 3.4869791666666665
44.5381 	EXP 	slider_2: markerPos = 3.4869791666666665
44.5548 	EXP 	slider_2: markerPos = 3.4869791666666665
44.5654 	DATA 	Mouse:  Left button up, pos=(681,158)
44.5716 	EXP 	slider_2: markerPos = 3.4869791666666665
44.5882 	EXP 	slider_2: markerPos = 3.4869791666666665
44.5882 	EXP 	slider_2: rating = 3.4869791666666665
44.5938 	EXP 	New trial (rep=0, index=7): OrderedDict([('Imagenes', 'imagenes\\Croissant.jpg'), ('Random', 0.6152458173421255), ('Correcto', None)])
44.6577 	DATA 	Mouse: Left button down, pos=(681,158)
44.6599 	EXP 	image_2: autoDraw = False
44.6599 	EXP 	slider_2: autoDraw = False
44.6599 	EXP 	image_2: image = 'imagenes\\Croissant.jpg'
44.6599 	EXP 	slider_2: markerPos = None
44.6599 	EXP 	slider_2: markerPos = None
44.6599 	EXP 	slider_2: rating = None
44.6599 	EXP 	image_2: autoDraw = True
44.6599 	EXP 	slider_2: autoDraw = True
44.6684 	EXP 	slider_2: markerPos = 3.4869791666666665
44.6761 	EXP 	slider_2: markerPos = 3.4869791666666665
44.6877 	EXP 	slider_2: markerPos = 3.4869791666666665
44.7048 	EXP 	slider_2: markerPos = 3.4869791666666665
44.7214 	EXP 	slider_2: markerPos = 3.4869791666666665
44.7381 	EXP 	slider_2: markerPos = 3.4869791666666665
44.7547 	EXP 	slider_2: markerPos = 3.4869791666666665
44.7714 	EXP 	slider_2: markerPos = 3.4869791666666665
44.7736 	DATA 	Mouse:  Left button up, pos=(681,158)
44.7881 	EXP 	slider_2: markerPos = 3.4869791666666665
44.7881 	EXP 	slider_2: rating = 3.4869791666666665
44.7936 	EXP 	New trial (rep=0, index=8): OrderedDict([('Imagenes', 'imagenes\\Popetas.jpg'), ('Random', 0.07650200324054446), ('Correcto', None)])
44.8820 	DATA 	Mouse: Left button down, pos=(681,158)
44.8879 	EXP 	image_2: autoDraw = False
44.8879 	EXP 	slider_2: autoDraw = False
44.8879 	EXP 	image_2: image = 'imagenes\\Popetas.jpg'
44.8879 	EXP 	slider_2: markerPos = None
44.8879 	EXP 	slider_2: markerPos = None
44.8879 	EXP 	slider_2: rating = None
44.8879 	EXP 	image_2: autoDraw = True
44.8879 	EXP 	slider_2: autoDraw = True
44.8879 	EXP 	slider_2: markerPos = 3.4869791666666665
44.8955 	EXP 	slider_2: markerPos = 3.4869791666666665
44.9046 	EXP 	slider_2: markerPos = 3.4869791666666665
44.9216 	EXP 	slider_2: markerPos = 3.4869791666666665
44.9381 	EXP 	slider_2: markerPos = 3.4869791666666665
44.9550 	EXP 	slider_2: markerPos = 3.4869791666666665
44.9715 	EXP 	slider_2: markerPos = 3.4869791666666665
44.9745 	DATA 	Mouse:  Left button up, pos=(681,158)
44.9882 	EXP 	slider_2: markerPos = 3.4869791666666665
44.9882 	EXP 	slider_2: rating = 3.4869791666666665
44.9945 	EXP 	New trial (rep=0, index=9): OrderedDict([('Imagenes', 'imagenes\\Rosquitas (1).jpg'), ('Random', 0.3035383390851263), ('Correcto', None)])
45.0503 	EXP 	image_2: autoDraw = False
45.0503 	EXP 	slider_2: autoDraw = False
45.0503 	EXP 	image_2: image = 'imagenes\\Rosquitas (1).jpg'
45.0503 	EXP 	slider_2: markerPos = None
45.0503 	EXP 	slider_2: markerPos = None
45.0503 	EXP 	slider_2: rating = None
45.0503 	EXP 	image_2: autoDraw = True
45.0503 	EXP 	slider_2: autoDraw = True
45.0607 	DATA 	Mouse: Left button down, pos=(681,158)
45.0668 	EXP 	slider_2: markerPos = 3.4869791666666665
45.0761 	EXP 	slider_2: markerPos = 3.4869791666666665
45.0878 	EXP 	slider_2: markerPos = 3.4869791666666665
45.1047 	EXP 	slider_2: markerPos = 3.4869791666666665
45.1215 	EXP 	slider_2: markerPos = 3.4869791666666665
45.1380 	EXP 	slider_2: markerPos = 3.4869791666666665
45.1412 	DATA 	Mouse:  Left button up, pos=(681,158)
45.1548 	EXP 	slider_2: markerPos = 3.4869791666666665
45.1548 	EXP 	slider_2: rating = 3.4869791666666665
45.1609 	EXP 	New trial (rep=0, index=10): OrderedDict([('Imagenes', 'imagenes\\Papas-naturales.jpg'), ('Random', 0.15856838916280946), ('Correcto', None)])
45.2008 	EXP 	image_2: autoDraw = False
45.2008 	EXP 	slider_2: autoDraw = False
45.2008 	EXP 	image_2: image = 'imagenes\\Papas-naturales.jpg'
45.2008 	EXP 	slider_2: markerPos = None
45.2008 	EXP 	slider_2: markerPos = None
45.2008 	EXP 	slider_2: rating = None
45.2008 	EXP 	image_2: autoDraw = True
45.2008 	EXP 	slider_2: autoDraw = True
45.6067 	DATA 	Mouse: Left button down, pos=(681,158)
45.6210 	EXP 	slider_2: markerPos = 3.4869791666666665
45.6377 	EXP 	slider_2: markerPos = 3.4869791666666665
45.6543 	EXP 	slider_2: markerPos = 3.4869791666666665
45.6710 	EXP 	slider_2: markerPos = 3.4869791666666665
45.6878 	EXP 	slider_2: markerPos = 3.4869791666666665
45.7044 	EXP 	slider_2: markerPos = 3.4869791666666665
45.7215 	EXP 	slider_2: markerPos = 3.4869791666666665
45.7381 	EXP 	slider_2: markerPos = 3.4869791666666665
45.7546 	EXP 	slider_2: markerPos = 3.4869791666666665
45.7712 	EXP 	slider_2: markerPos = 3.4869791666666665
45.7881 	EXP 	slider_2: markerPos = 3.4869791666666665
45.8046 	EXP 	slider_2: markerPos = 3.4869791666666665
45.8212 	EXP 	slider_2: markerPos = 3.4869791666666665
45.8381 	EXP 	slider_2: markerPos = 3.4869791666666665
45.8546 	EXP 	slider_2: markerPos = 3.4869791666666665
45.8712 	EXP 	slider_2: markerPos = 3.4869791666666665
45.8881 	EXP 	slider_2: markerPos = 3.4869791666666665
45.8908 	DATA 	Mouse:  Left button up, pos=(681,158)
45.9046 	EXP 	slider_2: markerPos = 3.4869791666666665
45.9046 	EXP 	slider_2: rating = 3.4869791666666665
45.9108 	EXP 	New trial (rep=0, index=11): OrderedDict([('Imagenes', 'imagenes\\Mango.jpeg'), ('Random', 0.555669112372461), ('Correcto', None)])
45.9634 	EXP 	image_2: autoDraw = False
45.9634 	EXP 	slider_2: autoDraw = False
45.9634 	EXP 	image_2: image = 'imagenes\\Mango.jpeg'
45.9634 	EXP 	slider_2: markerPos = None
45.9634 	EXP 	slider_2: markerPos = None
45.9634 	EXP 	slider_2: rating = None
45.9634 	EXP 	image_2: autoDraw = True
45.9634 	EXP 	slider_2: autoDraw = True
46.9617 	EXP 	New trial (rep=0, index=12): OrderedDict([('Imagenes', 'imagenes\\Brownie.jpg'), ('Random', 0.17000143351927688), ('Correcto', None)])
47.0372 	EXP 	image_2: autoDraw = False
47.0372 	EXP 	slider_2: autoDraw = False
47.0372 	EXP 	image_2: autoDraw = False
47.0372 	EXP 	slider_2: autoDraw = False
47.0372 	EXP 	image_2: image = 'imagenes\\Brownie.jpg'
47.0372 	EXP 	slider_2: markerPos = None
47.0372 	EXP 	slider_2: markerPos = None
47.0372 	EXP 	slider_2: rating = None
47.0372 	EXP 	image_2: autoDraw = True
47.0372 	EXP 	slider_2: autoDraw = True
47.0740 	DATA 	Mouse: Left button down, pos=(681,158)
47.0880 	EXP 	slider_2: markerPos = 3.4869791666666665
47.1047 	EXP 	slider_2: markerPos = 3.4869791666666665
47.1213 	EXP 	slider_2: markerPos = 3.4869791666666665
47.1381 	EXP 	slider_2: markerPos = 3.4869791666666665
47.1547 	EXP 	slider_2: markerPos = 3.4869791666666665
47.1714 	EXP 	slider_2: markerPos = 3.4869791666666665
47.1823 	DATA 	Mouse:  Left button up, pos=(681,158)
47.1883 	EXP 	slider_2: markerPos = 3.4869791666666665
47.2047 	EXP 	slider_2: markerPos = 3.4869791666666665
47.2047 	EXP 	slider_2: rating = 3.4869791666666665
47.2111 	EXP 	New trial (rep=0, index=13): OrderedDict([('Imagenes', 'imagenes\\Yogurt-alpina.jpg'), ('Random', 0.21540995091807813), ('Correcto', None)])
47.2542 	EXP 	image_2: autoDraw = False
47.2542 	EXP 	slider_2: autoDraw = False
47.2542 	EXP 	image_2: image = 'imagenes\\Yogurt-alpina.jpg'
47.2542 	EXP 	slider_2: markerPos = None
47.2542 	EXP 	slider_2: markerPos = None
47.2542 	EXP 	slider_2: rating = None
47.2542 	EXP 	image_2: autoDraw = True
47.2542 	EXP 	slider_2: autoDraw = True
47.4847 	DATA 	Mouse: Left button down, pos=(681,158)
47.5046 	EXP 	slider_2: markerPos = 3.4869791666666665
47.5211 	EXP 	slider_2: markerPos = 3.4869791666666665
47.5376 	EXP 	slider_2: markerPos = 3.4869791666666665
47.5543 	EXP 	slider_2: markerPos = 3.4869791666666665
47.5710 	EXP 	slider_2: markerPos = 3.4869791666666665
47.5879 	EXP 	slider_2: markerPos = 3.4869791666666665
47.6046 	EXP 	slider_2: markerPos = 3.4869791666666665
47.6214 	EXP 	slider_2: markerPos = 3.4869791666666665
47.6241 	DATA 	Mouse:  Left button up, pos=(681,158)
47.6379 	EXP 	slider_2: markerPos = 3.4869791666666665
47.6379 	EXP 	slider_2: rating = 3.4869791666666665
47.6437 	EXP 	New trial (rep=0, index=14): OrderedDict([('Imagenes', 'imagenes\\Alpinito.jpg'), ('Random', 0.4515332417045813), ('Correcto', None)])
47.7228 	EXP 	image_2: autoDraw = False
47.7228 	EXP 	slider_2: autoDraw = False
47.7228 	EXP 	image_2: image = 'imagenes\\Alpinito.jpg'
47.7228 	EXP 	slider_2: markerPos = None
47.7228 	EXP 	slider_2: markerPos = None
47.7228 	EXP 	slider_2: rating = None
47.7228 	EXP 	image_2: autoDraw = True
47.7228 	EXP 	slider_2: autoDraw = True
47.8744 	DATA 	Mouse: Left button down, pos=(681,158)
47.8881 	EXP 	slider_2: markerPos = 3.4869791666666665
47.9047 	EXP 	slider_2: markerPos = 3.4869791666666665
47.9212 	EXP 	slider_2: markerPos = 3.4869791666666665
47.9380 	EXP 	slider_2: markerPos = 3.4869791666666665
47.9547 	EXP 	slider_2: markerPos = 3.4869791666666665
47.9713 	EXP 	slider_2: markerPos = 3.4869791666666665
47.9880 	EXP 	slider_2: markerPos = 3.4869791666666665
48.0046 	EXP 	slider_2: markerPos = 3.4869791666666665
48.0212 	EXP 	slider_2: markerPos = 3.4869791666666665
48.0242 	DATA 	Mouse:  Left button up, pos=(681,158)
48.0382 	EXP 	slider_2: markerPos = 3.4869791666666665
48.0382 	EXP 	slider_2: rating = 3.4869791666666665
48.0437 	EXP 	New trial (rep=0, index=15): OrderedDict([('Imagenes', 'imagenes\\Papas-limon.jpg'), ('Random', 0.020692288100133793), ('Correcto', None)])
48.0838 	EXP 	image_2: autoDraw = False
48.0838 	EXP 	slider_2: autoDraw = False
48.0838 	EXP 	image_2: image = 'imagenes\\Papas-limon.jpg'
48.0838 	EXP 	slider_2: markerPos = None
48.0838 	EXP 	slider_2: markerPos = None
48.0838 	EXP 	slider_2: rating = None
48.0838 	EXP 	image_2: autoDraw = True
48.0838 	EXP 	slider_2: autoDraw = True
48.1738 	DATA 	Mouse: Left button down, pos=(681,158)
48.1879 	EXP 	slider_2: markerPos = 3.4869791666666665
48.2043 	EXP 	slider_2: markerPos = 3.4869791666666665
48.2210 	EXP 	slider_2: markerPos = 3.4869791666666665
48.2380 	EXP 	slider_2: markerPos = 3.4869791666666665
48.2546 	EXP 	slider_2: markerPos = 3.4869791666666665
48.2712 	EXP 	slider_2: markerPos = 3.4869791666666665
48.2877 	EXP 	slider_2: markerPos = 3.4869791666666665
48.2988 	DATA 	Mouse:  Left button up, pos=(681,158)
48.3046 	EXP 	slider_2: markerPos = 3.4869791666666665
48.3212 	EXP 	slider_2: markerPos = 3.4869791666666665
48.3212 	EXP 	slider_2: rating = 3.4869791666666665
48.3271 	EXP 	New trial (rep=0, index=16): OrderedDict([('Imagenes', 'imagenes\\Nutella (1).jpg'), ('Random', 0.5277483225747329), ('Correcto', None)])
48.3643 	EXP 	image_2: autoDraw = False
48.3643 	EXP 	slider_2: autoDraw = False
48.3643 	EXP 	image_2: image = 'imagenes\\Nutella (1).jpg'
48.3643 	EXP 	slider_2: markerPos = None
48.3643 	EXP 	slider_2: markerPos = None
48.3643 	EXP 	slider_2: rating = None
48.3643 	EXP 	image_2: autoDraw = True
48.3643 	EXP 	slider_2: autoDraw = True
48.3898 	DATA 	Mouse: Left button down, pos=(681,158)
48.3997 	EXP 	slider_2: markerPos = 3.4869791666666665
48.4124 	EXP 	slider_2: markerPos = 3.4869791666666665
48.4260 	EXP 	slider_2: markerPos = 3.4869791666666665
48.4382 	EXP 	slider_2: markerPos = 3.4869791666666665
48.4545 	EXP 	slider_2: markerPos = 3.4869791666666665
48.4711 	EXP 	slider_2: markerPos = 3.4869791666666665
48.4879 	EXP 	slider_2: markerPos = 3.4869791666666665
48.5045 	EXP 	slider_2: markerPos = 3.4869791666666665
48.5148 	DATA 	Mouse:  Left button up, pos=(681,158)
48.5212 	EXP 	slider_2: markerPos = 3.4869791666666665
48.5379 	EXP 	slider_2: markerPos = 3.4869791666666665
48.5379 	EXP 	slider_2: rating = 3.4869791666666665
48.5440 	EXP 	New trial (rep=0, index=17): OrderedDict([('Imagenes', 'imagenes\\Galletas-festival.jpg'), ('Random', 0.36121121246191135), ('Correcto', None)])
48.6041 	EXP 	image_2: autoDraw = False
48.6041 	EXP 	slider_2: autoDraw = False
48.6041 	EXP 	image_2: image = 'imagenes\\Galletas-festival.jpg'
48.6041 	EXP 	slider_2: markerPos = None
48.6041 	EXP 	slider_2: markerPos = None
48.6041 	EXP 	slider_2: rating = None
48.6041 	EXP 	image_2: autoDraw = True
48.6041 	EXP 	slider_2: autoDraw = True
48.6149 	DATA 	Mouse: Left button down, pos=(681,158)
48.6217 	EXP 	slider_2: markerPos = 3.4869791666666665
48.6378 	EXP 	slider_2: markerPos = 3.4869791666666665
48.6543 	EXP 	slider_2: markerPos = 3.4869791666666665
48.6712 	EXP 	slider_2: markerPos = 3.4869791666666665
48.6881 	EXP 	slider_2: markerPos = 3.4869791666666665
48.7047 	EXP 	slider_2: markerPos = 3.4869791666666665
48.7213 	EXP 	slider_2: markerPos = 3.4869791666666665
48.7380 	EXP 	slider_2: markerPos = 3.4869791666666665
48.7408 	DATA 	Mouse:  Left button up, pos=(681,158)
48.7544 	EXP 	slider_2: markerPos = 3.4869791666666665
48.7544 	EXP 	slider_2: rating = 3.4869791666666665
48.7606 	EXP 	New trial (rep=0, index=18): OrderedDict([('Imagenes', 'imagenes\\bon-bon-bun.jpg'), ('Random', 0.7387922093313524), ('Correcto', None)])
48.8347 	EXP 	image_2: autoDraw = False
48.8347 	EXP 	slider_2: autoDraw = False
48.8347 	EXP 	image_2: image = 'imagenes\\bon-bon-bun.jpg'
48.8347 	EXP 	slider_2: markerPos = None
48.8347 	EXP 	slider_2: markerPos = None
48.8347 	EXP 	slider_2: rating = None
48.8347 	EXP 	image_2: autoDraw = True
48.8347 	EXP 	slider_2: autoDraw = True
48.8505 	DATA 	Mouse: Left button down, pos=(681,158)
48.8620 	EXP 	slider_2: markerPos = 3.4869791666666665
48.8713 	EXP 	slider_2: markerPos = 3.4869791666666665
48.8876 	EXP 	slider_2: markerPos = 3.4869791666666665
48.9045 	EXP 	slider_2: markerPos = 3.4869791666666665
48.9212 	EXP 	slider_2: markerPos = 3.4869791666666665
48.9382 	EXP 	slider_2: markerPos = 3.4869791666666665
48.9546 	EXP 	slider_2: markerPos = 3.4869791666666665
48.9712 	EXP 	slider_2: markerPos = 3.4869791666666665
48.9742 	DATA 	Mouse:  Left button up, pos=(681,158)
48.9880 	EXP 	slider_2: markerPos = 3.4869791666666665
48.9880 	EXP 	slider_2: rating = 3.4869791666666665
48.9941 	EXP 	New trial (rep=0, index=19): OrderedDict([('Imagenes', 'imagenes\\Chocoramo.jfif.jpg'), ('Random', 0.7789437122019539), ('Correcto', None)])
49.0633 	EXP 	image_2: autoDraw = False
49.0633 	EXP 	slider_2: autoDraw = False
49.0633 	EXP 	image_2: image = 'imagenes\\Chocoramo.jfif.jpg'
49.0633 	EXP 	slider_2: markerPos = None
49.0633 	EXP 	slider_2: markerPos = None
49.0633 	EXP 	slider_2: rating = None
49.0633 	EXP 	image_2: autoDraw = True
49.0633 	EXP 	slider_2: autoDraw = True
49.1914 	DATA 	Mouse: Left button down, pos=(681,158)
49.2045 	EXP 	slider_2: markerPos = 3.4869791666666665
49.2212 	EXP 	slider_2: markerPos = 3.4869791666666665
49.2382 	EXP 	slider_2: markerPos = 3.4869791666666665
49.2545 	EXP 	slider_2: markerPos = 3.4869791666666665
49.2713 	EXP 	slider_2: markerPos = 3.4869791666666665
49.2878 	EXP 	slider_2: markerPos = 3.4869791666666665
49.3047 	EXP 	slider_2: markerPos = 3.4869791666666665
49.3212 	EXP 	slider_2: markerPos = 3.4869791666666665
49.3379 	EXP 	slider_2: markerPos = 3.4869791666666665
49.3544 	EXP 	slider_2: markerPos = 3.4869791666666665
49.3712 	EXP 	slider_2: markerPos = 3.4869791666666665
49.3738 	DATA 	Mouse:  Left button up, pos=(681,158)
49.3879 	EXP 	slider_2: markerPos = 3.4869791666666665
49.3879 	EXP 	slider_2: rating = 3.4869791666666665
49.4998 	EXP 	image_2: autoDraw = False
49.4998 	EXP 	slider_2: autoDraw = False
49.4998 	EXP 	text: text = 'El nmero aleatorio es 2231.'
49.4998 	EXP 	text: autoDraw = True
49.6083 	DATA 	Mouse: Left button down, pos=(681,158)
49.7082 	DATA 	Mouse:  Left button up, pos=(681,158)
53.1748 	DATA 	Mouse: Left button down, pos=(681,158)
53.3253 	DATA 	Mouse:  Left button up, pos=(681,158)
54.0426 	DATA 	Keypress: escape
54.5126 	EXP 	window1: mouseVisible = True
