0.8240 	WARNING 	We strongly recommend you activate the PTB sound engine in PsychoPy prefs as the preferred audio engine. Its timing is vastly superior. Your prefs are currently set to use ['sounddevice', 'PTB', 'pyo', 'pygame'] (in that order).
7.7075 	WARNING 	User requested fullscreen with size [1024  768], but screen is actually [1366, 768]. Using actual size
9.2291 	EXP 	Created window1 = Window(allowGUI=False, allowStencil=False, args=UNKNOWN, autoLog=True, bitsMode=UNKNOWN, blendMode='avg', bpc=(8, 8, 8), color=array([0., 0., 0.]), colorSpace='rgb', depthBits=8, fullscr=<method-wrapper '__getattribute__' of attributeSetter object at 0x000001759862E630>, gamma=None, gammaErrorPolicy='raise', kwargs=UNKNOWN, lms=UNKNOWN, monitor=<psychopy.monitors.calibTools.Monitor object at 0x00000175984CB6A0>, multiSample=False, name='window1', numSamples=2, pos=[0.0, 0.0], screen=0, size=array([1366,  768]), stencilBits=0, stereo=False, units='height', useFBO=True, useRetina=False, viewOri=0.0, viewPos=None, viewScale=None, waitBlanking=True, winType='pyglet')
9.2297 	EXP 	window1: mouseVisible = True
9.2297 	EXP 	window1: recordFrameIntervals = False
9.3945 	EXP 	window1: recordFrameIntervals = True
9.5785 	EXP 	window1: recordFrameIntervals = False
9.8551 	EXP 	Created text = TextStim(__class__=<class 'psychopy.visual.text.TextStim'>, alignHoriz=method-wrapper(...), alignText='center', alignVert=method-wrapper(...), anchorHoriz='center', anchorVert='center', antialias=True, autoLog=True, bold=False, color='white', colorSpace='named', contrast=1.0, depth=-1.0, flipHoriz=False, flipVert=False, font='Arial', fontFiles=[], height=0.1, italic=False, languageStyle='LTR', name='text', opacity=1.0, ori=0, pos=array([0., 0.]), rgb=array([255., 255., 255.]), text='0.5436098433660929', units='height', win=Window(...), wrapWidth=1)
9.9352 	EXP 	Sound sound_3 set volume 1.000
9.9353 	EXP 	Sound Sonido set volume 1.000
9.9396 	EXP 	Created image_2 = ImageStim(__class__=<class 'psychopy.visual.image.ImageStim'>, autoLog=True, color=array([1., 1., 1.]), colorSpace='rgb', contrast=1.0, depth=-1.0, flipHoriz=False, flipVert=False, image='sin', interpolate=True, mask=None, maskParams=None, name='image_2', opacity=1.0, ori=0.0, pos=array([0. , 0.2]), size=array([0.5, 0.5]), texRes=128, units='height', win=Window(...))
9.9591 	EXP 	window1: mouseVisible = True
10.0009 	EXP 	Created slider_2 = Slider(__class__=<class 'psychopy.visual.slider.Slider'>, autoDraw=False, autoLog=True, color='LightGray', depth=0, flip=False, font='HelveticaBold', granularity=0, labelHeight=0.05, labelWrapWidth=None, labels=('0', '1000', '2000', '3000', '4000', '5000'), name='slider_2', pos=(0, -0.3), readOnly=False, self=UNKNOWN, size=(1.0, 0.05), style=method-wrapper(...), ticks=array([1, 2, 3, 4, 5, 6]), units='height', win=Window(...))
10.0354 	EXP 	slider_2: autoLog = True
10.0354 	EXP 	slider_2: markerPos = None
10.0354 	EXP 	slider_2: rating = None
10.0354 	EXP 	slider_2: markerPos = None
10.0354 	EXP 	slider_2: contrast = 1.0
10.0354 	EXP 	slider_2: autoLog = True
10.0354 	EXP 	slider_2: style = ['rating']
10.0354 	EXP 	text: autoDraw = True
11.0875 	EXP 	text: autoDraw = False
13.0635 	DATA 	Keypress: escape
13.4436 	EXP 	window1: mouseVisible = True
