1.1233 	WARNING 	We strongly recommend you activate the PTB sound engine in PsychoPy prefs as the preferred audio engine. Its timing is vastly superior. Your prefs are currently set to use ['sounddevice', 'PTB', 'pyo', 'pygame'] (in that order).
7.2475 	WARNING 	User requested fullscreen with size [1024  768], but screen is actually [1366, 768]. Using actual size
8.8813 	EXP 	Created window1 = Window(allowGUI=False, allowStencil=False, args=UNKNOWN, autoLog=True, bitsMode=UNKNOWN, blendMode='avg', bpc=(8, 8, 8), color=array([0., 0., 0.]), colorSpace='rgb', depthBits=8, fullscr=<method-wrapper '__getattribute__' of attributeSetter object at 0x000001F0799CE6D8>, gamma=None, gammaErrorPolicy='raise', kwargs=UNKNOWN, lms=UNKNOWN, monitor=<psychopy.monitors.calibTools.Monitor object at 0x000001F07976A748>, multiSample=False, name='window1', numSamples=2, pos=[0.0, 0.0], screen=0, size=array([1366,  768]), stencilBits=0, stereo=False, units='height', useFBO=True, useRetina=False, viewOri=0.0, viewPos=None, viewScale=None, waitBlanking=True, winType='pyglet')
8.8819 	EXP 	window1: mouseVisible = True
8.8820 	EXP 	window1: recordFrameIntervals = False
9.0466 	EXP 	window1: recordFrameIntervals = True
9.2305 	EXP 	window1: recordFrameIntervals = False
9.7232 	EXP 	Sound Sonido set volume 1.000
9.7383 	EXP 	Created image_2 = ImageStim(__class__=<class 'psychopy.visual.image.ImageStim'>, autoLog=True, color=array([1., 1., 1.]), colorSpace='rgb', contrast=1.0, depth=-1.0, flipHoriz=False, flipVert=False, image='sin', interpolate=True, mask=None, maskParams=None, name='image_2', opacity=1.0, ori=0.0, pos=array([0. , 0.2]), size=array([0.5, 0.5]), texRes=128, units='height', win=Window(...))
9.7643 	EXP 	window1: mouseVisible = True
9.9319 	EXP 	Created slider_2 = Slider(__class__=<class 'psychopy.visual.slider.Slider'>, autoDraw=False, autoLog=True, color='LightGray', depth=0, flip=False, font='HelveticaBold', granularity=0, labelHeight=0.05, labelWrapWidth=None, labels=('0', '1000', '2000', '3000', '4000', '5000'), name='slider_2', pos=(0, -0.3), readOnly=False, self=UNKNOWN, size=(1.0, 0.05), style=method-wrapper(...), ticks=array([1, 2, 3, 4, 5, 6]), units='height', win=Window(...))
10.0045 	EXP 	Created text = TextStim(__class__=<class 'psychopy.visual.text.TextStim'>, alignHoriz=method-wrapper(...), alignText='center', alignVert=method-wrapper(...), anchorHoriz='center', anchorVert='center', antialias=True, autoLog=True, bold=False, color='white', colorSpace='named', contrast=1.0, depth=-1.0, flipHoriz=False, flipVert=False, font='Arial', fontFiles=[], height=0.1, italic=False, languageStyle='LTR', name='text', opacity=1.0, ori=0, pos=array([0.  , 0.15]), rgb=array([255., 255., 255.]), text='default text', units='height', win=Window(...), wrapWidth=1)
10.0154 	EXP 	Created text_2 = TextStim(__class__=<class 'psychopy.visual.text.TextStim'>, alignHoriz=method-wrapper(...), alignText='center', alignVert=method-wrapper(...), anchorHoriz='center', anchorVert='center', antialias=True, autoLog=True, bold=False, color='white', colorSpace='named', contrast=1.0, depth=-2.0, flipHoriz=False, flipVert=False, font='Arial', fontFiles=[], height=0.1, italic=False, languageStyle='LTR', name='text_2', opacity=1.0, ori=0, pos=array([ 0.  , -0.15]), rgb=array([255., 255., 255.]), text='default text', units='height', win=Window(...), wrapWidth=1)
10.1435 	EXP 	Imported ruidos.xlsx as conditions, 4 conditions, 2 params
10.1447 	EXP 	Created sequence: random, trialTypes=4, nReps=1, seed=None
10.1458 	EXP 	New trial (rep=0, index=0): OrderedDict([('Hertz', 1000), ('volumen', 0.02)])
10.1665 	EXP 	Imported imagenes.xlsx as conditions, 20 conditions, 3 params
10.1672 	EXP 	Created sequence: random, trialTypes=20, nReps=1, seed=None
10.1678 	EXP 	New trial (rep=0, index=0): OrderedDict([('Imagenes', 'imagenes\\Leche-de-almendras.jpg'), ('Random', 0.36073876480313727), ('Correcto', None)])
10.2849 	EXP 	slider_2: autoLog = True
10.2849 	EXP 	slider_2: markerPos = None
10.2849 	EXP 	slider_2: rating = None
10.2849 	EXP 	slider_2: markerPos = None
10.2849 	EXP 	slider_2: contrast = 1.0
10.2849 	EXP 	slider_2: autoLog = True
10.2849 	EXP 	slider_2: style = ['rating']
10.2849 	EXP 	image_2: image = 'imagenes\\Leche-de-almendras.jpg'
10.2849 	EXP 	slider_2: markerPos = None
10.2849 	EXP 	slider_2: markerPos = None
10.2849 	EXP 	slider_2: rating = None
10.2849 	EXP 	image_2: autoDraw = True
10.2849 	EXP 	slider_2: autoDraw = True
11.0524 	EXP 	New trial (rep=0, index=1): OrderedDict([('Imagenes', 'imagenes\\Galletas-festival.jpg'), ('Random', 0.36121121246191135), ('Correcto', None)])
11.1267 	DATA 	Mouse: Left button down, pos=(703,144)
11.1312 	EXP 	image_2: autoDraw = False
11.1312 	EXP 	slider_2: autoDraw = False
11.1312 	EXP 	image_2: image = 'imagenes\\Galletas-festival.jpg'
11.1312 	EXP 	slider_2: markerPos = None
11.1312 	EXP 	slider_2: markerPos = None
11.1312 	EXP 	slider_2: rating = None
11.1312 	EXP 	image_2: autoDraw = True
11.1312 	EXP 	slider_2: autoDraw = True
11.1312 	EXP 	slider_2: markerPos = 3.630208333333333
11.1376 	EXP 	slider_2: markerPos = 3.630208333333333
11.1459 	EXP 	slider_2: markerPos = 3.630208333333333
11.1629 	EXP 	slider_2: markerPos = 3.630208333333333
11.1793 	EXP 	slider_2: markerPos = 3.630208333333333
11.1962 	EXP 	slider_2: markerPos = 3.630208333333333
11.2126 	EXP 	slider_2: markerPos = 3.630208333333333
11.2296 	EXP 	slider_2: markerPos = 3.630208333333333
11.2321 	DATA 	Mouse:  Left button up, pos=(703,144)
11.2460 	EXP 	slider_2: markerPos = 3.630208333333333
11.2460 	EXP 	slider_2: rating = 3.630208333333333
11.2499 	EXP 	New trial (rep=0, index=2): OrderedDict([('Imagenes', 'imagenes\\Papas-pollo.jpg'), ('Random', 0.6683114062971784), ('Correcto', None)])
11.2727 	EXP 	image_2: autoDraw = False
11.2727 	EXP 	slider_2: autoDraw = False
11.2727 	EXP 	image_2: image = 'imagenes\\Papas-pollo.jpg'
11.2727 	EXP 	slider_2: markerPos = None
11.2727 	EXP 	slider_2: markerPos = None
11.2727 	EXP 	slider_2: rating = None
11.2727 	EXP 	image_2: autoDraw = True
11.2727 	EXP 	slider_2: autoDraw = True
11.3383 	DATA 	Mouse: Left button down, pos=(695,151)
11.3491 	EXP 	slider_2: markerPos = 3.578125
11.3628 	EXP 	slider_2: markerPos = 3.552083333333333
11.3793 	EXP 	slider_2: markerPos = 3.545572916666667
11.3960 	EXP 	slider_2: markerPos = 3.51953125
11.4126 	EXP 	slider_2: markerPos = 3.48046875
11.4211 	DATA 	Mouse:  Left button up, pos=(668,152)
11.4293 	EXP 	slider_2: markerPos = 3.4348958333333335
11.4460 	EXP 	slider_2: markerPos = 3.4348958333333335
11.4460 	EXP 	slider_2: rating = 3.4348958333333335
11.4493 	EXP 	New trial (rep=0, index=3): OrderedDict([('Imagenes', 'imagenes\\Croissant.jpg'), ('Random', 0.6152458173421255), ('Correcto', None)])
11.5017 	DATA 	Mouse: Left button down, pos=(639,152)
11.5062 	EXP 	image_2: autoDraw = False
11.5062 	EXP 	slider_2: autoDraw = False
11.5062 	EXP 	image_2: image = 'imagenes\\Croissant.jpg'
11.5062 	EXP 	slider_2: markerPos = None
11.5062 	EXP 	slider_2: markerPos = None
11.5062 	EXP 	slider_2: rating = None
11.5062 	EXP 	image_2: autoDraw = True
11.5062 	EXP 	slider_2: autoDraw = True
11.5062 	EXP 	slider_2: markerPos = 3.2135416666666665
11.5118 	EXP 	slider_2: markerPos = 3.1940104166666665
11.5187 	EXP 	slider_2: markerPos = 3.1875
11.5294 	EXP 	slider_2: markerPos = 3.1875
11.5459 	EXP 	slider_2: markerPos = 3.1809895833333335
11.5626 	EXP 	slider_2: markerPos = 3.1744791666666665
11.5794 	EXP 	slider_2: markerPos = 3.16796875
11.5861 	DATA 	Mouse:  Left button up, pos=(627,152)
11.5959 	EXP 	slider_2: markerPos = 3.1549479166666665
11.6129 	EXP 	slider_2: markerPos = 3.1549479166666665
11.6129 	EXP 	slider_2: rating = 3.1549479166666665
11.6167 	EXP 	New trial (rep=0, index=4): OrderedDict([('Imagenes', 'imagenes\\Papas-limon.jpg'), ('Random', 0.020692288100133793), ('Correcto', None)])
11.6469 	EXP 	image_2: autoDraw = False
11.6469 	EXP 	slider_2: autoDraw = False
11.6469 	EXP 	image_2: image = 'imagenes\\Papas-limon.jpg'
11.6469 	EXP 	slider_2: markerPos = None
11.6469 	EXP 	slider_2: markerPos = None
11.6469 	EXP 	slider_2: rating = None
11.6469 	EXP 	image_2: autoDraw = True
11.6469 	EXP 	slider_2: autoDraw = True
11.6655 	DATA 	Mouse: Left button down, pos=(588,150)
11.6792 	EXP 	slider_2: markerPos = 2.8815104166666665
11.6967 	EXP 	slider_2: markerPos = 2.8359375
11.7128 	EXP 	slider_2: markerPos = 2.803385416666667
11.7293 	EXP 	slider_2: markerPos = 2.77734375
11.7458 	EXP 	slider_2: markerPos = 2.770833333333333
11.7480 	DATA 	Mouse:  Left button up, pos=(568,150)
11.7629 	EXP 	slider_2: markerPos = 2.770833333333333
11.7629 	EXP 	slider_2: rating = 2.770833333333333
11.7667 	EXP 	New trial (rep=0, index=5): OrderedDict([('Imagenes', 'imagenes\\Yogurt-alpina.jpg'), ('Random', 0.21540995091807813), ('Correcto', None)])
11.7981 	EXP 	image_2: autoDraw = False
11.7981 	EXP 	slider_2: autoDraw = False
11.7981 	EXP 	image_2: image = 'imagenes\\Yogurt-alpina.jpg'
11.7981 	EXP 	slider_2: markerPos = None
11.7981 	EXP 	slider_2: markerPos = None
11.7981 	EXP 	slider_2: rating = None
11.7981 	EXP 	image_2: autoDraw = True
11.7981 	EXP 	slider_2: autoDraw = True
11.8312 	DATA 	Mouse: Left button down, pos=(562,150)
11.8460 	EXP 	slider_2: markerPos = 2.712239583333333
11.8630 	EXP 	slider_2: markerPos = 2.712239583333333
11.8793 	EXP 	slider_2: markerPos = 2.712239583333333
11.8960 	EXP 	slider_2: markerPos = 2.712239583333333
11.9125 	EXP 	slider_2: markerPos = 2.712239583333333
11.9150 	DATA 	Mouse:  Left button up, pos=(562,150)
11.9291 	EXP 	slider_2: markerPos = 2.712239583333333
11.9291 	EXP 	slider_2: rating = 2.712239583333333
11.9342 	EXP 	New trial (rep=0, index=6): OrderedDict([('Imagenes', 'imagenes\\Banano.jpeg'), ('Random', 0.651633055306917), ('Correcto', None)])
11.9638 	EXP 	image_2: autoDraw = False
11.9638 	EXP 	slider_2: autoDraw = False
11.9638 	EXP 	image_2: image = 'imagenes\\Banano.jpeg'
11.9638 	EXP 	slider_2: markerPos = None
11.9638 	EXP 	slider_2: markerPos = None
11.9638 	EXP 	slider_2: rating = None
11.9638 	EXP 	image_2: autoDraw = True
11.9638 	EXP 	slider_2: autoDraw = True
12.0154 	DATA 	Mouse: Left button down, pos=(711,142)
12.0292 	EXP 	slider_2: markerPos = 3.708333333333333
12.0460 	EXP 	slider_2: markerPos = 3.721354166666667
12.0629 	EXP 	slider_2: markerPos = 3.721354166666667
12.0793 	EXP 	slider_2: markerPos = 3.721354166666667
12.0958 	EXP 	slider_2: markerPos = 3.740885416666667
12.1129 	EXP 	slider_2: markerPos = 3.8125
12.1154 	DATA 	Mouse:  Left button up, pos=(748,138)
12.1295 	EXP 	slider_2: markerPos = 3.8125
12.1295 	EXP 	slider_2: rating = 3.8125
12.1328 	EXP 	New trial (rep=0, index=7): OrderedDict([('Imagenes', 'imagenes\\Brownie.jpg'), ('Random', 0.17000143351927688), ('Correcto', None)])
12.1908 	EXP 	image_2: autoDraw = False
12.1908 	EXP 	slider_2: autoDraw = False
12.1908 	EXP 	image_2: image = 'imagenes\\Brownie.jpg'
12.1908 	EXP 	slider_2: markerPos = None
12.1908 	EXP 	slider_2: markerPos = None
12.1908 	EXP 	slider_2: rating = None
12.1908 	EXP 	image_2: autoDraw = True
12.1908 	EXP 	slider_2: autoDraw = True
12.1941 	DATA 	Mouse: Left button down, pos=(835,138)
12.1986 	EXP 	slider_2: markerPos = 4.489583333333333
12.2063 	EXP 	slider_2: markerPos = 4.49609375
12.2129 	EXP 	slider_2: markerPos = 4.49609375
12.2293 	EXP 	slider_2: markerPos = 4.49609375
12.2460 	EXP 	slider_2: markerPos = 4.49609375
12.2627 	EXP 	slider_2: markerPos = 4.49609375
12.2710 	DATA 	Mouse:  Left button up, pos=(840,138)
12.2792 	EXP 	slider_2: markerPos = 4.502604166666667
12.2960 	EXP 	slider_2: markerPos = 4.502604166666667
12.2960 	EXP 	slider_2: rating = 4.502604166666667
12.2993 	EXP 	New trial (rep=0, index=8): OrderedDict([('Imagenes', 'imagenes\\Kiwi.jpg'), ('Random', 0.5893907384852061), ('Correcto', None)])
12.3199 	EXP 	image_2: autoDraw = False
12.3199 	EXP 	slider_2: autoDraw = False
12.3199 	EXP 	image_2: image = 'imagenes\\Kiwi.jpg'
12.3199 	EXP 	slider_2: markerPos = None
12.3199 	EXP 	slider_2: markerPos = None
12.3199 	EXP 	slider_2: rating = None
12.3199 	EXP 	image_2: autoDraw = True
12.3199 	EXP 	slider_2: autoDraw = True
12.3826 	DATA 	Mouse: Left button down, pos=(880,137)
12.3960 	EXP 	slider_2: markerPos = 4.782552083333334
12.4128 	EXP 	slider_2: markerPos = 4.782552083333334
12.4292 	EXP 	slider_2: markerPos = 4.782552083333334
12.4459 	EXP 	slider_2: markerPos = 4.782552083333334
12.4480 	DATA 	Mouse:  Left button up, pos=(880,137)
12.4629 	EXP 	slider_2: markerPos = 4.782552083333334
12.4629 	EXP 	slider_2: rating = 4.782552083333334
12.4666 	EXP 	New trial (rep=0, index=9): OrderedDict([('Imagenes', 'imagenes\\Alpinito.jpg'), ('Random', 0.4515332417045813), ('Correcto', None)])
12.5344 	EXP 	image_2: autoDraw = False
12.5344 	EXP 	slider_2: autoDraw = False
12.5344 	EXP 	image_2: image = 'imagenes\\Alpinito.jpg'
12.5344 	EXP 	slider_2: markerPos = None
12.5344 	EXP 	slider_2: markerPos = None
12.5344 	EXP 	slider_2: rating = None
12.5344 	EXP 	image_2: autoDraw = True
12.5344 	EXP 	slider_2: autoDraw = True
12.5645 	DATA 	Mouse: Left button down, pos=(812,142)
12.5791 	EXP 	slider_2: markerPos = 4.33984375
12.5958 	EXP 	slider_2: markerPos = 4.1640625
12.6124 	EXP 	slider_2: markerPos = 3.942708333333333
12.6147 	DATA 	Mouse:  Left button up, pos=(714,150)
12.6291 	EXP 	slider_2: markerPos = 3.942708333333333
12.6291 	EXP 	slider_2: rating = 3.942708333333333
12.6326 	EXP 	New trial (rep=0, index=10): OrderedDict([('Imagenes', 'imagenes\\Uvas.jpg'), ('Random', 0.7734382152670648), ('Correcto', None)])
12.6633 	EXP 	image_2: autoDraw = False
12.6633 	EXP 	slider_2: autoDraw = False
12.6633 	EXP 	image_2: image = 'imagenes\\Uvas.jpg'
12.6633 	EXP 	slider_2: markerPos = None
12.6633 	EXP 	slider_2: markerPos = None
12.6633 	EXP 	slider_2: rating = None
12.6633 	EXP 	image_2: autoDraw = True
12.6633 	EXP 	slider_2: autoDraw = True
12.7152 	DATA 	Mouse: Left button down, pos=(625,154)
12.7293 	EXP 	slider_2: markerPos = 3.109375
12.7466 	EXP 	slider_2: markerPos = 3.1028645833333335
12.7630 	EXP 	slider_2: markerPos = 3.0963541666666665
12.7696 	DATA 	Mouse:  Left button up, pos=(617,151)
12.7792 	EXP 	slider_2: markerPos = 3.0833333333333335
12.7957 	EXP 	slider_2: markerPos = 3.0833333333333335
12.7957 	EXP 	slider_2: rating = 3.0833333333333335
12.7997 	EXP 	New trial (rep=0, index=11): OrderedDict([('Imagenes', 'imagenes\\Papas-naturales.jpg'), ('Random', 0.15856838916280946), ('Correcto', None)])
12.8182 	EXP 	image_2: autoDraw = False
12.8182 	EXP 	slider_2: autoDraw = False
12.8182 	EXP 	image_2: image = 'imagenes\\Papas-naturales.jpg'
12.8182 	EXP 	slider_2: markerPos = None
12.8182 	EXP 	slider_2: markerPos = None
12.8182 	EXP 	slider_2: rating = None
12.8182 	EXP 	image_2: autoDraw = True
12.8182 	EXP 	slider_2: autoDraw = True
12.8815 	DATA 	Mouse: Left button down, pos=(581,147)
12.8960 	EXP 	slider_2: markerPos = 2.829427083333333
12.9127 	EXP 	slider_2: markerPos = 2.822916666666667
12.9294 	EXP 	slider_2: markerPos = 2.81640625
12.9412 	DATA 	Mouse:  Left button up, pos=(569,143)
12.9456 	EXP 	slider_2: markerPos = 2.803385416666667
12.9629 	EXP 	slider_2: markerPos = 2.803385416666667
12.9629 	EXP 	slider_2: rating = 2.803385416666667
12.9666 	EXP 	New trial (rep=0, index=12): OrderedDict([('Imagenes', 'imagenes\\Chocoramo.jfif.jpg'), ('Random', 0.7789437122019539), ('Correcto', None)])
13.0213 	EXP 	image_2: autoDraw = False
13.0213 	EXP 	slider_2: autoDraw = False
13.0213 	EXP 	image_2: image = 'imagenes\\Chocoramo.jfif.jpg'
13.0213 	EXP 	slider_2: markerPos = None
13.0213 	EXP 	slider_2: markerPos = None
13.0213 	EXP 	slider_2: rating = None
13.0213 	EXP 	image_2: autoDraw = True
13.0213 	EXP 	slider_2: autoDraw = True
13.0297 	DATA 	Mouse: Left button down, pos=(521,139)
13.0343 	EXP 	slider_2: markerPos = 2.4453125
13.0458 	EXP 	slider_2: markerPos = 2.432291666666667
13.0628 	EXP 	slider_2: markerPos = 2.419270833333333
13.0793 	EXP 	slider_2: markerPos = 2.399739583333333
13.0961 	EXP 	slider_2: markerPos = 2.373697916666667
13.1063 	DATA 	Mouse:  Left button up, pos=(500,139)
13.1130 	EXP 	slider_2: markerPos = 2.328125
13.1291 	EXP 	slider_2: markerPos = 2.328125
13.1291 	EXP 	slider_2: rating = 2.328125
13.1329 	EXP 	New trial (rep=0, index=13): OrderedDict([('Imagenes', 'imagenes\\Manzana.jpg'), ('Random', 0.5168162194437935), ('Correcto', None)])
13.1684 	EXP 	image_2: autoDraw = False
13.1684 	EXP 	slider_2: autoDraw = False
13.1684 	EXP 	image_2: image = 'imagenes\\Manzana.jpg'
13.1684 	EXP 	slider_2: markerPos = None
13.1684 	EXP 	slider_2: markerPos = None
13.1684 	EXP 	slider_2: rating = None
13.1684 	EXP 	image_2: autoDraw = True
13.1684 	EXP 	slider_2: autoDraw = True
13.1889 	DATA 	Mouse: Left button down, pos=(488,140)
13.2128 	EXP 	slider_2: markerPos = 2.23046875
13.2292 	EXP 	slider_2: markerPos = 2.23046875
13.2459 	EXP 	slider_2: markerPos = 2.23046875
13.2629 	EXP 	slider_2: markerPos = 2.23046875
13.2795 	EXP 	slider_2: markerPos = 2.23046875
13.2850 	DATA 	Mouse:  Left button up, pos=(490,140)
13.2958 	EXP 	slider_2: markerPos = 2.23046875
13.2958 	EXP 	slider_2: rating = 2.23046875
13.2995 	EXP 	New trial (rep=0, index=14): OrderedDict([('Imagenes', 'imagenes\\Rosquitas (1).jpg'), ('Random', 0.3035383390851263), ('Correcto', None)])
13.3448 	EXP 	image_2: autoDraw = False
13.3448 	EXP 	slider_2: autoDraw = False
13.3448 	EXP 	image_2: image = 'imagenes\\Rosquitas (1).jpg'
13.3448 	EXP 	slider_2: markerPos = None
13.3448 	EXP 	slider_2: markerPos = None
13.3448 	EXP 	slider_2: rating = None
13.3448 	EXP 	image_2: autoDraw = True
13.3448 	EXP 	slider_2: autoDraw = True
13.3521 	DATA 	Mouse: Left button down, pos=(543,150)
13.3624 	EXP 	slider_2: markerPos = 2.588541666666667
13.3791 	EXP 	slider_2: markerPos = 2.595052083333333
13.3957 	EXP 	slider_2: markerPos = 2.608072916666667
13.4130 	EXP 	slider_2: markerPos = 2.62109375
13.4292 	EXP 	slider_2: markerPos = 2.6796875
13.4388 	DATA 	Mouse:  Left button up, pos=(584,150)
13.4458 	EXP 	slider_2: markerPos = 2.77734375
13.4625 	EXP 	slider_2: markerPos = 2.77734375
13.4625 	EXP 	slider_2: rating = 2.77734375
13.4666 	EXP 	New trial (rep=0, index=15): OrderedDict([('Imagenes', 'imagenes\\bon-bon-bun.jpg'), ('Random', 0.7387922093313524), ('Correcto', None)])
13.5032 	EXP 	image_2: autoDraw = False
13.5032 	EXP 	slider_2: autoDraw = False
13.5032 	EXP 	image_2: image = 'imagenes\\bon-bon-bun.jpg'
13.5032 	EXP 	slider_2: markerPos = None
13.5032 	EXP 	slider_2: markerPos = None
13.5032 	EXP 	slider_2: rating = None
13.5032 	EXP 	image_2: autoDraw = True
13.5032 	EXP 	slider_2: autoDraw = True
13.5180 	DATA 	Mouse: Left button down, pos=(683,154)
13.5291 	EXP 	slider_2: markerPos = 3.5
13.5457 	EXP 	slider_2: markerPos = 3.5
13.5629 	EXP 	slider_2: markerPos = 3.5
13.5791 	EXP 	slider_2: markerPos = 3.5
13.5957 	EXP 	slider_2: markerPos = 3.5
13.6127 	EXP 	slider_2: markerPos = 3.5
13.6187 	DATA 	Mouse:  Left button up, pos=(683,154)
13.6294 	EXP 	slider_2: markerPos = 3.5
13.6457 	EXP 	slider_2: markerPos = 3.5
13.6457 	EXP 	slider_2: rating = 3.5
13.6497 	EXP 	New trial (rep=0, index=16): OrderedDict([('Imagenes', 'imagenes\\Nutella (1).jpg'), ('Random', 0.5277483225747329), ('Correcto', None)])
13.6794 	EXP 	image_2: autoDraw = False
13.6794 	EXP 	slider_2: autoDraw = False
13.6794 	EXP 	image_2: image = 'imagenes\\Nutella (1).jpg'
13.6794 	EXP 	slider_2: markerPos = None
13.6794 	EXP 	slider_2: markerPos = None
13.6794 	EXP 	slider_2: rating = None
13.6794 	EXP 	image_2: autoDraw = True
13.6794 	EXP 	slider_2: autoDraw = True
13.7156 	DATA 	Mouse: Left button down, pos=(708,155)
13.7294 	EXP 	slider_2: markerPos = 3.662760416666667
13.7458 	EXP 	slider_2: markerPos = 3.662760416666667
13.7629 	EXP 	slider_2: markerPos = 3.662760416666667
13.7793 	EXP 	slider_2: markerPos = 3.662760416666667
13.7960 	EXP 	slider_2: markerPos = 3.662760416666667
13.8019 	DATA 	Mouse:  Left button up, pos=(708,155)
13.8123 	EXP 	slider_2: markerPos = 3.662760416666667
13.8294 	EXP 	slider_2: markerPos = 3.662760416666667
13.8294 	EXP 	slider_2: rating = 3.662760416666667
13.8334 	EXP 	New trial (rep=0, index=17): OrderedDict([('Imagenes', 'imagenes\\Popetas.jpg'), ('Random', 0.07650200324054446), ('Correcto', None)])
13.8799 	EXP 	image_2: autoDraw = False
13.8799 	EXP 	slider_2: autoDraw = False
13.8799 	EXP 	image_2: image = 'imagenes\\Popetas.jpg'
13.8799 	EXP 	slider_2: markerPos = None
13.8799 	EXP 	slider_2: markerPos = None
13.8799 	EXP 	slider_2: rating = None
13.8799 	EXP 	image_2: autoDraw = True
13.8799 	EXP 	slider_2: autoDraw = True
13.9345 	DATA 	Mouse: Left button down, pos=(731,157)
13.9628 	EXP 	slider_2: markerPos = 3.819010416666667
13.9791 	EXP 	slider_2: markerPos = 3.825520833333333
13.9958 	EXP 	slider_2: markerPos = 3.83203125
14.0127 	EXP 	slider_2: markerPos = 3.838541666666667
14.0211 	DATA 	Mouse:  Left button up, pos=(749,157)
14.0293 	EXP 	slider_2: markerPos = 3.897135416666667
14.0457 	EXP 	slider_2: markerPos = 3.897135416666667
14.0457 	EXP 	slider_2: rating = 3.897135416666667
14.0494 	EXP 	New trial (rep=0, index=18): OrderedDict([('Imagenes', 'imagenes\\Mango.jpeg'), ('Random', 0.555669112372461), ('Correcto', None)])
14.0897 	EXP 	image_2: autoDraw = False
14.0897 	EXP 	slider_2: autoDraw = False
14.0897 	EXP 	image_2: image = 'imagenes\\Mango.jpeg'
14.0897 	EXP 	slider_2: markerPos = None
14.0897 	EXP 	slider_2: markerPos = None
14.0897 	EXP 	slider_2: rating = None
14.0897 	EXP 	image_2: autoDraw = True
14.0897 	EXP 	slider_2: autoDraw = True
14.0924 	DATA 	Mouse: Left button down, pos=(791,160)
14.0967 	EXP 	slider_2: markerPos = 4.203125
14.1039 	EXP 	slider_2: markerPos = 4.203125
14.1125 	EXP 	slider_2: markerPos = 4.203125
14.1291 	EXP 	slider_2: markerPos = 4.203125
14.1458 	EXP 	slider_2: markerPos = 4.203125
14.1628 	EXP 	slider_2: markerPos = 4.203125
14.1792 	EXP 	slider_2: markerPos = 4.203125
14.1959 	EXP 	slider_2: markerPos = 4.203125
14.2126 	EXP 	slider_2: markerPos = 4.203125
14.2152 	DATA 	Mouse:  Left button up, pos=(788,160)
14.2291 	EXP 	slider_2: markerPos = 4.203125
14.2291 	EXP 	slider_2: rating = 4.203125
14.2333 	EXP 	New trial (rep=0, index=19): OrderedDict([('Imagenes', 'imagenes\\Galletas Tosh.jpg'), ('Random', 0.478088790487872), ('Correcto', None)])
14.2859 	DATA 	Mouse: Left button down, pos=(744,158)
14.2903 	EXP 	image_2: autoDraw = False
14.2903 	EXP 	slider_2: autoDraw = False
14.2903 	EXP 	image_2: image = 'imagenes\\Galletas Tosh.jpg'
14.2903 	EXP 	slider_2: markerPos = None
14.2903 	EXP 	slider_2: markerPos = None
14.2903 	EXP 	slider_2: rating = None
14.2903 	EXP 	image_2: autoDraw = True
14.2903 	EXP 	slider_2: autoDraw = True
14.2903 	EXP 	slider_2: markerPos = 3.897135416666667
14.2963 	EXP 	slider_2: markerPos = 3.8515625
14.3039 	EXP 	slider_2: markerPos = 3.8125
14.3123 	EXP 	slider_2: markerPos = 3.79296875
14.3292 	EXP 	slider_2: markerPos = 3.75390625
14.3457 	EXP 	slider_2: markerPos = 3.708333333333333
14.3628 	EXP 	slider_2: markerPos = 3.669270833333333
14.3793 	EXP 	slider_2: markerPos = 3.630208333333333
14.3956 	EXP 	slider_2: markerPos = 3.59765625
14.3985 	DATA 	Mouse:  Left button up, pos=(691,151)
14.4129 	EXP 	slider_2: markerPos = 3.59765625
14.4129 	EXP 	slider_2: rating = 3.59765625
14.4165 	EXP 	New trial (rep=0, index=1): OrderedDict([('Hertz', 1500), ('volumen', 0.02)])
14.4275 	EXP 	Imported imagenes.xlsx as conditions, 20 conditions, 3 params
14.4280 	EXP 	Created sequence: random, trialTypes=20, nReps=1, seed=None
14.4284 	EXP 	New trial (rep=0, index=0): OrderedDict([('Imagenes', 'imagenes\\bon-bon-bun.jpg'), ('Random', 0.7387922093313524), ('Correcto', None)])
14.4593 	EXP 	image_2: autoDraw = False
14.4593 	EXP 	slider_2: autoDraw = False
14.4593 	EXP 	image_2: image = 'imagenes\\bon-bon-bun.jpg'
14.4593 	EXP 	slider_2: markerPos = None
14.4593 	EXP 	slider_2: markerPos = None
14.4593 	EXP 	slider_2: rating = None
14.4593 	EXP 	image_2: autoDraw = True
14.4593 	EXP 	slider_2: autoDraw = True
14.4636 	DATA 	Mouse: Left button down, pos=(680,152)
14.4691 	EXP 	slider_2: markerPos = 3.48046875
14.4768 	EXP 	slider_2: markerPos = 3.4739583333333335
14.4843 	EXP 	slider_2: markerPos = 3.4544270833333335
14.4958 	EXP 	slider_2: markerPos = 3.44140625
14.5124 	EXP 	slider_2: markerPos = 3.4348958333333335
14.5291 	EXP 	slider_2: markerPos = 3.4088541666666665
14.5459 	EXP 	slider_2: markerPos = 3.3763020833333335
14.5484 	DATA 	Mouse:  Left button up, pos=(659,152)
14.5628 	EXP 	slider_2: markerPos = 3.3763020833333335
14.5628 	EXP 	slider_2: rating = 3.3763020833333335
14.5675 	EXP 	New trial (rep=0, index=1): OrderedDict([('Imagenes', 'imagenes\\Alpinito.jpg'), ('Random', 0.4515332417045813), ('Correcto', None)])
14.6089 	EXP 	image_2: autoDraw = False
14.6089 	EXP 	slider_2: autoDraw = False
14.6089 	EXP 	image_2: image = 'imagenes\\Alpinito.jpg'
14.6089 	EXP 	slider_2: markerPos = None
14.6089 	EXP 	slider_2: markerPos = None
14.6089 	EXP 	slider_2: rating = None
14.6089 	EXP 	image_2: autoDraw = True
14.6089 	EXP 	slider_2: autoDraw = True
14.6484 	DATA 	Mouse: Left button down, pos=(648,155)
14.6625 	EXP 	slider_2: markerPos = 3.2721354166666665
14.6792 	EXP 	slider_2: markerPos = 3.265625
14.6959 	EXP 	slider_2: markerPos = 3.2591145833333335
14.7130 	EXP 	slider_2: markerPos = 3.2591145833333335
14.7218 	DATA 	Mouse:  Left button up, pos=(645,155)
14.7295 	EXP 	slider_2: markerPos = 3.2591145833333335
14.7457 	EXP 	slider_2: markerPos = 3.2591145833333335
14.7457 	EXP 	slider_2: rating = 3.2591145833333335
14.7495 	EXP 	New trial (rep=0, index=2): OrderedDict([('Imagenes', 'imagenes\\Uvas.jpg'), ('Random', 0.7734382152670648), ('Correcto', None)])
14.7715 	EXP 	image_2: autoDraw = False
14.7715 	EXP 	slider_2: autoDraw = False
14.7715 	EXP 	image_2: image = 'imagenes\\Uvas.jpg'
14.7715 	EXP 	slider_2: markerPos = None
14.7715 	EXP 	slider_2: markerPos = None
14.7715 	EXP 	slider_2: rating = None
14.7715 	EXP 	image_2: autoDraw = True
14.7715 	EXP 	slider_2: autoDraw = True
14.8152 	DATA 	Mouse: Left button down, pos=(641,157)
14.8293 	EXP 	slider_2: markerPos = 3.2265625
14.8456 	EXP 	slider_2: markerPos = 3.2135416666666665
14.8628 	EXP 	slider_2: markerPos = 3.2005208333333335
14.8790 	EXP 	slider_2: markerPos = 3.1940104166666665
14.8958 	EXP 	slider_2: markerPos = 3.1875
14.8984 	DATA 	Mouse:  Left button up, pos=(633,158)
14.9125 	EXP 	slider_2: markerPos = 3.1875
14.9125 	EXP 	slider_2: rating = 3.1875
14.9163 	EXP 	New trial (rep=0, index=3): OrderedDict([('Imagenes', 'imagenes\\Banano.jpeg'), ('Random', 0.651633055306917), ('Correcto', None)])
14.9403 	EXP 	image_2: autoDraw = False
14.9403 	EXP 	slider_2: autoDraw = False
14.9403 	EXP 	image_2: image = 'imagenes\\Banano.jpeg'
14.9403 	EXP 	slider_2: markerPos = None
14.9403 	EXP 	slider_2: markerPos = None
14.9403 	EXP 	slider_2: rating = None
14.9403 	EXP 	image_2: autoDraw = True
14.9403 	EXP 	slider_2: autoDraw = True
14.9857 	DATA 	Mouse: Left button down, pos=(627,160)
15.0129 	EXP 	slider_2: markerPos = 3.1354166666666665
15.0293 	EXP 	slider_2: markerPos = 3.1354166666666665
15.0462 	EXP 	slider_2: markerPos = 3.1354166666666665
15.0540 	DATA 	Mouse:  Left button up, pos=(627,160)
15.0624 	EXP 	slider_2: markerPos = 3.1354166666666665
15.0790 	EXP 	slider_2: markerPos = 3.1354166666666665
15.0790 	EXP 	slider_2: rating = 3.1354166666666665
15.0826 	EXP 	New trial (rep=0, index=4): OrderedDict([('Imagenes', 'imagenes\\Nutella (1).jpg'), ('Random', 0.5277483225747329), ('Correcto', None)])
15.1009 	EXP 	image_2: autoDraw = False
15.1009 	EXP 	slider_2: autoDraw = False
15.1009 	EXP 	image_2: image = 'imagenes\\Nutella (1).jpg'
15.1009 	EXP 	slider_2: markerPos = None
15.1009 	EXP 	slider_2: markerPos = None
15.1009 	EXP 	slider_2: rating = None
15.1009 	EXP 	image_2: autoDraw = True
15.1009 	EXP 	slider_2: autoDraw = True
15.1651 	DATA 	Mouse: Left button down, pos=(708,159)
15.1794 	EXP 	slider_2: markerPos = 3.669270833333333
15.1955 	EXP 	slider_2: markerPos = 3.669270833333333
15.2128 	EXP 	slider_2: markerPos = 3.669270833333333
15.2290 	EXP 	slider_2: markerPos = 3.669270833333333
15.2461 	EXP 	slider_2: markerPos = 3.67578125
15.2537 	DATA 	Mouse:  Left button up, pos=(719,158)
15.2624 	EXP 	slider_2: markerPos = 3.708333333333333
15.2793 	EXP 	slider_2: markerPos = 3.708333333333333
15.2793 	EXP 	slider_2: rating = 3.708333333333333
15.2824 	EXP 	New trial (rep=0, index=5): OrderedDict([('Imagenes', 'imagenes\\Papas-naturales.jpg'), ('Random', 0.15856838916280946), ('Correcto', None)])
15.3008 	EXP 	image_2: autoDraw = False
15.3008 	EXP 	slider_2: autoDraw = False
15.3008 	EXP 	image_2: image = 'imagenes\\Papas-naturales.jpg'
15.3008 	EXP 	slider_2: markerPos = None
15.3008 	EXP 	slider_2: markerPos = None
15.3008 	EXP 	slider_2: rating = None
15.3008 	EXP 	image_2: autoDraw = True
15.3008 	EXP 	slider_2: autoDraw = True
15.3483 	DATA 	Mouse: Left button down, pos=(769,158)
15.3627 	EXP 	slider_2: markerPos = 4.059895833333333
15.3791 	EXP 	slider_2: markerPos = 4.059895833333333
15.3957 	EXP 	slider_2: markerPos = 4.059895833333333
15.4128 	EXP 	slider_2: markerPos = 4.059895833333333
15.4187 	DATA 	Mouse:  Left button up, pos=(769,158)
15.4291 	EXP 	slider_2: markerPos = 4.059895833333333
15.4458 	EXP 	slider_2: markerPos = 4.059895833333333
15.4458 	EXP 	slider_2: rating = 4.059895833333333
15.4496 	EXP 	New trial (rep=0, index=6): OrderedDict([('Imagenes', 'imagenes\\Mango.jpeg'), ('Random', 0.555669112372461), ('Correcto', None)])
15.4729 	EXP 	image_2: autoDraw = False
15.4729 	EXP 	slider_2: autoDraw = False
15.4729 	EXP 	image_2: image = 'imagenes\\Mango.jpeg'
15.4729 	EXP 	slider_2: markerPos = None
15.4729 	EXP 	slider_2: markerPos = None
15.4729 	EXP 	slider_2: rating = None
15.4729 	EXP 	image_2: autoDraw = True
15.4729 	EXP 	slider_2: autoDraw = True
15.5152 	DATA 	Mouse: Left button down, pos=(762,158)
15.5290 	EXP 	slider_2: markerPos = 4.014322916666667
15.5456 	EXP 	slider_2: markerPos = 3.942708333333333
15.5628 	EXP 	slider_2: markerPos = 3.864583333333333
15.5792 	EXP 	slider_2: markerPos = 3.740885416666667
15.5958 	EXP 	slider_2: markerPos = 3.565104166666667
15.6019 	DATA 	Mouse:  Left button up, pos=(649,159)
15.6128 	EXP 	slider_2: markerPos = 3.3763020833333335
15.6293 	EXP 	slider_2: markerPos = 3.3763020833333335
15.6293 	EXP 	slider_2: rating = 3.3763020833333335
15.6325 	EXP 	New trial (rep=0, index=7): OrderedDict([('Imagenes', 'imagenes\\Manzana.jpg'), ('Random', 0.5168162194437935), ('Correcto', None)])
15.6638 	DATA 	Mouse: Left button down, pos=(601,162)
15.6698 	EXP 	image_2: autoDraw = False
15.6698 	EXP 	slider_2: autoDraw = False
15.6698 	EXP 	image_2: image = 'imagenes\\Manzana.jpg'
15.6698 	EXP 	slider_2: markerPos = None
15.6698 	EXP 	slider_2: markerPos = None
15.6698 	EXP 	slider_2: rating = None
15.6698 	EXP 	image_2: autoDraw = True
15.6698 	EXP 	slider_2: autoDraw = True
15.6698 	EXP 	slider_2: markerPos = 2.9661458333333335
15.6762 	EXP 	slider_2: markerPos = 2.9661458333333335
15.6836 	EXP 	slider_2: markerPos = 2.9596354166666665
15.6956 	EXP 	slider_2: markerPos = 2.953125
15.7128 	EXP 	slider_2: markerPos = 2.9466145833333335
15.7293 	EXP 	slider_2: markerPos = 2.9466145833333335
15.7458 	EXP 	slider_2: markerPos = 2.9401041666666665
15.7553 	DATA 	Mouse:  Left button up, pos=(597,162)
15.7625 	EXP 	slider_2: markerPos = 2.9401041666666665
15.7790 	EXP 	slider_2: markerPos = 2.9401041666666665
15.7790 	EXP 	slider_2: rating = 2.9401041666666665
15.7827 	EXP 	New trial (rep=0, index=8): OrderedDict([('Imagenes', 'imagenes\\Yogurt-alpina.jpg'), ('Random', 0.21540995091807813), ('Correcto', None)])
15.8046 	EXP 	image_2: autoDraw = False
15.8046 	EXP 	slider_2: autoDraw = False
15.8046 	EXP 	image_2: image = 'imagenes\\Yogurt-alpina.jpg'
15.8046 	EXP 	slider_2: markerPos = None
15.8046 	EXP 	slider_2: markerPos = None
15.8046 	EXP 	slider_2: rating = None
15.8046 	EXP 	image_2: autoDraw = True
15.8046 	EXP 	slider_2: autoDraw = True
15.8482 	DATA 	Mouse: Left button down, pos=(597,162)
15.8623 	EXP 	slider_2: markerPos = 2.9401041666666665
15.8791 	EXP 	slider_2: markerPos = 2.9401041666666665
15.8958 	EXP 	slider_2: markerPos = 2.9856770833333335
15.9128 	EXP 	slider_2: markerPos = 3.0768229166666665
15.9292 	EXP 	slider_2: markerPos = 3.20703125
15.9394 	DATA 	Mouse:  Left button up, pos=(676,154)
15.9456 	EXP 	slider_2: markerPos = 3.3763020833333335
15.9622 	EXP 	slider_2: markerPos = 3.3763020833333335
15.9622 	EXP 	slider_2: rating = 3.3763020833333335
15.9652 	EXP 	New trial (rep=0, index=9): OrderedDict([('Imagenes', 'imagenes\\Galletas-festival.jpg'), ('Random', 0.36121121246191135), ('Correcto', None)])
15.9941 	EXP 	image_2: autoDraw = False
15.9941 	EXP 	slider_2: autoDraw = False
15.9941 	EXP 	image_2: image = 'imagenes\\Galletas-festival.jpg'
15.9941 	EXP 	slider_2: markerPos = None
15.9941 	EXP 	slider_2: markerPos = None
15.9941 	EXP 	slider_2: rating = None
15.9941 	EXP 	image_2: autoDraw = True
15.9941 	EXP 	slider_2: autoDraw = True
16.0019 	DATA 	Mouse: Left button down, pos=(744,152)
16.0126 	EXP 	slider_2: markerPos = 3.897135416666667
16.0290 	EXP 	slider_2: markerPos = 3.897135416666667
16.0458 	EXP 	slider_2: markerPos = 3.897135416666667
16.0626 	EXP 	slider_2: markerPos = 3.897135416666667
16.0791 	EXP 	slider_2: markerPos = 3.897135416666667
16.0959 	EXP 	slider_2: markerPos = 3.897135416666667
16.1041 	DATA 	Mouse:  Left button up, pos=(744,152)
16.1124 	EXP 	slider_2: markerPos = 3.897135416666667
16.1289 	EXP 	slider_2: markerPos = 3.897135416666667
16.1289 	EXP 	slider_2: rating = 3.897135416666667
16.1327 	EXP 	New trial (rep=0, index=10): OrderedDict([('Imagenes', 'imagenes\\Chocoramo.jfif.jpg'), ('Random', 0.7789437122019539), ('Correcto', None)])
16.1673 	DATA 	Mouse: Left button down, pos=(733,151)
16.1696 	EXP 	image_2: autoDraw = False
16.1696 	EXP 	slider_2: autoDraw = False
16.1696 	EXP 	image_2: image = 'imagenes\\Chocoramo.jfif.jpg'
16.1696 	EXP 	slider_2: markerPos = None
16.1696 	EXP 	slider_2: markerPos = None
16.1696 	EXP 	slider_2: rating = None
16.1696 	EXP 	image_2: autoDraw = True
16.1696 	EXP 	slider_2: autoDraw = True
16.1768 	EXP 	slider_2: markerPos = 3.825520833333333
16.1842 	EXP 	slider_2: markerPos = 3.7734375
16.1956 	EXP 	slider_2: markerPos = 3.721354166666667
16.2122 	EXP 	slider_2: markerPos = 3.591145833333333
16.2290 	EXP 	slider_2: markerPos = 3.4479166666666665
16.2457 	EXP 	slider_2: markerPos = 3.3046875
16.2628 	EXP 	slider_2: markerPos = 3.2200520833333335
16.2795 	EXP 	slider_2: markerPos = 3.1614583333333335
16.2860 	DATA 	Mouse:  Left button up, pos=(630,154)
16.2957 	EXP 	slider_2: markerPos = 3.1549479166666665
16.3127 	EXP 	slider_2: markerPos = 3.1549479166666665
16.3127 	EXP 	slider_2: rating = 3.1549479166666665
16.3164 	EXP 	New trial (rep=0, index=11): OrderedDict([('Imagenes', 'imagenes\\Galletas Tosh.jpg'), ('Random', 0.478088790487872), ('Correcto', None)])
16.3463 	DATA 	Mouse: Left button down, pos=(630,154)
16.3509 	EXP 	image_2: autoDraw = False
16.3509 	EXP 	slider_2: autoDraw = False
16.3509 	EXP 	image_2: image = 'imagenes\\Galletas Tosh.jpg'
16.3509 	EXP 	slider_2: markerPos = None
16.3509 	EXP 	slider_2: markerPos = None
16.3509 	EXP 	slider_2: rating = None
16.3509 	EXP 	image_2: autoDraw = True
16.3509 	EXP 	slider_2: autoDraw = True
16.3509 	EXP 	slider_2: markerPos = 3.1549479166666665
16.3584 	EXP 	slider_2: markerPos = 3.1549479166666665
16.3657 	EXP 	slider_2: markerPos = 3.1549479166666665
16.3789 	EXP 	slider_2: markerPos = 3.1549479166666665
16.3957 	EXP 	slider_2: markerPos = 3.1549479166666665
16.4127 	EXP 	slider_2: markerPos = 3.16796875
16.4192 	DATA 	Mouse:  Left button up, pos=(654,153)
16.4293 	EXP 	slider_2: markerPos = 3.2591145833333335
16.4455 	EXP 	slider_2: markerPos = 3.2591145833333335
16.4455 	EXP 	slider_2: rating = 3.2591145833333335
16.4487 	EXP 	New trial (rep=0, index=12): OrderedDict([('Imagenes', 'imagenes\\Papas-pollo.jpg'), ('Random', 0.6683114062971784), ('Correcto', None)])
16.4659 	EXP 	image_2: autoDraw = False
16.4659 	EXP 	slider_2: autoDraw = False
16.4659 	EXP 	image_2: image = 'imagenes\\Papas-pollo.jpg'
16.4659 	EXP 	slider_2: markerPos = None
16.4659 	EXP 	slider_2: markerPos = None
16.4659 	EXP 	slider_2: rating = None
16.4659 	EXP 	image_2: autoDraw = True
16.4659 	EXP 	slider_2: autoDraw = True
16.5153 	DATA 	Mouse: Left button down, pos=(736,152)
16.5294 	EXP 	slider_2: markerPos = 3.845052083333333
16.5458 	EXP 	slider_2: markerPos = 3.845052083333333
16.5627 	EXP 	slider_2: markerPos = 3.845052083333333
16.5789 	EXP 	slider_2: markerPos = 3.83203125
16.5958 	EXP 	slider_2: markerPos = 3.8125
16.6124 	EXP 	slider_2: markerPos = 3.71484375
16.6150 	DATA 	Mouse:  Left button up, pos=(689,154)
16.6293 	EXP 	slider_2: markerPos = 3.71484375
16.6293 	EXP 	slider_2: rating = 3.71484375
16.6323 	EXP 	New trial (rep=0, index=13): OrderedDict([('Imagenes', 'imagenes\\Rosquitas (1).jpg'), ('Random', 0.3035383390851263), ('Correcto', None)])
16.6629 	EXP 	image_2: autoDraw = False
16.6629 	EXP 	slider_2: autoDraw = False
16.6629 	EXP 	image_2: image = 'imagenes\\Rosquitas (1).jpg'
16.6629 	EXP 	slider_2: markerPos = None
16.6629 	EXP 	slider_2: markerPos = None
16.6629 	EXP 	slider_2: rating = None
16.6629 	EXP 	image_2: autoDraw = True
16.6629 	EXP 	slider_2: autoDraw = True
16.6975 	DATA 	Mouse: Left button down, pos=(660,158)
16.7127 	EXP 	slider_2: markerPos = 3.3502604166666665
16.7291 	EXP 	slider_2: markerPos = 3.3502604166666665
16.7456 	EXP 	slider_2: markerPos = 3.3502604166666665
16.7627 	EXP 	slider_2: markerPos = 3.3502604166666665
16.7791 	EXP 	slider_2: markerPos = 3.3502604166666665
16.7956 	EXP 	slider_2: markerPos = 3.4283854166666665
16.7974 	DATA 	Mouse:  Left button up, pos=(680,157)
16.8124 	EXP 	slider_2: markerPos = 3.4283854166666665
16.8124 	EXP 	slider_2: rating = 3.4283854166666665
16.8163 	EXP 	New trial (rep=0, index=14): OrderedDict([('Imagenes', 'imagenes\\Papas-limon.jpg'), ('Random', 0.020692288100133793), ('Correcto', None)])
16.8337 	EXP 	image_2: autoDraw = False
16.8337 	EXP 	slider_2: autoDraw = False
16.8337 	EXP 	image_2: image = 'imagenes\\Papas-limon.jpg'
16.8337 	EXP 	slider_2: markerPos = None
16.8337 	EXP 	slider_2: markerPos = None
16.8337 	EXP 	slider_2: rating = None
16.8337 	EXP 	image_2: autoDraw = True
16.8337 	EXP 	slider_2: autoDraw = True
16.8692 	DATA 	Mouse: Left button down, pos=(759,155)
16.8957 	EXP 	slider_2: markerPos = 3.994791666666667
16.9127 	EXP 	slider_2: markerPos = 3.994791666666667
16.9289 	EXP 	slider_2: markerPos = 3.994791666666667
16.9456 	EXP 	slider_2: markerPos = 3.994791666666667
16.9624 	EXP 	slider_2: markerPos = 3.994791666666667
16.9790 	EXP 	slider_2: markerPos = 3.994791666666667
16.9957 	EXP 	slider_2: markerPos = 3.981770833333333
16.9974 	DATA 	Mouse:  Left button up, pos=(752,157)
17.0126 	EXP 	slider_2: markerPos = 3.981770833333333
17.0126 	EXP 	slider_2: rating = 3.981770833333333
17.0160 	EXP 	New trial (rep=0, index=15): OrderedDict([('Imagenes', 'imagenes\\Popetas.jpg'), ('Random', 0.07650200324054446), ('Correcto', None)])
17.0617 	EXP 	image_2: autoDraw = False
17.0617 	EXP 	slider_2: autoDraw = False
17.0617 	EXP 	image_2: image = 'imagenes\\Popetas.jpg'
17.0617 	EXP 	slider_2: markerPos = None
17.0617 	EXP 	slider_2: markerPos = None
17.0617 	EXP 	slider_2: rating = None
17.0617 	EXP 	image_2: autoDraw = True
17.0617 	EXP 	slider_2: autoDraw = True
17.0646 	DATA 	Mouse: Left button down, pos=(734,158)
17.0689 	EXP 	slider_2: markerPos = 3.83203125
17.0791 	EXP 	slider_2: markerPos = 3.83203125
17.0957 	EXP 	slider_2: markerPos = 3.83203125
17.1128 	EXP 	slider_2: markerPos = 3.83203125
17.1293 	EXP 	slider_2: markerPos = 3.83203125
17.1459 	EXP 	slider_2: markerPos = 3.83203125
17.1570 	DATA 	Mouse:  Left button up, pos=(751,154)
17.1627 	EXP 	slider_2: markerPos = 3.897135416666667
17.1791 	EXP 	slider_2: markerPos = 3.897135416666667
17.1791 	EXP 	slider_2: rating = 3.897135416666667
17.1824 	EXP 	New trial (rep=0, index=16): OrderedDict([('Imagenes', 'imagenes\\Leche-de-almendras.jpg'), ('Random', 0.36073876480313727), ('Correcto', None)])
17.2641 	DATA 	Mouse: Left button down, pos=(797,148)
17.2713 	EXP 	image_2: autoDraw = False
17.2713 	EXP 	slider_2: autoDraw = False
17.2713 	EXP 	image_2: image = 'imagenes\\Leche-de-almendras.jpg'
17.2713 	EXP 	slider_2: markerPos = None
17.2713 	EXP 	slider_2: markerPos = None
17.2713 	EXP 	slider_2: rating = None
17.2713 	EXP 	image_2: autoDraw = True
17.2713 	EXP 	slider_2: autoDraw = True
17.2713 	EXP 	slider_2: markerPos = 4.2421875
17.2820 	EXP 	slider_2: markerPos = 4.2421875
17.2921 	EXP 	slider_2: markerPos = 4.2421875
17.3020 	EXP 	slider_2: markerPos = 4.2421875
17.3133 	EXP 	slider_2: markerPos = 4.2421875
17.3292 	EXP 	slider_2: markerPos = 4.2421875
17.3461 	EXP 	slider_2: markerPos = 4.177083333333333
17.3549 	DATA 	Mouse:  Left button up, pos=(761,151)
17.3627 	EXP 	slider_2: markerPos = 4.0859375
17.3794 	EXP 	slider_2: markerPos = 4.0859375
17.3794 	EXP 	slider_2: rating = 4.0859375
17.3834 	EXP 	New trial (rep=0, index=17): OrderedDict([('Imagenes', 'imagenes\\Croissant.jpg'), ('Random', 0.6152458173421255), ('Correcto', None)])
17.4201 	EXP 	image_2: autoDraw = False
17.4201 	EXP 	slider_2: autoDraw = False
17.4201 	EXP 	image_2: image = 'imagenes\\Croissant.jpg'
17.4201 	EXP 	slider_2: markerPos = None
17.4201 	EXP 	slider_2: markerPos = None
17.4201 	EXP 	slider_2: rating = None
17.4201 	EXP 	image_2: autoDraw = True
17.4201 	EXP 	slider_2: autoDraw = True
17.4271 	DATA 	Mouse: Left button down, pos=(656,157)
17.4318 	EXP 	slider_2: markerPos = 3.32421875
17.4456 	EXP 	slider_2: markerPos = 3.3046875
17.4624 	EXP 	slider_2: markerPos = 3.2916666666666665
17.4791 	EXP 	slider_2: markerPos = 3.2786458333333335
17.4958 	EXP 	slider_2: markerPos = 3.2786458333333335
17.5129 	EXP 	slider_2: markerPos = 3.2786458333333335
17.5220 	DATA 	Mouse:  Left button up, pos=(649,157)
17.5293 	EXP 	slider_2: markerPos = 3.2786458333333335
17.5455 	EXP 	slider_2: markerPos = 3.2786458333333335
17.5455 	EXP 	slider_2: rating = 3.2786458333333335
17.5493 	EXP 	New trial (rep=0, index=18): OrderedDict([('Imagenes', 'imagenes\\Kiwi.jpg'), ('Random', 0.5893907384852061), ('Correcto', None)])
17.5651 	EXP 	image_2: autoDraw = False
17.5651 	EXP 	slider_2: autoDraw = False
17.5651 	EXP 	image_2: image = 'imagenes\\Kiwi.jpg'
17.5651 	EXP 	slider_2: markerPos = None
17.5651 	EXP 	slider_2: markerPos = None
17.5651 	EXP 	slider_2: rating = None
17.5651 	EXP 	image_2: autoDraw = True
17.5651 	EXP 	slider_2: autoDraw = True
17.6026 	DATA 	Mouse: Left button down, pos=(655,154)
17.6293 	EXP 	slider_2: markerPos = 3.32421875
17.6459 	EXP 	slider_2: markerPos = 3.3046875
17.6625 	EXP 	slider_2: markerPos = 3.2265625
17.6790 	EXP 	slider_2: markerPos = 3.1223958333333335
17.6957 	EXP 	slider_2: markerPos = 2.9986979166666665
17.7126 	EXP 	slider_2: markerPos = 2.868489583333333
17.7153 	DATA 	Mouse:  Left button up, pos=(568,160)
17.7288 	EXP 	slider_2: markerPos = 2.868489583333333
17.7288 	EXP 	slider_2: rating = 2.868489583333333
17.7326 	EXP 	New trial (rep=0, index=19): OrderedDict([('Imagenes', 'imagenes\\Brownie.jpg'), ('Random', 0.17000143351927688), ('Correcto', None)])
17.7742 	EXP 	image_2: autoDraw = False
17.7742 	EXP 	slider_2: autoDraw = False
17.7742 	EXP 	image_2: image = 'imagenes\\Brownie.jpg'
17.7742 	EXP 	slider_2: markerPos = None
17.7742 	EXP 	slider_2: markerPos = None
17.7742 	EXP 	slider_2: rating = None
17.7742 	EXP 	image_2: autoDraw = True
17.7742 	EXP 	slider_2: autoDraw = True
17.7774 	DATA 	Mouse: Left button down, pos=(541,163)
17.7816 	EXP 	slider_2: markerPos = 2.575520833333333
17.7878 	EXP 	slider_2: markerPos = 2.575520833333333
17.7955 	EXP 	slider_2: markerPos = 2.575520833333333
17.8126 	EXP 	slider_2: markerPos = 2.575520833333333
17.8289 	EXP 	slider_2: markerPos = 2.575520833333333
17.8460 	EXP 	slider_2: markerPos = 2.575520833333333
17.8625 	EXP 	slider_2: markerPos = 2.575520833333333
17.8790 	EXP 	slider_2: markerPos = 2.575520833333333
17.8808 	DATA 	Mouse:  Left button up, pos=(551,163)
17.8956 	EXP 	slider_2: markerPos = 2.575520833333333
17.8956 	EXP 	slider_2: rating = 2.575520833333333
17.8986 	EXP 	New trial (rep=0, index=2): OrderedDict([('Hertz', 400), ('volumen', 0.02)])
17.9095 	EXP 	Imported imagenes.xlsx as conditions, 20 conditions, 3 params
17.9100 	EXP 	Created sequence: random, trialTypes=20, nReps=1, seed=None
17.9104 	EXP 	New trial (rep=0, index=0): OrderedDict([('Imagenes', 'imagenes\\Papas-limon.jpg'), ('Random', 0.020692288100133793), ('Correcto', None)])
17.9284 	EXP 	image_2: autoDraw = False
17.9284 	EXP 	slider_2: autoDraw = False
17.9284 	EXP 	image_2: image = 'imagenes\\Papas-limon.jpg'
17.9284 	EXP 	slider_2: markerPos = None
17.9284 	EXP 	slider_2: markerPos = None
17.9284 	EXP 	slider_2: rating = None
17.9284 	EXP 	image_2: autoDraw = True
17.9284 	EXP 	slider_2: autoDraw = True
17.9642 	DATA 	Mouse: Left button down, pos=(697,148)
17.9789 	EXP 	slider_2: markerPos = 3.662760416666667
17.9954 	EXP 	slider_2: markerPos = 3.819010416666667
18.0126 	EXP 	slider_2: markerPos = 3.942708333333333
18.0289 	EXP 	slider_2: markerPos = 4.040364583333333
18.0455 	EXP 	slider_2: markerPos = 4.131510416666667
18.0623 	EXP 	slider_2: markerPos = 4.248697916666667
18.0650 	DATA 	Mouse:  Left button up, pos=(823,128)
18.0793 	EXP 	slider_2: markerPos = 4.248697916666667
18.0793 	EXP 	slider_2: rating = 4.248697916666667
18.0843 	EXP 	New trial (rep=0, index=1): OrderedDict([('Imagenes', 'imagenes\\Nutella (1).jpg'), ('Random', 0.5277483225747329), ('Correcto', None)])
18.1033 	EXP 	image_2: autoDraw = False
18.1033 	EXP 	slider_2: autoDraw = False
18.1033 	EXP 	image_2: image = 'imagenes\\Nutella (1).jpg'
18.1033 	EXP 	slider_2: markerPos = None
18.1033 	EXP 	slider_2: markerPos = None
18.1033 	EXP 	slider_2: rating = None
18.1033 	EXP 	image_2: autoDraw = True
18.1033 	EXP 	slider_2: autoDraw = True
18.1497 	DATA 	Mouse: Left button down, pos=(919,137)
18.1626 	EXP 	slider_2: markerPos = 5.036458333333334
18.1790 	EXP 	slider_2: markerPos = 5.036458333333334
18.1958 	EXP 	slider_2: markerPos = 5.036458333333334
18.2128 	EXP 	slider_2: markerPos = 5.036458333333334
18.2290 	EXP 	slider_2: markerPos = 5.036458333333334
18.2459 	EXP 	slider_2: markerPos = 5.0234375
18.2562 	DATA 	Mouse:  Left button up, pos=(898,139)
18.2626 	EXP 	slider_2: markerPos = 4.9453125
18.2788 	EXP 	slider_2: markerPos = 4.9453125
18.2788 	EXP 	slider_2: rating = 4.9453125
18.2827 	EXP 	New trial (rep=0, index=2): OrderedDict([('Imagenes', 'imagenes\\Galletas-festival.jpg'), ('Random', 0.36121121246191135), ('Correcto', None)])
18.3105 	EXP 	image_2: autoDraw = False
18.3105 	EXP 	slider_2: autoDraw = False
18.3105 	EXP 	image_2: image = 'imagenes\\Galletas-festival.jpg'
18.3105 	EXP 	slider_2: markerPos = None
18.3105 	EXP 	slider_2: markerPos = None
18.3105 	EXP 	slider_2: rating = None
18.3105 	EXP 	image_2: autoDraw = True
18.3105 	EXP 	slider_2: autoDraw = True
18.3128 	DATA 	Mouse: Left button down, pos=(766,147)
18.3189 	EXP 	slider_2: markerPos = 4.040364583333333
18.3290 	EXP 	slider_2: markerPos = 3.877604166666667
18.3455 	EXP 	slider_2: markerPos = 3.786458333333333
18.3625 	EXP 	slider_2: markerPos = 3.552083333333333
18.3788 	EXP 	slider_2: markerPos = 3.3567708333333335
18.3958 	EXP 	slider_2: markerPos = 3.28515625
18.4125 	EXP 	slider_2: markerPos = 3.2200520833333335
18.4219 	DATA 	Mouse:  Left button up, pos=(629,149)
18.4289 	EXP 	slider_2: markerPos = 3.16796875
18.4455 	EXP 	slider_2: markerPos = 3.16796875
18.4455 	EXP 	slider_2: rating = 3.16796875
18.4485 	EXP 	New trial (rep=0, index=3): OrderedDict([('Imagenes', 'imagenes\\Papas-pollo.jpg'), ('Random', 0.6683114062971784), ('Correcto', None)])
18.4662 	EXP 	image_2: autoDraw = False
18.4662 	EXP 	slider_2: autoDraw = False
18.4662 	EXP 	image_2: image = 'imagenes\\Papas-pollo.jpg'
18.4662 	EXP 	slider_2: markerPos = None
18.4662 	EXP 	slider_2: markerPos = None
18.4662 	EXP 	slider_2: rating = None
18.4662 	EXP 	image_2: autoDraw = True
18.4662 	EXP 	slider_2: autoDraw = True
18.4988 	DATA 	Mouse: Left button down, pos=(616,149)
18.5126 	EXP 	slider_2: markerPos = 3.05078125
18.5289 	EXP 	slider_2: markerPos = 3.0182291666666665
18.5456 	EXP 	slider_2: markerPos = 3.0052083333333335
18.5626 	EXP 	slider_2: markerPos = 3.0052083333333335
18.5789 	EXP 	slider_2: markerPos = 3.0052083333333335
18.5814 	DATA 	Mouse:  Left button up, pos=(607,149)
18.5955 	EXP 	slider_2: markerPos = 3.0052083333333335
18.5955 	EXP 	slider_2: rating = 3.0052083333333335
18.5995 	EXP 	New trial (rep=0, index=4): OrderedDict([('Imagenes', 'imagenes\\Leche-de-almendras.jpg'), ('Random', 0.36073876480313727), ('Correcto', None)])
18.6637 	EXP 	image_2: autoDraw = False
18.6637 	EXP 	slider_2: autoDraw = False
18.6637 	EXP 	image_2: image = 'imagenes\\Leche-de-almendras.jpg'
18.6637 	EXP 	slider_2: markerPos = None
18.6637 	EXP 	slider_2: markerPos = None
18.6637 	EXP 	slider_2: rating = None
18.6637 	EXP 	image_2: autoDraw = True
18.6637 	EXP 	slider_2: autoDraw = True
18.6768 	DATA 	Mouse: Left button down, pos=(752,148)
18.6958 	EXP 	slider_2: markerPos = 4.02734375
18.7125 	EXP 	slider_2: markerPos = 4.125
18.7292 	EXP 	slider_2: markerPos = 4.170572916666667
18.7460 	EXP 	slider_2: markerPos = 4.18359375
18.7631 	EXP 	slider_2: markerPos = 4.18359375
18.7698 	DATA 	Mouse:  Left button up, pos=(790,146)
18.7796 	EXP 	slider_2: markerPos = 4.18359375
18.7957 	EXP 	slider_2: markerPos = 4.18359375
18.7957 	EXP 	slider_2: rating = 4.18359375
18.8002 	EXP 	New trial (rep=0, index=5): OrderedDict([('Imagenes', 'imagenes\\Croissant.jpg'), ('Random', 0.6152458173421255), ('Correcto', None)])
18.8609 	EXP 	image_2: autoDraw = False
18.8609 	EXP 	slider_2: autoDraw = False
18.8609 	EXP 	image_2: image = 'imagenes\\Croissant.jpg'
18.8609 	EXP 	slider_2: markerPos = None
18.8609 	EXP 	slider_2: markerPos = None
18.8609 	EXP 	slider_2: rating = None
18.8609 	EXP 	image_2: autoDraw = True
18.8609 	EXP 	slider_2: autoDraw = True
18.8640 	DATA 	Mouse: Left button down, pos=(796,148)
18.8709 	EXP 	slider_2: markerPos = 4.235677083333333
18.8804 	EXP 	slider_2: markerPos = 4.216145833333333
18.8957 	EXP 	slider_2: markerPos = 4.170572916666667
18.9124 	EXP 	slider_2: markerPos = 4.040364583333333
18.9291 	EXP 	slider_2: markerPos = 3.766927083333333
18.9457 	EXP 	slider_2: markerPos = 3.3372395833333335
18.9626 	EXP 	slider_2: markerPos = 2.62109375
18.9730 	DATA 	Mouse:  Left button up, pos=(495,189)
18.9792 	EXP 	slider_2: markerPos = 2.354166666666667
18.9956 	EXP 	slider_2: markerPos = 2.354166666666667
18.9956 	EXP 	slider_2: rating = 2.354166666666667
18.9996 	EXP 	New trial (rep=0, index=6): OrderedDict([('Imagenes', 'imagenes\\Galletas Tosh.jpg'), ('Random', 0.478088790487872), ('Correcto', None)])
19.0290 	DATA 	Mouse: Left button down, pos=(472,189)
19.0312 	EXP 	image_2: autoDraw = False
19.0312 	EXP 	slider_2: autoDraw = False
19.0312 	EXP 	image_2: image = 'imagenes\\Galletas Tosh.jpg'
19.0312 	EXP 	slider_2: markerPos = None
19.0312 	EXP 	slider_2: markerPos = None
19.0312 	EXP 	slider_2: rating = None
19.0312 	EXP 	image_2: autoDraw = True
19.0312 	EXP 	slider_2: autoDraw = True
19.1150 	DATA 	Mouse:  Left button up, pos=(475,187)
19.2329 	DATA 	Mouse: Left button down, pos=(624,156)
19.2456 	EXP 	slider_2: markerPos = 3.1354166666666665
19.2627 	EXP 	slider_2: markerPos = 3.1809895833333335
19.2790 	EXP 	slider_2: markerPos = 3.2265625
19.2958 	EXP 	slider_2: markerPos = 3.32421875
19.3044 	DATA 	Mouse:  Left button up, pos=(687,154)
19.3125 	EXP 	slider_2: markerPos = 3.4479166666666665
19.3289 	EXP 	slider_2: markerPos = 3.4479166666666665
19.3289 	EXP 	slider_2: rating = 3.4479166666666665
19.3319 	EXP 	New trial (rep=0, index=7): OrderedDict([('Imagenes', 'imagenes\\Brownie.jpg'), ('Random', 0.17000143351927688), ('Correcto', None)])
19.3753 	EXP 	image_2: autoDraw = False
19.3753 	EXP 	slider_2: autoDraw = False
19.3753 	EXP 	image_2: image = 'imagenes\\Brownie.jpg'
19.3753 	EXP 	slider_2: markerPos = None
19.3753 	EXP 	slider_2: markerPos = None
19.3753 	EXP 	slider_2: rating = None
19.3753 	EXP 	image_2: autoDraw = True
19.3753 	EXP 	slider_2: autoDraw = True
19.3919 	DATA 	Mouse: Left button down, pos=(761,151)
19.3975 	EXP 	slider_2: markerPos = 4.0078125
19.4125 	EXP 	slider_2: markerPos = 4.0078125
19.4294 	EXP 	slider_2: markerPos = 4.0078125
19.4455 	EXP 	slider_2: markerPos = 4.0078125
19.4627 	EXP 	slider_2: markerPos = 4.0078125
19.4789 	EXP 	slider_2: markerPos = 4.0078125
19.4956 	EXP 	slider_2: markerPos = 4.0078125
19.4980 	DATA 	Mouse:  Left button up, pos=(761,151)
19.5126 	EXP 	slider_2: markerPos = 4.0078125
19.5126 	EXP 	slider_2: rating = 4.0078125
19.5162 	EXP 	New trial (rep=0, index=8): OrderedDict([('Imagenes', 'imagenes\\Popetas.jpg'), ('Random', 0.07650200324054446), ('Correcto', None)])
19.5620 	EXP 	image_2: autoDraw = False
19.5620 	EXP 	slider_2: autoDraw = False
19.5620 	EXP 	image_2: image = 'imagenes\\Popetas.jpg'
19.5620 	EXP 	slider_2: markerPos = None
19.5620 	EXP 	slider_2: markerPos = None
19.5620 	EXP 	slider_2: rating = None
19.5620 	EXP 	image_2: autoDraw = True
19.5620 	EXP 	slider_2: autoDraw = True
19.5818 	DATA 	Mouse: Left button down, pos=(659,164)
19.5956 	EXP 	slider_2: markerPos = 3.34375
19.6125 	EXP 	slider_2: markerPos = 3.2526041666666665
19.6291 	EXP 	slider_2: markerPos = 3.2265625
19.6456 	EXP 	slider_2: markerPos = 3.2265625
19.6622 	EXP 	slider_2: markerPos = 3.2265625
19.6648 	DATA 	Mouse:  Left button up, pos=(641,164)
19.6790 	EXP 	slider_2: markerPos = 3.2265625
19.6790 	EXP 	slider_2: rating = 3.2265625
19.6827 	EXP 	New trial (rep=0, index=9): OrderedDict([('Imagenes', 'imagenes\\Manzana.jpg'), ('Random', 0.5168162194437935), ('Correcto', None)])
19.7194 	EXP 	image_2: autoDraw = False
19.7194 	EXP 	slider_2: autoDraw = False
19.7194 	EXP 	image_2: image = 'imagenes\\Manzana.jpg'
19.7194 	EXP 	slider_2: markerPos = None
19.7194 	EXP 	slider_2: markerPos = None
19.7194 	EXP 	slider_2: rating = None
19.7194 	EXP 	image_2: autoDraw = True
19.7194 	EXP 	slider_2: autoDraw = True
19.7659 	DATA 	Mouse: Left button down, pos=(639,164)
19.7790 	EXP 	slider_2: markerPos = 3.1940104166666665
19.7961 	EXP 	slider_2: markerPos = 3.1549479166666665
19.8127 	EXP 	slider_2: markerPos = 3.0963541666666665
19.8289 	EXP 	slider_2: markerPos = 2.9661458333333335
19.8458 	EXP 	slider_2: markerPos = 2.861979166666667
19.8627 	EXP 	slider_2: markerPos = 2.764322916666667
19.8722 	DATA 	Mouse:  Left button up, pos=(561,171)
19.8791 	EXP 	slider_2: markerPos = 2.725260416666667
19.8955 	EXP 	slider_2: markerPos = 2.725260416666667
19.8955 	EXP 	slider_2: rating = 2.725260416666667
19.8986 	EXP 	New trial (rep=0, index=10): OrderedDict([('Imagenes', 'imagenes\\Mango.jpeg'), ('Random', 0.555669112372461), ('Correcto', None)])
19.9201 	DATA 	Mouse: Left button down, pos=(560,171)
19.9257 	EXP 	image_2: autoDraw = False
19.9257 	EXP 	slider_2: autoDraw = False
19.9257 	EXP 	image_2: image = 'imagenes\\Mango.jpeg'
19.9257 	EXP 	slider_2: markerPos = None
19.9257 	EXP 	slider_2: markerPos = None
19.9257 	EXP 	slider_2: rating = None
19.9257 	EXP 	image_2: autoDraw = True
19.9257 	EXP 	slider_2: autoDraw = True
19.9257 	EXP 	slider_2: markerPos = 2.69921875
19.9330 	EXP 	slider_2: markerPos = 2.69921875
19.9453 	EXP 	slider_2: markerPos = 2.69921875
19.9626 	EXP 	slider_2: markerPos = 2.69921875
19.9788 	EXP 	slider_2: markerPos = 2.69921875
19.9957 	EXP 	slider_2: markerPos = 2.69921875
20.0127 	EXP 	slider_2: markerPos = 2.69921875
20.0217 	DATA 	Mouse:  Left button up, pos=(560,171)
20.0288 	EXP 	slider_2: markerPos = 2.69921875
20.0456 	EXP 	slider_2: markerPos = 2.69921875
20.0456 	EXP 	slider_2: rating = 2.69921875
20.0488 	EXP 	New trial (rep=0, index=11): OrderedDict([('Imagenes', 'imagenes\\Banano.jpeg'), ('Random', 0.651633055306917), ('Correcto', None)])
20.0699 	EXP 	image_2: autoDraw = False
20.0699 	EXP 	slider_2: autoDraw = False
20.0699 	EXP 	image_2: image = 'imagenes\\Banano.jpeg'
20.0699 	EXP 	slider_2: markerPos = None
20.0699 	EXP 	slider_2: markerPos = None
20.0699 	EXP 	slider_2: rating = None
20.0699 	EXP 	image_2: autoDraw = True
20.0699 	EXP 	slider_2: autoDraw = True
20.1312 	DATA 	Mouse: Left button down, pos=(698,163)
20.1456 	EXP 	slider_2: markerPos = 3.65625
20.1623 	EXP 	slider_2: markerPos = 3.727864583333333
20.1788 	EXP 	slider_2: markerPos = 3.75390625
20.1957 	EXP 	slider_2: markerPos = 3.766927083333333
20.2127 	EXP 	slider_2: markerPos = 3.786458333333333
20.2291 	EXP 	slider_2: markerPos = 3.825520833333333
20.2413 	DATA 	Mouse:  Left button up, pos=(772,159)
20.2455 	EXP 	slider_2: markerPos = 3.975260416666667
20.2625 	EXP 	slider_2: markerPos = 3.975260416666667
20.2625 	EXP 	slider_2: rating = 3.975260416666667
20.2665 	EXP 	New trial (rep=0, index=12): OrderedDict([('Imagenes', 'imagenes\\bon-bon-bun.jpg'), ('Random', 0.7387922093313524), ('Correcto', None)])
20.3001 	EXP 	image_2: autoDraw = False
20.3001 	EXP 	slider_2: autoDraw = False
20.3001 	EXP 	image_2: image = 'imagenes\\bon-bon-bun.jpg'
20.3001 	EXP 	slider_2: markerPos = None
20.3001 	EXP 	slider_2: markerPos = None
20.3001 	EXP 	slider_2: rating = None
20.3001 	EXP 	image_2: autoDraw = True
20.3001 	EXP 	slider_2: autoDraw = True
20.3059 	DATA 	Mouse: Left button down, pos=(807,159)
20.3154 	EXP 	slider_2: markerPos = 4.307291666666667
20.3289 	EXP 	slider_2: markerPos = 4.307291666666667
20.3456 	EXP 	slider_2: markerPos = 4.28125
20.3623 	EXP 	slider_2: markerPos = 4.18359375
20.3789 	EXP 	slider_2: markerPos = 4.0859375
20.3957 	EXP 	slider_2: markerPos = 3.981770833333333
20.4126 	EXP 	slider_2: markerPos = 3.766927083333333
20.4231 	DATA 	Mouse:  Left button up, pos=(689,163)
20.4287 	EXP 	slider_2: markerPos = 3.610677083333333
20.4456 	EXP 	slider_2: markerPos = 3.610677083333333
20.4456 	EXP 	slider_2: rating = 3.610677083333333
20.4499 	EXP 	New trial (rep=0, index=13): OrderedDict([('Imagenes', 'imagenes\\Alpinito.jpg'), ('Random', 0.4515332417045813), ('Correcto', None)])
20.4915 	DATA 	Mouse: Left button down, pos=(662,163)
20.4983 	EXP 	image_2: autoDraw = False
20.4983 	EXP 	slider_2: autoDraw = False
20.4983 	EXP 	image_2: image = 'imagenes\\Alpinito.jpg'
20.4983 	EXP 	slider_2: markerPos = None
20.4983 	EXP 	slider_2: markerPos = None
20.4983 	EXP 	slider_2: rating = None
20.4983 	EXP 	image_2: autoDraw = True
20.4983 	EXP 	slider_2: autoDraw = True
20.4983 	EXP 	slider_2: markerPos = 3.3502604166666665
20.5061 	EXP 	slider_2: markerPos = 3.34375
20.5132 	EXP 	slider_2: markerPos = 3.3372395833333335
20.5291 	EXP 	slider_2: markerPos = 3.32421875
20.5457 	EXP 	slider_2: markerPos = 3.3046875
20.5625 	EXP 	slider_2: markerPos = 3.24609375
20.5789 	EXP 	slider_2: markerPos = 3.20703125
20.5958 	EXP 	slider_2: markerPos = 3.0638020833333335
20.5986 	DATA 	Mouse:  Left button up, pos=(595,161)
20.6123 	EXP 	slider_2: markerPos = 3.0638020833333335
20.6123 	EXP 	slider_2: rating = 3.0638020833333335
20.6163 	EXP 	New trial (rep=0, index=14): OrderedDict([('Imagenes', 'imagenes\\Papas-naturales.jpg'), ('Random', 0.15856838916280946), ('Correcto', None)])
20.6359 	EXP 	image_2: autoDraw = False
20.6359 	EXP 	slider_2: autoDraw = False
20.6359 	EXP 	image_2: image = 'imagenes\\Papas-naturales.jpg'
20.6359 	EXP 	slider_2: markerPos = None
20.6359 	EXP 	slider_2: markerPos = None
20.6359 	EXP 	slider_2: rating = None
20.6359 	EXP 	image_2: autoDraw = True
20.6359 	EXP 	slider_2: autoDraw = True
20.6645 	DATA 	Mouse: Left button down, pos=(564,162)
20.6791 	EXP 	slider_2: markerPos = 2.725260416666667
20.6955 	EXP 	slider_2: markerPos = 2.725260416666667
20.7125 	EXP 	slider_2: markerPos = 2.725260416666667
20.7288 	EXP 	slider_2: markerPos = 2.725260416666667
20.7457 	EXP 	slider_2: markerPos = 2.725260416666667
20.7625 	EXP 	slider_2: markerPos = 2.73828125
20.7653 	DATA 	Mouse:  Left button up, pos=(570,162)
20.7788 	EXP 	slider_2: markerPos = 2.73828125
20.7788 	EXP 	slider_2: rating = 2.73828125
20.7828 	EXP 	New trial (rep=0, index=15): OrderedDict([('Imagenes', 'imagenes\\Rosquitas (1).jpg'), ('Random', 0.3035383390851263), ('Correcto', None)])
20.8149 	EXP 	image_2: autoDraw = False
20.8149 	EXP 	slider_2: autoDraw = False
20.8149 	EXP 	image_2: image = 'imagenes\\Rosquitas (1).jpg'
20.8149 	EXP 	slider_2: markerPos = None
20.8149 	EXP 	slider_2: markerPos = None
20.8149 	EXP 	slider_2: rating = None
20.8149 	EXP 	image_2: autoDraw = True
20.8149 	EXP 	slider_2: autoDraw = True
20.8517 	DATA 	Mouse: Left button down, pos=(710,162)
20.8788 	EXP 	slider_2: markerPos = 3.727864583333333
20.8953 	EXP 	slider_2: markerPos = 3.747395833333333
20.9124 	EXP 	slider_2: markerPos = 3.760416666666667
20.9287 	EXP 	slider_2: markerPos = 3.766927083333333
20.9454 	EXP 	slider_2: markerPos = 3.799479166666667
20.9623 	EXP 	slider_2: markerPos = 3.884114583333333
20.9641 	DATA 	Mouse:  Left button up, pos=(762,160)
20.9788 	EXP 	slider_2: markerPos = 3.884114583333333
20.9788 	EXP 	slider_2: rating = 3.884114583333333
20.9827 	EXP 	New trial (rep=0, index=16): OrderedDict([('Imagenes', 'imagenes\\Yogurt-alpina.jpg'), ('Random', 0.21540995091807813), ('Correcto', None)])
21.0043 	EXP 	image_2: autoDraw = False
21.0043 	EXP 	slider_2: autoDraw = False
21.0043 	EXP 	image_2: image = 'imagenes\\Yogurt-alpina.jpg'
21.0043 	EXP 	slider_2: markerPos = None
21.0043 	EXP 	slider_2: markerPos = None
21.0043 	EXP 	slider_2: rating = None
21.0043 	EXP 	image_2: autoDraw = True
21.0043 	EXP 	slider_2: autoDraw = True
21.0476 	DATA 	Mouse: Left button down, pos=(835,158)
21.0622 	EXP 	slider_2: markerPos = 4.489583333333333
21.0788 	EXP 	slider_2: markerPos = 4.489583333333333
21.0956 	EXP 	slider_2: markerPos = 4.489583333333333
21.1125 	EXP 	slider_2: markerPos = 4.489583333333333
21.1291 	EXP 	slider_2: markerPos = 4.489583333333333
21.1454 	EXP 	slider_2: markerPos = 4.463541666666667
21.1510 	DATA 	Mouse:  Left button up, pos=(815,158)
21.1619 	EXP 	slider_2: markerPos = 4.385416666666667
21.1788 	EXP 	slider_2: markerPos = 4.385416666666667
21.1788 	EXP 	slider_2: rating = 4.385416666666667
21.1824 	EXP 	New trial (rep=0, index=17): OrderedDict([('Imagenes', 'imagenes\\Uvas.jpg'), ('Random', 0.7734382152670648), ('Correcto', None)])
21.2033 	EXP 	image_2: autoDraw = False
21.2033 	EXP 	slider_2: autoDraw = False
21.2033 	EXP 	image_2: image = 'imagenes\\Uvas.jpg'
21.2033 	EXP 	slider_2: markerPos = None
21.2033 	EXP 	slider_2: markerPos = None
21.2033 	EXP 	slider_2: rating = None
21.2033 	EXP 	image_2: autoDraw = True
21.2033 	EXP 	slider_2: autoDraw = True
21.2321 	DATA 	Mouse: Left button down, pos=(761,163)
21.2455 	EXP 	slider_2: markerPos = 4.0078125
21.2624 	EXP 	slider_2: markerPos = 3.877604166666667
21.2789 	EXP 	slider_2: markerPos = 3.747395833333333
21.2958 	EXP 	slider_2: markerPos = 3.591145833333333
21.3125 	EXP 	slider_2: markerPos = 3.40234375
21.3231 	DATA 	Mouse:  Left button up, pos=(642,168)
21.3288 	EXP 	slider_2: markerPos = 3.28515625
21.3455 	EXP 	slider_2: markerPos = 3.28515625
21.3455 	EXP 	slider_2: rating = 3.28515625
21.3486 	EXP 	New trial (rep=0, index=18): OrderedDict([('Imagenes', 'imagenes\\Kiwi.jpg'), ('Random', 0.5893907384852061), ('Correcto', None)])
21.3622 	EXP 	image_2: autoDraw = False
21.3622 	EXP 	slider_2: autoDraw = False
21.3622 	EXP 	image_2: image = 'imagenes\\Kiwi.jpg'
21.3622 	EXP 	slider_2: markerPos = None
21.3622 	EXP 	slider_2: markerPos = None
21.3622 	EXP 	slider_2: rating = None
21.3622 	EXP 	image_2: autoDraw = True
21.3622 	EXP 	slider_2: autoDraw = True
21.4037 	DATA 	Mouse: Left button down, pos=(626,168)
21.4289 	EXP 	slider_2: markerPos = 3.12890625
21.4458 	EXP 	slider_2: markerPos = 3.1223958333333335
21.4625 	EXP 	slider_2: markerPos = 3.109375
21.4790 	EXP 	slider_2: markerPos = 3.1028645833333335
21.4958 	EXP 	slider_2: markerPos = 3.1028645833333335
21.5056 	DATA 	Mouse:  Left button up, pos=(622,168)
21.5126 	EXP 	slider_2: markerPos = 3.1028645833333335
21.5286 	EXP 	slider_2: markerPos = 3.1028645833333335
21.5286 	EXP 	slider_2: rating = 3.1028645833333335
21.5324 	EXP 	New trial (rep=0, index=19): OrderedDict([('Imagenes', 'imagenes\\Chocoramo.jfif.jpg'), ('Random', 0.7789437122019539), ('Correcto', None)])
21.5664 	EXP 	image_2: autoDraw = False
21.5664 	EXP 	slider_2: autoDraw = False
21.5664 	EXP 	image_2: image = 'imagenes\\Chocoramo.jfif.jpg'
21.5664 	EXP 	slider_2: markerPos = None
21.5664 	EXP 	slider_2: markerPos = None
21.5664 	EXP 	slider_2: rating = None
21.5664 	EXP 	image_2: autoDraw = True
21.5664 	EXP 	slider_2: autoDraw = True
21.5981 	DATA 	Mouse: Left button down, pos=(621,168)
21.6125 	EXP 	slider_2: markerPos = 3.0963541666666665
21.6289 	EXP 	slider_2: markerPos = 3.0963541666666665
21.6459 	EXP 	slider_2: markerPos = 3.08984375
21.6625 	EXP 	slider_2: markerPos = 3.1940104166666665
21.6788 	EXP 	slider_2: markerPos = 3.3697916666666665
21.6813 	DATA 	Mouse:  Left button up, pos=(694,162)
21.6955 	EXP 	slider_2: markerPos = 3.3697916666666665
21.6955 	EXP 	slider_2: rating = 3.3697916666666665
21.6988 	EXP 	New trial (rep=0, index=3): OrderedDict([('Hertz', 1000), ('volumen', 0.0)])
21.7096 	EXP 	Imported imagenes.xlsx as conditions, 20 conditions, 3 params
21.7101 	EXP 	Created sequence: random, trialTypes=20, nReps=1, seed=None
21.7106 	EXP 	New trial (rep=0, index=0): OrderedDict([('Imagenes', 'imagenes\\Alpinito.jpg'), ('Random', 0.4515332417045813), ('Correcto', None)])
21.7440 	DATA 	Mouse: Left button down, pos=(768,160)
21.7494 	EXP 	image_2: autoDraw = False
21.7494 	EXP 	slider_2: autoDraw = False
21.7494 	EXP 	image_2: image = 'imagenes\\Alpinito.jpg'
21.7494 	EXP 	slider_2: markerPos = None
21.7494 	EXP 	slider_2: markerPos = None
21.7494 	EXP 	slider_2: rating = None
21.7494 	EXP 	image_2: autoDraw = True
21.7494 	EXP 	slider_2: autoDraw = True
21.7494 	EXP 	slider_2: markerPos = 4.053385416666667
21.7568 	EXP 	slider_2: markerPos = 4.053385416666667
21.7641 	EXP 	slider_2: markerPos = 4.053385416666667
21.7788 	EXP 	slider_2: markerPos = 4.053385416666667
21.7957 	EXP 	slider_2: markerPos = 4.053385416666667
21.8128 	EXP 	slider_2: markerPos = 4.053385416666667
21.8289 	EXP 	slider_2: markerPos = 4.053385416666667
21.8455 	EXP 	slider_2: markerPos = 4.053385416666667
21.8472 	DATA 	Mouse:  Left button up, pos=(768,160)
21.8625 	EXP 	slider_2: markerPos = 4.053385416666667
21.8625 	EXP 	slider_2: rating = 4.053385416666667
21.8671 	EXP 	New trial (rep=0, index=1): OrderedDict([('Imagenes', 'imagenes\\Nutella (1).jpg'), ('Random', 0.5277483225747329), ('Correcto', None)])
21.8858 	EXP 	image_2: autoDraw = False
21.8858 	EXP 	slider_2: autoDraw = False
21.8858 	EXP 	image_2: image = 'imagenes\\Nutella (1).jpg'
21.8858 	EXP 	slider_2: markerPos = None
21.8858 	EXP 	slider_2: markerPos = None
21.8858 	EXP 	slider_2: rating = None
21.8858 	EXP 	image_2: autoDraw = True
21.8858 	EXP 	slider_2: autoDraw = True
21.9311 	DATA 	Mouse: Left button down, pos=(767,160)
21.9452 	EXP 	slider_2: markerPos = 4.020833333333333
21.9625 	EXP 	slider_2: markerPos = 3.96875
21.9787 	EXP 	slider_2: markerPos = 3.897135416666667
21.9955 	EXP 	slider_2: markerPos = 3.799479166666667
22.0125 	EXP 	slider_2: markerPos = 3.701822916666667
22.0290 	EXP 	slider_2: markerPos = 3.578125
22.0318 	DATA 	Mouse:  Left button up, pos=(678,168)
22.0455 	EXP 	slider_2: markerPos = 3.578125
22.0455 	EXP 	slider_2: rating = 3.578125
22.0485 	EXP 	New trial (rep=0, index=2): OrderedDict([('Imagenes', 'imagenes\\Galletas Tosh.jpg'), ('Random', 0.478088790487872), ('Correcto', None)])
22.0855 	EXP 	image_2: autoDraw = False
22.0855 	EXP 	slider_2: autoDraw = False
22.0855 	EXP 	image_2: image = 'imagenes\\Galletas Tosh.jpg'
22.0855 	EXP 	slider_2: markerPos = None
22.0855 	EXP 	slider_2: markerPos = None
22.0855 	EXP 	slider_2: rating = None
22.0855 	EXP 	image_2: autoDraw = True
22.0855 	EXP 	slider_2: autoDraw = True
22.0997 	DATA 	Mouse: Left button down, pos=(648,170)
22.1124 	EXP 	slider_2: markerPos = 3.2721354166666665
22.1289 	EXP 	slider_2: markerPos = 3.265625
22.1453 	EXP 	slider_2: markerPos = 3.2591145833333335
22.1623 	EXP 	slider_2: markerPos = 3.2526041666666665
22.1789 	EXP 	slider_2: markerPos = 3.24609375
22.1957 	EXP 	slider_2: markerPos = 3.2200520833333335
22.1990 	DATA 	Mouse:  Left button up, pos=(631,170)
22.2124 	EXP 	slider_2: markerPos = 3.2200520833333335
22.2124 	EXP 	slider_2: rating = 3.2200520833333335
22.2162 	EXP 	New trial (rep=0, index=3): OrderedDict([('Imagenes', 'imagenes\\Papas-pollo.jpg'), ('Random', 0.6683114062971784), ('Correcto', None)])
22.2339 	EXP 	image_2: autoDraw = False
22.2339 	EXP 	slider_2: autoDraw = False
22.2339 	EXP 	image_2: image = 'imagenes\\Papas-pollo.jpg'
22.2339 	EXP 	slider_2: markerPos = None
22.2339 	EXP 	slider_2: markerPos = None
22.2339 	EXP 	slider_2: rating = None
22.2339 	EXP 	image_2: autoDraw = True
22.2339 	EXP 	slider_2: autoDraw = True
22.2982 	DATA 	Mouse: Left button down, pos=(571,170)
22.3125 	EXP 	slider_2: markerPos = 2.7578125
22.3289 	EXP 	slider_2: markerPos = 2.751302083333333
22.3456 	EXP 	slider_2: markerPos = 2.751302083333333
22.3622 	EXP 	slider_2: markerPos = 2.751302083333333
22.3787 	EXP 	slider_2: markerPos = 2.751302083333333
22.3874 	DATA 	Mouse:  Left button up, pos=(568,171)
22.3955 	EXP 	slider_2: markerPos = 2.751302083333333
22.4125 	EXP 	slider_2: markerPos = 2.751302083333333
22.4125 	EXP 	slider_2: rating = 2.751302083333333
22.4165 	EXP 	New trial (rep=0, index=4): OrderedDict([('Imagenes', 'imagenes\\Rosquitas (1).jpg'), ('Random', 0.3035383390851263), ('Correcto', None)])
22.4454 	EXP 	image_2: autoDraw = False
22.4454 	EXP 	slider_2: autoDraw = False
22.4454 	EXP 	image_2: image = 'imagenes\\Rosquitas (1).jpg'
22.4454 	EXP 	slider_2: markerPos = None
22.4454 	EXP 	slider_2: markerPos = None
22.4454 	EXP 	slider_2: rating = None
22.4454 	EXP 	image_2: autoDraw = True
22.4454 	EXP 	slider_2: autoDraw = True
22.4642 	DATA 	Mouse: Left button down, pos=(592,171)
22.4790 	EXP 	slider_2: markerPos = 2.9075520833333335
22.4957 	EXP 	slider_2: markerPos = 2.9140625
22.5125 	EXP 	slider_2: markerPos = 2.9140625
22.5288 	EXP 	slider_2: markerPos = 2.9140625
22.5459 	EXP 	slider_2: markerPos = 2.9205729166666665
22.5623 	EXP 	slider_2: markerPos = 2.9986979166666665
22.5788 	EXP 	slider_2: markerPos = 3.1028645833333335
22.5954 	EXP 	slider_2: markerPos = 3.2591145833333335
22.5979 	DATA 	Mouse:  Left button up, pos=(671,170)
22.6122 	EXP 	slider_2: markerPos = 3.2591145833333335
22.6122 	EXP 	slider_2: rating = 3.2591145833333335
22.6153 	EXP 	New trial (rep=0, index=5): OrderedDict([('Imagenes', 'imagenes\\Yogurt-alpina.jpg'), ('Random', 0.21540995091807813), ('Correcto', None)])
22.6376 	EXP 	image_2: autoDraw = False
22.6376 	EXP 	slider_2: autoDraw = False
22.6376 	EXP 	image_2: image = 'imagenes\\Yogurt-alpina.jpg'
22.6376 	EXP 	slider_2: markerPos = None
22.6376 	EXP 	slider_2: markerPos = None
22.6376 	EXP 	slider_2: rating = None
22.6376 	EXP 	image_2: autoDraw = True
22.6376 	EXP 	slider_2: autoDraw = True
22.6514 	DATA 	Mouse: Left button down, pos=(720,170)
22.6789 	EXP 	slider_2: markerPos = 3.747395833333333
22.6956 	EXP 	slider_2: markerPos = 3.747395833333333
22.7125 	EXP 	slider_2: markerPos = 3.747395833333333
22.7287 	EXP 	slider_2: markerPos = 3.747395833333333
22.7454 	EXP 	slider_2: markerPos = 3.766927083333333
22.7537 	DATA 	Mouse:  Left button up, pos=(732,170)
22.7621 	EXP 	slider_2: markerPos = 3.799479166666667
22.7787 	EXP 	slider_2: markerPos = 3.799479166666667
22.7787 	EXP 	slider_2: rating = 3.799479166666667
22.7818 	EXP 	New trial (rep=0, index=6): OrderedDict([('Imagenes', 'imagenes\\Papas-limon.jpg'), ('Random', 0.020692288100133793), ('Correcto', None)])
22.8004 	EXP 	image_2: autoDraw = False
22.8004 	EXP 	slider_2: autoDraw = False
22.8004 	EXP 	image_2: image = 'imagenes\\Papas-limon.jpg'
22.8004 	EXP 	slider_2: markerPos = None
22.8004 	EXP 	slider_2: markerPos = None
22.8004 	EXP 	slider_2: rating = None
22.8004 	EXP 	image_2: autoDraw = True
22.8004 	EXP 	slider_2: autoDraw = True
22.8475 	DATA 	Mouse: Left button down, pos=(756,170)
22.8623 	EXP 	slider_2: markerPos = 3.975260416666667
22.8788 	EXP 	slider_2: markerPos = 3.975260416666667
22.8958 	EXP 	slider_2: markerPos = 3.975260416666667
22.9124 	EXP 	slider_2: markerPos = 3.975260416666667
22.9287 	EXP 	slider_2: markerPos = 3.975260416666667
22.9455 	EXP 	slider_2: markerPos = 3.975260416666667
22.9560 	DATA 	Mouse:  Left button up, pos=(756,170)
22.9618 	EXP 	slider_2: markerPos = 3.975260416666667
22.9789 	EXP 	slider_2: markerPos = 3.975260416666667
22.9789 	EXP 	slider_2: rating = 3.975260416666667
22.9827 	EXP 	New trial (rep=0, index=7): OrderedDict([('Imagenes', 'imagenes\\Mango.jpeg'), ('Random', 0.555669112372461), ('Correcto', None)])
23.0069 	EXP 	image_2: autoDraw = False
23.0069 	EXP 	slider_2: autoDraw = False
23.0069 	EXP 	image_2: image = 'imagenes\\Mango.jpeg'
23.0069 	EXP 	slider_2: markerPos = None
23.0069 	EXP 	slider_2: markerPos = None
23.0069 	EXP 	slider_2: rating = None
23.0069 	EXP 	image_2: autoDraw = True
23.0069 	EXP 	slider_2: autoDraw = True
23.0381 	DATA 	Mouse: Left button down, pos=(724,175)
23.1532 	DATA 	Mouse:  Left button up, pos=(669,177)
23.2338 	DATA 	Mouse: Left button down, pos=(656,177)
23.3471 	DATA 	Mouse:  Left button up, pos=(639,176)
23.4323 	DATA 	Mouse: Left button down, pos=(633,174)
23.4456 	EXP 	slider_2: markerPos = 3.1744791666666665
23.4624 	EXP 	slider_2: markerPos = 3.1614583333333335
23.4790 	EXP 	slider_2: markerPos = 3.1549479166666665
23.4957 	EXP 	slider_2: markerPos = 3.1484375
23.5121 	EXP 	slider_2: markerPos = 3.1484375
23.5179 	DATA 	Mouse:  Left button up, pos=(629,173)
23.5287 	EXP 	slider_2: markerPos = 3.1484375
23.5453 	EXP 	slider_2: markerPos = 3.1484375
23.5453 	EXP 	slider_2: rating = 3.1484375
23.5487 	EXP 	New trial (rep=0, index=8): OrderedDict([('Imagenes', 'imagenes\\Manzana.jpg'), ('Random', 0.5168162194437935), ('Correcto', None)])
23.5810 	EXP 	image_2: autoDraw = False
23.5810 	EXP 	slider_2: autoDraw = False
23.5810 	EXP 	image_2: image = 'imagenes\\Manzana.jpg'
23.5810 	EXP 	slider_2: markerPos = None
23.5810 	EXP 	slider_2: markerPos = None
23.5810 	EXP 	slider_2: rating = None
23.5810 	EXP 	image_2: autoDraw = True
23.5810 	EXP 	slider_2: autoDraw = True
23.8824 	DATA 	Mouse: Left button down, pos=(658,155)
23.8957 	EXP 	slider_2: markerPos = 3.3372395833333335
23.9124 	EXP 	slider_2: markerPos = 3.3372395833333335
23.9288 	EXP 	slider_2: markerPos = 3.34375
23.9455 	EXP 	slider_2: markerPos = 3.34375
23.9625 	EXP 	slider_2: markerPos = 3.34375
23.9717 	DATA 	Mouse:  Left button up, pos=(659,155)
23.9788 	EXP 	slider_2: markerPos = 3.34375
23.9957 	EXP 	slider_2: markerPos = 3.34375
23.9957 	EXP 	slider_2: rating = 3.34375
23.9996 	EXP 	New trial (rep=0, index=9): OrderedDict([('Imagenes', 'imagenes\\bon-bon-bun.jpg'), ('Random', 0.7387922093313524), ('Correcto', None)])
24.0301 	EXP 	image_2: autoDraw = False
24.0301 	EXP 	slider_2: autoDraw = False
24.0301 	EXP 	image_2: image = 'imagenes\\bon-bon-bun.jpg'
24.0301 	EXP 	slider_2: markerPos = None
24.0301 	EXP 	slider_2: markerPos = None
24.0301 	EXP 	slider_2: rating = None
24.0301 	EXP 	image_2: autoDraw = True
24.0301 	EXP 	slider_2: autoDraw = True
24.0976 	DATA 	Mouse: Left button down, pos=(724,150)
24.1123 	EXP 	slider_2: markerPos = 3.766927083333333
24.1287 	EXP 	slider_2: markerPos = 3.7734375
24.1457 	EXP 	slider_2: markerPos = 3.7734375
24.1623 	EXP 	slider_2: markerPos = 3.7734375
24.1787 	EXP 	slider_2: markerPos = 3.7734375
24.1955 	EXP 	slider_2: markerPos = 3.7734375
24.2123 	EXP 	slider_2: markerPos = 3.786458333333333
24.2151 	DATA 	Mouse:  Left button up, pos=(739,149)
24.2286 	EXP 	slider_2: markerPos = 3.786458333333333
24.2286 	EXP 	slider_2: rating = 3.786458333333333
24.2324 	EXP 	New trial (rep=0, index=10): OrderedDict([('Imagenes', 'imagenes\\Chocoramo.jfif.jpg'), ('Random', 0.7789437122019539), ('Correcto', None)])
24.2698 	EXP 	image_2: autoDraw = False
24.2698 	EXP 	slider_2: autoDraw = False
24.2698 	EXP 	image_2: image = 'imagenes\\Chocoramo.jfif.jpg'
24.2698 	EXP 	slider_2: markerPos = None
24.2698 	EXP 	slider_2: markerPos = None
24.2698 	EXP 	slider_2: rating = None
24.2698 	EXP 	image_2: autoDraw = True
24.2698 	EXP 	slider_2: autoDraw = True
24.3146 	DATA 	Mouse: Left button down, pos=(797,148)
24.3288 	EXP 	slider_2: markerPos = 4.2421875
24.3458 	EXP 	slider_2: markerPos = 4.2421875
24.3624 	EXP 	slider_2: markerPos = 4.2421875
24.3790 	EXP 	slider_2: markerPos = 4.2421875
24.3959 	EXP 	slider_2: markerPos = 4.2421875
24.4126 	EXP 	slider_2: markerPos = 4.2421875
24.4288 	EXP 	slider_2: markerPos = 4.2421875
24.4452 	EXP 	slider_2: markerPos = 4.2421875
24.4471 	DATA 	Mouse:  Left button up, pos=(797,148)
24.4624 	EXP 	slider_2: markerPos = 4.2421875
24.4624 	EXP 	slider_2: rating = 4.2421875
24.4667 	EXP 	New trial (rep=0, index=11): OrderedDict([('Imagenes', 'imagenes\\Banano.jpeg'), ('Random', 0.651633055306917), ('Correcto', None)])
24.4904 	EXP 	image_2: autoDraw = False
24.4904 	EXP 	slider_2: autoDraw = False
24.4904 	EXP 	image_2: image = 'imagenes\\Banano.jpeg'
24.4904 	EXP 	slider_2: markerPos = None
24.4904 	EXP 	slider_2: markerPos = None
24.4904 	EXP 	slider_2: rating = None
24.4904 	EXP 	image_2: autoDraw = True
24.4904 	EXP 	slider_2: autoDraw = True
24.5322 	DATA 	Mouse: Left button down, pos=(798,148)
24.5456 	EXP 	slider_2: markerPos = 4.248697916666667
24.5626 	EXP 	slider_2: markerPos = 4.248697916666667
24.5788 	EXP 	slider_2: markerPos = 4.248697916666667
24.5958 	EXP 	slider_2: markerPos = 4.248697916666667
24.6123 	EXP 	slider_2: markerPos = 4.248697916666667
24.6287 	EXP 	slider_2: markerPos = 4.248697916666667
24.6453 	EXP 	slider_2: markerPos = 4.235677083333333
24.6624 	EXP 	slider_2: markerPos = 4.177083333333333
24.6788 	EXP 	slider_2: markerPos = 4.131510416666667
24.6881 	DATA 	Mouse:  Left button up, pos=(745,159)
24.6957 	EXP 	slider_2: markerPos = 3.962239583333333
24.7124 	EXP 	slider_2: markerPos = 3.962239583333333
24.7124 	EXP 	slider_2: rating = 3.962239583333333
24.7165 	EXP 	New trial (rep=0, index=12): OrderedDict([('Imagenes', 'imagenes\\Brownie.jpg'), ('Random', 0.17000143351927688), ('Correcto', None)])
24.7544 	DATA 	Mouse: Left button down, pos=(718,165)
24.7591 	EXP 	image_2: autoDraw = False
24.7591 	EXP 	slider_2: autoDraw = False
24.7591 	EXP 	image_2: image = 'imagenes\\Brownie.jpg'
24.7591 	EXP 	slider_2: markerPos = None
24.7591 	EXP 	slider_2: markerPos = None
24.7591 	EXP 	slider_2: rating = None
24.7591 	EXP 	image_2: autoDraw = True
24.7591 	EXP 	slider_2: autoDraw = True
24.7591 	EXP 	slider_2: markerPos = 3.708333333333333
24.7656 	EXP 	slider_2: markerPos = 3.701822916666667
24.7720 	EXP 	slider_2: markerPos = 3.6953125
24.7784 	EXP 	slider_2: markerPos = 3.6953125
24.7953 	EXP 	slider_2: markerPos = 3.6953125
24.8122 	EXP 	slider_2: markerPos = 3.688802083333333
24.8286 	EXP 	slider_2: markerPos = 3.682291666666667
24.8458 	EXP 	slider_2: markerPos = 3.67578125
24.8623 	EXP 	slider_2: markerPos = 3.669270833333333
24.8709 	DATA 	Mouse:  Left button up, pos=(707,162)
24.8787 	EXP 	slider_2: markerPos = 3.65625
24.8954 	EXP 	slider_2: markerPos = 3.65625
24.8954 	EXP 	slider_2: rating = 3.65625
24.8993 	EXP 	New trial (rep=0, index=13): OrderedDict([('Imagenes', 'imagenes\\Leche-de-almendras.jpg'), ('Random', 0.36073876480313727), ('Correcto', None)])
24.9869 	DATA 	Mouse: Left button down, pos=(703,158)
24.9929 	EXP 	image_2: autoDraw = False
24.9929 	EXP 	slider_2: autoDraw = False
24.9929 	EXP 	image_2: image = 'imagenes\\Leche-de-almendras.jpg'
24.9929 	EXP 	slider_2: markerPos = None
24.9929 	EXP 	slider_2: markerPos = None
24.9929 	EXP 	slider_2: rating = None
24.9929 	EXP 	image_2: autoDraw = True
24.9929 	EXP 	slider_2: autoDraw = True
24.9929 	EXP 	slider_2: markerPos = 3.604166666666667
24.9989 	EXP 	slider_2: markerPos = 3.604166666666667
25.0051 	EXP 	slider_2: markerPos = 3.604166666666667
25.0127 	EXP 	slider_2: markerPos = 3.604166666666667
25.0288 	EXP 	slider_2: markerPos = 3.604166666666667
25.0455 	EXP 	slider_2: markerPos = 3.604166666666667
25.0626 	EXP 	slider_2: markerPos = 3.59765625
25.0691 	DATA 	Mouse:  Left button up, pos=(695,157)
25.0789 	EXP 	slider_2: markerPos = 3.584635416666667
25.0957 	EXP 	slider_2: markerPos = 3.584635416666667
25.0957 	EXP 	slider_2: rating = 3.584635416666667
25.0993 	EXP 	New trial (rep=0, index=14): OrderedDict([('Imagenes', 'imagenes\\Papas-naturales.jpg'), ('Random', 0.15856838916280946), ('Correcto', None)])
25.1362 	EXP 	image_2: autoDraw = False
25.1362 	EXP 	slider_2: autoDraw = False
25.1362 	EXP 	image_2: image = 'imagenes\\Papas-naturales.jpg'
25.1362 	EXP 	slider_2: markerPos = None
25.1362 	EXP 	slider_2: markerPos = None
25.1362 	EXP 	slider_2: rating = None
25.1362 	EXP 	image_2: autoDraw = True
25.1362 	EXP 	slider_2: autoDraw = True
25.1479 	DATA 	Mouse: Left button down, pos=(683,157)
25.1548 	EXP 	slider_2: markerPos = 3.5
25.1664 	EXP 	slider_2: markerPos = 3.4934895833333335
25.1791 	EXP 	slider_2: markerPos = 3.4609375
25.1954 	EXP 	slider_2: markerPos = 3.4479166666666665
25.2123 	EXP 	slider_2: markerPos = 3.421875
25.2287 	EXP 	slider_2: markerPos = 3.4088541666666665
25.2457 	EXP 	slider_2: markerPos = 3.3893229166666665
25.2624 	EXP 	slider_2: markerPos = 3.3763020833333335
25.2786 	EXP 	slider_2: markerPos = 3.34375
25.2810 	DATA 	Mouse:  Left button up, pos=(655,157)
25.2954 	EXP 	slider_2: markerPos = 3.34375
25.2954 	EXP 	slider_2: rating = 3.34375
25.2987 	EXP 	New trial (rep=0, index=15): OrderedDict([('Imagenes', 'imagenes\\Kiwi.jpg'), ('Random', 0.5893907384852061), ('Correcto', None)])
25.3131 	EXP 	image_2: autoDraw = False
25.3131 	EXP 	slider_2: autoDraw = False
25.3131 	EXP 	image_2: image = 'imagenes\\Kiwi.jpg'
25.3131 	EXP 	slider_2: markerPos = None
25.3131 	EXP 	slider_2: markerPos = None
25.3131 	EXP 	slider_2: rating = None
25.3131 	EXP 	image_2: autoDraw = True
25.3131 	EXP 	slider_2: autoDraw = True
25.3500 	DATA 	Mouse: Left button down, pos=(648,157)
25.3630 	EXP 	slider_2: markerPos = 3.265625
25.3788 	EXP 	slider_2: markerPos = 3.24609375
25.3954 	EXP 	slider_2: markerPos = 3.2265625
25.4120 	EXP 	slider_2: markerPos = 3.20703125
25.4287 	EXP 	slider_2: markerPos = 3.1744791666666665
25.4458 	EXP 	slider_2: markerPos = 3.1614583333333335
25.4622 	EXP 	slider_2: markerPos = 3.1419270833333335
25.4787 	EXP 	slider_2: markerPos = 3.12890625
25.4811 	DATA 	Mouse:  Left button up, pos=(624,159)
25.4956 	EXP 	slider_2: markerPos = 3.12890625
25.4956 	EXP 	slider_2: rating = 3.12890625
25.4997 	EXP 	New trial (rep=0, index=16): OrderedDict([('Imagenes', 'imagenes\\Galletas-festival.jpg'), ('Random', 0.36121121246191135), ('Correcto', None)])
25.5296 	EXP 	image_2: autoDraw = False
25.5296 	EXP 	slider_2: autoDraw = False
25.5296 	EXP 	image_2: image = 'imagenes\\Galletas-festival.jpg'
25.5296 	EXP 	slider_2: markerPos = None
25.5296 	EXP 	slider_2: markerPos = None
25.5296 	EXP 	slider_2: rating = None
25.5296 	EXP 	image_2: autoDraw = True
25.5296 	EXP 	slider_2: autoDraw = True
25.5423 	DATA 	Mouse: Left button down, pos=(612,163)
25.5625 	EXP 	slider_2: markerPos = 3.03125
25.5786 	EXP 	slider_2: markerPos = 3.01171875
25.5954 	EXP 	slider_2: markerPos = 2.9986979166666665
25.6121 	EXP 	slider_2: markerPos = 2.9791666666666665
25.6288 	EXP 	slider_2: markerPos = 2.9596354166666665
25.6456 	EXP 	slider_2: markerPos = 2.9270833333333335
25.6620 	EXP 	slider_2: markerPos = 2.85546875
25.6787 	EXP 	slider_2: markerPos = 2.829427083333333
25.6953 	EXP 	slider_2: markerPos = 2.796875
25.7125 	EXP 	slider_2: markerPos = 2.783854166666667
25.7286 	EXP 	slider_2: markerPos = 2.77734375
25.7454 	EXP 	slider_2: markerPos = 2.770833333333333
25.7623 	EXP 	slider_2: markerPos = 2.7578125
25.7787 	EXP 	slider_2: markerPos = 2.744791666666667
25.7956 	EXP 	slider_2: markerPos = 2.725260416666667
25.8123 	EXP 	slider_2: markerPos = 2.712239583333333
25.8219 	DATA 	Mouse:  Left button up, pos=(557,166)
25.8288 	EXP 	slider_2: markerPos = 2.686197916666667
25.8455 	EXP 	slider_2: markerPos = 2.686197916666667
25.8455 	EXP 	slider_2: rating = 2.686197916666667
25.8487 	EXP 	New trial (rep=0, index=17): OrderedDict([('Imagenes', 'imagenes\\Uvas.jpg'), ('Random', 0.7734382152670648), ('Correcto', None)])
25.8706 	EXP 	image_2: autoDraw = False
25.8706 	EXP 	slider_2: autoDraw = False
25.8706 	EXP 	image_2: image = 'imagenes\\Uvas.jpg'
25.8706 	EXP 	slider_2: markerPos = None
25.8706 	EXP 	slider_2: markerPos = None
25.8706 	EXP 	slider_2: rating = None
25.8706 	EXP 	image_2: autoDraw = True
25.8706 	EXP 	slider_2: autoDraw = True
25.9159 	DATA 	Mouse: Left button down, pos=(552,165)
25.9286 	EXP 	slider_2: markerPos = 2.647135416666667
25.9453 	EXP 	slider_2: markerPos = 2.647135416666667
25.9620 	EXP 	slider_2: markerPos = 2.640625
25.9712 	DATA 	Mouse:  Left button up, pos=(551,165)
25.9785 	EXP 	slider_2: markerPos = 2.640625
25.9951 	EXP 	slider_2: markerPos = 2.640625
25.9951 	EXP 	slider_2: rating = 2.640625
25.9992 	EXP 	New trial (rep=0, index=18): OrderedDict([('Imagenes', 'imagenes\\Croissant.jpg'), ('Random', 0.6152458173421255), ('Correcto', None)])
26.0335 	EXP 	image_2: autoDraw = False
26.0335 	EXP 	slider_2: autoDraw = False
26.0335 	EXP 	image_2: image = 'imagenes\\Croissant.jpg'
26.0335 	EXP 	slider_2: markerPos = None
26.0335 	EXP 	slider_2: markerPos = None
26.0335 	EXP 	slider_2: rating = None
26.0335 	EXP 	image_2: autoDraw = True
26.0335 	EXP 	slider_2: autoDraw = True
26.0645 	DATA 	Mouse: Left button down, pos=(550,165)
26.0787 	EXP 	slider_2: markerPos = 2.634114583333333
26.0956 	EXP 	slider_2: markerPos = 2.634114583333333
26.1120 	EXP 	slider_2: markerPos = 2.634114583333333
26.1286 	EXP 	slider_2: markerPos = 2.634114583333333
26.1456 	EXP 	slider_2: markerPos = 2.634114583333333
26.1484 	DATA 	Mouse:  Left button up, pos=(550,165)
26.1622 	EXP 	slider_2: markerPos = 2.634114583333333
26.1622 	EXP 	slider_2: rating = 2.634114583333333
26.1663 	EXP 	New trial (rep=0, index=19): OrderedDict([('Imagenes', 'imagenes\\Popetas.jpg'), ('Random', 0.07650200324054446), ('Correcto', None)])
26.2150 	EXP 	image_2: autoDraw = False
26.2150 	EXP 	slider_2: autoDraw = False
26.2150 	EXP 	image_2: image = 'imagenes\\Popetas.jpg'
26.2150 	EXP 	slider_2: markerPos = None
26.2150 	EXP 	slider_2: markerPos = None
26.2150 	EXP 	slider_2: rating = None
26.2150 	EXP 	image_2: autoDraw = True
26.2150 	EXP 	slider_2: autoDraw = True
26.2531 	DATA 	Mouse: Left button down, pos=(644,165)
26.2624 	EXP 	slider_2: markerPos = 3.24609375
26.2788 	EXP 	slider_2: markerPos = 3.3046875
26.2954 	EXP 	slider_2: markerPos = 3.3372395833333335
26.3124 	EXP 	slider_2: markerPos = 3.3567708333333335
26.3288 	EXP 	slider_2: markerPos = 3.3697916666666665
26.3454 	EXP 	slider_2: markerPos = 3.3958333333333335
26.3620 	EXP 	slider_2: markerPos = 3.506510416666667
26.3787 	EXP 	slider_2: markerPos = 3.630208333333333
26.3814 	DATA 	Mouse:  Left button up, pos=(725,162)
26.3958 	EXP 	slider_2: markerPos = 3.630208333333333
26.3958 	EXP 	slider_2: rating = 3.630208333333333
26.4508 	DATA 	Mouse: Left button down, pos=(780,162)
26.4592 	EXP 	image_2: autoDraw = False
26.4592 	EXP 	slider_2: autoDraw = False
26.4592 	EXP 	text: text = 'El nmero aleatorio es 1744.'
26.4592 	EXP 	text_2: text = 'El precio seleccionado aleatoriamente es 3656.0.'
26.4592 	EXP 	text: autoDraw = True
26.4592 	EXP 	text_2: autoDraw = True
26.5823 	DATA 	Mouse:  Left button up, pos=(787,161)
26.6489 	DATA 	Mouse: Left button down, pos=(799,160)
26.7814 	DATA 	Mouse:  Left button up, pos=(800,160)
31.4615 	EXP 	text: autoDraw = False
31.4615 	EXP 	text_2: autoDraw = False
31.4615 	EXP 	text: autoDraw = False
31.4615 	EXP 	text_2: autoDraw = False
31.8349 	EXP 	window1: mouseVisible = True
