1.2432 	WARNING 	We strongly recommend you activate the PTB sound engine in PsychoPy prefs as the preferred audio engine. Its timing is vastly superior. Your prefs are currently set to use ['sounddevice', 'PTB', 'pyo', 'pygame'] (in that order).
8.4242 	WARNING 	User requested fullscreen with size [1024  768], but screen is actually [1366, 768]. Using actual size
9.9687 	EXP 	Created window1 = Window(allowGUI=False, allowStencil=False, args=UNKNOWN, autoLog=True, bitsMode=UNKNOWN, blendMode='avg', bpc=(8, 8, 8), color=array([0., 0., 0.]), colorSpace='rgb', depthBits=8, fullscr=<method-wrapper '__getattribute__' of attributeSetter object at 0x0000018C907BD2E8>, gamma=None, gammaErrorPolicy='raise', kwargs=UNKNOWN, lms=UNKNOWN, monitor=<psychopy.monitors.calibTools.Monitor object at 0x0000018C90827320>, multiSample=False, name='window1', numSamples=2, pos=[0.0, 0.0], screen=0, size=array([1366,  768]), stencilBits=0, stereo=False, units='height', useFBO=True, useRetina=False, viewOri=0.0, viewPos=None, viewScale=None, waitBlanking=True, winType='pyglet')
9.9694 	EXP 	window1: mouseVisible = True
9.9695 	EXP 	window1: recordFrameIntervals = False
10.1338 	EXP 	window1: recordFrameIntervals = True
10.3177 	EXP 	window1: recordFrameIntervals = False
10.9431 	EXP 	Sound sound_3 set volume 1.000
10.9434 	EXP 	Sound sound_2 set volume 1.000
10.9648 	EXP 	Created image_2 = ImageStim(__class__=<class 'psychopy.visual.image.ImageStim'>, autoLog=True, color=array([1., 1., 1.]), colorSpace='rgb', contrast=1.0, depth=-1.0, flipHoriz=False, flipVert=False, image='sin', interpolate=True, mask=None, maskParams=None, name='image_2', opacity=1.0, ori=0.0, pos=array([0. , 0.2]), size=array([0.5, 0.5]), texRes=128, units='height', win=Window(...))
11.0007 	EXP 	window1: mouseVisible = True
11.0794 	EXP 	Created slider_2 = Slider(__class__=<class 'psychopy.visual.slider.Slider'>, autoDraw=False, autoLog=True, color='LightGray', depth=0, flip=False, font='HelveticaBold', granularity=0, labelHeight=0.05, labelWrapWidth=None, labels=('0', '1000', '2000', '3000', '4000', '5000'), name='slider_2', pos=(0, -0.3), readOnly=False, self=UNKNOWN, size=(1.0, 0.05), style=method-wrapper(...), ticks=array([1, 2, 3, 4, 5, 6]), units='height', win=Window(...))
11.1323 	EXP 	slider_2: autoLog = True
11.1323 	EXP 	slider_2: markerPos = None
11.1323 	EXP 	slider_2: rating = None
11.1323 	EXP 	slider_2: markerPos = None
11.1323 	EXP 	slider_2: contrast = 1.0
11.1323 	EXP 	slider_2: autoLog = True
11.1323 	EXP 	slider_2: style = ['rating']
21.1933 	EXP 	Imported ruidos.xlsx as conditions, 4 conditions, 2 params
21.1937 	EXP 	Created sequence: random, trialTypes=4, nReps=1, seed=None
21.1941 	EXP 	New trial (rep=0, index=0): OrderedDict([('Hertz', 400), ('volumen', 0.02)])
21.2013 	EXP 	Imported imagenes.xlsx as conditions, 20 conditions, 1 params
21.2016 	EXP 	Created sequence: random, trialTypes=20, nReps=1, seed=None
21.2018 	EXP 	New trial (rep=0, index=0): OrderedDict([('Imagenes', 'imagenes\\Kiwi.jpg')])
21.2496 	EXP 	image_2: image = 'imagenes\\Kiwi.jpg'
21.2496 	EXP 	slider_2: markerPos = None
21.2496 	EXP 	slider_2: markerPos = None
21.2496 	EXP 	slider_2: rating = None
21.2496 	EXP 	image_2: autoDraw = True
21.2496 	EXP 	slider_2: autoDraw = True
22.2763 	DATA 	Mouse: Left button down, pos=(546,150)
22.2888 	EXP 	slider_2: markerPos = 2.608072916666667
22.3034 	EXP 	slider_2: markerPos = 2.608072916666667
22.3176 	EXP 	slider_2: markerPos = 2.608072916666667
22.3332 	EXP 	slider_2: markerPos = 2.608072916666667
22.3497 	EXP 	slider_2: markerPos = 2.608072916666667
22.3574 	DATA 	Mouse:  Left button up, pos=(546,150)
22.3661 	EXP 	slider_2: markerPos = 2.608072916666667
22.3834 	EXP 	slider_2: markerPos = 2.608072916666667
22.3834 	EXP 	slider_2: rating = 2.608072916666667
22.3880 	EXP 	New trial (rep=0, index=1): OrderedDict([('Imagenes', 'imagenes\\Rosquitas (1).jpg')])
22.4334 	EXP 	image_2: autoDraw = False
22.4334 	EXP 	slider_2: autoDraw = False
22.4334 	EXP 	image_2: image = 'imagenes\\Rosquitas (1).jpg'
22.4334 	EXP 	slider_2: markerPos = None
22.4334 	EXP 	slider_2: markerPos = None
22.4334 	EXP 	slider_2: rating = None
22.4334 	EXP 	image_2: autoDraw = True
22.4334 	EXP 	slider_2: autoDraw = True
22.5236 	DATA 	Mouse: Left button down, pos=(673,147)
22.5498 	EXP 	slider_2: markerPos = 3.4348958333333335
22.5663 	EXP 	slider_2: markerPos = 3.4348958333333335
22.5835 	EXP 	slider_2: markerPos = 3.4348958333333335
22.5995 	EXP 	slider_2: markerPos = 3.4348958333333335
22.6019 	DATA 	Mouse:  Left button up, pos=(678,147)
22.6162 	EXP 	slider_2: markerPos = 3.4348958333333335
22.6162 	EXP 	slider_2: rating = 3.4348958333333335
22.6198 	EXP 	New trial (rep=0, index=2): OrderedDict([('Imagenes', 'imagenes\\Nutella (1).jpg')])
22.6449 	EXP 	image_2: autoDraw = False
22.6449 	EXP 	slider_2: autoDraw = False
22.6449 	EXP 	image_2: image = 'imagenes\\Nutella (1).jpg'
22.6449 	EXP 	slider_2: markerPos = None
22.6449 	EXP 	slider_2: markerPos = None
22.6449 	EXP 	slider_2: rating = None
22.6449 	EXP 	image_2: autoDraw = True
22.6449 	EXP 	slider_2: autoDraw = True
22.7367 	DATA 	Mouse: Left button down, pos=(859,133)
22.7496 	EXP 	slider_2: markerPos = 4.645833333333333
22.7663 	EXP 	slider_2: markerPos = 4.645833333333333
22.7832 	EXP 	slider_2: markerPos = 4.645833333333333
22.7998 	EXP 	slider_2: markerPos = 4.645833333333333
22.8077 	DATA 	Mouse:  Left button up, pos=(859,133)
22.8169 	EXP 	slider_2: markerPos = 4.645833333333333
22.8329 	EXP 	slider_2: markerPos = 4.645833333333333
22.8329 	EXP 	slider_2: rating = 4.645833333333333
22.8369 	EXP 	New trial (rep=0, index=3): OrderedDict([('Imagenes', 'imagenes\\Uvas.jpg')])
22.8676 	EXP 	image_2: autoDraw = False
22.8676 	EXP 	slider_2: autoDraw = False
22.8676 	EXP 	image_2: image = 'imagenes\\Uvas.jpg'
22.8676 	EXP 	slider_2: markerPos = None
22.8676 	EXP 	slider_2: markerPos = None
22.8676 	EXP 	slider_2: rating = None
22.8676 	EXP 	image_2: autoDraw = True
22.8676 	EXP 	slider_2: autoDraw = True
22.9194 	DATA 	Mouse: Left button down, pos=(950,132)
22.9995 	EXP 	slider_2: markerPos = 5.147135416666666
23.0019 	DATA 	Mouse:  Left button up, pos=(929,135)
23.0167 	EXP 	slider_2: markerPos = 5.147135416666666
23.0167 	EXP 	slider_2: rating = 5.147135416666666
23.0204 	EXP 	New trial (rep=0, index=4): OrderedDict([('Imagenes', 'imagenes\\Brownie.jpg')])
23.0748 	EXP 	image_2: autoDraw = False
23.0748 	EXP 	slider_2: autoDraw = False
23.0748 	EXP 	image_2: image = 'imagenes\\Brownie.jpg'
23.0748 	EXP 	slider_2: markerPos = None
23.0748 	EXP 	slider_2: markerPos = None
23.0748 	EXP 	slider_2: rating = None
23.0748 	EXP 	image_2: autoDraw = True
23.0748 	EXP 	slider_2: autoDraw = True
23.1022 	DATA 	Mouse: Left button down, pos=(683,176)
23.1859 	DATA 	Mouse:  Left button up, pos=(683,176)
23.9119 	DATA 	Keypress: escape
24.4013 	EXP 	window1: mouseVisible = True
