4.5124 	WARNING 	We strongly recommend you activate the PTB sound engine in PsychoPy prefs as the preferred audio engine. Its timing is vastly superior. Your prefs are currently set to use ['sounddevice', 'PTB', 'pyo', 'pygame'] (in that order).
29.5269 	WARNING 	User requested fullscreen with size [1024  768], but screen is actually [1366, 768]. Using actual size
32.6631 	EXP 	Created window1 = Window(allowGUI=False, allowStencil=False, args=UNKNOWN, autoLog=True, bitsMode=UNKNOWN, blendMode='avg', bpc=(8, 8, 8), color=array([0., 0., 0.]), colorSpace='rgb', depthBits=8, fullscr=<method-wrapper '__getattribute__' of attributeSetter object at 0x0000023841DA3160>, gamma=None, gammaErrorPolicy='raise', kwargs=UNKNOWN, lms=UNKNOWN, monitor=<psychopy.monitors.calibTools.Monitor object at 0x0000023841F2E198>, multiSample=False, name='window1', numSamples=2, pos=[0.0, 0.0], screen=0, size=array([1366,  768]), stencilBits=0, stereo=False, units='height', useFBO=True, useRetina=False, viewOri=0.0, viewPos=None, viewScale=None, waitBlanking=True, winType='pyglet')
32.6636 	EXP 	window1: mouseVisible = True
32.6637 	EXP 	window1: recordFrameIntervals = False
32.8284 	EXP 	window1: recordFrameIntervals = True
33.0125 	EXP 	window1: recordFrameIntervals = False
33.3835 	EXP 	Sound sound_3 set volume 1.000
33.3838 	EXP 	Sound Sonido set volume 1.000
33.3942 	EXP 	Created image_2 = ImageStim(__class__=<class 'psychopy.visual.image.ImageStim'>, autoLog=True, color=array([1., 1., 1.]), colorSpace='rgb', contrast=1.0, depth=-1.0, flipHoriz=False, flipVert=False, image='sin', interpolate=True, mask=None, maskParams=None, name='image_2', opacity=1.0, ori=0.0, pos=array([0. , 0.2]), size=array([0.5, 0.5]), texRes=128, units='height', win=Window(...))
33.4513 	EXP 	window1: mouseVisible = True
33.5853 	EXP 	Created slider_2 = Slider(__class__=<class 'psychopy.visual.slider.Slider'>, autoDraw=False, autoLog=True, color='LightGray', depth=0, flip=False, font='HelveticaBold', granularity=0, labelHeight=0.05, labelWrapWidth=None, labels=('0', '1000', '2000', '3000', '4000', '5000'), name='slider_2', pos=(0, -0.3), readOnly=False, self=UNKNOWN, size=(1.0, 0.05), style=method-wrapper(...), ticks=array([1, 2, 3, 4, 5, 6]), units='height', win=Window(...))
33.6199 	EXP 	Created text_2 = TextStim(__class__=<class 'psychopy.visual.text.TextStim'>, alignHoriz=method-wrapper(...), alignText='center', alignVert=method-wrapper(...), anchorHoriz='center', anchorVert='center', antialias=True, autoLog=True, bold=False, color='white', colorSpace='named', contrast=1.0, depth=0.0, flipHoriz=False, flipVert=False, font='Arial', fontFiles=[], height=0.05, italic=False, languageStyle='LTR', name='text_2', opacity=1.0, ori=0, pos=array([0., 0.]), rgb=array([255., 255., 255.]), text=str(...), units='height', win=Window(...), wrapWidth=1)
33.6406 	EXP 	Created text_3 = TextStim(__class__=<class 'psychopy.visual.text.TextStim'>, alignHoriz=method-wrapper(...), alignText='center', alignVert=method-wrapper(...), anchorHoriz='center', anchorVert='center', antialias=True, autoLog=True, bold=False, color='white', colorSpace='named', contrast=1.0, depth=0.0, flipHoriz=False, flipVert=False, font='Arial', fontFiles=[], height=0.05, italic=False, languageStyle='LTR', name='text_3', opacity=1.0, ori=0, pos=array([0., 0.]), rgb=array([255., 255., 255.]), text=str(...), units='height', win=Window(...), wrapWidth=1)
33.6563 	EXP 	Created text = TextStim(__class__=<class 'psychopy.visual.text.TextStim'>, alignHoriz=method-wrapper(...), alignText='center', alignVert=method-wrapper(...), anchorHoriz='center', anchorVert='center', antialias=True, autoLog=True, bold=False, color='white', colorSpace='named', contrast=1.0, depth=-1.0, flipHoriz=False, flipVert=False, font='Arial', fontFiles=[], height=0.1, italic=False, languageStyle='LTR', name='text', opacity=1.0, ori=0, pos=array([0.  , 0.15]), rgb=array([255., 255., 255.]), text='default text', units='height', win=Window(...), wrapWidth=1)
33.6585 	EXP 	Created text_4 = TextStim(__class__=<class 'psychopy.visual.text.TextStim'>, alignHoriz=method-wrapper(...), alignText='center', alignVert=method-wrapper(...), anchorHoriz='center', anchorVert='center', antialias=True, autoLog=True, bold=False, color='white', colorSpace='named', contrast=1.0, depth=-1.0, flipHoriz=False, flipVert=False, font='Arial', fontFiles=[], height=0.1, italic=False, languageStyle='LTR', name='text_4', opacity=1.0, ori=0, pos=array([0., 0.]), rgb=array([255., 255., 255.]), text='default text', units='height', win=Window(...), wrapWidth=1)
33.6602 	EXP 	Created image = ImageStim(__class__=<class 'psychopy.visual.image.ImageStim'>, autoLog=True, color=array([1., 1., 1.]), colorSpace='rgb', contrast=1.0, depth=-1.0, flipHoriz=False, flipVert=False, image='sin', interpolate=True, mask=None, maskParams=None, name='image', opacity=1.0, ori=0.0, pos=array([0., 0.]), size=array([0.5, 0.5]), texRes=128, units='height', win=Window(...))
33.6625 	EXP 	Created texto_final = TextStim(__class__=<class 'psychopy.visual.text.TextStim'>, alignHoriz=method-wrapper(...), alignText='center', alignVert=method-wrapper(...), anchorHoriz='center', anchorVert='center', antialias=True, autoLog=True, bold=False, color='white', colorSpace='named', contrast=1.0, depth=-1.0, flipHoriz=False, flipVert=False, font='Arial', fontFiles=[], height=0.1, italic=False, languageStyle='LTR', name='texto_final', opacity=1.0, ori=0, pos=array([0., 0.]), rgb=array([255., 255., 255.]), text='default text', units='height', win=Window(...), wrapWidth=1)
33.7126 	EXP 	slider_2: autoLog = True
33.7126 	EXP 	slider_2: markerPos = None
33.7126 	EXP 	slider_2: rating = None
33.7126 	EXP 	slider_2: markerPos = None
33.7126 	EXP 	slider_2: contrast = 1.0
33.7126 	EXP 	slider_2: autoLog = True
33.7126 	EXP 	slider_2: style = ['rating']
43.8109 	EXP 	Imported ruidos.xlsx as conditions, 4 conditions, 2 params
43.8111 	EXP 	Created sequence: random, trialTypes=4, nReps=1, seed=None
43.8114 	EXP 	New trial (rep=0, index=0): OrderedDict([('Hertz', 1500), ('volumen', 0.02)])
43.8222 	EXP 	Imported imagenes.xlsx as conditions, 36 conditions, 3 params
43.8226 	EXP 	Created sequence: random, trialTypes=36, nReps=1, seed=None
43.8228 	EXP 	New trial (rep=0, index=0): OrderedDict([('Imagenes', 'imagenes/Manzana.jpg'), ('Random', 0.4048420327008191), ('Correcto', None)])
43.8723 	EXP 	image_2: image = 'imagenes/Manzana.jpg'
43.8723 	EXP 	slider_2: markerPos = None
43.8723 	EXP 	slider_2: markerPos = None
43.8723 	EXP 	slider_2: rating = None
44.8868 	EXP 	image_2: autoDraw = True
44.8868 	EXP 	slider_2: autoDraw = True
45.5804 	DATA 	Mouse: Left button down, pos=(694,167)
45.5953 	EXP 	slider_2: markerPos = 3.571614583333333
45.6121 	EXP 	slider_2: markerPos = 3.571614583333333
45.6286 	EXP 	slider_2: markerPos = 3.571614583333333
45.6451 	EXP 	slider_2: markerPos = 3.571614583333333
45.6620 	EXP 	slider_2: markerPos = 3.571614583333333
45.6784 	EXP 	slider_2: markerPos = 3.571614583333333
45.6826 	DATA 	Mouse:  Left button up, pos=(694,167)
45.6952 	EXP 	slider_2: markerPos = 3.571614583333333
45.7120 	EXP 	slider_2: markerPos = 3.571614583333333
45.7120 	EXP 	slider_2: rating = 3.571614583333333
45.7157 	EXP 	New trial (rep=0, index=1): OrderedDict([('Imagenes', 'imagenes/pistachos.jpg'), ('Random', 0.7450869742741464), ('Correcto', None)])
45.7299 	EXP 	image_2: autoDraw = False
45.7299 	EXP 	slider_2: autoDraw = False
45.7299 	EXP 	image_2: image = 'imagenes/pistachos.jpg'
45.7299 	EXP 	slider_2: markerPos = None
45.7299 	EXP 	slider_2: markerPos = None
45.7299 	EXP 	slider_2: rating = None
46.7284 	EXP 	image_2: autoDraw = True
46.7284 	EXP 	slider_2: autoDraw = True
47.6633 	DATA 	Mouse: Left button down, pos=(831,152)
47.6780 	EXP 	slider_2: markerPos = 4.463541666666667
47.6949 	EXP 	slider_2: markerPos = 4.463541666666667
47.7118 	EXP 	slider_2: markerPos = 4.463541666666667
47.7287 	EXP 	slider_2: markerPos = 4.463541666666667
47.7448 	EXP 	slider_2: markerPos = 4.463541666666667
47.7622 	EXP 	slider_2: markerPos = 4.463541666666667
47.7785 	EXP 	slider_2: markerPos = 4.463541666666667
47.7951 	EXP 	slider_2: markerPos = 4.463541666666667
47.8117 	EXP 	slider_2: markerPos = 4.463541666666667
47.8283 	EXP 	slider_2: markerPos = 4.463541666666667
47.8449 	EXP 	slider_2: markerPos = 4.463541666666667
47.8616 	EXP 	slider_2: markerPos = 4.463541666666667
47.8783 	EXP 	slider_2: markerPos = 4.463541666666667
47.8948 	EXP 	slider_2: markerPos = 4.463541666666667
47.8963 	DATA 	Mouse:  Left button up, pos=(831,152)
47.9109 	EXP 	slider_2: markerPos = 4.463541666666667
47.9109 	EXP 	slider_2: rating = 4.463541666666667
47.9142 	EXP 	New trial (rep=0, index=2): OrderedDict([('Imagenes', 'imagenes/Kiwi.jpg'), ('Random', 0.3929145850942286), ('Correcto', None)])
47.9282 	EXP 	image_2: autoDraw = False
47.9282 	EXP 	slider_2: autoDraw = False
47.9282 	EXP 	image_2: image = 'imagenes/Kiwi.jpg'
47.9282 	EXP 	slider_2: markerPos = None
47.9282 	EXP 	slider_2: markerPos = None
47.9282 	EXP 	slider_2: rating = None
48.9276 	EXP 	image_2: autoDraw = True
48.9276 	EXP 	slider_2: autoDraw = True
49.5968 	DATA 	Mouse: Left button down, pos=(693,156)
49.6115 	EXP 	slider_2: markerPos = 3.565104166666667
49.6283 	EXP 	slider_2: markerPos = 3.565104166666667
49.6447 	EXP 	slider_2: markerPos = 3.565104166666667
49.6617 	EXP 	slider_2: markerPos = 3.565104166666667
49.6783 	EXP 	slider_2: markerPos = 3.565104166666667
49.6949 	EXP 	slider_2: markerPos = 3.565104166666667
49.7116 	EXP 	slider_2: markerPos = 3.565104166666667
49.7139 	DATA 	Mouse:  Left button up, pos=(693,156)
49.7283 	EXP 	slider_2: markerPos = 3.565104166666667
49.7283 	EXP 	slider_2: rating = 3.565104166666667
49.7318 	EXP 	New trial (rep=0, index=3): OrderedDict([('Imagenes', 'imagenes/Chontaduro.png'), ('Random', 0.8693553300418813), ('Correcto', None)])
49.7461 	EXP 	image_2: autoDraw = False
49.7461 	EXP 	slider_2: autoDraw = False
49.7461 	EXP 	image_2: image = 'imagenes/Chontaduro.png'
49.7461 	EXP 	slider_2: markerPos = None
49.7461 	EXP 	slider_2: markerPos = None
49.7461 	EXP 	slider_2: rating = None
50.7448 	EXP 	image_2: autoDraw = True
50.7448 	EXP 	slider_2: autoDraw = True
51.6963 	DATA 	Mouse: Left button down, pos=(523,156)
51.7114 	EXP 	slider_2: markerPos = 2.458333333333333
51.7283 	EXP 	slider_2: markerPos = 2.458333333333333
51.7447 	EXP 	slider_2: markerPos = 2.458333333333333
51.7614 	EXP 	slider_2: markerPos = 2.458333333333333
51.7784 	EXP 	slider_2: markerPos = 2.458333333333333
51.7948 	EXP 	slider_2: markerPos = 2.458333333333333
51.7971 	DATA 	Mouse:  Left button up, pos=(523,156)
51.8114 	EXP 	slider_2: markerPos = 2.458333333333333
51.8114 	EXP 	slider_2: rating = 2.458333333333333
51.8150 	EXP 	New trial (rep=0, index=4): OrderedDict([('Imagenes', 'imagenes/Papas-limon.jpg'), ('Random', 0.5280798509093595), ('Correcto', None)])
51.8287 	EXP 	image_2: autoDraw = False
51.8287 	EXP 	slider_2: autoDraw = False
51.8287 	EXP 	image_2: image = 'imagenes/Papas-limon.jpg'
51.8287 	EXP 	slider_2: markerPos = None
51.8287 	EXP 	slider_2: markerPos = None
51.8287 	EXP 	slider_2: rating = None
52.8284 	EXP 	image_2: autoDraw = True
52.8284 	EXP 	slider_2: autoDraw = True
53.8964 	DATA 	Mouse: Left button down, pos=(678,157)
53.9115 	EXP 	slider_2: markerPos = 3.4674479166666665
53.9280 	EXP 	slider_2: markerPos = 3.4674479166666665
53.9448 	EXP 	slider_2: markerPos = 3.4674479166666665
53.9614 	EXP 	slider_2: markerPos = 3.4674479166666665
53.9781 	EXP 	slider_2: markerPos = 3.4674479166666665
53.9949 	EXP 	slider_2: markerPos = 3.4674479166666665
53.9973 	DATA 	Mouse:  Left button up, pos=(678,157)
54.0115 	EXP 	slider_2: markerPos = 3.4674479166666665
54.0115 	EXP 	slider_2: rating = 3.4674479166666665
54.0150 	EXP 	New trial (rep=0, index=5): OrderedDict([('Imagenes', 'imagenes/Galletas Tosh.jpg'), ('Random', 0.9129693753280027), ('Correcto', None)])
54.0555 	EXP 	image_2: autoDraw = False
54.0555 	EXP 	slider_2: autoDraw = False
54.0555 	EXP 	image_2: image = 'imagenes/Galletas Tosh.jpg'
54.0555 	EXP 	slider_2: markerPos = None
54.0555 	EXP 	slider_2: markerPos = None
54.0555 	EXP 	slider_2: rating = None
55.0448 	EXP 	image_2: autoDraw = True
55.0448 	EXP 	slider_2: autoDraw = True
56.1467 	DATA 	Mouse: Left button down, pos=(806,144)
56.1612 	EXP 	slider_2: markerPos = 4.30078125
56.1780 	EXP 	slider_2: markerPos = 4.30078125
56.1938 	EXP 	slider_2: markerPos = 4.30078125
56.2115 	EXP 	slider_2: markerPos = 4.30078125
56.2286 	EXP 	slider_2: markerPos = 4.30078125
56.2449 	EXP 	slider_2: markerPos = 4.30078125
56.2484 	DATA 	Mouse:  Left button up, pos=(806,144)
56.2617 	EXP 	slider_2: markerPos = 4.30078125
56.2779 	EXP 	slider_2: markerPos = 4.30078125
56.2779 	EXP 	slider_2: rating = 4.30078125
56.2808 	EXP 	New trial (rep=0, index=6): OrderedDict([('Imagenes', 'imagenes/Pandebono.png'), ('Random', 0.8988574378129985), ('Correcto', None)])
56.3073 	EXP 	image_2: autoDraw = False
56.3073 	EXP 	slider_2: autoDraw = False
56.3073 	EXP 	image_2: image = 'imagenes/Pandebono.png'
56.3073 	EXP 	slider_2: markerPos = None
56.3073 	EXP 	slider_2: markerPos = None
56.3073 	EXP 	slider_2: rating = None
57.2947 	EXP 	image_2: autoDraw = True
57.2947 	EXP 	slider_2: autoDraw = True
59.2814 	EXP 	New trial (rep=0, index=7): OrderedDict([('Imagenes', 'imagenes/bon-bon-bun.jpg'), ('Random', 0.7417452724056987), ('Correcto', None)])
59.3320 	EXP 	image_2: autoDraw = False
59.3320 	EXP 	slider_2: autoDraw = False
59.3320 	EXP 	image_2: autoDraw = False
59.3320 	EXP 	slider_2: autoDraw = False
59.3320 	EXP 	image_2: image = 'imagenes/bon-bon-bun.jpg'
59.3320 	EXP 	slider_2: markerPos = None
59.3320 	EXP 	slider_2: markerPos = None
59.3320 	EXP 	slider_2: rating = None
60.3280 	EXP 	image_2: autoDraw = True
60.3280 	EXP 	slider_2: autoDraw = True
62.3157 	EXP 	New trial (rep=0, index=8): OrderedDict([('Imagenes', 'imagenes/Pizzetas.png'), ('Random', 0.3295951589873042), ('Correcto', None)])
62.3396 	EXP 	image_2: autoDraw = False
62.3396 	EXP 	slider_2: autoDraw = False
62.3396 	EXP 	image_2: autoDraw = False
62.3396 	EXP 	slider_2: autoDraw = False
62.3396 	EXP 	image_2: image = 'imagenes/Pizzetas.png'
62.3396 	EXP 	slider_2: markerPos = None
62.3396 	EXP 	slider_2: markerPos = None
62.3396 	EXP 	slider_2: rating = None
63.3279 	EXP 	image_2: autoDraw = True
63.3279 	EXP 	slider_2: autoDraw = True
65.0147 	DATA 	Mouse: Left button down, pos=(646,148)
65.0442 	EXP 	slider_2: markerPos = 3.2591145833333335
65.0611 	EXP 	slider_2: markerPos = 3.2591145833333335
65.0776 	EXP 	slider_2: markerPos = 3.2591145833333335
65.0941 	EXP 	slider_2: markerPos = 3.2591145833333335
65.0967 	DATA 	Mouse:  Left button up, pos=(646,148)
65.1111 	EXP 	slider_2: markerPos = 3.2591145833333335
65.1111 	EXP 	slider_2: rating = 3.2591145833333335
65.1139 	EXP 	New trial (rep=0, index=9): OrderedDict([('Imagenes', 'imagenes/Almojabanas.png'), ('Random', 0.6725051200713246), ('Correcto', None)])
65.1417 	EXP 	image_2: autoDraw = False
65.1417 	EXP 	slider_2: autoDraw = False
65.1417 	EXP 	image_2: image = 'imagenes/Almojabanas.png'
65.1417 	EXP 	slider_2: markerPos = None
65.1417 	EXP 	slider_2: markerPos = None
65.1417 	EXP 	slider_2: rating = None
66.1443 	EXP 	image_2: autoDraw = True
66.1443 	EXP 	slider_2: autoDraw = True
67.1125 	DATA 	Mouse: Left button down, pos=(700,155)
67.1274 	EXP 	slider_2: markerPos = 3.610677083333333
67.1442 	EXP 	slider_2: markerPos = 3.610677083333333
67.1611 	EXP 	slider_2: markerPos = 3.610677083333333
67.1775 	EXP 	slider_2: markerPos = 3.610677083333333
67.1940 	EXP 	slider_2: markerPos = 3.610677083333333
67.2109 	EXP 	slider_2: markerPos = 3.610677083333333
67.2128 	DATA 	Mouse:  Left button up, pos=(700,155)
67.2273 	EXP 	slider_2: markerPos = 3.610677083333333
67.2273 	EXP 	slider_2: rating = 3.610677083333333
67.2300 	EXP 	New trial (rep=0, index=10): OrderedDict([('Imagenes', 'imagenes/salchicha hojaldrada.jpg'), ('Random', 0.7119773165481526), ('Correcto', None)])
67.2440 	EXP 	image_2: autoDraw = False
67.2440 	EXP 	slider_2: autoDraw = False
67.2440 	EXP 	image_2: image = 'imagenes/salchicha hojaldrada.jpg'
67.2440 	EXP 	slider_2: markerPos = None
67.2440 	EXP 	slider_2: markerPos = None
67.2440 	EXP 	slider_2: rating = None
68.2276 	EXP 	image_2: autoDraw = True
68.2276 	EXP 	slider_2: autoDraw = True
69.8123 	DATA 	Mouse: Left button down, pos=(719,156)
69.8274 	EXP 	slider_2: markerPos = 3.734375
69.8439 	EXP 	slider_2: markerPos = 3.734375
69.8617 	EXP 	slider_2: markerPos = 3.734375
69.8777 	EXP 	slider_2: markerPos = 3.734375
69.8940 	EXP 	slider_2: markerPos = 3.734375
69.8964 	DATA 	Mouse:  Left button up, pos=(719,156)
69.9106 	EXP 	slider_2: markerPos = 3.734375
69.9106 	EXP 	slider_2: rating = 3.734375
69.9134 	EXP 	New trial (rep=0, index=11): OrderedDict([('Imagenes', 'imagenes/Rollos de canela.png'), ('Random', 0.2610974409574519), ('Correcto', None)])
69.9283 	EXP 	image_2: autoDraw = False
69.9283 	EXP 	slider_2: autoDraw = False
69.9283 	EXP 	image_2: image = 'imagenes/Rollos de canela.png'
69.9283 	EXP 	slider_2: markerPos = None
69.9283 	EXP 	slider_2: markerPos = None
69.9283 	EXP 	slider_2: rating = None
70.9273 	EXP 	image_2: autoDraw = True
70.9273 	EXP 	slider_2: autoDraw = True
72.3292 	DATA 	Mouse: Left button down, pos=(681,152)
72.3437 	EXP 	slider_2: markerPos = 3.4869791666666665
72.3607 	EXP 	slider_2: markerPos = 3.4869791666666665
72.3771 	EXP 	slider_2: markerPos = 3.4869791666666665
72.3937 	EXP 	slider_2: markerPos = 3.4869791666666665
72.4108 	EXP 	slider_2: markerPos = 3.4869791666666665
72.4272 	EXP 	slider_2: markerPos = 3.4869791666666665
72.4438 	EXP 	slider_2: markerPos = 3.4869791666666665
72.4603 	EXP 	slider_2: markerPos = 3.4869791666666665
72.4622 	DATA 	Mouse:  Left button up, pos=(681,152)
72.4766 	EXP 	slider_2: markerPos = 3.4869791666666665
72.4766 	EXP 	slider_2: rating = 3.4869791666666665
72.4796 	EXP 	New trial (rep=0, index=12): OrderedDict([('Imagenes', 'imagenes/Brownie.jpg'), ('Random', 0.2838924074864093), ('Correcto', None)])
72.5139 	EXP 	image_2: autoDraw = False
72.5139 	EXP 	slider_2: autoDraw = False
72.5139 	EXP 	image_2: image = 'imagenes/Brownie.jpg'
72.5139 	EXP 	slider_2: markerPos = None
72.5139 	EXP 	slider_2: markerPos = None
72.5139 	EXP 	slider_2: rating = None
73.5108 	EXP 	image_2: autoDraw = True
73.5108 	EXP 	slider_2: autoDraw = True
74.5297 	DATA 	Mouse: Left button down, pos=(837,152)
74.5436 	EXP 	slider_2: markerPos = 4.502604166666667
74.5604 	EXP 	slider_2: markerPos = 4.502604166666667
74.5771 	EXP 	slider_2: markerPos = 4.502604166666667
74.5937 	EXP 	slider_2: markerPos = 4.502604166666667
74.6104 	EXP 	slider_2: markerPos = 4.502604166666667
74.6271 	EXP 	slider_2: markerPos = 4.502604166666667
74.6438 	EXP 	slider_2: markerPos = 4.502604166666667
74.6453 	DATA 	Mouse:  Left button up, pos=(837,152)
74.6606 	EXP 	slider_2: markerPos = 4.502604166666667
74.6606 	EXP 	slider_2: rating = 4.502604166666667
74.6637 	EXP 	New trial (rep=0, index=13): OrderedDict([('Imagenes', 'imagenes/Rollo de queso.png'), ('Random', 0.9201641182756888), ('Correcto', None)])
74.6914 	EXP 	image_2: autoDraw = False
74.6914 	EXP 	slider_2: autoDraw = False
74.6914 	EXP 	image_2: image = 'imagenes/Rollo de queso.png'
74.6914 	EXP 	slider_2: markerPos = None
74.6914 	EXP 	slider_2: markerPos = None
74.6914 	EXP 	slider_2: rating = None
75.6937 	EXP 	image_2: autoDraw = True
75.6937 	EXP 	slider_2: autoDraw = True
76.9820 	DATA 	Mouse: Left button down, pos=(690,151)
77.0104 	EXP 	slider_2: markerPos = 3.545572916666667
77.0268 	EXP 	slider_2: markerPos = 3.545572916666667
77.0435 	EXP 	slider_2: markerPos = 3.545572916666667
77.0604 	EXP 	slider_2: markerPos = 3.545572916666667
77.0761 	EXP 	slider_2: markerPos = 3.545572916666667
77.0801 	DATA 	Mouse:  Left button up, pos=(690,151)
77.0935 	EXP 	slider_2: markerPos = 3.545572916666667
77.0935 	EXP 	slider_2: rating = 3.545572916666667
77.0967 	EXP 	New trial (rep=0, index=14): OrderedDict([('Imagenes', 'imagenes/Nutella (1).jpg'), ('Random', 0.8826531883338111), ('Correcto', None)])
77.1116 	EXP 	image_2: autoDraw = False
77.1116 	EXP 	slider_2: autoDraw = False
77.1116 	EXP 	image_2: image = 'imagenes/Nutella (1).jpg'
77.1116 	EXP 	slider_2: markerPos = None
77.1116 	EXP 	slider_2: markerPos = None
77.1116 	EXP 	slider_2: rating = None
78.1102 	EXP 	image_2: autoDraw = True
78.1102 	EXP 	slider_2: autoDraw = True
80.0622 	DATA 	Mouse: Left button down, pos=(690,150)
80.0773 	EXP 	slider_2: markerPos = 3.545572916666667
80.0932 	EXP 	slider_2: markerPos = 3.545572916666667
80.0958 	EXP 	New trial (rep=0, index=15): OrderedDict([('Imagenes', 'imagenes/Papas picantes.jpg'), ('Random', 0.524978898672612), ('Correcto', None)])
80.1097 	EXP 	image_2: autoDraw = False
80.1097 	EXP 	slider_2: autoDraw = False
80.1097 	EXP 	image_2: autoDraw = False
80.1097 	EXP 	slider_2: autoDraw = False
80.1097 	EXP 	image_2: image = 'imagenes/Papas picantes.jpg'
80.1097 	EXP 	slider_2: markerPos = None
80.1097 	EXP 	slider_2: markerPos = None
80.1097 	EXP 	slider_2: rating = None
80.1791 	DATA 	Mouse:  Left button up, pos=(690,150)
81.0934 	EXP 	image_2: autoDraw = True
81.0934 	EXP 	slider_2: autoDraw = True
83.0802 	EXP 	New trial (rep=0, index=16): OrderedDict([('Imagenes', 'imagenes/Croissant.jpg'), ('Random', 0.5824748589948932), ('Correcto', None)])
83.1032 	EXP 	image_2: autoDraw = False
83.1032 	EXP 	slider_2: autoDraw = False
83.1032 	EXP 	image_2: autoDraw = False
83.1032 	EXP 	slider_2: autoDraw = False
83.1032 	EXP 	image_2: image = 'imagenes/Croissant.jpg'
83.1032 	EXP 	slider_2: markerPos = None
83.1032 	EXP 	slider_2: markerPos = None
83.1032 	EXP 	slider_2: rating = None
83.1784 	DATA 	Mouse: Left button down, pos=(690,150)
83.3132 	DATA 	Mouse:  Left button up, pos=(690,150)
84.0935 	EXP 	image_2: autoDraw = True
84.0935 	EXP 	slider_2: autoDraw = True
85.1786 	DATA 	Mouse: Left button down, pos=(696,155)
85.1932 	EXP 	slider_2: markerPos = 3.584635416666667
85.2100 	EXP 	slider_2: markerPos = 3.584635416666667
85.2266 	EXP 	slider_2: markerPos = 3.584635416666667
85.2433 	EXP 	slider_2: markerPos = 3.584635416666667
85.2601 	EXP 	slider_2: markerPos = 3.584635416666667
85.2661 	DATA 	Mouse:  Left button up, pos=(696,155)
85.2766 	EXP 	slider_2: markerPos = 3.584635416666667
85.2931 	EXP 	slider_2: markerPos = 3.584635416666667
85.2931 	EXP 	slider_2: rating = 3.584635416666667
85.2960 	EXP 	New trial (rep=0, index=17): OrderedDict([('Imagenes', 'imagenes/Brocoli.jpg'), ('Random', 0.24293074945529525), ('Correcto', None)])
85.3099 	EXP 	image_2: autoDraw = False
85.3099 	EXP 	slider_2: autoDraw = False
85.3099 	EXP 	image_2: image = 'imagenes/Brocoli.jpg'
85.3099 	EXP 	slider_2: markerPos = None
85.3099 	EXP 	slider_2: markerPos = None
85.3099 	EXP 	slider_2: rating = None
86.2931 	EXP 	image_2: autoDraw = True
86.2931 	EXP 	slider_2: autoDraw = True
88.0119 	DATA 	Mouse: Left button down, pos=(694,160)
88.0265 	EXP 	slider_2: markerPos = 3.571614583333333
88.0430 	EXP 	slider_2: markerPos = 3.571614583333333
88.0601 	EXP 	slider_2: markerPos = 3.571614583333333
88.0767 	EXP 	slider_2: markerPos = 3.571614583333333
88.0929 	EXP 	slider_2: markerPos = 3.571614583333333
88.1098 	EXP 	slider_2: markerPos = 3.571614583333333
88.1118 	DATA 	Mouse:  Left button up, pos=(694,160)
88.1265 	EXP 	slider_2: markerPos = 3.571614583333333
88.1265 	EXP 	slider_2: rating = 3.571614583333333
88.1290 	EXP 	New trial (rep=0, index=18): OrderedDict([('Imagenes', 'imagenes/Mango.jpeg'), ('Random', 0.4341155418941499), ('Correcto', None)])
88.1521 	EXP 	image_2: autoDraw = False
88.1521 	EXP 	slider_2: autoDraw = False
88.1521 	EXP 	image_2: image = 'imagenes/Mango.jpeg'
88.1521 	EXP 	slider_2: markerPos = None
88.1521 	EXP 	slider_2: markerPos = None
88.1521 	EXP 	slider_2: rating = None
89.1432 	EXP 	image_2: autoDraw = True
89.1432 	EXP 	slider_2: autoDraw = True
91.1297 	EXP 	New trial (rep=0, index=19): OrderedDict([('Imagenes', 'imagenes/Banano.jpeg'), ('Random', 0.2267656716538785), ('Correcto', None)])
91.1438 	EXP 	image_2: autoDraw = False
91.1438 	EXP 	slider_2: autoDraw = False
91.1438 	EXP 	image_2: autoDraw = False
91.1438 	EXP 	slider_2: autoDraw = False
91.1438 	EXP 	image_2: image = 'imagenes/Banano.jpeg'
91.1438 	EXP 	slider_2: markerPos = None
91.1438 	EXP 	slider_2: markerPos = None
91.1438 	EXP 	slider_2: rating = None
91.3611 	DATA 	Mouse: Left button down, pos=(693,163)
91.4284 	DATA 	Mouse:  Left button up, pos=(691,160)
92.1431 	EXP 	image_2: autoDraw = True
92.1431 	EXP 	slider_2: autoDraw = True
93.2649 	DATA 	Mouse: Left button down, pos=(693,156)
93.2927 	EXP 	slider_2: markerPos = 3.565104166666667
93.3093 	EXP 	slider_2: markerPos = 3.565104166666667
93.3261 	EXP 	slider_2: markerPos = 3.565104166666667
93.3427 	EXP 	slider_2: markerPos = 3.565104166666667
93.3596 	EXP 	slider_2: markerPos = 3.565104166666667
93.3761 	EXP 	slider_2: markerPos = 3.565104166666667
93.3927 	EXP 	slider_2: markerPos = 3.565104166666667
93.4099 	EXP 	slider_2: markerPos = 3.565104166666667
93.4140 	DATA 	Mouse:  Left button up, pos=(693,156)
93.4261 	EXP 	slider_2: markerPos = 3.565104166666667
93.4427 	EXP 	slider_2: markerPos = 3.565104166666667
93.4427 	EXP 	slider_2: rating = 3.565104166666667
93.4460 	EXP 	New trial (rep=0, index=20): OrderedDict([('Imagenes', 'imagenes/Coliflor.jpg'), ('Random', 0.3640740491088985), ('Correcto', None)])
93.4597 	EXP 	image_2: autoDraw = False
93.4597 	EXP 	slider_2: autoDraw = False
93.4597 	EXP 	image_2: image = 'imagenes/Coliflor.jpg'
93.4597 	EXP 	slider_2: markerPos = None
93.4597 	EXP 	slider_2: markerPos = None
93.4597 	EXP 	slider_2: rating = None
94.4595 	EXP 	image_2: autoDraw = True
94.4595 	EXP 	slider_2: autoDraw = True
95.4109 	DATA 	Mouse: Left button down, pos=(850,147)
95.4261 	EXP 	slider_2: markerPos = 4.587239583333333
95.4428 	EXP 	slider_2: markerPos = 4.587239583333333
95.4596 	EXP 	slider_2: markerPos = 4.587239583333333
95.4762 	EXP 	slider_2: markerPos = 4.587239583333333
95.4921 	EXP 	slider_2: markerPos = 4.587239583333333
95.5099 	EXP 	slider_2: markerPos = 4.587239583333333
95.5260 	EXP 	slider_2: markerPos = 4.587239583333333
95.5426 	EXP 	slider_2: markerPos = 4.587239583333333
95.5597 	EXP 	slider_2: markerPos = 4.587239583333333
95.5614 	DATA 	Mouse:  Left button up, pos=(850,147)
95.5759 	EXP 	slider_2: markerPos = 4.587239583333333
95.5759 	EXP 	slider_2: rating = 4.587239583333333
95.5783 	EXP 	New trial (rep=0, index=21): OrderedDict([('Imagenes', 'imagenes/Leche-de-almendras.jpg'), ('Random', 0.3886559457994673), ('Correcto', None)])
95.6668 	EXP 	image_2: autoDraw = False
95.6668 	EXP 	slider_2: autoDraw = False
95.6668 	EXP 	image_2: image = 'imagenes/Leche-de-almendras.jpg'
95.6668 	EXP 	slider_2: markerPos = None
95.6668 	EXP 	slider_2: markerPos = None
95.6668 	EXP 	slider_2: rating = None
96.6605 	EXP 	image_2: autoDraw = True
96.6605 	EXP 	slider_2: autoDraw = True
98.6633 	EXP 	New trial (rep=0, index=22): OrderedDict([('Imagenes', 'imagenes/Pescadito.png'), ('Random', 0.7172825011486081), ('Correcto', None)])
98.6822 	EXP 	image_2: autoDraw = False
98.6822 	EXP 	slider_2: autoDraw = False
98.6822 	EXP 	image_2: autoDraw = False
98.6822 	EXP 	slider_2: autoDraw = False
98.6822 	EXP 	image_2: image = 'imagenes/Pescadito.png'
98.6822 	EXP 	slider_2: markerPos = None
98.6822 	EXP 	slider_2: markerPos = None
98.6822 	EXP 	slider_2: rating = None
99.6760 	EXP 	image_2: autoDraw = True
99.6760 	EXP 	slider_2: autoDraw = True
101.6619 	EXP 	New trial (rep=0, index=23): OrderedDict([('Imagenes', 'imagenes/Popetas.jpg'), ('Random', 0.9621625733302204), ('Correcto', None)])
101.7069 	EXP 	image_2: autoDraw = False
101.7069 	EXP 	slider_2: autoDraw = False
101.7069 	EXP 	image_2: autoDraw = False
101.7069 	EXP 	slider_2: autoDraw = False
101.7069 	EXP 	image_2: image = 'imagenes/Popetas.jpg'
101.7069 	EXP 	slider_2: markerPos = None
101.7069 	EXP 	slider_2: markerPos = None
101.7069 	EXP 	slider_2: rating = None
102.7092 	EXP 	image_2: autoDraw = True
102.7092 	EXP 	slider_2: autoDraw = True
104.6962 	EXP 	New trial (rep=0, index=24): OrderedDict([('Imagenes', 'imagenes/Canelazo.png'), ('Random', 0.6730479360767814), ('Correcto', None)])
104.7352 	EXP 	image_2: autoDraw = False
104.7352 	EXP 	slider_2: autoDraw = False
104.7352 	EXP 	image_2: autoDraw = False
104.7352 	EXP 	slider_2: autoDraw = False
104.7352 	EXP 	image_2: image = 'imagenes/Canelazo.png'
104.7352 	EXP 	slider_2: markerPos = None
104.7352 	EXP 	slider_2: markerPos = None
104.7352 	EXP 	slider_2: rating = None
105.7260 	EXP 	image_2: autoDraw = True
105.7260 	EXP 	slider_2: autoDraw = True
107.7128 	EXP 	New trial (rep=0, index=25): OrderedDict([('Imagenes', 'imagenes/Papas-naturales.jpg'), ('Random', 0.37590629905521566), ('Correcto', None)])
107.7298 	EXP 	image_2: autoDraw = False
107.7298 	EXP 	slider_2: autoDraw = False
107.7298 	EXP 	image_2: autoDraw = False
107.7298 	EXP 	slider_2: autoDraw = False
107.7298 	EXP 	image_2: image = 'imagenes/Papas-naturales.jpg'
107.7298 	EXP 	slider_2: markerPos = None
107.7298 	EXP 	slider_2: markerPos = None
107.7298 	EXP 	slider_2: rating = None
108.7254 	EXP 	image_2: autoDraw = True
108.7254 	EXP 	slider_2: autoDraw = True
110.7117 	EXP 	New trial (rep=0, index=26): OrderedDict([('Imagenes', 'imagenes/Yogurt-alpina.jpg'), ('Random', 0.5445152936222175), ('Correcto', None)])
110.7416 	EXP 	image_2: autoDraw = False
110.7416 	EXP 	slider_2: autoDraw = False
110.7416 	EXP 	image_2: autoDraw = False
110.7416 	EXP 	slider_2: autoDraw = False
110.7416 	EXP 	image_2: image = 'imagenes/Yogurt-alpina.jpg'
110.7416 	EXP 	slider_2: markerPos = None
110.7416 	EXP 	slider_2: markerPos = None
110.7416 	EXP 	slider_2: rating = None
111.7421 	EXP 	image_2: autoDraw = True
111.7421 	EXP 	slider_2: autoDraw = True
112.3114 	DATA 	Mouse: Left button down, pos=(694,156)
112.3250 	EXP 	slider_2: markerPos = 3.571614583333333
112.3418 	EXP 	slider_2: markerPos = 3.571614583333333
112.3590 	EXP 	slider_2: markerPos = 3.571614583333333
112.3753 	EXP 	slider_2: markerPos = 3.571614583333333
112.3921 	EXP 	slider_2: markerPos = 3.571614583333333
112.4088 	EXP 	slider_2: markerPos = 3.571614583333333
112.4112 	DATA 	Mouse:  Left button up, pos=(694,156)
112.4250 	EXP 	slider_2: markerPos = 3.571614583333333
112.4250 	EXP 	slider_2: rating = 3.571614583333333
112.4272 	EXP 	New trial (rep=0, index=27): OrderedDict([('Imagenes', 'imagenes/Alpinito.jpg'), ('Random', 0.7416150880621702), ('Correcto', None)])
112.4547 	EXP 	image_2: autoDraw = False
112.4547 	EXP 	slider_2: autoDraw = False
112.4547 	EXP 	image_2: image = 'imagenes/Alpinito.jpg'
112.4547 	EXP 	slider_2: markerPos = None
112.4547 	EXP 	slider_2: markerPos = None
112.4547 	EXP 	slider_2: rating = None
113.4420 	EXP 	image_2: autoDraw = True
113.4420 	EXP 	slider_2: autoDraw = True
114.1438 	DATA 	Mouse: Left button down, pos=(835,159)
114.1584 	EXP 	slider_2: markerPos = 4.489583333333333
114.1751 	EXP 	slider_2: markerPos = 4.489583333333333
114.1919 	EXP 	slider_2: markerPos = 4.489583333333333
114.2078 	EXP 	slider_2: markerPos = 4.489583333333333
114.2252 	EXP 	slider_2: markerPos = 4.489583333333333
114.2275 	DATA 	Mouse:  Left button up, pos=(835,159)
114.2420 	EXP 	slider_2: markerPos = 4.489583333333333
114.2420 	EXP 	slider_2: rating = 4.489583333333333
114.2451 	EXP 	New trial (rep=0, index=28): OrderedDict([('Imagenes', 'imagenes/Papas-pollo.jpg'), ('Random', 0.08373485417902837), ('Correcto', None)])
114.2590 	EXP 	image_2: autoDraw = False
114.2590 	EXP 	slider_2: autoDraw = False
114.2590 	EXP 	image_2: image = 'imagenes/Papas-pollo.jpg'
114.2590 	EXP 	slider_2: markerPos = None
114.2590 	EXP 	slider_2: markerPos = None
114.2590 	EXP 	slider_2: rating = None
115.2585 	EXP 	image_2: autoDraw = True
115.2585 	EXP 	slider_2: autoDraw = True
117.2451 	EXP 	New trial (rep=0, index=29): OrderedDict([('Imagenes', 'imagenes/Pepinillos.png'), ('Random', 0.0038966441241518046), ('Correcto', None)])
117.2651 	EXP 	image_2: autoDraw = False
117.2651 	EXP 	slider_2: autoDraw = False
117.2651 	EXP 	image_2: autoDraw = False
117.2651 	EXP 	slider_2: autoDraw = False
117.2651 	EXP 	image_2: image = 'imagenes/Pepinillos.png'
117.2651 	EXP 	slider_2: markerPos = None
117.2651 	EXP 	slider_2: markerPos = None
117.2651 	EXP 	slider_2: rating = None
117.9939 	DATA 	Mouse: Left button down, pos=(689,154)
118.0774 	DATA 	Mouse:  Left button up, pos=(689,154)
118.2587 	EXP 	image_2: autoDraw = True
118.2587 	EXP 	slider_2: autoDraw = True
118.4939 	DATA 	Mouse: Left button down, pos=(689,154)
118.5087 	EXP 	slider_2: markerPos = 3.5390625
118.5250 	EXP 	slider_2: markerPos = 3.5390625
118.5422 	EXP 	slider_2: markerPos = 3.5390625
118.5587 	EXP 	slider_2: markerPos = 3.5390625
118.5750 	EXP 	slider_2: markerPos = 3.5390625
118.5916 	EXP 	slider_2: markerPos = 3.5390625
118.5931 	DATA 	Mouse:  Left button up, pos=(689,154)
118.6086 	EXP 	slider_2: markerPos = 3.5390625
118.6086 	EXP 	slider_2: rating = 3.5390625
118.6112 	EXP 	New trial (rep=0, index=30): OrderedDict([('Imagenes', 'imagenes/Muffin de banano.png'), ('Random', 0.9610615059009696), ('Correcto', None)])
118.6376 	EXP 	image_2: autoDraw = False
118.6376 	EXP 	slider_2: autoDraw = False
118.6376 	EXP 	image_2: image = 'imagenes/Muffin de banano.png'
118.6376 	EXP 	slider_2: markerPos = None
118.6376 	EXP 	slider_2: markerPos = None
118.6376 	EXP 	slider_2: rating = None
119.1764 	DATA 	Mouse: Left button down, pos=(844,156)
119.2598 	DATA 	Mouse:  Left button up, pos=(844,156)
119.6252 	EXP 	image_2: autoDraw = True
119.6252 	EXP 	slider_2: autoDraw = True
121.3602 	DATA 	Mouse: Left button down, pos=(504,142)
121.3747 	EXP 	slider_2: markerPos = 2.334635416666667
121.3912 	EXP 	slider_2: markerPos = 2.334635416666667
121.4087 	EXP 	slider_2: markerPos = 2.334635416666667
121.4248 	EXP 	slider_2: markerPos = 2.334635416666667
121.4423 	EXP 	slider_2: markerPos = 2.334635416666667
121.4583 	EXP 	slider_2: markerPos = 2.334635416666667
121.4603 	DATA 	Mouse:  Left button up, pos=(504,142)
121.4750 	EXP 	slider_2: markerPos = 2.334635416666667
121.4750 	EXP 	slider_2: rating = 2.334635416666667
121.4775 	EXP 	New trial (rep=0, index=31): OrderedDict([('Imagenes', 'imagenes/Rosquitas (1).jpg'), ('Random', 0.024090340010977873), ('Correcto', None)])
121.5074 	EXP 	image_2: autoDraw = False
121.5074 	EXP 	slider_2: autoDraw = False
121.5074 	EXP 	image_2: image = 'imagenes/Rosquitas (1).jpg'
121.5074 	EXP 	slider_2: markerPos = None
121.5074 	EXP 	slider_2: markerPos = None
121.5074 	EXP 	slider_2: rating = None
122.5086 	EXP 	image_2: autoDraw = True
122.5086 	EXP 	slider_2: autoDraw = True
123.7772 	DATA 	Mouse: Left button down, pos=(670,147)
123.7913 	EXP 	slider_2: markerPos = 3.4153645833333335
123.8079 	EXP 	slider_2: markerPos = 3.4153645833333335
123.8245 	EXP 	slider_2: markerPos = 3.4153645833333335
123.8416 	EXP 	slider_2: markerPos = 3.4153645833333335
123.8580 	EXP 	slider_2: markerPos = 3.4153645833333335
123.8600 	DATA 	Mouse:  Left button up, pos=(670,147)
123.8746 	EXP 	slider_2: markerPos = 3.4153645833333335
123.8746 	EXP 	slider_2: rating = 3.4153645833333335
123.8782 	EXP 	New trial (rep=0, index=32): OrderedDict([('Imagenes', 'imagenes/Galletas-festival.jpg'), ('Random', 0.11306074364032936), ('Correcto', None)])
123.8995 	EXP 	image_2: autoDraw = False
123.8995 	EXP 	slider_2: autoDraw = False
123.8995 	EXP 	image_2: image = 'imagenes/Galletas-festival.jpg'
123.8995 	EXP 	slider_2: markerPos = None
123.8995 	EXP 	slider_2: markerPos = None
123.8995 	EXP 	slider_2: rating = None
124.8915 	EXP 	image_2: autoDraw = True
124.8915 	EXP 	slider_2: autoDraw = True
126.3265 	DATA 	Mouse: Left button down, pos=(711,149)
126.3417 	EXP 	slider_2: markerPos = 3.682291666666667
126.3583 	EXP 	slider_2: markerPos = 3.682291666666667
126.3747 	EXP 	slider_2: markerPos = 3.682291666666667
126.3912 	EXP 	slider_2: markerPos = 3.682291666666667
126.4083 	EXP 	slider_2: markerPos = 3.682291666666667
126.4246 	EXP 	slider_2: markerPos = 3.682291666666667
126.4412 	EXP 	slider_2: markerPos = 3.682291666666667
126.4574 	EXP 	slider_2: markerPos = 3.682291666666667
126.4748 	EXP 	slider_2: markerPos = 3.682291666666667
126.4769 	DATA 	Mouse:  Left button up, pos=(711,149)
126.4911 	EXP 	slider_2: markerPos = 3.682291666666667
126.4911 	EXP 	slider_2: rating = 3.682291666666667
126.4937 	EXP 	New trial (rep=0, index=33): OrderedDict([('Imagenes', 'imagenes/Pizza.png'), ('Random', 0.21192443516553439), ('Correcto', None)])
126.5075 	EXP 	image_2: autoDraw = False
126.5075 	EXP 	slider_2: autoDraw = False
126.5075 	EXP 	image_2: image = 'imagenes/Pizza.png'
126.5075 	EXP 	slider_2: markerPos = None
126.5075 	EXP 	slider_2: markerPos = None
126.5075 	EXP 	slider_2: rating = None
127.5082 	EXP 	image_2: autoDraw = True
127.5082 	EXP 	slider_2: autoDraw = True
129.4949 	EXP 	New trial (rep=0, index=34): OrderedDict([('Imagenes', 'imagenes/Chocoramo.jfif.jpg'), ('Random', 0.7425528559884101), ('Correcto', None)])
129.5175 	EXP 	image_2: autoDraw = False
129.5175 	EXP 	slider_2: autoDraw = False
129.5175 	EXP 	image_2: autoDraw = False
129.5175 	EXP 	slider_2: autoDraw = False
129.5175 	EXP 	image_2: image = 'imagenes/Chocoramo.jfif.jpg'
129.5175 	EXP 	slider_2: markerPos = None
129.5175 	EXP 	slider_2: markerPos = None
129.5175 	EXP 	slider_2: rating = None
130.5080 	EXP 	image_2: autoDraw = True
130.5080 	EXP 	slider_2: autoDraw = True
131.1929 	DATA 	Mouse: Left button down, pos=(682,152)
131.2075 	EXP 	slider_2: markerPos = 3.4934895833333335
131.2242 	EXP 	slider_2: markerPos = 3.4934895833333335
131.2412 	EXP 	slider_2: markerPos = 3.4934895833333335
131.2578 	EXP 	slider_2: markerPos = 3.4934895833333335
131.2744 	EXP 	slider_2: markerPos = 3.4934895833333335
131.2909 	EXP 	slider_2: markerPos = 3.4934895833333335
131.3078 	EXP 	slider_2: markerPos = 3.4934895833333335
131.3095 	DATA 	Mouse:  Left button up, pos=(682,152)
131.3241 	EXP 	slider_2: markerPos = 3.4934895833333335
131.3241 	EXP 	slider_2: rating = 3.4934895833333335
131.3275 	EXP 	New trial (rep=0, index=35): OrderedDict([('Imagenes', 'imagenes/Uvas.jpg'), ('Random', 0.4959291644143431), ('Correcto', None)])
131.3406 	EXP 	image_2: autoDraw = False
131.3406 	EXP 	slider_2: autoDraw = False
131.3406 	EXP 	image_2: image = 'imagenes/Uvas.jpg'
131.3406 	EXP 	slider_2: markerPos = None
131.3406 	EXP 	slider_2: markerPos = None
131.3406 	EXP 	slider_2: rating = None
132.3414 	EXP 	image_2: autoDraw = True
132.3414 	EXP 	slider_2: autoDraw = True
133.0432 	DATA 	Mouse: Left button down, pos=(658,161)
133.0576 	EXP 	slider_2: markerPos = 3.3372395833333335
133.0742 	EXP 	slider_2: markerPos = 3.3372395833333335
133.0911 	EXP 	slider_2: markerPos = 3.3372395833333335
133.1080 	EXP 	slider_2: markerPos = 3.3372395833333335
133.1244 	EXP 	slider_2: markerPos = 3.3372395833333335
133.1417 	EXP 	slider_2: markerPos = 3.3372395833333335
133.1576 	EXP 	slider_2: markerPos = 3.3372395833333335
133.1601 	DATA 	Mouse:  Left button up, pos=(658,161)
133.1749 	EXP 	slider_2: markerPos = 3.3372395833333335
133.1749 	EXP 	slider_2: rating = 3.3372395833333335
133.1773 	EXP 	New trial (rep=0, index=1): OrderedDict([('Hertz', 1000), ('volumen', 0.02)])
133.1840 	EXP 	Imported imagenes.xlsx as conditions, 36 conditions, 3 params
133.1842 	EXP 	Created sequence: random, trialTypes=36, nReps=1, seed=None
133.1845 	EXP 	New trial (rep=0, index=0): OrderedDict([('Imagenes', 'imagenes/bon-bon-bun.jpg'), ('Random', 0.7417452724056987), ('Correcto', None)])
133.2059 	EXP 	image_2: autoDraw = False
133.2059 	EXP 	slider_2: autoDraw = False
133.2059 	EXP 	image_2: image = 'imagenes/bon-bon-bun.jpg'
133.2059 	EXP 	slider_2: markerPos = None
133.2059 	EXP 	slider_2: markerPos = None
133.2059 	EXP 	slider_2: rating = None
134.2079 	EXP 	image_2: autoDraw = True
134.2079 	EXP 	slider_2: autoDraw = True
135.0455 	DATA 	Mouse: Left button down, pos=(687,151)
135.0742 	EXP 	slider_2: markerPos = 3.526041666666667
135.0908 	EXP 	slider_2: markerPos = 3.526041666666667
135.1075 	EXP 	slider_2: markerPos = 3.526041666666667
135.1242 	EXP 	slider_2: markerPos = 3.526041666666667
135.1409 	EXP 	slider_2: markerPos = 3.526041666666667
135.1574 	EXP 	slider_2: markerPos = 3.526041666666667
135.1630 	DATA 	Mouse:  Left button up, pos=(687,151)
135.1739 	EXP 	slider_2: markerPos = 3.526041666666667
135.1908 	EXP 	slider_2: markerPos = 3.526041666666667
135.1908 	EXP 	slider_2: rating = 3.526041666666667
135.2424 	EXP 	New trial (rep=0, index=1): OrderedDict([('Imagenes', 'imagenes/Galletas-festival.jpg'), ('Random', 0.11306074364032936), ('Correcto', None)])
135.2644 	EXP 	image_2: autoDraw = False
135.2644 	EXP 	slider_2: autoDraw = False
135.2644 	EXP 	image_2: image = 'imagenes/Galletas-festival.jpg'
135.2644 	EXP 	slider_2: markerPos = None
135.2644 	EXP 	slider_2: markerPos = None
135.2644 	EXP 	slider_2: rating = None
136.2575 	EXP 	image_2: autoDraw = True
136.2575 	EXP 	slider_2: autoDraw = True
138.2434 	EXP 	New trial (rep=0, index=2): OrderedDict([('Imagenes', 'imagenes/Papas picantes.jpg'), ('Random', 0.524978898672612), ('Correcto', None)])
138.2571 	EXP 	image_2: autoDraw = False
138.2571 	EXP 	slider_2: autoDraw = False
138.2571 	EXP 	image_2: autoDraw = False
138.2571 	EXP 	slider_2: autoDraw = False
138.2571 	EXP 	image_2: image = 'imagenes/Papas picantes.jpg'
138.2571 	EXP 	slider_2: markerPos = None
138.2571 	EXP 	slider_2: markerPos = None
138.2571 	EXP 	slider_2: rating = None
139.2409 	EXP 	image_2: autoDraw = True
139.2409 	EXP 	slider_2: autoDraw = True
139.9426 	DATA 	Mouse: Left button down, pos=(684,159)
139.9575 	EXP 	slider_2: markerPos = 3.506510416666667
139.9739 	EXP 	slider_2: markerPos = 3.506510416666667
139.9904 	EXP 	slider_2: markerPos = 3.506510416666667
140.0074 	EXP 	slider_2: markerPos = 3.506510416666667
140.0240 	EXP 	slider_2: markerPos = 3.506510416666667
140.0408 	EXP 	slider_2: markerPos = 3.506510416666667
140.0574 	EXP 	slider_2: markerPos = 3.506510416666667
140.0595 	DATA 	Mouse:  Left button up, pos=(684,159)
140.0738 	EXP 	slider_2: markerPos = 3.506510416666667
140.0738 	EXP 	slider_2: rating = 3.506510416666667
140.0768 	EXP 	New trial (rep=0, index=3): OrderedDict([('Imagenes', 'imagenes/Papas-pollo.jpg'), ('Random', 0.08373485417902837), ('Correcto', None)])
140.0906 	EXP 	image_2: autoDraw = False
140.0906 	EXP 	slider_2: autoDraw = False
140.0906 	EXP 	image_2: image = 'imagenes/Papas-pollo.jpg'
140.0906 	EXP 	slider_2: markerPos = None
140.0906 	EXP 	slider_2: markerPos = None
140.0906 	EXP 	slider_2: rating = None
141.0737 	EXP 	image_2: autoDraw = True
141.0737 	EXP 	slider_2: autoDraw = True
143.0605 	EXP 	New trial (rep=0, index=4): OrderedDict([('Imagenes', 'imagenes/pistachos.jpg'), ('Random', 0.7450869742741464), ('Correcto', None)])
143.0733 	EXP 	image_2: autoDraw = False
143.0733 	EXP 	slider_2: autoDraw = False
143.0733 	EXP 	image_2: autoDraw = False
143.0733 	EXP 	slider_2: autoDraw = False
143.0733 	EXP 	image_2: image = 'imagenes/pistachos.jpg'
143.0733 	EXP 	slider_2: markerPos = None
143.0733 	EXP 	slider_2: markerPos = None
143.0733 	EXP 	slider_2: rating = None
144.0570 	EXP 	image_2: autoDraw = True
144.0570 	EXP 	slider_2: autoDraw = True
145.1756 	DATA 	Mouse: Left button down, pos=(688,153)
145.1904 	EXP 	slider_2: markerPos = 3.532552083333333
145.2070 	EXP 	slider_2: markerPos = 3.532552083333333
145.2237 	EXP 	slider_2: markerPos = 3.532552083333333
145.2408 	EXP 	slider_2: markerPos = 3.532552083333333
145.2570 	EXP 	slider_2: markerPos = 3.532552083333333
145.2738 	EXP 	slider_2: markerPos = 3.532552083333333
145.2897 	EXP 	slider_2: markerPos = 3.532552083333333
145.2918 	DATA 	Mouse:  Left button up, pos=(688,153)
145.3071 	EXP 	slider_2: markerPos = 3.532552083333333
145.3071 	EXP 	slider_2: rating = 3.532552083333333
145.3106 	EXP 	New trial (rep=0, index=5): OrderedDict([('Imagenes', 'imagenes/Brocoli.jpg'), ('Random', 0.24293074945529525), ('Correcto', None)])
145.3233 	EXP 	image_2: autoDraw = False
145.3233 	EXP 	slider_2: autoDraw = False
145.3233 	EXP 	image_2: image = 'imagenes/Brocoli.jpg'
145.3233 	EXP 	slider_2: markerPos = None
145.3233 	EXP 	slider_2: markerPos = None
145.3233 	EXP 	slider_2: rating = None
146.3062 	EXP 	image_2: autoDraw = True
146.3062 	EXP 	slider_2: autoDraw = True
148.2761 	DATA 	Mouse: Left button down, pos=(844,152)
148.2904 	EXP 	slider_2: markerPos = 4.548177083333333
148.2934 	EXP 	New trial (rep=0, index=6): OrderedDict([('Imagenes', 'imagenes/Banano.jpeg'), ('Random', 0.2267656716538785), ('Correcto', None)])
148.3100 	EXP 	image_2: autoDraw = False
148.3100 	EXP 	slider_2: autoDraw = False
148.3100 	EXP 	image_2: autoDraw = False
148.3100 	EXP 	slider_2: autoDraw = False
148.3100 	EXP 	image_2: image = 'imagenes/Banano.jpeg'
148.3100 	EXP 	slider_2: markerPos = None
148.3100 	EXP 	slider_2: markerPos = None
148.3100 	EXP 	slider_2: rating = None
148.3926 	DATA 	Mouse:  Left button up, pos=(844,152)
149.3069 	EXP 	image_2: autoDraw = True
149.3069 	EXP 	slider_2: autoDraw = True
150.0128 	DATA 	Mouse: Left button down, pos=(687,155)
150.0403 	EXP 	slider_2: markerPos = 3.526041666666667
150.0568 	EXP 	slider_2: markerPos = 3.526041666666667
150.0737 	EXP 	slider_2: markerPos = 3.526041666666667
150.0903 	EXP 	slider_2: markerPos = 3.526041666666667
150.1071 	EXP 	slider_2: markerPos = 3.526041666666667
150.1235 	EXP 	slider_2: markerPos = 3.526041666666667
150.1402 	EXP 	slider_2: markerPos = 3.526041666666667
150.1569 	EXP 	slider_2: markerPos = 3.526041666666667
150.1588 	DATA 	Mouse:  Left button up, pos=(687,155)
150.1740 	EXP 	slider_2: markerPos = 3.526041666666667
150.1740 	EXP 	slider_2: rating = 3.526041666666667
150.1770 	EXP 	New trial (rep=0, index=7): OrderedDict([('Imagenes', 'imagenes/salchicha hojaldrada.jpg'), ('Random', 0.7119773165481526), ('Correcto', None)])
150.1901 	EXP 	image_2: autoDraw = False
150.1901 	EXP 	slider_2: autoDraw = False
150.1901 	EXP 	image_2: image = 'imagenes/salchicha hojaldrada.jpg'
150.1901 	EXP 	slider_2: markerPos = None
150.1901 	EXP 	slider_2: markerPos = None
150.1901 	EXP 	slider_2: rating = None
151.1754 	EXP 	image_2: autoDraw = True
151.1754 	EXP 	slider_2: autoDraw = True
153.1769 	EXP 	New trial (rep=0, index=8): OrderedDict([('Imagenes', 'imagenes/Pizza.png'), ('Random', 0.21192443516553439), ('Correcto', None)])
153.1901 	EXP 	image_2: autoDraw = False
153.1901 	EXP 	slider_2: autoDraw = False
153.1901 	EXP 	image_2: autoDraw = False
153.1901 	EXP 	slider_2: autoDraw = False
153.1901 	EXP 	image_2: image = 'imagenes/Pizza.png'
153.1901 	EXP 	slider_2: markerPos = None
153.1901 	EXP 	slider_2: markerPos = None
153.1901 	EXP 	slider_2: rating = None
153.7583 	DATA 	Mouse: Left button down, pos=(694,158)
153.8926 	DATA 	Mouse:  Left button up, pos=(694,158)
154.1901 	EXP 	image_2: autoDraw = True
154.1901 	EXP 	slider_2: autoDraw = True
154.5591 	DATA 	Mouse: Left button down, pos=(694,158)
154.5732 	EXP 	slider_2: markerPos = 3.571614583333333
154.5898 	EXP 	slider_2: markerPos = 3.571614583333333
154.6065 	EXP 	slider_2: markerPos = 3.571614583333333
154.6232 	EXP 	slider_2: markerPos = 3.571614583333333
154.6399 	EXP 	slider_2: markerPos = 3.571614583333333
154.6565 	EXP 	slider_2: markerPos = 3.571614583333333
154.6730 	EXP 	slider_2: markerPos = 3.571614583333333
154.6898 	EXP 	slider_2: markerPos = 3.571614583333333
154.7064 	EXP 	slider_2: markerPos = 3.571614583333333
154.7083 	DATA 	Mouse:  Left button up, pos=(694,158)
154.7232 	EXP 	slider_2: markerPos = 3.571614583333333
154.7232 	EXP 	slider_2: rating = 3.571614583333333
154.7261 	EXP 	New trial (rep=0, index=9): OrderedDict([('Imagenes', 'imagenes/Chocoramo.jfif.jpg'), ('Random', 0.7425528559884101), ('Correcto', None)])
154.7692 	EXP 	image_2: autoDraw = False
154.7692 	EXP 	slider_2: autoDraw = False
154.7692 	EXP 	image_2: image = 'imagenes/Chocoramo.jfif.jpg'
154.7692 	EXP 	slider_2: markerPos = None
154.7692 	EXP 	slider_2: markerPos = None
154.7692 	EXP 	slider_2: rating = None
155.7567 	EXP 	image_2: autoDraw = True
155.7567 	EXP 	slider_2: autoDraw = True
156.4950 	DATA 	Mouse: Left button down, pos=(837,156)
156.5230 	EXP 	slider_2: markerPos = 4.502604166666667
156.5397 	EXP 	slider_2: markerPos = 4.502604166666667
156.5566 	EXP 	slider_2: markerPos = 4.502604166666667
156.5731 	EXP 	slider_2: markerPos = 4.502604166666667
156.5755 	DATA 	Mouse:  Left button up, pos=(837,156)
156.5899 	EXP 	slider_2: markerPos = 4.502604166666667
156.5899 	EXP 	slider_2: rating = 4.502604166666667
156.5931 	EXP 	New trial (rep=0, index=10): OrderedDict([('Imagenes', 'imagenes/Pizzetas.png'), ('Random', 0.3295951589873042), ('Correcto', None)])
156.6202 	EXP 	image_2: autoDraw = False
156.6202 	EXP 	slider_2: autoDraw = False
156.6202 	EXP 	image_2: image = 'imagenes/Pizzetas.png'
156.6202 	EXP 	slider_2: markerPos = None
156.6202 	EXP 	slider_2: markerPos = None
156.6202 	EXP 	slider_2: rating = None
157.6066 	EXP 	image_2: autoDraw = True
157.6066 	EXP 	slider_2: autoDraw = True
158.2244 	DATA 	Mouse: Left button down, pos=(680,159)
158.2400 	EXP 	slider_2: markerPos = 3.48046875
158.2565 	EXP 	slider_2: markerPos = 3.48046875
158.2721 	EXP 	slider_2: markerPos = 3.48046875
158.2901 	EXP 	slider_2: markerPos = 3.48046875
158.3064 	EXP 	slider_2: markerPos = 3.48046875
158.3232 	EXP 	slider_2: markerPos = 3.48046875
158.3274 	DATA 	Mouse:  Left button up, pos=(680,159)
158.3398 	EXP 	slider_2: markerPos = 3.48046875
158.3563 	EXP 	slider_2: markerPos = 3.48046875
158.3563 	EXP 	slider_2: rating = 3.48046875
158.3597 	EXP 	New trial (rep=0, index=11): OrderedDict([('Imagenes', 'imagenes/Pescadito.png'), ('Random', 0.7172825011486081), ('Correcto', None)])
158.3748 	EXP 	image_2: autoDraw = False
158.3748 	EXP 	slider_2: autoDraw = False
158.3748 	EXP 	image_2: image = 'imagenes/Pescadito.png'
158.3748 	EXP 	slider_2: markerPos = None
158.3748 	EXP 	slider_2: markerPos = None
158.3748 	EXP 	slider_2: rating = None
159.3730 	EXP 	image_2: autoDraw = True
159.3730 	EXP 	slider_2: autoDraw = True
160.6581 	DATA 	Mouse: Left button down, pos=(684,158)
160.6727 	EXP 	slider_2: markerPos = 3.506510416666667
160.6900 	EXP 	slider_2: markerPos = 3.506510416666667
160.7061 	EXP 	slider_2: markerPos = 3.506510416666667
160.7229 	EXP 	slider_2: markerPos = 3.506510416666667
160.7395 	EXP 	slider_2: markerPos = 3.506510416666667
160.7565 	EXP 	slider_2: markerPos = 3.506510416666667
160.7728 	EXP 	slider_2: markerPos = 3.506510416666667
160.7895 	EXP 	slider_2: markerPos = 3.506510416666667
160.7913 	DATA 	Mouse:  Left button up, pos=(684,158)
160.8063 	EXP 	slider_2: markerPos = 3.506510416666667
160.8063 	EXP 	slider_2: rating = 3.506510416666667
160.8087 	EXP 	New trial (rep=0, index=12): OrderedDict([('Imagenes', 'imagenes/Yogurt-alpina.jpg'), ('Random', 0.5445152936222175), ('Correcto', None)])
160.8226 	EXP 	image_2: autoDraw = False
160.8226 	EXP 	slider_2: autoDraw = False
160.8226 	EXP 	image_2: image = 'imagenes/Yogurt-alpina.jpg'
160.8226 	EXP 	slider_2: markerPos = None
160.8226 	EXP 	slider_2: markerPos = None
160.8226 	EXP 	slider_2: rating = None
161.8229 	EXP 	image_2: autoDraw = True
161.8229 	EXP 	slider_2: autoDraw = True
163.8098 	EXP 	New trial (rep=0, index=13): OrderedDict([('Imagenes', 'imagenes/Chontaduro.png'), ('Random', 0.8693553300418813), ('Correcto', None)])
163.8223 	EXP 	image_2: autoDraw = False
163.8223 	EXP 	slider_2: autoDraw = False
163.8223 	EXP 	image_2: autoDraw = False
163.8223 	EXP 	slider_2: autoDraw = False
163.8223 	EXP 	image_2: image = 'imagenes/Chontaduro.png'
163.8223 	EXP 	slider_2: markerPos = None
163.8223 	EXP 	slider_2: markerPos = None
163.8223 	EXP 	slider_2: rating = None
164.8228 	EXP 	image_2: autoDraw = True
164.8228 	EXP 	slider_2: autoDraw = True
165.5286 	DATA 	Mouse: Left button down, pos=(674,153)
165.5562 	EXP 	slider_2: markerPos = 3.44140625
165.5727 	EXP 	slider_2: markerPos = 3.44140625
165.5896 	EXP 	slider_2: markerPos = 3.44140625
165.6061 	EXP 	slider_2: markerPos = 3.44140625
165.6227 	EXP 	slider_2: markerPos = 3.44140625
165.6398 	EXP 	slider_2: markerPos = 3.44140625
165.6418 	DATA 	Mouse:  Left button up, pos=(674,153)
165.6561 	EXP 	slider_2: markerPos = 3.44140625
165.6561 	EXP 	slider_2: rating = 3.44140625
165.6590 	EXP 	New trial (rep=0, index=14): OrderedDict([('Imagenes', 'imagenes/Mango.jpeg'), ('Random', 0.4341155418941499), ('Correcto', None)])
165.6740 	EXP 	image_2: autoDraw = False
165.6740 	EXP 	slider_2: autoDraw = False
165.6740 	EXP 	image_2: image = 'imagenes/Mango.jpeg'
165.6740 	EXP 	slider_2: markerPos = None
165.6740 	EXP 	slider_2: markerPos = None
165.6740 	EXP 	slider_2: rating = None
166.6729 	EXP 	image_2: autoDraw = True
166.6729 	EXP 	slider_2: autoDraw = True
167.0919 	DATA 	Mouse: Left button down, pos=(540,158)
167.1058 	EXP 	slider_2: markerPos = 2.569010416666667
167.1225 	EXP 	slider_2: markerPos = 2.569010416666667
167.1399 	EXP 	slider_2: markerPos = 2.569010416666667
167.1561 	EXP 	slider_2: markerPos = 2.569010416666667
167.1725 	EXP 	slider_2: markerPos = 2.569010416666667
167.1894 	EXP 	slider_2: markerPos = 2.569010416666667
167.2059 	EXP 	slider_2: markerPos = 2.569010416666667
167.2075 	DATA 	Mouse:  Left button up, pos=(540,158)
167.2226 	EXP 	slider_2: markerPos = 2.569010416666667
167.2226 	EXP 	slider_2: rating = 2.569010416666667
167.2249 	EXP 	New trial (rep=0, index=15): OrderedDict([('Imagenes', 'imagenes/Papas-limon.jpg'), ('Random', 0.5280798509093595), ('Correcto', None)])
167.2395 	EXP 	image_2: autoDraw = False
167.2395 	EXP 	slider_2: autoDraw = False
167.2395 	EXP 	image_2: image = 'imagenes/Papas-limon.jpg'
167.2395 	EXP 	slider_2: markerPos = None
167.2395 	EXP 	slider_2: markerPos = None
167.2395 	EXP 	slider_2: rating = None
168.2395 	EXP 	image_2: autoDraw = True
168.2395 	EXP 	slider_2: autoDraw = True
168.7921 	DATA 	Mouse: Left button down, pos=(508,158)
168.8059 	EXP 	slider_2: markerPos = 2.360677083333333
168.8223 	EXP 	slider_2: markerPos = 2.360677083333333
168.8395 	EXP 	slider_2: markerPos = 2.360677083333333
168.8560 	EXP 	slider_2: markerPos = 2.360677083333333
168.8726 	EXP 	slider_2: markerPos = 2.360677083333333
168.8898 	EXP 	slider_2: markerPos = 2.360677083333333
168.9058 	EXP 	slider_2: markerPos = 2.360677083333333
168.9079 	DATA 	Mouse:  Left button up, pos=(508,158)
168.9225 	EXP 	slider_2: markerPos = 2.360677083333333
168.9225 	EXP 	slider_2: rating = 2.360677083333333
168.9250 	EXP 	New trial (rep=0, index=16): OrderedDict([('Imagenes', 'imagenes/Galletas Tosh.jpg'), ('Random', 0.9129693753280027), ('Correcto', None)])
168.9539 	EXP 	image_2: autoDraw = False
168.9539 	EXP 	slider_2: autoDraw = False
168.9539 	EXP 	image_2: image = 'imagenes/Galletas Tosh.jpg'
168.9539 	EXP 	slider_2: markerPos = None
168.9539 	EXP 	slider_2: markerPos = None
168.9539 	EXP 	slider_2: rating = None
169.9561 	EXP 	image_2: autoDraw = True
169.9561 	EXP 	slider_2: autoDraw = True
171.9432 	EXP 	New trial (rep=0, index=17): OrderedDict([('Imagenes', 'imagenes/Coliflor.jpg'), ('Random', 0.3640740491088985), ('Correcto', None)])
171.9574 	EXP 	image_2: autoDraw = False
171.9574 	EXP 	slider_2: autoDraw = False
171.9574 	EXP 	image_2: autoDraw = False
171.9574 	EXP 	slider_2: autoDraw = False
171.9574 	EXP 	image_2: image = 'imagenes/Coliflor.jpg'
171.9574 	EXP 	slider_2: markerPos = None
171.9574 	EXP 	slider_2: markerPos = None
171.9574 	EXP 	slider_2: rating = None
172.0582 	DATA 	Mouse: Left button down, pos=(670,155)
172.1926 	DATA 	Mouse:  Left button up, pos=(670,155)
172.9558 	EXP 	image_2: autoDraw = True
172.9558 	EXP 	slider_2: autoDraw = True
173.6914 	DATA 	Mouse: Left button down, pos=(670,155)
173.7057 	EXP 	slider_2: markerPos = 3.4153645833333335
173.7223 	EXP 	slider_2: markerPos = 3.4153645833333335
173.7394 	EXP 	slider_2: markerPos = 3.4153645833333335
173.7556 	EXP 	slider_2: markerPos = 3.4153645833333335
173.7722 	EXP 	slider_2: markerPos = 3.4153645833333335
173.7891 	EXP 	slider_2: markerPos = 3.4153645833333335
173.7914 	DATA 	Mouse:  Left button up, pos=(670,155)
173.8057 	EXP 	slider_2: markerPos = 3.4153645833333335
173.8057 	EXP 	slider_2: rating = 3.4153645833333335
173.8082 	EXP 	New trial (rep=0, index=18): OrderedDict([('Imagenes', 'imagenes/Rollo de queso.png'), ('Random', 0.9201641182756888), ('Correcto', None)])
173.8378 	EXP 	image_2: autoDraw = False
173.8378 	EXP 	slider_2: autoDraw = False
173.8378 	EXP 	image_2: image = 'imagenes/Rollo de queso.png'
173.8378 	EXP 	slider_2: markerPos = None
173.8378 	EXP 	slider_2: markerPos = None
173.8378 	EXP 	slider_2: rating = None
174.8394 	EXP 	image_2: autoDraw = True
174.8394 	EXP 	slider_2: autoDraw = True
175.3239 	DATA 	Mouse: Left button down, pos=(701,154)
175.3393 	EXP 	slider_2: markerPos = 3.6171875
175.3555 	EXP 	slider_2: markerPos = 3.6171875
175.3721 	EXP 	slider_2: markerPos = 3.6171875
175.3888 	EXP 	slider_2: markerPos = 3.6171875
175.4056 	EXP 	slider_2: markerPos = 3.6171875
175.4222 	EXP 	slider_2: markerPos = 3.6171875
175.4392 	EXP 	slider_2: markerPos = 3.6171875
175.4420 	DATA 	Mouse:  Left button up, pos=(701,154)
175.4556 	EXP 	slider_2: markerPos = 3.6171875
175.4556 	EXP 	slider_2: rating = 3.6171875
175.4579 	EXP 	New trial (rep=0, index=19): OrderedDict([('Imagenes', 'imagenes/Papas-naturales.jpg'), ('Random', 0.37590629905521566), ('Correcto', None)])
175.4719 	EXP 	image_2: autoDraw = False
175.4719 	EXP 	slider_2: autoDraw = False
175.4719 	EXP 	image_2: image = 'imagenes/Papas-naturales.jpg'
175.4719 	EXP 	slider_2: markerPos = None
175.4719 	EXP 	slider_2: markerPos = None
175.4719 	EXP 	slider_2: rating = None
176.4722 	EXP 	image_2: autoDraw = True
176.4722 	EXP 	slider_2: autoDraw = True
177.3918 	DATA 	Mouse: Left button down, pos=(748,155)
177.4054 	EXP 	slider_2: markerPos = 3.923177083333333
177.4221 	EXP 	slider_2: markerPos = 3.923177083333333
177.4393 	EXP 	slider_2: markerPos = 3.923177083333333
177.4554 	EXP 	slider_2: markerPos = 3.923177083333333
177.4719 	EXP 	slider_2: markerPos = 3.923177083333333
177.4892 	EXP 	slider_2: markerPos = 3.923177083333333
177.5045 	EXP 	slider_2: markerPos = 3.923177083333333
177.5062 	DATA 	Mouse:  Left button up, pos=(748,155)
177.5222 	EXP 	slider_2: markerPos = 3.923177083333333
177.5222 	EXP 	slider_2: rating = 3.923177083333333
177.5255 	EXP 	New trial (rep=0, index=20): OrderedDict([('Imagenes', 'imagenes/Pandebono.png'), ('Random', 0.8988574378129985), ('Correcto', None)])
177.5426 	EXP 	image_2: autoDraw = False
177.5426 	EXP 	slider_2: autoDraw = False
177.5426 	EXP 	image_2: image = 'imagenes/Pandebono.png'
177.5426 	EXP 	slider_2: markerPos = None
177.5426 	EXP 	slider_2: markerPos = None
177.5426 	EXP 	slider_2: rating = None
178.5389 	EXP 	image_2: autoDraw = True
178.5389 	EXP 	slider_2: autoDraw = True
180.4920 	DATA 	Mouse: Left button down, pos=(827,157)
180.5055 	EXP 	slider_2: markerPos = 4.4375
180.5222 	EXP 	slider_2: markerPos = 4.4375
180.5250 	EXP 	New trial (rep=0, index=21): OrderedDict([('Imagenes', 'imagenes/Almojabanas.png'), ('Random', 0.6725051200713246), ('Correcto', None)])
180.5480 	EXP 	image_2: autoDraw = False
180.5480 	EXP 	slider_2: autoDraw = False
180.5480 	EXP 	image_2: autoDraw = False
180.5480 	EXP 	slider_2: autoDraw = False
180.5480 	EXP 	image_2: image = 'imagenes/Almojabanas.png'
180.5480 	EXP 	slider_2: markerPos = None
180.5480 	EXP 	slider_2: markerPos = None
180.5480 	EXP 	slider_2: rating = None
180.6233 	DATA 	Mouse:  Left button up, pos=(827,157)
181.5392 	EXP 	image_2: autoDraw = True
181.5392 	EXP 	slider_2: autoDraw = True
182.4076 	DATA 	Mouse: Left button down, pos=(897,156)
182.4217 	EXP 	slider_2: markerPos = 4.893229166666666
182.4385 	EXP 	slider_2: markerPos = 4.893229166666666
182.4551 	EXP 	slider_2: markerPos = 4.893229166666666
182.4720 	EXP 	slider_2: markerPos = 4.893229166666666
182.4890 	EXP 	slider_2: markerPos = 4.893229166666666
182.5052 	EXP 	slider_2: markerPos = 4.893229166666666
182.5219 	EXP 	slider_2: markerPos = 4.893229166666666
182.5236 	DATA 	Mouse:  Left button up, pos=(897,156)
182.5387 	EXP 	slider_2: markerPos = 4.893229166666666
182.5387 	EXP 	slider_2: rating = 4.893229166666666
182.5412 	EXP 	New trial (rep=0, index=22): OrderedDict([('Imagenes', 'imagenes/Leche-de-almendras.jpg'), ('Random', 0.3886559457994673), ('Correcto', None)])
182.6359 	EXP 	image_2: autoDraw = False
182.6359 	EXP 	slider_2: autoDraw = False
182.6359 	EXP 	image_2: image = 'imagenes/Leche-de-almendras.jpg'
182.6359 	EXP 	slider_2: markerPos = None
182.6359 	EXP 	slider_2: markerPos = None
182.6359 	EXP 	slider_2: rating = None
183.6226 	EXP 	image_2: autoDraw = True
183.6226 	EXP 	slider_2: autoDraw = True
184.1068 	DATA 	Mouse: Left button down, pos=(874,156)
184.1220 	EXP 	slider_2: markerPos = 4.743489583333333
184.1382 	EXP 	slider_2: markerPos = 4.743489583333333
184.1553 	EXP 	slider_2: markerPos = 4.743489583333333
184.1721 	EXP 	slider_2: markerPos = 4.743489583333333
184.1888 	EXP 	slider_2: markerPos = 4.743489583333333
184.2055 	EXP 	slider_2: markerPos = 4.743489583333333
184.2222 	EXP 	slider_2: markerPos = 4.743489583333333
184.2389 	EXP 	slider_2: markerPos = 4.743489583333333
184.2405 	DATA 	Mouse:  Left button up, pos=(874,156)
184.2554 	EXP 	slider_2: markerPos = 4.743489583333333
184.2554 	EXP 	slider_2: rating = 4.743489583333333
184.2590 	EXP 	New trial (rep=0, index=23): OrderedDict([('Imagenes', 'imagenes/Pepinillos.png'), ('Random', 0.0038966441241518046), ('Correcto', None)])
184.2913 	EXP 	image_2: autoDraw = False
184.2913 	EXP 	slider_2: autoDraw = False
184.2913 	EXP 	image_2: image = 'imagenes/Pepinillos.png'
184.2913 	EXP 	slider_2: markerPos = None
184.2913 	EXP 	slider_2: markerPos = None
184.2913 	EXP 	slider_2: rating = None
185.2888 	EXP 	image_2: autoDraw = True
185.2888 	EXP 	slider_2: autoDraw = True
185.8108 	DATA 	Mouse: Left button down, pos=(688,159)
185.8386 	EXP 	slider_2: markerPos = 3.532552083333333
185.8541 	EXP 	slider_2: markerPos = 3.532552083333333
185.8720 	EXP 	slider_2: markerPos = 3.532552083333333
185.8887 	EXP 	slider_2: markerPos = 3.532552083333333
185.9048 	EXP 	slider_2: markerPos = 3.532552083333333
185.9066 	DATA 	Mouse:  Left button up, pos=(688,159)
185.9218 	EXP 	slider_2: markerPos = 3.532552083333333
185.9218 	EXP 	slider_2: rating = 3.532552083333333
185.9248 	EXP 	New trial (rep=0, index=24): OrderedDict([('Imagenes', 'imagenes/Alpinito.jpg'), ('Random', 0.7416150880621702), ('Correcto', None)])
185.9680 	EXP 	image_2: autoDraw = False
185.9680 	EXP 	slider_2: autoDraw = False
185.9680 	EXP 	image_2: image = 'imagenes/Alpinito.jpg'
185.9680 	EXP 	slider_2: markerPos = None
185.9680 	EXP 	slider_2: markerPos = None
185.9680 	EXP 	slider_2: rating = None
186.9554 	EXP 	image_2: autoDraw = True
186.9554 	EXP 	slider_2: autoDraw = True
188.9419 	EXP 	New trial (rep=0, index=25): OrderedDict([('Imagenes', 'imagenes/Brownie.jpg'), ('Random', 0.2838924074864093), ('Correcto', None)])
188.9734 	EXP 	image_2: autoDraw = False
188.9734 	EXP 	slider_2: autoDraw = False
188.9734 	EXP 	image_2: autoDraw = False
188.9734 	EXP 	slider_2: autoDraw = False
188.9734 	EXP 	image_2: image = 'imagenes/Brownie.jpg'
188.9734 	EXP 	slider_2: markerPos = None
188.9734 	EXP 	slider_2: markerPos = None
188.9734 	EXP 	slider_2: rating = None
189.9720 	EXP 	image_2: autoDraw = True
189.9720 	EXP 	slider_2: autoDraw = True
190.9266 	DATA 	Mouse: Left button down, pos=(531,158)
190.9549 	EXP 	slider_2: markerPos = 2.510416666666667
190.9715 	EXP 	slider_2: markerPos = 2.510416666666667
190.9884 	EXP 	slider_2: markerPos = 2.510416666666667
191.0048 	EXP 	slider_2: markerPos = 2.510416666666667
191.0213 	EXP 	slider_2: markerPos = 2.510416666666667
191.0382 	EXP 	slider_2: markerPos = 2.510416666666667
191.0547 	EXP 	slider_2: markerPos = 2.510416666666667
191.0601 	DATA 	Mouse:  Left button up, pos=(531,158)
191.0714 	EXP 	slider_2: markerPos = 2.510416666666667
191.0881 	EXP 	slider_2: markerPos = 2.510416666666667
191.0881 	EXP 	slider_2: rating = 2.510416666666667
191.0918 	EXP 	New trial (rep=0, index=26): OrderedDict([('Imagenes', 'imagenes/Uvas.jpg'), ('Random', 0.4959291644143431), ('Correcto', None)])
191.1091 	EXP 	image_2: autoDraw = False
191.1091 	EXP 	slider_2: autoDraw = False
191.1091 	EXP 	image_2: image = 'imagenes/Uvas.jpg'
191.1091 	EXP 	slider_2: markerPos = None
191.1091 	EXP 	slider_2: markerPos = None
191.1091 	EXP 	slider_2: rating = None
192.1049 	EXP 	image_2: autoDraw = True
192.1049 	EXP 	slider_2: autoDraw = True
193.4564 	DATA 	Mouse: Left button down, pos=(691,156)
193.4714 	EXP 	slider_2: markerPos = 3.552083333333333
193.4884 	EXP 	slider_2: markerPos = 3.552083333333333
193.5040 	EXP 	slider_2: markerPos = 3.552083333333333
193.5214 	EXP 	slider_2: markerPos = 3.552083333333333
193.5383 	EXP 	slider_2: markerPos = 3.552083333333333
193.5547 	EXP 	slider_2: markerPos = 3.552083333333333
193.5715 	EXP 	slider_2: markerPos = 3.552083333333333
193.5737 	DATA 	Mouse:  Left button up, pos=(691,156)
193.5878 	EXP 	slider_2: markerPos = 3.552083333333333
193.5878 	EXP 	slider_2: rating = 3.552083333333333
193.5910 	EXP 	New trial (rep=0, index=27): OrderedDict([('Imagenes', 'imagenes/Rosquitas (1).jpg'), ('Random', 0.024090340010977873), ('Correcto', None)])
193.6115 	EXP 	image_2: autoDraw = False
193.6115 	EXP 	slider_2: autoDraw = False
193.6115 	EXP 	image_2: image = 'imagenes/Rosquitas (1).jpg'
193.6115 	EXP 	slider_2: markerPos = None
193.6115 	EXP 	slider_2: markerPos = None
193.6115 	EXP 	slider_2: rating = None
194.6048 	EXP 	image_2: autoDraw = True
194.6048 	EXP 	slider_2: autoDraw = True
196.0893 	DATA 	Mouse: Left button down, pos=(837,162)
196.1045 	EXP 	slider_2: markerPos = 4.502604166666667
196.1212 	EXP 	slider_2: markerPos = 4.502604166666667
196.1381 	EXP 	slider_2: markerPos = 4.502604166666667
196.1536 	EXP 	slider_2: markerPos = 4.502604166666667
196.1710 	EXP 	slider_2: markerPos = 4.502604166666667
196.1880 	EXP 	slider_2: markerPos = 4.502604166666667
196.1898 	DATA 	Mouse:  Left button up, pos=(837,162)
196.2045 	EXP 	slider_2: markerPos = 4.502604166666667
196.2045 	EXP 	slider_2: rating = 4.502604166666667
196.2073 	EXP 	New trial (rep=0, index=28): OrderedDict([('Imagenes', 'imagenes/Kiwi.jpg'), ('Random', 0.3929145850942286), ('Correcto', None)])
196.2211 	EXP 	image_2: autoDraw = False
196.2211 	EXP 	slider_2: autoDraw = False
196.2211 	EXP 	image_2: image = 'imagenes/Kiwi.jpg'
196.2211 	EXP 	slider_2: markerPos = None
196.2211 	EXP 	slider_2: markerPos = None
196.2211 	EXP 	slider_2: rating = None
197.2047 	EXP 	image_2: autoDraw = True
197.2047 	EXP 	slider_2: autoDraw = True
198.3239 	DATA 	Mouse: Left button down, pos=(700,160)
198.3377 	EXP 	slider_2: markerPos = 3.610677083333333
198.3541 	EXP 	slider_2: markerPos = 3.610677083333333
198.3711 	EXP 	slider_2: markerPos = 3.610677083333333
198.3878 	EXP 	slider_2: markerPos = 3.610677083333333
198.4045 	EXP 	slider_2: markerPos = 3.610677083333333
198.4105 	DATA 	Mouse:  Left button up, pos=(700,160)
198.4210 	EXP 	slider_2: markerPos = 3.610677083333333
198.4379 	EXP 	slider_2: markerPos = 3.610677083333333
198.4379 	EXP 	slider_2: rating = 3.610677083333333
198.4412 	EXP 	New trial (rep=0, index=29): OrderedDict([('Imagenes', 'imagenes/Canelazo.png'), ('Random', 0.6730479360767814), ('Correcto', None)])
198.4853 	EXP 	image_2: autoDraw = False
198.4853 	EXP 	slider_2: autoDraw = False
198.4853 	EXP 	image_2: image = 'imagenes/Canelazo.png'
198.4853 	EXP 	slider_2: markerPos = None
198.4853 	EXP 	slider_2: markerPos = None
198.4853 	EXP 	slider_2: rating = None
199.4717 	EXP 	image_2: autoDraw = True
199.4717 	EXP 	slider_2: autoDraw = True
200.0749 	DATA 	Mouse: Left button down, pos=(821,161)
200.0878 	EXP 	slider_2: markerPos = 4.3984375
200.1046 	EXP 	slider_2: markerPos = 4.3984375
200.1212 	EXP 	slider_2: markerPos = 4.3984375
200.1377 	EXP 	slider_2: markerPos = 4.3984375
200.1542 	EXP 	slider_2: markerPos = 4.3984375
200.1713 	EXP 	slider_2: markerPos = 4.3984375
200.1755 	DATA 	Mouse:  Left button up, pos=(821,161)
200.1879 	EXP 	slider_2: markerPos = 4.3984375
200.2046 	EXP 	slider_2: markerPos = 4.3984375
200.2046 	EXP 	slider_2: rating = 4.3984375
200.2075 	EXP 	New trial (rep=0, index=30): OrderedDict([('Imagenes', 'imagenes/Muffin de banano.png'), ('Random', 0.9610615059009696), ('Correcto', None)])
200.2582 	EXP 	image_2: autoDraw = False
200.2582 	EXP 	slider_2: autoDraw = False
200.2582 	EXP 	image_2: image = 'imagenes/Muffin de banano.png'
200.2582 	EXP 	slider_2: markerPos = None
200.2582 	EXP 	slider_2: markerPos = None
200.2582 	EXP 	slider_2: rating = None
201.2549 	EXP 	image_2: autoDraw = True
201.2549 	EXP 	slider_2: autoDraw = True
203.2407 	EXP 	New trial (rep=0, index=31): OrderedDict([('Imagenes', 'imagenes/Manzana.jpg'), ('Random', 0.4048420327008191), ('Correcto', None)])
203.2693 	EXP 	image_2: autoDraw = False
203.2693 	EXP 	slider_2: autoDraw = False
203.2693 	EXP 	image_2: autoDraw = False
203.2693 	EXP 	slider_2: autoDraw = False
203.2693 	EXP 	image_2: image = 'imagenes/Manzana.jpg'
203.2693 	EXP 	slider_2: markerPos = None
203.2693 	EXP 	slider_2: markerPos = None
203.2693 	EXP 	slider_2: rating = None
204.2710 	EXP 	image_2: autoDraw = True
204.2710 	EXP 	slider_2: autoDraw = True
204.9231 	DATA 	Mouse: Left button down, pos=(702,143)
204.9374 	EXP 	slider_2: markerPos = 3.623697916666667
204.9542 	EXP 	slider_2: markerPos = 3.623697916666667
204.9707 	EXP 	slider_2: markerPos = 3.623697916666667
204.9878 	EXP 	slider_2: markerPos = 3.623697916666667
205.0042 	EXP 	slider_2: markerPos = 3.623697916666667
205.0208 	EXP 	slider_2: markerPos = 3.623697916666667
205.0227 	DATA 	Mouse:  Left button up, pos=(702,143)
205.0376 	EXP 	slider_2: markerPos = 3.623697916666667
205.0376 	EXP 	slider_2: rating = 3.623697916666667
205.0407 	EXP 	New trial (rep=0, index=32): OrderedDict([('Imagenes', 'imagenes/Nutella (1).jpg'), ('Random', 0.8826531883338111), ('Correcto', None)])
205.0543 	EXP 	image_2: autoDraw = False
205.0543 	EXP 	slider_2: autoDraw = False
205.0543 	EXP 	image_2: image = 'imagenes/Nutella (1).jpg'
205.0543 	EXP 	slider_2: markerPos = None
205.0543 	EXP 	slider_2: markerPos = None
205.0543 	EXP 	slider_2: rating = None
206.0542 	EXP 	image_2: autoDraw = True
206.0542 	EXP 	slider_2: autoDraw = True
206.6231 	DATA 	Mouse: Left button down, pos=(841,140)
206.6376 	EXP 	slider_2: markerPos = 4.528645833333333
206.6541 	EXP 	slider_2: markerPos = 4.528645833333333
206.6709 	EXP 	slider_2: markerPos = 4.528645833333333
206.6877 	EXP 	slider_2: markerPos = 4.528645833333333
206.7044 	EXP 	slider_2: markerPos = 4.528645833333333
206.7210 	EXP 	slider_2: markerPos = 4.528645833333333
206.7228 	DATA 	Mouse:  Left button up, pos=(841,140)
206.7376 	EXP 	slider_2: markerPos = 4.528645833333333
206.7376 	EXP 	slider_2: rating = 4.528645833333333
206.7406 	EXP 	New trial (rep=0, index=33): OrderedDict([('Imagenes', 'imagenes/Rollos de canela.png'), ('Random', 0.2610974409574519), ('Correcto', None)])
206.7537 	EXP 	image_2: autoDraw = False
206.7537 	EXP 	slider_2: autoDraw = False
206.7537 	EXP 	image_2: image = 'imagenes/Rollos de canela.png'
206.7537 	EXP 	slider_2: markerPos = None
206.7537 	EXP 	slider_2: markerPos = None
206.7537 	EXP 	slider_2: rating = None
207.7541 	EXP 	image_2: autoDraw = True
207.7541 	EXP 	slider_2: autoDraw = True
208.3054 	DATA 	Mouse: Left button down, pos=(979,151)
208.3207 	EXP 	slider_2: markerPos = 5.427083333333334
208.3376 	EXP 	slider_2: markerPos = 5.427083333333334
208.3537 	EXP 	slider_2: markerPos = 5.427083333333334
208.3706 	EXP 	slider_2: markerPos = 5.427083333333334
208.3874 	EXP 	slider_2: markerPos = 5.427083333333334
208.4034 	EXP 	slider_2: markerPos = 5.427083333333334
208.4059 	DATA 	Mouse:  Left button up, pos=(979,151)
208.4210 	EXP 	slider_2: markerPos = 5.427083333333334
208.4210 	EXP 	slider_2: rating = 5.427083333333334
208.4233 	EXP 	New trial (rep=0, index=34): OrderedDict([('Imagenes', 'imagenes/Popetas.jpg'), ('Random', 0.9621625733302204), ('Correcto', None)])
208.4594 	EXP 	image_2: autoDraw = False
208.4594 	EXP 	slider_2: autoDraw = False
208.4594 	EXP 	image_2: image = 'imagenes/Popetas.jpg'
208.4594 	EXP 	slider_2: markerPos = None
208.4594 	EXP 	slider_2: markerPos = None
208.4594 	EXP 	slider_2: rating = None
209.4541 	EXP 	image_2: autoDraw = True
209.4541 	EXP 	slider_2: autoDraw = True
211.4399 	EXP 	New trial (rep=0, index=35): OrderedDict([('Imagenes', 'imagenes/Croissant.jpg'), ('Random', 0.5824748589948932), ('Correcto', None)])
211.4634 	EXP 	image_2: autoDraw = False
211.4634 	EXP 	slider_2: autoDraw = False
211.4634 	EXP 	image_2: autoDraw = False
211.4634 	EXP 	slider_2: autoDraw = False
211.4634 	EXP 	image_2: image = 'imagenes/Croissant.jpg'
211.4634 	EXP 	slider_2: markerPos = None
211.4634 	EXP 	slider_2: markerPos = None
211.4634 	EXP 	slider_2: rating = None
212.4540 	EXP 	image_2: autoDraw = True
212.4540 	EXP 	slider_2: autoDraw = True
213.1057 	DATA 	Mouse: Left button down, pos=(705,151)
213.1208 	EXP 	slider_2: markerPos = 3.643229166666667
213.1371 	EXP 	slider_2: markerPos = 3.643229166666667
213.1536 	EXP 	slider_2: markerPos = 3.643229166666667
213.1704 	EXP 	slider_2: markerPos = 3.643229166666667
213.1871 	EXP 	slider_2: markerPos = 3.643229166666667
213.2036 	EXP 	slider_2: markerPos = 3.643229166666667
213.2055 	DATA 	Mouse:  Left button up, pos=(705,151)
213.2208 	EXP 	slider_2: markerPos = 3.643229166666667
213.2208 	EXP 	slider_2: rating = 3.643229166666667
213.2237 	EXP 	New trial (rep=0, index=2): OrderedDict([('Hertz', 1000), ('volumen', 0.0)])
213.2331 	EXP 	Imported imagenes.xlsx as conditions, 36 conditions, 3 params
213.2335 	EXP 	Created sequence: random, trialTypes=36, nReps=1, seed=None
213.2338 	EXP 	New trial (rep=0, index=0): OrderedDict([('Imagenes', 'imagenes/Chocoramo.jfif.jpg'), ('Random', 0.7425528559884101), ('Correcto', None)])
213.2722 	EXP 	image_2: autoDraw = False
213.2722 	EXP 	slider_2: autoDraw = False
213.2722 	EXP 	image_2: image = 'imagenes/Chocoramo.jfif.jpg'
213.2722 	EXP 	slider_2: markerPos = None
213.2722 	EXP 	slider_2: markerPos = None
213.2722 	EXP 	slider_2: rating = None
214.2707 	EXP 	image_2: autoDraw = True
214.2707 	EXP 	slider_2: autoDraw = True
216.2579 	EXP 	New trial (rep=0, index=1): OrderedDict([('Imagenes', 'imagenes/Mango.jpeg'), ('Random', 0.4341155418941499), ('Correcto', None)])
216.2838 	DATA 	Mouse: Left button down, pos=(690,160)
216.2865 	EXP 	image_2: autoDraw = False
216.2865 	EXP 	slider_2: autoDraw = False
216.2865 	EXP 	image_2: autoDraw = False
216.2865 	EXP 	slider_2: autoDraw = False
216.2865 	EXP 	image_2: image = 'imagenes/Mango.jpeg'
216.2865 	EXP 	slider_2: markerPos = None
216.2865 	EXP 	slider_2: markerPos = None
216.2865 	EXP 	slider_2: rating = None
216.3717 	DATA 	Mouse:  Left button up, pos=(690,160)
217.2871 	EXP 	image_2: autoDraw = True
217.2871 	EXP 	slider_2: autoDraw = True
218.5392 	DATA 	Mouse: Left button down, pos=(674,148)
218.5534 	EXP 	slider_2: markerPos = 3.44140625
218.5702 	EXP 	slider_2: markerPos = 3.44140625
218.5867 	EXP 	slider_2: markerPos = 3.44140625
218.6035 	EXP 	slider_2: markerPos = 3.44140625
218.6202 	EXP 	slider_2: markerPos = 3.44140625
218.6369 	EXP 	slider_2: markerPos = 3.44140625
218.6394 	DATA 	Mouse:  Left button up, pos=(674,148)
218.6535 	EXP 	slider_2: markerPos = 3.44140625
218.6535 	EXP 	slider_2: rating = 3.44140625
218.6567 	EXP 	New trial (rep=0, index=2): OrderedDict([('Imagenes', 'imagenes/Pizzetas.png'), ('Random', 0.3295951589873042), ('Correcto', None)])
218.6750 	EXP 	image_2: autoDraw = False
218.6750 	EXP 	slider_2: autoDraw = False
218.6750 	EXP 	image_2: image = 'imagenes/Pizzetas.png'
218.6750 	EXP 	slider_2: markerPos = None
218.6750 	EXP 	slider_2: markerPos = None
218.6750 	EXP 	slider_2: rating = None
219.6707 	EXP 	image_2: autoDraw = True
219.6707 	EXP 	slider_2: autoDraw = True
221.4064 	DATA 	Mouse: Left button down, pos=(674,148)
221.4368 	EXP 	slider_2: markerPos = 3.44140625
221.4532 	EXP 	slider_2: markerPos = 3.44140625
221.4699 	EXP 	slider_2: markerPos = 3.44140625
221.4866 	EXP 	slider_2: markerPos = 3.44140625
221.5032 	EXP 	slider_2: markerPos = 3.44140625
221.5054 	DATA 	Mouse:  Left button up, pos=(674,148)
221.5201 	EXP 	slider_2: markerPos = 3.44140625
221.5201 	EXP 	slider_2: rating = 3.44140625
221.5235 	EXP 	New trial (rep=0, index=3): OrderedDict([('Imagenes', 'imagenes/Brownie.jpg'), ('Random', 0.2838924074864093), ('Correcto', None)])
221.5554 	EXP 	image_2: autoDraw = False
221.5554 	EXP 	slider_2: autoDraw = False
221.5554 	EXP 	image_2: image = 'imagenes/Brownie.jpg'
221.5554 	EXP 	slider_2: markerPos = None
221.5554 	EXP 	slider_2: markerPos = None
221.5554 	EXP 	slider_2: rating = None
222.5534 	EXP 	image_2: autoDraw = True
222.5534 	EXP 	slider_2: autoDraw = True
223.4384 	DATA 	Mouse: Left button down, pos=(685,158)
223.4533 	EXP 	slider_2: markerPos = 3.513020833333333
223.4704 	EXP 	slider_2: markerPos = 3.513020833333333
223.4866 	EXP 	slider_2: markerPos = 3.513020833333333
223.5033 	EXP 	slider_2: markerPos = 3.513020833333333
223.5197 	EXP 	slider_2: markerPos = 3.513020833333333
223.5368 	EXP 	slider_2: markerPos = 3.513020833333333
223.5532 	EXP 	slider_2: markerPos = 3.513020833333333
223.5549 	DATA 	Mouse:  Left button up, pos=(685,158)
223.5702 	EXP 	slider_2: markerPos = 3.513020833333333
223.5702 	EXP 	slider_2: rating = 3.513020833333333
223.5729 	EXP 	New trial (rep=0, index=4): OrderedDict([('Imagenes', 'imagenes/Alpinito.jpg'), ('Random', 0.7416150880621702), ('Correcto', None)])
223.6096 	EXP 	image_2: autoDraw = False
223.6096 	EXP 	slider_2: autoDraw = False
223.6096 	EXP 	image_2: image = 'imagenes/Alpinito.jpg'
223.6096 	EXP 	slider_2: markerPos = None
223.6096 	EXP 	slider_2: markerPos = None
223.6096 	EXP 	slider_2: rating = None
224.6037 	EXP 	image_2: autoDraw = True
224.6037 	EXP 	slider_2: autoDraw = True
225.1716 	DATA 	Mouse: Left button down, pos=(852,145)
225.1866 	EXP 	slider_2: markerPos = 4.600260416666667
225.2032 	EXP 	slider_2: markerPos = 4.600260416666667
225.2198 	EXP 	slider_2: markerPos = 4.600260416666667
225.2364 	EXP 	slider_2: markerPos = 4.600260416666667
225.2532 	EXP 	slider_2: markerPos = 4.600260416666667
225.2700 	EXP 	slider_2: markerPos = 4.600260416666667
225.2721 	DATA 	Mouse:  Left button up, pos=(852,145)
225.2866 	EXP 	slider_2: markerPos = 4.600260416666667
225.2866 	EXP 	slider_2: rating = 4.600260416666667
225.2901 	EXP 	New trial (rep=0, index=5): OrderedDict([('Imagenes', 'imagenes/Papas-pollo.jpg'), ('Random', 0.08373485417902837), ('Correcto', None)])
225.3052 	EXP 	image_2: autoDraw = False
225.3052 	EXP 	slider_2: autoDraw = False
225.3052 	EXP 	image_2: image = 'imagenes/Papas-pollo.jpg'
225.3052 	EXP 	slider_2: markerPos = None
225.3052 	EXP 	slider_2: markerPos = None
225.3052 	EXP 	slider_2: rating = None
226.3032 	EXP 	image_2: autoDraw = True
226.3032 	EXP 	slider_2: autoDraw = True
227.8552 	DATA 	Mouse: Left button down, pos=(702,158)
227.8698 	EXP 	slider_2: markerPos = 3.623697916666667
227.8865 	EXP 	slider_2: markerPos = 3.623697916666667
227.9030 	EXP 	slider_2: markerPos = 3.623697916666667
227.9197 	EXP 	slider_2: markerPos = 3.623697916666667
227.9365 	EXP 	slider_2: markerPos = 3.623697916666667
227.9399 	DATA 	Mouse:  Left button up, pos=(702,158)
227.9528 	EXP 	slider_2: markerPos = 3.623697916666667
227.9697 	EXP 	slider_2: markerPos = 3.623697916666667
227.9697 	EXP 	slider_2: rating = 3.623697916666667
227.9721 	EXP 	New trial (rep=0, index=6): OrderedDict([('Imagenes', 'imagenes/Galletas-festival.jpg'), ('Random', 0.11306074364032936), ('Correcto', None)])
227.9911 	EXP 	image_2: autoDraw = False
227.9911 	EXP 	slider_2: autoDraw = False
227.9911 	EXP 	image_2: image = 'imagenes/Galletas-festival.jpg'
227.9911 	EXP 	slider_2: markerPos = None
227.9911 	EXP 	slider_2: markerPos = None
227.9911 	EXP 	slider_2: rating = None
228.9864 	EXP 	image_2: autoDraw = True
228.9864 	EXP 	slider_2: autoDraw = True
230.9725 	EXP 	New trial (rep=0, index=7): OrderedDict([('Imagenes', 'imagenes/Papas-limon.jpg'), ('Random', 0.5280798509093595), ('Correcto', None)])
230.9861 	EXP 	image_2: autoDraw = False
230.9861 	EXP 	slider_2: autoDraw = False
230.9861 	EXP 	image_2: autoDraw = False
230.9861 	EXP 	slider_2: autoDraw = False
230.9861 	EXP 	image_2: image = 'imagenes/Papas-limon.jpg'
230.9861 	EXP 	slider_2: markerPos = None
230.9861 	EXP 	slider_2: markerPos = None
230.9861 	EXP 	slider_2: rating = None
231.9863 	EXP 	image_2: autoDraw = True
231.9863 	EXP 	slider_2: autoDraw = True
233.9723 	EXP 	New trial (rep=0, index=8): OrderedDict([('Imagenes', 'imagenes/Papas picantes.jpg'), ('Random', 0.524978898672612), ('Correcto', None)])
233.9857 	EXP 	image_2: autoDraw = False
233.9857 	EXP 	slider_2: autoDraw = False
233.9857 	EXP 	image_2: autoDraw = False
233.9857 	EXP 	slider_2: autoDraw = False
233.9857 	EXP 	image_2: image = 'imagenes/Papas picantes.jpg'
233.9857 	EXP 	slider_2: markerPos = None
233.9857 	EXP 	slider_2: markerPos = None
233.9857 	EXP 	slider_2: rating = None
234.9695 	EXP 	image_2: autoDraw = True
234.9695 	EXP 	slider_2: autoDraw = True
236.9571 	EXP 	New trial (rep=0, index=9): OrderedDict([('Imagenes', 'imagenes/Pandebono.png'), ('Random', 0.8988574378129985), ('Correcto', None)])
236.9827 	EXP 	image_2: autoDraw = False
236.9827 	EXP 	slider_2: autoDraw = False
236.9827 	EXP 	image_2: autoDraw = False
236.9827 	EXP 	slider_2: autoDraw = False
236.9827 	EXP 	image_2: image = 'imagenes/Pandebono.png'
236.9827 	EXP 	slider_2: markerPos = None
236.9827 	EXP 	slider_2: markerPos = None
236.9827 	EXP 	slider_2: rating = None
237.9859 	EXP 	image_2: autoDraw = True
237.9859 	EXP 	slider_2: autoDraw = True
238.8713 	DATA 	Keypress: escape
239.2240 	EXP 	window1: mouseVisible = True
