1.1441 	WARNING 	We strongly recommend you activate the PTB sound engine in PsychoPy prefs as the preferred audio engine. Its timing is vastly superior. Your prefs are currently set to use ['sounddevice', 'PTB', 'pyo', 'pygame'] (in that order).
13.7205 	WARNING 	User requested fullscreen with size [1024  768], but screen is actually [1366, 768]. Using actual size
16.9372 	EXP 	Created window1 = Window(allowGUI=False, allowStencil=False, args=UNKNOWN, autoLog=True, bitsMode=UNKNOWN, blendMode='avg', bpc=(8, 8, 8), color=array([0., 0., 0.]), colorSpace='rgb', depthBits=8, fullscr=<method-wrapper '__getattribute__' of attributeSetter object at 0x0000013BEC1BD208>, gamma=None, gammaErrorPolicy='raise', kwargs=UNKNOWN, lms=UNKNOWN, monitor=<psychopy.monitors.calibTools.Monitor object at 0x0000013BEC228240>, multiSample=False, name='window1', numSamples=2, pos=[0.0, 0.0], screen=0, size=array([1366,  768]), stencilBits=0, stereo=False, units='height', useFBO=True, useRetina=False, viewOri=0.0, viewPos=None, viewScale=None, waitBlanking=True, winType='pyglet')
16.9378 	EXP 	window1: mouseVisible = True
16.9379 	EXP 	window1: recordFrameIntervals = False
17.1024 	EXP 	window1: recordFrameIntervals = True
17.2861 	EXP 	window1: recordFrameIntervals = False
18.0632 	EXP 	Sound sound_3 set volume 1.000
18.0633 	EXP 	Sound sound_2 set volume 1.000
18.0875 	EXP 	Created image_2 = ImageStim(__class__=<class 'psychopy.visual.image.ImageStim'>, autoLog=True, color=array([1., 1., 1.]), colorSpace='rgb', contrast=1.0, depth=-1.0, flipHoriz=False, flipVert=False, image='sin', interpolate=True, mask=None, maskParams=None, name='image_2', opacity=1.0, ori=0.0, pos=array([0. , 0.2]), size=array([0.5, 0.5]), texRes=128, units='height', win=Window(...))
18.1247 	EXP 	window1: mouseVisible = True
18.6991 	EXP 	Created slider_2 = Slider(__class__=<class 'psychopy.visual.slider.Slider'>, autoDraw=False, autoLog=True, color='LightGray', depth=0, flip=False, font='HelveticaBold', granularity=0, labelHeight=0.05, labelWrapWidth=None, labels=('0', '1000', '2000', '3000', '4000', '5000'), name='slider_2', pos=(0, -0.3), readOnly=False, self=UNKNOWN, size=(1.0, 0.05), style=method-wrapper(...), ticks=array([1, 2, 3, 4, 5, 6]), units='height', win=Window(...))
18.8479 	EXP 	slider_2: autoLog = True
18.8479 	EXP 	slider_2: markerPos = None
18.8479 	EXP 	slider_2: rating = None
18.8479 	EXP 	slider_2: markerPos = None
18.8479 	EXP 	slider_2: contrast = 1.0
18.8479 	EXP 	slider_2: autoLog = True
18.8479 	EXP 	slider_2: style = ['rating']
29.1878 	EXP 	Imported ruidos.xlsx as conditions, 4 conditions, 2 params
29.1898 	EXP 	Created sequence: random, trialTypes=4, nReps=1, seed=None
29.1912 	EXP 	New trial (rep=0, index=0): OrderedDict([('Hertz', 1000), ('volumen', 0.0)])
29.2153 	EXP 	Imported imagenes.xlsx as conditions, 20 conditions, 1 params
29.2165 	EXP 	Created sequence: random, trialTypes=20, nReps=1, seed=None
29.2174 	EXP 	New trial (rep=0, index=0): OrderedDict([('Imagenes', 'imagenes\\Banano.jpeg')])
29.3809 	EXP 	image_2: image = 'imagenes\\Banano.jpeg'
29.3809 	EXP 	slider_2: markerPos = None
29.3809 	EXP 	slider_2: markerPos = None
29.3809 	EXP 	slider_2: rating = None
29.3809 	EXP 	image_2: autoDraw = True
29.3809 	EXP 	slider_2: autoDraw = True
32.5641 	DATA 	Mouse: Left button down, pos=(524,157)
32.5834 	EXP 	slider_2: markerPos = 2.46484375
32.5987 	EXP 	slider_2: markerPos = 2.46484375
32.6154 	EXP 	slider_2: markerPos = 2.471354166666667
32.6320 	EXP 	slider_2: markerPos = 2.529947916666667
32.6486 	EXP 	slider_2: markerPos = 2.653645833333333
32.6655 	EXP 	slider_2: markerPos = 2.796875
32.6825 	EXP 	slider_2: markerPos = 3.1549479166666665
32.6986 	EXP 	slider_2: markerPos = 3.265625
32.7154 	EXP 	slider_2: markerPos = 3.4674479166666665
32.7319 	EXP 	slider_2: markerPos = 3.708333333333333
32.7485 	EXP 	slider_2: markerPos = 3.799479166666667
32.7651 	EXP 	slider_2: markerPos = 3.845052083333333
32.7821 	EXP 	slider_2: markerPos = 3.864583333333333
32.7985 	EXP 	slider_2: markerPos = 3.884114583333333
32.8152 	EXP 	slider_2: markerPos = 3.923177083333333
32.8319 	EXP 	slider_2: markerPos = 3.96875
32.8486 	EXP 	slider_2: markerPos = 4.072916666666667
32.8654 	EXP 	slider_2: markerPos = 4.209635416666667
32.8819 	EXP 	slider_2: markerPos = 4.404947916666667
32.8985 	EXP 	slider_2: markerPos = 4.522135416666667
32.9156 	EXP 	slider_2: markerPos = 4.645833333333333
32.9326 	EXP 	slider_2: markerPos = 4.73046875
32.9485 	EXP 	slider_2: markerPos = 4.828125
32.9653 	EXP 	slider_2: markerPos = 4.88671875
32.9819 	EXP 	slider_2: markerPos = 4.88671875
32.9992 	EXP 	slider_2: markerPos = 4.88671875
33.0152 	EXP 	slider_2: markerPos = 4.88671875
33.0319 	EXP 	slider_2: markerPos = 4.88671875
33.0491 	EXP 	slider_2: markerPos = 4.88671875
33.0651 	EXP 	slider_2: markerPos = 4.88671875
33.0821 	EXP 	slider_2: markerPos = 4.88671875
33.0984 	EXP 	slider_2: markerPos = 4.88671875
33.1151 	EXP 	slider_2: markerPos = 4.860677083333334
33.1319 	EXP 	slider_2: markerPos = 4.795572916666666
33.1487 	EXP 	slider_2: markerPos = 4.723958333333333
33.1651 	EXP 	slider_2: markerPos = 4.561197916666667
33.1819 	EXP 	slider_2: markerPos = 4.444010416666667
33.1986 	EXP 	slider_2: markerPos = 4.430989583333333
33.2151 	EXP 	slider_2: markerPos = 4.424479166666667
33.2318 	EXP 	slider_2: markerPos = 4.424479166666667
33.2488 	EXP 	slider_2: markerPos = 4.424479166666667
33.2654 	EXP 	slider_2: markerPos = 4.424479166666667
33.2818 	EXP 	slider_2: markerPos = 4.424479166666667
33.2985 	EXP 	slider_2: markerPos = 4.424479166666667
33.3156 	EXP 	slider_2: markerPos = 4.430989583333333
33.3318 	EXP 	slider_2: markerPos = 4.463541666666667
33.3485 	EXP 	slider_2: markerPos = 4.483072916666667
33.3654 	EXP 	slider_2: markerPos = 4.515625
33.3829 	EXP 	slider_2: markerPos = 4.53515625
33.3985 	EXP 	slider_2: markerPos = 4.541666666666667
33.4154 	EXP 	slider_2: markerPos = 4.541666666666667
33.4322 	EXP 	slider_2: markerPos = 4.541666666666667
33.4487 	EXP 	slider_2: markerPos = 4.541666666666667
33.4652 	EXP 	slider_2: markerPos = 4.541666666666667
33.4820 	EXP 	slider_2: markerPos = 4.541666666666667
33.4991 	EXP 	slider_2: markerPos = 4.541666666666667
33.5151 	EXP 	slider_2: markerPos = 4.541666666666667
33.5177 	DATA 	Mouse:  Left button up, pos=(843,158)
33.5318 	EXP 	slider_2: markerPos = 4.541666666666667
33.5318 	EXP 	slider_2: rating = 4.541666666666667
33.5356 	EXP 	New trial (rep=0, index=1): OrderedDict([('Imagenes', 'imagenes\\Papas-naturales.jpg')])
33.5722 	EXP 	image_2: autoDraw = False
33.5722 	EXP 	slider_2: autoDraw = False
33.5722 	EXP 	image_2: image = 'imagenes\\Papas-naturales.jpg'
33.5722 	EXP 	slider_2: markerPos = None
33.5722 	EXP 	slider_2: markerPos = None
33.5722 	EXP 	slider_2: rating = None
33.5722 	EXP 	image_2: autoDraw = True
33.5722 	EXP 	slider_2: autoDraw = True
34.7857 	DATA 	Mouse: Left button down, pos=(503,157)
34.7989 	EXP 	slider_2: markerPos = 2.328125
34.8151 	EXP 	slider_2: markerPos = 2.328125
34.8331 	EXP 	slider_2: markerPos = 2.328125
34.8488 	EXP 	slider_2: markerPos = 2.334635416666667
34.8652 	EXP 	slider_2: markerPos = 2.334635416666667
34.8819 	EXP 	slider_2: markerPos = 2.34765625
34.8988 	EXP 	slider_2: markerPos = 2.399739583333333
34.9153 	EXP 	slider_2: markerPos = 2.451822916666667
34.9324 	EXP 	slider_2: markerPos = 2.536458333333333
34.9486 	EXP 	slider_2: markerPos = 2.608072916666667
34.9651 	EXP 	slider_2: markerPos = 2.640625
34.9817 	EXP 	slider_2: markerPos = 2.647135416666667
34.9984 	EXP 	slider_2: markerPos = 2.647135416666667
35.0153 	EXP 	slider_2: markerPos = 2.647135416666667
35.0340 	EXP 	slider_2: markerPos = 2.647135416666667
35.0488 	EXP 	slider_2: markerPos = 2.647135416666667
35.0652 	EXP 	slider_2: markerPos = 2.647135416666667
35.0817 	EXP 	slider_2: markerPos = 2.647135416666667
35.0984 	EXP 	slider_2: markerPos = 2.647135416666667
35.1152 	EXP 	slider_2: markerPos = 2.647135416666667
35.1320 	EXP 	slider_2: markerPos = 2.647135416666667
35.1436 	DATA 	Mouse:  Left button up, pos=(552,141)
35.1482 	EXP 	slider_2: markerPos = 2.647135416666667
35.1651 	EXP 	slider_2: markerPos = 2.647135416666667
35.1651 	EXP 	slider_2: rating = 2.647135416666667
35.1687 	EXP 	New trial (rep=0, index=2): OrderedDict([('Imagenes', 'imagenes\\Popetas.jpg')])
35.2470 	EXP 	image_2: autoDraw = False
35.2470 	EXP 	slider_2: autoDraw = False
35.2470 	EXP 	image_2: image = 'imagenes\\Popetas.jpg'
35.2470 	EXP 	slider_2: markerPos = None
35.2470 	EXP 	slider_2: markerPos = None
35.2470 	EXP 	slider_2: rating = None
35.2470 	EXP 	image_2: autoDraw = True
35.2470 	EXP 	slider_2: autoDraw = True
35.9721 	DATA 	Mouse: Left button down, pos=(832,149)
35.9984 	EXP 	slider_2: markerPos = 4.470052083333333
36.0152 	EXP 	slider_2: markerPos = 4.470052083333333
36.0319 	EXP 	slider_2: markerPos = 4.470052083333333
36.0484 	EXP 	slider_2: markerPos = 4.470052083333333
36.0652 	EXP 	slider_2: markerPos = 4.470052083333333
36.0728 	DATA 	Mouse:  Left button up, pos=(832,149)
36.0819 	EXP 	slider_2: markerPos = 4.470052083333333
36.0984 	EXP 	slider_2: markerPos = 4.470052083333333
36.0984 	EXP 	slider_2: rating = 4.470052083333333
36.1023 	EXP 	New trial (rep=0, index=3): OrderedDict([('Imagenes', 'imagenes\\Nutella (1).jpg')])
36.1458 	EXP 	image_2: autoDraw = False
36.1458 	EXP 	slider_2: autoDraw = False
36.1458 	EXP 	image_2: image = 'imagenes\\Nutella (1).jpg'
36.1458 	EXP 	slider_2: markerPos = None
36.1458 	EXP 	slider_2: markerPos = None
36.1458 	EXP 	slider_2: rating = None
36.1458 	EXP 	image_2: autoDraw = True
36.1458 	EXP 	slider_2: autoDraw = True
36.7535 	DATA 	Mouse: Left button down, pos=(687,155)
36.7656 	EXP 	slider_2: markerPos = 3.526041666666667
36.7818 	EXP 	slider_2: markerPos = 3.526041666666667
36.7983 	EXP 	slider_2: markerPos = 3.526041666666667
36.8150 	EXP 	slider_2: markerPos = 3.526041666666667
36.8317 	EXP 	slider_2: markerPos = 3.526041666666667
36.8382 	DATA 	Mouse:  Left button up, pos=(687,155)
36.8482 	EXP 	slider_2: markerPos = 3.526041666666667
36.8648 	EXP 	slider_2: markerPos = 3.526041666666667
36.8648 	EXP 	slider_2: rating = 3.526041666666667
36.8679 	EXP 	New trial (rep=0, index=4): OrderedDict([('Imagenes', 'imagenes\\Papas-pollo.jpg')])
36.8998 	EXP 	image_2: autoDraw = False
36.8998 	EXP 	slider_2: autoDraw = False
36.8998 	EXP 	image_2: image = 'imagenes\\Papas-pollo.jpg'
36.8998 	EXP 	slider_2: markerPos = None
36.8998 	EXP 	slider_2: markerPos = None
36.8998 	EXP 	slider_2: rating = None
36.8998 	EXP 	image_2: autoDraw = True
36.8998 	EXP 	slider_2: autoDraw = True
37.2905 	DATA 	Mouse: Left button down, pos=(525,157)
37.3151 	EXP 	slider_2: markerPos = 2.471354166666667
37.3316 	EXP 	slider_2: markerPos = 2.471354166666667
37.3483 	EXP 	slider_2: markerPos = 2.471354166666667
37.3651 	EXP 	slider_2: markerPos = 2.471354166666667
37.3815 	EXP 	slider_2: markerPos = 2.471354166666667
37.3841 	DATA 	Mouse:  Left button up, pos=(525,157)
37.3981 	EXP 	slider_2: markerPos = 2.471354166666667
37.3981 	EXP 	slider_2: rating = 2.471354166666667
37.4022 	EXP 	New trial (rep=0, index=5): OrderedDict([('Imagenes', 'imagenes\\Croissant.jpg')])
37.4633 	EXP 	image_2: autoDraw = False
37.4633 	EXP 	slider_2: autoDraw = False
37.4633 	EXP 	image_2: image = 'imagenes\\Croissant.jpg'
37.4633 	EXP 	slider_2: markerPos = None
37.4633 	EXP 	slider_2: markerPos = None
37.4633 	EXP 	slider_2: rating = None
37.4633 	EXP 	image_2: autoDraw = True
37.4633 	EXP 	slider_2: autoDraw = True
37.9257 	DATA 	Mouse: Left button down, pos=(1010,160)
37.9486 	EXP 	slider_2: markerPos = 5.62890625
37.9652 	EXP 	slider_2: markerPos = 5.62890625
37.9816 	EXP 	slider_2: markerPos = 5.62890625
37.9981 	EXP 	slider_2: markerPos = 5.62890625
38.0007 	DATA 	Mouse:  Left button up, pos=(1010,160)
38.0152 	EXP 	slider_2: markerPos = 5.62890625
38.0152 	EXP 	slider_2: rating = 5.62890625
38.0189 	EXP 	New trial (rep=0, index=6): OrderedDict([('Imagenes', 'imagenes\\Kiwi.jpg')])
38.0417 	EXP 	image_2: autoDraw = False
38.0417 	EXP 	slider_2: autoDraw = False
38.0417 	EXP 	image_2: image = 'imagenes\\Kiwi.jpg'
38.0417 	EXP 	slider_2: markerPos = None
38.0417 	EXP 	slider_2: markerPos = None
38.0417 	EXP 	slider_2: rating = None
38.0417 	EXP 	image_2: autoDraw = True
38.0417 	EXP 	slider_2: autoDraw = True
38.7191 	DATA 	Mouse: Left button down, pos=(377,155)
38.7316 	EXP 	slider_2: markerPos = 1.5078125
38.7490 	EXP 	slider_2: markerPos = 1.5078125
38.7651 	EXP 	slider_2: markerPos = 1.5078125
38.7817 	EXP 	slider_2: markerPos = 1.5078125
38.7982 	EXP 	slider_2: markerPos = 1.5078125
38.8075 	DATA 	Mouse:  Left button up, pos=(377,155)
38.8147 	EXP 	slider_2: markerPos = 1.5078125
38.8316 	EXP 	slider_2: markerPos = 1.5078125
38.8316 	EXP 	slider_2: rating = 1.5078125
38.8346 	EXP 	New trial (rep=0, index=7): OrderedDict([('Imagenes', 'imagenes\\Chocoramo.jfif.jpg')])
38.8964 	EXP 	image_2: autoDraw = False
38.8964 	EXP 	slider_2: autoDraw = False
38.8964 	EXP 	image_2: image = 'imagenes\\Chocoramo.jfif.jpg'
38.8964 	EXP 	slider_2: markerPos = None
38.8964 	EXP 	slider_2: markerPos = None
38.8964 	EXP 	slider_2: rating = None
38.8964 	EXP 	image_2: autoDraw = True
38.8964 	EXP 	slider_2: autoDraw = True
39.6236 	DATA 	Mouse: Left button down, pos=(538,152)
39.6358 	EXP 	slider_2: markerPos = 2.555989583333333
39.6490 	EXP 	slider_2: markerPos = 2.555989583333333
39.6652 	EXP 	slider_2: markerPos = 2.555989583333333
39.6816 	EXP 	slider_2: markerPos = 2.569010416666667
39.6982 	EXP 	slider_2: markerPos = 2.666666666666667
39.7149 	EXP 	slider_2: markerPos = 2.770833333333333
39.7317 	EXP 	slider_2: markerPos = 2.9466145833333335
39.7489 	EXP 	slider_2: markerPos = 3.1875
39.7653 	EXP 	slider_2: markerPos = 3.3763020833333335
39.7819 	EXP 	slider_2: markerPos = 3.584635416666667
39.7982 	EXP 	slider_2: markerPos = 3.721354166666667
39.8150 	EXP 	slider_2: markerPos = 3.8515625
39.8315 	EXP 	slider_2: markerPos = 3.936197916666667
39.8485 	EXP 	slider_2: markerPos = 4.02734375
39.8651 	EXP 	slider_2: markerPos = 4.0859375
39.8822 	EXP 	slider_2: markerPos = 4.18359375
39.8984 	EXP 	slider_2: markerPos = 4.28125
39.9152 	EXP 	slider_2: markerPos = 4.33984375
39.9316 	EXP 	slider_2: markerPos = 4.3984375
39.9487 	EXP 	slider_2: markerPos = 4.430989583333333
39.9651 	EXP 	slider_2: markerPos = 4.45703125
39.9816 	EXP 	slider_2: markerPos = 4.470052083333333
39.9983 	EXP 	slider_2: markerPos = 4.470052083333333
40.0151 	EXP 	slider_2: markerPos = 4.470052083333333
40.0315 	EXP 	slider_2: markerPos = 4.470052083333333
40.0482 	EXP 	slider_2: markerPos = 4.470052083333333
40.0651 	EXP 	slider_2: markerPos = 4.470052083333333
40.0683 	DATA 	Mouse:  Left button up, pos=(832,155)
40.0815 	EXP 	slider_2: markerPos = 4.470052083333333
40.0815 	EXP 	slider_2: rating = 4.470052083333333
40.0845 	EXP 	New trial (rep=0, index=8): OrderedDict([('Imagenes', 'imagenes\\Rosquitas (1).jpg')])
40.1398 	EXP 	image_2: autoDraw = False
40.1398 	EXP 	slider_2: autoDraw = False
40.1398 	EXP 	image_2: image = 'imagenes\\Rosquitas (1).jpg'
40.1398 	EXP 	slider_2: markerPos = None
40.1398 	EXP 	slider_2: markerPos = None
40.1398 	EXP 	slider_2: rating = None
40.1398 	EXP 	image_2: autoDraw = True
40.1398 	EXP 	slider_2: autoDraw = True
40.5928 	DATA 	Mouse: Left button down, pos=(708,149)
40.6149 	EXP 	slider_2: markerPos = 3.662760416666667
40.6318 	EXP 	slider_2: markerPos = 3.662760416666667
40.6490 	EXP 	slider_2: markerPos = 3.662760416666667
40.6651 	EXP 	slider_2: markerPos = 3.662760416666667
40.6816 	EXP 	slider_2: markerPos = 3.65625
40.6981 	EXP 	slider_2: markerPos = 3.604166666666667
40.7148 	EXP 	slider_2: markerPos = 3.4739583333333335
40.7315 	EXP 	slider_2: markerPos = 3.3307291666666665
40.7486 	EXP 	slider_2: markerPos = 3.2526041666666665
40.7651 	EXP 	slider_2: markerPos = 3.1940104166666665
40.7814 	EXP 	slider_2: markerPos = 3.1940104166666665
40.7991 	EXP 	slider_2: markerPos = 3.1940104166666665
40.8012 	DATA 	Mouse:  Left button up, pos=(636,152)
40.8147 	EXP 	slider_2: markerPos = 3.1940104166666665
40.8147 	EXP 	slider_2: rating = 3.1940104166666665
40.8178 	EXP 	New trial (rep=0, index=9): OrderedDict([('Imagenes', 'imagenes\\Papas-limon.jpg')])
40.8441 	EXP 	image_2: autoDraw = False
40.8441 	EXP 	slider_2: autoDraw = False
40.8441 	EXP 	image_2: image = 'imagenes\\Papas-limon.jpg'
40.8441 	EXP 	slider_2: markerPos = None
40.8441 	EXP 	slider_2: markerPos = None
40.8441 	EXP 	slider_2: rating = None
40.8441 	EXP 	image_2: autoDraw = True
40.8441 	EXP 	slider_2: autoDraw = True
41.4204 	DATA 	Mouse: Left button down, pos=(485,155)
41.4327 	EXP 	slider_2: markerPos = 2.2109375
41.4491 	EXP 	slider_2: markerPos = 2.2109375
41.4648 	EXP 	slider_2: markerPos = 2.2109375
41.4816 	EXP 	slider_2: markerPos = 2.2109375
41.4981 	EXP 	slider_2: markerPos = 2.2109375
41.5150 	EXP 	slider_2: markerPos = 2.2109375
41.5184 	DATA 	Mouse:  Left button up, pos=(488,152)
41.5314 	EXP 	slider_2: markerPos = 2.2109375
41.5314 	EXP 	slider_2: rating = 2.2109375
41.5354 	EXP 	New trial (rep=0, index=10): OrderedDict([('Imagenes', 'imagenes\\Manzana.jpg')])
41.5757 	EXP 	image_2: autoDraw = False
41.5757 	EXP 	slider_2: autoDraw = False
41.5757 	EXP 	image_2: image = 'imagenes\\Manzana.jpg'
41.5757 	EXP 	slider_2: markerPos = None
41.5757 	EXP 	slider_2: markerPos = None
41.5757 	EXP 	slider_2: rating = None
41.5757 	EXP 	image_2: autoDraw = True
41.5757 	EXP 	slider_2: autoDraw = True
42.0358 	DATA 	Mouse: Left button down, pos=(837,146)
42.0481 	EXP 	slider_2: markerPos = 4.502604166666667
42.0650 	EXP 	slider_2: markerPos = 4.502604166666667
42.0818 	EXP 	slider_2: markerPos = 4.502604166666667
42.0981 	EXP 	slider_2: markerPos = 4.502604166666667
42.1152 	EXP 	slider_2: markerPos = 4.502604166666667
42.1314 	EXP 	slider_2: markerPos = 4.502604166666667
42.1337 	DATA 	Mouse:  Left button up, pos=(837,146)
42.1479 	EXP 	slider_2: markerPos = 4.502604166666667
42.1479 	EXP 	slider_2: rating = 4.502604166666667
42.1513 	EXP 	New trial (rep=0, index=11): OrderedDict([('Imagenes', 'imagenes\\Alpinito.jpg')])
42.2005 	EXP 	image_2: autoDraw = False
42.2005 	EXP 	slider_2: autoDraw = False
42.2005 	EXP 	image_2: image = 'imagenes\\Alpinito.jpg'
42.2005 	EXP 	slider_2: markerPos = None
42.2005 	EXP 	slider_2: markerPos = None
42.2005 	EXP 	slider_2: rating = None
42.2005 	EXP 	image_2: autoDraw = True
42.2005 	EXP 	slider_2: autoDraw = True
42.6031 	DATA 	Mouse: Left button down, pos=(1012,157)
42.6155 	EXP 	slider_2: markerPos = 5.641927083333334
42.6317 	EXP 	slider_2: markerPos = 5.641927083333334
42.6492 	EXP 	slider_2: markerPos = 5.641927083333334
42.6650 	EXP 	slider_2: markerPos = 5.641927083333334
42.6827 	EXP 	slider_2: markerPos = 5.641927083333334
42.6980 	EXP 	slider_2: markerPos = 5.641927083333334
42.7006 	DATA 	Mouse:  Left button up, pos=(1012,157)
42.7147 	EXP 	slider_2: markerPos = 5.641927083333334
42.7147 	EXP 	slider_2: rating = 5.641927083333334
42.7184 	EXP 	New trial (rep=0, index=12): OrderedDict([('Imagenes', 'imagenes\\Uvas.jpg')])
42.7545 	EXP 	image_2: autoDraw = False
42.7545 	EXP 	slider_2: autoDraw = False
42.7545 	EXP 	image_2: image = 'imagenes\\Uvas.jpg'
42.7545 	EXP 	slider_2: markerPos = None
42.7545 	EXP 	slider_2: markerPos = None
42.7545 	EXP 	slider_2: rating = None
42.7545 	EXP 	image_2: autoDraw = True
42.7545 	EXP 	slider_2: autoDraw = True
43.2293 	DATA 	Mouse: Left button down, pos=(663,141)
43.2491 	EXP 	slider_2: markerPos = 3.3697916666666665
43.2648 	EXP 	slider_2: markerPos = 3.3697916666666665
43.2813 	EXP 	slider_2: markerPos = 3.3697916666666665
43.2980 	EXP 	slider_2: markerPos = 3.3697916666666665
43.3151 	EXP 	slider_2: markerPos = 3.3697916666666665
43.3263 	DATA 	Mouse:  Left button up, pos=(671,141)
43.3316 	EXP 	slider_2: markerPos = 3.40234375
43.3478 	EXP 	slider_2: markerPos = 3.40234375
43.3478 	EXP 	slider_2: rating = 3.40234375
43.3507 	EXP 	New trial (rep=0, index=13): OrderedDict([('Imagenes', 'imagenes\\Galletas-festival.jpg')])
43.3927 	EXP 	image_2: autoDraw = False
43.3927 	EXP 	slider_2: autoDraw = False
43.3927 	EXP 	image_2: image = 'imagenes\\Galletas-festival.jpg'
43.3927 	EXP 	slider_2: markerPos = None
43.3927 	EXP 	slider_2: markerPos = None
43.3927 	EXP 	slider_2: rating = None
43.3927 	EXP 	image_2: autoDraw = True
43.3927 	EXP 	slider_2: autoDraw = True
43.7026 	DATA 	Mouse: Left button down, pos=(885,146)
43.7150 	EXP 	slider_2: markerPos = 4.815104166666666
43.7313 	EXP 	slider_2: markerPos = 4.815104166666666
43.7480 	EXP 	slider_2: markerPos = 4.815104166666666
43.7651 	EXP 	slider_2: markerPos = 4.815104166666666
43.7816 	EXP 	slider_2: markerPos = 4.815104166666666
43.7838 	DATA 	Mouse:  Left button up, pos=(885,146)
43.7979 	EXP 	slider_2: markerPos = 4.815104166666666
43.7979 	EXP 	slider_2: rating = 4.815104166666666
43.8007 	EXP 	New trial (rep=0, index=14): OrderedDict([('Imagenes', 'imagenes\\bon-bon-bun.jpg')])
43.8480 	EXP 	image_2: autoDraw = False
43.8480 	EXP 	slider_2: autoDraw = False
43.8480 	EXP 	image_2: image = 'imagenes\\bon-bon-bun.jpg'
43.8480 	EXP 	slider_2: markerPos = None
43.8480 	EXP 	slider_2: markerPos = None
43.8480 	EXP 	slider_2: rating = None
43.8480 	EXP 	image_2: autoDraw = True
43.8480 	EXP 	slider_2: autoDraw = True
44.1951 	DATA 	Mouse: Left button down, pos=(578,146)
44.2148 	EXP 	slider_2: markerPos = 2.81640625
44.2315 	EXP 	slider_2: markerPos = 2.81640625
44.2487 	EXP 	slider_2: markerPos = 2.81640625
44.2647 	EXP 	slider_2: markerPos = 2.81640625
44.2812 	EXP 	slider_2: markerPos = 2.81640625
44.2832 	DATA 	Mouse:  Left button up, pos=(578,146)
44.2979 	EXP 	slider_2: markerPos = 2.81640625
44.2979 	EXP 	slider_2: rating = 2.81640625
44.3016 	EXP 	New trial (rep=0, index=15): OrderedDict([('Imagenes', 'imagenes\\Brownie.jpg')])
44.3588 	EXP 	image_2: autoDraw = False
44.3588 	EXP 	slider_2: autoDraw = False
44.3588 	EXP 	image_2: image = 'imagenes\\Brownie.jpg'
44.3588 	EXP 	slider_2: markerPos = None
44.3588 	EXP 	slider_2: markerPos = None
44.3588 	EXP 	slider_2: rating = None
44.3588 	EXP 	image_2: autoDraw = True
44.3588 	EXP 	slider_2: autoDraw = True
44.6347 	DATA 	Mouse: Left button down, pos=(425,155)
44.6480 	EXP 	slider_2: markerPos = 1.8203125
44.6649 	EXP 	slider_2: markerPos = 1.8203125
44.6817 	EXP 	slider_2: markerPos = 1.8203125
44.6984 	EXP 	slider_2: markerPos = 1.8203125
44.7151 	EXP 	slider_2: markerPos = 1.8203125
44.7175 	DATA 	Mouse:  Left button up, pos=(425,155)
44.7316 	EXP 	slider_2: markerPos = 1.8203125
44.7316 	EXP 	slider_2: rating = 1.8203125
44.7346 	EXP 	New trial (rep=0, index=16): OrderedDict([('Imagenes', 'imagenes\\Leche-de-almendras.jpg')])
44.8517 	EXP 	image_2: autoDraw = False
44.8517 	EXP 	slider_2: autoDraw = False
44.8517 	EXP 	image_2: image = 'imagenes\\Leche-de-almendras.jpg'
44.8517 	EXP 	slider_2: markerPos = None
44.8517 	EXP 	slider_2: markerPos = None
44.8517 	EXP 	slider_2: rating = None
44.8517 	EXP 	image_2: autoDraw = True
44.8517 	EXP 	slider_2: autoDraw = True
45.1492 	DATA 	Mouse: Left button down, pos=(360,138)
45.1667 	EXP 	slider_2: markerPos = 1.3971354166666665
45.1817 	EXP 	slider_2: markerPos = 1.3971354166666665
45.1983 	EXP 	slider_2: markerPos = 1.3971354166666665
45.2151 	EXP 	slider_2: markerPos = 1.3971354166666665
45.2316 	EXP 	slider_2: markerPos = 1.3971354166666665
45.2340 	DATA 	Mouse:  Left button up, pos=(360,137)
45.2481 	EXP 	slider_2: markerPos = 1.3971354166666665
45.2481 	EXP 	slider_2: rating = 1.3971354166666665
45.2516 	EXP 	New trial (rep=0, index=17): OrderedDict([('Imagenes', 'imagenes\\Galletas Tosh.jpg')])
45.3002 	EXP 	image_2: autoDraw = False
45.3002 	EXP 	slider_2: autoDraw = False
45.3002 	EXP 	image_2: image = 'imagenes\\Galletas Tosh.jpg'
45.3002 	EXP 	slider_2: markerPos = None
45.3002 	EXP 	slider_2: markerPos = None
45.3002 	EXP 	slider_2: rating = None
45.3002 	EXP 	image_2: autoDraw = True
45.3002 	EXP 	slider_2: autoDraw = True
45.6023 	DATA 	Mouse: Left button down, pos=(760,137)
45.6147 	EXP 	slider_2: markerPos = 4.001302083333333
45.6313 	EXP 	slider_2: markerPos = 4.001302083333333
45.6479 	EXP 	slider_2: markerPos = 4.001302083333333
45.6647 	EXP 	slider_2: markerPos = 4.001302083333333
45.6812 	EXP 	slider_2: markerPos = 4.001302083333333
45.6838 	DATA 	Mouse:  Left button up, pos=(760,137)
45.6978 	EXP 	slider_2: markerPos = 4.001302083333333
45.6978 	EXP 	slider_2: rating = 4.001302083333333
45.7008 	EXP 	New trial (rep=0, index=18): OrderedDict([('Imagenes', 'imagenes\\Yogurt-alpina.jpg')])
45.7301 	EXP 	image_2: autoDraw = False
45.7301 	EXP 	slider_2: autoDraw = False
45.7301 	EXP 	image_2: image = 'imagenes\\Yogurt-alpina.jpg'
45.7301 	EXP 	slider_2: markerPos = None
45.7301 	EXP 	slider_2: markerPos = None
45.7301 	EXP 	slider_2: rating = None
45.7301 	EXP 	image_2: autoDraw = True
45.7301 	EXP 	slider_2: autoDraw = True
46.0344 	DATA 	Mouse: Left button down, pos=(514,136)
46.0489 	EXP 	slider_2: markerPos = 2.399739583333333
46.0646 	EXP 	slider_2: markerPos = 2.399739583333333
46.0812 	EXP 	slider_2: markerPos = 2.399739583333333
46.0978 	EXP 	slider_2: markerPos = 2.399739583333333
46.0996 	DATA 	Mouse:  Left button up, pos=(514,136)
46.1145 	EXP 	slider_2: markerPos = 2.399739583333333
46.1145 	EXP 	slider_2: rating = 2.399739583333333
46.1175 	EXP 	New trial (rep=0, index=19): OrderedDict([('Imagenes', 'imagenes\\Mango.jpeg')])
46.1670 	EXP 	image_2: autoDraw = False
46.1670 	EXP 	slider_2: autoDraw = False
46.1670 	EXP 	image_2: image = 'imagenes\\Mango.jpeg'
46.1670 	EXP 	slider_2: markerPos = None
46.1670 	EXP 	slider_2: markerPos = None
46.1670 	EXP 	slider_2: rating = None
46.1670 	EXP 	image_2: autoDraw = True
46.1670 	EXP 	slider_2: autoDraw = True
46.4513 	DATA 	Mouse: Left button down, pos=(820,139)
46.4645 	EXP 	slider_2: markerPos = 4.391927083333333
46.4812 	EXP 	slider_2: markerPos = 4.391927083333333
46.4989 	EXP 	slider_2: markerPos = 4.391927083333333
46.5147 	EXP 	slider_2: markerPos = 4.391927083333333
46.5205 	DATA 	Mouse:  Left button up, pos=(820,139)
46.5314 	EXP 	slider_2: markerPos = 4.391927083333333
46.5478 	EXP 	slider_2: markerPos = 4.391927083333333
46.5478 	EXP 	slider_2: rating = 4.391927083333333
46.5518 	EXP 	New trial (rep=0, index=1): OrderedDict([('Hertz', 400), ('volumen', 0.02)])
46.5614 	EXP 	Imported imagenes.xlsx as conditions, 20 conditions, 1 params
46.5618 	EXP 	Created sequence: random, trialTypes=20, nReps=1, seed=None
46.5622 	EXP 	New trial (rep=0, index=0): OrderedDict([('Imagenes', 'imagenes\\Banano.jpeg')])
46.5829 	EXP 	image_2: autoDraw = False
46.5829 	EXP 	slider_2: autoDraw = False
46.5829 	EXP 	image_2: image = 'imagenes\\Banano.jpeg'
46.5829 	EXP 	slider_2: markerPos = None
46.5829 	EXP 	slider_2: markerPos = None
46.5829 	EXP 	slider_2: rating = None
46.5829 	EXP 	image_2: autoDraw = True
46.5829 	EXP 	slider_2: autoDraw = True
46.8199 	DATA 	Mouse: Left button down, pos=(989,150)
46.8322 	EXP 	slider_2: markerPos = 5.4921875
46.8487 	EXP 	slider_2: markerPos = 5.4921875
46.8648 	EXP 	slider_2: markerPos = 5.4921875
46.8812 	EXP 	slider_2: markerPos = 5.4921875
46.8979 	EXP 	slider_2: markerPos = 5.4921875
46.9143 	EXP 	slider_2: markerPos = 5.4921875
46.9168 	DATA 	Mouse:  Left button up, pos=(989,150)
46.9315 	EXP 	slider_2: markerPos = 5.4921875
46.9315 	EXP 	slider_2: rating = 5.4921875
46.9363 	EXP 	New trial (rep=0, index=1): OrderedDict([('Imagenes', 'imagenes\\bon-bon-bun.jpg')])
46.9651 	EXP 	image_2: autoDraw = False
46.9651 	EXP 	slider_2: autoDraw = False
46.9651 	EXP 	image_2: image = 'imagenes\\bon-bon-bun.jpg'
46.9651 	EXP 	slider_2: markerPos = None
46.9651 	EXP 	slider_2: markerPos = None
46.9651 	EXP 	slider_2: rating = None
46.9651 	EXP 	image_2: autoDraw = True
46.9651 	EXP 	slider_2: autoDraw = True
49.0066 	DATA 	Mouse: Left button down, pos=(680,152)
49.0311 	EXP 	slider_2: markerPos = 3.48046875
49.0486 	EXP 	slider_2: markerPos = 3.48046875
49.0644 	EXP 	slider_2: markerPos = 3.48046875
49.0810 	EXP 	slider_2: markerPos = 3.48046875
49.0981 	EXP 	slider_2: markerPos = 3.48046875
49.1147 	EXP 	slider_2: markerPos = 3.48046875
49.1170 	DATA 	Mouse:  Left button up, pos=(680,152)
49.1308 	EXP 	slider_2: markerPos = 3.48046875
49.1308 	EXP 	slider_2: rating = 3.48046875
49.1344 	EXP 	New trial (rep=0, index=2): OrderedDict([('Imagenes', 'imagenes\\Kiwi.jpg')])
49.1508 	EXP 	image_2: autoDraw = False
49.1508 	EXP 	slider_2: autoDraw = False
49.1508 	EXP 	image_2: image = 'imagenes\\Kiwi.jpg'
49.1508 	EXP 	slider_2: markerPos = None
49.1508 	EXP 	slider_2: markerPos = None
49.1508 	EXP 	slider_2: rating = None
49.1508 	EXP 	image_2: autoDraw = True
49.1508 	EXP 	slider_2: autoDraw = True
49.6340 	DATA 	Mouse: Left button down, pos=(525,168)
49.6490 	EXP 	slider_2: markerPos = 2.471354166666667
49.6646 	EXP 	slider_2: markerPos = 2.471354166666667
49.6810 	EXP 	slider_2: markerPos = 2.471354166666667
49.6978 	EXP 	slider_2: markerPos = 2.471354166666667
49.7143 	EXP 	slider_2: markerPos = 2.471354166666667
49.7170 	DATA 	Mouse:  Left button up, pos=(525,168)
49.7314 	EXP 	slider_2: markerPos = 2.471354166666667
49.7314 	EXP 	slider_2: rating = 2.471354166666667
49.7355 	EXP 	New trial (rep=0, index=3): OrderedDict([('Imagenes', 'imagenes\\Chocoramo.jfif.jpg')])
49.7678 	EXP 	image_2: autoDraw = False
49.7678 	EXP 	slider_2: autoDraw = False
49.7678 	EXP 	image_2: image = 'imagenes\\Chocoramo.jfif.jpg'
49.7678 	EXP 	slider_2: markerPos = None
49.7678 	EXP 	slider_2: markerPos = None
49.7678 	EXP 	slider_2: rating = None
49.7678 	EXP 	image_2: autoDraw = True
49.7678 	EXP 	slider_2: autoDraw = True
50.4195 	DATA 	Mouse: Left button down, pos=(855,162)
50.4321 	EXP 	slider_2: markerPos = 4.619791666666667
50.4496 	EXP 	slider_2: markerPos = 4.619791666666667
50.4643 	EXP 	slider_2: markerPos = 4.619791666666667
50.4810 	EXP 	slider_2: markerPos = 4.619791666666667
50.4836 	DATA 	Mouse:  Left button up, pos=(855,162)
50.4975 	EXP 	slider_2: markerPos = 4.619791666666667
50.4975 	EXP 	slider_2: rating = 4.619791666666667
50.5006 	EXP 	New trial (rep=0, index=4): OrderedDict([('Imagenes', 'imagenes\\Manzana.jpg')])
50.5354 	EXP 	image_2: autoDraw = False
50.5354 	EXP 	slider_2: autoDraw = False
50.5354 	EXP 	image_2: image = 'imagenes\\Manzana.jpg'
50.5354 	EXP 	slider_2: markerPos = None
50.5354 	EXP 	slider_2: markerPos = None
50.5354 	EXP 	slider_2: rating = None
50.5354 	EXP 	image_2: autoDraw = True
50.5354 	EXP 	slider_2: autoDraw = True
50.9597 	DATA 	Mouse: Left button down, pos=(415,165)
50.9812 	EXP 	slider_2: markerPos = 1.7552083333333335
50.9990 	EXP 	slider_2: markerPos = 1.7552083333333335
51.0146 	EXP 	slider_2: markerPos = 1.7552083333333335
51.0309 	EXP 	slider_2: markerPos = 1.7552083333333335
51.0400 	DATA 	Mouse:  Left button up, pos=(416,165)
51.0476 	EXP 	slider_2: markerPos = 1.7552083333333335
51.0642 	EXP 	slider_2: markerPos = 1.7552083333333335
51.0642 	EXP 	slider_2: rating = 1.7552083333333335
51.0678 	EXP 	New trial (rep=0, index=5): OrderedDict([('Imagenes', 'imagenes\\Mango.jpeg')])
51.0968 	EXP 	image_2: autoDraw = False
51.0968 	EXP 	slider_2: autoDraw = False
51.0968 	EXP 	image_2: image = 'imagenes\\Mango.jpeg'
51.0968 	EXP 	slider_2: markerPos = None
51.0968 	EXP 	slider_2: markerPos = None
51.0968 	EXP 	slider_2: rating = None
51.0968 	EXP 	image_2: autoDraw = True
51.0968 	EXP 	slider_2: autoDraw = True
51.4850 	DATA 	Mouse: Left button down, pos=(1015,154)
51.4976 	EXP 	slider_2: markerPos = 5.661458333333334
51.5146 	EXP 	slider_2: markerPos = 5.661458333333334
51.5313 	EXP 	slider_2: markerPos = 5.661458333333334
51.5388 	DATA 	Mouse:  Left button up, pos=(1015,154)
51.5475 	EXP 	slider_2: markerPos = 5.661458333333334
51.5646 	EXP 	slider_2: markerPos = 5.661458333333334
51.5646 	EXP 	slider_2: rating = 5.661458333333334
51.5687 	EXP 	New trial (rep=0, index=6): OrderedDict([('Imagenes', 'imagenes\\Papas-pollo.jpg')])
51.5864 	EXP 	image_2: autoDraw = False
51.5864 	EXP 	slider_2: autoDraw = False
51.5864 	EXP 	image_2: image = 'imagenes\\Papas-pollo.jpg'
51.5864 	EXP 	slider_2: markerPos = None
51.5864 	EXP 	slider_2: markerPos = None
51.5864 	EXP 	slider_2: rating = None
51.5864 	EXP 	image_2: autoDraw = True
51.5864 	EXP 	slider_2: autoDraw = True
51.7703 	DATA 	Mouse: Left button down, pos=(761,149)
51.7825 	EXP 	slider_2: markerPos = 4.0078125
51.7992 	EXP 	slider_2: markerPos = 4.0078125
51.8142 	EXP 	slider_2: markerPos = 4.0078125
51.8310 	EXP 	slider_2: markerPos = 4.0078125
51.8476 	EXP 	slider_2: markerPos = 4.0078125
51.8503 	DATA 	Mouse:  Left button up, pos=(761,149)
51.8646 	EXP 	slider_2: markerPos = 4.0078125
51.8646 	EXP 	slider_2: rating = 4.0078125
51.8676 	EXP 	New trial (rep=0, index=7): OrderedDict([('Imagenes', 'imagenes\\Papas-limon.jpg')])
51.8847 	EXP 	image_2: autoDraw = False
51.8847 	EXP 	slider_2: autoDraw = False
51.8847 	EXP 	image_2: image = 'imagenes\\Papas-limon.jpg'
51.8847 	EXP 	slider_2: markerPos = None
51.8847 	EXP 	slider_2: markerPos = None
51.8847 	EXP 	slider_2: rating = None
51.8847 	EXP 	image_2: autoDraw = True
51.8847 	EXP 	slider_2: autoDraw = True
52.0242 	DATA 	Mouse: Left button down, pos=(635,140)
52.0363 	EXP 	slider_2: markerPos = 3.1875
52.0499 	EXP 	slider_2: markerPos = 3.1875
52.0643 	EXP 	slider_2: markerPos = 3.1875
52.0812 	EXP 	slider_2: markerPos = 3.1875
52.0974 	EXP 	slider_2: markerPos = 3.1875
52.0994 	DATA 	Mouse:  Left button up, pos=(634,140)
52.1143 	EXP 	slider_2: markerPos = 3.1875
52.1143 	EXP 	slider_2: rating = 3.1875
52.1174 	EXP 	New trial (rep=0, index=8): OrderedDict([('Imagenes', 'imagenes\\Rosquitas (1).jpg')])
52.1465 	EXP 	image_2: autoDraw = False
52.1465 	EXP 	slider_2: autoDraw = False
52.1465 	EXP 	image_2: image = 'imagenes\\Rosquitas (1).jpg'
52.1465 	EXP 	slider_2: markerPos = None
52.1465 	EXP 	slider_2: markerPos = None
52.1465 	EXP 	slider_2: rating = None
52.1465 	EXP 	image_2: autoDraw = True
52.1465 	EXP 	slider_2: autoDraw = True
52.2930 	DATA 	Mouse: Left button down, pos=(487,156)
52.3143 	EXP 	slider_2: markerPos = 2.2239583333333335
52.3309 	EXP 	slider_2: markerPos = 2.2239583333333335
52.3486 	EXP 	slider_2: markerPos = 2.2239583333333335
52.3646 	EXP 	slider_2: markerPos = 2.256510416666667
52.3663 	DATA 	Mouse:  Left button up, pos=(510,156)
52.3810 	EXP 	slider_2: markerPos = 2.256510416666667
52.3810 	EXP 	slider_2: rating = 2.256510416666667
52.3849 	EXP 	New trial (rep=0, index=9): OrderedDict([('Imagenes', 'imagenes\\Popetas.jpg')])
52.4303 	EXP 	image_2: autoDraw = False
52.4303 	EXP 	slider_2: autoDraw = False
52.4303 	EXP 	image_2: image = 'imagenes\\Popetas.jpg'
52.4303 	EXP 	slider_2: markerPos = None
52.4303 	EXP 	slider_2: markerPos = None
52.4303 	EXP 	slider_2: rating = None
52.4303 	EXP 	image_2: autoDraw = True
52.4303 	EXP 	slider_2: autoDraw = True
52.5337 	DATA 	Mouse: Left button down, pos=(831,157)
52.5475 	EXP 	slider_2: markerPos = 4.463541666666667
52.5644 	EXP 	slider_2: markerPos = 4.463541666666667
52.5809 	EXP 	slider_2: markerPos = 4.463541666666667
52.5975 	EXP 	slider_2: markerPos = 4.463541666666667
52.6146 	EXP 	slider_2: markerPos = 4.463541666666667
52.6183 	DATA 	Mouse:  Left button up, pos=(831,157)
52.6312 	EXP 	slider_2: markerPos = 4.463541666666667
52.6312 	EXP 	slider_2: rating = 4.463541666666667
52.6350 	EXP 	New trial (rep=0, index=10): OrderedDict([('Imagenes', 'imagenes\\Uvas.jpg')])
52.6568 	EXP 	image_2: autoDraw = False
52.6568 	EXP 	slider_2: autoDraw = False
52.6568 	EXP 	image_2: image = 'imagenes\\Uvas.jpg'
52.6568 	EXP 	slider_2: markerPos = None
52.6568 	EXP 	slider_2: markerPos = None
52.6568 	EXP 	slider_2: rating = None
52.6568 	EXP 	image_2: autoDraw = True
52.6568 	EXP 	slider_2: autoDraw = True
52.7461 	DATA 	Mouse: Left button down, pos=(563,152)
52.7648 	EXP 	slider_2: markerPos = 2.69921875
52.7808 	EXP 	slider_2: markerPos = 2.69921875
52.7991 	EXP 	slider_2: markerPos = 2.69921875
52.8142 	EXP 	slider_2: markerPos = 2.69921875
52.8220 	DATA 	Mouse:  Left button up, pos=(560,152)
52.8310 	EXP 	slider_2: markerPos = 2.69921875
52.8474 	EXP 	slider_2: markerPos = 2.69921875
52.8474 	EXP 	slider_2: rating = 2.69921875
52.8513 	EXP 	New trial (rep=0, index=11): OrderedDict([('Imagenes', 'imagenes\\Galletas Tosh.jpg')])
52.8868 	EXP 	image_2: autoDraw = False
52.8868 	EXP 	slider_2: autoDraw = False
52.8868 	EXP 	image_2: image = 'imagenes\\Galletas Tosh.jpg'
52.8868 	EXP 	slider_2: markerPos = None
52.8868 	EXP 	slider_2: markerPos = None
52.8868 	EXP 	slider_2: rating = None
52.8868 	EXP 	image_2: autoDraw = True
52.8868 	EXP 	slider_2: autoDraw = True
52.9546 	DATA 	Mouse: Left button down, pos=(677,155)
52.9686 	EXP 	slider_2: markerPos = 3.4674479166666665
52.9809 	EXP 	slider_2: markerPos = 3.4674479166666665
52.9978 	EXP 	slider_2: markerPos = 3.4674479166666665
53.0147 	EXP 	slider_2: markerPos = 3.4674479166666665
53.0309 	EXP 	slider_2: markerPos = 3.4674479166666665
53.0475 	EXP 	slider_2: markerPos = 3.4674479166666665
53.0496 	DATA 	Mouse:  Left button up, pos=(674,155)
53.0645 	EXP 	slider_2: markerPos = 3.4674479166666665
53.0645 	EXP 	slider_2: rating = 3.4674479166666665
53.0676 	EXP 	New trial (rep=0, index=12): OrderedDict([('Imagenes', 'imagenes\\Alpinito.jpg')])
53.1066 	EXP 	image_2: autoDraw = False
53.1066 	EXP 	slider_2: autoDraw = False
53.1066 	EXP 	image_2: image = 'imagenes\\Alpinito.jpg'
53.1066 	EXP 	slider_2: markerPos = None
53.1066 	EXP 	slider_2: markerPos = None
53.1066 	EXP 	slider_2: rating = None
53.1066 	EXP 	image_2: autoDraw = True
53.1066 	EXP 	slider_2: autoDraw = True
53.1560 	DATA 	Mouse: Left button down, pos=(578,164)
53.1810 	EXP 	slider_2: markerPos = 2.81640625
53.1991 	EXP 	slider_2: markerPos = 2.81640625
53.2145 	EXP 	slider_2: markerPos = 2.81640625
53.2312 	EXP 	slider_2: markerPos = 2.8359375
53.2337 	DATA 	Mouse:  Left button up, pos=(602,164)
53.2474 	EXP 	slider_2: markerPos = 2.8359375
53.2474 	EXP 	slider_2: rating = 2.8359375
53.2506 	EXP 	New trial (rep=0, index=13): OrderedDict([('Imagenes', 'imagenes\\Nutella (1).jpg')])
53.2693 	EXP 	image_2: autoDraw = False
53.2693 	EXP 	slider_2: autoDraw = False
53.2693 	EXP 	image_2: image = 'imagenes\\Nutella (1).jpg'
53.2693 	EXP 	slider_2: markerPos = None
53.2693 	EXP 	slider_2: markerPos = None
53.2693 	EXP 	slider_2: rating = None
53.2693 	EXP 	image_2: autoDraw = True
53.2693 	EXP 	slider_2: autoDraw = True
53.3344 	DATA 	Mouse: Left button down, pos=(838,165)
53.3639 	EXP 	slider_2: markerPos = 4.509114583333333
53.3808 	EXP 	slider_2: markerPos = 4.509114583333333
53.3972 	EXP 	slider_2: markerPos = 4.509114583333333
53.4138 	EXP 	slider_2: markerPos = 4.509114583333333
53.4306 	EXP 	slider_2: markerPos = 4.509114583333333
53.4329 	DATA 	Mouse:  Left button up, pos=(838,165)
53.4474 	EXP 	slider_2: markerPos = 4.509114583333333
53.4474 	EXP 	slider_2: rating = 4.509114583333333
53.4513 	EXP 	New trial (rep=0, index=14): OrderedDict([('Imagenes', 'imagenes\\Galletas-festival.jpg')])
53.4768 	EXP 	image_2: autoDraw = False
53.4768 	EXP 	slider_2: autoDraw = False
53.4768 	EXP 	image_2: image = 'imagenes\\Galletas-festival.jpg'
53.4768 	EXP 	slider_2: markerPos = None
53.4768 	EXP 	slider_2: markerPos = None
53.4768 	EXP 	slider_2: rating = None
53.4768 	EXP 	image_2: autoDraw = True
53.4768 	EXP 	slider_2: autoDraw = True
53.5332 	DATA 	Mouse: Left button down, pos=(833,167)
53.5475 	EXP 	slider_2: markerPos = 4.385416666666667
53.5643 	EXP 	slider_2: markerPos = 4.196614583333333
53.5808 	EXP 	slider_2: markerPos = 3.994791666666667
53.5973 	EXP 	slider_2: markerPos = 3.766927083333333
53.6031 	DATA 	Mouse:  Left button up, pos=(669,169)
53.6142 	EXP 	slider_2: markerPos = 3.5390625
53.6307 	EXP 	slider_2: markerPos = 3.5390625
53.6307 	EXP 	slider_2: rating = 3.5390625
53.6344 	EXP 	New trial (rep=0, index=15): OrderedDict([('Imagenes', 'imagenes\\Croissant.jpg')])
53.6676 	EXP 	image_2: autoDraw = False
53.6676 	EXP 	slider_2: autoDraw = False
53.6676 	EXP 	image_2: image = 'imagenes\\Croissant.jpg'
53.6676 	EXP 	slider_2: markerPos = None
53.6676 	EXP 	slider_2: markerPos = None
53.6676 	EXP 	slider_2: rating = None
53.6676 	EXP 	image_2: autoDraw = True
53.6676 	EXP 	slider_2: autoDraw = True
53.6907 	DATA 	Mouse: Left button down, pos=(565,166)
53.7145 	EXP 	slider_2: markerPos = 2.731770833333333
53.7309 	EXP 	slider_2: markerPos = 2.731770833333333
53.7476 	EXP 	slider_2: markerPos = 2.731770833333333
53.7597 	DATA 	Mouse:  Left button up, pos=(565,166)
53.7645 	EXP 	slider_2: markerPos = 2.731770833333333
53.7808 	EXP 	slider_2: markerPos = 2.731770833333333
53.7808 	EXP 	slider_2: rating = 2.731770833333333
53.7839 	EXP 	New trial (rep=0, index=16): OrderedDict([('Imagenes', 'imagenes\\Yogurt-alpina.jpg')])
53.8088 	EXP 	image_2: autoDraw = False
53.8088 	EXP 	slider_2: autoDraw = False
53.8088 	EXP 	image_2: image = 'imagenes\\Yogurt-alpina.jpg'
53.8088 	EXP 	slider_2: markerPos = None
53.8088 	EXP 	slider_2: markerPos = None
53.8088 	EXP 	slider_2: rating = None
53.8088 	EXP 	image_2: autoDraw = True
53.8088 	EXP 	slider_2: autoDraw = True
53.9933 	DATA 	Mouse: Left button down, pos=(960,148)
54.0146 	EXP 	slider_2: markerPos = 5.303385416666666
54.0309 	EXP 	slider_2: markerPos = 5.303385416666666
54.0490 	EXP 	slider_2: markerPos = 5.303385416666666
54.0642 	EXP 	slider_2: markerPos = 5.303385416666666
54.0810 	EXP 	slider_2: markerPos = 5.303385416666666
54.0909 	DATA 	Mouse:  Left button up, pos=(960,148)
54.0973 	EXP 	slider_2: markerPos = 5.303385416666666
54.1140 	EXP 	slider_2: markerPos = 5.303385416666666
54.1140 	EXP 	slider_2: rating = 5.303385416666666
54.1171 	EXP 	New trial (rep=0, index=17): OrderedDict([('Imagenes', 'imagenes\\Papas-naturales.jpg')])
54.1343 	EXP 	image_2: autoDraw = False
54.1343 	EXP 	slider_2: autoDraw = False
54.1343 	EXP 	image_2: image = 'imagenes\\Papas-naturales.jpg'
54.1343 	EXP 	slider_2: markerPos = None
54.1343 	EXP 	slider_2: markerPos = None
54.1343 	EXP 	slider_2: rating = None
54.1343 	EXP 	image_2: autoDraw = True
54.1343 	EXP 	slider_2: autoDraw = True
54.1995 	DATA 	Mouse: Left button down, pos=(1025,156)
54.2145 	EXP 	slider_2: markerPos = 5.7265625
54.2308 	EXP 	slider_2: markerPos = 5.7265625
54.2473 	EXP 	slider_2: markerPos = 5.7265625
54.2645 	EXP 	slider_2: markerPos = 5.7265625
54.2808 	EXP 	slider_2: markerPos = 5.7265625
54.2975 	EXP 	slider_2: markerPos = 5.7265625
54.2996 	DATA 	Mouse:  Left button up, pos=(1025,156)
54.3142 	EXP 	slider_2: markerPos = 5.7265625
54.3142 	EXP 	slider_2: rating = 5.7265625
54.3181 	EXP 	New trial (rep=0, index=18): OrderedDict([('Imagenes', 'imagenes\\Leche-de-almendras.jpg')])
54.4284 	EXP 	image_2: autoDraw = False
54.4284 	EXP 	slider_2: autoDraw = False
54.4284 	EXP 	image_2: image = 'imagenes\\Leche-de-almendras.jpg'
54.4284 	EXP 	slider_2: markerPos = None
54.4284 	EXP 	slider_2: markerPos = None
54.4284 	EXP 	slider_2: rating = None
54.4284 	EXP 	image_2: autoDraw = True
54.4284 	EXP 	slider_2: autoDraw = True
54.4672 	DATA 	Mouse: Left button down, pos=(526,143)
54.4807 	EXP 	slider_2: markerPos = 2.458333333333333
54.4975 	EXP 	slider_2: markerPos = 2.451822916666667
54.5142 	EXP 	slider_2: markerPos = 2.451822916666667
54.5309 	EXP 	slider_2: markerPos = 2.451822916666667
54.5474 	EXP 	slider_2: markerPos = 2.4453125
54.5493 	DATA 	Mouse:  Left button up, pos=(515,141)
54.5643 	EXP 	slider_2: markerPos = 2.4453125
54.5643 	EXP 	slider_2: rating = 2.4453125
54.5665 	EXP 	New trial (rep=0, index=19): OrderedDict([('Imagenes', 'imagenes\\Brownie.jpg')])
54.5930 	EXP 	image_2: autoDraw = False
54.5930 	EXP 	slider_2: autoDraw = False
54.5930 	EXP 	image_2: image = 'imagenes\\Brownie.jpg'
54.5930 	EXP 	slider_2: markerPos = None
54.5930 	EXP 	slider_2: markerPos = None
54.5930 	EXP 	slider_2: rating = None
54.5930 	EXP 	image_2: autoDraw = True
54.5930 	EXP 	slider_2: autoDraw = True
54.6664 	DATA 	Mouse: Left button down, pos=(415,152)
54.6806 	EXP 	slider_2: markerPos = 1.7552083333333335
54.6972 	EXP 	slider_2: markerPos = 1.7552083333333335
54.7139 	EXP 	slider_2: markerPos = 1.7552083333333335
54.7305 	EXP 	slider_2: markerPos = 1.7552083333333335
54.7473 	EXP 	slider_2: markerPos = 1.7552083333333335
54.7496 	DATA 	Mouse:  Left button up, pos=(415,152)
54.7639 	EXP 	slider_2: markerPos = 1.7552083333333335
54.7639 	EXP 	slider_2: rating = 1.7552083333333335
54.7663 	EXP 	New trial (rep=0, index=2): OrderedDict([('Hertz', 1000), ('volumen', 0.02)])
54.7718 	EXP 	Imported imagenes.xlsx as conditions, 20 conditions, 1 params
54.7721 	EXP 	Created sequence: random, trialTypes=20, nReps=1, seed=None
54.7723 	EXP 	New trial (rep=0, index=0): OrderedDict([('Imagenes', 'imagenes\\Kiwi.jpg')])
54.7854 	EXP 	image_2: autoDraw = False
54.7854 	EXP 	slider_2: autoDraw = False
54.7854 	EXP 	image_2: image = 'imagenes\\Kiwi.jpg'
54.7854 	EXP 	slider_2: markerPos = None
54.7854 	EXP 	slider_2: markerPos = None
54.7854 	EXP 	slider_2: rating = None
54.7854 	EXP 	image_2: autoDraw = True
54.7854 	EXP 	slider_2: autoDraw = True
54.9190 	DATA 	Mouse: Left button down, pos=(529,173)
54.9472 	EXP 	slider_2: markerPos = 2.549479166666667
54.9639 	EXP 	slider_2: markerPos = 2.6796875
54.9805 	EXP 	slider_2: markerPos = 2.809895833333333
54.9972 	EXP 	slider_2: markerPos = 2.97265625
54.9995 	DATA 	Mouse:  Left button up, pos=(610,173)
55.0139 	EXP 	slider_2: markerPos = 2.97265625
55.0139 	EXP 	slider_2: rating = 2.97265625
55.0165 	EXP 	New trial (rep=0, index=1): OrderedDict([('Imagenes', 'imagenes\\Rosquitas (1).jpg')])
55.0350 	EXP 	image_2: autoDraw = False
55.0350 	EXP 	slider_2: autoDraw = False
55.0350 	EXP 	image_2: image = 'imagenes\\Rosquitas (1).jpg'
55.0350 	EXP 	slider_2: markerPos = None
55.0350 	EXP 	slider_2: markerPos = None
55.0350 	EXP 	slider_2: rating = None
55.0350 	EXP 	image_2: autoDraw = True
55.0350 	EXP 	slider_2: autoDraw = True
55.5192 	DATA 	Mouse: Left button down, pos=(763,142)
55.5313 	EXP 	slider_2: markerPos = 4.020833333333333
55.5493 	EXP 	slider_2: markerPos = 4.020833333333333
55.5647 	EXP 	slider_2: markerPos = 4.020833333333333
55.5808 	EXP 	slider_2: markerPos = 4.020833333333333
55.5887 	DATA 	Mouse:  Left button up, pos=(760,142)
55.5973 	EXP 	slider_2: markerPos = 4.020833333333333
55.6144 	EXP 	slider_2: markerPos = 4.020833333333333
55.6144 	EXP 	slider_2: rating = 4.020833333333333
55.6177 	EXP 	New trial (rep=0, index=2): OrderedDict([('Imagenes', 'imagenes\\Mango.jpeg')])
55.6431 	EXP 	image_2: autoDraw = False
55.6431 	EXP 	slider_2: autoDraw = False
55.6431 	EXP 	image_2: image = 'imagenes\\Mango.jpeg'
55.6431 	EXP 	slider_2: markerPos = None
55.6431 	EXP 	slider_2: markerPos = None
55.6431 	EXP 	slider_2: rating = None
55.6431 	EXP 	image_2: autoDraw = True
55.6431 	EXP 	slider_2: autoDraw = True
55.7018 	DATA 	Mouse: Left button down, pos=(622,154)
55.7143 	EXP 	slider_2: markerPos = 3.1028645833333335
55.7308 	EXP 	slider_2: markerPos = 3.0833333333333335
55.7473 	EXP 	slider_2: markerPos = 3.0768229166666665
55.7644 	EXP 	slider_2: markerPos = 3.0768229166666665
55.7807 	EXP 	slider_2: markerPos = 3.0768229166666665
55.7868 	DATA 	Mouse:  Left button up, pos=(618,154)
55.7972 	EXP 	slider_2: markerPos = 3.0768229166666665
55.8140 	EXP 	slider_2: markerPos = 3.0768229166666665
55.8140 	EXP 	slider_2: rating = 3.0768229166666665
55.8171 	EXP 	New trial (rep=0, index=3): OrderedDict([('Imagenes', 'imagenes\\bon-bon-bun.jpg')])
55.8680 	EXP 	image_2: autoDraw = False
55.8680 	EXP 	slider_2: autoDraw = False
55.8680 	EXP 	image_2: image = 'imagenes\\bon-bon-bun.jpg'
55.8680 	EXP 	slider_2: markerPos = None
55.8680 	EXP 	slider_2: markerPos = None
55.8680 	EXP 	slider_2: rating = None
55.8680 	EXP 	image_2: autoDraw = True
55.8680 	EXP 	slider_2: autoDraw = True
55.8872 	DATA 	Mouse: Left button down, pos=(610,155)
55.9144 	EXP 	slider_2: markerPos = 3.0182291666666665
55.9307 	EXP 	slider_2: markerPos = 3.0182291666666665
55.9485 	EXP 	slider_2: markerPos = 3.0182291666666665
55.9645 	EXP 	slider_2: markerPos = 3.0182291666666665
55.9689 	DATA 	Mouse:  Left button up, pos=(611,155)
55.9807 	EXP 	slider_2: markerPos = 3.0182291666666665
55.9807 	EXP 	slider_2: rating = 3.0182291666666665
55.9851 	EXP 	New trial (rep=0, index=4): OrderedDict([('Imagenes', 'imagenes\\Papas-naturales.jpg')])
56.0031 	EXP 	image_2: autoDraw = False
56.0031 	EXP 	slider_2: autoDraw = False
56.0031 	EXP 	image_2: image = 'imagenes\\Papas-naturales.jpg'
56.0031 	EXP 	slider_2: markerPos = None
56.0031 	EXP 	slider_2: markerPos = None
56.0031 	EXP 	slider_2: rating = None
56.0031 	EXP 	image_2: autoDraw = True
56.0031 	EXP 	slider_2: autoDraw = True
56.0841 	DATA 	Mouse: Left button down, pos=(903,147)
56.0974 	EXP 	slider_2: markerPos = 4.932291666666666
56.1144 	EXP 	slider_2: markerPos = 4.932291666666666
56.1310 	EXP 	slider_2: markerPos = 4.932291666666666
56.1490 	EXP 	slider_2: markerPos = 4.932291666666666
56.1642 	EXP 	slider_2: markerPos = 4.932291666666666
56.1810 	EXP 	slider_2: markerPos = 4.938802083333334
56.1908 	DATA 	Mouse:  Left button up, pos=(930,147)
56.1972 	EXP 	slider_2: markerPos = 5.049479166666666
56.2141 	EXP 	slider_2: markerPos = 5.049479166666666
56.2141 	EXP 	slider_2: rating = 5.049479166666666
56.2173 	EXP 	New trial (rep=0, index=5): OrderedDict([('Imagenes', 'imagenes\\Alpinito.jpg')])
56.2531 	EXP 	image_2: autoDraw = False
56.2531 	EXP 	slider_2: autoDraw = False
56.2531 	EXP 	image_2: image = 'imagenes\\Alpinito.jpg'
56.2531 	EXP 	slider_2: markerPos = None
56.2531 	EXP 	slider_2: markerPos = None
56.2531 	EXP 	slider_2: rating = None
56.2531 	EXP 	image_2: autoDraw = True
56.2531 	EXP 	slider_2: autoDraw = True
56.2675 	DATA 	Mouse: Left button down, pos=(1045,149)
56.2808 	EXP 	slider_2: markerPos = 5.856770833333334
56.2982 	EXP 	slider_2: markerPos = 5.856770833333334
56.3141 	EXP 	slider_2: markerPos = 5.856770833333334
56.3307 	EXP 	slider_2: markerPos = 5.856770833333334
56.3473 	EXP 	slider_2: markerPos = 5.856770833333334
56.3644 	EXP 	slider_2: markerPos = 5.856770833333334
56.3681 	DATA 	Mouse:  Left button up, pos=(1045,149)
56.3808 	EXP 	slider_2: markerPos = 5.856770833333334
56.3808 	EXP 	slider_2: rating = 5.856770833333334
56.3848 	EXP 	New trial (rep=0, index=6): OrderedDict([('Imagenes', 'imagenes\\Manzana.jpg')])
56.4201 	EXP 	image_2: autoDraw = False
56.4201 	EXP 	slider_2: autoDraw = False
56.4201 	EXP 	image_2: image = 'imagenes\\Manzana.jpg'
56.4201 	EXP 	slider_2: markerPos = None
56.4201 	EXP 	slider_2: markerPos = None
56.4201 	EXP 	slider_2: rating = None
56.4201 	EXP 	image_2: autoDraw = True
56.4201 	EXP 	slider_2: autoDraw = True
56.6112 	DATA 	Mouse: Left button down, pos=(557,145)
56.6307 	EXP 	slider_2: markerPos = 2.673177083333333
56.6474 	EXP 	slider_2: markerPos = 2.66015625
56.6641 	EXP 	slider_2: markerPos = 2.653645833333333
56.6811 	EXP 	slider_2: markerPos = 2.647135416666667
56.6984 	EXP 	slider_2: markerPos = 2.6015625
56.7004 	DATA 	Mouse:  Left button up, pos=(539,145)
56.7144 	EXP 	slider_2: markerPos = 2.6015625
56.7144 	EXP 	slider_2: rating = 2.6015625
56.7174 	EXP 	New trial (rep=0, index=7): OrderedDict([('Imagenes', 'imagenes\\Galletas Tosh.jpg')])
56.7523 	EXP 	image_2: autoDraw = False
56.7523 	EXP 	slider_2: autoDraw = False
56.7523 	EXP 	image_2: image = 'imagenes\\Galletas Tosh.jpg'
56.7523 	EXP 	slider_2: markerPos = None
56.7523 	EXP 	slider_2: markerPos = None
56.7523 	EXP 	slider_2: rating = None
56.7523 	EXP 	image_2: autoDraw = True
56.7523 	EXP 	slider_2: autoDraw = True
56.8040 	DATA 	Mouse: Left button down, pos=(493,144)
56.8308 	EXP 	slider_2: markerPos = 2.2434895833333335
56.8471 	EXP 	slider_2: markerPos = 2.2434895833333335
56.8638 	EXP 	slider_2: markerPos = 2.2434895833333335
56.8808 	EXP 	slider_2: markerPos = 2.2434895833333335
56.8825 	DATA 	Mouse:  Left button up, pos=(490,143)
56.8972 	EXP 	slider_2: markerPos = 2.2434895833333335
56.8972 	EXP 	slider_2: rating = 2.2434895833333335
56.9010 	EXP 	New trial (rep=0, index=8): OrderedDict([('Imagenes', 'imagenes\\Chocoramo.jfif.jpg')])
56.9346 	EXP 	image_2: autoDraw = False
56.9346 	EXP 	slider_2: autoDraw = False
56.9346 	EXP 	image_2: image = 'imagenes\\Chocoramo.jfif.jpg'
56.9346 	EXP 	slider_2: markerPos = None
56.9346 	EXP 	slider_2: markerPos = None
56.9346 	EXP 	slider_2: rating = None
56.9346 	EXP 	image_2: autoDraw = True
56.9346 	EXP 	slider_2: autoDraw = True
58.7018 	DATA 	Mouse: Left button down, pos=(698,144)
58.7139 	EXP 	slider_2: markerPos = 3.59765625
58.7307 	EXP 	slider_2: markerPos = 3.59765625
58.7534 	EXP 	slider_2: markerPos = 3.59765625
58.7622 	DATA 	Mouse:  Left button up, pos=(698,144)
58.7642 	EXP 	slider_2: markerPos = 3.59765625
58.7807 	EXP 	slider_2: markerPos = 3.59765625
58.7807 	EXP 	slider_2: rating = 3.59765625
58.7847 	EXP 	New trial (rep=0, index=9): OrderedDict([('Imagenes', 'imagenes\\Uvas.jpg')])
58.8067 	EXP 	image_2: autoDraw = False
58.8067 	EXP 	slider_2: autoDraw = False
58.8067 	EXP 	image_2: image = 'imagenes\\Uvas.jpg'
58.8067 	EXP 	slider_2: markerPos = None
58.8067 	EXP 	slider_2: markerPos = None
58.8067 	EXP 	slider_2: rating = None
58.8067 	EXP 	image_2: autoDraw = True
58.8067 	EXP 	slider_2: autoDraw = True
59.8915 	DATA 	Mouse: Left button down, pos=(818,147)
59.9143 	EXP 	slider_2: markerPos = 4.37890625
59.9310 	EXP 	slider_2: markerPos = 4.37890625
59.9485 	EXP 	slider_2: markerPos = 4.37890625
59.9638 	EXP 	slider_2: markerPos = 4.385416666666667
59.9669 	DATA 	Mouse:  Left button up, pos=(819,147)
59.9806 	EXP 	slider_2: markerPos = 4.385416666666667
59.9806 	EXP 	slider_2: rating = 4.385416666666667
59.9846 	EXP 	New trial (rep=0, index=10): OrderedDict([('Imagenes', 'imagenes\\Brownie.jpg')])
60.0267 	EXP 	image_2: autoDraw = False
60.0267 	EXP 	slider_2: autoDraw = False
60.0267 	EXP 	image_2: image = 'imagenes\\Brownie.jpg'
60.0267 	EXP 	slider_2: markerPos = None
60.0267 	EXP 	slider_2: markerPos = None
60.0267 	EXP 	slider_2: rating = None
60.0267 	EXP 	image_2: autoDraw = True
60.0267 	EXP 	slider_2: autoDraw = True
60.4764 	DATA 	Mouse: Left button down, pos=(492,149)
60.4990 	EXP 	slider_2: markerPos = 2.256510416666667
60.5140 	EXP 	slider_2: markerPos = 2.256510416666667
60.5306 	EXP 	slider_2: markerPos = 2.256510416666667
60.5473 	EXP 	slider_2: markerPos = 2.256510416666667
60.5616 	DATA 	Mouse:  Left button up, pos=(492,149)
60.5638 	EXP 	slider_2: markerPos = 2.256510416666667
60.5806 	EXP 	slider_2: markerPos = 2.256510416666667
60.5806 	EXP 	slider_2: rating = 2.256510416666667
60.5847 	EXP 	New trial (rep=0, index=11): OrderedDict([('Imagenes', 'imagenes\\Banano.jpeg')])
60.6065 	EXP 	image_2: autoDraw = False
60.6065 	EXP 	slider_2: autoDraw = False
60.6065 	EXP 	image_2: image = 'imagenes\\Banano.jpeg'
60.6065 	EXP 	slider_2: markerPos = None
60.6065 	EXP 	slider_2: markerPos = None
60.6065 	EXP 	slider_2: rating = None
60.6065 	EXP 	image_2: autoDraw = True
60.6065 	EXP 	slider_2: autoDraw = True
60.8337 	DATA 	Mouse: Left button down, pos=(891,145)
60.8489 	EXP 	slider_2: markerPos = 4.854166666666666
60.8643 	EXP 	slider_2: markerPos = 4.854166666666666
60.8806 	EXP 	slider_2: markerPos = 4.854166666666666
60.8988 	EXP 	slider_2: markerPos = 4.854166666666666
60.9138 	EXP 	slider_2: markerPos = 4.854166666666666
60.9316 	EXP 	slider_2: markerPos = 4.854166666666666
60.9335 	DATA 	Mouse:  Left button up, pos=(891,145)
60.9473 	EXP 	slider_2: markerPos = 4.854166666666666
60.9473 	EXP 	slider_2: rating = 4.854166666666666
60.9504 	EXP 	New trial (rep=0, index=12): OrderedDict([('Imagenes', 'imagenes\\Nutella (1).jpg')])
60.9676 	EXP 	image_2: autoDraw = False
60.9676 	EXP 	slider_2: autoDraw = False
60.9676 	EXP 	image_2: image = 'imagenes\\Nutella (1).jpg'
60.9676 	EXP 	slider_2: markerPos = None
60.9676 	EXP 	slider_2: markerPos = None
60.9676 	EXP 	slider_2: rating = None
60.9676 	EXP 	image_2: autoDraw = True
60.9676 	EXP 	slider_2: autoDraw = True
61.1502 	DATA 	Mouse: Left button down, pos=(528,170)
61.1639 	EXP 	slider_2: markerPos = 2.490885416666667
61.1808 	EXP 	slider_2: markerPos = 2.490885416666667
61.1985 	EXP 	slider_2: markerPos = 2.490885416666667
61.2144 	EXP 	slider_2: markerPos = 2.490885416666667
61.2304 	EXP 	slider_2: markerPos = 2.490885416666667
61.2407 	DATA 	Mouse:  Left button up, pos=(528,170)
61.2470 	EXP 	slider_2: markerPos = 2.490885416666667
61.2641 	EXP 	slider_2: markerPos = 2.490885416666667
61.2641 	EXP 	slider_2: rating = 2.490885416666667
61.2673 	EXP 	New trial (rep=0, index=13): OrderedDict([('Imagenes', 'imagenes\\Papas-limon.jpg')])
61.2840 	EXP 	image_2: autoDraw = False
61.2840 	EXP 	slider_2: autoDraw = False
61.2840 	EXP 	image_2: image = 'imagenes\\Papas-limon.jpg'
61.2840 	EXP 	slider_2: markerPos = None
61.2840 	EXP 	slider_2: markerPos = None
61.2840 	EXP 	slider_2: rating = None
61.2840 	EXP 	image_2: autoDraw = True
61.2840 	EXP 	slider_2: autoDraw = True
61.3836 	DATA 	Mouse: Left button down, pos=(364,148)
61.3970 	EXP 	slider_2: markerPos = 1.4166666666666665
61.4141 	EXP 	slider_2: markerPos = 1.4166666666666665
61.4305 	EXP 	slider_2: markerPos = 1.4166666666666665
61.4471 	EXP 	slider_2: markerPos = 1.4166666666666665
61.4641 	EXP 	slider_2: markerPos = 1.4166666666666665
61.4698 	DATA 	Mouse:  Left button up, pos=(363,148)
61.4805 	EXP 	slider_2: markerPos = 1.4166666666666665
61.4970 	EXP 	slider_2: markerPos = 1.4166666666666665
61.4970 	EXP 	slider_2: rating = 1.4166666666666665
61.5001 	EXP 	New trial (rep=0, index=14): OrderedDict([('Imagenes', 'imagenes\\Croissant.jpg')])
61.5357 	EXP 	image_2: autoDraw = False
61.5357 	EXP 	slider_2: autoDraw = False
61.5357 	EXP 	image_2: image = 'imagenes\\Croissant.jpg'
61.5357 	EXP 	slider_2: markerPos = None
61.5357 	EXP 	slider_2: markerPos = None
61.5357 	EXP 	slider_2: rating = None
61.5357 	EXP 	image_2: autoDraw = True
61.5357 	EXP 	slider_2: autoDraw = True
61.6195 	DATA 	Mouse: Left button down, pos=(615,135)
61.6469 	EXP 	slider_2: markerPos = 3.12890625
61.6640 	EXP 	slider_2: markerPos = 3.2330729166666665
61.6804 	EXP 	slider_2: markerPos = 3.28515625
61.6971 	EXP 	slider_2: markerPos = 3.3372395833333335
61.7138 	EXP 	slider_2: markerPos = 3.4283854166666665
61.7201 	DATA 	Mouse:  Left button up, pos=(708,134)
61.7303 	EXP 	slider_2: markerPos = 3.571614583333333
61.7470 	EXP 	slider_2: markerPos = 3.571614583333333
61.7470 	EXP 	slider_2: rating = 3.571614583333333
61.7506 	EXP 	New trial (rep=0, index=15): OrderedDict([('Imagenes', 'imagenes\\Popetas.jpg')])
61.7946 	EXP 	image_2: autoDraw = False
61.7946 	EXP 	slider_2: autoDraw = False
61.7946 	EXP 	image_2: image = 'imagenes\\Popetas.jpg'
61.7946 	EXP 	slider_2: markerPos = None
61.7946 	EXP 	slider_2: markerPos = None
61.7946 	EXP 	slider_2: rating = None
61.7946 	EXP 	image_2: autoDraw = True
61.7946 	EXP 	slider_2: autoDraw = True
61.8323 	DATA 	Mouse: Left button down, pos=(991,141)
61.8471 	EXP 	slider_2: markerPos = 5.505208333333334
61.8637 	EXP 	slider_2: markerPos = 5.505208333333334
61.8806 	EXP 	slider_2: markerPos = 5.505208333333334
61.8970 	EXP 	slider_2: markerPos = 5.505208333333334
61.9142 	EXP 	slider_2: markerPos = 5.505208333333334
61.9164 	DATA 	Mouse:  Left button up, pos=(996,141)
61.9306 	EXP 	slider_2: markerPos = 5.505208333333334
61.9306 	EXP 	slider_2: rating = 5.505208333333334
61.9345 	EXP 	New trial (rep=0, index=16): OrderedDict([('Imagenes', 'imagenes\\Leche-de-almendras.jpg')])
61.9972 	EXP 	image_2: autoDraw = False
61.9972 	EXP 	slider_2: autoDraw = False
61.9972 	EXP 	image_2: image = 'imagenes\\Leche-de-almendras.jpg'
61.9972 	EXP 	slider_2: markerPos = None
61.9972 	EXP 	slider_2: markerPos = None
61.9972 	EXP 	slider_2: rating = None
61.9972 	EXP 	image_2: autoDraw = True
61.9972 	EXP 	slider_2: autoDraw = True
62.0154 	DATA 	Mouse: Left button down, pos=(1100,141)
62.0309 	EXP 	slider_2: markerPos = 6.21484375
62.0474 	EXP 	slider_2: markerPos = 6.21484375
62.0644 	EXP 	slider_2: markerPos = 6.21484375
62.0809 	EXP 	slider_2: markerPos = 6.21484375
62.0917 	DATA 	Mouse:  Left button up, pos=(1083,141)
62.0971 	EXP 	slider_2: markerPos = 6.162760416666668
62.1144 	EXP 	slider_2: markerPos = 6
62.1144 	EXP 	slider_2: rating = 6
62.1183 	EXP 	New trial (rep=0, index=17): OrderedDict([('Imagenes', 'imagenes\\Papas-pollo.jpg')])
62.1355 	EXP 	image_2: autoDraw = False
62.1355 	EXP 	slider_2: autoDraw = False
62.1355 	EXP 	image_2: image = 'imagenes\\Papas-pollo.jpg'
62.1355 	EXP 	slider_2: markerPos = None
62.1355 	EXP 	slider_2: markerPos = None
62.1355 	EXP 	slider_2: rating = None
62.1355 	EXP 	image_2: autoDraw = True
62.1355 	EXP 	slider_2: autoDraw = True
62.2165 	DATA 	Mouse: Left button down, pos=(706,140)
62.2304 	EXP 	slider_2: markerPos = 3.6171875
62.2470 	EXP 	slider_2: markerPos = 3.584635416666667
62.2641 	EXP 	slider_2: markerPos = 3.571614583333333
62.2805 	EXP 	slider_2: markerPos = 3.5390625
62.2824 	DATA 	Mouse:  Left button up, pos=(686,137)
62.2969 	EXP 	slider_2: markerPos = 3.5390625
62.2969 	EXP 	slider_2: rating = 3.5390625
62.3005 	EXP 	New trial (rep=0, index=18): OrderedDict([('Imagenes', 'imagenes\\Yogurt-alpina.jpg')])
62.3219 	EXP 	image_2: autoDraw = False
62.3219 	EXP 	slider_2: autoDraw = False
62.3219 	EXP 	image_2: image = 'imagenes\\Yogurt-alpina.jpg'
62.3219 	EXP 	slider_2: markerPos = None
62.3219 	EXP 	slider_2: markerPos = None
62.3219 	EXP 	slider_2: rating = None
62.3219 	EXP 	image_2: autoDraw = True
62.3219 	EXP 	slider_2: autoDraw = True
62.3894 	DATA 	Mouse: Left button down, pos=(564,132)
62.4497 	DATA 	Mouse:  Left button up, pos=(564,132)
62.5672 	DATA 	Mouse: Left button down, pos=(534,132)
62.6167 	DATA 	Mouse:  Left button up, pos=(532,132)
62.7270 	DATA 	Mouse: Left button down, pos=(530,134)
62.7472 	EXP 	slider_2: markerPos = 2.50390625
62.7650 	EXP 	slider_2: markerPos = 2.50390625
62.7821 	EXP 	slider_2: markerPos = 2.50390625
62.7920 	DATA 	Mouse:  Left button up, pos=(565,134)
62.7969 	EXP 	slider_2: markerPos = 2.627604166666667
62.8140 	EXP 	slider_2: markerPos = 2.627604166666667
62.8140 	EXP 	slider_2: rating = 2.627604166666667
62.8173 	EXP 	New trial (rep=0, index=19): OrderedDict([('Imagenes', 'imagenes\\Galletas-festival.jpg')])
62.8449 	EXP 	image_2: autoDraw = False
62.8449 	EXP 	slider_2: autoDraw = False
62.8449 	EXP 	image_2: image = 'imagenes\\Galletas-festival.jpg'
62.8449 	EXP 	slider_2: markerPos = None
62.8449 	EXP 	slider_2: markerPos = None
62.8449 	EXP 	slider_2: rating = None
62.8449 	EXP 	image_2: autoDraw = True
62.8449 	EXP 	slider_2: autoDraw = True
62.8716 	DATA 	Mouse: Left button down, pos=(825,134)
62.8969 	EXP 	slider_2: markerPos = 4.430989583333333
62.9139 	EXP 	slider_2: markerPos = 4.4375
62.9306 	EXP 	slider_2: markerPos = 4.4375
62.9470 	EXP 	slider_2: markerPos = 4.4375
62.9637 	EXP 	slider_2: markerPos = 4.4375
62.9803 	EXP 	slider_2: markerPos = 4.4375
62.9827 	DATA 	Mouse:  Left button up, pos=(827,134)
62.9968 	EXP 	slider_2: markerPos = 4.4375
62.9968 	EXP 	slider_2: rating = 4.4375
63.0006 	EXP 	New trial (rep=0, index=3): OrderedDict([('Hertz', 1500), ('volumen', 0.02)])
63.0099 	EXP 	Imported imagenes.xlsx as conditions, 20 conditions, 1 params
63.0104 	EXP 	Created sequence: random, trialTypes=20, nReps=1, seed=None
63.0108 	EXP 	New trial (rep=0, index=0): OrderedDict([('Imagenes', 'imagenes\\Kiwi.jpg')])
63.0246 	EXP 	image_2: autoDraw = False
63.0246 	EXP 	slider_2: autoDraw = False
63.0246 	EXP 	image_2: image = 'imagenes\\Kiwi.jpg'
63.0246 	EXP 	slider_2: markerPos = None
63.0246 	EXP 	slider_2: markerPos = None
63.0246 	EXP 	slider_2: rating = None
63.0246 	EXP 	image_2: autoDraw = True
63.0246 	EXP 	slider_2: autoDraw = True
63.0868 	DATA 	Mouse: Left button down, pos=(633,144)
63.0968 	EXP 	slider_2: markerPos = 3.1744791666666665
63.1137 	EXP 	slider_2: markerPos = 2.77734375
63.1304 	EXP 	slider_2: markerPos = 2.0611979166666665
63.1472 	EXP 	slider_2: markerPos = 1.9049479166666665
63.1497 	DATA 	Mouse:  Left button up, pos=(434,170)
63.1641 	EXP 	slider_2: markerPos = 1.9049479166666665
63.1641 	EXP 	slider_2: rating = 1.9049479166666665
63.1680 	EXP 	New trial (rep=0, index=1): OrderedDict([('Imagenes', 'imagenes\\Uvas.jpg')])
63.1909 	EXP 	image_2: autoDraw = False
63.1909 	EXP 	slider_2: autoDraw = False
63.1909 	EXP 	image_2: image = 'imagenes\\Uvas.jpg'
63.1909 	EXP 	slider_2: markerPos = None
63.1909 	EXP 	slider_2: markerPos = None
63.1909 	EXP 	slider_2: rating = None
63.1909 	EXP 	image_2: autoDraw = True
63.1909 	EXP 	slider_2: autoDraw = True
63.2332 	DATA 	Mouse: Left button down, pos=(434,170)
63.2470 	EXP 	slider_2: markerPos = 1.87890625
63.2636 	EXP 	slider_2: markerPos = 1.87890625
63.2804 	EXP 	slider_2: markerPos = 1.8919270833333335
63.2830 	DATA 	Mouse:  Left button up, pos=(455,168)
63.2972 	EXP 	slider_2: markerPos = 1.8919270833333335
63.2972 	EXP 	slider_2: rating = 1.8919270833333335
63.3009 	EXP 	New trial (rep=0, index=2): OrderedDict([('Imagenes', 'imagenes\\Alpinito.jpg')])
63.3411 	EXP 	image_2: autoDraw = False
63.3411 	EXP 	slider_2: autoDraw = False
63.3411 	EXP 	image_2: image = 'imagenes\\Alpinito.jpg'
63.3411 	EXP 	slider_2: markerPos = None
63.3411 	EXP 	slider_2: markerPos = None
63.3411 	EXP 	slider_2: rating = None
63.3411 	EXP 	image_2: autoDraw = True
63.3411 	EXP 	slider_2: autoDraw = True
63.3864 	DATA 	Mouse: Left button down, pos=(660,145)
63.4010 	EXP 	slider_2: markerPos = 3.3502604166666665
63.4159 	EXP 	slider_2: markerPos = 3.3502604166666665
63.4305 	EXP 	slider_2: markerPos = 3.3502604166666665
63.4473 	EXP 	slider_2: markerPos = 3.3502604166666665
63.4641 	EXP 	slider_2: markerPos = 3.36328125
63.4802 	EXP 	slider_2: markerPos = 3.421875
63.4819 	DATA 	Mouse:  Left button up, pos=(700,145)
63.4968 	EXP 	slider_2: markerPos = 3.421875
63.4968 	EXP 	slider_2: rating = 3.421875
63.5007 	EXP 	New trial (rep=0, index=3): OrderedDict([('Imagenes', 'imagenes\\Papas-limon.jpg')])
63.5204 	EXP 	image_2: autoDraw = False
63.5204 	EXP 	slider_2: autoDraw = False
63.5204 	EXP 	image_2: image = 'imagenes\\Papas-limon.jpg'
63.5204 	EXP 	slider_2: markerPos = None
63.5204 	EXP 	slider_2: markerPos = None
63.5204 	EXP 	slider_2: rating = None
63.5204 	EXP 	image_2: autoDraw = True
63.5204 	EXP 	slider_2: autoDraw = True
63.5672 	DATA 	Mouse: Left button down, pos=(883,142)
63.5803 	EXP 	slider_2: markerPos = 4.802083333333334
63.5969 	EXP 	slider_2: markerPos = 4.802083333333334
63.6139 	EXP 	slider_2: markerPos = 4.802083333333334
63.6307 	EXP 	slider_2: markerPos = 4.802083333333334
63.6472 	EXP 	slider_2: markerPos = 4.802083333333334
63.6638 	EXP 	slider_2: markerPos = 4.802083333333334
63.6672 	DATA 	Mouse:  Left button up, pos=(883,142)
63.6804 	EXP 	slider_2: markerPos = 4.802083333333334
63.6804 	EXP 	slider_2: rating = 4.802083333333334
63.6838 	EXP 	New trial (rep=0, index=4): OrderedDict([('Imagenes', 'imagenes\\Papas-pollo.jpg')])
63.7016 	EXP 	image_2: autoDraw = False
63.7016 	EXP 	slider_2: autoDraw = False
63.7016 	EXP 	image_2: image = 'imagenes\\Papas-pollo.jpg'
63.7016 	EXP 	slider_2: markerPos = None
63.7016 	EXP 	slider_2: markerPos = None
63.7016 	EXP 	slider_2: rating = None
63.7016 	EXP 	image_2: autoDraw = True
63.7016 	EXP 	slider_2: autoDraw = True
63.8389 	DATA 	Mouse: Left button down, pos=(684,154)
63.8494 	EXP 	slider_2: markerPos = 3.506510416666667
63.8649 	EXP 	slider_2: markerPos = 3.48046875
63.8806 	EXP 	slider_2: markerPos = 3.4739583333333335
63.8992 	EXP 	slider_2: markerPos = 3.4739583333333335
63.9138 	EXP 	slider_2: markerPos = 3.4739583333333335
63.9304 	EXP 	slider_2: markerPos = 3.4739583333333335
63.9420 	DATA 	Mouse:  Left button up, pos=(679,155)
63.9468 	EXP 	slider_2: markerPos = 3.4739583333333335
63.9640 	EXP 	slider_2: markerPos = 3.4739583333333335
63.9640 	EXP 	slider_2: rating = 3.4739583333333335
63.9677 	EXP 	New trial (rep=0, index=5): OrderedDict([('Imagenes', 'imagenes\\Yogurt-alpina.jpg')])
63.9885 	EXP 	image_2: autoDraw = False
63.9885 	EXP 	slider_2: autoDraw = False
63.9885 	EXP 	image_2: image = 'imagenes\\Yogurt-alpina.jpg'
63.9885 	EXP 	slider_2: markerPos = None
63.9885 	EXP 	slider_2: markerPos = None
63.9885 	EXP 	slider_2: rating = None
63.9885 	EXP 	image_2: autoDraw = True
63.9885 	EXP 	slider_2: autoDraw = True
64.0540 	DATA 	Mouse: Left button down, pos=(850,154)
64.0807 	EXP 	slider_2: markerPos = 4.587239583333333
64.0968 	EXP 	slider_2: markerPos = 4.587239583333333
64.1139 	EXP 	slider_2: markerPos = 4.587239583333333
64.1304 	EXP 	slider_2: markerPos = 4.587239583333333
64.1492 	EXP 	slider_2: markerPos = 4.587239583333333
64.1575 	DATA 	Mouse:  Left button up, pos=(828,154)
64.1636 	EXP 	slider_2: markerPos = 4.509114583333333
64.1803 	EXP 	slider_2: markerPos = 4.509114583333333
64.1803 	EXP 	slider_2: rating = 4.509114583333333
64.1833 	EXP 	New trial (rep=0, index=6): OrderedDict([('Imagenes', 'imagenes\\Brownie.jpg')])
64.2228 	EXP 	image_2: autoDraw = False
64.2228 	EXP 	slider_2: autoDraw = False
64.2228 	EXP 	image_2: image = 'imagenes\\Brownie.jpg'
64.2228 	EXP 	slider_2: markerPos = None
64.2228 	EXP 	slider_2: markerPos = None
64.2228 	EXP 	slider_2: rating = None
64.2228 	EXP 	image_2: autoDraw = True
64.2228 	EXP 	slider_2: autoDraw = True
64.2525 	DATA 	Mouse: Left button down, pos=(696,149)
64.2640 	EXP 	slider_2: markerPos = 3.584635416666667
64.2804 	EXP 	slider_2: markerPos = 3.506510416666667
64.2969 	EXP 	slider_2: markerPos = 3.4674479166666665
64.3141 	EXP 	slider_2: markerPos = 3.4609375
64.3242 	DATA 	Mouse:  Left button up, pos=(676,146)
64.3304 	EXP 	slider_2: markerPos = 3.4544270833333335
64.3469 	EXP 	slider_2: markerPos = 3.4544270833333335
64.3469 	EXP 	slider_2: rating = 3.4544270833333335
64.3502 	EXP 	New trial (rep=0, index=7): OrderedDict([('Imagenes', 'imagenes\\Leche-de-almendras.jpg')])
64.4071 	EXP 	image_2: autoDraw = False
64.4071 	EXP 	slider_2: autoDraw = False
64.4071 	EXP 	image_2: image = 'imagenes\\Leche-de-almendras.jpg'
64.4071 	EXP 	slider_2: markerPos = None
64.4071 	EXP 	slider_2: markerPos = None
64.4071 	EXP 	slider_2: rating = None
64.4071 	EXP 	image_2: autoDraw = True
64.4071 	EXP 	slider_2: autoDraw = True
64.4524 	DATA 	Mouse: Left button down, pos=(618,145)
64.4642 	EXP 	slider_2: markerPos = 3.0768229166666665
64.4806 	EXP 	slider_2: markerPos = 2.9075520833333335
64.4972 	EXP 	slider_2: markerPos = 2.783854166666667
64.5144 	EXP 	slider_2: markerPos = 2.692708333333333
64.5214 	DATA 	Mouse:  Left button up, pos=(552,144)
64.5309 	EXP 	slider_2: markerPos = 2.647135416666667
64.5472 	EXP 	slider_2: markerPos = 2.647135416666667
64.5472 	EXP 	slider_2: rating = 2.647135416666667
64.5510 	EXP 	New trial (rep=0, index=8): OrderedDict([('Imagenes', 'imagenes\\Manzana.jpg')])
64.5858 	EXP 	image_2: autoDraw = False
64.5858 	EXP 	slider_2: autoDraw = False
64.5858 	EXP 	image_2: image = 'imagenes\\Manzana.jpg'
64.5858 	EXP 	slider_2: markerPos = None
64.5858 	EXP 	slider_2: markerPos = None
64.5858 	EXP 	slider_2: rating = None
64.5858 	EXP 	image_2: autoDraw = True
64.5858 	EXP 	slider_2: autoDraw = True
64.6156 	DATA 	Mouse: Left button down, pos=(552,144)
64.6304 	EXP 	slider_2: markerPos = 2.647135416666667
64.6469 	EXP 	slider_2: markerPos = 2.647135416666667
64.6638 	EXP 	slider_2: markerPos = 2.647135416666667
64.6803 	EXP 	slider_2: markerPos = 2.66015625
64.6824 	DATA 	Mouse:  Left button up, pos=(570,144)
64.6970 	EXP 	slider_2: markerPos = 2.66015625
64.6970 	EXP 	slider_2: rating = 2.66015625
64.7007 	EXP 	New trial (rep=0, index=9): OrderedDict([('Imagenes', 'imagenes\\Banano.jpeg')])
64.7246 	EXP 	image_2: autoDraw = False
64.7246 	EXP 	slider_2: autoDraw = False
64.7246 	EXP 	image_2: image = 'imagenes\\Banano.jpeg'
64.7246 	EXP 	slider_2: markerPos = None
64.7246 	EXP 	slider_2: markerPos = None
64.7246 	EXP 	slider_2: rating = None
64.7246 	EXP 	image_2: autoDraw = True
64.7246 	EXP 	slider_2: autoDraw = True
64.7853 	DATA 	Mouse: Left button down, pos=(787,143)
64.7974 	EXP 	slider_2: markerPos = 4.177083333333333
64.8143 	EXP 	slider_2: markerPos = 4.177083333333333
64.8303 	EXP 	slider_2: markerPos = 4.177083333333333
64.8471 	EXP 	slider_2: markerPos = 4.177083333333333
64.8640 	EXP 	slider_2: markerPos = 4.177083333333333
64.8757 	DATA 	Mouse:  Left button up, pos=(797,143)
64.8803 	EXP 	slider_2: markerPos = 4.177083333333333
64.8970 	EXP 	slider_2: markerPos = 4.177083333333333
64.8970 	EXP 	slider_2: rating = 4.177083333333333
64.9007 	EXP 	New trial (rep=0, index=10): OrderedDict([('Imagenes', 'imagenes\\Papas-naturales.jpg')])
64.9197 	EXP 	image_2: autoDraw = False
64.9197 	EXP 	slider_2: autoDraw = False
64.9197 	EXP 	image_2: image = 'imagenes\\Papas-naturales.jpg'
64.9197 	EXP 	slider_2: markerPos = None
64.9197 	EXP 	slider_2: markerPos = None
64.9197 	EXP 	slider_2: rating = None
64.9197 	EXP 	image_2: autoDraw = True
64.9197 	EXP 	slider_2: autoDraw = True
64.9830 	DATA 	Mouse: Left button down, pos=(903,147)
64.9975 	EXP 	slider_2: markerPos = 4.932291666666666
65.0136 	EXP 	slider_2: markerPos = 4.90625
65.0302 	EXP 	slider_2: markerPos = 4.854166666666666
65.0467 	EXP 	slider_2: markerPos = 4.821614583333334
65.0634 	EXP 	slider_2: markerPos = 4.75
65.0653 	DATA 	Mouse:  Left button up, pos=(871,147)
65.0802 	EXP 	slider_2: markerPos = 4.75
65.0802 	EXP 	slider_2: rating = 4.75
65.0843 	EXP 	New trial (rep=0, index=11): OrderedDict([('Imagenes', 'imagenes\\Rosquitas (1).jpg')])
65.1165 	EXP 	image_2: autoDraw = False
65.1165 	EXP 	slider_2: autoDraw = False
65.1165 	EXP 	image_2: image = 'imagenes\\Rosquitas (1).jpg'
65.1165 	EXP 	slider_2: markerPos = None
65.1165 	EXP 	slider_2: markerPos = None
65.1165 	EXP 	slider_2: rating = None
65.1165 	EXP 	image_2: autoDraw = True
65.1165 	EXP 	slider_2: autoDraw = True
65.1823 	DATA 	Mouse: Left button down, pos=(568,148)
65.1968 	EXP 	slider_2: markerPos = 2.751302083333333
65.2136 	EXP 	slider_2: markerPos = 2.73828125
65.2304 	EXP 	slider_2: markerPos = 2.73828125
65.2467 	EXP 	slider_2: markerPos = 2.73828125
65.2491 	DATA 	Mouse:  Left button up, pos=(566,147)
65.2638 	EXP 	slider_2: markerPos = 2.73828125
65.2638 	EXP 	slider_2: rating = 2.73828125
65.2672 	EXP 	New trial (rep=0, index=12): OrderedDict([('Imagenes', 'imagenes\\Galletas Tosh.jpg')])
65.3035 	EXP 	image_2: autoDraw = False
65.3035 	EXP 	slider_2: autoDraw = False
65.3035 	EXP 	image_2: image = 'imagenes\\Galletas Tosh.jpg'
65.3035 	EXP 	slider_2: markerPos = None
65.3035 	EXP 	slider_2: markerPos = None
65.3035 	EXP 	slider_2: rating = None
65.3035 	EXP 	image_2: autoDraw = True
65.3035 	EXP 	slider_2: autoDraw = True
65.3832 	DATA 	Mouse: Left button down, pos=(574,149)
65.3969 	EXP 	slider_2: markerPos = 2.790364583333333
65.4137 	EXP 	slider_2: markerPos = 2.790364583333333
65.4305 	EXP 	slider_2: markerPos = 2.790364583333333
65.4469 	EXP 	slider_2: markerPos = 2.809895833333333
65.4493 	DATA 	Mouse:  Left button up, pos=(594,149)
65.4640 	EXP 	slider_2: markerPos = 2.809895833333333
65.4640 	EXP 	slider_2: rating = 2.809895833333333
65.4670 	EXP 	New trial (rep=0, index=13): OrderedDict([('Imagenes', 'imagenes\\bon-bon-bun.jpg')])
65.5209 	EXP 	image_2: autoDraw = False
65.5209 	EXP 	slider_2: autoDraw = False
65.5209 	EXP 	image_2: image = 'imagenes\\bon-bon-bun.jpg'
65.5209 	EXP 	slider_2: markerPos = None
65.5209 	EXP 	slider_2: markerPos = None
65.5209 	EXP 	slider_2: rating = None
65.5209 	EXP 	image_2: autoDraw = True
65.5209 	EXP 	slider_2: autoDraw = True
65.5671 	DATA 	Mouse: Left button down, pos=(884,149)
65.5803 	EXP 	slider_2: markerPos = 4.80859375
65.5983 	EXP 	slider_2: markerPos = 4.80859375
65.6139 	EXP 	slider_2: markerPos = 4.80859375
65.6302 	EXP 	slider_2: markerPos = 4.80859375
65.6324 	DATA 	Mouse:  Left button up, pos=(884,149)
65.6469 	EXP 	slider_2: markerPos = 4.80859375
65.6469 	EXP 	slider_2: rating = 4.80859375
65.6504 	EXP 	New trial (rep=0, index=14): OrderedDict([('Imagenes', 'imagenes\\Nutella (1).jpg')])
65.6701 	EXP 	image_2: autoDraw = False
65.6701 	EXP 	slider_2: autoDraw = False
65.6701 	EXP 	image_2: image = 'imagenes\\Nutella (1).jpg'
65.6701 	EXP 	slider_2: markerPos = None
65.6701 	EXP 	slider_2: markerPos = None
65.6701 	EXP 	slider_2: rating = None
65.6701 	EXP 	image_2: autoDraw = True
65.6701 	EXP 	slider_2: autoDraw = True
65.7322 	DATA 	Mouse: Left button down, pos=(902,151)
65.7468 	EXP 	slider_2: markerPos = 4.92578125
65.7637 	EXP 	slider_2: markerPos = 4.880208333333334
65.7803 	EXP 	slider_2: markerPos = 4.69140625
65.7986 	EXP 	slider_2: markerPos = 4.59375
65.8139 	EXP 	slider_2: markerPos = 4.463541666666667
65.8171 	DATA 	Mouse:  Left button up, pos=(805,151)
65.8303 	EXP 	slider_2: markerPos = 4.463541666666667
65.8303 	EXP 	slider_2: rating = 4.463541666666667
65.8333 	EXP 	New trial (rep=0, index=15): OrderedDict([('Imagenes', 'imagenes\\Galletas-festival.jpg')])
65.8603 	EXP 	image_2: autoDraw = False
65.8603 	EXP 	slider_2: autoDraw = False
65.8603 	EXP 	image_2: image = 'imagenes\\Galletas-festival.jpg'
65.8603 	EXP 	slider_2: markerPos = None
65.8603 	EXP 	slider_2: markerPos = None
65.8603 	EXP 	slider_2: rating = None
65.8603 	EXP 	image_2: autoDraw = True
65.8603 	EXP 	slider_2: autoDraw = True
65.9205 	DATA 	Mouse: Left button down, pos=(671,148)
65.9331 	EXP 	slider_2: markerPos = 3.421875
65.9487 	EXP 	slider_2: markerPos = 3.4153645833333335
65.9637 	EXP 	slider_2: markerPos = 3.4153645833333335
65.9805 	EXP 	slider_2: markerPos = 3.4153645833333335
65.9831 	DATA 	Mouse:  Left button up, pos=(670,147)
65.9971 	EXP 	slider_2: markerPos = 3.4153645833333335
65.9971 	EXP 	slider_2: rating = 3.4153645833333335
66.0007 	EXP 	New trial (rep=0, index=16): OrderedDict([('Imagenes', 'imagenes\\Popetas.jpg')])
66.0435 	EXP 	image_2: autoDraw = False
66.0435 	EXP 	slider_2: autoDraw = False
66.0435 	EXP 	image_2: image = 'imagenes\\Popetas.jpg'
66.0435 	EXP 	slider_2: markerPos = None
66.0435 	EXP 	slider_2: markerPos = None
66.0435 	EXP 	slider_2: rating = None
66.0435 	EXP 	image_2: autoDraw = True
66.0435 	EXP 	slider_2: autoDraw = True
66.0996 	DATA 	Mouse: Left button down, pos=(608,143)
66.1141 	EXP 	slider_2: markerPos = 2.93359375
66.1304 	EXP 	slider_2: markerPos = 2.8359375
66.1472 	EXP 	slider_2: markerPos = 2.7578125
66.1535 	DATA 	Mouse:  Left button up, pos=(558,143)
66.1640 	EXP 	slider_2: markerPos = 2.705729166666667
66.1804 	EXP 	slider_2: markerPos = 2.705729166666667
66.1804 	EXP 	slider_2: rating = 2.705729166666667
66.1840 	EXP 	New trial (rep=0, index=17): OrderedDict([('Imagenes', 'imagenes\\Croissant.jpg')])
66.2212 	EXP 	image_2: autoDraw = False
66.2212 	EXP 	slider_2: autoDraw = False
66.2212 	EXP 	image_2: image = 'imagenes\\Croissant.jpg'
66.2212 	EXP 	slider_2: markerPos = None
66.2212 	EXP 	slider_2: markerPos = None
66.2212 	EXP 	slider_2: rating = None
66.2212 	EXP 	image_2: autoDraw = True
66.2212 	EXP 	slider_2: autoDraw = True
66.2525 	DATA 	Mouse: Left button down, pos=(475,148)
66.2634 	EXP 	slider_2: markerPos = 2.1458333333333335
66.2803 	EXP 	slider_2: markerPos = 2.0872395833333335
66.2968 	EXP 	slider_2: markerPos = 2.0611979166666665
66.3137 	EXP 	slider_2: markerPos = 2.0481770833333335
66.3197 	DATA 	Mouse:  Left button up, pos=(459,144)
66.3303 	EXP 	slider_2: markerPos = 2.0416666666666665
66.3469 	EXP 	slider_2: markerPos = 2.0416666666666665
66.3469 	EXP 	slider_2: rating = 2.0416666666666665
66.3507 	EXP 	New trial (rep=0, index=18): OrderedDict([('Imagenes', 'imagenes\\Mango.jpeg')])
66.3923 	EXP 	image_2: autoDraw = False
66.3923 	EXP 	slider_2: autoDraw = False
66.3923 	EXP 	image_2: image = 'imagenes\\Mango.jpeg'
66.3923 	EXP 	slider_2: markerPos = None
66.3923 	EXP 	slider_2: markerPos = None
66.3923 	EXP 	slider_2: rating = None
66.3923 	EXP 	image_2: autoDraw = True
66.3923 	EXP 	slider_2: autoDraw = True
66.4377 	DATA 	Mouse: Left button down, pos=(480,147)
66.4640 	EXP 	slider_2: markerPos = 2.26953125
66.4802 	EXP 	slider_2: markerPos = 2.360677083333333
66.4864 	DATA 	Mouse:  Left button up, pos=(555,147)
66.4974 	EXP 	slider_2: markerPos = 2.5234375
66.5137 	EXP 	slider_2: markerPos = 2.5234375
66.5137 	EXP 	slider_2: rating = 2.5234375
66.5172 	EXP 	New trial (rep=0, index=19): OrderedDict([('Imagenes', 'imagenes\\Chocoramo.jfif.jpg')])
66.5499 	EXP 	image_2: autoDraw = False
66.5499 	EXP 	slider_2: autoDraw = False
66.5499 	EXP 	image_2: image = 'imagenes\\Chocoramo.jfif.jpg'
66.5499 	EXP 	slider_2: markerPos = None
66.5499 	EXP 	slider_2: markerPos = None
66.5499 	EXP 	slider_2: rating = None
66.5499 	EXP 	image_2: autoDraw = True
66.5499 	EXP 	slider_2: autoDraw = True
66.5831 	DATA 	Mouse: Left button down, pos=(838,140)
66.5969 	EXP 	slider_2: markerPos = 4.509114583333333
66.6138 	EXP 	slider_2: markerPos = 4.509114583333333
66.6303 	EXP 	slider_2: markerPos = 4.509114583333333
66.6470 	EXP 	slider_2: markerPos = 4.509114583333333
66.6639 	EXP 	slider_2: markerPos = 4.541666666666667
66.6666 	DATA 	Mouse:  Left button up, pos=(861,140)
66.6806 	EXP 	slider_2: markerPos = 4.541666666666667
66.6806 	EXP 	slider_2: rating = 4.541666666666667
66.6968 	EXP 	image_2: autoDraw = False
66.6968 	EXP 	slider_2: autoDraw = False
66.9175 	EXP 	window1: mouseVisible = True
