1.0946 	WARNING 	We strongly recommend you activate the PTB sound engine in PsychoPy prefs as the preferred audio engine. Its timing is vastly superior. Your prefs are currently set to use ['sounddevice', 'PTB', 'pyo', 'pygame'] (in that order).
5.9183 	WARNING 	User requested fullscreen with size [1024  768], but screen is actually [1366, 768]. Using actual size
7.7370 	EXP 	Created window1 = Window(allowGUI=False, allowStencil=False, args=UNKNOWN, autoLog=True, bitsMode=UNKNOWN, blendMode='avg', bpc=(8, 8, 8), color=array([0., 0., 0.]), colorSpace='rgb', depthBits=8, fullscr=<method-wrapper '__getattribute__' of attributeSetter object at 0x0000027D6641B4E0>, gamma=None, gammaErrorPolicy='raise', kwargs=UNKNOWN, lms=UNKNOWN, monitor=<psychopy.monitors.calibTools.Monitor object at 0x0000027D662EA550>, multiSample=False, name='window1', numSamples=2, pos=[0.0, 0.0], screen=0, size=array([1366,  768]), stencilBits=0, stereo=False, units='height', useFBO=True, useRetina=False, viewOri=0.0, viewPos=None, viewScale=None, waitBlanking=True, winType='pyglet')
7.7374 	EXP 	window1: mouseVisible = True
7.7374 	EXP 	window1: recordFrameIntervals = False
7.9027 	EXP 	window1: recordFrameIntervals = True
8.0856 	EXP 	window1: recordFrameIntervals = False
8.2293 	EXP 	Sound Sonido set volume 1.000
8.2348 	EXP 	Created image_2 = ImageStim(__class__=<class 'psychopy.visual.image.ImageStim'>, autoLog=True, color=array([1., 1., 1.]), colorSpace='rgb', contrast=1.0, depth=-1.0, flipHoriz=False, flipVert=False, image='sin', interpolate=True, mask=None, maskParams=None, name='image_2', opacity=1.0, ori=0.0, pos=array([0. , 0.2]), size=array([0.5, 0.5]), texRes=128, units='height', win=Window(...))
8.2438 	EXP 	window1: mouseVisible = True
8.2914 	EXP 	Created slider_2 = Slider(__class__=<class 'psychopy.visual.slider.Slider'>, autoDraw=False, autoLog=True, color='LightGray', depth=0, flip=False, font='HelveticaBold', granularity=0, labelHeight=0.05, labelWrapWidth=None, labels=('0', '1000', '2000', '3000', '4000', '5000'), name='slider_2', pos=(0, -0.3), readOnly=False, self=UNKNOWN, size=(1.0, 0.05), style=method-wrapper(...), ticks=array([1, 2, 3, 4, 5, 6]), units='height', win=Window(...))
8.3364 	EXP 	Imported ruidos.xlsx as conditions, 4 conditions, 2 params
8.3368 	EXP 	Created sequence: random, trialTypes=4, nReps=1, seed=None
8.3370 	EXP 	New trial (rep=0, index=0): OrderedDict([('Hertz', 1500), ('volumen', 0.02)])
8.3425 	EXP 	Imported imagenes.xlsx as conditions, 20 conditions, 3 params
8.3427 	EXP 	Created sequence: random, trialTypes=20, nReps=1, seed=None
8.3429 	EXP 	New trial (rep=0, index=0): OrderedDict([('Imagenes', 'imagenes\\Rosquitas (1).jpg'), ('Random', 0.3035383390851263), ('Correcto', None)])
8.4006 	EXP 	slider_2: autoLog = True
8.4006 	EXP 	slider_2: markerPos = None
8.4006 	EXP 	slider_2: rating = None
8.4006 	EXP 	slider_2: markerPos = None
8.4006 	EXP 	slider_2: contrast = 1.0
8.4006 	EXP 	slider_2: autoLog = True
8.4006 	EXP 	slider_2: style = ['rating']
8.4006 	EXP 	image_2: image = 'imagenes\\Rosquitas (1).jpg'
8.4006 	EXP 	slider_2: markerPos = None
8.4006 	EXP 	slider_2: markerPos = None
8.4006 	EXP 	slider_2: rating = None
8.4006 	EXP 	image_2: autoDraw = True
8.4006 	EXP 	slider_2: autoDraw = True
9.3209 	EXP 	New trial (rep=0, index=1): OrderedDict([('Imagenes', 'imagenes\\Popetas.jpg'), ('Random', 0.07650200324054446), ('Correcto', None)])
9.3721 	EXP 	image_2: autoDraw = False
9.3721 	EXP 	slider_2: autoDraw = False
9.3721 	EXP 	image_2: image = 'imagenes\\Popetas.jpg'
9.3721 	EXP 	slider_2: markerPos = None
9.3721 	EXP 	slider_2: markerPos = None
9.3721 	EXP 	slider_2: rating = None
9.3721 	EXP 	image_2: autoDraw = True
9.3721 	EXP 	slider_2: autoDraw = True
10.3207 	EXP 	New trial (rep=0, index=2): OrderedDict([('Imagenes', 'imagenes\\Galletas Tosh.jpg'), ('Random', 0.478088790487872), ('Correcto', None)])
10.3590 	EXP 	image_2: autoDraw = False
10.3590 	EXP 	slider_2: autoDraw = False
10.3590 	EXP 	image_2: image = 'imagenes\\Galletas Tosh.jpg'
10.3590 	EXP 	slider_2: markerPos = None
10.3590 	EXP 	slider_2: markerPos = None
10.3590 	EXP 	slider_2: rating = None
10.3590 	EXP 	image_2: autoDraw = True
10.3590 	EXP 	slider_2: autoDraw = True
10.9402 	DATA 	Mouse: Left button down, pos=(684,163)
10.9693 	EXP 	slider_2: markerPos = 3.506510416666667
10.9863 	EXP 	slider_2: markerPos = 3.506510416666667
11.0028 	EXP 	slider_2: markerPos = 3.506510416666667
11.0193 	EXP 	slider_2: markerPos = 3.506510416666667
11.0361 	EXP 	slider_2: markerPos = 3.506510416666667
11.0378 	DATA 	Mouse:  Left button up, pos=(684,163)
11.0529 	EXP 	slider_2: markerPos = 3.506510416666667
11.0529 	EXP 	slider_2: rating = 3.506510416666667
11.0560 	EXP 	New trial (rep=0, index=3): OrderedDict([('Imagenes', 'imagenes\\Mango.jpeg'), ('Random', 0.555669112372461), ('Correcto', None)])
11.0794 	EXP 	image_2: autoDraw = False
11.0794 	EXP 	slider_2: autoDraw = False
11.0794 	EXP 	image_2: image = 'imagenes\\Mango.jpeg'
11.0794 	EXP 	slider_2: markerPos = None
11.0794 	EXP 	slider_2: markerPos = None
11.0794 	EXP 	slider_2: rating = None
11.0794 	EXP 	image_2: autoDraw = True
11.0794 	EXP 	slider_2: autoDraw = True
11.1390 	DATA 	Mouse: Left button down, pos=(684,163)
11.1525 	EXP 	slider_2: markerPos = 3.506510416666667
11.1694 	EXP 	slider_2: markerPos = 3.506510416666667
11.1866 	EXP 	slider_2: markerPos = 3.506510416666667
11.2027 	EXP 	slider_2: markerPos = 3.506510416666667
11.2042 	DATA 	Mouse:  Left button up, pos=(684,163)
11.2198 	EXP 	slider_2: markerPos = 3.506510416666667
11.2198 	EXP 	slider_2: rating = 3.506510416666667
11.2226 	EXP 	New trial (rep=0, index=4): OrderedDict([('Imagenes', 'imagenes\\Banano.jpeg'), ('Random', 0.651633055306917), ('Correcto', None)])
11.2431 	EXP 	image_2: autoDraw = False
11.2431 	EXP 	slider_2: autoDraw = False
11.2431 	EXP 	image_2: image = 'imagenes\\Banano.jpeg'
11.2431 	EXP 	slider_2: markerPos = None
11.2431 	EXP 	slider_2: markerPos = None
11.2431 	EXP 	slider_2: rating = None
11.2431 	EXP 	image_2: autoDraw = True
11.2431 	EXP 	slider_2: autoDraw = True
11.3883 	DATA 	Mouse: Left button down, pos=(685,162)
11.4028 	EXP 	slider_2: markerPos = 3.513020833333333
11.4193 	EXP 	slider_2: markerPos = 3.513020833333333
11.4245 	DATA 	Mouse:  Left button up, pos=(685,162)
11.4362 	EXP 	slider_2: markerPos = 3.513020833333333
11.4527 	EXP 	slider_2: markerPos = 3.513020833333333
11.4527 	EXP 	slider_2: rating = 3.513020833333333
11.4559 	EXP 	New trial (rep=0, index=5): OrderedDict([('Imagenes', 'imagenes\\Yogurt-alpina.jpg'), ('Random', 0.21540995091807813), ('Correcto', None)])
11.4775 	EXP 	image_2: autoDraw = False
11.4775 	EXP 	slider_2: autoDraw = False
11.4775 	EXP 	image_2: image = 'imagenes\\Yogurt-alpina.jpg'
11.4775 	EXP 	slider_2: markerPos = None
11.4775 	EXP 	slider_2: markerPos = None
11.4775 	EXP 	slider_2: rating = None
11.4775 	EXP 	image_2: autoDraw = True
11.4775 	EXP 	slider_2: autoDraw = True
11.5721 	DATA 	Mouse: Left button down, pos=(685,162)
11.5861 	EXP 	slider_2: markerPos = 3.513020833333333
11.6029 	EXP 	slider_2: markerPos = 3.513020833333333
11.6194 	EXP 	slider_2: markerPos = 3.513020833333333
11.6362 	EXP 	slider_2: markerPos = 3.513020833333333
11.6387 	DATA 	Mouse:  Left button up, pos=(685,162)
11.6530 	EXP 	slider_2: markerPos = 3.513020833333333
11.6530 	EXP 	slider_2: rating = 3.513020833333333
11.6560 	EXP 	New trial (rep=0, index=6): OrderedDict([('Imagenes', 'imagenes\\Uvas.jpg'), ('Random', 0.7734382152670648), ('Correcto', None)])
11.6780 	EXP 	image_2: autoDraw = False
11.6780 	EXP 	slider_2: autoDraw = False
11.6780 	EXP 	image_2: image = 'imagenes\\Uvas.jpg'
11.6780 	EXP 	slider_2: markerPos = None
11.6780 	EXP 	slider_2: markerPos = None
11.6780 	EXP 	slider_2: rating = None
11.6780 	EXP 	image_2: autoDraw = True
11.6780 	EXP 	slider_2: autoDraw = True
11.9048 	DATA 	Mouse: Left button down, pos=(685,162)
11.9192 	EXP 	slider_2: markerPos = 3.513020833333333
11.9362 	EXP 	slider_2: markerPos = 3.513020833333333
11.9527 	EXP 	slider_2: markerPos = 3.513020833333333
11.9694 	EXP 	slider_2: markerPos = 3.513020833333333
11.9860 	EXP 	slider_2: markerPos = 3.513020833333333
11.9886 	DATA 	Mouse:  Left button up, pos=(685,162)
12.0028 	EXP 	slider_2: markerPos = 3.513020833333333
12.0028 	EXP 	slider_2: rating = 3.513020833333333
12.0061 	EXP 	New trial (rep=0, index=7): OrderedDict([('Imagenes', 'imagenes\\Brownie.jpg'), ('Random', 0.17000143351927688), ('Correcto', None)])
12.0542 	EXP 	image_2: autoDraw = False
12.0542 	EXP 	slider_2: autoDraw = False
12.0542 	EXP 	image_2: image = 'imagenes\\Brownie.jpg'
12.0542 	EXP 	slider_2: markerPos = None
12.0542 	EXP 	slider_2: markerPos = None
12.0542 	EXP 	slider_2: rating = None
12.0542 	EXP 	image_2: autoDraw = True
12.0542 	EXP 	slider_2: autoDraw = True
12.0624 	DATA 	Mouse: Left button down, pos=(685,162)
12.0698 	EXP 	slider_2: markerPos = 3.513020833333333
12.0860 	EXP 	slider_2: markerPos = 3.513020833333333
12.1029 	EXP 	slider_2: markerPos = 3.513020833333333
12.1196 	EXP 	slider_2: markerPos = 3.513020833333333
12.1358 	EXP 	slider_2: markerPos = 3.513020833333333
12.1401 	DATA 	Mouse:  Left button up, pos=(685,162)
12.1535 	EXP 	slider_2: markerPos = 3.513020833333333
12.1695 	EXP 	slider_2: markerPos = 3.513020833333333
12.1695 	EXP 	slider_2: rating = 3.513020833333333
12.1716 	EXP 	New trial (rep=0, index=8): OrderedDict([('Imagenes', 'imagenes\\Papas-naturales.jpg'), ('Random', 0.15856838916280946), ('Correcto', None)])
12.1897 	EXP 	image_2: autoDraw = False
12.1897 	EXP 	slider_2: autoDraw = False
12.1897 	EXP 	image_2: image = 'imagenes\\Papas-naturales.jpg'
12.1897 	EXP 	slider_2: markerPos = None
12.1897 	EXP 	slider_2: markerPos = None
12.1897 	EXP 	slider_2: rating = None
12.1897 	EXP 	image_2: autoDraw = True
12.1897 	EXP 	slider_2: autoDraw = True
12.2218 	DATA 	Mouse: Left button down, pos=(685,162)
12.2363 	EXP 	slider_2: markerPos = 3.513020833333333
12.2528 	EXP 	slider_2: markerPos = 3.513020833333333
12.2695 	EXP 	slider_2: markerPos = 3.513020833333333
12.2860 	EXP 	slider_2: markerPos = 3.513020833333333
12.3027 	EXP 	slider_2: markerPos = 3.513020833333333
12.3050 	DATA 	Mouse:  Left button up, pos=(685,162)
12.3193 	EXP 	slider_2: markerPos = 3.513020833333333
12.3193 	EXP 	slider_2: rating = 3.513020833333333
12.3223 	EXP 	New trial (rep=0, index=9): OrderedDict([('Imagenes', 'imagenes\\Chocoramo.jfif.jpg'), ('Random', 0.7789437122019539), ('Correcto', None)])
12.3628 	EXP 	image_2: autoDraw = False
12.3628 	EXP 	slider_2: autoDraw = False
12.3628 	EXP 	image_2: image = 'imagenes\\Chocoramo.jfif.jpg'
12.3628 	EXP 	slider_2: markerPos = None
12.3628 	EXP 	slider_2: markerPos = None
12.3628 	EXP 	slider_2: rating = None
12.3628 	EXP 	image_2: autoDraw = True
12.3628 	EXP 	slider_2: autoDraw = True
12.3784 	DATA 	Mouse: Left button down, pos=(685,162)
12.3863 	EXP 	slider_2: markerPos = 3.513020833333333
12.4027 	EXP 	slider_2: markerPos = 3.513020833333333
12.4196 	EXP 	slider_2: markerPos = 3.513020833333333
12.4368 	EXP 	slider_2: markerPos = 3.513020833333333
12.4525 	EXP 	slider_2: markerPos = 3.513020833333333
12.4693 	EXP 	slider_2: markerPos = 3.513020833333333
12.4709 	DATA 	Mouse:  Left button up, pos=(685,162)
12.4866 	EXP 	slider_2: markerPos = 3.513020833333333
12.4866 	EXP 	slider_2: rating = 3.513020833333333
12.4889 	EXP 	New trial (rep=0, index=10): OrderedDict([('Imagenes', 'imagenes\\Manzana.jpg'), ('Random', 0.5168162194437935), ('Correcto', None)])
12.5357 	EXP 	image_2: autoDraw = False
12.5357 	EXP 	slider_2: autoDraw = False
12.5357 	EXP 	image_2: image = 'imagenes\\Manzana.jpg'
12.5357 	EXP 	slider_2: markerPos = None
12.5357 	EXP 	slider_2: markerPos = None
12.5357 	EXP 	slider_2: rating = None
12.5357 	EXP 	image_2: autoDraw = True
12.5357 	EXP 	slider_2: autoDraw = True
12.5435 	DATA 	Mouse: Left button down, pos=(685,162)
12.5527 	EXP 	slider_2: markerPos = 3.513020833333333
12.5696 	EXP 	slider_2: markerPos = 3.513020833333333
12.5866 	EXP 	slider_2: markerPos = 3.513020833333333
12.6030 	EXP 	slider_2: markerPos = 3.513020833333333
12.6192 	EXP 	slider_2: markerPos = 3.513020833333333
12.6357 	EXP 	slider_2: markerPos = 3.513020833333333
12.6377 	DATA 	Mouse:  Left button up, pos=(685,162)
12.6527 	EXP 	slider_2: markerPos = 3.513020833333333
12.6527 	EXP 	slider_2: rating = 3.513020833333333
12.6557 	EXP 	New trial (rep=0, index=11): OrderedDict([('Imagenes', 'imagenes\\Alpinito.jpg'), ('Random', 0.4515332417045813), ('Correcto', None)])
12.6860 	EXP 	image_2: autoDraw = False
12.6860 	EXP 	slider_2: autoDraw = False
12.6860 	EXP 	image_2: image = 'imagenes\\Alpinito.jpg'
12.6860 	EXP 	slider_2: markerPos = None
12.6860 	EXP 	slider_2: markerPos = None
12.6860 	EXP 	slider_2: rating = None
12.6860 	EXP 	image_2: autoDraw = True
12.6860 	EXP 	slider_2: autoDraw = True
12.7217 	DATA 	Mouse: Left button down, pos=(685,162)
12.7359 	EXP 	slider_2: markerPos = 3.513020833333333
12.7527 	EXP 	slider_2: markerPos = 3.513020833333333
12.7697 	EXP 	slider_2: markerPos = 3.513020833333333
12.7866 	EXP 	slider_2: markerPos = 3.513020833333333
12.8035 	EXP 	slider_2: markerPos = 3.513020833333333
12.8051 	DATA 	Mouse:  Left button up, pos=(685,162)
12.8198 	EXP 	slider_2: markerPos = 3.513020833333333
12.8198 	EXP 	slider_2: rating = 3.513020833333333
12.8222 	EXP 	New trial (rep=0, index=12): OrderedDict([('Imagenes', 'imagenes\\Croissant.jpg'), ('Random', 0.6152458173421255), ('Correcto', None)])
12.8464 	EXP 	image_2: autoDraw = False
12.8464 	EXP 	slider_2: autoDraw = False
12.8464 	EXP 	image_2: image = 'imagenes\\Croissant.jpg'
12.8464 	EXP 	slider_2: markerPos = None
12.8464 	EXP 	slider_2: markerPos = None
12.8464 	EXP 	slider_2: rating = None
12.8464 	EXP 	image_2: autoDraw = True
12.8464 	EXP 	slider_2: autoDraw = True
12.8886 	DATA 	Mouse: Left button down, pos=(685,162)
12.9026 	EXP 	slider_2: markerPos = 3.513020833333333
12.9192 	EXP 	slider_2: markerPos = 3.513020833333333
12.9364 	EXP 	slider_2: markerPos = 3.513020833333333
12.9528 	EXP 	slider_2: markerPos = 3.513020833333333
12.9552 	DATA 	Mouse:  Left button up, pos=(685,162)
12.9693 	EXP 	slider_2: markerPos = 3.513020833333333
12.9693 	EXP 	slider_2: rating = 3.513020833333333
12.9717 	EXP 	New trial (rep=0, index=13): OrderedDict([('Imagenes', 'imagenes\\bon-bon-bun.jpg'), ('Random', 0.7387922093313524), ('Correcto', None)])
12.9993 	EXP 	image_2: autoDraw = False
12.9993 	EXP 	slider_2: autoDraw = False
12.9993 	EXP 	image_2: image = 'imagenes\\bon-bon-bun.jpg'
12.9993 	EXP 	slider_2: markerPos = None
12.9993 	EXP 	slider_2: markerPos = None
12.9993 	EXP 	slider_2: rating = None
12.9993 	EXP 	image_2: autoDraw = True
12.9993 	EXP 	slider_2: autoDraw = True
13.0388 	DATA 	Mouse: Left button down, pos=(685,162)
13.0530 	EXP 	slider_2: markerPos = 3.513020833333333
13.0694 	EXP 	slider_2: markerPos = 3.513020833333333
13.0863 	EXP 	slider_2: markerPos = 3.513020833333333
13.1027 	EXP 	slider_2: markerPos = 3.513020833333333
13.1193 	EXP 	slider_2: markerPos = 3.513020833333333
13.1213 	DATA 	Mouse:  Left button up, pos=(685,162)
13.1367 	EXP 	slider_2: markerPos = 3.513020833333333
13.1367 	EXP 	slider_2: rating = 3.513020833333333
13.1397 	EXP 	New trial (rep=0, index=14): OrderedDict([('Imagenes', 'imagenes\\Leche-de-almendras.jpg'), ('Random', 0.36073876480313727), ('Correcto', None)])
13.2319 	DATA 	Mouse: Left button down, pos=(685,162)
13.2379 	EXP 	image_2: autoDraw = False
13.2379 	EXP 	slider_2: autoDraw = False
13.2379 	EXP 	image_2: image = 'imagenes\\Leche-de-almendras.jpg'
13.2379 	EXP 	slider_2: markerPos = None
13.2379 	EXP 	slider_2: markerPos = None
13.2379 	EXP 	slider_2: rating = None
13.2379 	EXP 	image_2: autoDraw = True
13.2379 	EXP 	slider_2: autoDraw = True
13.2379 	EXP 	slider_2: markerPos = 3.513020833333333
13.2443 	EXP 	slider_2: markerPos = 3.513020833333333
13.2528 	EXP 	slider_2: markerPos = 3.513020833333333
13.2696 	EXP 	slider_2: markerPos = 3.513020833333333
13.2719 	DATA 	Mouse:  Left button up, pos=(685,162)
13.2866 	EXP 	slider_2: markerPos = 3.513020833333333
13.2866 	EXP 	slider_2: rating = 3.513020833333333
13.2899 	EXP 	New trial (rep=0, index=15): OrderedDict([('Imagenes', 'imagenes\\Galletas-festival.jpg'), ('Random', 0.36121121246191135), ('Correcto', None)])
13.3241 	EXP 	image_2: autoDraw = False
13.3241 	EXP 	slider_2: autoDraw = False
13.3241 	EXP 	image_2: image = 'imagenes\\Galletas-festival.jpg'
13.3241 	EXP 	slider_2: markerPos = None
13.3241 	EXP 	slider_2: markerPos = None
13.3241 	EXP 	slider_2: rating = None
13.3241 	EXP 	image_2: autoDraw = True
13.3241 	EXP 	slider_2: autoDraw = True
13.3393 	DATA 	Mouse: Left button down, pos=(685,162)
13.3692 	EXP 	slider_2: markerPos = 3.513020833333333
13.3863 	EXP 	slider_2: markerPos = 3.513020833333333
13.4025 	EXP 	slider_2: markerPos = 3.513020833333333
13.4194 	EXP 	slider_2: markerPos = 3.513020833333333
13.4215 	DATA 	Mouse:  Left button up, pos=(685,162)
13.4363 	EXP 	slider_2: markerPos = 3.513020833333333
13.4363 	EXP 	slider_2: rating = 3.513020833333333
13.4384 	EXP 	New trial (rep=0, index=16): OrderedDict([('Imagenes', 'imagenes\\Nutella (1).jpg'), ('Random', 0.5277483225747329), ('Correcto', None)])
13.4529 	EXP 	image_2: autoDraw = False
13.4529 	EXP 	slider_2: autoDraw = False
13.4529 	EXP 	image_2: image = 'imagenes\\Nutella (1).jpg'
13.4529 	EXP 	slider_2: markerPos = None
13.4529 	EXP 	slider_2: markerPos = None
13.4529 	EXP 	slider_2: rating = None
13.4529 	EXP 	image_2: autoDraw = True
13.4529 	EXP 	slider_2: autoDraw = True
13.5210 	DATA 	Mouse: Left button down, pos=(685,162)
13.5360 	EXP 	slider_2: markerPos = 3.513020833333333
13.5530 	EXP 	slider_2: markerPos = 3.513020833333333
13.5693 	EXP 	slider_2: markerPos = 3.513020833333333
13.5863 	EXP 	slider_2: markerPos = 3.513020833333333
13.5886 	DATA 	Mouse:  Left button up, pos=(685,162)
13.6029 	EXP 	slider_2: markerPos = 3.513020833333333
13.6029 	EXP 	slider_2: rating = 3.513020833333333
13.6055 	EXP 	New trial (rep=0, index=17): OrderedDict([('Imagenes', 'imagenes\\Papas-limon.jpg'), ('Random', 0.020692288100133793), ('Correcto', None)])
13.6195 	EXP 	image_2: autoDraw = False
13.6195 	EXP 	slider_2: autoDraw = False
13.6195 	EXP 	image_2: image = 'imagenes\\Papas-limon.jpg'
13.6195 	EXP 	slider_2: markerPos = None
13.6195 	EXP 	slider_2: markerPos = None
13.6195 	EXP 	slider_2: rating = None
13.6195 	EXP 	image_2: autoDraw = True
13.6195 	EXP 	slider_2: autoDraw = True
13.6883 	DATA 	Mouse: Left button down, pos=(685,162)
13.7029 	EXP 	slider_2: markerPos = 3.513020833333333
13.7194 	EXP 	slider_2: markerPos = 3.513020833333333
13.7362 	EXP 	slider_2: markerPos = 3.513020833333333
13.7527 	EXP 	slider_2: markerPos = 3.513020833333333
13.7693 	EXP 	slider_2: markerPos = 3.513020833333333
13.7863 	EXP 	slider_2: markerPos = 3.513020833333333
13.7882 	DATA 	Mouse:  Left button up, pos=(685,162)
13.8029 	EXP 	slider_2: markerPos = 3.513020833333333
13.8029 	EXP 	slider_2: rating = 3.513020833333333
13.8054 	EXP 	New trial (rep=0, index=18): OrderedDict([('Imagenes', 'imagenes\\Papas-pollo.jpg'), ('Random', 0.6683114062971784), ('Correcto', None)])
13.8226 	EXP 	image_2: autoDraw = False
13.8226 	EXP 	slider_2: autoDraw = False
13.8226 	EXP 	image_2: image = 'imagenes\\Papas-pollo.jpg'
13.8226 	EXP 	slider_2: markerPos = None
13.8226 	EXP 	slider_2: markerPos = None
13.8226 	EXP 	slider_2: rating = None
13.8226 	EXP 	image_2: autoDraw = True
13.8226 	EXP 	slider_2: autoDraw = True
13.8544 	DATA 	Mouse: Left button down, pos=(685,162)
13.8693 	EXP 	slider_2: markerPos = 3.513020833333333
13.8865 	EXP 	slider_2: markerPos = 3.513020833333333
13.9027 	EXP 	slider_2: markerPos = 3.513020833333333
13.9193 	EXP 	slider_2: markerPos = 3.513020833333333
13.9362 	EXP 	slider_2: markerPos = 3.513020833333333
13.9528 	EXP 	slider_2: markerPos = 3.513020833333333
13.9554 	DATA 	Mouse:  Left button up, pos=(685,162)
13.9693 	EXP 	slider_2: markerPos = 3.513020833333333
13.9693 	EXP 	slider_2: rating = 3.513020833333333
13.9716 	EXP 	New trial (rep=0, index=19): OrderedDict([('Imagenes', 'imagenes\\Kiwi.jpg'), ('Random', 0.5893907384852061), ('Correcto', None)])
13.9858 	EXP 	image_2: autoDraw = False
13.9858 	EXP 	slider_2: autoDraw = False
13.9858 	EXP 	image_2: image = 'imagenes\\Kiwi.jpg'
13.9858 	EXP 	slider_2: markerPos = None
13.9858 	EXP 	slider_2: markerPos = None
13.9858 	EXP 	slider_2: rating = None
13.9858 	EXP 	image_2: autoDraw = True
13.9858 	EXP 	slider_2: autoDraw = True
14.0378 	DATA 	Mouse: Left button down, pos=(685,162)
14.0530 	EXP 	slider_2: markerPos = 3.513020833333333
14.0691 	EXP 	slider_2: markerPos = 3.513020833333333
14.0864 	EXP 	slider_2: markerPos = 3.513020833333333
14.1024 	EXP 	slider_2: markerPos = 3.513020833333333
14.1193 	EXP 	slider_2: markerPos = 3.513020833333333
14.1209 	DATA 	Mouse:  Left button up, pos=(685,162)
14.1363 	EXP 	slider_2: markerPos = 3.513020833333333
14.1363 	EXP 	slider_2: rating = 3.513020833333333
14.1391 	EXP 	New trial (rep=0, index=1): OrderedDict([('Hertz', 1000), ('volumen', 0.02)])
14.1450 	EXP 	Imported imagenes.xlsx as conditions, 20 conditions, 3 params
14.1452 	EXP 	Created sequence: random, trialTypes=20, nReps=1, seed=None
14.1455 	EXP 	New trial (rep=0, index=0): OrderedDict([('Imagenes', 'imagenes\\Nutella (1).jpg'), ('Random', 0.5277483225747329), ('Correcto', None)])
14.1576 	EXP 	image_2: autoDraw = False
14.1576 	EXP 	slider_2: autoDraw = False
14.1576 	EXP 	image_2: image = 'imagenes\\Nutella (1).jpg'
14.1576 	EXP 	slider_2: markerPos = None
14.1576 	EXP 	slider_2: markerPos = None
14.1576 	EXP 	slider_2: rating = None
14.1576 	EXP 	image_2: autoDraw = True
14.1576 	EXP 	slider_2: autoDraw = True
14.2213 	DATA 	Mouse: Left button down, pos=(685,162)
14.2360 	EXP 	slider_2: markerPos = 3.513020833333333
14.2526 	EXP 	slider_2: markerPos = 3.513020833333333
14.2695 	EXP 	slider_2: markerPos = 3.513020833333333
14.2862 	EXP 	slider_2: markerPos = 3.513020833333333
14.3026 	EXP 	slider_2: markerPos = 3.513020833333333
14.3194 	EXP 	slider_2: markerPos = 3.513020833333333
14.3216 	DATA 	Mouse:  Left button up, pos=(685,162)
14.3362 	EXP 	slider_2: markerPos = 3.513020833333333
14.3362 	EXP 	slider_2: rating = 3.513020833333333
14.3400 	EXP 	New trial (rep=0, index=1): OrderedDict([('Imagenes', 'imagenes\\Yogurt-alpina.jpg'), ('Random', 0.21540995091807813), ('Correcto', None)])
14.3534 	EXP 	image_2: autoDraw = False
14.3534 	EXP 	slider_2: autoDraw = False
14.3534 	EXP 	image_2: image = 'imagenes\\Yogurt-alpina.jpg'
14.3534 	EXP 	slider_2: markerPos = None
14.3534 	EXP 	slider_2: markerPos = None
14.3534 	EXP 	slider_2: rating = None
14.3534 	EXP 	image_2: autoDraw = True
14.3534 	EXP 	slider_2: autoDraw = True
14.4214 	DATA 	Mouse: Left button down, pos=(685,162)
14.4362 	EXP 	slider_2: markerPos = 3.513020833333333
14.4525 	EXP 	slider_2: markerPos = 3.513020833333333
14.4691 	EXP 	slider_2: markerPos = 3.513020833333333
14.4863 	EXP 	slider_2: markerPos = 3.513020833333333
14.5029 	EXP 	slider_2: markerPos = 3.513020833333333
14.5044 	DATA 	Mouse:  Left button up, pos=(685,162)
14.5195 	EXP 	slider_2: markerPos = 3.513020833333333
14.5195 	EXP 	slider_2: rating = 3.513020833333333
14.5219 	EXP 	New trial (rep=0, index=2): OrderedDict([('Imagenes', 'imagenes\\Chocoramo.jfif.jpg'), ('Random', 0.7789437122019539), ('Correcto', None)])
14.5442 	EXP 	image_2: autoDraw = False
14.5442 	EXP 	slider_2: autoDraw = False
14.5442 	EXP 	image_2: image = 'imagenes\\Chocoramo.jfif.jpg'
14.5442 	EXP 	slider_2: markerPos = None
14.5442 	EXP 	slider_2: markerPos = None
14.5442 	EXP 	slider_2: rating = None
14.5442 	EXP 	image_2: autoDraw = True
14.5442 	EXP 	slider_2: autoDraw = True
14.5713 	DATA 	Mouse: Left button down, pos=(685,162)
14.5863 	EXP 	slider_2: markerPos = 3.513020833333333
14.6026 	EXP 	slider_2: markerPos = 3.513020833333333
14.6196 	EXP 	slider_2: markerPos = 3.513020833333333
14.6355 	EXP 	slider_2: markerPos = 3.513020833333333
14.6525 	EXP 	slider_2: markerPos = 3.513020833333333
14.6692 	EXP 	slider_2: markerPos = 3.513020833333333
14.6713 	DATA 	Mouse:  Left button up, pos=(685,162)
14.6863 	EXP 	slider_2: markerPos = 3.513020833333333
14.6863 	EXP 	slider_2: rating = 3.513020833333333
14.6895 	EXP 	New trial (rep=0, index=3): OrderedDict([('Imagenes', 'imagenes\\Banano.jpeg'), ('Random', 0.651633055306917), ('Correcto', None)])
14.7034 	EXP 	image_2: autoDraw = False
14.7034 	EXP 	slider_2: autoDraw = False
14.7034 	EXP 	image_2: image = 'imagenes\\Banano.jpeg'
14.7034 	EXP 	slider_2: markerPos = None
14.7034 	EXP 	slider_2: markerPos = None
14.7034 	EXP 	slider_2: rating = None
14.7034 	EXP 	image_2: autoDraw = True
14.7034 	EXP 	slider_2: autoDraw = True
14.7386 	DATA 	Mouse: Left button down, pos=(685,162)
14.7527 	EXP 	slider_2: markerPos = 3.513020833333333
14.7692 	EXP 	slider_2: markerPos = 3.513020833333333
14.7863 	EXP 	slider_2: markerPos = 3.513020833333333
14.8025 	EXP 	slider_2: markerPos = 3.513020833333333
14.8192 	EXP 	slider_2: markerPos = 3.513020833333333
14.8359 	EXP 	slider_2: markerPos = 3.513020833333333
14.8382 	DATA 	Mouse:  Left button up, pos=(685,162)
14.8526 	EXP 	slider_2: markerPos = 3.513020833333333
14.8526 	EXP 	slider_2: rating = 3.513020833333333
14.8550 	EXP 	New trial (rep=0, index=4): OrderedDict([('Imagenes', 'imagenes\\Leche-de-almendras.jpg'), ('Random', 0.36073876480313727), ('Correcto', None)])
14.9028 	EXP 	image_2: autoDraw = False
14.9028 	EXP 	slider_2: autoDraw = False
14.9028 	EXP 	image_2: image = 'imagenes\\Leche-de-almendras.jpg'
14.9028 	EXP 	slider_2: markerPos = None
14.9028 	EXP 	slider_2: markerPos = None
14.9028 	EXP 	slider_2: rating = None
14.9028 	EXP 	image_2: autoDraw = True
14.9028 	EXP 	slider_2: autoDraw = True
14.9221 	DATA 	Mouse: Left button down, pos=(685,162)
14.9365 	EXP 	slider_2: markerPos = 3.513020833333333
14.9530 	EXP 	slider_2: markerPos = 3.513020833333333
14.9695 	EXP 	slider_2: markerPos = 3.513020833333333
14.9860 	EXP 	slider_2: markerPos = 3.513020833333333
15.0027 	EXP 	slider_2: markerPos = 3.513020833333333
15.0195 	EXP 	slider_2: markerPos = 3.513020833333333
15.0218 	DATA 	Mouse:  Left button up, pos=(685,162)
15.0362 	EXP 	slider_2: markerPos = 3.513020833333333
15.0362 	EXP 	slider_2: rating = 3.513020833333333
15.0389 	EXP 	New trial (rep=0, index=5): OrderedDict([('Imagenes', 'imagenes\\Galletas-festival.jpg'), ('Random', 0.36121121246191135), ('Correcto', None)])
15.0586 	EXP 	image_2: autoDraw = False
15.0586 	EXP 	slider_2: autoDraw = False
15.0586 	EXP 	image_2: image = 'imagenes\\Galletas-festival.jpg'
15.0586 	EXP 	slider_2: markerPos = None
15.0586 	EXP 	slider_2: markerPos = None
15.0586 	EXP 	slider_2: rating = None
15.0586 	EXP 	image_2: autoDraw = True
15.0586 	EXP 	slider_2: autoDraw = True
15.0887 	DATA 	Mouse: Left button down, pos=(685,162)
15.1023 	EXP 	slider_2: markerPos = 3.513020833333333
15.1193 	EXP 	slider_2: markerPos = 3.513020833333333
15.1370 	EXP 	slider_2: markerPos = 3.513020833333333
15.1524 	EXP 	slider_2: markerPos = 3.513020833333333
15.1692 	EXP 	slider_2: markerPos = 3.513020833333333
15.1862 	EXP 	slider_2: markerPos = 3.513020833333333
15.1881 	DATA 	Mouse:  Left button up, pos=(685,162)
15.2029 	EXP 	slider_2: markerPos = 3.513020833333333
15.2029 	EXP 	slider_2: rating = 3.513020833333333
15.2050 	EXP 	New trial (rep=0, index=6): OrderedDict([('Imagenes', 'imagenes\\bon-bon-bun.jpg'), ('Random', 0.7387922093313524), ('Correcto', None)])
15.2257 	EXP 	image_2: autoDraw = False
15.2257 	EXP 	slider_2: autoDraw = False
15.2257 	EXP 	image_2: image = 'imagenes\\bon-bon-bun.jpg'
15.2257 	EXP 	slider_2: markerPos = None
15.2257 	EXP 	slider_2: markerPos = None
15.2257 	EXP 	slider_2: rating = None
15.2257 	EXP 	image_2: autoDraw = True
15.2257 	EXP 	slider_2: autoDraw = True
15.2561 	DATA 	Mouse: Left button down, pos=(685,162)
15.2861 	EXP 	slider_2: markerPos = 3.513020833333333
15.3030 	EXP 	slider_2: markerPos = 3.513020833333333
15.3197 	EXP 	slider_2: markerPos = 3.513020833333333
15.3356 	EXP 	slider_2: markerPos = 3.513020833333333
15.3524 	EXP 	slider_2: markerPos = 3.513020833333333
15.3692 	EXP 	slider_2: markerPos = 3.513020833333333
15.3709 	DATA 	Mouse:  Left button up, pos=(685,162)
15.3862 	EXP 	slider_2: markerPos = 3.513020833333333
15.3862 	EXP 	slider_2: rating = 3.513020833333333
15.3890 	EXP 	New trial (rep=0, index=7): OrderedDict([('Imagenes', 'imagenes\\Alpinito.jpg'), ('Random', 0.4515332417045813), ('Correcto', None)])
15.4186 	EXP 	image_2: autoDraw = False
15.4186 	EXP 	slider_2: autoDraw = False
15.4186 	EXP 	image_2: image = 'imagenes\\Alpinito.jpg'
15.4186 	EXP 	slider_2: markerPos = None
15.4186 	EXP 	slider_2: markerPos = None
15.4186 	EXP 	slider_2: rating = None
15.4186 	EXP 	image_2: autoDraw = True
15.4186 	EXP 	slider_2: autoDraw = True
15.4378 	DATA 	Mouse: Left button down, pos=(685,162)
15.4528 	EXP 	slider_2: markerPos = 3.513020833333333
15.4695 	EXP 	slider_2: markerPos = 3.513020833333333
15.4856 	EXP 	slider_2: markerPos = 3.513020833333333
15.5025 	EXP 	slider_2: markerPos = 3.513020833333333
15.5193 	EXP 	slider_2: markerPos = 3.513020833333333
15.5358 	EXP 	slider_2: markerPos = 3.513020833333333
15.5402 	DATA 	Mouse:  Left button up, pos=(685,162)
15.5528 	EXP 	slider_2: markerPos = 3.513020833333333
15.5684 	EXP 	slider_2: markerPos = 3.513020833333333
15.5684 	EXP 	slider_2: rating = 3.513020833333333
15.5715 	EXP 	New trial (rep=0, index=8): OrderedDict([('Imagenes', 'imagenes\\Galletas Tosh.jpg'), ('Random', 0.478088790487872), ('Correcto', None)])
15.5938 	EXP 	image_2: autoDraw = False
15.5938 	EXP 	slider_2: autoDraw = False
15.5938 	EXP 	image_2: image = 'imagenes\\Galletas Tosh.jpg'
15.5938 	EXP 	slider_2: markerPos = None
15.5938 	EXP 	slider_2: markerPos = None
15.5938 	EXP 	slider_2: rating = None
15.5938 	EXP 	image_2: autoDraw = True
15.5938 	EXP 	slider_2: autoDraw = True
15.6715 	DATA 	Mouse: Left button down, pos=(685,162)
15.6862 	EXP 	slider_2: markerPos = 3.513020833333333
15.7027 	EXP 	slider_2: markerPos = 3.513020833333333
15.7194 	EXP 	slider_2: markerPos = 3.513020833333333
15.7364 	EXP 	slider_2: markerPos = 3.513020833333333
15.7526 	EXP 	slider_2: markerPos = 3.513020833333333
15.7694 	EXP 	slider_2: markerPos = 3.513020833333333
15.7717 	DATA 	Mouse:  Left button up, pos=(685,162)
15.7858 	EXP 	slider_2: markerPos = 3.513020833333333
15.7858 	EXP 	slider_2: rating = 3.513020833333333
15.7881 	EXP 	New trial (rep=0, index=9): OrderedDict([('Imagenes', 'imagenes\\Popetas.jpg'), ('Random', 0.07650200324054446), ('Correcto', None)])
15.8321 	EXP 	image_2: autoDraw = False
15.8321 	EXP 	slider_2: autoDraw = False
15.8321 	EXP 	image_2: image = 'imagenes\\Popetas.jpg'
15.8321 	EXP 	slider_2: markerPos = None
15.8321 	EXP 	slider_2: markerPos = None
15.8321 	EXP 	slider_2: rating = None
15.8321 	EXP 	image_2: autoDraw = True
15.8321 	EXP 	slider_2: autoDraw = True
15.8393 	DATA 	Mouse: Left button down, pos=(685,162)
15.8438 	EXP 	slider_2: markerPos = 3.513020833333333
15.8528 	EXP 	slider_2: markerPos = 3.513020833333333
15.8693 	EXP 	slider_2: markerPos = 3.513020833333333
15.8857 	EXP 	slider_2: markerPos = 3.513020833333333
15.9031 	EXP 	slider_2: markerPos = 3.513020833333333
15.9195 	EXP 	slider_2: markerPos = 3.513020833333333
15.9361 	EXP 	slider_2: markerPos = 3.513020833333333
15.9523 	EXP 	slider_2: markerPos = 3.513020833333333
15.9545 	DATA 	Mouse:  Left button up, pos=(685,162)
15.9692 	EXP 	slider_2: markerPos = 3.513020833333333
15.9692 	EXP 	slider_2: rating = 3.513020833333333
15.9719 	EXP 	New trial (rep=0, index=10): OrderedDict([('Imagenes', 'imagenes\\Papas-naturales.jpg'), ('Random', 0.15856838916280946), ('Correcto', None)])
15.9863 	EXP 	image_2: autoDraw = False
15.9863 	EXP 	slider_2: autoDraw = False
15.9863 	EXP 	image_2: image = 'imagenes\\Papas-naturales.jpg'
15.9863 	EXP 	slider_2: markerPos = None
15.9863 	EXP 	slider_2: markerPos = None
15.9863 	EXP 	slider_2: rating = None
15.9863 	EXP 	image_2: autoDraw = True
15.9863 	EXP 	slider_2: autoDraw = True
16.0381 	DATA 	Mouse: Left button down, pos=(685,162)
16.0524 	EXP 	slider_2: markerPos = 3.513020833333333
16.0694 	EXP 	slider_2: markerPos = 3.513020833333333
16.0859 	EXP 	slider_2: markerPos = 3.513020833333333
16.1028 	EXP 	slider_2: markerPos = 3.513020833333333
16.1194 	EXP 	slider_2: markerPos = 3.513020833333333
16.1364 	EXP 	slider_2: markerPos = 3.513020833333333
16.1389 	DATA 	Mouse:  Left button up, pos=(685,162)
16.1526 	EXP 	slider_2: markerPos = 3.513020833333333
16.1526 	EXP 	slider_2: rating = 3.513020833333333
16.1562 	EXP 	New trial (rep=0, index=11): OrderedDict([('Imagenes', 'imagenes\\Brownie.jpg'), ('Random', 0.17000143351927688), ('Correcto', None)])
16.1825 	DATA 	Mouse: Left button down, pos=(685,162)
16.1879 	EXP 	image_2: autoDraw = False
16.1879 	EXP 	slider_2: autoDraw = False
16.1879 	EXP 	image_2: image = 'imagenes\\Brownie.jpg'
16.1879 	EXP 	slider_2: markerPos = None
16.1879 	EXP 	slider_2: markerPos = None
16.1879 	EXP 	slider_2: rating = None
16.1879 	EXP 	image_2: autoDraw = True
16.1879 	EXP 	slider_2: autoDraw = True
16.1879 	EXP 	slider_2: markerPos = 3.513020833333333
16.1942 	EXP 	slider_2: markerPos = 3.513020833333333
16.2024 	EXP 	slider_2: markerPos = 3.513020833333333
16.2191 	EXP 	slider_2: markerPos = 3.513020833333333
16.2358 	EXP 	slider_2: markerPos = 3.513020833333333
16.2528 	EXP 	slider_2: markerPos = 3.513020833333333
16.2694 	EXP 	slider_2: markerPos = 3.513020833333333
16.2857 	EXP 	slider_2: markerPos = 3.513020833333333
16.2877 	DATA 	Mouse:  Left button up, pos=(685,162)
16.3025 	EXP 	slider_2: markerPos = 3.513020833333333
16.3025 	EXP 	slider_2: rating = 3.513020833333333
16.3046 	EXP 	New trial (rep=0, index=12): OrderedDict([('Imagenes', 'imagenes\\Uvas.jpg'), ('Random', 0.7734382152670648), ('Correcto', None)])
16.3197 	EXP 	image_2: autoDraw = False
16.3197 	EXP 	slider_2: autoDraw = False
16.3197 	EXP 	image_2: image = 'imagenes\\Uvas.jpg'
16.3197 	EXP 	slider_2: markerPos = None
16.3197 	EXP 	slider_2: markerPos = None
16.3197 	EXP 	slider_2: rating = None
16.3197 	EXP 	image_2: autoDraw = True
16.3197 	EXP 	slider_2: autoDraw = True
16.3546 	DATA 	Mouse: Left button down, pos=(685,162)
16.3690 	EXP 	slider_2: markerPos = 3.513020833333333
16.3859 	EXP 	slider_2: markerPos = 3.513020833333333
16.4026 	EXP 	slider_2: markerPos = 3.513020833333333
16.4193 	EXP 	slider_2: markerPos = 3.513020833333333
16.4362 	EXP 	slider_2: markerPos = 3.513020833333333
16.4526 	EXP 	slider_2: markerPos = 3.513020833333333
16.4542 	DATA 	Mouse:  Left button up, pos=(685,162)
16.4690 	EXP 	slider_2: markerPos = 3.513020833333333
16.4690 	EXP 	slider_2: rating = 3.513020833333333
16.4716 	EXP 	New trial (rep=0, index=13): OrderedDict([('Imagenes', 'imagenes\\Papas-pollo.jpg'), ('Random', 0.6683114062971784), ('Correcto', None)])
16.4859 	EXP 	image_2: autoDraw = False
16.4859 	EXP 	slider_2: autoDraw = False
16.4859 	EXP 	image_2: image = 'imagenes\\Papas-pollo.jpg'
16.4859 	EXP 	slider_2: markerPos = None
16.4859 	EXP 	slider_2: markerPos = None
16.4859 	EXP 	slider_2: rating = None
16.4859 	EXP 	image_2: autoDraw = True
16.4859 	EXP 	slider_2: autoDraw = True
16.5382 	DATA 	Mouse: Left button down, pos=(685,162)
16.5528 	EXP 	slider_2: markerPos = 3.513020833333333
16.5694 	EXP 	slider_2: markerPos = 3.513020833333333
16.5853 	EXP 	slider_2: markerPos = 3.513020833333333
16.6027 	EXP 	slider_2: markerPos = 3.513020833333333
16.6195 	EXP 	slider_2: markerPos = 3.513020833333333
16.6211 	DATA 	Mouse:  Left button up, pos=(685,162)
16.6360 	EXP 	slider_2: markerPos = 3.513020833333333
16.6360 	EXP 	slider_2: rating = 3.513020833333333
16.6394 	EXP 	New trial (rep=0, index=14): OrderedDict([('Imagenes', 'imagenes\\Kiwi.jpg'), ('Random', 0.5893907384852061), ('Correcto', None)])
16.6527 	EXP 	image_2: autoDraw = False
16.6527 	EXP 	slider_2: autoDraw = False
16.6527 	EXP 	image_2: image = 'imagenes\\Kiwi.jpg'
16.6527 	EXP 	slider_2: markerPos = None
16.6527 	EXP 	slider_2: markerPos = None
16.6527 	EXP 	slider_2: rating = None
16.6527 	EXP 	image_2: autoDraw = True
16.6527 	EXP 	slider_2: autoDraw = True
16.6889 	DATA 	Mouse: Left button down, pos=(685,162)
16.7025 	EXP 	slider_2: markerPos = 3.513020833333333
16.7194 	EXP 	slider_2: markerPos = 3.513020833333333
16.7363 	EXP 	slider_2: markerPos = 3.513020833333333
16.7526 	EXP 	slider_2: markerPos = 3.513020833333333
16.7697 	EXP 	slider_2: markerPos = 3.513020833333333
16.7862 	EXP 	slider_2: markerPos = 3.513020833333333
16.7885 	DATA 	Mouse:  Left button up, pos=(685,162)
16.8024 	EXP 	slider_2: markerPos = 3.513020833333333
16.8024 	EXP 	slider_2: rating = 3.513020833333333
16.8045 	EXP 	New trial (rep=0, index=15): OrderedDict([('Imagenes', 'imagenes\\Rosquitas (1).jpg'), ('Random', 0.3035383390851263), ('Correcto', None)])
16.8313 	EXP 	image_2: autoDraw = False
16.8313 	EXP 	slider_2: autoDraw = False
16.8313 	EXP 	image_2: image = 'imagenes\\Rosquitas (1).jpg'
16.8313 	EXP 	slider_2: markerPos = None
16.8313 	EXP 	slider_2: markerPos = None
16.8313 	EXP 	slider_2: rating = None
16.8313 	EXP 	image_2: autoDraw = True
16.8313 	EXP 	slider_2: autoDraw = True
16.8548 	DATA 	Mouse: Left button down, pos=(685,162)
16.8690 	EXP 	slider_2: markerPos = 3.513020833333333
16.8859 	EXP 	slider_2: markerPos = 3.513020833333333
16.9022 	EXP 	slider_2: markerPos = 3.513020833333333
16.9192 	EXP 	slider_2: markerPos = 3.513020833333333
16.9360 	EXP 	slider_2: markerPos = 3.513020833333333
16.9527 	EXP 	slider_2: markerPos = 3.513020833333333
16.9693 	EXP 	slider_2: markerPos = 3.513020833333333
16.9716 	DATA 	Mouse:  Left button up, pos=(685,162)
16.9860 	EXP 	slider_2: markerPos = 3.513020833333333
16.9860 	EXP 	slider_2: rating = 3.513020833333333
16.9887 	EXP 	New trial (rep=0, index=16): OrderedDict([('Imagenes', 'imagenes\\Croissant.jpg'), ('Random', 0.6152458173421255), ('Correcto', None)])
17.0122 	EXP 	image_2: autoDraw = False
17.0122 	EXP 	slider_2: autoDraw = False
17.0122 	EXP 	image_2: image = 'imagenes\\Croissant.jpg'
17.0122 	EXP 	slider_2: markerPos = None
17.0122 	EXP 	slider_2: markerPos = None
17.0122 	EXP 	slider_2: rating = None
17.0122 	EXP 	image_2: autoDraw = True
17.0122 	EXP 	slider_2: autoDraw = True
17.1546 	DATA 	Mouse: Left button down, pos=(685,162)
17.1692 	EXP 	slider_2: markerPos = 3.513020833333333
17.1861 	EXP 	slider_2: markerPos = 3.513020833333333
17.2025 	EXP 	slider_2: markerPos = 3.513020833333333
17.2191 	EXP 	slider_2: markerPos = 3.513020833333333
17.2362 	EXP 	slider_2: markerPos = 3.513020833333333
17.2524 	EXP 	slider_2: markerPos = 3.513020833333333
17.2693 	EXP 	slider_2: markerPos = 3.513020833333333
17.2851 	EXP 	slider_2: markerPos = 3.513020833333333
17.3024 	EXP 	slider_2: markerPos = 3.513020833333333
17.3192 	EXP 	slider_2: markerPos = 3.513020833333333
17.3358 	EXP 	slider_2: markerPos = 3.513020833333333
17.3524 	EXP 	slider_2: markerPos = 3.513020833333333
17.3690 	EXP 	slider_2: markerPos = 3.513020833333333
17.3728 	DATA 	Mouse:  Left button up, pos=(685,162)
17.3860 	EXP 	slider_2: markerPos = 3.513020833333333
17.4024 	EXP 	slider_2: markerPos = 3.513020833333333
17.4024 	EXP 	slider_2: rating = 3.513020833333333
17.4047 	EXP 	New trial (rep=0, index=17): OrderedDict([('Imagenes', 'imagenes\\Papas-limon.jpg'), ('Random', 0.020692288100133793), ('Correcto', None)])
17.4192 	EXP 	image_2: autoDraw = False
17.4192 	EXP 	slider_2: autoDraw = False
17.4192 	EXP 	image_2: image = 'imagenes\\Papas-limon.jpg'
17.4192 	EXP 	slider_2: markerPos = None
17.4192 	EXP 	slider_2: markerPos = None
17.4192 	EXP 	slider_2: rating = None
17.4192 	EXP 	image_2: autoDraw = True
17.4192 	EXP 	slider_2: autoDraw = True
17.4380 	DATA 	Mouse: Left button down, pos=(685,162)
17.4523 	EXP 	slider_2: markerPos = 3.513020833333333
17.4690 	EXP 	slider_2: markerPos = 3.513020833333333
17.4857 	EXP 	slider_2: markerPos = 3.513020833333333
17.5025 	EXP 	slider_2: markerPos = 3.513020833333333
17.5193 	EXP 	slider_2: markerPos = 3.513020833333333
17.5217 	DATA 	Mouse:  Left button up, pos=(685,162)
17.5360 	EXP 	slider_2: markerPos = 3.513020833333333
17.5360 	EXP 	slider_2: rating = 3.513020833333333
17.5383 	EXP 	New trial (rep=0, index=18): OrderedDict([('Imagenes', 'imagenes\\Mango.jpeg'), ('Random', 0.555669112372461), ('Correcto', None)])
17.5718 	EXP 	image_2: autoDraw = False
17.5718 	EXP 	slider_2: autoDraw = False
17.5718 	EXP 	image_2: image = 'imagenes\\Mango.jpeg'
17.5718 	EXP 	slider_2: markerPos = None
17.5718 	EXP 	slider_2: markerPos = None
17.5718 	EXP 	slider_2: rating = None
17.5718 	EXP 	image_2: autoDraw = True
17.5718 	EXP 	slider_2: autoDraw = True
17.6211 	DATA 	Mouse: Left button down, pos=(685,162)
17.6361 	EXP 	slider_2: markerPos = 3.513020833333333
17.6522 	EXP 	slider_2: markerPos = 3.513020833333333
17.6693 	EXP 	slider_2: markerPos = 3.513020833333333
17.6861 	EXP 	slider_2: markerPos = 3.513020833333333
17.6903 	DATA 	Mouse:  Left button up, pos=(685,162)
17.7027 	EXP 	slider_2: markerPos = 3.513020833333333
17.7191 	EXP 	slider_2: markerPos = 3.513020833333333
17.7191 	EXP 	slider_2: rating = 3.513020833333333
17.7216 	EXP 	New trial (rep=0, index=19): OrderedDict([('Imagenes', 'imagenes\\Manzana.jpg'), ('Random', 0.5168162194437935), ('Correcto', None)])
17.7434 	EXP 	image_2: autoDraw = False
17.7434 	EXP 	slider_2: autoDraw = False
17.7434 	EXP 	image_2: image = 'imagenes\\Manzana.jpg'
17.7434 	EXP 	slider_2: markerPos = None
17.7434 	EXP 	slider_2: markerPos = None
17.7434 	EXP 	slider_2: rating = None
17.7434 	EXP 	image_2: autoDraw = True
17.7434 	EXP 	slider_2: autoDraw = True
17.7899 	DATA 	Mouse: Left button down, pos=(685,162)
17.8028 	EXP 	slider_2: markerPos = 3.513020833333333
17.8192 	EXP 	slider_2: markerPos = 3.513020833333333
17.8358 	EXP 	slider_2: markerPos = 3.513020833333333
17.8523 	EXP 	slider_2: markerPos = 3.513020833333333
17.8690 	EXP 	slider_2: markerPos = 3.513020833333333
17.8712 	DATA 	Mouse:  Left button up, pos=(685,162)
17.8860 	EXP 	slider_2: markerPos = 3.513020833333333
17.8860 	EXP 	slider_2: rating = 3.513020833333333
17.8896 	EXP 	New trial (rep=0, index=2): OrderedDict([('Hertz', 1000), ('volumen', 0.0)])
17.8958 	EXP 	Imported imagenes.xlsx as conditions, 20 conditions, 3 params
17.8961 	EXP 	Created sequence: random, trialTypes=20, nReps=1, seed=None
17.8963 	EXP 	New trial (rep=0, index=0): OrderedDict([('Imagenes', 'imagenes\\Yogurt-alpina.jpg'), ('Random', 0.21540995091807813), ('Correcto', None)])
17.9124 	EXP 	image_2: autoDraw = False
17.9124 	EXP 	slider_2: autoDraw = False
17.9124 	EXP 	image_2: image = 'imagenes\\Yogurt-alpina.jpg'
17.9124 	EXP 	slider_2: markerPos = None
17.9124 	EXP 	slider_2: markerPos = None
17.9124 	EXP 	slider_2: rating = None
17.9124 	EXP 	image_2: autoDraw = True
17.9124 	EXP 	slider_2: autoDraw = True
17.9541 	DATA 	Mouse: Left button down, pos=(685,162)
17.9692 	EXP 	slider_2: markerPos = 3.513020833333333
17.9861 	EXP 	slider_2: markerPos = 3.513020833333333
18.0025 	EXP 	slider_2: markerPos = 3.513020833333333
18.0189 	EXP 	slider_2: markerPos = 3.513020833333333
18.0360 	EXP 	slider_2: markerPos = 3.513020833333333
18.0528 	EXP 	slider_2: markerPos = 3.513020833333333
18.0544 	DATA 	Mouse:  Left button up, pos=(685,162)
18.0682 	EXP 	slider_2: markerPos = 3.513020833333333
18.0682 	EXP 	slider_2: rating = 3.513020833333333
18.0714 	EXP 	New trial (rep=0, index=1): OrderedDict([('Imagenes', 'imagenes\\Uvas.jpg'), ('Random', 0.7734382152670648), ('Correcto', None)])
18.0860 	EXP 	image_2: autoDraw = False
18.0860 	EXP 	slider_2: autoDraw = False
18.0860 	EXP 	image_2: image = 'imagenes\\Uvas.jpg'
18.0860 	EXP 	slider_2: markerPos = None
18.0860 	EXP 	slider_2: markerPos = None
18.0860 	EXP 	slider_2: rating = None
18.0860 	EXP 	image_2: autoDraw = True
18.0860 	EXP 	slider_2: autoDraw = True
18.2539 	DATA 	Mouse: Left button down, pos=(685,162)
18.2694 	EXP 	slider_2: markerPos = 3.513020833333333
18.2862 	EXP 	slider_2: markerPos = 3.513020833333333
18.3017 	EXP 	slider_2: markerPos = 3.513020833333333
18.3192 	EXP 	slider_2: markerPos = 3.513020833333333
18.3363 	EXP 	slider_2: markerPos = 3.513020833333333
18.3525 	EXP 	slider_2: markerPos = 3.513020833333333
18.3551 	DATA 	Mouse:  Left button up, pos=(685,162)
18.3691 	EXP 	slider_2: markerPos = 3.513020833333333
18.3691 	EXP 	slider_2: rating = 3.513020833333333
18.3718 	EXP 	New trial (rep=0, index=2): OrderedDict([('Imagenes', 'imagenes\\Brownie.jpg'), ('Random', 0.17000143351927688), ('Correcto', None)])
18.4016 	EXP 	image_2: autoDraw = False
18.4016 	EXP 	slider_2: autoDraw = False
18.4016 	EXP 	image_2: image = 'imagenes\\Brownie.jpg'
18.4016 	EXP 	slider_2: markerPos = None
18.4016 	EXP 	slider_2: markerPos = None
18.4016 	EXP 	slider_2: rating = None
18.4016 	EXP 	image_2: autoDraw = True
18.4016 	EXP 	slider_2: autoDraw = True
18.6382 	DATA 	Mouse: Left button down, pos=(697,156)
18.6524 	EXP 	slider_2: markerPos = 3.591145833333333
18.6698 	EXP 	slider_2: markerPos = 3.591145833333333
18.6858 	EXP 	slider_2: markerPos = 3.591145833333333
18.7024 	EXP 	slider_2: markerPos = 3.591145833333333
18.7195 	EXP 	slider_2: markerPos = 3.591145833333333
18.7359 	EXP 	slider_2: markerPos = 3.591145833333333
18.7386 	DATA 	Mouse:  Left button up, pos=(697,156)
18.7523 	EXP 	slider_2: markerPos = 3.591145833333333
18.7523 	EXP 	slider_2: rating = 3.591145833333333
18.7553 	EXP 	New trial (rep=0, index=3): OrderedDict([('Imagenes', 'imagenes\\Papas-limon.jpg'), ('Random', 0.020692288100133793), ('Correcto', None)])
18.7696 	EXP 	image_2: autoDraw = False
18.7696 	EXP 	slider_2: autoDraw = False
18.7696 	EXP 	image_2: image = 'imagenes\\Papas-limon.jpg'
18.7696 	EXP 	slider_2: markerPos = None
18.7696 	EXP 	slider_2: markerPos = None
18.7696 	EXP 	slider_2: rating = None
18.7696 	EXP 	image_2: autoDraw = True
18.7696 	EXP 	slider_2: autoDraw = True
18.9708 	DATA 	Mouse: Left button down, pos=(691,157)
18.9858 	EXP 	slider_2: markerPos = 3.552083333333333
19.0020 	EXP 	slider_2: markerPos = 3.552083333333333
19.0192 	EXP 	slider_2: markerPos = 3.552083333333333
19.0360 	EXP 	slider_2: markerPos = 3.552083333333333
19.0525 	EXP 	slider_2: markerPos = 3.552083333333333
19.0545 	DATA 	Mouse:  Left button up, pos=(691,157)
19.0690 	EXP 	slider_2: markerPos = 3.552083333333333
19.0690 	EXP 	slider_2: rating = 3.552083333333333
19.0722 	EXP 	New trial (rep=0, index=4): OrderedDict([('Imagenes', 'imagenes\\Galletas Tosh.jpg'), ('Random', 0.478088790487872), ('Correcto', None)])
19.0992 	EXP 	image_2: autoDraw = False
19.0992 	EXP 	slider_2: autoDraw = False
19.0992 	EXP 	image_2: image = 'imagenes\\Galletas Tosh.jpg'
19.0992 	EXP 	slider_2: markerPos = None
19.0992 	EXP 	slider_2: markerPos = None
19.0992 	EXP 	slider_2: rating = None
19.0992 	EXP 	image_2: autoDraw = True
19.0992 	EXP 	slider_2: autoDraw = True
19.1879 	DATA 	Mouse: Left button down, pos=(691,157)
19.2027 	EXP 	slider_2: markerPos = 3.552083333333333
19.2190 	EXP 	slider_2: markerPos = 3.552083333333333
19.2350 	EXP 	slider_2: markerPos = 3.552083333333333
19.2527 	EXP 	slider_2: markerPos = 3.552083333333333
19.2690 	EXP 	slider_2: markerPos = 3.552083333333333
19.2713 	DATA 	Mouse:  Left button up, pos=(691,157)
19.2857 	EXP 	slider_2: markerPos = 3.552083333333333
19.2857 	EXP 	slider_2: rating = 3.552083333333333
19.2886 	EXP 	New trial (rep=0, index=5): OrderedDict([('Imagenes', 'imagenes\\Banano.jpeg'), ('Random', 0.651633055306917), ('Correcto', None)])
19.3034 	EXP 	image_2: autoDraw = False
19.3034 	EXP 	slider_2: autoDraw = False
19.3034 	EXP 	image_2: image = 'imagenes\\Banano.jpeg'
19.3034 	EXP 	slider_2: markerPos = None
19.3034 	EXP 	slider_2: markerPos = None
19.3034 	EXP 	slider_2: rating = None
19.3034 	EXP 	image_2: autoDraw = True
19.3034 	EXP 	slider_2: autoDraw = True
19.3541 	DATA 	Mouse: Left button down, pos=(691,157)
19.3692 	EXP 	slider_2: markerPos = 3.552083333333333
19.3860 	EXP 	slider_2: markerPos = 3.552083333333333
19.4025 	EXP 	slider_2: markerPos = 3.552083333333333
19.4190 	EXP 	slider_2: markerPos = 3.552083333333333
19.4362 	EXP 	slider_2: markerPos = 3.552083333333333
19.4397 	DATA 	Mouse:  Left button up, pos=(691,157)
19.4525 	EXP 	slider_2: markerPos = 3.552083333333333
19.4690 	EXP 	slider_2: markerPos = 3.552083333333333
19.4690 	EXP 	slider_2: rating = 3.552083333333333
19.4719 	EXP 	New trial (rep=0, index=6): OrderedDict([('Imagenes', 'imagenes\\bon-bon-bun.jpg'), ('Random', 0.7387922093313524), ('Correcto', None)])
19.4978 	EXP 	image_2: autoDraw = False
19.4978 	EXP 	slider_2: autoDraw = False
19.4978 	EXP 	image_2: image = 'imagenes\\bon-bon-bun.jpg'
19.4978 	EXP 	slider_2: markerPos = None
19.4978 	EXP 	slider_2: markerPos = None
19.4978 	EXP 	slider_2: rating = None
19.4978 	EXP 	image_2: autoDraw = True
19.4978 	EXP 	slider_2: autoDraw = True
19.5542 	DATA 	Mouse: Left button down, pos=(690,157)
19.5691 	EXP 	slider_2: markerPos = 3.545572916666667
19.5861 	EXP 	slider_2: markerPos = 3.5390625
19.6023 	EXP 	slider_2: markerPos = 3.532552083333333
19.6193 	EXP 	slider_2: markerPos = 3.532552083333333
19.6216 	DATA 	Mouse:  Left button up, pos=(687,156)
19.6359 	EXP 	slider_2: markerPos = 3.532552083333333
19.6359 	EXP 	slider_2: rating = 3.532552083333333
19.6381 	EXP 	New trial (rep=0, index=7): OrderedDict([('Imagenes', 'imagenes\\Alpinito.jpg'), ('Random', 0.4515332417045813), ('Correcto', None)])
19.6657 	EXP 	image_2: autoDraw = False
19.6657 	EXP 	slider_2: autoDraw = False
19.6657 	EXP 	image_2: image = 'imagenes\\Alpinito.jpg'
19.6657 	EXP 	slider_2: markerPos = None
19.6657 	EXP 	slider_2: markerPos = None
19.6657 	EXP 	slider_2: rating = None
19.6657 	EXP 	image_2: autoDraw = True
19.6657 	EXP 	slider_2: autoDraw = True
19.7044 	DATA 	Mouse: Left button down, pos=(686,156)
19.7194 	EXP 	slider_2: markerPos = 3.51953125
19.7360 	EXP 	slider_2: markerPos = 3.51953125
19.7527 	EXP 	slider_2: markerPos = 3.51953125
19.7691 	EXP 	slider_2: markerPos = 3.513020833333333
19.7733 	DATA 	Mouse:  Left button up, pos=(685,156)
19.7853 	EXP 	slider_2: markerPos = 3.513020833333333
19.8026 	EXP 	slider_2: markerPos = 3.513020833333333
19.8026 	EXP 	slider_2: rating = 3.513020833333333
19.8048 	EXP 	New trial (rep=0, index=8): OrderedDict([('Imagenes', 'imagenes\\Popetas.jpg'), ('Random', 0.07650200324054446), ('Correcto', None)])
19.8355 	EXP 	image_2: autoDraw = False
19.8355 	EXP 	slider_2: autoDraw = False
19.8355 	EXP 	image_2: image = 'imagenes\\Popetas.jpg'
19.8355 	EXP 	slider_2: markerPos = None
19.8355 	EXP 	slider_2: markerPos = None
19.8355 	EXP 	slider_2: rating = None
19.8355 	EXP 	image_2: autoDraw = True
19.8355 	EXP 	slider_2: autoDraw = True
19.8709 	DATA 	Mouse: Left button down, pos=(685,156)
19.8860 	EXP 	slider_2: markerPos = 3.513020833333333
19.9025 	EXP 	slider_2: markerPos = 3.513020833333333
19.9191 	EXP 	slider_2: markerPos = 3.513020833333333
19.9359 	EXP 	slider_2: markerPos = 3.513020833333333
19.9522 	EXP 	slider_2: markerPos = 3.513020833333333
19.9543 	DATA 	Mouse:  Left button up, pos=(685,156)
19.9695 	EXP 	slider_2: markerPos = 3.513020833333333
19.9695 	EXP 	slider_2: rating = 3.513020833333333
19.9727 	EXP 	New trial (rep=0, index=9): OrderedDict([('Imagenes', 'imagenes\\Papas-naturales.jpg'), ('Random', 0.15856838916280946), ('Correcto', None)])
19.9861 	EXP 	image_2: autoDraw = False
19.9861 	EXP 	slider_2: autoDraw = False
19.9861 	EXP 	image_2: image = 'imagenes\\Papas-naturales.jpg'
19.9861 	EXP 	slider_2: markerPos = None
19.9861 	EXP 	slider_2: markerPos = None
19.9861 	EXP 	slider_2: rating = None
19.9861 	EXP 	image_2: autoDraw = True
19.9861 	EXP 	slider_2: autoDraw = True
20.0545 	DATA 	Mouse: Left button down, pos=(685,156)
20.0689 	EXP 	slider_2: markerPos = 3.513020833333333
20.0855 	EXP 	slider_2: markerPos = 3.513020833333333
20.1028 	EXP 	slider_2: markerPos = 3.513020833333333
20.1189 	EXP 	slider_2: markerPos = 3.513020833333333
20.1357 	EXP 	slider_2: markerPos = 3.513020833333333
20.1379 	DATA 	Mouse:  Left button up, pos=(685,156)
20.1523 	EXP 	slider_2: markerPos = 3.513020833333333
20.1523 	EXP 	slider_2: rating = 3.513020833333333
20.1548 	EXP 	New trial (rep=0, index=10): OrderedDict([('Imagenes', 'imagenes\\Mango.jpeg'), ('Random', 0.555669112372461), ('Correcto', None)])
20.1721 	EXP 	image_2: autoDraw = False
20.1721 	EXP 	slider_2: autoDraw = False
20.1721 	EXP 	image_2: image = 'imagenes\\Mango.jpeg'
20.1721 	EXP 	slider_2: markerPos = None
20.1721 	EXP 	slider_2: markerPos = None
20.1721 	EXP 	slider_2: rating = None
20.1721 	EXP 	image_2: autoDraw = True
20.1721 	EXP 	slider_2: autoDraw = True
20.4042 	DATA 	Mouse: Left button down, pos=(685,156)
20.4190 	EXP 	slider_2: markerPos = 3.513020833333333
20.4356 	EXP 	slider_2: markerPos = 3.513020833333333
20.4525 	EXP 	slider_2: markerPos = 3.513020833333333
20.4689 	EXP 	slider_2: markerPos = 3.513020833333333
20.4854 	EXP 	slider_2: markerPos = 3.513020833333333
20.4879 	DATA 	Mouse:  Left button up, pos=(685,156)
20.5021 	EXP 	slider_2: markerPos = 3.513020833333333
20.5021 	EXP 	slider_2: rating = 3.513020833333333
20.5048 	EXP 	New trial (rep=0, index=11): OrderedDict([('Imagenes', 'imagenes\\Manzana.jpg'), ('Random', 0.5168162194437935), ('Correcto', None)])
20.5263 	EXP 	image_2: autoDraw = False
20.5263 	EXP 	slider_2: autoDraw = False
20.5263 	EXP 	image_2: image = 'imagenes\\Manzana.jpg'
20.5263 	EXP 	slider_2: markerPos = None
20.5263 	EXP 	slider_2: markerPos = None
20.5263 	EXP 	slider_2: rating = None
20.5263 	EXP 	image_2: autoDraw = True
20.5263 	EXP 	slider_2: autoDraw = True
20.5716 	DATA 	Mouse: Left button down, pos=(685,156)
20.5856 	EXP 	slider_2: markerPos = 3.513020833333333
20.6021 	EXP 	slider_2: markerPos = 3.513020833333333
20.6191 	EXP 	slider_2: markerPos = 3.513020833333333
20.6359 	EXP 	slider_2: markerPos = 3.513020833333333
20.6405 	DATA 	Mouse:  Left button up, pos=(685,156)
20.6525 	EXP 	slider_2: markerPos = 3.513020833333333
20.6689 	EXP 	slider_2: markerPos = 3.513020833333333
20.6689 	EXP 	slider_2: rating = 3.513020833333333
20.6716 	EXP 	New trial (rep=0, index=12): OrderedDict([('Imagenes', 'imagenes\\Nutella (1).jpg'), ('Random', 0.5277483225747329), ('Correcto', None)])
20.6857 	EXP 	image_2: autoDraw = False
20.6857 	EXP 	slider_2: autoDraw = False
20.6857 	EXP 	image_2: image = 'imagenes\\Nutella (1).jpg'
20.6857 	EXP 	slider_2: markerPos = None
20.6857 	EXP 	slider_2: markerPos = None
20.6857 	EXP 	slider_2: rating = None
20.6857 	EXP 	image_2: autoDraw = True
20.6857 	EXP 	slider_2: autoDraw = True
20.7372 	DATA 	Mouse: Left button down, pos=(685,156)
20.7522 	EXP 	slider_2: markerPos = 3.513020833333333
20.7692 	EXP 	slider_2: markerPos = 3.513020833333333
20.7861 	EXP 	slider_2: markerPos = 3.513020833333333
20.8014 	EXP 	slider_2: markerPos = 3.513020833333333
20.8191 	EXP 	slider_2: markerPos = 3.513020833333333
20.8210 	DATA 	Mouse:  Left button up, pos=(685,156)
20.8360 	EXP 	slider_2: markerPos = 3.513020833333333
20.8360 	EXP 	slider_2: rating = 3.513020833333333
20.8393 	EXP 	New trial (rep=0, index=13): OrderedDict([('Imagenes', 'imagenes\\Papas-pollo.jpg'), ('Random', 0.6683114062971784), ('Correcto', None)])
20.8523 	EXP 	image_2: autoDraw = False
20.8523 	EXP 	slider_2: autoDraw = False
20.8523 	EXP 	image_2: image = 'imagenes\\Papas-pollo.jpg'
20.8523 	EXP 	slider_2: markerPos = None
20.8523 	EXP 	slider_2: markerPos = None
20.8523 	EXP 	slider_2: rating = None
20.8523 	EXP 	image_2: autoDraw = True
20.8523 	EXP 	slider_2: autoDraw = True
20.9041 	DATA 	Mouse: Left button down, pos=(685,156)
20.9189 	EXP 	slider_2: markerPos = 3.513020833333333
20.9356 	EXP 	slider_2: markerPos = 3.513020833333333
20.9524 	EXP 	slider_2: markerPos = 3.513020833333333
20.9690 	EXP 	slider_2: markerPos = 3.513020833333333
20.9857 	EXP 	slider_2: markerPos = 3.513020833333333
20.9879 	DATA 	Mouse:  Left button up, pos=(685,156)
21.0024 	EXP 	slider_2: markerPos = 3.513020833333333
21.0024 	EXP 	slider_2: rating = 3.513020833333333
21.0049 	EXP 	New trial (rep=0, index=14): OrderedDict([('Imagenes', 'imagenes\\Rosquitas (1).jpg'), ('Random', 0.3035383390851263), ('Correcto', None)])
21.0263 	EXP 	image_2: autoDraw = False
21.0263 	EXP 	slider_2: autoDraw = False
21.0263 	EXP 	image_2: image = 'imagenes\\Rosquitas (1).jpg'
21.0263 	EXP 	slider_2: markerPos = None
21.0263 	EXP 	slider_2: markerPos = None
21.0263 	EXP 	slider_2: rating = None
21.0263 	EXP 	image_2: autoDraw = True
21.0263 	EXP 	slider_2: autoDraw = True
21.0726 	DATA 	Mouse: Left button down, pos=(685,156)
21.1026 	EXP 	slider_2: markerPos = 3.513020833333333
21.1188 	EXP 	slider_2: markerPos = 3.513020833333333
21.1355 	EXP 	slider_2: markerPos = 3.513020833333333
21.1523 	EXP 	slider_2: markerPos = 3.513020833333333
21.1538 	DATA 	Mouse:  Left button up, pos=(685,156)
21.1689 	EXP 	slider_2: markerPos = 3.513020833333333
21.1689 	EXP 	slider_2: rating = 3.513020833333333
21.1718 	EXP 	New trial (rep=0, index=15): OrderedDict([('Imagenes', 'imagenes\\Croissant.jpg'), ('Random', 0.6152458173421255), ('Correcto', None)])
21.1964 	EXP 	image_2: autoDraw = False
21.1964 	EXP 	slider_2: autoDraw = False
21.1964 	EXP 	image_2: image = 'imagenes\\Croissant.jpg'
21.1964 	EXP 	slider_2: markerPos = None
21.1964 	EXP 	slider_2: markerPos = None
21.1964 	EXP 	slider_2: rating = None
21.1964 	EXP 	image_2: autoDraw = True
21.1964 	EXP 	slider_2: autoDraw = True
21.2375 	DATA 	Mouse: Left button down, pos=(685,156)
21.2523 	EXP 	slider_2: markerPos = 3.513020833333333
21.2682 	EXP 	slider_2: markerPos = 3.513020833333333
21.2862 	EXP 	slider_2: markerPos = 3.513020833333333
21.3025 	EXP 	slider_2: markerPos = 3.513020833333333
21.3191 	EXP 	slider_2: markerPos = 3.513020833333333
21.3214 	DATA 	Mouse:  Left button up, pos=(685,156)
21.3355 	EXP 	slider_2: markerPos = 3.513020833333333
21.3355 	EXP 	slider_2: rating = 3.513020833333333
21.3382 	EXP 	New trial (rep=0, index=16): OrderedDict([('Imagenes', 'imagenes\\Kiwi.jpg'), ('Random', 0.5893907384852061), ('Correcto', None)])
21.3524 	EXP 	image_2: autoDraw = False
21.3524 	EXP 	slider_2: autoDraw = False
21.3524 	EXP 	image_2: image = 'imagenes\\Kiwi.jpg'
21.3524 	EXP 	slider_2: markerPos = None
21.3524 	EXP 	slider_2: markerPos = None
21.3524 	EXP 	slider_2: rating = None
21.3524 	EXP 	image_2: autoDraw = True
21.3524 	EXP 	slider_2: autoDraw = True
21.4043 	DATA 	Mouse: Left button down, pos=(685,156)
21.4195 	EXP 	slider_2: markerPos = 3.513020833333333
21.4355 	EXP 	slider_2: markerPos = 3.513020833333333
21.4527 	EXP 	slider_2: markerPos = 3.513020833333333
21.4690 	EXP 	slider_2: markerPos = 3.513020833333333
21.4854 	EXP 	slider_2: markerPos = 3.513020833333333
21.4871 	DATA 	Mouse:  Left button up, pos=(685,156)
21.5025 	EXP 	slider_2: markerPos = 3.513020833333333
21.5025 	EXP 	slider_2: rating = 3.513020833333333
21.5047 	EXP 	New trial (rep=0, index=17): OrderedDict([('Imagenes', 'imagenes\\Galletas-festival.jpg'), ('Random', 0.36121121246191135), ('Correcto', None)])
21.5223 	EXP 	image_2: autoDraw = False
21.5223 	EXP 	slider_2: autoDraw = False
21.5223 	EXP 	image_2: image = 'imagenes\\Galletas-festival.jpg'
21.5223 	EXP 	slider_2: markerPos = None
21.5223 	EXP 	slider_2: markerPos = None
21.5223 	EXP 	slider_2: rating = None
21.5223 	EXP 	image_2: autoDraw = True
21.5223 	EXP 	slider_2: autoDraw = True
21.5714 	DATA 	Mouse: Left button down, pos=(685,156)
21.5856 	EXP 	slider_2: markerPos = 3.513020833333333
21.6024 	EXP 	slider_2: markerPos = 3.513020833333333
21.6194 	EXP 	slider_2: markerPos = 3.513020833333333
21.6358 	EXP 	slider_2: markerPos = 3.513020833333333
21.6523 	EXP 	slider_2: markerPos = 3.513020833333333
21.6538 	DATA 	Mouse:  Left button up, pos=(685,156)
21.6690 	EXP 	slider_2: markerPos = 3.513020833333333
21.6690 	EXP 	slider_2: rating = 3.513020833333333
21.6720 	EXP 	New trial (rep=0, index=18): OrderedDict([('Imagenes', 'imagenes\\Chocoramo.jfif.jpg'), ('Random', 0.7789437122019539), ('Correcto', None)])
21.6983 	EXP 	image_2: autoDraw = False
21.6983 	EXP 	slider_2: autoDraw = False
21.6983 	EXP 	image_2: image = 'imagenes\\Chocoramo.jfif.jpg'
21.6983 	EXP 	slider_2: markerPos = None
21.6983 	EXP 	slider_2: markerPos = None
21.6983 	EXP 	slider_2: rating = None
21.6983 	EXP 	image_2: autoDraw = True
21.6983 	EXP 	slider_2: autoDraw = True
21.7541 	DATA 	Mouse: Left button down, pos=(685,156)
21.7691 	EXP 	slider_2: markerPos = 3.513020833333333
21.7856 	EXP 	slider_2: markerPos = 3.513020833333333
21.8023 	EXP 	slider_2: markerPos = 3.513020833333333
21.8193 	EXP 	slider_2: markerPos = 3.513020833333333
21.8215 	DATA 	Mouse:  Left button up, pos=(685,156)
21.8360 	EXP 	slider_2: markerPos = 3.513020833333333
21.8360 	EXP 	slider_2: rating = 3.513020833333333
21.8384 	EXP 	New trial (rep=0, index=19): OrderedDict([('Imagenes', 'imagenes\\Leche-de-almendras.jpg'), ('Random', 0.36073876480313727), ('Correcto', None)])
21.9030 	DATA 	Mouse: Left button down, pos=(685,156)
21.9090 	EXP 	image_2: autoDraw = False
21.9090 	EXP 	slider_2: autoDraw = False
21.9090 	EXP 	image_2: image = 'imagenes\\Leche-de-almendras.jpg'
21.9090 	EXP 	slider_2: markerPos = None
21.9090 	EXP 	slider_2: markerPos = None
21.9090 	EXP 	slider_2: rating = None
21.9090 	EXP 	image_2: autoDraw = True
21.9090 	EXP 	slider_2: autoDraw = True
21.9090 	EXP 	slider_2: markerPos = 3.513020833333333
21.9152 	EXP 	slider_2: markerPos = 3.513020833333333
21.9214 	EXP 	slider_2: markerPos = 3.513020833333333
21.9362 	EXP 	slider_2: markerPos = 3.513020833333333
21.9528 	EXP 	slider_2: markerPos = 3.513020833333333
21.9697 	EXP 	slider_2: markerPos = 3.513020833333333
21.9861 	EXP 	slider_2: markerPos = 3.513020833333333
21.9879 	DATA 	Mouse:  Left button up, pos=(685,156)
22.0029 	EXP 	slider_2: markerPos = 3.513020833333333
22.0029 	EXP 	slider_2: rating = 3.513020833333333
22.0049 	EXP 	New trial (rep=0, index=3): OrderedDict([('Hertz', 400), ('volumen', 0.02)])
22.0109 	EXP 	Imported imagenes.xlsx as conditions, 20 conditions, 3 params
22.0112 	EXP 	Created sequence: random, trialTypes=20, nReps=1, seed=None
22.0114 	EXP 	New trial (rep=0, index=0): OrderedDict([('Imagenes', 'imagenes\\Alpinito.jpg'), ('Random', 0.4515332417045813), ('Correcto', None)])
22.0385 	EXP 	image_2: autoDraw = False
22.0385 	EXP 	slider_2: autoDraw = False
22.0385 	EXP 	image_2: image = 'imagenes\\Alpinito.jpg'
22.0385 	EXP 	slider_2: markerPos = None
22.0385 	EXP 	slider_2: markerPos = None
22.0385 	EXP 	slider_2: rating = None
22.0385 	EXP 	image_2: autoDraw = True
22.0385 	EXP 	slider_2: autoDraw = True
22.0726 	DATA 	Mouse: Left button down, pos=(685,156)
22.1025 	EXP 	slider_2: markerPos = 3.513020833333333
22.1193 	EXP 	slider_2: markerPos = 3.513020833333333
22.1355 	EXP 	slider_2: markerPos = 3.513020833333333
22.1521 	EXP 	slider_2: markerPos = 3.513020833333333
22.1691 	EXP 	slider_2: markerPos = 3.513020833333333
22.1709 	DATA 	Mouse:  Left button up, pos=(685,156)
22.1857 	EXP 	slider_2: markerPos = 3.513020833333333
22.1857 	EXP 	slider_2: rating = 3.513020833333333
22.1889 	EXP 	New trial (rep=0, index=1): OrderedDict([('Imagenes', 'imagenes\\Kiwi.jpg'), ('Random', 0.5893907384852061), ('Correcto', None)])
22.2021 	EXP 	image_2: autoDraw = False
22.2021 	EXP 	slider_2: autoDraw = False
22.2021 	EXP 	image_2: image = 'imagenes\\Kiwi.jpg'
22.2021 	EXP 	slider_2: markerPos = None
22.2021 	EXP 	slider_2: markerPos = None
22.2021 	EXP 	slider_2: rating = None
22.2021 	EXP 	image_2: autoDraw = True
22.2021 	EXP 	slider_2: autoDraw = True
22.2561 	DATA 	Mouse: Left button down, pos=(685,156)
22.2846 	EXP 	slider_2: markerPos = 3.513020833333333
22.3026 	EXP 	slider_2: markerPos = 3.513020833333333
22.3197 	EXP 	slider_2: markerPos = 3.513020833333333
22.3361 	EXP 	slider_2: markerPos = 3.513020833333333
22.3524 	EXP 	slider_2: markerPos = 3.513020833333333
22.3692 	EXP 	slider_2: markerPos = 3.513020833333333
22.3731 	DATA 	Mouse:  Left button up, pos=(685,156)
22.3855 	EXP 	slider_2: markerPos = 3.513020833333333
22.4025 	EXP 	slider_2: markerPos = 3.513020833333333
22.4025 	EXP 	slider_2: rating = 3.513020833333333
22.4047 	EXP 	New trial (rep=0, index=2): OrderedDict([('Imagenes', 'imagenes\\Galletas Tosh.jpg'), ('Random', 0.478088790487872), ('Correcto', None)])
22.4262 	EXP 	image_2: autoDraw = False
22.4262 	EXP 	slider_2: autoDraw = False
22.4262 	EXP 	image_2: image = 'imagenes\\Galletas Tosh.jpg'
22.4262 	EXP 	slider_2: markerPos = None
22.4262 	EXP 	slider_2: markerPos = None
22.4262 	EXP 	slider_2: rating = None
22.4262 	EXP 	image_2: autoDraw = True
22.4262 	EXP 	slider_2: autoDraw = True
22.4703 	DATA 	Mouse: Left button down, pos=(685,156)
22.4858 	EXP 	slider_2: markerPos = 3.513020833333333
22.5022 	EXP 	slider_2: markerPos = 3.513020833333333
22.5182 	EXP 	slider_2: markerPos = 3.513020833333333
22.5357 	EXP 	slider_2: markerPos = 3.513020833333333
22.5521 	EXP 	slider_2: markerPos = 3.513020833333333
22.5691 	EXP 	slider_2: markerPos = 3.513020833333333
22.5858 	EXP 	slider_2: markerPos = 3.513020833333333
22.5879 	DATA 	Mouse:  Left button up, pos=(685,156)
22.6023 	EXP 	slider_2: markerPos = 3.513020833333333
22.6023 	EXP 	slider_2: rating = 3.513020833333333
22.6047 	EXP 	New trial (rep=0, index=3): OrderedDict([('Imagenes', 'imagenes\\Croissant.jpg'), ('Random', 0.6152458173421255), ('Correcto', None)])
22.6276 	EXP 	image_2: autoDraw = False
22.6276 	EXP 	slider_2: autoDraw = False
22.6276 	EXP 	image_2: image = 'imagenes\\Croissant.jpg'
22.6276 	EXP 	slider_2: markerPos = None
22.6276 	EXP 	slider_2: markerPos = None
22.6276 	EXP 	slider_2: rating = None
22.6276 	EXP 	image_2: autoDraw = True
22.6276 	EXP 	slider_2: autoDraw = True
22.6876 	DATA 	Mouse: Left button down, pos=(685,156)
22.7025 	EXP 	slider_2: markerPos = 3.513020833333333
22.7188 	EXP 	slider_2: markerPos = 3.513020833333333
22.7360 	EXP 	slider_2: markerPos = 3.513020833333333
22.7523 	EXP 	slider_2: markerPos = 3.513020833333333
22.7693 	EXP 	slider_2: markerPos = 3.513020833333333
22.7857 	EXP 	slider_2: markerPos = 3.513020833333333
22.8021 	EXP 	slider_2: markerPos = 3.513020833333333
22.8189 	EXP 	slider_2: markerPos = 3.513020833333333
22.8233 	DATA 	Mouse:  Left button up, pos=(685,156)
22.8355 	EXP 	slider_2: markerPos = 3.513020833333333
22.8522 	EXP 	slider_2: markerPos = 3.513020833333333
22.8522 	EXP 	slider_2: rating = 3.513020833333333
22.8544 	EXP 	New trial (rep=0, index=4): OrderedDict([('Imagenes', 'imagenes\\Uvas.jpg'), ('Random', 0.7734382152670648), ('Correcto', None)])
22.8688 	EXP 	image_2: autoDraw = False
22.8688 	EXP 	slider_2: autoDraw = False
22.8688 	EXP 	image_2: image = 'imagenes\\Uvas.jpg'
22.8688 	EXP 	slider_2: markerPos = None
22.8688 	EXP 	slider_2: markerPos = None
22.8688 	EXP 	slider_2: rating = None
22.8688 	EXP 	image_2: autoDraw = True
22.8688 	EXP 	slider_2: autoDraw = True
22.9209 	DATA 	Mouse: Left button down, pos=(685,156)
22.9357 	EXP 	slider_2: markerPos = 3.513020833333333
22.9524 	EXP 	slider_2: markerPos = 3.513020833333333
22.9695 	EXP 	slider_2: markerPos = 3.513020833333333
22.9849 	EXP 	slider_2: markerPos = 3.513020833333333
23.0022 	EXP 	slider_2: markerPos = 3.513020833333333
23.0190 	EXP 	slider_2: markerPos = 3.513020833333333
23.0208 	DATA 	Mouse:  Left button up, pos=(685,156)
23.0357 	EXP 	slider_2: markerPos = 3.513020833333333
23.0357 	EXP 	slider_2: rating = 3.513020833333333
23.0386 	EXP 	New trial (rep=0, index=5): OrderedDict([('Imagenes', 'imagenes\\Leche-de-almendras.jpg'), ('Random', 0.36073876480313727), ('Correcto', None)])
23.0864 	EXP 	image_2: autoDraw = False
23.0864 	EXP 	slider_2: autoDraw = False
23.0864 	EXP 	image_2: image = 'imagenes\\Leche-de-almendras.jpg'
23.0864 	EXP 	slider_2: markerPos = None
23.0864 	EXP 	slider_2: markerPos = None
23.0864 	EXP 	slider_2: rating = None
23.0864 	EXP 	image_2: autoDraw = True
23.0864 	EXP 	slider_2: autoDraw = True
23.4045 	DATA 	Mouse: Left button down, pos=(685,156)
23.4193 	EXP 	slider_2: markerPos = 3.513020833333333
23.4358 	EXP 	slider_2: markerPos = 3.513020833333333
23.4526 	EXP 	slider_2: markerPos = 3.513020833333333
23.4691 	EXP 	slider_2: markerPos = 3.513020833333333
23.4860 	EXP 	slider_2: markerPos = 3.513020833333333
23.5023 	EXP 	slider_2: markerPos = 3.513020833333333
23.5043 	DATA 	Mouse:  Left button up, pos=(685,156)
23.5190 	EXP 	slider_2: markerPos = 3.513020833333333
23.5190 	EXP 	slider_2: rating = 3.513020833333333
23.5219 	EXP 	New trial (rep=0, index=6): OrderedDict([('Imagenes', 'imagenes\\Papas-pollo.jpg'), ('Random', 0.6683114062971784), ('Correcto', None)])
23.5356 	EXP 	image_2: autoDraw = False
23.5356 	EXP 	slider_2: autoDraw = False
23.5356 	EXP 	image_2: image = 'imagenes\\Papas-pollo.jpg'
23.5356 	EXP 	slider_2: markerPos = None
23.5356 	EXP 	slider_2: markerPos = None
23.5356 	EXP 	slider_2: rating = None
23.5356 	EXP 	image_2: autoDraw = True
23.5356 	EXP 	slider_2: autoDraw = True
23.6041 	DATA 	Mouse: Left button down, pos=(685,156)
23.6193 	EXP 	slider_2: markerPos = 3.513020833333333
23.6357 	EXP 	slider_2: markerPos = 3.513020833333333
23.6527 	EXP 	slider_2: markerPos = 3.513020833333333
23.6692 	EXP 	slider_2: markerPos = 3.513020833333333
23.6849 	EXP 	slider_2: markerPos = 3.513020833333333
23.6869 	DATA 	Mouse:  Left button up, pos=(685,156)
23.7024 	EXP 	slider_2: markerPos = 3.513020833333333
23.7024 	EXP 	slider_2: rating = 3.513020833333333
23.7049 	EXP 	New trial (rep=0, index=7): OrderedDict([('Imagenes', 'imagenes\\Mango.jpeg'), ('Random', 0.555669112372461), ('Correcto', None)])
23.7195 	EXP 	image_2: autoDraw = False
23.7195 	EXP 	slider_2: autoDraw = False
23.7195 	EXP 	image_2: image = 'imagenes\\Mango.jpeg'
23.7195 	EXP 	slider_2: markerPos = None
23.7195 	EXP 	slider_2: markerPos = None
23.7195 	EXP 	slider_2: rating = None
23.7195 	EXP 	image_2: autoDraw = True
23.7195 	EXP 	slider_2: autoDraw = True
23.8381 	DATA 	Mouse: Left button down, pos=(685,156)
23.8524 	EXP 	slider_2: markerPos = 3.513020833333333
23.8697 	EXP 	slider_2: markerPos = 3.513020833333333
23.8858 	EXP 	slider_2: markerPos = 3.513020833333333
23.9023 	EXP 	slider_2: markerPos = 3.513020833333333
23.9191 	EXP 	slider_2: markerPos = 3.513020833333333
23.9357 	EXP 	slider_2: markerPos = 3.513020833333333
23.9521 	EXP 	slider_2: markerPos = 3.513020833333333
23.9689 	EXP 	slider_2: markerPos = 3.513020833333333
23.9704 	DATA 	Mouse:  Left button up, pos=(685,156)
23.9857 	EXP 	slider_2: markerPos = 3.513020833333333
23.9857 	EXP 	slider_2: rating = 3.513020833333333
23.9886 	EXP 	New trial (rep=0, index=8): OrderedDict([('Imagenes', 'imagenes\\bon-bon-bun.jpg'), ('Random', 0.7387922093313524), ('Correcto', None)])
24.0095 	EXP 	image_2: autoDraw = False
24.0095 	EXP 	slider_2: autoDraw = False
24.0095 	EXP 	image_2: image = 'imagenes\\bon-bon-bun.jpg'
24.0095 	EXP 	slider_2: markerPos = None
24.0095 	EXP 	slider_2: markerPos = None
24.0095 	EXP 	slider_2: rating = None
24.0095 	EXP 	image_2: autoDraw = True
24.0095 	EXP 	slider_2: autoDraw = True
24.6211 	DATA 	Mouse: Left button down, pos=(681,155)
24.6354 	EXP 	slider_2: markerPos = 3.4869791666666665
24.6521 	EXP 	slider_2: markerPos = 3.4869791666666665
24.6688 	EXP 	slider_2: markerPos = 3.4869791666666665
24.6854 	EXP 	slider_2: markerPos = 3.4869791666666665
24.7020 	EXP 	slider_2: markerPos = 3.4869791666666665
24.7043 	DATA 	Mouse:  Left button up, pos=(681,155)
24.7186 	EXP 	slider_2: markerPos = 3.4869791666666665
24.7186 	EXP 	slider_2: rating = 3.4869791666666665
24.7220 	EXP 	New trial (rep=0, index=9): OrderedDict([('Imagenes', 'imagenes\\Popetas.jpg'), ('Random', 0.07650200324054446), ('Correcto', None)])
24.7596 	EXP 	image_2: autoDraw = False
24.7596 	EXP 	slider_2: autoDraw = False
24.7596 	EXP 	image_2: image = 'imagenes\\Popetas.jpg'
24.7596 	EXP 	slider_2: markerPos = None
24.7596 	EXP 	slider_2: markerPos = None
24.7596 	EXP 	slider_2: rating = None
24.7596 	EXP 	image_2: autoDraw = True
24.7596 	EXP 	slider_2: autoDraw = True
24.9389 	DATA 	Mouse: Left button down, pos=(681,155)
24.9686 	EXP 	slider_2: markerPos = 3.4869791666666665
24.9858 	EXP 	slider_2: markerPos = 3.4869791666666665
25.0023 	EXP 	slider_2: markerPos = 3.4869791666666665
25.0188 	EXP 	slider_2: markerPos = 3.4869791666666665
25.0361 	EXP 	slider_2: markerPos = 3.4869791666666665
25.0376 	DATA 	Mouse:  Left button up, pos=(681,155)
25.0523 	EXP 	slider_2: markerPos = 3.4869791666666665
25.0523 	EXP 	slider_2: rating = 3.4869791666666665
25.0546 	EXP 	New trial (rep=0, index=10): OrderedDict([('Imagenes', 'imagenes\\Banano.jpeg'), ('Random', 0.651633055306917), ('Correcto', None)])
25.0751 	EXP 	image_2: autoDraw = False
25.0751 	EXP 	slider_2: autoDraw = False
25.0751 	EXP 	image_2: image = 'imagenes\\Banano.jpeg'
25.0751 	EXP 	slider_2: markerPos = None
25.0751 	EXP 	slider_2: markerPos = None
25.0751 	EXP 	slider_2: rating = None
25.0751 	EXP 	image_2: autoDraw = True
25.0751 	EXP 	slider_2: autoDraw = True
25.3708 	DATA 	Mouse: Left button down, pos=(681,155)
25.3855 	EXP 	slider_2: markerPos = 3.4869791666666665
25.4021 	EXP 	slider_2: markerPos = 3.4869791666666665
25.4185 	EXP 	slider_2: markerPos = 3.4869791666666665
25.4358 	EXP 	slider_2: markerPos = 3.4869791666666665
25.4522 	EXP 	slider_2: markerPos = 3.4869791666666665
25.4547 	DATA 	Mouse:  Left button up, pos=(681,155)
25.4687 	EXP 	slider_2: markerPos = 3.4869791666666665
25.4687 	EXP 	slider_2: rating = 3.4869791666666665
25.4724 	EXP 	New trial (rep=0, index=11): OrderedDict([('Imagenes', 'imagenes\\Papas-limon.jpg'), ('Random', 0.020692288100133793), ('Correcto', None)])
25.4871 	EXP 	image_2: autoDraw = False
25.4871 	EXP 	slider_2: autoDraw = False
25.4871 	EXP 	image_2: image = 'imagenes\\Papas-limon.jpg'
25.4871 	EXP 	slider_2: markerPos = None
25.4871 	EXP 	slider_2: markerPos = None
25.4871 	EXP 	slider_2: rating = None
25.4871 	EXP 	image_2: autoDraw = True
25.4871 	EXP 	slider_2: autoDraw = True
26.0204 	DATA 	Mouse: Left button down, pos=(681,155)
26.0358 	EXP 	slider_2: markerPos = 3.4869791666666665
26.0522 	EXP 	slider_2: markerPos = 3.4869791666666665
26.0686 	EXP 	slider_2: markerPos = 3.4869791666666665
26.0855 	EXP 	slider_2: markerPos = 3.4869791666666665
26.0878 	DATA 	Mouse:  Left button up, pos=(681,155)
26.1022 	EXP 	slider_2: markerPos = 3.4869791666666665
26.1022 	EXP 	slider_2: rating = 3.4869791666666665
26.1044 	EXP 	New trial (rep=0, index=12): OrderedDict([('Imagenes', 'imagenes\\Papas-naturales.jpg'), ('Random', 0.15856838916280946), ('Correcto', None)])
26.1188 	EXP 	image_2: autoDraw = False
26.1188 	EXP 	slider_2: autoDraw = False
26.1188 	EXP 	image_2: image = 'imagenes\\Papas-naturales.jpg'
26.1188 	EXP 	slider_2: markerPos = None
26.1188 	EXP 	slider_2: markerPos = None
26.1188 	EXP 	slider_2: rating = None
26.1188 	EXP 	image_2: autoDraw = True
26.1188 	EXP 	slider_2: autoDraw = True
26.3890 	DATA 	Mouse: Left button down, pos=(681,155)
26.4184 	EXP 	slider_2: markerPos = 3.4869791666666665
26.4356 	EXP 	slider_2: markerPos = 3.4869791666666665
26.4521 	EXP 	slider_2: markerPos = 3.4869791666666665
26.4685 	EXP 	slider_2: markerPos = 3.4869791666666665
26.4846 	EXP 	slider_2: markerPos = 3.4869791666666665
26.5020 	EXP 	slider_2: markerPos = 3.4869791666666665
26.5051 	DATA 	Mouse:  Left button up, pos=(681,155)
26.5185 	EXP 	slider_2: markerPos = 3.4869791666666665
26.5185 	EXP 	slider_2: rating = 3.4869791666666665
26.5219 	EXP 	New trial (rep=0, index=13): OrderedDict([('Imagenes', 'imagenes\\Rosquitas (1).jpg'), ('Random', 0.3035383390851263), ('Correcto', None)])
26.5493 	EXP 	image_2: autoDraw = False
26.5493 	EXP 	slider_2: autoDraw = False
26.5493 	EXP 	image_2: image = 'imagenes\\Rosquitas (1).jpg'
26.5493 	EXP 	slider_2: markerPos = None
26.5493 	EXP 	slider_2: markerPos = None
26.5493 	EXP 	slider_2: rating = None
26.5493 	EXP 	image_2: autoDraw = True
26.5493 	EXP 	slider_2: autoDraw = True
26.6882 	DATA 	Mouse: Left button down, pos=(681,155)
26.7020 	EXP 	slider_2: markerPos = 3.4869791666666665
26.7184 	EXP 	slider_2: markerPos = 3.4869791666666665
26.7354 	EXP 	slider_2: markerPos = 3.4869791666666665
26.7524 	EXP 	slider_2: markerPos = 3.4869791666666665
26.7688 	EXP 	slider_2: markerPos = 3.4869791666666665
26.7853 	EXP 	slider_2: markerPos = 3.4869791666666665
26.7872 	DATA 	Mouse:  Left button up, pos=(681,155)
26.8020 	EXP 	slider_2: markerPos = 3.4869791666666665
26.8020 	EXP 	slider_2: rating = 3.4869791666666665
26.8041 	EXP 	New trial (rep=0, index=14): OrderedDict([('Imagenes', 'imagenes\\Chocoramo.jfif.jpg'), ('Random', 0.7789437122019539), ('Correcto', None)])
26.8283 	EXP 	image_2: autoDraw = False
26.8283 	EXP 	slider_2: autoDraw = False
26.8283 	EXP 	image_2: image = 'imagenes\\Chocoramo.jfif.jpg'
26.8283 	EXP 	slider_2: markerPos = None
26.8283 	EXP 	slider_2: markerPos = None
26.8283 	EXP 	slider_2: rating = None
26.8283 	EXP 	image_2: autoDraw = True
26.8283 	EXP 	slider_2: autoDraw = True
27.4534 	DATA 	Mouse: Left button down, pos=(684,149)
27.4688 	EXP 	slider_2: markerPos = 3.506510416666667
27.4853 	EXP 	slider_2: markerPos = 3.506510416666667
27.5016 	EXP 	slider_2: markerPos = 3.506510416666667
27.5189 	EXP 	slider_2: markerPos = 3.506510416666667
27.5355 	EXP 	slider_2: markerPos = 3.506510416666667
27.5397 	DATA 	Mouse:  Left button up, pos=(684,149)
27.5524 	EXP 	slider_2: markerPos = 3.506510416666667
27.5691 	EXP 	slider_2: markerPos = 3.506510416666667
27.5691 	EXP 	slider_2: rating = 3.506510416666667
27.5719 	EXP 	New trial (rep=0, index=15): OrderedDict([('Imagenes', 'imagenes\\Galletas-festival.jpg'), ('Random', 0.36121121246191135), ('Correcto', None)])
27.5947 	EXP 	image_2: autoDraw = False
27.5947 	EXP 	slider_2: autoDraw = False
27.5947 	EXP 	image_2: image = 'imagenes\\Galletas-festival.jpg'
27.5947 	EXP 	slider_2: markerPos = None
27.5947 	EXP 	slider_2: markerPos = None
27.5947 	EXP 	slider_2: rating = None
27.5947 	EXP 	image_2: autoDraw = True
27.5947 	EXP 	slider_2: autoDraw = True
27.8399 	DATA 	Mouse: Left button down, pos=(690,149)
27.8686 	EXP 	slider_2: markerPos = 3.545572916666667
27.8853 	EXP 	slider_2: markerPos = 3.545572916666667
27.9018 	EXP 	slider_2: markerPos = 3.545572916666667
27.9185 	EXP 	slider_2: markerPos = 3.545572916666667
27.9351 	EXP 	slider_2: markerPos = 3.545572916666667
27.9372 	DATA 	Mouse:  Left button up, pos=(690,149)
27.9519 	EXP 	slider_2: markerPos = 3.545572916666667
27.9519 	EXP 	slider_2: rating = 3.545572916666667
27.9554 	EXP 	New trial (rep=0, index=16): OrderedDict([('Imagenes', 'imagenes\\Yogurt-alpina.jpg'), ('Random', 0.21540995091807813), ('Correcto', None)])
27.9762 	EXP 	image_2: autoDraw = False
27.9762 	EXP 	slider_2: autoDraw = False
27.9762 	EXP 	image_2: image = 'imagenes\\Yogurt-alpina.jpg'
27.9762 	EXP 	slider_2: markerPos = None
27.9762 	EXP 	slider_2: markerPos = None
27.9762 	EXP 	slider_2: rating = None
27.9762 	EXP 	image_2: autoDraw = True
27.9762 	EXP 	slider_2: autoDraw = True
28.1034 	DATA 	Mouse: Left button down, pos=(690,149)
28.1185 	EXP 	slider_2: markerPos = 3.545572916666667
28.1352 	EXP 	slider_2: markerPos = 3.545572916666667
28.1519 	EXP 	slider_2: markerPos = 3.545572916666667
28.1687 	EXP 	slider_2: markerPos = 3.545572916666667
28.1855 	EXP 	slider_2: markerPos = 3.545572916666667
28.2019 	EXP 	slider_2: markerPos = 3.545572916666667
28.2042 	DATA 	Mouse:  Left button up, pos=(690,149)
28.2185 	EXP 	slider_2: markerPos = 3.545572916666667
28.2185 	EXP 	slider_2: rating = 3.545572916666667
28.2211 	EXP 	New trial (rep=0, index=17): OrderedDict([('Imagenes', 'imagenes\\Brownie.jpg'), ('Random', 0.17000143351927688), ('Correcto', None)])
28.2504 	EXP 	image_2: autoDraw = False
28.2504 	EXP 	slider_2: autoDraw = False
28.2504 	EXP 	image_2: image = 'imagenes\\Brownie.jpg'
28.2504 	EXP 	slider_2: markerPos = None
28.2504 	EXP 	slider_2: markerPos = None
28.2504 	EXP 	slider_2: rating = None
28.2504 	EXP 	image_2: autoDraw = True
28.2504 	EXP 	slider_2: autoDraw = True
28.4208 	DATA 	Mouse: Left button down, pos=(690,149)
28.4354 	EXP 	slider_2: markerPos = 3.545572916666667
28.4519 	EXP 	slider_2: markerPos = 3.545572916666667
28.4684 	EXP 	slider_2: markerPos = 3.545572916666667
28.4854 	EXP 	slider_2: markerPos = 3.545572916666667
28.5022 	EXP 	slider_2: markerPos = 3.545572916666667
28.5046 	DATA 	Mouse:  Left button up, pos=(690,149)
28.5187 	EXP 	slider_2: markerPos = 3.545572916666667
28.5187 	EXP 	slider_2: rating = 3.545572916666667
28.5215 	EXP 	New trial (rep=0, index=18): OrderedDict([('Imagenes', 'imagenes\\Manzana.jpg'), ('Random', 0.5168162194437935), ('Correcto', None)])
28.5447 	EXP 	image_2: autoDraw = False
28.5447 	EXP 	slider_2: autoDraw = False
28.5447 	EXP 	image_2: image = 'imagenes\\Manzana.jpg'
28.5447 	EXP 	slider_2: markerPos = None
28.5447 	EXP 	slider_2: markerPos = None
28.5447 	EXP 	slider_2: rating = None
28.5447 	EXP 	image_2: autoDraw = True
28.5447 	EXP 	slider_2: autoDraw = True
28.7704 	DATA 	Mouse: Left button down, pos=(690,149)
28.7854 	EXP 	slider_2: markerPos = 3.545572916666667
28.8019 	EXP 	slider_2: markerPos = 3.545572916666667
28.8186 	EXP 	slider_2: markerPos = 3.545572916666667
28.8352 	EXP 	slider_2: markerPos = 3.545572916666667
28.8519 	EXP 	slider_2: markerPos = 3.545572916666667
28.8685 	EXP 	slider_2: markerPos = 3.545572916666667
28.8854 	EXP 	slider_2: markerPos = 3.545572916666667
28.8874 	DATA 	Mouse:  Left button up, pos=(690,149)
28.9019 	EXP 	slider_2: markerPos = 3.545572916666667
28.9019 	EXP 	slider_2: rating = 3.545572916666667
28.9051 	EXP 	New trial (rep=0, index=19): OrderedDict([('Imagenes', 'imagenes\\Nutella (1).jpg'), ('Random', 0.5277483225747329), ('Correcto', None)])
28.9223 	EXP 	image_2: autoDraw = False
28.9223 	EXP 	slider_2: autoDraw = False
28.9223 	EXP 	image_2: image = 'imagenes\\Nutella (1).jpg'
28.9223 	EXP 	slider_2: markerPos = None
28.9223 	EXP 	slider_2: markerPos = None
28.9223 	EXP 	slider_2: rating = None
28.9223 	EXP 	image_2: autoDraw = True
28.9223 	EXP 	slider_2: autoDraw = True
29.2371 	DATA 	Mouse: Left button down, pos=(690,149)
29.2520 	EXP 	slider_2: markerPos = 3.545572916666667
29.2685 	EXP 	slider_2: markerPos = 3.545572916666667
29.2852 	EXP 	slider_2: markerPos = 3.545572916666667
29.3020 	EXP 	slider_2: markerPos = 3.545572916666667
29.3186 	EXP 	slider_2: markerPos = 3.545572916666667
29.3353 	EXP 	slider_2: markerPos = 3.545572916666667
29.3377 	DATA 	Mouse:  Left button up, pos=(690,149)
29.3518 	EXP 	slider_2: markerPos = 3.545572916666667
29.3518 	EXP 	slider_2: rating = 3.545572916666667
29.3682 	EXP 	image_2: autoDraw = False
29.3682 	EXP 	slider_2: autoDraw = False
29.5526 	EXP 	window1: mouseVisible = True
