1.6341 	WARNING 	We strongly recommend you activate the PTB sound engine in PsychoPy prefs as the preferred audio engine. Its timing is vastly superior. Your prefs are currently set to use ['sounddevice', 'PTB', 'pyo', 'pygame'] (in that order).
16.1755 	EXP 	Created window1 = Window(allowGUI=False, allowStencil=False, args=UNKNOWN, autoLog=True, bitsMode=UNKNOWN, blendMode='avg', bpc=(8, 8, 8), color=array([1., 1., 1.]), colorSpace='rgb', depthBits=8, fullscr=<method-wrapper '__getattribute__' of attributeSetter object at 0x0000026F7A22DDA0>, gamma=None, gammaErrorPolicy='raise', kwargs=UNKNOWN, lms=UNKNOWN, monitor=<psychopy.monitors.calibTools.Monitor object at 0x0000026F7A0BB5C0>, multiSample=False, name='window1', numSamples=2, pos=[0.0, 0.0], screen=0, size=array([1366,  768]), stencilBits=0, stereo=False, units='height', useFBO=True, useRetina=False, viewOri=0.0, viewPos=None, viewScale=None, waitBlanking=True, winType='pyglet')
16.1758 	EXP 	window1: mouseVisible = True
16.1759 	EXP 	window1: recordFrameIntervals = False
16.3410 	EXP 	window1: recordFrameIntervals = True
16.5247 	EXP 	window1: recordFrameIntervals = False
16.7289 	ERROR 	Unknown colorSpace: named
17.1566 	ERROR 	Unknown colorSpace: named
17.2953 	EXP 	Sound sonido_prueba set volume 1.000
17.3253 	EXP 	Created image_prueba = ImageStim(__class__=<class 'psychopy.visual.image.ImageStim'>, autoLog=True, color=array([1., 1., 1.]), colorSpace='rgb', contrast=1.0, depth=-1.0, flipHoriz=False, flipVert=False, image='imagenes/lapicero.jpg', interpolate=True, mask=None, maskParams=None, name='image_prueba', opacity=1.0, ori=0.0, pos=array([0. , 0.2]), size=array([0.5, 0.5]), texRes=128, units='height', win=Window(...))
17.3301 	EXP 	window1: mouseVisible = True
17.4332 	EXP 	Created slider_prueba = Slider(__class__=<class 'psychopy.visual.slider.Slider'>, autoDraw=False, autoLog=True, color='DimGrey', depth=-2, flip=False, font='HelveticaBold', granularity=0, labelHeight=0.05, labelWrapWidth=None, labels=('0', '1000', '2000', '3000', '4000', '5000'), name='slider_prueba', pos=(0, -0.3), readOnly=False, self=UNKNOWN, size=(1.0, 0.05), style=method-wrapper(...), ticks=array([1, 2, 3, 4, 5, 6]), units='height', win=Window(...))
17.4338 	EXP 	Sound sonido_prueba_2 set volume 1.000
17.5574 	EXP 	Created image_prueba_2 = ImageStim(__class__=<class 'psychopy.visual.image.ImageStim'>, autoLog=True, color=array([1., 1., 1.]), colorSpace='rgb', contrast=1.0, depth=-1.0, flipHoriz=False, flipVert=False, image='imagenes/jabon.jpg', interpolate=True, mask=None, maskParams=None, name='image_prueba_2', opacity=1.0, ori=0.0, pos=array([0. , 0.2]), size=array([0.5, 0.5]), texRes=128, units='height', win=Window(...))
17.5584 	EXP 	window1: mouseVisible = True
17.5803 	EXP 	Created slider_prueba_2 = Slider(__class__=<class 'psychopy.visual.slider.Slider'>, autoDraw=False, autoLog=True, color='DimGrey', depth=-2, flip=False, font='HelveticaBold', granularity=0, labelHeight=0.05, labelWrapWidth=None, labels=('0', '1000', '2000', '3000', '4000', '5000'), name='slider_prueba_2', pos=(0, -0.3), readOnly=False, self=UNKNOWN, size=(1.0, 0.05), style=method-wrapper(...), ticks=array([1, 2, 3, 4, 5, 6]), units='height', win=Window(...))
17.5989 	ERROR 	Unknown colorSpace: named
17.6474 	EXP 	Sound sonido_exp set volume 1.000
17.6527 	EXP 	Created image_exp = ImageStim(__class__=<class 'psychopy.visual.image.ImageStim'>, autoLog=True, color=array([1., 1., 1.]), colorSpace='rgb', contrast=1.0, depth=-1.0, flipHoriz=False, flipVert=False, image='sin', interpolate=True, mask=None, maskParams=None, name='image_exp', opacity=1.0, ori=0.0, pos=array([0. , 0.2]), size=array([0.5, 0.5]), texRes=128, units='height', win=Window(...))
17.6539 	EXP 	window1: mouseVisible = True
17.6776 	EXP 	Created slider_exp = Slider(__class__=<class 'psychopy.visual.slider.Slider'>, autoDraw=False, autoLog=True, color='DimGrey', depth=-2, flip=False, font='HelveticaBold', granularity=0, labelHeight=0.05, labelWrapWidth=None, labels=('0', '1000', '2000', '3000', '4000', '5000'), name='slider_exp', pos=(0, -0.3), readOnly=False, self=UNKNOWN, size=(1.0, 0.05), style=method-wrapper(...), ticks=array([1, 2, 3, 4, 5, 6]), units='height', win=Window(...))
17.7485 	EXP 	Created text_subasta1 = TextStim(__class__=<class 'psychopy.visual.text.TextStim'>, alignHoriz=method-wrapper(...), alignText='center', alignVert=method-wrapper(...), anchorHoriz='center', anchorVert='center', antialias=True, autoLog=True, bold=False, color='black', colorSpace='named', contrast=1.0, depth=0.0, flipHoriz=False, flipVert=False, font='Arial', fontFiles=[], height=0.05, italic=False, languageStyle='LTR', name='text_subasta1', opacity=1.0, ori=0, pos=array([0., 0.]), rgb=array([0., 0., 0.]), text=str(...), units='height', win=Window(...), wrapWidth=1)
17.7911 	EXP 	Created text_subasta2 = TextStim(__class__=<class 'psychopy.visual.text.TextStim'>, alignHoriz=method-wrapper(...), alignText='center', alignVert=method-wrapper(...), anchorHoriz='center', anchorVert='center', antialias=True, autoLog=True, bold=False, color='black', colorSpace='named', contrast=1.0, depth=0.0, flipHoriz=False, flipVert=False, font='Arial', fontFiles=[], height=0.05, italic=False, languageStyle='LTR', name='text_subasta2', opacity=1.0, ori=0, pos=array([0., 0.]), rgb=array([0., 0., 0.]), text=str(...), units='height', win=Window(...), wrapWidth=1)
17.8214 	EXP 	Created text = TextStim(__class__=<class 'psychopy.visual.text.TextStim'>, alignHoriz=method-wrapper(...), alignText='center', alignVert=method-wrapper(...), anchorHoriz='center', anchorVert='center', antialias=True, autoLog=True, bold=False, color='black', colorSpace='named', contrast=1.0, depth=-1.0, flipHoriz=False, flipVert=False, font='Arial', fontFiles=[], height=0.1, italic=False, languageStyle='LTR', name='text', opacity=1.0, ori=0, pos=array([0.  , 0.15]), rgb=array([0., 0., 0.]), text='default text', units='height', win=Window(...), wrapWidth=1)
17.8263 	EXP 	Created text_4 = TextStim(__class__=<class 'psychopy.visual.text.TextStim'>, alignHoriz=method-wrapper(...), alignText='center', alignVert=method-wrapper(...), anchorHoriz='center', anchorVert='center', antialias=True, autoLog=True, bold=False, color='black', colorSpace='named', contrast=1.0, depth=-1.0, flipHoriz=False, flipVert=False, font='Arial', fontFiles=[], height=0.1, italic=False, languageStyle='LTR', name='text_4', opacity=1.0, ori=0, pos=array([0., 0.]), rgb=array([0., 0., 0.]), text='default text', units='height', win=Window(...), wrapWidth=1)
17.8402 	EXP 	Created text_producto = TextStim(__class__=<class 'psychopy.visual.text.TextStim'>, alignHoriz=method-wrapper(...), alignText='center', alignVert=method-wrapper(...), anchorHoriz='center', anchorVert='center', antialias=True, autoLog=True, bold=False, color='black', colorSpace='named', contrast=1.0, depth=0.0, flipHoriz=False, flipVert=False, font='Arial', fontFiles=[], height=0.05, italic=False, languageStyle='LTR', name='text_producto', opacity=1.0, ori=0, pos=array([0. , 0.3]), rgb=array([0., 0., 0.]), text=str(...), units='height', win=Window(...), wrapWidth=1)
17.8437 	EXP 	Created image = ImageStim(__class__=<class 'psychopy.visual.image.ImageStim'>, autoLog=True, color=array([1., 1., 1.]), colorSpace='rgb', contrast=1.0, depth=-1.0, flipHoriz=False, flipVert=False, image='sin', interpolate=True, mask=None, maskParams=None, name='image', opacity=1.0, ori=0.0, pos=array([ 0.  , -0.15]), size=array([0.5, 0.5]), texRes=128, units='height', win=Window(...))
17.8485 	EXP 	Created texto_final = TextStim(__class__=<class 'psychopy.visual.text.TextStim'>, alignHoriz=method-wrapper(...), alignText='center', alignVert=method-wrapper(...), anchorHoriz='center', anchorVert='center', antialias=True, autoLog=True, bold=False, color='black', colorSpace='named', contrast=1.0, depth=-1.0, flipHoriz=False, flipVert=False, font='Arial', fontFiles=[], height=0.1, italic=False, languageStyle='LTR', name='texto_final', opacity=1.0, ori=0, pos=array([0., 0.]), rgb=array([0., 0., 0.]), text='default text', units='height', win=Window(...), wrapWidth=1)
17.8862 	EXP 	mensaje_intro: autoLog = True
17.8862 	EXP 	mensaje_intro_2: autoLog = True
17.8862 	EXP 	textbox_prueba: autoLog = True
17.8862 	EXP 	slider_prueba: autoLog = True
17.8862 	EXP 	slider_prueba: markerPos = None
17.8862 	EXP 	slider_prueba: rating = None
17.8862 	EXP 	slider_prueba: markerPos = None
17.8862 	EXP 	slider_prueba: contrast = 1.0
17.8862 	EXP 	slider_prueba: autoLog = True
17.8862 	EXP 	slider_prueba: style = ['whiteOnBlack']
17.8862 	EXP 	slider_prueba_2: autoLog = True
17.8862 	EXP 	slider_prueba_2: markerPos = None
17.8862 	EXP 	slider_prueba_2: rating = None
17.8862 	EXP 	slider_prueba_2: markerPos = None
17.8862 	EXP 	slider_prueba_2: contrast = 1.0
17.8862 	EXP 	slider_prueba_2: autoLog = True
17.8862 	EXP 	slider_prueba_2: style = ['whiteOnBlack']
17.8862 	EXP 	textbox_prueba_2: autoLog = True
17.8862 	EXP 	slider_exp: autoLog = True
17.8862 	EXP 	slider_exp: markerPos = None
17.8862 	EXP 	slider_exp: rating = None
17.8862 	EXP 	slider_exp: markerPos = None
17.8862 	EXP 	slider_exp: contrast = 1.0
17.8862 	EXP 	slider_exp: autoLog = True
17.8862 	EXP 	slider_exp: style = ['whiteOnBlack']
17.8862 	EXP 	mensaje_intro: autoDraw = True
18.4698 	DATA 	Keypress: space
18.4768 	EXP 	mensaje_intro: autoDraw = False
18.4768 	EXP 	mensaje_intro_2: autoDraw = True
21.4133 	DATA 	Keypress: space
21.4410 	EXP 	mensaje_intro_2: autoDraw = False
21.4410 	EXP 	textbox_prueba: autoDraw = True
24.8963 	DATA 	Keypress: escape
25.3479 	EXP 	window1: mouseVisible = True
