1.0408 	WARNING 	We strongly recommend you activate the PTB sound engine in PsychoPy prefs as the preferred audio engine. Its timing is vastly superior. Your prefs are currently set to use ['sounddevice', 'PTB', 'pyo', 'pygame'] (in that order).
72.8774 	WARNING 	User requested fullscreen with size [1024  768], but screen is actually [1366, 768]. Using actual size
74.5388 	EXP 	Created window1 = Window(allowGUI=False, allowStencil=False, args=UNKNOWN, autoLog=True, bitsMode=UNKNOWN, blendMode='avg', bpc=(8, 8, 8), color=array([0., 0., 0.]), colorSpace='rgb', depthBits=8, fullscr=<method-wrapper '__getattribute__' of attributeSetter object at 0x000002A4C7B9C7B8>, gamma=None, gammaErrorPolicy='raise', kwargs=UNKNOWN, lms=UNKNOWN, monitor=<psychopy.monitors.calibTools.Monitor object at 0x000002A4C78BD828>, multiSample=False, name='window1', numSamples=2, pos=[0.0, 0.0], screen=0, size=array([1366,  768]), stencilBits=0, stereo=False, units='height', useFBO=True, useRetina=False, viewOri=0.0, viewPos=None, viewScale=None, waitBlanking=True, winType='pyglet')
74.5394 	EXP 	window1: mouseVisible = True
74.5395 	EXP 	window1: recordFrameIntervals = False
74.7038 	EXP 	window1: recordFrameIntervals = True
74.8876 	EXP 	window1: recordFrameIntervals = False
75.4465 	EXP 	Sound Sonido set volume 1.000
75.4602 	EXP 	Created image_2 = ImageStim(__class__=<class 'psychopy.visual.image.ImageStim'>, autoLog=True, color=array([1., 1., 1.]), colorSpace='rgb', contrast=1.0, depth=-1.0, flipHoriz=False, flipVert=False, image='sin', interpolate=True, mask=None, maskParams=None, name='image_2', opacity=1.0, ori=0.0, pos=array([0. , 0.2]), size=array([0.5, 0.5]), texRes=128, units='height', win=Window(...))
75.4832 	EXP 	window1: mouseVisible = True
75.6487 	EXP 	Created slider_2 = Slider(__class__=<class 'psychopy.visual.slider.Slider'>, autoDraw=False, autoLog=True, color='LightGray', depth=0, flip=False, font='HelveticaBold', granularity=0, labelHeight=0.05, labelWrapWidth=None, labels=('0', '1000', '2000', '3000', '4000', '5000'), name='slider_2', pos=(0, -0.3), readOnly=False, self=UNKNOWN, size=(1.0, 0.05), style=method-wrapper(...), ticks=array([1, 2, 3, 4, 5, 6]), units='height', win=Window(...))
75.6910 	EXP 	Created text = TextStim(__class__=<class 'psychopy.visual.text.TextStim'>, alignHoriz=method-wrapper(...), alignText='center', alignVert=method-wrapper(...), anchorHoriz='center', anchorVert='center', antialias=True, autoLog=True, bold=False, color='white', colorSpace='named', contrast=1.0, depth=-1.0, flipHoriz=False, flipVert=False, font='Arial', fontFiles=[], height=0.1, italic=False, languageStyle='LTR', name='text', opacity=1.0, ori=0, pos=array([0.  , 0.15]), rgb=array([255., 255., 255.]), text='default text', units='height', win=Window(...), wrapWidth=1)
75.6972 	EXP 	Created text_4 = TextStim(__class__=<class 'psychopy.visual.text.TextStim'>, alignHoriz=method-wrapper(...), alignText='center', alignVert=method-wrapper(...), anchorHoriz='center', anchorVert='center', antialias=True, autoLog=True, bold=False, color='white', colorSpace='named', contrast=1.0, depth=0.0, flipHoriz=False, flipVert=False, font='Arial', fontFiles=[], height=0.1, italic=False, languageStyle='LTR', name='text_4', opacity=1.0, ori=0, pos=array([0., 0.]), rgb=array([255., 255., 255.]), text='default text', units='height', win=Window(...), wrapWidth=1)
75.7778 	EXP 	Imported ruidos.xlsx as conditions, 4 conditions, 2 params
75.7784 	EXP 	Created sequence: random, trialTypes=4, nReps=1, seed=None
75.7789 	EXP 	New trial (rep=0, index=0): OrderedDict([('Hertz', 1000), ('volumen', 0.02)])
75.7867 	EXP 	Imported imagenes.xlsx as conditions, 20 conditions, 3 params
75.7870 	EXP 	Created sequence: random, trialTypes=20, nReps=1, seed=None
75.7872 	EXP 	New trial (rep=0, index=0): OrderedDict([('Imagenes', 'imagenes\\Chocoramo.jfif.jpg'), ('Random', 0.7789437122019539), ('Correcto', None)])
75.8477 	EXP 	slider_2: autoLog = True
75.8477 	EXP 	slider_2: markerPos = None
75.8477 	EXP 	slider_2: rating = None
75.8477 	EXP 	slider_2: markerPos = None
75.8477 	EXP 	slider_2: contrast = 1.0
75.8477 	EXP 	slider_2: autoLog = True
75.8477 	EXP 	slider_2: style = ['rating']
75.8477 	EXP 	image_2: image = 'imagenes\\Chocoramo.jfif.jpg'
75.8477 	EXP 	slider_2: markerPos = None
75.8477 	EXP 	slider_2: markerPos = None
75.8477 	EXP 	slider_2: rating = None
75.8477 	EXP 	image_2: autoDraw = True
75.8477 	EXP 	slider_2: autoDraw = True
76.7429 	EXP 	New trial (rep=0, index=1): OrderedDict([('Imagenes', 'imagenes\\Manzana.jpg'), ('Random', 0.5168162194437935), ('Correcto', None)])
76.8323 	EXP 	image_2: autoDraw = False
76.8323 	EXP 	slider_2: autoDraw = False
76.8323 	EXP 	image_2: image = 'imagenes\\Manzana.jpg'
76.8323 	EXP 	slider_2: markerPos = None
76.8323 	EXP 	slider_2: markerPos = None
76.8323 	EXP 	slider_2: rating = None
76.8323 	EXP 	image_2: autoDraw = True
76.8323 	EXP 	slider_2: autoDraw = True
77.5225 	DATA 	Mouse: Left button down, pos=(686,147)
77.5368 	EXP 	slider_2: markerPos = 3.51953125
77.5533 	EXP 	slider_2: markerPos = 3.51953125
77.5699 	EXP 	slider_2: markerPos = 3.51953125
77.5868 	EXP 	slider_2: markerPos = 3.51953125
77.6033 	EXP 	slider_2: markerPos = 3.51953125
77.6050 	DATA 	Mouse:  Left button up, pos=(686,147)
77.6198 	EXP 	slider_2: markerPos = 3.51953125
77.6198 	EXP 	slider_2: rating = 3.51953125
77.6235 	EXP 	New trial (rep=0, index=2): OrderedDict([('Imagenes', 'imagenes\\Nutella (1).jpg'), ('Random', 0.5277483225747329), ('Correcto', None)])
77.6550 	EXP 	image_2: autoDraw = False
77.6550 	EXP 	slider_2: autoDraw = False
77.6550 	EXP 	image_2: image = 'imagenes\\Nutella (1).jpg'
77.6550 	EXP 	slider_2: markerPos = None
77.6550 	EXP 	slider_2: markerPos = None
77.6550 	EXP 	slider_2: rating = None
77.6550 	EXP 	image_2: autoDraw = True
77.6550 	EXP 	slider_2: autoDraw = True
77.7048 	DATA 	Mouse: Left button down, pos=(686,147)
77.7200 	EXP 	slider_2: markerPos = 3.51953125
77.7369 	EXP 	slider_2: markerPos = 3.51953125
77.7535 	EXP 	slider_2: markerPos = 3.51953125
77.7699 	EXP 	slider_2: markerPos = 3.51953125
77.7724 	DATA 	Mouse:  Left button up, pos=(683,147)
77.7863 	EXP 	slider_2: markerPos = 3.51953125
77.7863 	EXP 	slider_2: rating = 3.51953125
77.7899 	EXP 	New trial (rep=0, index=3): OrderedDict([('Imagenes', 'imagenes\\Alpinito.jpg'), ('Random', 0.4515332417045813), ('Correcto', None)])
77.8375 	EXP 	image_2: autoDraw = False
77.8375 	EXP 	slider_2: autoDraw = False
77.8375 	EXP 	image_2: image = 'imagenes\\Alpinito.jpg'
77.8375 	EXP 	slider_2: markerPos = None
77.8375 	EXP 	slider_2: markerPos = None
77.8375 	EXP 	slider_2: rating = None
77.8375 	EXP 	image_2: autoDraw = True
77.8375 	EXP 	slider_2: autoDraw = True
77.9060 	DATA 	Mouse: Left button down, pos=(616,164)
77.9196 	EXP 	slider_2: markerPos = 3.0638020833333335
77.9370 	EXP 	slider_2: markerPos = 3.0638020833333335
77.9532 	EXP 	slider_2: markerPos = 3.0638020833333335
77.9699 	EXP 	slider_2: markerPos = 3.0572916666666665
77.9868 	EXP 	slider_2: markerPos = 3.0572916666666665
78.0033 	EXP 	slider_2: markerPos = 3.0572916666666665
78.0065 	DATA 	Mouse:  Left button up, pos=(613,164)
78.0197 	EXP 	slider_2: markerPos = 3.0572916666666665
78.0197 	EXP 	slider_2: rating = 3.0572916666666665
78.0236 	EXP 	New trial (rep=0, index=4): OrderedDict([('Imagenes', 'imagenes\\Papas-naturales.jpg'), ('Random', 0.15856838916280946), ('Correcto', None)])
78.0472 	EXP 	image_2: autoDraw = False
78.0472 	EXP 	slider_2: autoDraw = False
78.0472 	EXP 	image_2: image = 'imagenes\\Papas-naturales.jpg'
78.0472 	EXP 	slider_2: markerPos = None
78.0472 	EXP 	slider_2: markerPos = None
78.0472 	EXP 	slider_2: rating = None
78.0472 	EXP 	image_2: autoDraw = True
78.0472 	EXP 	slider_2: autoDraw = True
78.0889 	DATA 	Mouse: Left button down, pos=(586,165)
78.1031 	EXP 	slider_2: markerPos = 2.868489583333333
78.1200 	EXP 	slider_2: markerPos = 2.829427083333333
78.1364 	EXP 	slider_2: markerPos = 2.822916666666667
78.1531 	EXP 	slider_2: markerPos = 2.822916666666667
78.1699 	EXP 	slider_2: markerPos = 2.822916666666667
78.1868 	EXP 	slider_2: markerPos = 2.822916666666667
78.1959 	DATA 	Mouse:  Left button up, pos=(579,165)
78.2034 	EXP 	slider_2: markerPos = 2.822916666666667
78.2198 	EXP 	slider_2: markerPos = 2.822916666666667
78.2198 	EXP 	slider_2: rating = 2.822916666666667
78.2228 	EXP 	New trial (rep=0, index=5): OrderedDict([('Imagenes', 'imagenes\\Yogurt-alpina.jpg'), ('Random', 0.21540995091807813), ('Correcto', None)])
78.2522 	EXP 	image_2: autoDraw = False
78.2522 	EXP 	slider_2: autoDraw = False
78.2522 	EXP 	image_2: image = 'imagenes\\Yogurt-alpina.jpg'
78.2522 	EXP 	slider_2: markerPos = None
78.2522 	EXP 	slider_2: markerPos = None
78.2522 	EXP 	slider_2: rating = None
78.2522 	EXP 	image_2: autoDraw = True
78.2522 	EXP 	slider_2: autoDraw = True
78.2773 	DATA 	Mouse: Left button down, pos=(579,165)
78.3030 	EXP 	slider_2: markerPos = 2.822916666666667
78.3195 	EXP 	slider_2: markerPos = 2.829427083333333
78.3364 	EXP 	slider_2: markerPos = 2.842447916666667
78.3530 	EXP 	slider_2: markerPos = 2.8880208333333335
78.3698 	EXP 	slider_2: markerPos = 2.9466145833333335
78.3866 	EXP 	slider_2: markerPos = 3.0572916666666665
78.4032 	EXP 	slider_2: markerPos = 3.1809895833333335
78.4196 	EXP 	slider_2: markerPos = 3.3177083333333335
78.4222 	DATA 	Mouse:  Left button up, pos=(677,154)
78.4367 	EXP 	slider_2: markerPos = 3.3177083333333335
78.4367 	EXP 	slider_2: rating = 3.3177083333333335
78.4403 	EXP 	New trial (rep=0, index=6): OrderedDict([('Imagenes', 'imagenes\\Kiwi.jpg'), ('Random', 0.5893907384852061), ('Correcto', None)])
78.4599 	EXP 	image_2: autoDraw = False
78.4599 	EXP 	slider_2: autoDraw = False
78.4599 	EXP 	image_2: image = 'imagenes\\Kiwi.jpg'
78.4599 	EXP 	slider_2: markerPos = None
78.4599 	EXP 	slider_2: markerPos = None
78.4599 	EXP 	slider_2: rating = None
78.4599 	EXP 	image_2: autoDraw = True
78.4599 	EXP 	slider_2: autoDraw = True
78.4728 	DATA 	Mouse: Left button down, pos=(733,155)
78.4867 	EXP 	slider_2: markerPos = 3.825520833333333
78.5031 	EXP 	slider_2: markerPos = 3.858072916666667
78.5196 	EXP 	slider_2: markerPos = 3.890625
78.5364 	EXP 	slider_2: markerPos = 3.9296875
78.5530 	EXP 	slider_2: markerPos = 3.98828125
78.5557 	DATA 	Mouse:  Left button up, pos=(765,155)
78.5697 	EXP 	slider_2: markerPos = 3.98828125
78.5697 	EXP 	slider_2: rating = 3.98828125
78.5733 	EXP 	New trial (rep=0, index=7): OrderedDict([('Imagenes', 'imagenes\\Croissant.jpg'), ('Random', 0.6152458173421255), ('Correcto', None)])
78.6099 	EXP 	image_2: autoDraw = False
78.6099 	EXP 	slider_2: autoDraw = False
78.6099 	EXP 	image_2: image = 'imagenes\\Croissant.jpg'
78.6099 	EXP 	slider_2: markerPos = None
78.6099 	EXP 	slider_2: markerPos = None
78.6099 	EXP 	slider_2: rating = None
78.6099 	EXP 	image_2: autoDraw = True
78.6099 	EXP 	slider_2: autoDraw = True
78.6392 	DATA 	Mouse: Left button down, pos=(838,155)
78.6532 	EXP 	slider_2: markerPos = 4.509114583333333
78.6697 	EXP 	slider_2: markerPos = 4.509114583333333
78.6867 	EXP 	slider_2: markerPos = 4.509114583333333
78.7030 	EXP 	slider_2: markerPos = 4.509114583333333
78.7197 	EXP 	slider_2: markerPos = 4.515625
78.7226 	DATA 	Mouse:  Left button up, pos=(846,155)
78.7368 	EXP 	slider_2: markerPos = 4.515625
78.7368 	EXP 	slider_2: rating = 4.515625
78.7399 	EXP 	New trial (rep=0, index=8): OrderedDict([('Imagenes', 'imagenes\\Rosquitas (1).jpg'), ('Random', 0.3035383390851263), ('Correcto', None)])
78.7869 	EXP 	image_2: autoDraw = False
78.7869 	EXP 	slider_2: autoDraw = False
78.7869 	EXP 	image_2: image = 'imagenes\\Rosquitas (1).jpg'
78.7869 	EXP 	slider_2: markerPos = None
78.7869 	EXP 	slider_2: markerPos = None
78.7869 	EXP 	slider_2: rating = None
78.7869 	EXP 	image_2: autoDraw = True
78.7869 	EXP 	slider_2: autoDraw = True
78.8223 	DATA 	Mouse: Left button down, pos=(893,159)
78.8364 	EXP 	slider_2: markerPos = 4.8671875
78.8531 	EXP 	slider_2: markerPos = 4.8671875
78.8700 	EXP 	slider_2: markerPos = 4.8671875
78.8867 	EXP 	slider_2: markerPos = 4.8671875
78.9030 	EXP 	slider_2: markerPos = 4.893229166666666
78.9052 	DATA 	Mouse:  Left button up, pos=(904,160)
78.9196 	EXP 	slider_2: markerPos = 4.893229166666666
78.9196 	EXP 	slider_2: rating = 4.893229166666666
78.9232 	EXP 	New trial (rep=0, index=9): OrderedDict([('Imagenes', 'imagenes\\Mango.jpeg'), ('Random', 0.555669112372461), ('Correcto', None)])
78.9645 	EXP 	image_2: autoDraw = False
78.9645 	EXP 	slider_2: autoDraw = False
78.9645 	EXP 	image_2: image = 'imagenes\\Mango.jpeg'
78.9645 	EXP 	slider_2: markerPos = None
78.9645 	EXP 	slider_2: markerPos = None
78.9645 	EXP 	slider_2: rating = None
78.9645 	EXP 	image_2: autoDraw = True
78.9645 	EXP 	slider_2: autoDraw = True
79.0257 	DATA 	Mouse: Left button down, pos=(967,173)
79.0363 	EXP 	slider_2: markerPos = 5.348958333333334
79.0531 	EXP 	slider_2: markerPos = 5.348958333333334
79.0700 	EXP 	slider_2: markerPos = 5.348958333333334
79.0868 	EXP 	slider_2: markerPos = 5.348958333333334
79.0887 	DATA 	Mouse:  Left button up, pos=(972,173)
79.1034 	EXP 	slider_2: markerPos = 5.348958333333334
79.1034 	EXP 	slider_2: rating = 5.348958333333334
79.1074 	EXP 	New trial (rep=0, index=10): OrderedDict([('Imagenes', 'imagenes\\Brownie.jpg'), ('Random', 0.17000143351927688), ('Correcto', None)])
79.1680 	EXP 	image_2: autoDraw = False
79.1680 	EXP 	slider_2: autoDraw = False
79.1680 	EXP 	image_2: image = 'imagenes\\Brownie.jpg'
79.1680 	EXP 	slider_2: markerPos = None
79.1680 	EXP 	slider_2: markerPos = None
79.1680 	EXP 	slider_2: rating = None
79.1680 	EXP 	image_2: autoDraw = True
79.1680 	EXP 	slider_2: autoDraw = True
79.4075 	DATA 	Mouse: Left button down, pos=(964,158)
79.4198 	EXP 	slider_2: markerPos = 5.329427083333334
79.4366 	EXP 	slider_2: markerPos = 5.27734375
79.4534 	EXP 	slider_2: markerPos = 5.264322916666666
79.4699 	EXP 	slider_2: markerPos = 5.244791666666666
79.4866 	EXP 	slider_2: markerPos = 5.23828125
79.4892 	DATA 	Mouse:  Left button up, pos=(947,152)
79.5028 	EXP 	slider_2: markerPos = 5.23828125
79.5028 	EXP 	slider_2: rating = 5.23828125
79.5063 	EXP 	New trial (rep=0, index=11): OrderedDict([('Imagenes', 'imagenes\\Galletas-festival.jpg'), ('Random', 0.36121121246191135), ('Correcto', None)])
79.5517 	EXP 	image_2: autoDraw = False
79.5517 	EXP 	slider_2: autoDraw = False
79.5517 	EXP 	image_2: image = 'imagenes\\Galletas-festival.jpg'
79.5517 	EXP 	slider_2: markerPos = None
79.5517 	EXP 	slider_2: markerPos = None
79.5517 	EXP 	slider_2: rating = None
79.5517 	EXP 	image_2: autoDraw = True
79.5517 	EXP 	slider_2: autoDraw = True
79.5887 	DATA 	Mouse: Left button down, pos=(911,152)
79.6033 	EXP 	slider_2: markerPos = 4.9453125
79.6198 	EXP 	slider_2: markerPos = 4.84765625
79.6368 	EXP 	slider_2: markerPos = 4.75
79.6532 	EXP 	slider_2: markerPos = 4.626302083333333
79.6557 	DATA 	Mouse:  Left button up, pos=(846,154)
79.6698 	EXP 	slider_2: markerPos = 4.626302083333333
79.6698 	EXP 	slider_2: rating = 4.626302083333333
79.6735 	EXP 	New trial (rep=0, index=12): OrderedDict([('Imagenes', 'imagenes\\Papas-limon.jpg'), ('Random', 0.020692288100133793), ('Correcto', None)])
79.6930 	EXP 	image_2: autoDraw = False
79.6930 	EXP 	slider_2: autoDraw = False
79.6930 	EXP 	image_2: image = 'imagenes\\Papas-limon.jpg'
79.6930 	EXP 	slider_2: markerPos = None
79.6930 	EXP 	slider_2: markerPos = None
79.6930 	EXP 	slider_2: rating = None
79.6930 	EXP 	image_2: autoDraw = True
79.6930 	EXP 	slider_2: autoDraw = True
79.7384 	DATA 	Mouse: Left button down, pos=(777,162)
79.7531 	EXP 	slider_2: markerPos = 4.111979166666667
79.7701 	EXP 	slider_2: markerPos = 4.040364583333333
79.7868 	EXP 	slider_2: markerPos = 3.94921875
79.8031 	EXP 	slider_2: markerPos = 3.825520833333333
79.8196 	EXP 	slider_2: markerPos = 3.740885416666667
79.8222 	DATA 	Mouse:  Left button up, pos=(705,164)
79.8365 	EXP 	slider_2: markerPos = 3.740885416666667
79.8365 	EXP 	slider_2: rating = 3.740885416666667
79.8400 	EXP 	New trial (rep=0, index=13): OrderedDict([('Imagenes', 'imagenes\\Galletas Tosh.jpg'), ('Random', 0.478088790487872), ('Correcto', None)])
79.8838 	EXP 	image_2: autoDraw = False
79.8838 	EXP 	slider_2: autoDraw = False
79.8838 	EXP 	image_2: image = 'imagenes\\Galletas Tosh.jpg'
79.8838 	EXP 	slider_2: markerPos = None
79.8838 	EXP 	slider_2: markerPos = None
79.8838 	EXP 	slider_2: rating = None
79.8838 	EXP 	image_2: autoDraw = True
79.8838 	EXP 	slider_2: autoDraw = True
79.9012 	DATA 	Mouse: Left button down, pos=(655,169)
79.9199 	EXP 	slider_2: markerPos = 3.3177083333333335
79.9367 	EXP 	slider_2: markerPos = 3.265625
79.9531 	EXP 	slider_2: markerPos = 3.1875
79.9700 	EXP 	slider_2: markerPos = 3.1419270833333335
79.9863 	EXP 	slider_2: markerPos = 3.08984375
79.9883 	DATA 	Mouse:  Left button up, pos=(609,169)
80.0029 	EXP 	slider_2: markerPos = 3.08984375
80.0029 	EXP 	slider_2: rating = 3.08984375
80.0062 	EXP 	New trial (rep=0, index=14): OrderedDict([('Imagenes', 'imagenes\\Uvas.jpg'), ('Random', 0.7734382152670648), ('Correcto', None)])
80.0421 	EXP 	image_2: autoDraw = False
80.0421 	EXP 	slider_2: autoDraw = False
80.0421 	EXP 	image_2: image = 'imagenes\\Uvas.jpg'
80.0421 	EXP 	slider_2: markerPos = None
80.0421 	EXP 	slider_2: markerPos = None
80.0421 	EXP 	slider_2: rating = None
80.0421 	EXP 	image_2: autoDraw = True
80.0421 	EXP 	slider_2: autoDraw = True
80.0593 	DATA 	Mouse: Left button down, pos=(578,170)
80.0695 	EXP 	slider_2: markerPos = 2.81640625
80.0868 	EXP 	slider_2: markerPos = 2.790364583333333
80.1034 	EXP 	slider_2: markerPos = 2.71875
80.1199 	EXP 	slider_2: markerPos = 2.653645833333333
80.1364 	EXP 	slider_2: markerPos = 2.5625
80.1453 	DATA 	Mouse:  Left button up, pos=(519,173)
80.1530 	EXP 	slider_2: markerPos = 2.477864583333333
80.1695 	EXP 	slider_2: markerPos = 2.477864583333333
80.1695 	EXP 	slider_2: rating = 2.477864583333333
80.1733 	EXP 	New trial (rep=0, index=15): OrderedDict([('Imagenes', 'imagenes\\bon-bon-bun.jpg'), ('Random', 0.7387922093313524), ('Correcto', None)])
80.2031 	EXP 	image_2: autoDraw = False
80.2031 	EXP 	slider_2: autoDraw = False
80.2031 	EXP 	image_2: image = 'imagenes\\bon-bon-bun.jpg'
80.2031 	EXP 	slider_2: markerPos = None
80.2031 	EXP 	slider_2: markerPos = None
80.2031 	EXP 	slider_2: rating = None
80.2031 	EXP 	image_2: autoDraw = True
80.2031 	EXP 	slider_2: autoDraw = True
80.2246 	DATA 	Mouse: Left button down, pos=(487,177)
80.3054 	DATA 	Mouse:  Left button up, pos=(450,177)
80.3891 	DATA 	Mouse: Left button down, pos=(426,181)
80.4607 	DATA 	Mouse:  Left button up, pos=(419,180)
80.5550 	DATA 	Mouse: Left button down, pos=(415,180)
80.6426 	DATA 	Mouse:  Left button up, pos=(406,178)
80.7059 	DATA 	Mouse: Left button down, pos=(400,171)
80.7195 	EXP 	slider_2: markerPos = 1.6575520833333335
80.7365 	EXP 	slider_2: markerPos = 1.64453125
80.7530 	EXP 	slider_2: markerPos = 1.64453125
80.7696 	EXP 	slider_2: markerPos = 1.64453125
80.7866 	EXP 	slider_2: markerPos = 1.64453125
80.8030 	EXP 	slider_2: markerPos = 1.64453125
80.8129 	DATA 	Mouse:  Left button up, pos=(398,164)
80.8196 	EXP 	slider_2: markerPos = 1.64453125
80.8366 	EXP 	slider_2: markerPos = 1.64453125
80.8366 	EXP 	slider_2: rating = 1.64453125
80.8403 	EXP 	New trial (rep=0, index=16): OrderedDict([('Imagenes', 'imagenes\\Popetas.jpg'), ('Random', 0.07650200324054446), ('Correcto', None)])
80.8889 	EXP 	image_2: autoDraw = False
80.8889 	EXP 	slider_2: autoDraw = False
80.8889 	EXP 	image_2: image = 'imagenes\\Popetas.jpg'
80.8889 	EXP 	slider_2: markerPos = None
80.8889 	EXP 	slider_2: markerPos = None
80.8889 	EXP 	slider_2: rating = None
80.8889 	EXP 	image_2: autoDraw = True
80.8889 	EXP 	slider_2: autoDraw = True
80.9050 	DATA 	Mouse: Left button down, pos=(411,157)
80.9196 	EXP 	slider_2: markerPos = 1.7291666666666665
80.9364 	EXP 	slider_2: markerPos = 1.7486979166666665
80.9531 	EXP 	slider_2: markerPos = 1.7877604166666665
80.9696 	EXP 	slider_2: markerPos = 1.87890625
80.9723 	DATA 	Mouse:  Left button up, pos=(441,148)
80.9867 	EXP 	slider_2: markerPos = 1.87890625
80.9867 	EXP 	slider_2: rating = 1.87890625
80.9897 	EXP 	New trial (rep=0, index=17): OrderedDict([('Imagenes', 'imagenes\\Leche-de-almendras.jpg'), ('Random', 0.36073876480313727), ('Correcto', None)])
81.1104 	DATA 	Mouse: Left button down, pos=(510,140)
81.1172 	EXP 	image_2: autoDraw = False
81.1172 	EXP 	slider_2: autoDraw = False
81.1172 	EXP 	image_2: image = 'imagenes\\Leche-de-almendras.jpg'
81.1172 	EXP 	slider_2: markerPos = None
81.1172 	EXP 	slider_2: markerPos = None
81.1172 	EXP 	slider_2: rating = None
81.1172 	EXP 	image_2: autoDraw = True
81.1172 	EXP 	slider_2: autoDraw = True
81.1172 	EXP 	slider_2: markerPos = 2.412760416666667
81.1215 	DATA 	Mouse:  Left button up, pos=(526,137)
81.1236 	EXP 	slider_2: markerPos = 2.4453125
81.1317 	EXP 	slider_2: markerPos = 2.4453125
81.1317 	EXP 	slider_2: rating = 2.4453125
81.1355 	EXP 	New trial (rep=0, index=18): OrderedDict([('Imagenes', 'imagenes\\Papas-pollo.jpg'), ('Random', 0.6683114062971784), ('Correcto', None)])
81.1678 	EXP 	image_2: autoDraw = False
81.1678 	EXP 	slider_2: autoDraw = False
81.1678 	EXP 	image_2: image = 'imagenes\\Papas-pollo.jpg'
81.1678 	EXP 	slider_2: markerPos = None
81.1678 	EXP 	slider_2: markerPos = None
81.1678 	EXP 	slider_2: rating = None
81.1678 	EXP 	image_2: autoDraw = True
81.1678 	EXP 	slider_2: autoDraw = True
81.2263 	DATA 	Mouse: Left button down, pos=(613,133)
81.2532 	EXP 	slider_2: markerPos = 3.0638020833333335
81.2695 	EXP 	slider_2: markerPos = 3.0768229166666665
81.2866 	EXP 	slider_2: markerPos = 3.08984375
81.2891 	DATA 	Mouse:  Left button up, pos=(625,131)
81.3030 	EXP 	slider_2: markerPos = 3.08984375
81.3030 	EXP 	slider_2: rating = 3.08984375
81.3070 	EXP 	New trial (rep=0, index=19): OrderedDict([('Imagenes', 'imagenes\\Banano.jpeg'), ('Random', 0.651633055306917), ('Correcto', None)])
81.3368 	EXP 	image_2: autoDraw = False
81.3368 	EXP 	slider_2: autoDraw = False
81.3368 	EXP 	image_2: image = 'imagenes\\Banano.jpeg'
81.3368 	EXP 	slider_2: markerPos = None
81.3368 	EXP 	slider_2: markerPos = None
81.3368 	EXP 	slider_2: rating = None
81.3368 	EXP 	image_2: autoDraw = True
81.3368 	EXP 	slider_2: autoDraw = True
81.4058 	DATA 	Mouse: Left button down, pos=(695,131)
81.4766 	DATA 	Mouse:  Left button up, pos=(707,131)
81.5752 	DATA 	Mouse: Left button down, pos=(754,131)
81.6595 	DATA 	Mouse:  Left button up, pos=(769,131)
81.7682 	DATA 	Mouse: Left button down, pos=(803,131)
81.8383 	DATA 	Mouse:  Left button up, pos=(807,130)
81.9406 	DATA 	Mouse: Left button down, pos=(810,130)
81.9955 	DATA 	Mouse:  Left button up, pos=(767,130)
82.0897 	DATA 	Mouse: Left button down, pos=(686,124)
82.1553 	DATA 	Mouse:  Left button up, pos=(674,121)
82.2562 	DATA 	Mouse: Left button down, pos=(626,120)
82.3269 	EXP 	New trial (rep=0, index=1): OrderedDict([('Hertz', 1000), ('volumen', 0.0)])
82.3455 	EXP 	Imported imagenes.xlsx as conditions, 20 conditions, 3 params
82.3459 	EXP 	Created sequence: random, trialTypes=20, nReps=1, seed=None
82.3462 	EXP 	New trial (rep=0, index=0): OrderedDict([('Imagenes', 'imagenes\\Banano.jpeg'), ('Random', 0.651633055306917), ('Correcto', None)])
82.3592 	DATA 	Mouse:  Left button up, pos=(600,120)
82.3633 	EXP 	image_2: autoDraw = False
82.3633 	EXP 	slider_2: autoDraw = False
82.3633 	EXP 	image_2: autoDraw = False
82.3633 	EXP 	slider_2: autoDraw = False
82.3633 	EXP 	image_2: image = 'imagenes\\Banano.jpeg'
82.3633 	EXP 	slider_2: markerPos = None
82.3633 	EXP 	slider_2: markerPos = None
82.3633 	EXP 	slider_2: rating = None
82.3633 	EXP 	image_2: autoDraw = True
82.3633 	EXP 	slider_2: autoDraw = True
82.4217 	DATA 	Mouse: Left button down, pos=(585,120)
82.4717 	DATA 	Mouse:  Left button up, pos=(574,120)
82.6137 	DATA 	Mouse: Left button down, pos=(538,134)
82.6369 	EXP 	slider_2: markerPos = 2.555989583333333
82.6530 	EXP 	slider_2: markerPos = 2.555989583333333
82.6612 	DATA 	Mouse:  Left button up, pos=(543,139)
82.6694 	EXP 	slider_2: markerPos = 2.5625
82.6864 	EXP 	slider_2: markerPos = 2.5625
82.6864 	EXP 	slider_2: rating = 2.5625
82.6909 	EXP 	New trial (rep=0, index=1): OrderedDict([('Imagenes', 'imagenes\\Brownie.jpg'), ('Random', 0.17000143351927688), ('Correcto', None)])
82.7336 	EXP 	image_2: autoDraw = False
82.7336 	EXP 	slider_2: autoDraw = False
82.7336 	EXP 	image_2: image = 'imagenes\\Brownie.jpg'
82.7336 	EXP 	slider_2: markerPos = None
82.7336 	EXP 	slider_2: markerPos = None
82.7336 	EXP 	slider_2: rating = None
82.7336 	EXP 	image_2: autoDraw = True
82.7336 	EXP 	slider_2: autoDraw = True
82.7553 	DATA 	Mouse: Left button down, pos=(593,157)
82.7695 	EXP 	slider_2: markerPos = 2.9140625
82.7866 	EXP 	slider_2: markerPos = 2.9205729166666665
82.8028 	EXP 	slider_2: markerPos = 2.9270833333333335
82.8198 	EXP 	slider_2: markerPos = 2.97265625
82.8366 	EXP 	slider_2: markerPos = 3.0442708333333335
82.8530 	EXP 	slider_2: markerPos = 3.265625
82.8558 	DATA 	Mouse:  Left button up, pos=(659,157)
82.8697 	EXP 	slider_2: markerPos = 3.265625
82.8697 	EXP 	slider_2: rating = 3.265625
82.8728 	EXP 	New trial (rep=0, index=2): OrderedDict([('Imagenes', 'imagenes\\Yogurt-alpina.jpg'), ('Random', 0.21540995091807813), ('Correcto', None)])
82.8942 	EXP 	image_2: autoDraw = False
82.8942 	EXP 	slider_2: autoDraw = False
82.8942 	EXP 	image_2: image = 'imagenes\\Yogurt-alpina.jpg'
82.8942 	EXP 	slider_2: markerPos = None
82.8942 	EXP 	slider_2: markerPos = None
82.8942 	EXP 	slider_2: rating = None
82.8942 	EXP 	image_2: autoDraw = True
82.8942 	EXP 	slider_2: autoDraw = True
82.9058 	DATA 	Mouse: Left button down, pos=(711,158)
82.9194 	EXP 	slider_2: markerPos = 3.682291666666667
82.9366 	EXP 	slider_2: markerPos = 3.708333333333333
82.9529 	EXP 	slider_2: markerPos = 3.721354166666667
82.9696 	EXP 	slider_2: markerPos = 3.740885416666667
82.9866 	EXP 	slider_2: markerPos = 3.79296875
83.0030 	EXP 	slider_2: markerPos = 3.877604166666667
83.0052 	DATA 	Mouse:  Left button up, pos=(760,157)
83.0196 	EXP 	slider_2: markerPos = 3.877604166666667
83.0196 	EXP 	slider_2: rating = 3.877604166666667
83.0235 	EXP 	New trial (rep=0, index=3): OrderedDict([('Imagenes', 'imagenes\\Kiwi.jpg'), ('Random', 0.5893907384852061), ('Correcto', None)])
83.0368 	EXP 	image_2: autoDraw = False
83.0368 	EXP 	slider_2: autoDraw = False
83.0368 	EXP 	image_2: image = 'imagenes\\Kiwi.jpg'
83.0368 	EXP 	slider_2: markerPos = None
83.0368 	EXP 	slider_2: markerPos = None
83.0368 	EXP 	slider_2: rating = None
83.0368 	EXP 	image_2: autoDraw = True
83.0368 	EXP 	slider_2: autoDraw = True
83.0893 	DATA 	Mouse: Left button down, pos=(812,155)
83.1032 	EXP 	slider_2: markerPos = 4.346354166666667
83.1197 	EXP 	slider_2: markerPos = 4.352864583333333
83.1362 	EXP 	slider_2: markerPos = 4.359375
83.1528 	EXP 	slider_2: markerPos = 4.385416666666667
83.1553 	DATA 	Mouse:  Left button up, pos=(829,152)
83.1694 	EXP 	slider_2: markerPos = 4.385416666666667
83.1694 	EXP 	slider_2: rating = 4.385416666666667
83.1725 	EXP 	New trial (rep=0, index=4): OrderedDict([('Imagenes', 'imagenes\\Croissant.jpg'), ('Random', 0.6152458173421255), ('Correcto', None)])
83.2093 	EXP 	image_2: autoDraw = False
83.2093 	EXP 	slider_2: autoDraw = False
83.2093 	EXP 	image_2: image = 'imagenes\\Croissant.jpg'
83.2093 	EXP 	slider_2: markerPos = None
83.2093 	EXP 	slider_2: markerPos = None
83.2093 	EXP 	slider_2: rating = None
83.2093 	EXP 	image_2: autoDraw = True
83.2093 	EXP 	slider_2: autoDraw = True
83.2543 	DATA 	Mouse: Left button down, pos=(880,151)
83.2694 	EXP 	slider_2: markerPos = 4.782552083333334
83.2860 	EXP 	slider_2: markerPos = 4.782552083333334
83.3028 	EXP 	slider_2: markerPos = 4.782552083333334
83.3193 	EXP 	slider_2: markerPos = 4.782552083333334
83.3360 	EXP 	slider_2: markerPos = 4.782552083333334
83.3378 	DATA 	Mouse:  Left button up, pos=(880,151)
83.3527 	EXP 	slider_2: markerPos = 4.782552083333334
83.3527 	EXP 	slider_2: rating = 4.782552083333334
83.3567 	EXP 	New trial (rep=0, index=5): OrderedDict([('Imagenes', 'imagenes\\Rosquitas (1).jpg'), ('Random', 0.3035383390851263), ('Correcto', None)])
83.3848 	EXP 	image_2: autoDraw = False
83.3848 	EXP 	slider_2: autoDraw = False
83.3848 	EXP 	image_2: image = 'imagenes\\Rosquitas (1).jpg'
83.3848 	EXP 	slider_2: markerPos = None
83.3848 	EXP 	slider_2: markerPos = None
83.3848 	EXP 	slider_2: rating = None
83.3848 	EXP 	image_2: autoDraw = True
83.3848 	EXP 	slider_2: autoDraw = True
83.4244 	DATA 	Mouse: Left button down, pos=(814,150)
83.4530 	EXP 	slider_2: markerPos = 4.216145833333333
83.4697 	EXP 	slider_2: markerPos = 4.06640625
83.4863 	EXP 	slider_2: markerPos = 3.936197916666667
83.5028 	EXP 	slider_2: markerPos = 3.83203125
83.5106 	DATA 	Mouse:  Left button up, pos=(721,136)
83.5195 	EXP 	slider_2: markerPos = 3.766927083333333
83.5364 	EXP 	slider_2: markerPos = 3.766927083333333
83.5364 	EXP 	slider_2: rating = 3.766927083333333
83.5403 	EXP 	New trial (rep=0, index=6): OrderedDict([('Imagenes', 'imagenes\\Papas-limon.jpg'), ('Random', 0.020692288100133793), ('Correcto', None)])
83.5580 	EXP 	image_2: autoDraw = False
83.5580 	EXP 	slider_2: autoDraw = False
83.5580 	EXP 	image_2: image = 'imagenes\\Papas-limon.jpg'
83.5580 	EXP 	slider_2: markerPos = None
83.5580 	EXP 	slider_2: markerPos = None
83.5580 	EXP 	slider_2: rating = None
83.5580 	EXP 	image_2: autoDraw = True
83.5580 	EXP 	slider_2: autoDraw = True
83.5746 	DATA 	Mouse: Left button down, pos=(689,136)
83.6032 	EXP 	slider_2: markerPos = 3.4544270833333335
83.6194 	EXP 	slider_2: markerPos = 3.3697916666666665
83.6363 	EXP 	slider_2: markerPos = 3.2916666666666665
83.6528 	EXP 	slider_2: markerPos = 3.2135416666666665
83.6694 	EXP 	slider_2: markerPos = 3.1223958333333335
83.6863 	EXP 	slider_2: markerPos = 3.0442708333333335
83.6884 	DATA 	Mouse:  Left button up, pos=(602,130)
83.7032 	EXP 	slider_2: markerPos = 3.0442708333333335
83.7032 	EXP 	slider_2: rating = 3.0442708333333335
83.7073 	EXP 	New trial (rep=0, index=7): OrderedDict([('Imagenes', 'imagenes\\Nutella (1).jpg'), ('Random', 0.5277483225747329), ('Correcto', None)])
83.7246 	DATA 	Mouse: Left button down, pos=(586,133)
83.7267 	EXP 	image_2: autoDraw = False
83.7267 	EXP 	slider_2: autoDraw = False
83.7267 	EXP 	image_2: image = 'imagenes\\Nutella (1).jpg'
83.7267 	EXP 	slider_2: markerPos = None
83.7267 	EXP 	slider_2: markerPos = None
83.7267 	EXP 	slider_2: rating = None
83.7267 	EXP 	image_2: autoDraw = True
83.7267 	EXP 	slider_2: autoDraw = True
83.7360 	EXP 	slider_2: markerPos = 2.848958333333333
83.7529 	EXP 	slider_2: markerPos = 2.8359375
83.7693 	EXP 	slider_2: markerPos = 2.796875
83.7867 	EXP 	slider_2: markerPos = 2.764322916666667
83.8029 	EXP 	slider_2: markerPos = 2.725260416666667
83.8195 	EXP 	slider_2: markerPos = 2.69921875
83.8221 	DATA 	Mouse:  Left button up, pos=(555,134)
83.8364 	EXP 	slider_2: markerPos = 2.69921875
83.8364 	EXP 	slider_2: rating = 2.69921875
83.8394 	EXP 	New trial (rep=0, index=8): OrderedDict([('Imagenes', 'imagenes\\bon-bon-bun.jpg'), ('Random', 0.7387922093313524), ('Correcto', None)])
83.8691 	EXP 	image_2: autoDraw = False
83.8691 	EXP 	slider_2: autoDraw = False
83.8691 	EXP 	image_2: image = 'imagenes\\bon-bon-bun.jpg'
83.8691 	EXP 	slider_2: markerPos = None
83.8691 	EXP 	slider_2: markerPos = None
83.8691 	EXP 	slider_2: rating = None
83.8691 	EXP 	image_2: autoDraw = True
83.8691 	EXP 	slider_2: autoDraw = True
83.8800 	DATA 	Mouse: Left button down, pos=(551,135)
83.9029 	EXP 	slider_2: markerPos = 2.640625
83.9196 	EXP 	slider_2: markerPos = 2.640625
83.9366 	EXP 	slider_2: markerPos = 2.640625
83.9528 	EXP 	slider_2: markerPos = 2.640625
83.9555 	DATA 	Mouse:  Left button up, pos=(553,136)
83.9694 	EXP 	slider_2: markerPos = 2.640625
83.9694 	EXP 	slider_2: rating = 2.640625
83.9733 	EXP 	New trial (rep=0, index=9): OrderedDict([('Imagenes', 'imagenes\\Popetas.jpg'), ('Random', 0.07650200324054446), ('Correcto', None)])
84.0195 	EXP 	image_2: autoDraw = False
84.0195 	EXP 	slider_2: autoDraw = False
84.0195 	EXP 	image_2: image = 'imagenes\\Popetas.jpg'
84.0195 	EXP 	slider_2: markerPos = None
84.0195 	EXP 	slider_2: markerPos = None
84.0195 	EXP 	slider_2: rating = None
84.0195 	EXP 	image_2: autoDraw = True
84.0195 	EXP 	slider_2: autoDraw = True
84.0301 	DATA 	Mouse: Left button down, pos=(595,147)
84.0532 	EXP 	slider_2: markerPos = 2.953125
84.0696 	EXP 	slider_2: markerPos = 3.0052083333333335
84.0866 	EXP 	slider_2: markerPos = 3.0572916666666665
84.1029 	EXP 	slider_2: markerPos = 3.1419270833333335
84.1194 	EXP 	slider_2: markerPos = 3.2395833333333335
84.1275 	DATA 	Mouse:  Left button up, pos=(671,147)
84.1361 	EXP 	slider_2: markerPos = 3.36328125
84.1532 	EXP 	slider_2: markerPos = 3.36328125
84.1532 	EXP 	slider_2: rating = 3.36328125
84.1571 	EXP 	New trial (rep=0, index=10): OrderedDict([('Imagenes', 'imagenes\\Papas-naturales.jpg'), ('Random', 0.15856838916280946), ('Correcto', None)])
84.1757 	EXP 	image_2: autoDraw = False
84.1757 	EXP 	slider_2: autoDraw = False
84.1757 	EXP 	image_2: image = 'imagenes\\Papas-naturales.jpg'
84.1757 	EXP 	slider_2: markerPos = None
84.1757 	EXP 	slider_2: markerPos = None
84.1757 	EXP 	slider_2: rating = None
84.1757 	EXP 	image_2: autoDraw = True
84.1757 	EXP 	slider_2: autoDraw = True
84.2050 	DATA 	Mouse: Left button down, pos=(738,148)
84.2195 	EXP 	slider_2: markerPos = 3.858072916666667
84.2364 	EXP 	slider_2: markerPos = 3.858072916666667
84.2527 	EXP 	slider_2: markerPos = 3.858072916666667
84.2694 	EXP 	slider_2: markerPos = 3.864583333333333
84.2765 	DATA 	Mouse:  Left button up, pos=(752,148)
84.2863 	EXP 	slider_2: markerPos = 3.897135416666667
84.3029 	EXP 	slider_2: markerPos = 3.897135416666667
84.3029 	EXP 	slider_2: rating = 3.897135416666667
84.3069 	EXP 	New trial (rep=0, index=11): OrderedDict([('Imagenes', 'imagenes\\Galletas-festival.jpg'), ('Random', 0.36121121246191135), ('Correcto', None)])
84.3360 	EXP 	image_2: autoDraw = False
84.3360 	EXP 	slider_2: autoDraw = False
84.3360 	EXP 	image_2: image = 'imagenes\\Galletas-festival.jpg'
84.3360 	EXP 	slider_2: markerPos = None
84.3360 	EXP 	slider_2: markerPos = None
84.3360 	EXP 	slider_2: rating = None
84.3360 	EXP 	image_2: autoDraw = True
84.3360 	EXP 	slider_2: autoDraw = True
84.3891 	DATA 	Mouse: Left button down, pos=(815,147)
84.4027 	EXP 	slider_2: markerPos = 4.359375
84.4194 	EXP 	slider_2: markerPos = 4.359375
84.4363 	EXP 	slider_2: markerPos = 4.359375
84.4392 	DATA 	Mouse:  Left button up, pos=(818,147)
84.4530 	EXP 	slider_2: markerPos = 4.359375
84.4530 	EXP 	slider_2: rating = 4.359375
84.4560 	EXP 	New trial (rep=0, index=12): OrderedDict([('Imagenes', 'imagenes\\Papas-pollo.jpg'), ('Random', 0.6683114062971784), ('Correcto', None)])
84.4728 	EXP 	image_2: autoDraw = False
84.4728 	EXP 	slider_2: autoDraw = False
84.4728 	EXP 	image_2: image = 'imagenes\\Papas-pollo.jpg'
84.4728 	EXP 	slider_2: markerPos = None
84.4728 	EXP 	slider_2: markerPos = None
84.4728 	EXP 	slider_2: rating = None
84.4728 	EXP 	image_2: autoDraw = True
84.4728 	EXP 	slider_2: autoDraw = True
84.5551 	DATA 	Mouse: Left button down, pos=(843,148)
84.5694 	EXP 	slider_2: markerPos = 4.541666666666667
84.5866 	EXP 	slider_2: markerPos = 4.541666666666667
84.6031 	EXP 	slider_2: markerPos = 4.53515625
84.6135 	DATA 	Mouse:  Left button up, pos=(828,151)
84.6196 	EXP 	slider_2: markerPos = 4.489583333333333
84.6361 	EXP 	slider_2: markerPos = 4.489583333333333
84.6361 	EXP 	slider_2: rating = 4.489583333333333
84.6396 	EXP 	New trial (rep=0, index=13): OrderedDict([('Imagenes', 'imagenes\\Leche-de-almendras.jpg'), ('Random', 0.36073876480313727), ('Correcto', None)])
84.7028 	DATA 	Mouse: Left button down, pos=(726,150)
84.7088 	EXP 	image_2: autoDraw = False
84.7088 	EXP 	slider_2: autoDraw = False
84.7088 	EXP 	image_2: image = 'imagenes\\Leche-de-almendras.jpg'
84.7088 	EXP 	slider_2: markerPos = None
84.7088 	EXP 	slider_2: markerPos = None
84.7088 	EXP 	slider_2: rating = None
84.7088 	EXP 	image_2: autoDraw = True
84.7088 	EXP 	slider_2: autoDraw = True
84.7088 	EXP 	slider_2: markerPos = 3.779947916666667
84.7154 	EXP 	slider_2: markerPos = 3.727864583333333
84.7231 	EXP 	slider_2: markerPos = 3.65625
84.7364 	EXP 	slider_2: markerPos = 3.6171875
84.7531 	EXP 	slider_2: markerPos = 3.51953125
84.7697 	EXP 	slider_2: markerPos = 3.44140625
84.7865 	EXP 	slider_2: markerPos = 3.3177083333333335
84.7892 	DATA 	Mouse:  Left button up, pos=(645,152)
84.8030 	EXP 	slider_2: markerPos = 3.3177083333333335
84.8030 	EXP 	slider_2: rating = 3.3177083333333335
84.8065 	EXP 	New trial (rep=0, index=14): OrderedDict([('Imagenes', 'imagenes\\Mango.jpeg'), ('Random', 0.555669112372461), ('Correcto', None)])
84.8338 	EXP 	image_2: autoDraw = False
84.8338 	EXP 	slider_2: autoDraw = False
84.8338 	EXP 	image_2: image = 'imagenes\\Mango.jpeg'
84.8338 	EXP 	slider_2: markerPos = None
84.8338 	EXP 	slider_2: markerPos = None
84.8338 	EXP 	slider_2: rating = None
84.8338 	EXP 	image_2: autoDraw = True
84.8338 	EXP 	slider_2: autoDraw = True
84.8369 	DATA 	Mouse: Left button down, pos=(576,157)
84.8426 	EXP 	slider_2: markerPos = 2.803385416666667
84.8525 	EXP 	slider_2: markerPos = 2.764322916666667
84.8697 	EXP 	slider_2: markerPos = 2.731770833333333
84.8864 	EXP 	slider_2: markerPos = 2.69921875
84.9029 	EXP 	slider_2: markerPos = 2.6796875
84.9195 	EXP 	slider_2: markerPos = 2.673177083333333
84.9298 	DATA 	Mouse:  Left button up, pos=(554,153)
84.9364 	EXP 	slider_2: markerPos = 2.666666666666667
84.9531 	EXP 	slider_2: markerPos = 2.666666666666667
84.9531 	EXP 	slider_2: rating = 2.666666666666667
84.9570 	EXP 	New trial (rep=0, index=15): OrderedDict([('Imagenes', 'imagenes\\Alpinito.jpg'), ('Random', 0.4515332417045813), ('Correcto', None)])
84.9980 	EXP 	image_2: autoDraw = False
84.9980 	EXP 	slider_2: autoDraw = False
84.9980 	EXP 	image_2: image = 'imagenes\\Alpinito.jpg'
84.9980 	EXP 	slider_2: markerPos = None
84.9980 	EXP 	slider_2: markerPos = None
84.9980 	EXP 	slider_2: rating = None
84.9980 	EXP 	image_2: autoDraw = True
84.9980 	EXP 	slider_2: autoDraw = True
85.0170 	DATA 	Mouse: Left button down, pos=(548,153)
85.0365 	EXP 	slider_2: markerPos = 2.62109375
85.0531 	EXP 	slider_2: markerPos = 2.614583333333333
85.0700 	EXP 	slider_2: markerPos = 2.608072916666667
85.0867 	EXP 	slider_2: markerPos = 2.608072916666667
85.0948 	DATA 	Mouse:  Left button up, pos=(546,153)
85.1028 	EXP 	slider_2: markerPos = 2.608072916666667
85.1193 	EXP 	slider_2: markerPos = 2.608072916666667
85.1193 	EXP 	slider_2: rating = 2.608072916666667
85.1229 	EXP 	New trial (rep=0, index=16): OrderedDict([('Imagenes', 'imagenes\\Galletas Tosh.jpg'), ('Random', 0.478088790487872), ('Correcto', None)])
85.1557 	EXP 	image_2: autoDraw = False
85.1557 	EXP 	slider_2: autoDraw = False
85.1557 	EXP 	image_2: image = 'imagenes\\Galletas Tosh.jpg'
85.1557 	EXP 	slider_2: markerPos = None
85.1557 	EXP 	slider_2: markerPos = None
85.1557 	EXP 	slider_2: rating = None
85.1557 	EXP 	image_2: autoDraw = True
85.1557 	EXP 	slider_2: autoDraw = True
85.1913 	DATA 	Mouse: Left button down, pos=(646,157)
85.2028 	EXP 	slider_2: markerPos = 3.2591145833333335
85.2195 	EXP 	slider_2: markerPos = 3.4479166666666665
85.2364 	EXP 	slider_2: markerPos = 3.630208333333333
85.2527 	EXP 	slider_2: markerPos = 3.766927083333333
85.2695 	EXP 	slider_2: markerPos = 3.916666666666667
85.2723 	DATA 	Mouse:  Left button up, pos=(764,155)
85.2863 	EXP 	slider_2: markerPos = 3.916666666666667
85.2863 	EXP 	slider_2: rating = 3.916666666666667
85.2896 	EXP 	New trial (rep=0, index=17): OrderedDict([('Imagenes', 'imagenes\\Manzana.jpg'), ('Random', 0.5168162194437935), ('Correcto', None)])
85.3257 	EXP 	image_2: autoDraw = False
85.3257 	EXP 	slider_2: autoDraw = False
85.3257 	EXP 	image_2: image = 'imagenes\\Manzana.jpg'
85.3257 	EXP 	slider_2: markerPos = None
85.3257 	EXP 	slider_2: markerPos = None
85.3257 	EXP 	slider_2: rating = None
85.3257 	EXP 	image_2: autoDraw = True
85.3257 	EXP 	slider_2: autoDraw = True
85.3550 	DATA 	Mouse: Left button down, pos=(835,164)
85.3697 	EXP 	slider_2: markerPos = 4.489583333333333
85.3865 	EXP 	slider_2: markerPos = 4.489583333333333
85.4032 	EXP 	slider_2: markerPos = 4.489583333333333
85.4199 	EXP 	slider_2: markerPos = 4.489583333333333
85.4362 	EXP 	slider_2: markerPos = 4.489583333333333
85.4380 	DATA 	Mouse:  Left button up, pos=(835,164)
85.4527 	EXP 	slider_2: markerPos = 4.489583333333333
85.4527 	EXP 	slider_2: rating = 4.489583333333333
85.4565 	EXP 	New trial (rep=0, index=18): OrderedDict([('Imagenes', 'imagenes\\Chocoramo.jfif.jpg'), ('Random', 0.7789437122019539), ('Correcto', None)])
85.4931 	EXP 	image_2: autoDraw = False
85.4931 	EXP 	slider_2: autoDraw = False
85.4931 	EXP 	image_2: image = 'imagenes\\Chocoramo.jfif.jpg'
85.4931 	EXP 	slider_2: markerPos = None
85.4931 	EXP 	slider_2: markerPos = None
85.4931 	EXP 	slider_2: rating = None
85.4931 	EXP 	image_2: autoDraw = True
85.4931 	EXP 	slider_2: autoDraw = True
85.5385 	DATA 	Mouse: Left button down, pos=(766,167)
85.5527 	EXP 	slider_2: markerPos = 3.942708333333333
85.5696 	EXP 	slider_2: markerPos = 3.766927083333333
85.5864 	EXP 	slider_2: markerPos = 3.591145833333333
85.5970 	DATA 	Mouse:  Left button up, pos=(650,167)
85.6028 	EXP 	slider_2: markerPos = 3.4348958333333335
85.6195 	EXP 	slider_2: markerPos = 3.4348958333333335
85.6195 	EXP 	slider_2: rating = 3.4348958333333335
85.6235 	EXP 	New trial (rep=0, index=19): OrderedDict([('Imagenes', 'imagenes\\Uvas.jpg'), ('Random', 0.7734382152670648), ('Correcto', None)])
85.6579 	EXP 	image_2: autoDraw = False
85.6579 	EXP 	slider_2: autoDraw = False
85.6579 	EXP 	image_2: image = 'imagenes\\Uvas.jpg'
85.6579 	EXP 	slider_2: markerPos = None
85.6579 	EXP 	slider_2: markerPos = None
85.6579 	EXP 	slider_2: rating = None
85.6579 	EXP 	image_2: autoDraw = True
85.6579 	EXP 	slider_2: autoDraw = True
85.6885 	DATA 	Mouse: Left button down, pos=(603,167)
85.7027 	EXP 	slider_2: markerPos = 2.9466145833333335
85.7193 	EXP 	slider_2: markerPos = 2.9140625
85.7366 	EXP 	slider_2: markerPos = 2.8880208333333335
85.7469 	DATA 	Mouse:  Left button up, pos=(583,162)
85.7527 	EXP 	slider_2: markerPos = 2.85546875
85.7694 	EXP 	slider_2: markerPos = 2.85546875
85.7694 	EXP 	slider_2: rating = 2.85546875
85.7735 	EXP 	New trial (rep=0, index=2): OrderedDict([('Hertz', 1500), ('volumen', 0.02)])
85.7847 	EXP 	Imported imagenes.xlsx as conditions, 20 conditions, 3 params
85.7852 	EXP 	Created sequence: random, trialTypes=20, nReps=1, seed=None
85.7857 	EXP 	New trial (rep=0, index=0): OrderedDict([('Imagenes', 'imagenes\\Popetas.jpg'), ('Random', 0.07650200324054446), ('Correcto', None)])
85.8326 	EXP 	image_2: autoDraw = False
85.8326 	EXP 	slider_2: autoDraw = False
85.8326 	EXP 	image_2: image = 'imagenes\\Popetas.jpg'
85.8326 	EXP 	slider_2: markerPos = None
85.8326 	EXP 	slider_2: markerPos = None
85.8326 	EXP 	slider_2: rating = None
85.8326 	EXP 	image_2: autoDraw = True
85.8326 	EXP 	slider_2: autoDraw = True
85.8535 	DATA 	Mouse: Left button down, pos=(587,161)
85.8693 	EXP 	slider_2: markerPos = 2.875
85.8867 	EXP 	slider_2: markerPos = 2.9401041666666665
85.9029 	EXP 	slider_2: markerPos = 3.1223958333333335
85.9197 	EXP 	slider_2: markerPos = 3.3046875
85.9366 	EXP 	slider_2: markerPos = 3.4934895833333335
85.9533 	EXP 	slider_2: markerPos = 3.779947916666667
85.9557 	DATA 	Mouse:  Left button up, pos=(761,160)
85.9696 	EXP 	slider_2: markerPos = 3.779947916666667
85.9696 	EXP 	slider_2: rating = 3.779947916666667
85.9741 	EXP 	New trial (rep=0, index=1): OrderedDict([('Imagenes', 'imagenes\\Uvas.jpg'), ('Random', 0.7734382152670648), ('Correcto', None)])
85.9964 	EXP 	image_2: autoDraw = False
85.9964 	EXP 	slider_2: autoDraw = False
85.9964 	EXP 	image_2: image = 'imagenes\\Uvas.jpg'
85.9964 	EXP 	slider_2: markerPos = None
85.9964 	EXP 	slider_2: markerPos = None
85.9964 	EXP 	slider_2: rating = None
85.9964 	EXP 	image_2: autoDraw = True
85.9964 	EXP 	slider_2: autoDraw = True
86.0036 	DATA 	Mouse: Left button down, pos=(803,160)
86.0192 	EXP 	slider_2: markerPos = 4.28125
86.0360 	EXP 	slider_2: markerPos = 4.28125
86.0531 	EXP 	slider_2: markerPos = 4.28125
86.0695 	EXP 	slider_2: markerPos = 4.28125
86.0862 	EXP 	slider_2: markerPos = 4.28125
86.0880 	DATA 	Mouse:  Left button up, pos=(803,160)
86.1027 	EXP 	slider_2: markerPos = 4.28125
86.1027 	EXP 	slider_2: rating = 4.28125
86.1063 	EXP 	New trial (rep=0, index=2): OrderedDict([('Imagenes', 'imagenes\\Chocoramo.jfif.jpg'), ('Random', 0.7789437122019539), ('Correcto', None)])
86.1433 	EXP 	image_2: autoDraw = False
86.1433 	EXP 	slider_2: autoDraw = False
86.1433 	EXP 	image_2: image = 'imagenes\\Chocoramo.jfif.jpg'
86.1433 	EXP 	slider_2: markerPos = None
86.1433 	EXP 	slider_2: markerPos = None
86.1433 	EXP 	slider_2: rating = None
86.1433 	EXP 	image_2: autoDraw = True
86.1433 	EXP 	slider_2: autoDraw = True
86.1887 	DATA 	Mouse: Left button down, pos=(670,173)
86.2030 	EXP 	slider_2: markerPos = 3.34375
86.2194 	EXP 	slider_2: markerPos = 3.2786458333333335
86.2359 	EXP 	slider_2: markerPos = 3.2330729166666665
86.2529 	EXP 	slider_2: markerPos = 3.2200520833333335
86.2693 	EXP 	slider_2: markerPos = 3.1809895833333335
86.2861 	EXP 	slider_2: markerPos = 3.12890625
86.3031 	EXP 	slider_2: markerPos = 3.0768229166666665
86.3194 	EXP 	slider_2: markerPos = 3.03125
86.3367 	EXP 	slider_2: markerPos = 3.01171875
86.3529 	EXP 	slider_2: markerPos = 3.0052083333333335
86.3697 	EXP 	slider_2: markerPos = 3.0052083333333335
86.3866 	EXP 	slider_2: markerPos = 3.0052083333333335
86.4028 	EXP 	slider_2: markerPos = 3.0052083333333335
86.4194 	EXP 	slider_2: markerPos = 3.0572916666666665
86.4214 	DATA 	Mouse:  Left button up, pos=(635,173)
86.4363 	EXP 	slider_2: markerPos = 3.0572916666666665
86.4363 	EXP 	slider_2: rating = 3.0572916666666665
86.4396 	EXP 	New trial (rep=0, index=3): OrderedDict([('Imagenes', 'imagenes\\Papas-naturales.jpg'), ('Random', 0.15856838916280946), ('Correcto', None)])
86.4592 	EXP 	image_2: autoDraw = False
86.4592 	EXP 	slider_2: autoDraw = False
86.4592 	EXP 	image_2: image = 'imagenes\\Papas-naturales.jpg'
86.4592 	EXP 	slider_2: markerPos = None
86.4592 	EXP 	slider_2: markerPos = None
86.4592 	EXP 	slider_2: rating = None
86.4592 	EXP 	image_2: autoDraw = True
86.4592 	EXP 	slider_2: autoDraw = True
86.5213 	DATA 	Mouse: Left button down, pos=(743,172)
86.5360 	EXP 	slider_2: markerPos = 3.890625
86.5529 	EXP 	slider_2: markerPos = 3.890625
86.5694 	EXP 	slider_2: markerPos = 3.890625
86.5863 	EXP 	slider_2: markerPos = 3.897135416666667
86.6027 	EXP 	slider_2: markerPos = 3.962239583333333
86.6045 	DATA 	Mouse:  Left button up, pos=(768,167)
86.6194 	EXP 	slider_2: markerPos = 3.962239583333333
86.6194 	EXP 	slider_2: rating = 3.962239583333333
86.6234 	EXP 	New trial (rep=0, index=4): OrderedDict([('Imagenes', 'imagenes\\Croissant.jpg'), ('Random', 0.6152458173421255), ('Correcto', None)])
86.6577 	EXP 	image_2: autoDraw = False
86.6577 	EXP 	slider_2: autoDraw = False
86.6577 	EXP 	image_2: image = 'imagenes\\Croissant.jpg'
86.6577 	EXP 	slider_2: markerPos = None
86.6577 	EXP 	slider_2: markerPos = None
86.6577 	EXP 	slider_2: rating = None
86.6577 	EXP 	image_2: autoDraw = True
86.6577 	EXP 	slider_2: autoDraw = True
86.6789 	DATA 	Mouse: Left button down, pos=(825,164)
86.7026 	EXP 	slider_2: markerPos = 4.424479166666667
86.7196 	EXP 	slider_2: markerPos = 4.404947916666667
86.7364 	EXP 	slider_2: markerPos = 4.33984375
86.7529 	EXP 	slider_2: markerPos = 4.18359375
86.7699 	EXP 	slider_2: markerPos = 3.884114583333333
86.7862 	EXP 	slider_2: markerPos = 3.55859375
86.8027 	EXP 	slider_2: markerPos = 3.2591145833333335
86.8054 	DATA 	Mouse:  Left button up, pos=(628,185)
86.8194 	EXP 	slider_2: markerPos = 3.2591145833333335
86.8194 	EXP 	slider_2: rating = 3.2591145833333335
86.8229 	EXP 	New trial (rep=0, index=5): OrderedDict([('Imagenes', 'imagenes\\bon-bon-bun.jpg'), ('Random', 0.7387922093313524), ('Correcto', None)])
86.8537 	DATA 	Mouse: Left button down, pos=(618,185)
86.8579 	EXP 	image_2: autoDraw = False
86.8579 	EXP 	slider_2: autoDraw = False
86.8579 	EXP 	image_2: image = 'imagenes\\bon-bon-bun.jpg'
86.8579 	EXP 	slider_2: markerPos = None
86.8579 	EXP 	slider_2: markerPos = None
86.8579 	EXP 	slider_2: rating = None
86.8579 	EXP 	image_2: autoDraw = True
86.8579 	EXP 	slider_2: autoDraw = True
86.9389 	DATA 	Mouse:  Left button up, pos=(618,185)
87.0276 	DATA 	Mouse: Left button down, pos=(670,177)
87.0957 	DATA 	Mouse:  Left button up, pos=(692,173)
87.1025 	EXP 	slider_2: markerPos = 3.51953125
87.1191 	EXP 	slider_2: markerPos = 3.51953125
87.1191 	EXP 	slider_2: rating = 3.51953125
87.1221 	EXP 	New trial (rep=0, index=6): OrderedDict([('Imagenes', 'imagenes\\Manzana.jpg'), ('Random', 0.5168162194437935), ('Correcto', None)])
87.1592 	EXP 	image_2: autoDraw = False
87.1592 	EXP 	slider_2: autoDraw = False
87.1592 	EXP 	image_2: image = 'imagenes\\Manzana.jpg'
87.1592 	EXP 	slider_2: markerPos = None
87.1592 	EXP 	slider_2: markerPos = None
87.1592 	EXP 	slider_2: rating = None
87.1592 	EXP 	image_2: autoDraw = True
87.1592 	EXP 	slider_2: autoDraw = True
87.1922 	DATA 	Mouse: Left button down, pos=(746,173)
87.2193 	EXP 	slider_2: markerPos = 3.91015625
87.2365 	EXP 	slider_2: markerPos = 3.864583333333333
87.2527 	EXP 	slider_2: markerPos = 3.760416666666667
87.2696 	EXP 	slider_2: markerPos = 3.649739583333333
87.2864 	EXP 	slider_2: markerPos = 3.526041666666667
87.3031 	EXP 	slider_2: markerPos = 3.421875
87.3102 	DATA 	Mouse:  Left button up, pos=(653,173)
87.3194 	EXP 	slider_2: markerPos = 3.3372395833333335
87.3364 	EXP 	slider_2: markerPos = 3.3372395833333335
87.3364 	EXP 	slider_2: rating = 3.3372395833333335
87.3398 	EXP 	New trial (rep=0, index=7): OrderedDict([('Imagenes', 'imagenes\\Alpinito.jpg'), ('Random', 0.4515332417045813), ('Correcto', None)])
87.3792 	DATA 	Mouse: Left button down, pos=(634,171)
87.3839 	EXP 	image_2: autoDraw = False
87.3839 	EXP 	slider_2: autoDraw = False
87.3839 	EXP 	image_2: image = 'imagenes\\Alpinito.jpg'
87.3839 	EXP 	slider_2: markerPos = None
87.3839 	EXP 	slider_2: markerPos = None
87.3839 	EXP 	slider_2: rating = None
87.3839 	EXP 	image_2: autoDraw = True
87.3839 	EXP 	slider_2: autoDraw = True
87.3839 	EXP 	slider_2: markerPos = 3.1809895833333335
87.3896 	EXP 	slider_2: markerPos = 3.1809895833333335
87.3948 	EXP 	slider_2: markerPos = 3.1809895833333335
87.4029 	EXP 	slider_2: markerPos = 3.1809895833333335
87.4194 	EXP 	slider_2: markerPos = 3.1809895833333335
87.4363 	EXP 	slider_2: markerPos = 3.1809895833333335
87.4529 	EXP 	slider_2: markerPos = 3.1809895833333335
87.4594 	DATA 	Mouse:  Left button up, pos=(645,167)
87.4694 	EXP 	slider_2: markerPos = 3.20703125
87.4863 	EXP 	slider_2: markerPos = 3.20703125
87.4863 	EXP 	slider_2: rating = 3.20703125
87.4896 	EXP 	New trial (rep=0, index=8): OrderedDict([('Imagenes', 'imagenes\\Galletas Tosh.jpg'), ('Random', 0.478088790487872), ('Correcto', None)])
87.5263 	EXP 	image_2: autoDraw = False
87.5263 	EXP 	slider_2: autoDraw = False
87.5263 	EXP 	image_2: image = 'imagenes\\Galletas Tosh.jpg'
87.5263 	EXP 	slider_2: markerPos = None
87.5263 	EXP 	slider_2: markerPos = None
87.5263 	EXP 	slider_2: rating = None
87.5263 	EXP 	image_2: autoDraw = True
87.5263 	EXP 	slider_2: autoDraw = True
87.5720 	DATA 	Mouse: Left button down, pos=(766,156)
87.5861 	EXP 	slider_2: markerPos = 4.053385416666667
87.6027 	EXP 	slider_2: markerPos = 4.053385416666667
87.6195 	EXP 	slider_2: markerPos = 4.053385416666667
87.6363 	EXP 	slider_2: markerPos = 4.053385416666667
87.6381 	DATA 	Mouse:  Left button up, pos=(772,156)
87.6529 	EXP 	slider_2: markerPos = 4.053385416666667
87.6529 	EXP 	slider_2: rating = 4.053385416666667
87.6559 	EXP 	New trial (rep=0, index=9): OrderedDict([('Imagenes', 'imagenes\\Yogurt-alpina.jpg'), ('Random', 0.21540995091807813), ('Correcto', None)])
87.6778 	EXP 	image_2: autoDraw = False
87.6778 	EXP 	slider_2: autoDraw = False
87.6778 	EXP 	image_2: image = 'imagenes\\Yogurt-alpina.jpg'
87.6778 	EXP 	slider_2: markerPos = None
87.6778 	EXP 	slider_2: markerPos = None
87.6778 	EXP 	slider_2: rating = None
87.6778 	EXP 	image_2: autoDraw = True
87.6778 	EXP 	slider_2: autoDraw = True
87.7462 	DATA 	Mouse: Left button down, pos=(705,164)
87.7697 	EXP 	slider_2: markerPos = 3.506510416666667
87.7863 	EXP 	slider_2: markerPos = 3.0833333333333335
87.8028 	EXP 	slider_2: markerPos = 2.9205729166666665
87.8194 	EXP 	slider_2: markerPos = 2.81640625
87.8364 	EXP 	slider_2: markerPos = 2.790364583333333
87.8449 	DATA 	Mouse:  Left button up, pos=(573,171)
87.8529 	EXP 	slider_2: markerPos = 2.783854166666667
87.8693 	EXP 	slider_2: markerPos = 2.783854166666667
87.8693 	EXP 	slider_2: rating = 2.783854166666667
87.8734 	EXP 	New trial (rep=0, index=10): OrderedDict([('Imagenes', 'imagenes\\Kiwi.jpg'), ('Random', 0.5893907384852061), ('Correcto', None)])
87.8867 	EXP 	image_2: autoDraw = False
87.8867 	EXP 	slider_2: autoDraw = False
87.8867 	EXP 	image_2: image = 'imagenes\\Kiwi.jpg'
87.8867 	EXP 	slider_2: markerPos = None
87.8867 	EXP 	slider_2: markerPos = None
87.8867 	EXP 	slider_2: rating = None
87.8867 	EXP 	image_2: autoDraw = True
87.8867 	EXP 	slider_2: autoDraw = True
87.9045 	DATA 	Mouse: Left button down, pos=(572,171)
87.9194 	EXP 	slider_2: markerPos = 2.77734375
87.9363 	EXP 	slider_2: markerPos = 2.770833333333333
87.9527 	EXP 	slider_2: markerPos = 2.770833333333333
87.9692 	EXP 	slider_2: markerPos = 2.770833333333333
87.9862 	EXP 	slider_2: markerPos = 2.770833333333333
87.9882 	DATA 	Mouse:  Left button up, pos=(571,171)
88.0025 	EXP 	slider_2: markerPos = 2.770833333333333
88.0025 	EXP 	slider_2: rating = 2.770833333333333
88.0066 	EXP 	New trial (rep=0, index=11): OrderedDict([('Imagenes', 'imagenes\\Brownie.jpg'), ('Random', 0.17000143351927688), ('Correcto', None)])
88.0478 	EXP 	image_2: autoDraw = False
88.0478 	EXP 	slider_2: autoDraw = False
88.0478 	EXP 	image_2: image = 'imagenes\\Brownie.jpg'
88.0478 	EXP 	slider_2: markerPos = None
88.0478 	EXP 	slider_2: markerPos = None
88.0478 	EXP 	slider_2: rating = None
88.0478 	EXP 	image_2: autoDraw = True
88.0478 	EXP 	slider_2: autoDraw = True
88.0722 	DATA 	Mouse: Left button down, pos=(557,168)
88.0860 	EXP 	slider_2: markerPos = 2.673177083333333
88.1030 	EXP 	slider_2: markerPos = 2.673177083333333
88.1191 	EXP 	slider_2: markerPos = 2.673177083333333
88.1358 	EXP 	slider_2: markerPos = 2.673177083333333
88.1525 	EXP 	slider_2: markerPos = 2.673177083333333
88.1550 	DATA 	Mouse:  Left button up, pos=(556,168)
88.1694 	EXP 	slider_2: markerPos = 2.673177083333333
88.1694 	EXP 	slider_2: rating = 2.673177083333333
88.1734 	EXP 	New trial (rep=0, index=12): OrderedDict([('Imagenes', 'imagenes\\Rosquitas (1).jpg'), ('Random', 0.3035383390851263), ('Correcto', None)])
88.2023 	EXP 	image_2: autoDraw = False
88.2023 	EXP 	slider_2: autoDraw = False
88.2023 	EXP 	image_2: image = 'imagenes\\Rosquitas (1).jpg'
88.2023 	EXP 	slider_2: markerPos = None
88.2023 	EXP 	slider_2: markerPos = None
88.2023 	EXP 	slider_2: rating = None
88.2023 	EXP 	image_2: autoDraw = True
88.2023 	EXP 	slider_2: autoDraw = True
88.2581 	DATA 	Mouse: Left button down, pos=(719,159)
88.2694 	EXP 	slider_2: markerPos = 3.734375
88.2860 	EXP 	slider_2: markerPos = 3.838541666666667
88.3028 	EXP 	slider_2: markerPos = 3.890625
88.3194 	EXP 	slider_2: markerPos = 3.923177083333333
88.3231 	DATA 	Mouse:  Left button up, pos=(760,159)
88.3363 	EXP 	slider_2: markerPos = 3.923177083333333
88.3363 	EXP 	slider_2: rating = 3.923177083333333
88.3399 	EXP 	New trial (rep=0, index=13): OrderedDict([('Imagenes', 'imagenes\\Nutella (1).jpg'), ('Random', 0.5277483225747329), ('Correcto', None)])
88.3583 	EXP 	image_2: autoDraw = False
88.3583 	EXP 	slider_2: autoDraw = False
88.3583 	EXP 	image_2: image = 'imagenes\\Nutella (1).jpg'
88.3583 	EXP 	slider_2: markerPos = None
88.3583 	EXP 	slider_2: markerPos = None
88.3583 	EXP 	slider_2: rating = None
88.3583 	EXP 	image_2: autoDraw = True
88.3583 	EXP 	slider_2: autoDraw = True
88.4145 	DATA 	Mouse: Left button down, pos=(799,160)
88.4364 	EXP 	slider_2: markerPos = 4.255208333333333
88.4529 	EXP 	slider_2: markerPos = 4.255208333333333
88.4697 	EXP 	slider_2: markerPos = 4.255208333333333
88.4861 	EXP 	slider_2: markerPos = 4.255208333333333
88.4920 	DATA 	Mouse:  Left button up, pos=(804,160)
88.5025 	EXP 	slider_2: markerPos = 4.268229166666667
88.5191 	EXP 	slider_2: markerPos = 4.268229166666667
88.5191 	EXP 	slider_2: rating = 4.268229166666667
88.5229 	EXP 	New trial (rep=0, index=14): OrderedDict([('Imagenes', 'imagenes\\Leche-de-almendras.jpg'), ('Random', 0.36073876480313727), ('Correcto', None)])
88.5954 	DATA 	Mouse: Left button down, pos=(816,160)
88.6021 	EXP 	image_2: autoDraw = False
88.6021 	EXP 	slider_2: autoDraw = False
88.6021 	EXP 	image_2: image = 'imagenes\\Leche-de-almendras.jpg'
88.6021 	EXP 	slider_2: markerPos = None
88.6021 	EXP 	slider_2: markerPos = None
88.6021 	EXP 	slider_2: rating = None
88.6021 	EXP 	image_2: autoDraw = True
88.6021 	EXP 	slider_2: autoDraw = True
88.6021 	EXP 	slider_2: markerPos = 4.333333333333333
88.6084 	EXP 	slider_2: markerPos = 4.274739583333333
88.6195 	EXP 	slider_2: markerPos = 4.209635416666667
88.6366 	EXP 	slider_2: markerPos = 4.131510416666667
88.6533 	EXP 	slider_2: markerPos = 3.799479166666667
88.6698 	EXP 	slider_2: markerPos = 3.506510416666667
88.6721 	DATA 	Mouse:  Left button up, pos=(639,168)
88.6865 	EXP 	slider_2: markerPos = 3.506510416666667
88.6865 	EXP 	slider_2: rating = 3.506510416666667
88.6903 	EXP 	New trial (rep=0, index=15): OrderedDict([('Imagenes', 'imagenes\\Galletas-festival.jpg'), ('Random', 0.36121121246191135), ('Correcto', None)])
88.7221 	EXP 	image_2: autoDraw = False
88.7221 	EXP 	slider_2: autoDraw = False
88.7221 	EXP 	image_2: image = 'imagenes\\Galletas-festival.jpg'
88.7221 	EXP 	slider_2: markerPos = None
88.7221 	EXP 	slider_2: markerPos = None
88.7221 	EXP 	slider_2: rating = None
88.7221 	EXP 	image_2: autoDraw = True
88.7221 	EXP 	slider_2: autoDraw = True
88.7350 	DATA 	Mouse: Left button down, pos=(594,168)
88.7529 	EXP 	slider_2: markerPos = 2.9205729166666665
88.7693 	EXP 	slider_2: markerPos = 2.9010416666666665
88.7860 	EXP 	slider_2: markerPos = 2.8880208333333335
88.8026 	EXP 	slider_2: markerPos = 2.868489583333333
88.8193 	EXP 	slider_2: markerPos = 2.85546875
88.8210 	DATA 	Mouse:  Left button up, pos=(581,162)
88.8363 	EXP 	slider_2: markerPos = 2.85546875
88.8363 	EXP 	slider_2: rating = 2.85546875
88.8396 	EXP 	New trial (rep=0, index=16): OrderedDict([('Imagenes', 'imagenes\\Papas-limon.jpg'), ('Random', 0.020692288100133793), ('Correcto', None)])
88.8570 	EXP 	image_2: autoDraw = False
88.8570 	EXP 	slider_2: autoDraw = False
88.8570 	EXP 	image_2: image = 'imagenes\\Papas-limon.jpg'
88.8570 	EXP 	slider_2: markerPos = None
88.8570 	EXP 	slider_2: markerPos = None
88.8570 	EXP 	slider_2: rating = None
88.8570 	EXP 	image_2: autoDraw = True
88.8570 	EXP 	slider_2: autoDraw = True
88.9050 	DATA 	Mouse: Left button down, pos=(565,160)
88.9196 	EXP 	slider_2: markerPos = 2.731770833333333
88.9364 	EXP 	slider_2: markerPos = 2.725260416666667
88.9528 	EXP 	slider_2: markerPos = 2.725260416666667
88.9693 	EXP 	slider_2: markerPos = 2.725260416666667
88.9720 	DATA 	Mouse:  Left button up, pos=(563,159)
88.9860 	EXP 	slider_2: markerPos = 2.725260416666667
88.9860 	EXP 	slider_2: rating = 2.725260416666667
88.9896 	EXP 	New trial (rep=0, index=17): OrderedDict([('Imagenes', 'imagenes\\Mango.jpeg'), ('Random', 0.555669112372461), ('Correcto', None)])
89.0155 	EXP 	image_2: autoDraw = False
89.0155 	EXP 	slider_2: autoDraw = False
89.0155 	EXP 	image_2: image = 'imagenes\\Mango.jpeg'
89.0155 	EXP 	slider_2: markerPos = None
89.0155 	EXP 	slider_2: markerPos = None
89.0155 	EXP 	slider_2: rating = None
89.0155 	EXP 	image_2: autoDraw = True
89.0155 	EXP 	slider_2: autoDraw = True
89.0729 	DATA 	Mouse: Left button down, pos=(608,157)
89.0861 	EXP 	slider_2: markerPos = 3.0572916666666665
89.1029 	EXP 	slider_2: markerPos = 3.1809895833333335
89.1196 	EXP 	slider_2: markerPos = 3.28515625
89.1359 	EXP 	slider_2: markerPos = 3.4348958333333335
89.1443 	DATA 	Mouse:  Left button up, pos=(706,151)
89.1524 	EXP 	slider_2: markerPos = 3.578125
89.1693 	EXP 	slider_2: markerPos = 3.578125
89.1693 	EXP 	slider_2: rating = 3.578125
89.1722 	EXP 	New trial (rep=0, index=18): OrderedDict([('Imagenes', 'imagenes\\Banano.jpeg'), ('Random', 0.651633055306917), ('Correcto', None)])
89.1954 	EXP 	image_2: autoDraw = False
89.1954 	EXP 	slider_2: autoDraw = False
89.1954 	EXP 	image_2: image = 'imagenes\\Banano.jpeg'
89.1954 	EXP 	slider_2: markerPos = None
89.1954 	EXP 	slider_2: markerPos = None
89.1954 	EXP 	slider_2: rating = None
89.1954 	EXP 	image_2: autoDraw = True
89.1954 	EXP 	slider_2: autoDraw = True
89.1985 	DATA 	Mouse: Left button down, pos=(747,151)
89.2040 	EXP 	slider_2: markerPos = 3.916666666666667
89.2191 	EXP 	slider_2: markerPos = 3.916666666666667
89.2363 	EXP 	slider_2: markerPos = 3.916666666666667
89.2526 	EXP 	slider_2: markerPos = 3.916666666666667
89.2691 	EXP 	slider_2: markerPos = 3.916666666666667
89.2858 	EXP 	slider_2: markerPos = 3.9296875
89.3024 	EXP 	slider_2: markerPos = 3.994791666666667
89.3044 	DATA 	Mouse:  Left button up, pos=(768,149)
89.3192 	EXP 	slider_2: markerPos = 3.994791666666667
89.3192 	EXP 	slider_2: rating = 3.994791666666667
89.3223 	EXP 	New trial (rep=0, index=19): OrderedDict([('Imagenes', 'imagenes\\Papas-pollo.jpg'), ('Random', 0.6683114062971784), ('Correcto', None)])
89.3395 	EXP 	image_2: autoDraw = False
89.3395 	EXP 	slider_2: autoDraw = False
89.3395 	EXP 	image_2: image = 'imagenes\\Papas-pollo.jpg'
89.3395 	EXP 	slider_2: markerPos = None
89.3395 	EXP 	slider_2: markerPos = None
89.3395 	EXP 	slider_2: rating = None
89.3395 	EXP 	image_2: autoDraw = True
89.3395 	EXP 	slider_2: autoDraw = True
89.3734 	DATA 	Mouse: Left button down, pos=(800,149)
89.3859 	EXP 	slider_2: markerPos = 4.26171875
89.4025 	EXP 	slider_2: markerPos = 4.26171875
89.4192 	EXP 	slider_2: markerPos = 4.26171875
89.4363 	EXP 	slider_2: markerPos = 4.287760416666667
89.4525 	EXP 	slider_2: markerPos = 4.346354166666667
89.4555 	DATA 	Mouse:  Left button up, pos=(824,149)
89.4692 	EXP 	slider_2: markerPos = 4.346354166666667
89.4692 	EXP 	slider_2: rating = 4.346354166666667
89.4723 	EXP 	New trial (rep=0, index=3): OrderedDict([('Hertz', 400), ('volumen', 0.02)])
89.4837 	EXP 	Imported imagenes.xlsx as conditions, 20 conditions, 3 params
89.4842 	EXP 	Created sequence: random, trialTypes=20, nReps=1, seed=None
89.4847 	EXP 	New trial (rep=0, index=0): OrderedDict([('Imagenes', 'imagenes\\Leche-de-almendras.jpg'), ('Random', 0.36073876480313727), ('Correcto', None)])
89.5471 	DATA 	Mouse: Left button down, pos=(854,152)
89.5545 	EXP 	image_2: autoDraw = False
89.5545 	EXP 	slider_2: autoDraw = False
89.5545 	EXP 	image_2: image = 'imagenes\\Leche-de-almendras.jpg'
89.5545 	EXP 	slider_2: markerPos = None
89.5545 	EXP 	slider_2: markerPos = None
89.5545 	EXP 	slider_2: rating = None
89.5545 	EXP 	image_2: autoDraw = True
89.5545 	EXP 	slider_2: autoDraw = True
89.5545 	EXP 	slider_2: markerPos = 4.61328125
89.5623 	EXP 	slider_2: markerPos = 4.61328125
89.5694 	EXP 	slider_2: markerPos = 4.61328125
89.5865 	EXP 	slider_2: markerPos = 4.61328125
89.6030 	EXP 	slider_2: markerPos = 4.61328125
89.6054 	DATA 	Mouse:  Left button up, pos=(856,152)
89.6196 	EXP 	slider_2: markerPos = 4.61328125
89.6196 	EXP 	slider_2: rating = 4.61328125
89.6242 	EXP 	New trial (rep=0, index=1): OrderedDict([('Imagenes', 'imagenes\\Manzana.jpg'), ('Random', 0.5168162194437935), ('Correcto', None)])
89.6584 	EXP 	image_2: autoDraw = False
89.6584 	EXP 	slider_2: autoDraw = False
89.6584 	EXP 	image_2: image = 'imagenes\\Manzana.jpg'
89.6584 	EXP 	slider_2: markerPos = None
89.6584 	EXP 	slider_2: markerPos = None
89.6584 	EXP 	slider_2: rating = None
89.6584 	EXP 	image_2: autoDraw = True
89.6584 	EXP 	slider_2: autoDraw = True
89.7049 	DATA 	Mouse: Left button down, pos=(850,152)
89.7195 	EXP 	slider_2: markerPos = 4.587239583333333
89.7361 	EXP 	slider_2: markerPos = 4.45703125
89.7531 	EXP 	slider_2: markerPos = 4.138020833333333
89.7697 	EXP 	slider_2: markerPos = 3.825520833333333
89.7861 	EXP 	slider_2: markerPos = 3.591145833333333
89.8026 	EXP 	slider_2: markerPos = 3.421875
89.8197 	EXP 	slider_2: markerPos = 3.3111979166666665
89.8364 	EXP 	slider_2: markerPos = 3.2916666666666665
89.8526 	EXP 	slider_2: markerPos = 3.2786458333333335
89.8693 	EXP 	slider_2: markerPos = 3.2526041666666665
89.8862 	EXP 	slider_2: markerPos = 3.2200520833333335
89.9028 	EXP 	slider_2: markerPos = 3.1940104166666665
89.9195 	EXP 	slider_2: markerPos = 3.1614583333333335
89.9309 	DATA 	Mouse:  Left button up, pos=(622,150)
89.9362 	EXP 	slider_2: markerPos = 3.12890625
89.9528 	EXP 	slider_2: markerPos = 3.12890625
89.9528 	EXP 	slider_2: rating = 3.12890625
89.9566 	EXP 	New trial (rep=0, index=2): OrderedDict([('Imagenes', 'imagenes\\Yogurt-alpina.jpg'), ('Random', 0.21540995091807813), ('Correcto', None)])
89.9792 	EXP 	image_2: autoDraw = False
89.9792 	EXP 	slider_2: autoDraw = False
89.9792 	EXP 	image_2: image = 'imagenes\\Yogurt-alpina.jpg'
89.9792 	EXP 	slider_2: markerPos = None
89.9792 	EXP 	slider_2: markerPos = None
89.9792 	EXP 	slider_2: rating = None
89.9792 	EXP 	image_2: autoDraw = True
89.9792 	EXP 	slider_2: autoDraw = True
90.0439 	DATA 	Mouse: Left button down, pos=(601,149)
90.0692 	EXP 	slider_2: markerPos = 2.9596354166666665
90.0862 	EXP 	slider_2: markerPos = 2.953125
90.1027 	EXP 	slider_2: markerPos = 2.9401041666666665
90.1194 	EXP 	slider_2: markerPos = 2.9270833333333335
90.1293 	DATA 	Mouse:  Left button up, pos=(592,148)
90.1356 	EXP 	slider_2: markerPos = 2.9205729166666665
90.1524 	EXP 	slider_2: markerPos = 2.9205729166666665
90.1524 	EXP 	slider_2: rating = 2.9205729166666665
90.1564 	EXP 	New trial (rep=0, index=3): OrderedDict([('Imagenes', 'imagenes\\Kiwi.jpg'), ('Random', 0.5893907384852061), ('Correcto', None)])
90.1715 	EXP 	image_2: autoDraw = False
90.1715 	EXP 	slider_2: autoDraw = False
90.1715 	EXP 	image_2: image = 'imagenes\\Kiwi.jpg'
90.1715 	EXP 	slider_2: markerPos = None
90.1715 	EXP 	slider_2: markerPos = None
90.1715 	EXP 	slider_2: rating = None
90.1715 	EXP 	image_2: autoDraw = True
90.1715 	EXP 	slider_2: autoDraw = True
90.1768 	DATA 	Mouse: Left button down, pos=(588,148)
90.2027 	EXP 	slider_2: markerPos = 2.875
90.2193 	EXP 	slider_2: markerPos = 2.861979166666667
90.2365 	EXP 	slider_2: markerPos = 2.848958333333333
90.2526 	EXP 	slider_2: markerPos = 2.848958333333333
90.2694 	EXP 	slider_2: markerPos = 2.848958333333333
90.2779 	DATA 	Mouse:  Left button up, pos=(582,148)
90.2861 	EXP 	slider_2: markerPos = 2.848958333333333
90.3026 	EXP 	slider_2: markerPos = 2.848958333333333
90.3026 	EXP 	slider_2: rating = 2.848958333333333
90.3055 	EXP 	New trial (rep=0, index=4): OrderedDict([('Imagenes', 'imagenes\\Brownie.jpg'), ('Random', 0.17000143351927688), ('Correcto', None)])
90.3447 	EXP 	image_2: autoDraw = False
90.3447 	EXP 	slider_2: autoDraw = False
90.3447 	EXP 	image_2: image = 'imagenes\\Brownie.jpg'
90.3447 	EXP 	slider_2: markerPos = None
90.3447 	EXP 	slider_2: markerPos = None
90.3447 	EXP 	slider_2: rating = None
90.3447 	EXP 	image_2: autoDraw = True
90.3447 	EXP 	slider_2: autoDraw = True
90.3592 	DATA 	Mouse: Left button down, pos=(577,148)
90.3691 	EXP 	slider_2: markerPos = 2.809895833333333
90.3862 	EXP 	slider_2: markerPos = 2.809895833333333
90.4026 	EXP 	slider_2: markerPos = 2.809895833333333
90.4193 	EXP 	slider_2: markerPos = 2.809895833333333
90.4364 	EXP 	slider_2: markerPos = 2.81640625
90.4526 	EXP 	slider_2: markerPos = 2.8880208333333335
90.4611 	DATA 	Mouse:  Left button up, pos=(622,150)
90.4693 	EXP 	slider_2: markerPos = 3.0247395833333335
90.4861 	EXP 	slider_2: markerPos = 3.0247395833333335
90.4861 	EXP 	slider_2: rating = 3.0247395833333335
90.4898 	EXP 	New trial (rep=0, index=5): OrderedDict([('Imagenes', 'imagenes\\Chocoramo.jfif.jpg'), ('Random', 0.7789437122019539), ('Correcto', None)])
90.5192 	DATA 	Mouse: Left button down, pos=(701,153)
90.5241 	EXP 	image_2: autoDraw = False
90.5241 	EXP 	slider_2: autoDraw = False
90.5241 	EXP 	image_2: image = 'imagenes\\Chocoramo.jfif.jpg'
90.5241 	EXP 	slider_2: markerPos = None
90.5241 	EXP 	slider_2: markerPos = None
90.5241 	EXP 	slider_2: rating = None
90.5241 	EXP 	image_2: autoDraw = True
90.5241 	EXP 	slider_2: autoDraw = True
90.5241 	EXP 	slider_2: markerPos = 3.6171875
90.5311 	EXP 	slider_2: markerPos = 3.643229166666667
90.5373 	EXP 	slider_2: markerPos = 3.662760416666667
90.5526 	EXP 	slider_2: markerPos = 3.669270833333333
90.5694 	EXP 	slider_2: markerPos = 3.67578125
90.5862 	EXP 	slider_2: markerPos = 3.67578125
90.6025 	EXP 	slider_2: markerPos = 3.67578125
90.6193 	EXP 	slider_2: markerPos = 3.71484375
90.6361 	EXP 	slider_2: markerPos = 3.779947916666667
90.6384 	DATA 	Mouse:  Left button up, pos=(737,153)
90.6526 	EXP 	slider_2: markerPos = 3.779947916666667
90.6526 	EXP 	slider_2: rating = 3.779947916666667
90.6556 	EXP 	New trial (rep=0, index=6): OrderedDict([('Imagenes', 'imagenes\\Papas-naturales.jpg'), ('Random', 0.15856838916280946), ('Correcto', None)])
90.6757 	EXP 	image_2: autoDraw = False
90.6757 	EXP 	slider_2: autoDraw = False
90.6757 	EXP 	image_2: image = 'imagenes\\Papas-naturales.jpg'
90.6757 	EXP 	slider_2: markerPos = None
90.6757 	EXP 	slider_2: markerPos = None
90.6757 	EXP 	slider_2: rating = None
90.6757 	EXP 	image_2: autoDraw = True
90.6757 	EXP 	slider_2: autoDraw = True
90.7055 	DATA 	Mouse: Left button down, pos=(784,154)
90.7191 	EXP 	slider_2: markerPos = 4.157552083333333
90.7362 	EXP 	slider_2: markerPos = 4.170572916666667
90.7525 	EXP 	slider_2: markerPos = 4.170572916666667
90.7695 	EXP 	slider_2: markerPos = 4.170572916666667
90.7861 	EXP 	slider_2: markerPos = 4.170572916666667
90.7970 	DATA 	Mouse:  Left button up, pos=(795,154)
90.8026 	EXP 	slider_2: markerPos = 4.203125
90.8191 	EXP 	slider_2: markerPos = 4.203125
90.8191 	EXP 	slider_2: rating = 4.203125
90.8232 	EXP 	New trial (rep=0, index=7): OrderedDict([('Imagenes', 'imagenes\\Rosquitas (1).jpg'), ('Random', 0.3035383390851263), ('Correcto', None)])
90.8559 	EXP 	image_2: autoDraw = False
90.8559 	EXP 	slider_2: autoDraw = False
90.8559 	EXP 	image_2: image = 'imagenes\\Rosquitas (1).jpg'
90.8559 	EXP 	slider_2: markerPos = None
90.8559 	EXP 	slider_2: markerPos = None
90.8559 	EXP 	slider_2: rating = None
90.8559 	EXP 	image_2: autoDraw = True
90.8559 	EXP 	slider_2: autoDraw = True
90.8965 	DATA 	Mouse: Left button down, pos=(818,154)
90.9193 	EXP 	slider_2: markerPos = 4.37890625
90.9363 	EXP 	slider_2: markerPos = 4.37890625
90.9526 	EXP 	slider_2: markerPos = 4.37890625
90.9694 	EXP 	slider_2: markerPos = 4.37890625
90.9794 	DATA 	Mouse:  Left button up, pos=(814,156)
90.9862 	EXP 	slider_2: markerPos = 4.372395833333333
91.0028 	EXP 	slider_2: markerPos = 4.372395833333333
91.0028 	EXP 	slider_2: rating = 4.372395833333333
91.0058 	EXP 	New trial (rep=0, index=8): OrderedDict([('Imagenes', 'imagenes\\Alpinito.jpg'), ('Random', 0.4515332417045813), ('Correcto', None)])
91.0453 	EXP 	image_2: autoDraw = False
91.0453 	EXP 	slider_2: autoDraw = False
91.0453 	EXP 	image_2: image = 'imagenes\\Alpinito.jpg'
91.0453 	EXP 	slider_2: markerPos = None
91.0453 	EXP 	slider_2: markerPos = None
91.0453 	EXP 	slider_2: rating = None
91.0453 	EXP 	image_2: autoDraw = True
91.0453 	EXP 	slider_2: autoDraw = True
91.0888 	DATA 	Mouse: Left button down, pos=(713,152)
91.1028 	EXP 	slider_2: markerPos = 3.623697916666667
91.1192 	EXP 	slider_2: markerPos = 3.526041666666667
91.1362 	EXP 	slider_2: markerPos = 3.4479166666666665
91.1526 	EXP 	slider_2: markerPos = 3.4088541666666665
91.1694 	EXP 	slider_2: markerPos = 3.3697916666666665
91.1717 	DATA 	Mouse:  Left button up, pos=(656,148)
91.1862 	EXP 	slider_2: markerPos = 3.3697916666666665
91.1862 	EXP 	slider_2: rating = 3.3697916666666665
91.1903 	EXP 	New trial (rep=0, index=9): OrderedDict([('Imagenes', 'imagenes\\bon-bon-bun.jpg'), ('Random', 0.7387922093313524), ('Correcto', None)])
91.2227 	EXP 	image_2: autoDraw = False
91.2227 	EXP 	slider_2: autoDraw = False
91.2227 	EXP 	image_2: image = 'imagenes\\bon-bon-bun.jpg'
91.2227 	EXP 	slider_2: markerPos = None
91.2227 	EXP 	slider_2: markerPos = None
91.2227 	EXP 	slider_2: rating = None
91.2227 	EXP 	image_2: autoDraw = True
91.2227 	EXP 	slider_2: autoDraw = True
91.2738 	DATA 	Mouse: Left button down, pos=(599,153)
91.2862 	EXP 	slider_2: markerPos = 2.953125
91.3026 	EXP 	slider_2: markerPos = 2.93359375
91.3193 	EXP 	slider_2: markerPos = 2.9075520833333335
91.3359 	EXP 	slider_2: markerPos = 2.868489583333333
91.3435 	DATA 	Mouse:  Left button up, pos=(578,151)
91.3528 	EXP 	slider_2: markerPos = 2.829427083333333
91.3692 	EXP 	slider_2: markerPos = 2.829427083333333
91.3692 	EXP 	slider_2: rating = 2.829427083333333
91.3733 	EXP 	New trial (rep=0, index=10): OrderedDict([('Imagenes', 'imagenes\\Nutella (1).jpg'), ('Random', 0.5277483225747329), ('Correcto', None)])
91.3940 	EXP 	image_2: autoDraw = False
91.3940 	EXP 	slider_2: autoDraw = False
91.3940 	EXP 	image_2: image = 'imagenes\\Nutella (1).jpg'
91.3940 	EXP 	slider_2: markerPos = None
91.3940 	EXP 	slider_2: markerPos = None
91.3940 	EXP 	slider_2: rating = None
91.3940 	EXP 	image_2: autoDraw = True
91.3940 	EXP 	slider_2: autoDraw = True
91.4236 	DATA 	Mouse: Left button down, pos=(558,153)
91.4361 	EXP 	slider_2: markerPos = 2.686197916666667
91.4528 	EXP 	slider_2: markerPos = 2.686197916666667
91.4692 	EXP 	slider_2: markerPos = 2.686197916666667
91.4860 	EXP 	slider_2: markerPos = 2.686197916666667
91.5027 	EXP 	slider_2: markerPos = 2.686197916666667
91.5193 	EXP 	slider_2: markerPos = 2.71875
91.5261 	DATA 	Mouse:  Left button up, pos=(588,153)
91.5361 	EXP 	slider_2: markerPos = 2.81640625
91.5528 	EXP 	slider_2: markerPos = 2.81640625
91.5528 	EXP 	slider_2: rating = 2.81640625
91.5559 	EXP 	New trial (rep=0, index=11): OrderedDict([('Imagenes', 'imagenes\\Uvas.jpg'), ('Random', 0.7734382152670648), ('Correcto', None)])
91.5779 	EXP 	image_2: autoDraw = False
91.5779 	EXP 	slider_2: autoDraw = False
91.5779 	EXP 	image_2: image = 'imagenes\\Uvas.jpg'
91.5779 	EXP 	slider_2: markerPos = None
91.5779 	EXP 	slider_2: markerPos = None
91.5779 	EXP 	slider_2: rating = None
91.5779 	EXP 	image_2: autoDraw = True
91.5779 	EXP 	slider_2: autoDraw = True
91.6052 	DATA 	Mouse: Left button down, pos=(692,156)
91.6191 	EXP 	slider_2: markerPos = 3.55859375
91.6360 	EXP 	slider_2: markerPos = 3.591145833333333
91.6525 	EXP 	slider_2: markerPos = 3.623697916666667
91.6694 	EXP 	slider_2: markerPos = 3.649739583333333
91.6863 	EXP 	slider_2: markerPos = 3.760416666666667
91.6891 	DATA 	Mouse:  Left button up, pos=(744,157)
91.7026 	EXP 	slider_2: markerPos = 3.760416666666667
91.7026 	EXP 	slider_2: rating = 3.760416666666667
91.7063 	EXP 	New trial (rep=0, index=12): OrderedDict([('Imagenes', 'imagenes\\Croissant.jpg'), ('Random', 0.6152458173421255), ('Correcto', None)])
91.7433 	EXP 	image_2: autoDraw = False
91.7433 	EXP 	slider_2: autoDraw = False
91.7433 	EXP 	image_2: image = 'imagenes\\Croissant.jpg'
91.7433 	EXP 	slider_2: markerPos = None
91.7433 	EXP 	slider_2: markerPos = None
91.7433 	EXP 	slider_2: rating = None
91.7433 	EXP 	image_2: autoDraw = True
91.7433 	EXP 	slider_2: autoDraw = True
91.7887 	DATA 	Mouse: Left button down, pos=(812,161)
91.8029 	EXP 	slider_2: markerPos = 4.33984375
91.8193 	EXP 	slider_2: markerPos = 4.33984375
91.8360 	EXP 	slider_2: markerPos = 4.33984375
91.8525 	EXP 	slider_2: markerPos = 4.33984375
91.8695 	EXP 	slider_2: markerPos = 4.33984375
91.8720 	DATA 	Mouse:  Left button up, pos=(812,161)
91.8861 	EXP 	slider_2: markerPos = 4.33984375
91.8861 	EXP 	slider_2: rating = 4.33984375
91.8899 	EXP 	New trial (rep=0, index=13): OrderedDict([('Imagenes', 'imagenes\\Banano.jpeg'), ('Random', 0.651633055306917), ('Correcto', None)])
91.9135 	EXP 	image_2: autoDraw = False
91.9135 	EXP 	slider_2: autoDraw = False
91.9135 	EXP 	image_2: image = 'imagenes\\Banano.jpeg'
91.9135 	EXP 	slider_2: markerPos = None
91.9135 	EXP 	slider_2: markerPos = None
91.9135 	EXP 	slider_2: rating = None
91.9135 	EXP 	image_2: autoDraw = True
91.9135 	EXP 	slider_2: autoDraw = True
91.9543 	DATA 	Mouse: Left button down, pos=(775,159)
91.9695 	EXP 	slider_2: markerPos = 4.098958333333333
91.9860 	EXP 	slider_2: markerPos = 3.91015625
92.0028 	EXP 	slider_2: markerPos = 3.83203125
92.0192 	EXP 	slider_2: markerPos = 3.610677083333333
92.0360 	EXP 	slider_2: markerPos = 3.48046875
92.0471 	DATA 	Mouse:  Left button up, pos=(660,158)
92.0525 	EXP 	slider_2: markerPos = 3.4283854166666665
92.0689 	EXP 	slider_2: markerPos = 3.4283854166666665
92.0689 	EXP 	slider_2: rating = 3.4283854166666665
92.0725 	EXP 	New trial (rep=0, index=14): OrderedDict([('Imagenes', 'imagenes\\Galletas-festival.jpg'), ('Random', 0.36121121246191135), ('Correcto', None)])
92.0993 	EXP 	image_2: autoDraw = False
92.0993 	EXP 	slider_2: autoDraw = False
92.0993 	EXP 	image_2: image = 'imagenes\\Galletas-festival.jpg'
92.0993 	EXP 	slider_2: markerPos = None
92.0993 	EXP 	slider_2: markerPos = None
92.0993 	EXP 	slider_2: rating = None
92.0993 	EXP 	image_2: autoDraw = True
92.0993 	EXP 	slider_2: autoDraw = True
92.1033 	DATA 	Mouse: Left button down, pos=(637,158)
92.1076 	EXP 	slider_2: markerPos = 3.2005208333333335
92.1190 	EXP 	slider_2: markerPos = 3.1875
92.1360 	EXP 	slider_2: markerPos = 3.16796875
92.1524 	EXP 	slider_2: markerPos = 3.1484375
92.1590 	DATA 	Mouse:  Left button up, pos=(626,156)
92.1691 	EXP 	slider_2: markerPos = 3.1354166666666665
92.1861 	EXP 	slider_2: markerPos = 3.1354166666666665
92.1861 	EXP 	slider_2: rating = 3.1354166666666665
92.1899 	EXP 	New trial (rep=0, index=15): OrderedDict([('Imagenes', 'imagenes\\Papas-limon.jpg'), ('Random', 0.020692288100133793), ('Correcto', None)])
92.2075 	EXP 	image_2: autoDraw = False
92.2075 	EXP 	slider_2: autoDraw = False
92.2075 	EXP 	image_2: image = 'imagenes\\Papas-limon.jpg'
92.2075 	EXP 	slider_2: markerPos = None
92.2075 	EXP 	slider_2: markerPos = None
92.2075 	EXP 	slider_2: rating = None
92.2075 	EXP 	image_2: autoDraw = True
92.2075 	EXP 	slider_2: autoDraw = True
92.2730 	DATA 	Mouse: Left button down, pos=(609,156)
92.2862 	EXP 	slider_2: markerPos = 3.0182291666666665
92.3025 	EXP 	slider_2: markerPos = 3.01171875
92.3190 	EXP 	slider_2: markerPos = 3.01171875
92.3362 	EXP 	slider_2: markerPos = 3.01171875
92.3528 	EXP 	slider_2: markerPos = 3.01171875
92.3633 	DATA 	Mouse:  Left button up, pos=(609,155)
92.3690 	EXP 	slider_2: markerPos = 3.01171875
92.3861 	EXP 	slider_2: markerPos = 3.01171875
92.3861 	EXP 	slider_2: rating = 3.01171875
92.3899 	EXP 	New trial (rep=0, index=16): OrderedDict([('Imagenes', 'imagenes\\Mango.jpeg'), ('Random', 0.555669112372461), ('Correcto', None)])
92.4159 	EXP 	image_2: autoDraw = False
92.4159 	EXP 	slider_2: autoDraw = False
92.4159 	EXP 	image_2: image = 'imagenes\\Mango.jpeg'
92.4159 	EXP 	slider_2: markerPos = None
92.4159 	EXP 	slider_2: markerPos = None
92.4159 	EXP 	slider_2: rating = None
92.4159 	EXP 	image_2: autoDraw = True
92.4159 	EXP 	slider_2: autoDraw = True
92.4714 	DATA 	Mouse: Left button down, pos=(727,151)
92.4862 	EXP 	slider_2: markerPos = 3.819010416666667
92.5024 	EXP 	slider_2: markerPos = 3.87109375
92.5189 	EXP 	slider_2: markerPos = 3.890625
92.5360 	EXP 	slider_2: markerPos = 3.923177083333333
92.5525 	EXP 	slider_2: markerPos = 3.994791666666667
92.5544 	DATA 	Mouse:  Left button up, pos=(775,150)
92.5691 	EXP 	slider_2: markerPos = 3.994791666666667
92.5691 	EXP 	slider_2: rating = 3.994791666666667
92.5725 	EXP 	New trial (rep=0, index=17): OrderedDict([('Imagenes', 'imagenes\\Galletas Tosh.jpg'), ('Random', 0.478088790487872), ('Correcto', None)])
92.6081 	EXP 	image_2: autoDraw = False
92.6081 	EXP 	slider_2: autoDraw = False
92.6081 	EXP 	image_2: image = 'imagenes\\Galletas Tosh.jpg'
92.6081 	EXP 	slider_2: markerPos = None
92.6081 	EXP 	slider_2: markerPos = None
92.6081 	EXP 	slider_2: rating = None
92.6081 	EXP 	image_2: autoDraw = True
92.6081 	EXP 	slider_2: autoDraw = True
92.6382 	DATA 	Mouse: Left button down, pos=(816,152)
92.6524 	EXP 	slider_2: markerPos = 4.365885416666667
92.6691 	EXP 	slider_2: markerPos = 4.365885416666667
92.6861 	EXP 	slider_2: markerPos = 4.365885416666667
92.7027 	EXP 	slider_2: markerPos = 4.365885416666667
92.7192 	EXP 	slider_2: markerPos = 4.33984375
92.7360 	EXP 	slider_2: markerPos = 4.274739583333333
92.7431 	DATA 	Mouse:  Left button up, pos=(784,154)
92.7524 	EXP 	slider_2: markerPos = 4.190104166666667
92.7691 	EXP 	slider_2: markerPos = 4.190104166666667
92.7691 	EXP 	slider_2: rating = 4.190104166666667
92.7731 	EXP 	New trial (rep=0, index=18): OrderedDict([('Imagenes', 'imagenes\\Popetas.jpg'), ('Random', 0.07650200324054446), ('Correcto', None)])
92.8430 	DATA 	Mouse: Left button down, pos=(725,155)
92.8490 	EXP 	image_2: autoDraw = False
92.8490 	EXP 	slider_2: autoDraw = False
92.8490 	EXP 	image_2: image = 'imagenes\\Popetas.jpg'
92.8490 	EXP 	slider_2: markerPos = None
92.8490 	EXP 	slider_2: markerPos = None
92.8490 	EXP 	slider_2: rating = None
92.8490 	EXP 	image_2: autoDraw = True
92.8490 	EXP 	slider_2: autoDraw = True
92.8490 	EXP 	slider_2: markerPos = 3.565104166666667
92.8552 	EXP 	slider_2: markerPos = 3.532552083333333
92.8619 	EXP 	slider_2: markerPos = 3.532552083333333
92.8695 	EXP 	slider_2: markerPos = 3.506510416666667
92.8858 	EXP 	slider_2: markerPos = 3.48046875
92.9026 	EXP 	slider_2: markerPos = 3.4088541666666665
92.9091 	DATA 	Mouse:  Left button up, pos=(656,155)
92.9191 	EXP 	slider_2: markerPos = 3.3502604166666665
92.9359 	EXP 	slider_2: markerPos = 3.3502604166666665
92.9359 	EXP 	slider_2: rating = 3.3502604166666665
92.9396 	EXP 	New trial (rep=0, index=19): OrderedDict([('Imagenes', 'imagenes\\Papas-pollo.jpg'), ('Random', 0.6683114062971784), ('Correcto', None)])
92.9565 	EXP 	image_2: autoDraw = False
92.9565 	EXP 	slider_2: autoDraw = False
92.9565 	EXP 	image_2: image = 'imagenes\\Papas-pollo.jpg'
92.9565 	EXP 	slider_2: markerPos = None
92.9565 	EXP 	slider_2: markerPos = None
92.9565 	EXP 	slider_2: rating = None
92.9565 	EXP 	image_2: autoDraw = True
92.9565 	EXP 	slider_2: autoDraw = True
92.9738 	DATA 	Mouse: Left button down, pos=(641,156)
92.9860 	EXP 	slider_2: markerPos = 3.2265625
93.0025 	EXP 	slider_2: markerPos = 3.1940104166666665
93.0192 	EXP 	slider_2: markerPos = 3.1549479166666665
93.0358 	EXP 	slider_2: markerPos = 3.1354166666666665
93.0524 	EXP 	slider_2: markerPos = 3.1354166666666665
93.0695 	EXP 	slider_2: markerPos = 3.12890625
93.0779 	DATA 	Mouse:  Left button up, pos=(626,153)
93.0860 	EXP 	slider_2: markerPos = 3.12890625
93.1024 	EXP 	slider_2: markerPos = 3.12890625
93.1024 	EXP 	slider_2: rating = 3.12890625
93.1759 	DATA 	Mouse: Left button down, pos=(640,153)
93.1862 	EXP 	image_2: autoDraw = False
93.1862 	EXP 	slider_2: autoDraw = False
93.1862 	EXP 	text: text = 'El nmero aleatorio es 2888.'
93.1862 	EXP 	text: autoDraw = True
93.2379 	DATA 	Mouse:  Left button up, pos=(746,149)
93.3062 	DATA 	Mouse: Left button down, pos=(781,149)
93.4048 	DATA 	Mouse:  Left button up, pos=(791,149)
96.2227 	EXP 	text: autoDraw = False
96.2227 	EXP 	text: autoDraw = False
96.2227 	EXP 	text_4: text = 'El precio seleccionado aleatoriamente es 3507.0.'
96.2227 	EXP 	text_4: autoDraw = True
99.2357 	EXP 	text_4: autoDraw = False
99.2357 	EXP 	text_4: autoDraw = False
99.5067 	EXP 	window1: mouseVisible = True
