1.4024 	WARNING 	We strongly recommend you activate the PTB sound engine in PsychoPy prefs as the preferred audio engine. Its timing is vastly superior. Your prefs are currently set to use ['sounddevice', 'PTB', 'pyo', 'pygame'] (in that order).
8.1202 	WARNING 	User requested fullscreen with size [1024  768], but screen is actually [1366, 768]. Using actual size
9.7825 	EXP 	Created window1 = Window(allowGUI=False, allowStencil=False, args=UNKNOWN, autoLog=True, bitsMode=UNKNOWN, blendMode='avg', bpc=(8, 8, 8), color=array([0., 0., 0.]), colorSpace='rgb', depthBits=8, fullscr=<method-wrapper '__getattribute__' of attributeSetter object at 0x00000117B5A4A5C0>, gamma=None, gammaErrorPolicy='raise', kwargs=UNKNOWN, lms=UNKNOWN, monitor=<psychopy.monitors.calibTools.Monitor object at 0x00000117B581C630>, multiSample=False, name='window1', numSamples=2, pos=[0.0, 0.0], screen=0, size=array([1366,  768]), stencilBits=0, stereo=False, units='height', useFBO=True, useRetina=False, viewOri=0.0, viewPos=None, viewScale=None, waitBlanking=True, winType='pyglet')
9.7833 	EXP 	window1: mouseVisible = True
9.7834 	EXP 	window1: recordFrameIntervals = False
9.9467 	EXP 	window1: recordFrameIntervals = True
10.1306 	EXP 	window1: recordFrameIntervals = False
10.8022 	EXP 	Sound Sonido set volume 1.000
10.8272 	EXP 	Created image_2 = ImageStim(__class__=<class 'psychopy.visual.image.ImageStim'>, autoLog=True, color=array([1., 1., 1.]), colorSpace='rgb', contrast=1.0, depth=-1.0, flipHoriz=False, flipVert=False, image='sin', interpolate=True, mask=None, maskParams=None, name='image_2', opacity=1.0, ori=0.0, pos=array([0. , 0.2]), size=array([0.5, 0.5]), texRes=128, units='height', win=Window(...))
10.8720 	EXP 	window1: mouseVisible = True
11.1020 	EXP 	Created slider_2 = Slider(__class__=<class 'psychopy.visual.slider.Slider'>, autoDraw=False, autoLog=True, color='LightGray', depth=0, flip=False, font='HelveticaBold', granularity=0, labelHeight=0.05, labelWrapWidth=None, labels=('0', '1000', '2000', '3000', '4000', '5000'), name='slider_2', pos=(0, -0.3), readOnly=False, self=UNKNOWN, size=(1.0, 0.05), style=method-wrapper(...), ticks=array([1, 2, 3, 4, 5, 6]), units='height', win=Window(...))
11.1792 	EXP 	Created text = TextStim(__class__=<class 'psychopy.visual.text.TextStim'>, alignHoriz=method-wrapper(...), alignText='center', alignVert=method-wrapper(...), anchorHoriz='center', anchorVert='center', antialias=True, autoLog=True, bold=False, color='white', colorSpace='named', contrast=1.0, depth=-1.0, flipHoriz=False, flipVert=False, font='Arial', fontFiles=[], height=0.1, italic=False, languageStyle='LTR', name='text', opacity=1.0, ori=0, pos=array([0., 0.]), rgb=array([255., 255., 255.]), text='default text', units='height', win=Window(...), wrapWidth=1)
11.2112 	WARNING 	Got keycode {} but that code isn't yet known
11.2113 	WARNING 	Keypress was given unknown key code (176)
11.2114 	WARNING 	Got keycode {} but that code isn't yet known
11.2114 	WARNING 	Keypress was given unknown key code (176)
11.2115 	WARNING 	Got keycode {} but that code isn't yet known
11.2115 	WARNING 	Keypress was given unknown key code (176)
11.2972 	EXP 	Imported ruidos.xlsx as conditions, 4 conditions, 2 params
11.2978 	EXP 	Created sequence: random, trialTypes=4, nReps=1, seed=None
11.2984 	EXP 	New trial (rep=0, index=0): OrderedDict([('Hertz', 1500), ('volumen', 0.02)])
11.3139 	EXP 	Imported imagenes.xlsx as conditions, 20 conditions, 3 params
11.3145 	EXP 	Created sequence: random, trialTypes=20, nReps=1, seed=None
11.3151 	EXP 	New trial (rep=0, index=0): OrderedDict([('Imagenes', 'imagenes\\Kiwi.jpg'), ('Random', 0.5893907384852061), ('Correcto', None)])
11.4402 	EXP 	slider_2: autoLog = True
11.4402 	EXP 	slider_2: markerPos = None
11.4402 	EXP 	slider_2: rating = None
11.4402 	EXP 	slider_2: markerPos = None
11.4402 	EXP 	slider_2: contrast = 1.0
11.4402 	EXP 	slider_2: autoLog = True
11.4402 	EXP 	slider_2: style = ['rating']
11.4402 	EXP 	image_2: image = 'imagenes\\Kiwi.jpg'
11.4402 	EXP 	slider_2: markerPos = None
11.4402 	EXP 	slider_2: markerPos = None
11.4402 	EXP 	slider_2: rating = None
11.4402 	EXP 	image_2: autoDraw = True
11.4402 	EXP 	slider_2: autoDraw = True
11.4416 	WARNING 	Got keycode {} but that code isn't yet known
11.4417 	WARNING 	Keypress was given unknown key code (176)
11.4865 	WARNING 	Got keycode {} but that code isn't yet known
11.4866 	WARNING 	Keypress was given unknown key code (176)
11.6187 	WARNING 	Got keycode {} but that code isn't yet known
11.6187 	WARNING 	Keypress was given unknown key code (176)
11.7407 	WARNING 	Got keycode {} but that code isn't yet known
11.7407 	WARNING 	Keypress was given unknown key code (176)
11.8907 	WARNING 	Got keycode {} but that code isn't yet known
11.8907 	WARNING 	Keypress was given unknown key code (176)
12.2222 	EXP 	New trial (rep=0, index=1): OrderedDict([('Imagenes', 'imagenes\\Banano.jpeg'), ('Random', 0.651633055306917), ('Correcto', None)])
12.2826 	EXP 	image_2: autoDraw = False
12.2826 	EXP 	slider_2: autoDraw = False
12.2826 	EXP 	image_2: image = 'imagenes\\Banano.jpeg'
12.2826 	EXP 	slider_2: markerPos = None
12.2826 	EXP 	slider_2: markerPos = None
12.2826 	EXP 	slider_2: rating = None
12.2826 	EXP 	image_2: autoDraw = True
12.2826 	EXP 	slider_2: autoDraw = True
13.2202 	EXP 	New trial (rep=0, index=2): OrderedDict([('Imagenes', 'imagenes\\Papas-pollo.jpg'), ('Random', 0.6683114062971784), ('Correcto', None)])
13.2625 	DATA 	Mouse: Left button down, pos=(671,161)
13.2709 	EXP 	image_2: autoDraw = False
13.2709 	EXP 	slider_2: autoDraw = False
13.2709 	EXP 	image_2: image = 'imagenes\\Papas-pollo.jpg'
13.2709 	EXP 	slider_2: markerPos = None
13.2709 	EXP 	slider_2: markerPos = None
13.2709 	EXP 	slider_2: rating = None
13.2709 	EXP 	image_2: autoDraw = True
13.2709 	EXP 	slider_2: autoDraw = True
13.2709 	EXP 	slider_2: markerPos = 3.421875
13.2969 	EXP 	slider_2: markerPos = 3.421875
13.3145 	EXP 	slider_2: markerPos = 3.421875
13.3314 	EXP 	slider_2: markerPos = 3.421875
13.3343 	DATA 	Mouse:  Left button up, pos=(671,161)
13.3490 	EXP 	slider_2: markerPos = 3.421875
13.3490 	EXP 	slider_2: rating = 3.421875
13.3540 	EXP 	New trial (rep=0, index=3): OrderedDict([('Imagenes', 'imagenes\\Manzana.jpg'), ('Random', 0.5168162194437935), ('Correcto', None)])
13.4309 	EXP 	image_2: autoDraw = False
13.4309 	EXP 	slider_2: autoDraw = False
13.4309 	EXP 	image_2: image = 'imagenes\\Manzana.jpg'
13.4309 	EXP 	slider_2: markerPos = None
13.4309 	EXP 	slider_2: markerPos = None
13.4309 	EXP 	slider_2: rating = None
13.4309 	EXP 	image_2: autoDraw = True
13.4309 	EXP 	slider_2: autoDraw = True
13.5237 	DATA 	Mouse: Left button down, pos=(671,161)
13.5496 	EXP 	slider_2: markerPos = 3.421875
13.5658 	EXP 	slider_2: markerPos = 3.421875
13.5825 	EXP 	slider_2: markerPos = 3.421875
13.5998 	EXP 	slider_2: markerPos = 3.421875
13.6135 	DATA 	Mouse:  Left button up, pos=(671,161)
13.6172 	EXP 	slider_2: markerPos = 3.421875
13.6340 	EXP 	slider_2: markerPos = 3.421875
13.6340 	EXP 	slider_2: rating = 3.421875
13.6406 	EXP 	New trial (rep=0, index=4): OrderedDict([('Imagenes', 'imagenes\\Chocoramo.jfif.jpg'), ('Random', 0.7789437122019539), ('Correcto', None)])
13.7281 	DATA 	Mouse: Left button down, pos=(671,161)
13.7337 	EXP 	image_2: autoDraw = False
13.7337 	EXP 	slider_2: autoDraw = False
13.7337 	EXP 	image_2: image = 'imagenes\\Chocoramo.jfif.jpg'
13.7337 	EXP 	slider_2: markerPos = None
13.7337 	EXP 	slider_2: markerPos = None
13.7337 	EXP 	slider_2: rating = None
13.7337 	EXP 	image_2: autoDraw = True
13.7337 	EXP 	slider_2: autoDraw = True
13.7337 	EXP 	slider_2: markerPos = 3.421875
13.7473 	EXP 	slider_2: markerPos = 3.421875
13.7650 	EXP 	slider_2: markerPos = 3.421875
13.7747 	DATA 	Mouse:  Left button up, pos=(671,161)
13.7816 	EXP 	slider_2: markerPos = 3.421875
13.7986 	EXP 	slider_2: markerPos = 3.421875
13.7986 	EXP 	slider_2: rating = 3.421875
13.8038 	EXP 	New trial (rep=0, index=5): OrderedDict([('Imagenes', 'imagenes\\Papas-limon.jpg'), ('Random', 0.020692288100133793), ('Correcto', None)])
13.8626 	EXP 	image_2: autoDraw = False
13.8626 	EXP 	slider_2: autoDraw = False
13.8626 	EXP 	image_2: image = 'imagenes\\Papas-limon.jpg'
13.8626 	EXP 	slider_2: markerPos = None
13.8626 	EXP 	slider_2: markerPos = None
13.8626 	EXP 	slider_2: rating = None
13.8626 	EXP 	image_2: autoDraw = True
13.8626 	EXP 	slider_2: autoDraw = True
14.1099 	DATA 	Mouse: Left button down, pos=(671,161)
14.1342 	EXP 	slider_2: markerPos = 3.421875
14.1507 	EXP 	slider_2: markerPos = 3.421875
14.1684 	EXP 	slider_2: markerPos = 3.421875
14.1842 	EXP 	slider_2: markerPos = 3.421875
14.2001 	EXP 	slider_2: markerPos = 3.421875
14.2165 	EXP 	slider_2: markerPos = 3.421875
14.2345 	EXP 	slider_2: markerPos = 3.421875
14.2487 	DATA 	Mouse:  Left button up, pos=(671,161)
14.2515 	EXP 	slider_2: markerPos = 3.421875
14.2822 	EXP 	slider_2: markerPos = 3.421875
14.2822 	EXP 	slider_2: rating = 3.421875
14.2879 	EXP 	New trial (rep=0, index=6): OrderedDict([('Imagenes', 'imagenes\\Leche-de-almendras.jpg'), ('Random', 0.36073876480313727), ('Correcto', None)])
14.4670 	EXP 	image_2: autoDraw = False
14.4670 	EXP 	slider_2: autoDraw = False
14.4670 	EXP 	image_2: image = 'imagenes\\Leche-de-almendras.jpg'
14.4670 	EXP 	slider_2: markerPos = None
14.4670 	EXP 	slider_2: markerPos = None
14.4670 	EXP 	slider_2: rating = None
14.4670 	EXP 	image_2: autoDraw = True
14.4670 	EXP 	slider_2: autoDraw = True
14.7910 	DATA 	Mouse: Left button down, pos=(671,161)
14.8982 	DATA 	Mouse:  Left button up, pos=(671,161)
15.4698 	EXP 	New trial (rep=0, index=7): OrderedDict([('Imagenes', 'imagenes\\Nutella (1).jpg'), ('Random', 0.5277483225747329), ('Correcto', None)])
15.5379 	EXP 	image_2: autoDraw = False
15.5379 	EXP 	slider_2: autoDraw = False
15.5379 	EXP 	image_2: autoDraw = False
15.5379 	EXP 	slider_2: autoDraw = False
15.5379 	EXP 	image_2: image = 'imagenes\\Nutella (1).jpg'
15.5379 	EXP 	slider_2: markerPos = None
15.5379 	EXP 	slider_2: markerPos = None
15.5379 	EXP 	slider_2: rating = None
15.5379 	EXP 	image_2: autoDraw = True
15.5379 	EXP 	slider_2: autoDraw = True
15.7559 	DATA 	Mouse: Left button down, pos=(677,157)
15.7795 	EXP 	slider_2: markerPos = 3.4609375
15.7960 	EXP 	slider_2: markerPos = 3.4609375
15.8129 	EXP 	slider_2: markerPos = 3.4609375
15.8293 	EXP 	slider_2: markerPos = 3.4609375
15.8460 	EXP 	slider_2: markerPos = 3.4609375
15.8586 	DATA 	Mouse:  Left button up, pos=(677,157)
15.8630 	EXP 	slider_2: markerPos = 3.4609375
15.8793 	EXP 	slider_2: markerPos = 3.4609375
15.8793 	EXP 	slider_2: rating = 3.4609375
15.8852 	EXP 	New trial (rep=0, index=8): OrderedDict([('Imagenes', 'imagenes\\Papas-naturales.jpg'), ('Random', 0.15856838916280946), ('Correcto', None)])
15.9253 	EXP 	image_2: autoDraw = False
15.9253 	EXP 	slider_2: autoDraw = False
15.9253 	EXP 	image_2: image = 'imagenes\\Papas-naturales.jpg'
15.9253 	EXP 	slider_2: markerPos = None
15.9253 	EXP 	slider_2: markerPos = None
15.9253 	EXP 	slider_2: rating = None
15.9253 	EXP 	image_2: autoDraw = True
15.9253 	EXP 	slider_2: autoDraw = True
16.0992 	DATA 	Mouse: Left button down, pos=(677,157)
16.1129 	EXP 	slider_2: markerPos = 3.4609375
16.1294 	EXP 	slider_2: markerPos = 3.4609375
16.1460 	EXP 	slider_2: markerPos = 3.4609375
16.1626 	EXP 	slider_2: markerPos = 3.4609375
16.1649 	DATA 	Mouse:  Left button up, pos=(677,157)
16.1794 	EXP 	slider_2: markerPos = 3.4609375
16.1794 	EXP 	slider_2: rating = 3.4609375
16.1848 	EXP 	New trial (rep=0, index=9): OrderedDict([('Imagenes', 'imagenes\\Croissant.jpg'), ('Random', 0.6152458173421255), ('Correcto', None)])
16.2498 	EXP 	image_2: autoDraw = False
16.2498 	EXP 	slider_2: autoDraw = False
16.2498 	EXP 	image_2: image = 'imagenes\\Croissant.jpg'
16.2498 	EXP 	slider_2: markerPos = None
16.2498 	EXP 	slider_2: markerPos = None
16.2498 	EXP 	slider_2: rating = None
16.2498 	EXP 	image_2: autoDraw = True
16.2498 	EXP 	slider_2: autoDraw = True
16.4088 	DATA 	Mouse: Left button down, pos=(677,157)
16.4294 	EXP 	slider_2: markerPos = 3.4609375
16.4463 	EXP 	slider_2: markerPos = 3.4609375
16.4629 	EXP 	slider_2: markerPos = 3.4609375
16.4796 	EXP 	slider_2: markerPos = 3.4609375
16.4963 	EXP 	slider_2: markerPos = 3.4609375
16.5128 	EXP 	slider_2: markerPos = 3.4609375
16.5237 	DATA 	Mouse:  Left button up, pos=(677,157)
16.5294 	EXP 	slider_2: markerPos = 3.4609375
16.5465 	EXP 	slider_2: markerPos = 3.4609375
16.5465 	EXP 	slider_2: rating = 3.4609375
16.5523 	EXP 	New trial (rep=0, index=10): OrderedDict([('Imagenes', 'imagenes\\Mango.jpeg'), ('Random', 0.555669112372461), ('Correcto', None)])
16.6216 	EXP 	image_2: autoDraw = False
16.6216 	EXP 	slider_2: autoDraw = False
16.6216 	EXP 	image_2: image = 'imagenes\\Mango.jpeg'
16.6216 	EXP 	slider_2: markerPos = None
16.6216 	EXP 	slider_2: markerPos = None
16.6216 	EXP 	slider_2: rating = None
16.6216 	EXP 	image_2: autoDraw = True
16.6216 	EXP 	slider_2: autoDraw = True
16.7658 	DATA 	Mouse: Left button down, pos=(677,157)
16.7793 	EXP 	slider_2: markerPos = 3.4609375
16.7963 	EXP 	slider_2: markerPos = 3.4609375
16.8128 	EXP 	slider_2: markerPos = 3.4609375
16.8294 	EXP 	slider_2: markerPos = 3.4609375
16.8459 	EXP 	slider_2: markerPos = 3.4609375
16.8635 	EXP 	slider_2: markerPos = 3.4609375
16.8793 	EXP 	slider_2: markerPos = 3.4609375
16.8825 	DATA 	Mouse:  Left button up, pos=(677,157)
16.8961 	EXP 	slider_2: markerPos = 3.4609375
16.8961 	EXP 	slider_2: rating = 3.4609375
16.9026 	EXP 	New trial (rep=0, index=11): OrderedDict([('Imagenes', 'imagenes\\Galletas Tosh.jpg'), ('Random', 0.478088790487872), ('Correcto', None)])
16.9862 	EXP 	image_2: autoDraw = False
16.9862 	EXP 	slider_2: autoDraw = False
16.9862 	EXP 	image_2: image = 'imagenes\\Galletas Tosh.jpg'
16.9862 	EXP 	slider_2: markerPos = None
16.9862 	EXP 	slider_2: markerPos = None
16.9862 	EXP 	slider_2: rating = None
16.9862 	EXP 	image_2: autoDraw = True
16.9862 	EXP 	slider_2: autoDraw = True
17.0990 	DATA 	Mouse: Left button down, pos=(677,157)
17.1128 	EXP 	slider_2: markerPos = 3.4609375
17.1293 	EXP 	slider_2: markerPos = 3.4609375
17.1462 	EXP 	slider_2: markerPos = 3.4609375
17.1627 	EXP 	slider_2: markerPos = 3.4609375
17.1793 	EXP 	slider_2: markerPos = 3.4609375
17.1963 	EXP 	slider_2: markerPos = 3.4609375
17.2128 	EXP 	slider_2: markerPos = 3.4609375
17.2159 	DATA 	Mouse:  Left button up, pos=(677,157)
17.2293 	EXP 	slider_2: markerPos = 3.4609375
17.2293 	EXP 	slider_2: rating = 3.4609375
17.2353 	EXP 	New trial (rep=0, index=12): OrderedDict([('Imagenes', 'imagenes\\Yogurt-alpina.jpg'), ('Random', 0.21540995091807813), ('Correcto', None)])
17.2919 	EXP 	image_2: autoDraw = False
17.2919 	EXP 	slider_2: autoDraw = False
17.2919 	EXP 	image_2: image = 'imagenes\\Yogurt-alpina.jpg'
17.2919 	EXP 	slider_2: markerPos = None
17.2919 	EXP 	slider_2: markerPos = None
17.2919 	EXP 	slider_2: rating = None
17.2919 	EXP 	image_2: autoDraw = True
17.2919 	EXP 	slider_2: autoDraw = True
17.4324 	DATA 	Mouse: Left button down, pos=(677,157)
17.4463 	EXP 	slider_2: markerPos = 3.4609375
17.4626 	EXP 	slider_2: markerPos = 3.4609375
17.4794 	EXP 	slider_2: markerPos = 3.4609375
17.4960 	EXP 	slider_2: markerPos = 3.4609375
17.5131 	EXP 	slider_2: markerPos = 3.4609375
17.5291 	EXP 	slider_2: markerPos = 3.4609375
17.5458 	EXP 	slider_2: markerPos = 3.4609375
17.5625 	EXP 	slider_2: markerPos = 3.4609375
17.5654 	DATA 	Mouse:  Left button up, pos=(677,157)
17.5792 	EXP 	slider_2: markerPos = 3.4609375
17.5792 	EXP 	slider_2: rating = 3.4609375
17.5852 	EXP 	New trial (rep=0, index=13): OrderedDict([('Imagenes', 'imagenes\\Rosquitas (1).jpg'), ('Random', 0.3035383390851263), ('Correcto', None)])
17.6654 	EXP 	image_2: autoDraw = False
17.6654 	EXP 	slider_2: autoDraw = False
17.6654 	EXP 	image_2: image = 'imagenes\\Rosquitas (1).jpg'
17.6654 	EXP 	slider_2: markerPos = None
17.6654 	EXP 	slider_2: markerPos = None
17.6654 	EXP 	slider_2: rating = None
17.6654 	EXP 	image_2: autoDraw = True
17.6654 	EXP 	slider_2: autoDraw = True
17.7653 	DATA 	Mouse: Left button down, pos=(677,157)
17.7793 	EXP 	slider_2: markerPos = 3.4609375
17.7962 	EXP 	slider_2: markerPos = 3.4609375
17.8127 	EXP 	slider_2: markerPos = 3.4609375
17.8292 	EXP 	slider_2: markerPos = 3.4609375
17.8463 	EXP 	slider_2: markerPos = 3.4609375
17.8626 	EXP 	slider_2: markerPos = 3.4609375
17.8738 	DATA 	Mouse:  Left button up, pos=(677,157)
17.8793 	EXP 	slider_2: markerPos = 3.4609375
17.8961 	EXP 	slider_2: markerPos = 3.4609375
17.8961 	EXP 	slider_2: rating = 3.4609375
17.9021 	EXP 	New trial (rep=0, index=14): OrderedDict([('Imagenes', 'imagenes\\Galletas-festival.jpg'), ('Random', 0.36121121246191135), ('Correcto', None)])
17.9523 	EXP 	image_2: autoDraw = False
17.9523 	EXP 	slider_2: autoDraw = False
17.9523 	EXP 	image_2: image = 'imagenes\\Galletas-festival.jpg'
17.9523 	EXP 	slider_2: markerPos = None
17.9523 	EXP 	slider_2: markerPos = None
17.9523 	EXP 	slider_2: rating = None
17.9523 	EXP 	image_2: autoDraw = True
17.9523 	EXP 	slider_2: autoDraw = True
18.0491 	DATA 	Mouse: Left button down, pos=(677,157)
18.0628 	EXP 	slider_2: markerPos = 3.4609375
18.0803 	EXP 	slider_2: markerPos = 3.4609375
18.0959 	EXP 	slider_2: markerPos = 3.4609375
18.1125 	EXP 	slider_2: markerPos = 3.4609375
18.1292 	EXP 	slider_2: markerPos = 3.4609375
18.1463 	EXP 	slider_2: markerPos = 3.4609375
18.1625 	EXP 	slider_2: markerPos = 3.4609375
18.1651 	DATA 	Mouse:  Left button up, pos=(677,157)
18.1792 	EXP 	slider_2: markerPos = 3.4609375
18.1792 	EXP 	slider_2: rating = 3.4609375
18.1850 	EXP 	New trial (rep=0, index=15): OrderedDict([('Imagenes', 'imagenes\\Uvas.jpg'), ('Random', 0.7734382152670648), ('Correcto', None)])
18.2332 	EXP 	image_2: autoDraw = False
18.2332 	EXP 	slider_2: autoDraw = False
18.2332 	EXP 	image_2: image = 'imagenes\\Uvas.jpg'
18.2332 	EXP 	slider_2: markerPos = None
18.2332 	EXP 	slider_2: markerPos = None
18.2332 	EXP 	slider_2: rating = None
18.2332 	EXP 	image_2: autoDraw = True
18.2332 	EXP 	slider_2: autoDraw = True
18.3654 	DATA 	Mouse: Left button down, pos=(677,157)
18.3792 	EXP 	slider_2: markerPos = 3.4609375
18.3959 	EXP 	slider_2: markerPos = 3.4609375
18.4128 	EXP 	slider_2: markerPos = 3.4609375
18.4291 	EXP 	slider_2: markerPos = 3.4609375
18.4465 	EXP 	slider_2: markerPos = 3.4609375
18.4627 	EXP 	slider_2: markerPos = 3.4609375
18.4794 	EXP 	slider_2: markerPos = 3.4609375
18.4959 	EXP 	slider_2: markerPos = 3.4609375
18.4991 	DATA 	Mouse:  Left button up, pos=(677,157)
18.5129 	EXP 	slider_2: markerPos = 3.4609375
18.5129 	EXP 	slider_2: rating = 3.4609375
18.5189 	EXP 	New trial (rep=0, index=16): OrderedDict([('Imagenes', 'imagenes\\Popetas.jpg'), ('Random', 0.07650200324054446), ('Correcto', None)])
18.6264 	EXP 	image_2: autoDraw = False
18.6264 	EXP 	slider_2: autoDraw = False
18.6264 	EXP 	image_2: image = 'imagenes\\Popetas.jpg'
18.6264 	EXP 	slider_2: markerPos = None
18.6264 	EXP 	slider_2: markerPos = None
18.6264 	EXP 	slider_2: rating = None
18.6264 	EXP 	image_2: autoDraw = True
18.6264 	EXP 	slider_2: autoDraw = True
18.6525 	DATA 	Mouse: Left button down, pos=(677,157)
18.6644 	EXP 	slider_2: markerPos = 3.4609375
18.6794 	EXP 	slider_2: markerPos = 3.4609375
18.6966 	EXP 	slider_2: markerPos = 3.4609375
18.7128 	EXP 	slider_2: markerPos = 3.4609375
18.7294 	EXP 	slider_2: markerPos = 3.4609375
18.7464 	EXP 	slider_2: markerPos = 3.4609375
18.7627 	EXP 	slider_2: markerPos = 3.4609375
18.7652 	DATA 	Mouse:  Left button up, pos=(677,157)
18.7797 	EXP 	slider_2: markerPos = 3.4609375
18.7797 	EXP 	slider_2: rating = 3.4609375
18.7854 	EXP 	New trial (rep=0, index=17): OrderedDict([('Imagenes', 'imagenes\\bon-bon-bun.jpg'), ('Random', 0.7387922093313524), ('Correcto', None)])
18.8828 	EXP 	image_2: autoDraw = False
18.8828 	EXP 	slider_2: autoDraw = False
18.8828 	EXP 	image_2: image = 'imagenes\\bon-bon-bun.jpg'
18.8828 	EXP 	slider_2: markerPos = None
18.8828 	EXP 	slider_2: markerPos = None
18.8828 	EXP 	slider_2: rating = None
18.8828 	EXP 	image_2: autoDraw = True
18.8828 	EXP 	slider_2: autoDraw = True
18.9391 	DATA 	Mouse: Left button down, pos=(677,157)
18.9627 	EXP 	slider_2: markerPos = 3.4609375
18.9792 	EXP 	slider_2: markerPos = 3.4609375
18.9963 	EXP 	slider_2: markerPos = 3.4609375
19.0127 	EXP 	slider_2: markerPos = 3.4609375
19.0292 	EXP 	slider_2: markerPos = 3.4609375
19.0459 	EXP 	slider_2: markerPos = 3.4609375
19.0626 	EXP 	slider_2: markerPos = 3.4609375
19.0732 	DATA 	Mouse:  Left button up, pos=(677,157)
19.0793 	EXP 	slider_2: markerPos = 3.4609375
19.0963 	EXP 	slider_2: markerPos = 3.4609375
19.0963 	EXP 	slider_2: rating = 3.4609375
19.1032 	EXP 	New trial (rep=0, index=18): OrderedDict([('Imagenes', 'imagenes\\Brownie.jpg'), ('Random', 0.17000143351927688), ('Correcto', None)])
19.1975 	EXP 	image_2: autoDraw = False
19.1975 	EXP 	slider_2: autoDraw = False
19.1975 	EXP 	image_2: image = 'imagenes\\Brownie.jpg'
19.1975 	EXP 	slider_2: markerPos = None
19.1975 	EXP 	slider_2: markerPos = None
19.1975 	EXP 	slider_2: rating = None
19.1975 	EXP 	image_2: autoDraw = True
19.1975 	EXP 	slider_2: autoDraw = True
19.2326 	DATA 	Mouse: Left button down, pos=(677,157)
19.2462 	EXP 	slider_2: markerPos = 3.4609375
19.2627 	EXP 	slider_2: markerPos = 3.4609375
19.2793 	EXP 	slider_2: markerPos = 3.4609375
19.2960 	EXP 	slider_2: markerPos = 3.4609375
19.3127 	EXP 	slider_2: markerPos = 3.4609375
19.3293 	EXP 	slider_2: markerPos = 3.4609375
19.3404 	DATA 	Mouse:  Left button up, pos=(677,157)
19.3463 	EXP 	slider_2: markerPos = 3.4609375
19.3640 	EXP 	slider_2: markerPos = 3.4609375
19.3640 	EXP 	slider_2: rating = 3.4609375
19.3708 	EXP 	New trial (rep=0, index=19): OrderedDict([('Imagenes', 'imagenes\\Alpinito.jpg'), ('Random', 0.4515332417045813), ('Correcto', None)])
19.4523 	EXP 	image_2: autoDraw = False
19.4523 	EXP 	slider_2: autoDraw = False
19.4523 	EXP 	image_2: image = 'imagenes\\Alpinito.jpg'
19.4523 	EXP 	slider_2: markerPos = None
19.4523 	EXP 	slider_2: markerPos = None
19.4523 	EXP 	slider_2: rating = None
19.4523 	EXP 	image_2: autoDraw = True
19.4523 	EXP 	slider_2: autoDraw = True
19.5499 	DATA 	Mouse: Left button down, pos=(677,157)
19.5626 	EXP 	slider_2: markerPos = 3.4609375
19.5794 	EXP 	slider_2: markerPos = 3.4609375
19.5959 	EXP 	slider_2: markerPos = 3.4609375
19.6127 	EXP 	slider_2: markerPos = 3.4609375
19.6293 	EXP 	slider_2: markerPos = 3.4609375
19.6464 	EXP 	slider_2: markerPos = 3.4609375
19.6626 	EXP 	slider_2: markerPos = 3.4609375
19.6793 	EXP 	slider_2: markerPos = 3.4609375
19.6961 	EXP 	slider_2: markerPos = 3.4609375
19.6988 	DATA 	Mouse:  Left button up, pos=(677,157)
19.7126 	EXP 	slider_2: markerPos = 3.4609375
19.7126 	EXP 	slider_2: rating = 3.4609375
19.7185 	EXP 	New trial (rep=0, index=1): OrderedDict([('Hertz', 1000), ('volumen', 0.02)])
19.7494 	EXP 	Imported imagenes.xlsx as conditions, 20 conditions, 3 params
19.7506 	EXP 	Created sequence: random, trialTypes=20, nReps=1, seed=None
19.7517 	EXP 	New trial (rep=0, index=0): OrderedDict([('Imagenes', 'imagenes\\Galletas-festival.jpg'), ('Random', 0.36121121246191135), ('Correcto', None)])
19.8047 	EXP 	image_2: autoDraw = False
19.8047 	EXP 	slider_2: autoDraw = False
19.8047 	EXP 	image_2: image = 'imagenes\\Galletas-festival.jpg'
19.8047 	EXP 	slider_2: markerPos = None
19.8047 	EXP 	slider_2: markerPos = None
19.8047 	EXP 	slider_2: rating = None
19.8047 	EXP 	image_2: autoDraw = True
19.8047 	EXP 	slider_2: autoDraw = True
19.8567 	DATA 	Mouse: Left button down, pos=(677,157)
19.8791 	EXP 	slider_2: markerPos = 3.4609375
19.8957 	EXP 	slider_2: markerPos = 3.4609375
19.9125 	EXP 	slider_2: markerPos = 3.4609375
19.9290 	EXP 	slider_2: markerPos = 3.4609375
19.9458 	EXP 	slider_2: markerPos = 3.4609375
19.9626 	EXP 	slider_2: markerPos = 3.4609375
19.9791 	EXP 	slider_2: markerPos = 3.4609375
19.9894 	DATA 	Mouse:  Left button up, pos=(677,157)
19.9957 	EXP 	slider_2: markerPos = 3.4609375
20.0126 	EXP 	slider_2: markerPos = 3.4609375
20.0126 	EXP 	slider_2: rating = 3.4609375
20.0202 	EXP 	New trial (rep=0, index=1): OrderedDict([('Imagenes', 'imagenes\\Alpinito.jpg'), ('Random', 0.4515332417045813), ('Correcto', None)])
20.0912 	EXP 	image_2: autoDraw = False
20.0912 	EXP 	slider_2: autoDraw = False
20.0912 	EXP 	image_2: image = 'imagenes\\Alpinito.jpg'
20.0912 	EXP 	slider_2: markerPos = None
20.0912 	EXP 	slider_2: markerPos = None
20.0912 	EXP 	slider_2: rating = None
20.0912 	EXP 	image_2: autoDraw = True
20.0912 	EXP 	slider_2: autoDraw = True
20.2323 	DATA 	Mouse: Left button down, pos=(677,157)
20.2459 	EXP 	slider_2: markerPos = 3.4609375
20.2624 	EXP 	slider_2: markerPos = 3.4609375
20.2793 	EXP 	slider_2: markerPos = 3.4609375
20.2964 	EXP 	slider_2: markerPos = 3.4609375
20.3125 	EXP 	slider_2: markerPos = 3.4609375
20.3227 	DATA 	Mouse:  Left button up, pos=(677,157)
20.3292 	EXP 	slider_2: markerPos = 3.4609375
20.3460 	EXP 	slider_2: markerPos = 3.4609375
20.3460 	EXP 	slider_2: rating = 3.4609375
20.3533 	EXP 	New trial (rep=0, index=2): OrderedDict([('Imagenes', 'imagenes\\Brownie.jpg'), ('Random', 0.17000143351927688), ('Correcto', None)])
20.4230 	DATA 	Mouse: Left button down, pos=(677,157)
20.4232 	DATA 	Mouse:  Left button up, pos=(677,157)
20.4280 	EXP 	image_2: autoDraw = False
20.4280 	EXP 	slider_2: autoDraw = False
20.4280 	EXP 	image_2: image = 'imagenes\\Brownie.jpg'
20.4280 	EXP 	slider_2: markerPos = None
20.4280 	EXP 	slider_2: markerPos = None
20.4280 	EXP 	slider_2: rating = None
20.4280 	EXP 	image_2: autoDraw = True
20.4280 	EXP 	slider_2: autoDraw = True
20.5652 	DATA 	Mouse: Left button down, pos=(677,157)
20.5792 	EXP 	slider_2: markerPos = 3.4609375
20.5964 	EXP 	slider_2: markerPos = 3.4609375
20.6126 	EXP 	slider_2: markerPos = 3.4609375
20.6293 	EXP 	slider_2: markerPos = 3.4609375
20.6459 	EXP 	slider_2: markerPos = 3.4609375
20.6625 	EXP 	slider_2: markerPos = 3.4609375
20.6792 	EXP 	slider_2: markerPos = 3.4609375
20.6961 	EXP 	slider_2: markerPos = 3.4609375
20.7066 	DATA 	Mouse:  Left button up, pos=(677,157)
20.7128 	EXP 	slider_2: markerPos = 3.4609375
20.7292 	EXP 	slider_2: markerPos = 3.4609375
20.7292 	EXP 	slider_2: rating = 3.4609375
20.7354 	EXP 	New trial (rep=0, index=3): OrderedDict([('Imagenes', 'imagenes\\Mango.jpeg'), ('Random', 0.555669112372461), ('Correcto', None)])
20.7883 	EXP 	image_2: autoDraw = False
20.7883 	EXP 	slider_2: autoDraw = False
20.7883 	EXP 	image_2: image = 'imagenes\\Mango.jpeg'
20.7883 	EXP 	slider_2: markerPos = None
20.7883 	EXP 	slider_2: markerPos = None
20.7883 	EXP 	slider_2: rating = None
20.7883 	EXP 	image_2: autoDraw = True
20.7883 	EXP 	slider_2: autoDraw = True
20.8825 	DATA 	Mouse: Left button down, pos=(677,157)
20.8962 	EXP 	slider_2: markerPos = 3.4609375
20.9127 	EXP 	slider_2: markerPos = 3.4609375
20.9292 	EXP 	slider_2: markerPos = 3.4609375
20.9460 	EXP 	slider_2: markerPos = 3.4609375
20.9626 	EXP 	slider_2: markerPos = 3.4609375
20.9791 	EXP 	slider_2: markerPos = 3.4609375
20.9960 	EXP 	slider_2: markerPos = 3.4609375
21.0076 	DATA 	Mouse:  Left button up, pos=(677,157)
21.0125 	EXP 	slider_2: markerPos = 3.4609375
21.0291 	EXP 	slider_2: markerPos = 3.4609375
21.0291 	EXP 	slider_2: rating = 3.4609375
21.0352 	EXP 	New trial (rep=0, index=4): OrderedDict([('Imagenes', 'imagenes\\Leche-de-almendras.jpg'), ('Random', 0.36073876480313727), ('Correcto', None)])
21.1434 	EXP 	image_2: autoDraw = False
21.1434 	EXP 	slider_2: autoDraw = False
21.1434 	EXP 	image_2: image = 'imagenes\\Leche-de-almendras.jpg'
21.1434 	EXP 	slider_2: markerPos = None
21.1434 	EXP 	slider_2: markerPos = None
21.1434 	EXP 	slider_2: rating = None
21.1434 	EXP 	image_2: autoDraw = True
21.1434 	EXP 	slider_2: autoDraw = True
21.1798 	DATA 	Mouse: Left button down, pos=(677,157)
21.1964 	EXP 	slider_2: markerPos = 3.4609375
21.2128 	EXP 	slider_2: markerPos = 3.4609375
21.2296 	EXP 	slider_2: markerPos = 3.4609375
21.2462 	EXP 	slider_2: markerPos = 3.4609375
21.2630 	EXP 	slider_2: markerPos = 3.4609375
21.2796 	EXP 	slider_2: markerPos = 3.4609375
21.2962 	EXP 	slider_2: markerPos = 3.4609375
21.3077 	DATA 	Mouse:  Left button up, pos=(677,157)
21.3131 	EXP 	slider_2: markerPos = 3.4609375
21.3296 	EXP 	slider_2: markerPos = 3.4609375
21.3296 	EXP 	slider_2: rating = 3.4609375
21.3354 	EXP 	New trial (rep=0, index=5): OrderedDict([('Imagenes', 'imagenes\\Papas-limon.jpg'), ('Random', 0.020692288100133793), ('Correcto', None)])
21.3774 	EXP 	image_2: autoDraw = False
21.3774 	EXP 	slider_2: autoDraw = False
21.3774 	EXP 	image_2: image = 'imagenes\\Papas-limon.jpg'
21.3774 	EXP 	slider_2: markerPos = None
21.3774 	EXP 	slider_2: markerPos = None
21.3774 	EXP 	slider_2: rating = None
21.3774 	EXP 	image_2: autoDraw = True
21.3774 	EXP 	slider_2: autoDraw = True
21.4658 	DATA 	Mouse: Left button down, pos=(677,157)
21.4790 	EXP 	slider_2: markerPos = 3.4609375
21.4961 	EXP 	slider_2: markerPos = 3.4609375
21.5125 	EXP 	slider_2: markerPos = 3.4609375
21.5291 	EXP 	slider_2: markerPos = 3.4609375
21.5457 	EXP 	slider_2: markerPos = 3.4609375
21.5624 	EXP 	slider_2: markerPos = 3.4609375
21.5790 	EXP 	slider_2: markerPos = 3.4609375
21.5821 	DATA 	Mouse:  Left button up, pos=(677,157)
21.5957 	EXP 	slider_2: markerPos = 3.4609375
21.5957 	EXP 	slider_2: rating = 3.4609375
21.6022 	EXP 	New trial (rep=0, index=6): OrderedDict([('Imagenes', 'imagenes\\Chocoramo.jfif.jpg'), ('Random', 0.7789437122019539), ('Correcto', None)])
21.6706 	EXP 	image_2: autoDraw = False
21.6706 	EXP 	slider_2: autoDraw = False
21.6706 	EXP 	image_2: image = 'imagenes\\Chocoramo.jfif.jpg'
21.6706 	EXP 	slider_2: markerPos = None
21.6706 	EXP 	slider_2: markerPos = None
21.6706 	EXP 	slider_2: rating = None
21.6706 	EXP 	image_2: autoDraw = True
21.6706 	EXP 	slider_2: autoDraw = True
21.7495 	DATA 	Mouse: Left button down, pos=(677,157)
21.7626 	EXP 	slider_2: markerPos = 3.4609375
21.7791 	EXP 	slider_2: markerPos = 3.4609375
21.7962 	EXP 	slider_2: markerPos = 3.4609375
21.8124 	EXP 	slider_2: markerPos = 3.4609375
21.8292 	EXP 	slider_2: markerPos = 3.4609375
21.8463 	EXP 	slider_2: markerPos = 3.4609375
21.8581 	DATA 	Mouse:  Left button up, pos=(677,157)
21.8624 	EXP 	slider_2: markerPos = 3.4609375
21.8793 	EXP 	slider_2: markerPos = 3.4609375
21.8793 	EXP 	slider_2: rating = 3.4609375
21.8855 	EXP 	New trial (rep=0, index=7): OrderedDict([('Imagenes', 'imagenes\\Banano.jpeg'), ('Random', 0.651633055306917), ('Correcto', None)])
21.9416 	EXP 	image_2: autoDraw = False
21.9416 	EXP 	slider_2: autoDraw = False
21.9416 	EXP 	image_2: image = 'imagenes\\Banano.jpeg'
21.9416 	EXP 	slider_2: markerPos = None
21.9416 	EXP 	slider_2: markerPos = None
21.9416 	EXP 	slider_2: rating = None
21.9416 	EXP 	image_2: autoDraw = True
21.9416 	EXP 	slider_2: autoDraw = True
22.0218 	DATA 	Mouse: Left button down, pos=(677,157)
22.0461 	EXP 	slider_2: markerPos = 3.4609375
22.0624 	EXP 	slider_2: markerPos = 3.4609375
22.0790 	EXP 	slider_2: markerPos = 3.4609375
22.0961 	EXP 	slider_2: markerPos = 3.4609375
22.1123 	EXP 	slider_2: markerPos = 3.4609375
22.1290 	EXP 	slider_2: markerPos = 3.4609375
22.1403 	DATA 	Mouse:  Left button up, pos=(677,157)
22.1460 	EXP 	slider_2: markerPos = 3.4609375
22.1625 	EXP 	slider_2: markerPos = 3.4609375
22.1625 	EXP 	slider_2: rating = 3.4609375
22.1685 	EXP 	New trial (rep=0, index=8): OrderedDict([('Imagenes', 'imagenes\\bon-bon-bun.jpg'), ('Random', 0.7387922093313524), ('Correcto', None)])
22.2326 	EXP 	image_2: autoDraw = False
22.2326 	EXP 	slider_2: autoDraw = False
22.2326 	EXP 	image_2: image = 'imagenes\\bon-bon-bun.jpg'
22.2326 	EXP 	slider_2: markerPos = None
22.2326 	EXP 	slider_2: markerPos = None
22.2326 	EXP 	slider_2: rating = None
22.2326 	EXP 	image_2: autoDraw = True
22.2326 	EXP 	slider_2: autoDraw = True
22.3062 	DATA 	Mouse: Left button down, pos=(677,157)
22.3291 	EXP 	slider_2: markerPos = 3.4609375
22.3461 	EXP 	slider_2: markerPos = 3.4609375
22.3627 	EXP 	slider_2: markerPos = 3.4609375
22.3790 	EXP 	slider_2: markerPos = 3.4609375
22.3957 	EXP 	slider_2: markerPos = 3.4609375
22.4124 	EXP 	slider_2: markerPos = 3.4609375
22.4150 	DATA 	Mouse:  Left button up, pos=(677,157)
22.4291 	EXP 	slider_2: markerPos = 3.4609375
22.4291 	EXP 	slider_2: rating = 3.4609375
22.4346 	EXP 	New trial (rep=0, index=9): OrderedDict([('Imagenes', 'imagenes\\Papas-naturales.jpg'), ('Random', 0.15856838916280946), ('Correcto', None)])
22.4749 	EXP 	image_2: autoDraw = False
22.4749 	EXP 	slider_2: autoDraw = False
22.4749 	EXP 	image_2: image = 'imagenes\\Papas-naturales.jpg'
22.4749 	EXP 	slider_2: markerPos = None
22.4749 	EXP 	slider_2: markerPos = None
22.4749 	EXP 	slider_2: rating = None
22.4749 	EXP 	image_2: autoDraw = True
22.4749 	EXP 	slider_2: autoDraw = True
22.6155 	DATA 	Mouse: Left button down, pos=(677,157)
22.6290 	EXP 	slider_2: markerPos = 3.4609375
22.6458 	EXP 	slider_2: markerPos = 3.4609375
22.6623 	EXP 	slider_2: markerPos = 3.4609375
22.6790 	EXP 	slider_2: markerPos = 3.4609375
22.6962 	EXP 	slider_2: markerPos = 3.4609375
22.7123 	EXP 	slider_2: markerPos = 3.4609375
22.7291 	EXP 	slider_2: markerPos = 3.4609375
22.7318 	DATA 	Mouse:  Left button up, pos=(677,157)
22.7459 	EXP 	slider_2: markerPos = 3.4609375
22.7459 	EXP 	slider_2: rating = 3.4609375
22.7521 	EXP 	New trial (rep=0, index=10): OrderedDict([('Imagenes', 'imagenes\\Uvas.jpg'), ('Random', 0.7734382152670648), ('Correcto', None)])
22.7984 	EXP 	image_2: autoDraw = False
22.7984 	EXP 	slider_2: autoDraw = False
22.7984 	EXP 	image_2: image = 'imagenes\\Uvas.jpg'
22.7984 	EXP 	slider_2: markerPos = None
22.7984 	EXP 	slider_2: markerPos = None
22.7984 	EXP 	slider_2: rating = None
22.7984 	EXP 	image_2: autoDraw = True
22.7984 	EXP 	slider_2: autoDraw = True
22.9064 	DATA 	Mouse: Left button down, pos=(677,157)
22.9290 	EXP 	slider_2: markerPos = 3.4609375
22.9461 	EXP 	slider_2: markerPos = 3.4609375
22.9623 	EXP 	slider_2: markerPos = 3.4609375
22.9790 	EXP 	slider_2: markerPos = 3.4609375
22.9959 	EXP 	slider_2: markerPos = 3.4609375
22.9994 	DATA 	Mouse:  Left button up, pos=(677,157)
23.0124 	EXP 	slider_2: markerPos = 3.4609375
23.0124 	EXP 	slider_2: rating = 3.4609375
23.0181 	EXP 	New trial (rep=0, index=11): OrderedDict([('Imagenes', 'imagenes\\Popetas.jpg'), ('Random', 0.07650200324054446), ('Correcto', None)])
23.1089 	EXP 	image_2: autoDraw = False
23.1089 	EXP 	slider_2: autoDraw = False
23.1089 	EXP 	image_2: image = 'imagenes\\Popetas.jpg'
23.1089 	EXP 	slider_2: markerPos = None
23.1089 	EXP 	slider_2: markerPos = None
23.1089 	EXP 	slider_2: rating = None
23.1089 	EXP 	image_2: autoDraw = True
23.1089 	EXP 	slider_2: autoDraw = True
23.1678 	DATA 	Mouse: Left button down, pos=(677,157)
23.1792 	EXP 	slider_2: markerPos = 3.4609375
23.1958 	EXP 	slider_2: markerPos = 3.4609375
23.2125 	EXP 	slider_2: markerPos = 3.4609375
23.2292 	EXP 	slider_2: markerPos = 3.4609375
23.2462 	EXP 	slider_2: markerPos = 3.4609375
23.2628 	EXP 	slider_2: markerPos = 3.4609375
23.2734 	DATA 	Mouse:  Left button up, pos=(677,157)
23.2792 	EXP 	slider_2: markerPos = 3.4609375
23.2961 	EXP 	slider_2: markerPos = 3.4609375
23.2961 	EXP 	slider_2: rating = 3.4609375
23.3021 	EXP 	New trial (rep=0, index=12): OrderedDict([('Imagenes', 'imagenes\\Nutella (1).jpg'), ('Random', 0.5277483225747329), ('Correcto', None)])
23.3428 	EXP 	image_2: autoDraw = False
23.3428 	EXP 	slider_2: autoDraw = False
23.3428 	EXP 	image_2: image = 'imagenes\\Nutella (1).jpg'
23.3428 	EXP 	slider_2: markerPos = None
23.3428 	EXP 	slider_2: markerPos = None
23.3428 	EXP 	slider_2: rating = None
23.3428 	EXP 	image_2: autoDraw = True
23.3428 	EXP 	slider_2: autoDraw = True
23.4697 	DATA 	Mouse: Left button down, pos=(677,157)
23.4808 	EXP 	slider_2: markerPos = 3.4609375
23.4958 	EXP 	slider_2: markerPos = 3.4609375
23.5123 	EXP 	slider_2: markerPos = 3.4609375
23.5290 	EXP 	slider_2: markerPos = 3.4609375
23.5463 	EXP 	slider_2: markerPos = 3.4609375
23.5623 	EXP 	slider_2: markerPos = 3.4609375
23.5790 	EXP 	slider_2: markerPos = 3.4609375
23.5887 	DATA 	Mouse:  Left button up, pos=(677,157)
23.5958 	EXP 	slider_2: markerPos = 3.4609375
23.6124 	EXP 	slider_2: markerPos = 3.4609375
23.6124 	EXP 	slider_2: rating = 3.4609375
23.6181 	EXP 	New trial (rep=0, index=13): OrderedDict([('Imagenes', 'imagenes\\Croissant.jpg'), ('Random', 0.6152458173421255), ('Correcto', None)])
23.6882 	EXP 	image_2: autoDraw = False
23.6882 	EXP 	slider_2: autoDraw = False
23.6882 	EXP 	image_2: image = 'imagenes\\Croissant.jpg'
23.6882 	EXP 	slider_2: markerPos = None
23.6882 	EXP 	slider_2: markerPos = None
23.6882 	EXP 	slider_2: rating = None
23.6882 	EXP 	image_2: autoDraw = True
23.6882 	EXP 	slider_2: autoDraw = True
23.7726 	DATA 	Mouse: Left button down, pos=(677,157)
23.7957 	EXP 	slider_2: markerPos = 3.4609375
23.8125 	EXP 	slider_2: markerPos = 3.4609375
23.8290 	EXP 	slider_2: markerPos = 3.4609375
23.8458 	EXP 	slider_2: markerPos = 3.4609375
23.8624 	EXP 	slider_2: markerPos = 3.4609375
23.8790 	EXP 	slider_2: markerPos = 3.4609375
23.8904 	DATA 	Mouse:  Left button up, pos=(677,157)
23.8961 	EXP 	slider_2: markerPos = 3.4609375
23.9125 	EXP 	slider_2: markerPos = 3.4609375
23.9125 	EXP 	slider_2: rating = 3.4609375
23.9185 	EXP 	New trial (rep=0, index=14): OrderedDict([('Imagenes', 'imagenes\\Manzana.jpg'), ('Random', 0.5168162194437935), ('Correcto', None)])
23.9802 	EXP 	image_2: autoDraw = False
23.9802 	EXP 	slider_2: autoDraw = False
23.9802 	EXP 	image_2: image = 'imagenes\\Manzana.jpg'
23.9802 	EXP 	slider_2: markerPos = None
23.9802 	EXP 	slider_2: markerPos = None
23.9802 	EXP 	slider_2: rating = None
23.9802 	EXP 	image_2: autoDraw = True
23.9802 	EXP 	slider_2: autoDraw = True
24.1000 	DATA 	Mouse: Left button down, pos=(677,157)
24.1125 	EXP 	slider_2: markerPos = 3.4609375
24.1289 	EXP 	slider_2: markerPos = 3.4609375
24.1461 	EXP 	slider_2: markerPos = 3.4609375
24.1624 	EXP 	slider_2: markerPos = 3.4609375
24.1790 	EXP 	slider_2: markerPos = 3.4609375
24.1961 	EXP 	slider_2: markerPos = 3.4609375
24.2124 	EXP 	slider_2: markerPos = 3.4609375
24.2232 	DATA 	Mouse:  Left button up, pos=(677,157)
24.2291 	EXP 	slider_2: markerPos = 3.4609375
24.2458 	EXP 	slider_2: markerPos = 3.4609375
24.2458 	EXP 	slider_2: rating = 3.4609375
24.2522 	EXP 	New trial (rep=0, index=15): OrderedDict([('Imagenes', 'imagenes\\Galletas Tosh.jpg'), ('Random', 0.478088790487872), ('Correcto', None)])
24.3120 	EXP 	image_2: autoDraw = False
24.3120 	EXP 	slider_2: autoDraw = False
24.3120 	EXP 	image_2: image = 'imagenes\\Galletas Tosh.jpg'
24.3120 	EXP 	slider_2: markerPos = None
24.3120 	EXP 	slider_2: markerPos = None
24.3120 	EXP 	slider_2: rating = None
24.3120 	EXP 	image_2: autoDraw = True
24.3120 	EXP 	slider_2: autoDraw = True
24.3882 	DATA 	Mouse: Left button down, pos=(677,157)
24.4123 	EXP 	slider_2: markerPos = 3.4609375
24.4290 	EXP 	slider_2: markerPos = 3.4609375
24.4460 	EXP 	slider_2: markerPos = 3.4609375
24.4624 	EXP 	slider_2: markerPos = 3.4609375
24.4789 	EXP 	slider_2: markerPos = 3.4609375
24.4959 	EXP 	slider_2: markerPos = 3.4609375
24.4992 	DATA 	Mouse:  Left button up, pos=(677,157)
24.5123 	EXP 	slider_2: markerPos = 3.4609375
24.5123 	EXP 	slider_2: rating = 3.4609375
24.5182 	EXP 	New trial (rep=0, index=16): OrderedDict([('Imagenes', 'imagenes\\Papas-pollo.jpg'), ('Random', 0.6683114062971784), ('Correcto', None)])
24.5598 	EXP 	image_2: autoDraw = False
24.5598 	EXP 	slider_2: autoDraw = False
24.5598 	EXP 	image_2: image = 'imagenes\\Papas-pollo.jpg'
24.5598 	EXP 	slider_2: markerPos = None
24.5598 	EXP 	slider_2: markerPos = None
24.5598 	EXP 	slider_2: rating = None
24.5598 	EXP 	image_2: autoDraw = True
24.5598 	EXP 	slider_2: autoDraw = True
24.6655 	DATA 	Mouse: Left button down, pos=(677,157)
24.6790 	EXP 	slider_2: markerPos = 3.4609375
24.6956 	EXP 	slider_2: markerPos = 3.4609375
24.7122 	EXP 	slider_2: markerPos = 3.4609375
24.7290 	EXP 	slider_2: markerPos = 3.4609375
24.7458 	EXP 	slider_2: markerPos = 3.4609375
24.7623 	EXP 	slider_2: markerPos = 3.4609375
24.7651 	DATA 	Mouse:  Left button up, pos=(677,157)
24.7790 	EXP 	slider_2: markerPos = 3.4609375
24.7790 	EXP 	slider_2: rating = 3.4609375
24.7853 	EXP 	New trial (rep=0, index=17): OrderedDict([('Imagenes', 'imagenes\\Kiwi.jpg'), ('Random', 0.5893907384852061), ('Correcto', None)])
24.8149 	EXP 	image_2: autoDraw = False
24.8149 	EXP 	slider_2: autoDraw = False
24.8149 	EXP 	image_2: image = 'imagenes\\Kiwi.jpg'
24.8149 	EXP 	slider_2: markerPos = None
24.8149 	EXP 	slider_2: markerPos = None
24.8149 	EXP 	slider_2: rating = None
24.8149 	EXP 	image_2: autoDraw = True
24.8149 	EXP 	slider_2: autoDraw = True
24.9483 	DATA 	Mouse: Left button down, pos=(677,157)
24.9623 	EXP 	slider_2: markerPos = 3.4609375
24.9790 	EXP 	slider_2: markerPos = 3.4609375
24.9956 	EXP 	slider_2: markerPos = 3.4609375
25.0125 	EXP 	slider_2: markerPos = 3.4609375
25.0289 	EXP 	slider_2: markerPos = 3.4609375
25.0397 	DATA 	Mouse:  Left button up, pos=(677,157)
25.0458 	EXP 	slider_2: markerPos = 3.4609375
25.0623 	EXP 	slider_2: markerPos = 3.4609375
25.0623 	EXP 	slider_2: rating = 3.4609375
25.0683 	EXP 	New trial (rep=0, index=18): OrderedDict([('Imagenes', 'imagenes\\Rosquitas (1).jpg'), ('Random', 0.3035383390851263), ('Correcto', None)])
25.1341 	EXP 	image_2: autoDraw = False
25.1341 	EXP 	slider_2: autoDraw = False
25.1341 	EXP 	image_2: image = 'imagenes\\Rosquitas (1).jpg'
25.1341 	EXP 	slider_2: markerPos = None
25.1341 	EXP 	slider_2: markerPos = None
25.1341 	EXP 	slider_2: rating = None
25.1341 	EXP 	image_2: autoDraw = True
25.1341 	EXP 	slider_2: autoDraw = True
25.2415 	DATA 	Mouse: Left button down, pos=(677,157)
25.2623 	EXP 	slider_2: markerPos = 3.4609375
25.2790 	EXP 	slider_2: markerPos = 3.4609375
25.2956 	EXP 	slider_2: markerPos = 3.4609375
25.3122 	EXP 	slider_2: markerPos = 3.4609375
25.3289 	EXP 	slider_2: markerPos = 3.4609375
25.3408 	DATA 	Mouse:  Left button up, pos=(677,157)
25.3457 	EXP 	slider_2: markerPos = 3.4609375
25.3650 	EXP 	slider_2: markerPos = 3.4609375
25.3650 	EXP 	slider_2: rating = 3.4609375
25.3716 	EXP 	New trial (rep=0, index=19): OrderedDict([('Imagenes', 'imagenes\\Yogurt-alpina.jpg'), ('Random', 0.21540995091807813), ('Correcto', None)])
25.4097 	EXP 	image_2: autoDraw = False
25.4097 	EXP 	slider_2: autoDraw = False
25.4097 	EXP 	image_2: image = 'imagenes\\Yogurt-alpina.jpg'
25.4097 	EXP 	slider_2: markerPos = None
25.4097 	EXP 	slider_2: markerPos = None
25.4097 	EXP 	slider_2: rating = None
25.4097 	EXP 	image_2: autoDraw = True
25.4097 	EXP 	slider_2: autoDraw = True
25.5072 	DATA 	Mouse: Left button down, pos=(677,157)
25.5289 	EXP 	slider_2: markerPos = 3.4609375
25.5457 	EXP 	slider_2: markerPos = 3.4609375
25.5623 	EXP 	slider_2: markerPos = 3.4609375
25.5790 	EXP 	slider_2: markerPos = 3.4609375
25.5956 	EXP 	slider_2: markerPos = 3.4609375
25.6123 	EXP 	slider_2: markerPos = 3.4609375
25.6223 	DATA 	Mouse:  Left button up, pos=(677,157)
25.6289 	EXP 	slider_2: markerPos = 3.4609375
25.6459 	EXP 	slider_2: markerPos = 3.4609375
25.6459 	EXP 	slider_2: rating = 3.4609375
25.6518 	EXP 	New trial (rep=0, index=2): OrderedDict([('Hertz', 400), ('volumen', 0.02)])
25.6806 	EXP 	Imported imagenes.xlsx as conditions, 20 conditions, 3 params
25.6818 	EXP 	Created sequence: random, trialTypes=20, nReps=1, seed=None
25.6830 	EXP 	New trial (rep=0, index=0): OrderedDict([('Imagenes', 'imagenes\\Galletas Tosh.jpg'), ('Random', 0.478088790487872), ('Correcto', None)])
25.7332 	EXP 	image_2: autoDraw = False
25.7332 	EXP 	slider_2: autoDraw = False
25.7332 	EXP 	image_2: image = 'imagenes\\Galletas Tosh.jpg'
25.7332 	EXP 	slider_2: markerPos = None
25.7332 	EXP 	slider_2: markerPos = None
25.7332 	EXP 	slider_2: rating = None
25.7332 	EXP 	image_2: autoDraw = True
25.7332 	EXP 	slider_2: autoDraw = True
25.8057 	DATA 	Mouse: Left button down, pos=(677,157)
25.8289 	EXP 	slider_2: markerPos = 3.4609375
25.8458 	EXP 	slider_2: markerPos = 3.4609375
25.8622 	EXP 	slider_2: markerPos = 3.4609375
25.8789 	EXP 	slider_2: markerPos = 3.4609375
25.8958 	EXP 	slider_2: markerPos = 3.4609375
25.9122 	EXP 	slider_2: markerPos = 3.4609375
25.9290 	EXP 	slider_2: markerPos = 3.4609375
25.9321 	DATA 	Mouse:  Left button up, pos=(677,157)
25.9454 	EXP 	slider_2: markerPos = 3.4609375
25.9454 	EXP 	slider_2: rating = 3.4609375
25.9535 	EXP 	New trial (rep=0, index=1): OrderedDict([('Imagenes', 'imagenes\\Manzana.jpg'), ('Random', 0.5168162194437935), ('Correcto', None)])
26.0155 	EXP 	image_2: autoDraw = False
26.0155 	EXP 	slider_2: autoDraw = False
26.0155 	EXP 	image_2: image = 'imagenes\\Manzana.jpg'
26.0155 	EXP 	slider_2: markerPos = None
26.0155 	EXP 	slider_2: markerPos = None
26.0155 	EXP 	slider_2: rating = None
26.0155 	EXP 	image_2: autoDraw = True
26.0155 	EXP 	slider_2: autoDraw = True
26.1318 	DATA 	Mouse: Left button down, pos=(677,157)
26.1458 	EXP 	slider_2: markerPos = 3.4609375
26.1623 	EXP 	slider_2: markerPos = 3.4609375
26.1789 	EXP 	slider_2: markerPos = 3.4609375
26.1957 	EXP 	slider_2: markerPos = 3.4609375
26.2123 	EXP 	slider_2: markerPos = 3.4609375
26.2289 	EXP 	slider_2: markerPos = 3.4609375
26.2455 	EXP 	slider_2: markerPos = 3.4609375
26.2486 	DATA 	Mouse:  Left button up, pos=(677,157)
26.2624 	EXP 	slider_2: markerPos = 3.4609375
26.2624 	EXP 	slider_2: rating = 3.4609375
26.2682 	EXP 	New trial (rep=0, index=2): OrderedDict([('Imagenes', 'imagenes\\Galletas-festival.jpg'), ('Random', 0.36121121246191135), ('Correcto', None)])
26.3179 	EXP 	image_2: autoDraw = False
26.3179 	EXP 	slider_2: autoDraw = False
26.3179 	EXP 	image_2: image = 'imagenes\\Galletas-festival.jpg'
26.3179 	EXP 	slider_2: markerPos = None
26.3179 	EXP 	slider_2: markerPos = None
26.3179 	EXP 	slider_2: rating = None
26.3179 	EXP 	image_2: autoDraw = True
26.3179 	EXP 	slider_2: autoDraw = True
26.5490 	DATA 	Mouse: Left button down, pos=(677,157)
26.5623 	EXP 	slider_2: markerPos = 3.4609375
26.5789 	EXP 	slider_2: markerPos = 3.4609375
26.5961 	EXP 	slider_2: markerPos = 3.4609375
26.6123 	EXP 	slider_2: markerPos = 3.4609375
26.6289 	EXP 	slider_2: markerPos = 3.4609375
26.6457 	EXP 	slider_2: markerPos = 3.4609375
26.6622 	EXP 	slider_2: markerPos = 3.4609375
26.6645 	DATA 	Mouse:  Left button up, pos=(677,157)
26.6788 	EXP 	slider_2: markerPos = 3.4609375
26.6788 	EXP 	slider_2: rating = 3.4609375
26.6842 	EXP 	New trial (rep=0, index=3): OrderedDict([('Imagenes', 'imagenes\\Yogurt-alpina.jpg'), ('Random', 0.21540995091807813), ('Correcto', None)])
26.7285 	EXP 	image_2: autoDraw = False
26.7285 	EXP 	slider_2: autoDraw = False
26.7285 	EXP 	image_2: image = 'imagenes\\Yogurt-alpina.jpg'
26.7285 	EXP 	slider_2: markerPos = None
26.7285 	EXP 	slider_2: markerPos = None
26.7285 	EXP 	slider_2: rating = None
26.7285 	EXP 	image_2: autoDraw = True
26.7285 	EXP 	slider_2: autoDraw = True
26.9490 	DATA 	Mouse: Left button down, pos=(677,157)
26.9625 	EXP 	slider_2: markerPos = 3.4609375
26.9788 	EXP 	slider_2: markerPos = 3.4609375
26.9959 	EXP 	slider_2: markerPos = 3.4609375
27.0125 	EXP 	slider_2: markerPos = 3.4609375
27.0288 	EXP 	slider_2: markerPos = 3.4609375
27.0456 	EXP 	slider_2: markerPos = 3.4609375
27.0489 	DATA 	Mouse:  Left button up, pos=(677,157)
27.0622 	EXP 	slider_2: markerPos = 3.4609375
27.0622 	EXP 	slider_2: rating = 3.4609375
27.0682 	EXP 	New trial (rep=0, index=4): OrderedDict([('Imagenes', 'imagenes\\Brownie.jpg'), ('Random', 0.17000143351927688), ('Correcto', None)])
27.1551 	EXP 	image_2: autoDraw = False
27.1551 	EXP 	slider_2: autoDraw = False
27.1551 	EXP 	image_2: image = 'imagenes\\Brownie.jpg'
27.1551 	EXP 	slider_2: markerPos = None
27.1551 	EXP 	slider_2: markerPos = None
27.1551 	EXP 	slider_2: rating = None
27.1551 	EXP 	image_2: autoDraw = True
27.1551 	EXP 	slider_2: autoDraw = True
27.2492 	DATA 	Mouse: Left button down, pos=(677,157)
27.2623 	EXP 	slider_2: markerPos = 3.4609375
27.2790 	EXP 	slider_2: markerPos = 3.4609375
27.2956 	EXP 	slider_2: markerPos = 3.4609375
27.3123 	EXP 	slider_2: markerPos = 3.4609375
27.3289 	EXP 	slider_2: markerPos = 3.4609375
27.3456 	EXP 	slider_2: markerPos = 3.4609375
27.3622 	EXP 	slider_2: markerPos = 3.4609375
27.3652 	DATA 	Mouse:  Left button up, pos=(677,157)
27.3789 	EXP 	slider_2: markerPos = 3.4609375
27.3789 	EXP 	slider_2: rating = 3.4609375
27.3844 	EXP 	New trial (rep=0, index=5): OrderedDict([('Imagenes', 'imagenes\\Popetas.jpg'), ('Random', 0.07650200324054446), ('Correcto', None)])
27.4561 	EXP 	image_2: autoDraw = False
27.4561 	EXP 	slider_2: autoDraw = False
27.4561 	EXP 	image_2: image = 'imagenes\\Popetas.jpg'
27.4561 	EXP 	slider_2: markerPos = None
27.4561 	EXP 	slider_2: markerPos = None
27.4561 	EXP 	slider_2: rating = None
27.4561 	EXP 	image_2: autoDraw = True
27.4561 	EXP 	slider_2: autoDraw = True
27.5998 	DATA 	Mouse: Left button down, pos=(677,157)
27.6124 	EXP 	slider_2: markerPos = 3.4609375
27.6290 	EXP 	slider_2: markerPos = 3.4609375
27.6461 	EXP 	slider_2: markerPos = 3.4609375
27.6625 	EXP 	slider_2: markerPos = 3.4609375
27.6790 	EXP 	slider_2: markerPos = 3.4609375
27.6957 	EXP 	slider_2: markerPos = 3.4609375
27.7123 	EXP 	slider_2: markerPos = 3.4609375
27.7150 	DATA 	Mouse:  Left button up, pos=(677,157)
27.7290 	EXP 	slider_2: markerPos = 3.4609375
27.7290 	EXP 	slider_2: rating = 3.4609375
27.7346 	EXP 	New trial (rep=0, index=6): OrderedDict([('Imagenes', 'imagenes\\Rosquitas (1).jpg'), ('Random', 0.3035383390851263), ('Correcto', None)])
27.8046 	EXP 	image_2: autoDraw = False
27.8046 	EXP 	slider_2: autoDraw = False
27.8046 	EXP 	image_2: image = 'imagenes\\Rosquitas (1).jpg'
27.8046 	EXP 	slider_2: markerPos = None
27.8046 	EXP 	slider_2: markerPos = None
27.8046 	EXP 	slider_2: rating = None
27.8046 	EXP 	image_2: autoDraw = True
27.8046 	EXP 	slider_2: autoDraw = True
27.9158 	DATA 	Mouse: Left button down, pos=(677,157)
27.9288 	EXP 	slider_2: markerPos = 3.4609375
27.9459 	EXP 	slider_2: markerPos = 3.4609375
27.9622 	EXP 	slider_2: markerPos = 3.4609375
27.9788 	EXP 	slider_2: markerPos = 3.4609375
27.9954 	EXP 	slider_2: markerPos = 3.4609375
28.0122 	EXP 	slider_2: markerPos = 3.4609375
28.0238 	DATA 	Mouse:  Left button up, pos=(677,157)
28.0288 	EXP 	slider_2: markerPos = 3.4609375
28.0455 	EXP 	slider_2: markerPos = 3.4609375
28.0455 	EXP 	slider_2: rating = 3.4609375
28.0517 	EXP 	New trial (rep=0, index=7): OrderedDict([('Imagenes', 'imagenes\\Leche-de-almendras.jpg'), ('Random', 0.36073876480313727), ('Correcto', None)])
28.2349 	DATA 	Mouse: Left button down, pos=(677,157)
28.2407 	EXP 	image_2: autoDraw = False
28.2407 	EXP 	slider_2: autoDraw = False
28.2407 	EXP 	image_2: image = 'imagenes\\Leche-de-almendras.jpg'
28.2407 	EXP 	slider_2: markerPos = None
28.2407 	EXP 	slider_2: markerPos = None
28.2407 	EXP 	slider_2: rating = None
28.2407 	EXP 	image_2: autoDraw = True
28.2407 	EXP 	slider_2: autoDraw = True
28.2407 	EXP 	slider_2: markerPos = 3.4609375
28.2483 	EXP 	slider_2: markerPos = 3.4609375
28.2550 	EXP 	slider_2: markerPos = 3.4609375
28.2627 	EXP 	slider_2: markerPos = 3.4609375
28.2790 	EXP 	slider_2: markerPos = 3.4609375
28.2957 	EXP 	slider_2: markerPos = 3.4609375
28.3125 	EXP 	slider_2: markerPos = 3.4609375
28.3293 	EXP 	slider_2: markerPos = 3.4609375
28.3457 	EXP 	slider_2: markerPos = 3.4609375
28.3568 	DATA 	Mouse:  Left button up, pos=(677,157)
28.3625 	EXP 	slider_2: markerPos = 3.4609375
28.3792 	EXP 	slider_2: markerPos = 3.4609375
28.3792 	EXP 	slider_2: rating = 3.4609375
28.3847 	EXP 	New trial (rep=0, index=8): OrderedDict([('Imagenes', 'imagenes\\bon-bon-bun.jpg'), ('Random', 0.7387922093313524), ('Correcto', None)])
28.4458 	EXP 	image_2: autoDraw = False
28.4458 	EXP 	slider_2: autoDraw = False
28.4458 	EXP 	image_2: image = 'imagenes\\bon-bon-bun.jpg'
28.4458 	EXP 	slider_2: markerPos = None
28.4458 	EXP 	slider_2: markerPos = None
28.4458 	EXP 	slider_2: rating = None
28.4458 	EXP 	image_2: autoDraw = True
28.4458 	EXP 	slider_2: autoDraw = True
28.6151 	DATA 	Mouse: Left button down, pos=(677,157)
28.6288 	EXP 	slider_2: markerPos = 3.4609375
28.6455 	EXP 	slider_2: markerPos = 3.4609375
28.6623 	EXP 	slider_2: markerPos = 3.4609375
28.6788 	EXP 	slider_2: markerPos = 3.4609375
28.6957 	EXP 	slider_2: markerPos = 3.4609375
28.7121 	EXP 	slider_2: markerPos = 3.4609375
28.7289 	EXP 	slider_2: markerPos = 3.4609375
28.7459 	EXP 	slider_2: markerPos = 3.4609375
28.7622 	EXP 	slider_2: markerPos = 3.4609375
28.7647 	DATA 	Mouse:  Left button up, pos=(677,157)
28.7788 	EXP 	slider_2: markerPos = 3.4609375
28.7788 	EXP 	slider_2: rating = 3.4609375
28.7853 	EXP 	New trial (rep=0, index=9): OrderedDict([('Imagenes', 'imagenes\\Kiwi.jpg'), ('Random', 0.5893907384852061), ('Correcto', None)])
28.8164 	EXP 	image_2: autoDraw = False
28.8164 	EXP 	slider_2: autoDraw = False
28.8164 	EXP 	image_2: image = 'imagenes\\Kiwi.jpg'
28.8164 	EXP 	slider_2: markerPos = None
28.8164 	EXP 	slider_2: markerPos = None
28.8164 	EXP 	slider_2: rating = None
28.8164 	EXP 	image_2: autoDraw = True
28.8164 	EXP 	slider_2: autoDraw = True
28.9988 	DATA 	Mouse: Left button down, pos=(677,157)
29.0120 	EXP 	slider_2: markerPos = 3.4609375
29.0287 	EXP 	slider_2: markerPos = 3.4609375
29.0457 	EXP 	slider_2: markerPos = 3.4609375
29.0622 	EXP 	slider_2: markerPos = 3.4609375
29.0787 	EXP 	slider_2: markerPos = 3.4609375
29.0959 	EXP 	slider_2: markerPos = 3.4609375
29.1121 	EXP 	slider_2: markerPos = 3.4609375
29.1148 	DATA 	Mouse:  Left button up, pos=(677,157)
29.1287 	EXP 	slider_2: markerPos = 3.4609375
29.1287 	EXP 	slider_2: rating = 3.4609375
29.1351 	EXP 	New trial (rep=0, index=10): OrderedDict([('Imagenes', 'imagenes\\Alpinito.jpg'), ('Random', 0.4515332417045813), ('Correcto', None)])
29.2122 	EXP 	image_2: autoDraw = False
29.2122 	EXP 	slider_2: autoDraw = False
29.2122 	EXP 	image_2: image = 'imagenes\\Alpinito.jpg'
29.2122 	EXP 	slider_2: markerPos = None
29.2122 	EXP 	slider_2: markerPos = None
29.2122 	EXP 	slider_2: rating = None
29.2122 	EXP 	image_2: autoDraw = True
29.2122 	EXP 	slider_2: autoDraw = True
29.3386 	DATA 	Mouse: Left button down, pos=(677,157)
29.3622 	EXP 	slider_2: markerPos = 3.4609375
29.3789 	EXP 	slider_2: markerPos = 3.4609375
29.3959 	EXP 	slider_2: markerPos = 3.4609375
29.4122 	EXP 	slider_2: markerPos = 3.4609375
29.4289 	EXP 	slider_2: markerPos = 3.4609375
29.4458 	EXP 	slider_2: markerPos = 3.4609375
29.4621 	EXP 	slider_2: markerPos = 3.4609375
29.4735 	DATA 	Mouse:  Left button up, pos=(677,157)
29.4788 	EXP 	slider_2: markerPos = 3.4609375
29.4956 	EXP 	slider_2: markerPos = 3.4609375
29.4956 	EXP 	slider_2: rating = 3.4609375
29.5015 	EXP 	New trial (rep=0, index=11): OrderedDict([('Imagenes', 'imagenes\\Papas-pollo.jpg'), ('Random', 0.6683114062971784), ('Correcto', None)])
29.5360 	EXP 	image_2: autoDraw = False
29.5360 	EXP 	slider_2: autoDraw = False
29.5360 	EXP 	image_2: image = 'imagenes\\Papas-pollo.jpg'
29.5360 	EXP 	slider_2: markerPos = None
29.5360 	EXP 	slider_2: markerPos = None
29.5360 	EXP 	slider_2: rating = None
29.5360 	EXP 	image_2: autoDraw = True
29.5360 	EXP 	slider_2: autoDraw = True
29.7323 	DATA 	Mouse: Left button down, pos=(677,157)
29.7457 	EXP 	slider_2: markerPos = 3.4609375
29.7620 	EXP 	slider_2: markerPos = 3.4609375
29.7787 	EXP 	slider_2: markerPos = 3.4609375
29.7955 	EXP 	slider_2: markerPos = 3.4609375
29.8122 	EXP 	slider_2: markerPos = 3.4609375
29.8287 	EXP 	slider_2: markerPos = 3.4609375
29.8397 	DATA 	Mouse:  Left button up, pos=(677,157)
29.8455 	EXP 	slider_2: markerPos = 3.4609375
29.8622 	EXP 	slider_2: markerPos = 3.4609375
29.8622 	EXP 	slider_2: rating = 3.4609375
29.8685 	EXP 	New trial (rep=0, index=12): OrderedDict([('Imagenes', 'imagenes\\Chocoramo.jfif.jpg'), ('Random', 0.7789437122019539), ('Correcto', None)])
29.9373 	EXP 	image_2: autoDraw = False
29.9373 	EXP 	slider_2: autoDraw = False
29.9373 	EXP 	image_2: image = 'imagenes\\Chocoramo.jfif.jpg'
29.9373 	EXP 	slider_2: markerPos = None
29.9373 	EXP 	slider_2: markerPos = None
29.9373 	EXP 	slider_2: rating = None
29.9373 	EXP 	image_2: autoDraw = True
29.9373 	EXP 	slider_2: autoDraw = True
30.0647 	DATA 	Mouse: Left button down, pos=(677,157)
30.0787 	EXP 	slider_2: markerPos = 3.4609375
30.0954 	EXP 	slider_2: markerPos = 3.4609375
30.1120 	EXP 	slider_2: markerPos = 3.4609375
30.1288 	EXP 	slider_2: markerPos = 3.4609375
30.1454 	EXP 	slider_2: markerPos = 3.4609375
30.1621 	EXP 	slider_2: markerPos = 3.4609375
30.1731 	DATA 	Mouse:  Left button up, pos=(677,157)
30.1787 	EXP 	slider_2: markerPos = 3.4609375
30.1956 	EXP 	slider_2: markerPos = 3.4609375
30.1956 	EXP 	slider_2: rating = 3.4609375
30.2018 	EXP 	New trial (rep=0, index=13): OrderedDict([('Imagenes', 'imagenes\\Papas-naturales.jpg'), ('Random', 0.15856838916280946), ('Correcto', None)])
30.2462 	EXP 	image_2: autoDraw = False
30.2462 	EXP 	slider_2: autoDraw = False
30.2462 	EXP 	image_2: image = 'imagenes\\Papas-naturales.jpg'
30.2462 	EXP 	slider_2: markerPos = None
30.2462 	EXP 	slider_2: markerPos = None
30.2462 	EXP 	slider_2: rating = None
30.2462 	EXP 	image_2: autoDraw = True
30.2462 	EXP 	slider_2: autoDraw = True
30.3894 	DATA 	Mouse: Left button down, pos=(677,157)
30.4119 	EXP 	slider_2: markerPos = 3.4609375
30.4286 	EXP 	slider_2: markerPos = 3.4609375
30.4454 	EXP 	slider_2: markerPos = 3.4609375
30.4619 	EXP 	slider_2: markerPos = 3.4609375
30.4787 	EXP 	slider_2: markerPos = 3.4609375
30.4959 	EXP 	slider_2: markerPos = 3.4609375
30.5120 	EXP 	slider_2: markerPos = 3.4609375
30.5287 	EXP 	slider_2: markerPos = 3.4609375
30.5313 	DATA 	Mouse:  Left button up, pos=(677,157)
30.5457 	EXP 	slider_2: markerPos = 3.4609375
30.5457 	EXP 	slider_2: rating = 3.4609375
30.5518 	EXP 	New trial (rep=0, index=14): OrderedDict([('Imagenes', 'imagenes\\Mango.jpeg'), ('Random', 0.555669112372461), ('Correcto', None)])
30.5990 	EXP 	image_2: autoDraw = False
30.5990 	EXP 	slider_2: autoDraw = False
30.5990 	EXP 	image_2: image = 'imagenes\\Mango.jpeg'
30.5990 	EXP 	slider_2: markerPos = None
30.5990 	EXP 	slider_2: markerPos = None
30.5990 	EXP 	slider_2: rating = None
30.5990 	EXP 	image_2: autoDraw = True
30.5990 	EXP 	slider_2: autoDraw = True
30.7491 	DATA 	Mouse: Left button down, pos=(677,157)
30.7620 	EXP 	slider_2: markerPos = 3.4609375
30.7788 	EXP 	slider_2: markerPos = 3.4609375
30.7958 	EXP 	slider_2: markerPos = 3.4609375
30.8120 	EXP 	slider_2: markerPos = 3.4609375
30.8286 	EXP 	slider_2: markerPos = 3.4609375
30.8458 	EXP 	slider_2: markerPos = 3.4609375
30.8620 	EXP 	slider_2: markerPos = 3.4609375
30.8739 	DATA 	Mouse:  Left button up, pos=(677,157)
30.8787 	EXP 	slider_2: markerPos = 3.4609375
30.8955 	EXP 	slider_2: markerPos = 3.4609375
30.8955 	EXP 	slider_2: rating = 3.4609375
30.9014 	EXP 	New trial (rep=0, index=15): OrderedDict([('Imagenes', 'imagenes\\Banano.jpeg'), ('Random', 0.651633055306917), ('Correcto', None)])
30.9477 	EXP 	image_2: autoDraw = False
30.9477 	EXP 	slider_2: autoDraw = False
30.9477 	EXP 	image_2: image = 'imagenes\\Banano.jpeg'
30.9477 	EXP 	slider_2: markerPos = None
30.9477 	EXP 	slider_2: markerPos = None
30.9477 	EXP 	slider_2: rating = None
30.9477 	EXP 	image_2: autoDraw = True
30.9477 	EXP 	slider_2: autoDraw = True
31.0497 	DATA 	Mouse: Left button down, pos=(677,157)
31.0620 	EXP 	slider_2: markerPos = 3.4609375
31.0788 	EXP 	slider_2: markerPos = 3.4609375
31.0953 	EXP 	slider_2: markerPos = 3.4609375
31.1120 	EXP 	slider_2: markerPos = 3.4609375
31.1286 	EXP 	slider_2: markerPos = 3.4609375
31.1389 	DATA 	Mouse:  Left button up, pos=(677,157)
31.1458 	EXP 	slider_2: markerPos = 3.4609375
31.1619 	EXP 	slider_2: markerPos = 3.4609375
31.1619 	EXP 	slider_2: rating = 3.4609375
31.1681 	EXP 	New trial (rep=0, index=16): OrderedDict([('Imagenes', 'imagenes\\Croissant.jpg'), ('Random', 0.6152458173421255), ('Correcto', None)])
31.2394 	EXP 	image_2: autoDraw = False
31.2394 	EXP 	slider_2: autoDraw = False
31.2394 	EXP 	image_2: image = 'imagenes\\Croissant.jpg'
31.2394 	EXP 	slider_2: markerPos = None
31.2394 	EXP 	slider_2: markerPos = None
31.2394 	EXP 	slider_2: rating = None
31.2394 	EXP 	image_2: autoDraw = True
31.2394 	EXP 	slider_2: autoDraw = True
31.3657 	DATA 	Mouse: Left button down, pos=(677,157)
31.3786 	EXP 	slider_2: markerPos = 3.4609375
31.3957 	EXP 	slider_2: markerPos = 3.4609375
31.4121 	EXP 	slider_2: markerPos = 3.4609375
31.4287 	EXP 	slider_2: markerPos = 3.4609375
31.4458 	EXP 	slider_2: markerPos = 3.4609375
31.4620 	EXP 	slider_2: markerPos = 3.4609375
31.4787 	EXP 	slider_2: markerPos = 3.4609375
31.4815 	DATA 	Mouse:  Left button up, pos=(677,157)
31.4957 	EXP 	slider_2: markerPos = 3.4609375
31.4957 	EXP 	slider_2: rating = 3.4609375
31.5014 	EXP 	New trial (rep=0, index=17): OrderedDict([('Imagenes', 'imagenes\\Papas-limon.jpg'), ('Random', 0.020692288100133793), ('Correcto', None)])
31.5466 	EXP 	image_2: autoDraw = False
31.5466 	EXP 	slider_2: autoDraw = False
31.5466 	EXP 	image_2: image = 'imagenes\\Papas-limon.jpg'
31.5466 	EXP 	slider_2: markerPos = None
31.5466 	EXP 	slider_2: markerPos = None
31.5466 	EXP 	slider_2: rating = None
31.5466 	EXP 	image_2: autoDraw = True
31.5466 	EXP 	slider_2: autoDraw = True
31.7226 	DATA 	Mouse: Left button down, pos=(677,157)
31.7458 	EXP 	slider_2: markerPos = 3.4609375
31.7621 	EXP 	slider_2: markerPos = 3.4609375
31.7787 	EXP 	slider_2: markerPos = 3.4609375
31.7956 	EXP 	slider_2: markerPos = 3.4609375
31.8120 	EXP 	slider_2: markerPos = 3.4609375
31.8286 	EXP 	slider_2: markerPos = 3.4609375
31.8316 	DATA 	Mouse:  Left button up, pos=(677,157)
31.8452 	EXP 	slider_2: markerPos = 3.4609375
31.8452 	EXP 	slider_2: rating = 3.4609375
31.8513 	EXP 	New trial (rep=0, index=18): OrderedDict([('Imagenes', 'imagenes\\Nutella (1).jpg'), ('Random', 0.5277483225747329), ('Correcto', None)])
31.8885 	EXP 	image_2: autoDraw = False
31.8885 	EXP 	slider_2: autoDraw = False
31.8885 	EXP 	image_2: image = 'imagenes\\Nutella (1).jpg'
31.8885 	EXP 	slider_2: markerPos = None
31.8885 	EXP 	slider_2: markerPos = None
31.8885 	EXP 	slider_2: rating = None
31.8885 	EXP 	image_2: autoDraw = True
31.8885 	EXP 	slider_2: autoDraw = True
32.0483 	DATA 	Mouse: Left button down, pos=(677,157)
32.0621 	EXP 	slider_2: markerPos = 3.4609375
32.0786 	EXP 	slider_2: markerPos = 3.4609375
32.0953 	EXP 	slider_2: markerPos = 3.4609375
32.1119 	EXP 	slider_2: markerPos = 3.4609375
32.1285 	EXP 	slider_2: markerPos = 3.4609375
32.1454 	EXP 	slider_2: markerPos = 3.4609375
32.1619 	EXP 	slider_2: markerPos = 3.4609375
32.1647 	DATA 	Mouse:  Left button up, pos=(677,157)
32.1788 	EXP 	slider_2: markerPos = 3.4609375
32.1788 	EXP 	slider_2: rating = 3.4609375
32.1850 	EXP 	New trial (rep=0, index=19): OrderedDict([('Imagenes', 'imagenes\\Uvas.jpg'), ('Random', 0.7734382152670648), ('Correcto', None)])
32.2216 	EXP 	image_2: autoDraw = False
32.2216 	EXP 	slider_2: autoDraw = False
32.2216 	EXP 	image_2: image = 'imagenes\\Uvas.jpg'
32.2216 	EXP 	slider_2: markerPos = None
32.2216 	EXP 	slider_2: markerPos = None
32.2216 	EXP 	slider_2: rating = None
32.2216 	EXP 	image_2: autoDraw = True
32.2216 	EXP 	slider_2: autoDraw = True
32.3383 	DATA 	Mouse: Left button down, pos=(677,157)
32.3619 	EXP 	slider_2: markerPos = 3.4609375
32.3786 	EXP 	slider_2: markerPos = 3.4609375
32.3954 	EXP 	slider_2: markerPos = 3.4609375
32.4119 	EXP 	slider_2: markerPos = 3.4609375
32.4286 	EXP 	slider_2: markerPos = 3.4609375
32.4453 	EXP 	slider_2: markerPos = 3.4609375
32.4620 	EXP 	slider_2: markerPos = 3.4609375
32.4733 	DATA 	Mouse:  Left button up, pos=(677,157)
32.4787 	EXP 	slider_2: markerPos = 3.4609375
32.4955 	EXP 	slider_2: markerPos = 3.4609375
32.4955 	EXP 	slider_2: rating = 3.4609375
32.5013 	EXP 	New trial (rep=0, index=3): OrderedDict([('Hertz', 1000), ('volumen', 0.0)])
32.5302 	EXP 	Imported imagenes.xlsx as conditions, 20 conditions, 3 params
32.5315 	EXP 	Created sequence: random, trialTypes=20, nReps=1, seed=None
32.5325 	EXP 	New trial (rep=0, index=0): OrderedDict([('Imagenes', 'imagenes\\Croissant.jpg'), ('Random', 0.6152458173421255), ('Correcto', None)])
32.5985 	EXP 	image_2: autoDraw = False
32.5985 	EXP 	slider_2: autoDraw = False
32.5985 	EXP 	image_2: image = 'imagenes\\Croissant.jpg'
32.5985 	EXP 	slider_2: markerPos = None
32.5985 	EXP 	slider_2: markerPos = None
32.5985 	EXP 	slider_2: rating = None
32.5985 	EXP 	image_2: autoDraw = True
32.5985 	EXP 	slider_2: autoDraw = True
32.6721 	DATA 	Mouse: Left button down, pos=(677,157)
32.6957 	EXP 	slider_2: markerPos = 3.4609375
32.7120 	EXP 	slider_2: markerPos = 3.4609375
32.7287 	EXP 	slider_2: markerPos = 3.4609375
32.7455 	EXP 	slider_2: markerPos = 3.4609375
32.7619 	EXP 	slider_2: markerPos = 3.4609375
32.7787 	EXP 	slider_2: markerPos = 3.4609375
32.7812 	DATA 	Mouse:  Left button up, pos=(677,157)
32.7954 	EXP 	slider_2: markerPos = 3.4609375
32.7954 	EXP 	slider_2: rating = 3.4609375
32.8032 	EXP 	New trial (rep=0, index=1): OrderedDict([('Imagenes', 'imagenes\\bon-bon-bun.jpg'), ('Random', 0.7387922093313524), ('Correcto', None)])
32.8725 	EXP 	image_2: autoDraw = False
32.8725 	EXP 	slider_2: autoDraw = False
32.8725 	EXP 	image_2: image = 'imagenes\\bon-bon-bun.jpg'
32.8725 	EXP 	slider_2: markerPos = None
32.8725 	EXP 	slider_2: markerPos = None
32.8725 	EXP 	slider_2: rating = None
32.8725 	EXP 	image_2: autoDraw = True
32.8725 	EXP 	slider_2: autoDraw = True
33.0217 	DATA 	Mouse: Left button down, pos=(677,157)
33.0453 	EXP 	slider_2: markerPos = 3.4609375
33.0619 	EXP 	slider_2: markerPos = 3.4609375
33.0785 	EXP 	slider_2: markerPos = 3.4609375
33.0954 	EXP 	slider_2: markerPos = 3.4609375
33.1119 	EXP 	slider_2: markerPos = 3.4609375
33.1287 	EXP 	slider_2: markerPos = 3.4609375
33.1313 	DATA 	Mouse:  Left button up, pos=(677,157)
33.1456 	EXP 	slider_2: markerPos = 3.4609375
33.1456 	EXP 	slider_2: rating = 3.4609375
33.1517 	EXP 	New trial (rep=0, index=2): OrderedDict([('Imagenes', 'imagenes\\Galletas-festival.jpg'), ('Random', 0.36121121246191135), ('Correcto', None)])
33.2101 	EXP 	image_2: autoDraw = False
33.2101 	EXP 	slider_2: autoDraw = False
33.2101 	EXP 	image_2: image = 'imagenes\\Galletas-festival.jpg'
33.2101 	EXP 	slider_2: markerPos = None
33.2101 	EXP 	slider_2: markerPos = None
33.2101 	EXP 	slider_2: rating = None
33.2101 	EXP 	image_2: autoDraw = True
33.2101 	EXP 	slider_2: autoDraw = True
33.3219 	DATA 	Mouse: Left button down, pos=(677,157)
33.3454 	EXP 	slider_2: markerPos = 3.4609375
33.3622 	EXP 	slider_2: markerPos = 3.4609375
33.3786 	EXP 	slider_2: markerPos = 3.4609375
33.3952 	EXP 	slider_2: markerPos = 3.4609375
33.4119 	EXP 	slider_2: markerPos = 3.4609375
33.4286 	EXP 	slider_2: markerPos = 3.4609375
33.4396 	DATA 	Mouse:  Left button up, pos=(677,157)
33.4455 	EXP 	slider_2: markerPos = 3.4609375
33.4620 	EXP 	slider_2: markerPos = 3.4609375
33.4620 	EXP 	slider_2: rating = 3.4609375
33.4676 	EXP 	New trial (rep=0, index=3): OrderedDict([('Imagenes', 'imagenes\\Papas-limon.jpg'), ('Random', 0.020692288100133793), ('Correcto', None)])
33.5139 	EXP 	image_2: autoDraw = False
33.5139 	EXP 	slider_2: autoDraw = False
33.5139 	EXP 	image_2: image = 'imagenes\\Papas-limon.jpg'
33.5139 	EXP 	slider_2: markerPos = None
33.5139 	EXP 	slider_2: markerPos = None
33.5139 	EXP 	slider_2: rating = None
33.5139 	EXP 	image_2: autoDraw = True
33.5139 	EXP 	slider_2: autoDraw = True
33.6543 	DATA 	Mouse: Left button down, pos=(677,157)
33.6786 	EXP 	slider_2: markerPos = 3.4609375
33.6954 	EXP 	slider_2: markerPos = 3.4609375
33.7120 	EXP 	slider_2: markerPos = 3.4609375
33.7285 	EXP 	slider_2: markerPos = 3.4609375
33.7456 	EXP 	slider_2: markerPos = 3.4609375
33.7618 	EXP 	slider_2: markerPos = 3.4609375
33.7784 	EXP 	slider_2: markerPos = 3.4609375
33.7814 	DATA 	Mouse:  Left button up, pos=(677,157)
33.7957 	EXP 	slider_2: markerPos = 3.4609375
33.7957 	EXP 	slider_2: rating = 3.4609375
33.8014 	EXP 	New trial (rep=0, index=4): OrderedDict([('Imagenes', 'imagenes\\Rosquitas (1).jpg'), ('Random', 0.3035383390851263), ('Correcto', None)])
33.8616 	EXP 	image_2: autoDraw = False
33.8616 	EXP 	slider_2: autoDraw = False
33.8616 	EXP 	image_2: image = 'imagenes\\Rosquitas (1).jpg'
33.8616 	EXP 	slider_2: markerPos = None
33.8616 	EXP 	slider_2: markerPos = None
33.8616 	EXP 	slider_2: rating = None
33.8616 	EXP 	image_2: autoDraw = True
33.8616 	EXP 	slider_2: autoDraw = True
33.9670 	DATA 	Mouse: Left button down, pos=(677,157)
33.9953 	EXP 	slider_2: markerPos = 3.4609375
34.0120 	EXP 	slider_2: markerPos = 3.4609375
34.0287 	EXP 	slider_2: markerPos = 3.4609375
34.0455 	EXP 	slider_2: markerPos = 3.4609375
34.0638 	EXP 	slider_2: markerPos = 3.4609375
34.0785 	EXP 	slider_2: markerPos = 3.4609375
34.0956 	EXP 	slider_2: markerPos = 3.4609375
34.0983 	DATA 	Mouse:  Left button up, pos=(677,157)
34.1118 	EXP 	slider_2: markerPos = 3.4609375
34.1118 	EXP 	slider_2: rating = 3.4609375
34.1174 	EXP 	New trial (rep=0, index=5): OrderedDict([('Imagenes', 'imagenes\\Popetas.jpg'), ('Random', 0.07650200324054446), ('Correcto', None)])
34.2014 	EXP 	image_2: autoDraw = False
34.2014 	EXP 	slider_2: autoDraw = False
34.2014 	EXP 	image_2: image = 'imagenes\\Popetas.jpg'
34.2014 	EXP 	slider_2: markerPos = None
34.2014 	EXP 	slider_2: markerPos = None
34.2014 	EXP 	slider_2: rating = None
34.2014 	EXP 	image_2: autoDraw = True
34.2014 	EXP 	slider_2: autoDraw = True
34.3158 	DATA 	Mouse: Left button down, pos=(677,157)
34.3288 	EXP 	slider_2: markerPos = 3.4609375
34.3456 	EXP 	slider_2: markerPos = 3.4609375
34.3621 	EXP 	slider_2: markerPos = 3.4609375
34.3793 	EXP 	slider_2: markerPos = 3.4609375
34.3954 	EXP 	slider_2: markerPos = 3.4609375
34.4120 	EXP 	slider_2: markerPos = 3.4609375
34.4287 	EXP 	slider_2: markerPos = 3.4609375
34.4316 	DATA 	Mouse:  Left button up, pos=(677,157)
34.4455 	EXP 	slider_2: markerPos = 3.4609375
34.4455 	EXP 	slider_2: rating = 3.4609375
34.4522 	EXP 	New trial (rep=0, index=6): OrderedDict([('Imagenes', 'imagenes\\Brownie.jpg'), ('Random', 0.17000143351927688), ('Correcto', None)])
34.5290 	EXP 	image_2: autoDraw = False
34.5290 	EXP 	slider_2: autoDraw = False
34.5290 	EXP 	image_2: image = 'imagenes\\Brownie.jpg'
34.5290 	EXP 	slider_2: markerPos = None
34.5290 	EXP 	slider_2: markerPos = None
34.5290 	EXP 	slider_2: rating = None
34.5290 	EXP 	image_2: autoDraw = True
34.5290 	EXP 	slider_2: autoDraw = True
34.6050 	DATA 	Mouse: Left button down, pos=(677,157)
34.6286 	EXP 	slider_2: markerPos = 3.4609375
34.6455 	EXP 	slider_2: markerPos = 3.4609375
34.6618 	EXP 	slider_2: markerPos = 3.4609375
34.6785 	EXP 	slider_2: markerPos = 3.4609375
34.6956 	EXP 	slider_2: markerPos = 3.4609375
34.7120 	EXP 	slider_2: markerPos = 3.4609375
34.7286 	EXP 	slider_2: markerPos = 3.4609375
34.7390 	DATA 	Mouse:  Left button up, pos=(677,157)
34.7458 	EXP 	slider_2: markerPos = 3.4609375
34.7619 	EXP 	slider_2: markerPos = 3.4609375
34.7619 	EXP 	slider_2: rating = 3.4609375
34.7688 	EXP 	New trial (rep=0, index=7): OrderedDict([('Imagenes', 'imagenes\\Manzana.jpg'), ('Random', 0.5168162194437935), ('Correcto', None)])
34.8440 	EXP 	image_2: autoDraw = False
34.8440 	EXP 	slider_2: autoDraw = False
34.8440 	EXP 	image_2: image = 'imagenes\\Manzana.jpg'
34.8440 	EXP 	slider_2: markerPos = None
34.8440 	EXP 	slider_2: markerPos = None
34.8440 	EXP 	slider_2: rating = None
34.8440 	EXP 	image_2: autoDraw = True
34.8440 	EXP 	slider_2: autoDraw = True
34.8876 	DATA 	Mouse: Left button down, pos=(677,157)
34.9118 	EXP 	slider_2: markerPos = 3.4609375
34.9285 	EXP 	slider_2: markerPos = 3.4609375
34.9452 	EXP 	slider_2: markerPos = 3.4609375
34.9620 	EXP 	slider_2: markerPos = 3.4609375
34.9784 	EXP 	slider_2: markerPos = 3.4609375
34.9954 	EXP 	slider_2: markerPos = 3.4609375
35.0119 	EXP 	slider_2: markerPos = 3.4609375
35.0285 	EXP 	slider_2: markerPos = 3.4609375
35.0311 	DATA 	Mouse:  Left button up, pos=(677,157)
35.0457 	EXP 	slider_2: markerPos = 3.4609375
35.0457 	EXP 	slider_2: rating = 3.4609375
35.0521 	EXP 	New trial (rep=0, index=8): OrderedDict([('Imagenes', 'imagenes\\Chocoramo.jfif.jpg'), ('Random', 0.7789437122019539), ('Correcto', None)])
35.1117 	EXP 	image_2: autoDraw = False
35.1117 	EXP 	slider_2: autoDraw = False
35.1117 	EXP 	image_2: image = 'imagenes\\Chocoramo.jfif.jpg'
35.1117 	EXP 	slider_2: markerPos = None
35.1117 	EXP 	slider_2: markerPos = None
35.1117 	EXP 	slider_2: rating = None
35.1117 	EXP 	image_2: autoDraw = True
35.1117 	EXP 	slider_2: autoDraw = True
35.2151 	DATA 	Mouse: Left button down, pos=(677,157)
35.2285 	EXP 	slider_2: markerPos = 3.4609375
35.2453 	EXP 	slider_2: markerPos = 3.4609375
35.2618 	EXP 	slider_2: markerPos = 3.4609375
35.2785 	EXP 	slider_2: markerPos = 3.4609375
35.2956 	EXP 	slider_2: markerPos = 3.4609375
35.3119 	EXP 	slider_2: markerPos = 3.4609375
35.3287 	EXP 	slider_2: markerPos = 3.4609375
35.3452 	EXP 	slider_2: markerPos = 3.4609375
35.3485 	DATA 	Mouse:  Left button up, pos=(677,157)
35.3620 	EXP 	slider_2: markerPos = 3.4609375
35.3620 	EXP 	slider_2: rating = 3.4609375
35.3707 	EXP 	New trial (rep=0, index=9): OrderedDict([('Imagenes', 'imagenes\\Banano.jpeg'), ('Random', 0.651633055306917), ('Correcto', None)])
35.4212 	EXP 	image_2: autoDraw = False
35.4212 	EXP 	slider_2: autoDraw = False
35.4212 	EXP 	image_2: image = 'imagenes\\Banano.jpeg'
35.4212 	EXP 	slider_2: markerPos = None
35.4212 	EXP 	slider_2: markerPos = None
35.4212 	EXP 	slider_2: rating = None
35.4212 	EXP 	image_2: autoDraw = True
35.4212 	EXP 	slider_2: autoDraw = True
35.5559 	DATA 	Mouse: Left button down, pos=(677,157)
35.5784 	EXP 	slider_2: markerPos = 3.4609375
35.5954 	EXP 	slider_2: markerPos = 3.4609375
35.6118 	EXP 	slider_2: markerPos = 3.4609375
35.6283 	EXP 	slider_2: markerPos = 3.4609375
35.6455 	EXP 	slider_2: markerPos = 3.4609375
35.6618 	EXP 	slider_2: markerPos = 3.4609375
35.6784 	EXP 	slider_2: markerPos = 3.4609375
35.6815 	DATA 	Mouse:  Left button up, pos=(677,157)
35.6955 	EXP 	slider_2: markerPos = 3.4609375
35.6955 	EXP 	slider_2: rating = 3.4609375
35.7018 	EXP 	New trial (rep=0, index=10): OrderedDict([('Imagenes', 'imagenes\\Leche-de-almendras.jpg'), ('Random', 0.36073876480313727), ('Correcto', None)])
35.8272 	EXP 	image_2: autoDraw = False
35.8272 	EXP 	slider_2: autoDraw = False
35.8272 	EXP 	image_2: image = 'imagenes\\Leche-de-almendras.jpg'
35.8272 	EXP 	slider_2: markerPos = None
35.8272 	EXP 	slider_2: markerPos = None
35.8272 	EXP 	slider_2: rating = None
35.8272 	EXP 	image_2: autoDraw = True
35.8272 	EXP 	slider_2: autoDraw = True
35.8480 	DATA 	Mouse: Left button down, pos=(677,157)
35.8618 	EXP 	slider_2: markerPos = 3.4609375
35.8785 	EXP 	slider_2: markerPos = 3.4609375
35.8956 	EXP 	slider_2: markerPos = 3.4609375
35.9126 	EXP 	slider_2: markerPos = 3.4609375
35.9288 	EXP 	slider_2: markerPos = 3.4609375
35.9457 	EXP 	slider_2: markerPos = 3.4609375
35.9622 	EXP 	slider_2: markerPos = 3.4609375
35.9789 	EXP 	slider_2: markerPos = 3.4609375
35.9929 	DATA 	Mouse:  Left button up, pos=(677,157)
35.9959 	EXP 	slider_2: markerPos = 3.4609375
36.0122 	EXP 	slider_2: markerPos = 3.4609375
36.0122 	EXP 	slider_2: rating = 3.4609375
36.0183 	EXP 	New trial (rep=0, index=11): OrderedDict([('Imagenes', 'imagenes\\Kiwi.jpg'), ('Random', 0.5893907384852061), ('Correcto', None)])
36.0448 	EXP 	image_2: autoDraw = False
36.0448 	EXP 	slider_2: autoDraw = False
36.0448 	EXP 	image_2: image = 'imagenes\\Kiwi.jpg'
36.0448 	EXP 	slider_2: markerPos = None
36.0448 	EXP 	slider_2: markerPos = None
36.0448 	EXP 	slider_2: rating = None
36.0448 	EXP 	image_2: autoDraw = True
36.0448 	EXP 	slider_2: autoDraw = True
36.1646 	DATA 	Mouse: Left button down, pos=(677,157)
36.1782 	EXP 	slider_2: markerPos = 3.4609375
36.1948 	EXP 	slider_2: markerPos = 3.4609375
36.2118 	EXP 	slider_2: markerPos = 3.4609375
36.2284 	EXP 	slider_2: markerPos = 3.4609375
36.2450 	EXP 	slider_2: markerPos = 3.4609375
36.2616 	EXP 	slider_2: markerPos = 3.4609375
36.2783 	EXP 	slider_2: markerPos = 3.4609375
36.2952 	EXP 	slider_2: markerPos = 3.4609375
36.2982 	DATA 	Mouse:  Left button up, pos=(677,157)
36.3117 	EXP 	slider_2: markerPos = 3.4609375
36.3117 	EXP 	slider_2: rating = 3.4609375
36.3174 	EXP 	New trial (rep=0, index=12): OrderedDict([('Imagenes', 'imagenes\\Galletas Tosh.jpg'), ('Random', 0.478088790487872), ('Correcto', None)])
36.3641 	EXP 	image_2: autoDraw = False
36.3641 	EXP 	slider_2: autoDraw = False
36.3641 	EXP 	image_2: image = 'imagenes\\Galletas Tosh.jpg'
36.3641 	EXP 	slider_2: markerPos = None
36.3641 	EXP 	slider_2: markerPos = None
36.3641 	EXP 	slider_2: rating = None
36.3641 	EXP 	image_2: autoDraw = True
36.3641 	EXP 	slider_2: autoDraw = True
36.4884 	DATA 	Mouse: Left button down, pos=(677,157)
36.5118 	EXP 	slider_2: markerPos = 3.4609375
36.5284 	EXP 	slider_2: markerPos = 3.4609375
36.5451 	EXP 	slider_2: markerPos = 3.4609375
36.5617 	EXP 	slider_2: markerPos = 3.4609375
36.5784 	EXP 	slider_2: markerPos = 3.4609375
36.5950 	EXP 	slider_2: markerPos = 3.4609375
36.5983 	DATA 	Mouse:  Left button up, pos=(677,157)
36.6117 	EXP 	slider_2: markerPos = 3.4609375
36.6117 	EXP 	slider_2: rating = 3.4609375
36.6174 	EXP 	New trial (rep=0, index=13): OrderedDict([('Imagenes', 'imagenes\\Mango.jpeg'), ('Random', 0.555669112372461), ('Correcto', None)])
36.6746 	EXP 	image_2: autoDraw = False
36.6746 	EXP 	slider_2: autoDraw = False
36.6746 	EXP 	image_2: image = 'imagenes\\Mango.jpeg'
36.6746 	EXP 	slider_2: markerPos = None
36.6746 	EXP 	slider_2: markerPos = None
36.6746 	EXP 	slider_2: rating = None
36.6746 	EXP 	image_2: autoDraw = True
36.6746 	EXP 	slider_2: autoDraw = True
36.8016 	DATA 	Mouse: Left button down, pos=(677,157)
36.8280 	EXP 	slider_2: markerPos = 3.4609375
36.8448 	EXP 	slider_2: markerPos = 3.4609375
36.8615 	EXP 	slider_2: markerPos = 3.4609375
36.8782 	EXP 	slider_2: markerPos = 3.4609375
36.8947 	EXP 	slider_2: markerPos = 3.4609375
36.9114 	EXP 	slider_2: markerPos = 3.4609375
36.9279 	EXP 	slider_2: markerPos = 3.4609375
36.9448 	EXP 	slider_2: markerPos = 3.4609375
36.9476 	DATA 	Mouse:  Left button up, pos=(677,157)
36.9615 	EXP 	slider_2: markerPos = 3.4609375
36.9615 	EXP 	slider_2: rating = 3.4609375
36.9659 	EXP 	New trial (rep=0, index=14): OrderedDict([('Imagenes', 'imagenes\\Papas-naturales.jpg'), ('Random', 0.15856838916280946), ('Correcto', None)])
36.9853 	EXP 	image_2: autoDraw = False
36.9853 	EXP 	slider_2: autoDraw = False
36.9853 	EXP 	image_2: image = 'imagenes\\Papas-naturales.jpg'
36.9853 	EXP 	slider_2: markerPos = None
36.9853 	EXP 	slider_2: markerPos = None
36.9853 	EXP 	slider_2: rating = None
36.9853 	EXP 	image_2: autoDraw = True
36.9853 	EXP 	slider_2: autoDraw = True
37.1053 	DATA 	Mouse: Left button down, pos=(677,157)
37.1285 	EXP 	slider_2: markerPos = 3.4609375
37.1450 	EXP 	slider_2: markerPos = 3.4609375
37.1616 	EXP 	slider_2: markerPos = 3.4609375
37.1783 	EXP 	slider_2: markerPos = 3.4609375
37.1954 	EXP 	slider_2: markerPos = 3.4609375
37.2119 	EXP 	slider_2: markerPos = 3.4609375
37.2283 	EXP 	slider_2: markerPos = 3.4609375
37.2314 	DATA 	Mouse:  Left button up, pos=(677,157)
37.2450 	EXP 	slider_2: markerPos = 3.4609375
37.2450 	EXP 	slider_2: rating = 3.4609375
37.2510 	EXP 	New trial (rep=0, index=15): OrderedDict([('Imagenes', 'imagenes\\Nutella (1).jpg'), ('Random', 0.5277483225747329), ('Correcto', None)])
37.2900 	EXP 	image_2: autoDraw = False
37.2900 	EXP 	slider_2: autoDraw = False
37.2900 	EXP 	image_2: image = 'imagenes\\Nutella (1).jpg'
37.2900 	EXP 	slider_2: markerPos = None
37.2900 	EXP 	slider_2: markerPos = None
37.2900 	EXP 	slider_2: rating = None
37.2900 	EXP 	image_2: autoDraw = True
37.2900 	EXP 	slider_2: autoDraw = True
37.4316 	DATA 	Mouse: Left button down, pos=(677,157)
37.4453 	EXP 	slider_2: markerPos = 3.4609375
37.4617 	EXP 	slider_2: markerPos = 3.4609375
37.4783 	EXP 	slider_2: markerPos = 3.4609375
37.4951 	EXP 	slider_2: markerPos = 3.4609375
37.5117 	EXP 	slider_2: markerPos = 3.4609375
37.5283 	EXP 	slider_2: markerPos = 3.4609375
37.5452 	EXP 	slider_2: markerPos = 3.4609375
37.5551 	DATA 	Mouse:  Left button up, pos=(677,157)
37.5617 	EXP 	slider_2: markerPos = 3.4609375
37.5783 	EXP 	slider_2: markerPos = 3.4609375
37.5783 	EXP 	slider_2: rating = 3.4609375
37.5842 	EXP 	New trial (rep=0, index=16): OrderedDict([('Imagenes', 'imagenes\\Papas-pollo.jpg'), ('Random', 0.6683114062971784), ('Correcto', None)])
37.6171 	EXP 	image_2: autoDraw = False
37.6171 	EXP 	slider_2: autoDraw = False
37.6171 	EXP 	image_2: image = 'imagenes\\Papas-pollo.jpg'
37.6171 	EXP 	slider_2: markerPos = None
37.6171 	EXP 	slider_2: markerPos = None
37.6171 	EXP 	slider_2: rating = None
37.6171 	EXP 	image_2: autoDraw = True
37.6171 	EXP 	slider_2: autoDraw = True
37.7539 	DATA 	Mouse: Left button down, pos=(677,157)
37.7783 	EXP 	slider_2: markerPos = 3.4609375
37.7955 	EXP 	slider_2: markerPos = 3.4609375
37.8117 	EXP 	slider_2: markerPos = 3.4609375
37.8284 	EXP 	slider_2: markerPos = 3.4609375
37.8449 	EXP 	slider_2: markerPos = 3.4609375
37.8617 	EXP 	slider_2: markerPos = 3.4609375
37.8783 	EXP 	slider_2: markerPos = 3.4609375
37.8815 	DATA 	Mouse:  Left button up, pos=(677,157)
37.8951 	EXP 	slider_2: markerPos = 3.4609375
37.8951 	EXP 	slider_2: rating = 3.4609375
37.9014 	EXP 	New trial (rep=0, index=17): OrderedDict([('Imagenes', 'imagenes\\Uvas.jpg'), ('Random', 0.7734382152670648), ('Correcto', None)])
37.9536 	EXP 	image_2: autoDraw = False
37.9536 	EXP 	slider_2: autoDraw = False
37.9536 	EXP 	image_2: image = 'imagenes\\Uvas.jpg'
37.9536 	EXP 	slider_2: markerPos = None
37.9536 	EXP 	slider_2: markerPos = None
37.9536 	EXP 	slider_2: rating = None
37.9536 	EXP 	image_2: autoDraw = True
37.9536 	EXP 	slider_2: autoDraw = True
38.0643 	DATA 	Mouse: Left button down, pos=(677,157)
38.0785 	EXP 	slider_2: markerPos = 3.4609375
38.0953 	EXP 	slider_2: markerPos = 3.4609375
38.1118 	EXP 	slider_2: markerPos = 3.4609375
38.1285 	EXP 	slider_2: markerPos = 3.4609375
38.1454 	EXP 	slider_2: markerPos = 3.4609375
38.1617 	EXP 	slider_2: markerPos = 3.4609375
38.1783 	EXP 	slider_2: markerPos = 3.4609375
38.1892 	DATA 	Mouse:  Left button up, pos=(677,157)
38.1954 	EXP 	slider_2: markerPos = 3.4609375
38.2118 	EXP 	slider_2: markerPos = 3.4609375
38.2118 	EXP 	slider_2: rating = 3.4609375
38.2179 	EXP 	New trial (rep=0, index=18): OrderedDict([('Imagenes', 'imagenes\\Alpinito.jpg'), ('Random', 0.4515332417045813), ('Correcto', None)])
38.2946 	EXP 	image_2: autoDraw = False
38.2946 	EXP 	slider_2: autoDraw = False
38.2946 	EXP 	image_2: image = 'imagenes\\Alpinito.jpg'
38.2946 	EXP 	slider_2: markerPos = None
38.2946 	EXP 	slider_2: markerPos = None
38.2946 	EXP 	slider_2: rating = None
38.2946 	EXP 	image_2: autoDraw = True
38.2946 	EXP 	slider_2: autoDraw = True
38.4140 	DATA 	Mouse: Left button down, pos=(677,157)
38.4284 	EXP 	slider_2: markerPos = 3.4609375
38.4452 	EXP 	slider_2: markerPos = 3.4609375
38.4617 	EXP 	slider_2: markerPos = 3.4609375
38.4785 	EXP 	slider_2: markerPos = 3.4609375
38.4951 	EXP 	slider_2: markerPos = 3.4609375
38.5118 	EXP 	slider_2: markerPos = 3.4609375
38.5284 	EXP 	slider_2: markerPos = 3.4609375
38.5452 	EXP 	slider_2: markerPos = 3.4609375
38.5480 	DATA 	Mouse:  Left button up, pos=(677,157)
38.5618 	EXP 	slider_2: markerPos = 3.4609375
38.5618 	EXP 	slider_2: rating = 3.4609375
38.5678 	EXP 	New trial (rep=0, index=19): OrderedDict([('Imagenes', 'imagenes\\Yogurt-alpina.jpg'), ('Random', 0.21540995091807813), ('Correcto', None)])
38.6108 	EXP 	image_2: autoDraw = False
38.6108 	EXP 	slider_2: autoDraw = False
38.6108 	EXP 	image_2: image = 'imagenes\\Yogurt-alpina.jpg'
38.6108 	EXP 	slider_2: markerPos = None
38.6108 	EXP 	slider_2: markerPos = None
38.6108 	EXP 	slider_2: rating = None
38.6108 	EXP 	image_2: autoDraw = True
38.6108 	EXP 	slider_2: autoDraw = True
38.6990 	DATA 	Mouse: Left button down, pos=(677,157)
38.7118 	EXP 	slider_2: markerPos = 3.4609375
38.7283 	EXP 	slider_2: markerPos = 3.4609375
38.7452 	EXP 	slider_2: markerPos = 3.4609375
38.7616 	EXP 	slider_2: markerPos = 3.4609375
38.7783 	EXP 	slider_2: markerPos = 3.4609375
38.7954 	EXP 	slider_2: markerPos = 3.4609375
38.8116 	EXP 	slider_2: markerPos = 3.4609375
38.8282 	EXP 	slider_2: markerPos = 3.4609375
38.8312 	DATA 	Mouse:  Left button up, pos=(677,157)
38.8449 	EXP 	slider_2: markerPos = 3.4609375
38.8449 	EXP 	slider_2: rating = 3.4609375
39.0850 	EXP 	window1: mouseVisible = True
