0.7787 	WARNING 	We strongly recommend you activate the PTB sound engine in PsychoPy prefs as the preferred audio engine. Its timing is vastly superior. Your prefs are currently set to use ['sounddevice', 'PTB', 'pyo', 'pygame'] (in that order).
9.4304 	EXP 	Created window1 = Window(allowGUI=False, allowStencil=False, args=UNKNOWN, autoLog=True, bitsMode=UNKNOWN, blendMode='avg', bpc=(8, 8, 8), color=array([1., 1., 1.]), colorSpace='rgb', depthBits=8, fullscr=<method-wrapper '__getattribute__' of attributeSetter object at 0x000001C0EADEF438>, gamma=None, gammaErrorPolicy='raise', kwargs=UNKNOWN, lms=UNKNOWN, monitor=<psychopy.monitors.calibTools.Monitor object at 0x000001C0EAD76C18>, multiSample=False, name='window1', numSamples=2, pos=[0.0, 0.0], screen=0, size=array([1366,  768]), stencilBits=0, stereo=False, units='height', useFBO=True, useRetina=False, viewOri=0.0, viewPos=None, viewScale=None, waitBlanking=True, winType='pyglet')
9.4306 	EXP 	window1: mouseVisible = True
9.4307 	EXP 	window1: recordFrameIntervals = False
9.5958 	EXP 	window1: recordFrameIntervals = True
9.7162 	WARNING 	t of last frame was 21.41ms (=1/46)
9.8959 	EXP 	window1: recordFrameIntervals = False
10.0294 	ERROR 	Unknown colorSpace: named
10.1472 	EXP 	Sound Sonido set volume 1.000
10.1527 	EXP 	Created image_2 = ImageStim(__class__=<class 'psychopy.visual.image.ImageStim'>, autoLog=True, color=array([1., 1., 1.]), colorSpace='rgb', contrast=1.0, depth=-1.0, flipHoriz=False, flipVert=False, image='sin', interpolate=True, mask=None, maskParams=None, name='image_2', opacity=1.0, ori=0.0, pos=array([0. , 0.2]), size=array([0.5, 0.5]), texRes=128, units='height', win=Window(...))
10.1548 	EXP 	window1: mouseVisible = True
10.2031 	EXP 	Created slider_2 = Slider(__class__=<class 'psychopy.visual.slider.Slider'>, autoDraw=False, autoLog=True, color='DimGrey', depth=-2, flip=False, font='HelveticaBold', granularity=0, labelHeight=0.05, labelWrapWidth=None, labels=('0', '1000', '2000', '3000', '4000', '5000'), name='slider_2', pos=(0, -0.3), readOnly=False, self=UNKNOWN, size=(1.0, 0.05), style=method-wrapper(...), ticks=array([1, 2, 3, 4, 5, 6]), units='height', win=Window(...))
10.2377 	EXP 	Created text_2 = TextStim(__class__=<class 'psychopy.visual.text.TextStim'>, alignHoriz=method-wrapper(...), alignText='center', alignVert=method-wrapper(...), anchorHoriz='center', anchorVert='center', antialias=True, autoLog=True, bold=False, color='white', colorSpace='named', contrast=1.0, depth=0.0, flipHoriz=False, flipVert=False, font='Arial', fontFiles=[], height=0.05, italic=False, languageStyle='LTR', name='text_2', opacity=1.0, ori=0, pos=array([0., 0.]), rgb=array([255., 255., 255.]), text=str(...), units='height', win=Window(...), wrapWidth=1)
10.2574 	EXP 	Created text_3 = TextStim(__class__=<class 'psychopy.visual.text.TextStim'>, alignHoriz=method-wrapper(...), alignText='center', alignVert=method-wrapper(...), anchorHoriz='center', anchorVert='center', antialias=True, autoLog=True, bold=False, color='white', colorSpace='named', contrast=1.0, depth=0.0, flipHoriz=False, flipVert=False, font='Arial', fontFiles=[], height=0.05, italic=False, languageStyle='LTR', name='text_3', opacity=1.0, ori=0, pos=array([0., 0.]), rgb=array([255., 255., 255.]), text=str(...), units='height', win=Window(...), wrapWidth=1)
10.2725 	EXP 	Created text = TextStim(__class__=<class 'psychopy.visual.text.TextStim'>, alignHoriz=method-wrapper(...), alignText='center', alignVert=method-wrapper(...), anchorHoriz='center', anchorVert='center', antialias=True, autoLog=True, bold=False, color='white', colorSpace='named', contrast=1.0, depth=-1.0, flipHoriz=False, flipVert=False, font='Arial', fontFiles=[], height=0.1, italic=False, languageStyle='LTR', name='text', opacity=1.0, ori=0, pos=array([0.  , 0.15]), rgb=array([255., 255., 255.]), text='default text', units='height', win=Window(...), wrapWidth=1)
10.2766 	EXP 	Created text_4 = TextStim(__class__=<class 'psychopy.visual.text.TextStim'>, alignHoriz=method-wrapper(...), alignText='center', alignVert=method-wrapper(...), anchorHoriz='center', anchorVert='center', antialias=True, autoLog=True, bold=False, color='white', colorSpace='named', contrast=1.0, depth=-1.0, flipHoriz=False, flipVert=False, font='Arial', fontFiles=[], height=0.1, italic=False, languageStyle='LTR', name='text_4', opacity=1.0, ori=0, pos=array([0., 0.]), rgb=array([255., 255., 255.]), text='default text', units='height', win=Window(...), wrapWidth=1)
10.2782 	EXP 	Created image = ImageStim(__class__=<class 'psychopy.visual.image.ImageStim'>, autoLog=True, color=array([1., 1., 1.]), colorSpace='rgb', contrast=1.0, depth=0.0, flipHoriz=False, flipVert=False, image='sin', interpolate=True, mask=None, maskParams=None, name='image', opacity=1.0, ori=0.0, pos=array([0. , 0.2]), size=array([0.5, 0.5]), texRes=128, units='height', win=Window(...))
10.2808 	EXP 	Created texto_final = TextStim(__class__=<class 'psychopy.visual.text.TextStim'>, alignHoriz=method-wrapper(...), alignText='center', alignVert=method-wrapper(...), anchorHoriz='center', anchorVert='center', antialias=True, autoLog=True, bold=False, color='white', colorSpace='named', contrast=1.0, depth=-1.0, flipHoriz=False, flipVert=False, font='Arial', fontFiles=[], height=0.1, italic=False, languageStyle='LTR', name='texto_final', opacity=1.0, ori=0, pos=array([0., 0.]), rgb=array([255., 255., 255.]), text='default text', units='height', win=Window(...), wrapWidth=1)
10.3119 	EXP 	mensaje_intro: autoLog = True
10.3119 	EXP 	mensaje_intro_2: autoLog = True
10.3119 	EXP 	slider_2: autoLog = True
10.3119 	EXP 	slider_2: markerPos = None
10.3119 	EXP 	slider_2: rating = None
10.3119 	EXP 	slider_2: markerPos = None
10.3119 	EXP 	slider_2: contrast = 1.0
10.3119 	EXP 	slider_2: autoLog = True
10.3119 	EXP 	slider_2: style = ['rating']
10.3119 	EXP 	mensaje_intro: autoDraw = True
11.4203 	DATA 	Keypress: space
11.4315 	EXP 	mensaje_intro: autoDraw = False
11.4315 	EXP 	mensaje_intro_2: autoDraw = True
12.1056 	EXP 	Imported ruidos.xlsx as conditions, 4 conditions, 2 params
12.1059 	EXP 	Created sequence: random, trialTypes=4, nReps=1, seed=None
12.1061 	EXP 	New trial (rep=0, index=0): OrderedDict([('Hertz', 1000), ('volumen', 0.0)])
12.1120 	EXP 	Imported imagenes.xlsx as conditions, 36 conditions, 3 params
12.1123 	EXP 	Created sequence: random, trialTypes=36, nReps=1, seed=None
12.1125 	EXP 	New trial (rep=0, index=0): OrderedDict([('Imagenes', 'imagenes/Galletas Tosh.jpg'), ('Random', 0.9129693753280027), ('Correcto', None)])
12.1449 	DATA 	Keypress: space
12.1475 	EXP 	mensaje_intro_2: autoDraw = False
12.1475 	EXP 	image_2: image = 'imagenes/Galletas Tosh.jpg'
12.1475 	EXP 	slider_2: markerPos = None
12.1475 	EXP 	slider_2: markerPos = None
12.1475 	EXP 	slider_2: rating = None
13.1968 	EXP 	image_2: autoDraw = True
13.1968 	EXP 	slider_2: autoDraw = True
15.0182 	DATA 	Keypress: escape
15.0983 	EXP 	New trial (rep=0, index=1): OrderedDict([('Imagenes', 'imagenes/Muffin de banano.png'), ('Random', 0.9610615059009696), ('Correcto', None)])
15.1595 	EXP 	image_2: autoDraw = False
15.1595 	EXP 	slider_2: autoDraw = False
15.1595 	EXP 	image_2: image = 'imagenes/Muffin de banano.png'
15.1595 	EXP 	slider_2: markerPos = None
15.1595 	EXP 	slider_2: markerPos = None
15.1595 	EXP 	slider_2: rating = None
15.3533 	EXP 	window1: mouseVisible = True
