0.8156 	WARNING 	We strongly recommend you activate the PTB sound engine in PsychoPy prefs as the preferred audio engine. Its timing is vastly superior. Your prefs are currently set to use ['sounddevice', 'PTB', 'pyo', 'pygame'] (in that order).
9.4720 	EXP 	Created window1 = Window(allowGUI=False, allowStencil=False, args=UNKNOWN, autoLog=True, bitsMode=UNKNOWN, blendMode='avg', bpc=(8, 8, 8), color=array([1., 1., 1.]), colorSpace='rgb', depthBits=8, fullscr=<method-wrapper '__getattribute__' of attributeSetter object at 0x000001F1A6E172E8>, gamma=None, gammaErrorPolicy='raise', kwargs=UNKNOWN, lms=UNKNOWN, monitor=<psychopy.monitors.calibTools.Monitor object at 0x000001F1A6D9EAC8>, multiSample=False, name='window1', numSamples=2, pos=[0.0, 0.0], screen=0, size=array([1366,  768]), stencilBits=0, stereo=False, units='height', useFBO=True, useRetina=False, viewOri=0.0, viewPos=None, viewScale=None, waitBlanking=True, winType='pyglet')
9.4728 	EXP 	window1: mouseVisible = True
9.4729 	EXP 	window1: recordFrameIntervals = False
9.6346 	EXP 	window1: recordFrameIntervals = True
9.8181 	EXP 	window1: recordFrameIntervals = False
9.9763 	ERROR 	Unknown colorSpace: named
10.1402 	EXP 	Created boton_intro = Polygon(__class__=<class 'psychopy.visual.polygon.Polygon'>, autoDraw=False, autoLog=True, closeShape=True, color=method-wrapper(...), colorSpace=None, contrast=1.0, depth=-1.0, fillColor=array([255.,   0.,   0.]), fillColorSpace='rgb', fillRGB=array([255.,   0.,   0.]), interpolate=True, lineColor=array([1., 1., 1.]), lineColorSpace='rgb', lineRGB=array([1., 1., 1.]), lineWidth=1, name='boton_intro', opacity=1.0, ori=array(0.), pos=array([ 0.7, -0.4]), size=array([0.2, 0.1]), units='height', vertices=ndarray(...), win=Window(...))
10.1404 	EXP 	window1: mouseVisible = True
10.2984 	EXP 	Created boton_intro_2 = Polygon(__class__=<class 'psychopy.visual.polygon.Polygon'>, autoDraw=False, autoLog=True, closeShape=True, color=method-wrapper(...), colorSpace=None, contrast=1.0, depth=-1.0, fillColor=array([255.,   0.,   0.]), fillColorSpace='rgb', fillRGB=array([255.,   0.,   0.]), interpolate=True, lineColor=array([1., 1., 1.]), lineColorSpace='rgb', lineRGB=array([1., 1., 1.]), lineWidth=1, name='boton_intro_2', opacity=1.0, ori=array(0.), pos=array([ 0.7, -0.4]), size=array([0.2, 0.1]), units='height', vertices=ndarray(...), win=Window(...))
10.2985 	EXP 	window1: mouseVisible = True
10.3154 	ERROR 	Unknown colorSpace: named
10.4232 	EXP 	Created boton_intro_prueba = Polygon(__class__=<class 'psychopy.visual.polygon.Polygon'>, autoDraw=False, autoLog=True, closeShape=True, color=method-wrapper(...), colorSpace=None, contrast=1.0, depth=-1.0, fillColor=array([255.,   0.,   0.]), fillColorSpace='rgb', fillRGB=array([255.,   0.,   0.]), interpolate=True, lineColor=array([1., 1., 1.]), lineColorSpace='rgb', lineRGB=array([1., 1., 1.]), lineWidth=1, name='boton_intro_prueba', opacity=1.0, ori=array(0.), pos=array([ 0.7, -0.4]), size=array([0.2, 0.1]), units='height', vertices=ndarray(...), win=Window(...))
10.4234 	EXP 	window1: mouseVisible = True
10.4977 	EXP 	Sound sonido_prueba set volume 1.000
10.5323 	EXP 	Created image_prueba = ImageStim(__class__=<class 'psychopy.visual.image.ImageStim'>, autoLog=True, color=array([1., 1., 1.]), colorSpace='rgb', contrast=1.0, depth=-1.0, flipHoriz=False, flipVert=False, image='imagenes/lapicero.jpg', interpolate=True, mask=None, maskParams=None, name='image_prueba', opacity=1.0, ori=0.0, pos=array([0. , 0.2]), size=array([0.5, 0.5]), texRes=128, units='height', win=Window(...))
10.5365 	EXP 	window1: mouseVisible = True
10.6425 	EXP 	Created slider_prueba = Slider(__class__=<class 'psychopy.visual.slider.Slider'>, autoDraw=False, autoLog=True, color='DimGrey', depth=-2, flip=False, font='HelveticaBold', granularity=0, labelHeight=0.05, labelWrapWidth=None, labels=('0', '1000', '2000', '3000', '4000', '5000'), name='slider_prueba', pos=(0, -0.3), readOnly=False, self=UNKNOWN, size=(1.0, 0.05), style=method-wrapper(...), ticks=array([1, 2, 3, 4, 5, 6]), units='height', win=Window(...))
10.6430 	EXP 	Sound sonido_prueba_2 set volume 1.000
10.7562 	EXP 	Created image_prueba_2 = ImageStim(__class__=<class 'psychopy.visual.image.ImageStim'>, autoLog=True, color=array([1., 1., 1.]), colorSpace='rgb', contrast=1.0, depth=-1.0, flipHoriz=False, flipVert=False, image='imagenes/jabon.jpg', interpolate=True, mask=None, maskParams=None, name='image_prueba_2', opacity=1.0, ori=0.0, pos=array([0. , 0.2]), size=array([0.5, 0.5]), texRes=128, units='height', win=Window(...))
10.7573 	EXP 	window1: mouseVisible = True
10.7774 	EXP 	Created slider_prueba_2 = Slider(__class__=<class 'psychopy.visual.slider.Slider'>, autoDraw=False, autoLog=True, color='DimGrey', depth=-2, flip=False, font='HelveticaBold', granularity=0, labelHeight=0.05, labelWrapWidth=None, labels=('0', '1000', '2000', '3000', '4000', '5000'), name='slider_prueba_2', pos=(0, -0.3), readOnly=False, self=UNKNOWN, size=(1.0, 0.05), style=method-wrapper(...), ticks=array([1, 2, 3, 4, 5, 6]), units='height', win=Window(...))
10.7949 	ERROR 	Unknown colorSpace: named
10.9106 	EXP 	Created boton_intro_exp = Polygon(__class__=<class 'psychopy.visual.polygon.Polygon'>, autoDraw=False, autoLog=True, closeShape=True, color=method-wrapper(...), colorSpace=None, contrast=1.0, depth=-1.0, fillColor=array([255.,   0.,   0.]), fillColorSpace='rgb', fillRGB=array([255.,   0.,   0.]), interpolate=True, lineColor=array([1., 1., 1.]), lineColorSpace='rgb', lineRGB=array([1., 1., 1.]), lineWidth=1, name='boton_intro_exp', opacity=1.0, ori=array(0.), pos=array([ 0.7, -0.4]), size=array([0.2, 0.1]), units='height', vertices=ndarray(...), win=Window(...))
10.9108 	EXP 	window1: mouseVisible = True
10.9109 	EXP 	Sound sonido_exp set volume 1.000
10.9151 	EXP 	Created image_exp = ImageStim(__class__=<class 'psychopy.visual.image.ImageStim'>, autoLog=True, color=array([1., 1., 1.]), colorSpace='rgb', contrast=1.0, depth=-1.0, flipHoriz=False, flipVert=False, image='sin', interpolate=True, mask=None, maskParams=None, name='image_exp', opacity=1.0, ori=0.0, pos=array([0. , 0.2]), size=array([0.5, 0.5]), texRes=128, units='height', win=Window(...))
10.9160 	EXP 	window1: mouseVisible = True
10.9375 	EXP 	Created slider_exp = Slider(__class__=<class 'psychopy.visual.slider.Slider'>, autoDraw=False, autoLog=True, color='DimGrey', depth=-2, flip=False, font='HelveticaBold', granularity=0, labelHeight=0.05, labelWrapWidth=None, labels=('0', '1000', '2000', '3000', '4000', '5000'), name='slider_exp', pos=(0, -0.3), readOnly=False, self=UNKNOWN, size=(1.0, 0.05), style=method-wrapper(...), ticks=array([1, 2, 3, 4, 5, 6]), units='height', win=Window(...))
11.0082 	EXP 	Created text_subasta1 = TextStim(__class__=<class 'psychopy.visual.text.TextStim'>, alignHoriz=method-wrapper(...), alignText='center', alignVert=method-wrapper(...), anchorHoriz='center', anchorVert='center', antialias=True, autoLog=True, bold=False, color='black', colorSpace='named', contrast=1.0, depth=0.0, flipHoriz=False, flipVert=False, font='Arial', fontFiles=[], height=0.05, italic=False, languageStyle='LTR', name='text_subasta1', opacity=1.0, ori=0, pos=array([0., 0.]), rgb=array([0., 0., 0.]), text=str(...), units='height', win=Window(...), wrapWidth=1)
11.0122 	EXP 	Created boton_subasta1 = Polygon(__class__=<class 'psychopy.visual.polygon.Polygon'>, autoDraw=False, autoLog=True, closeShape=True, color=method-wrapper(...), colorSpace=None, contrast=1.0, depth=-1.0, fillColor=array([255.,   0.,   0.]), fillColorSpace='rgb', fillRGB=array([255.,   0.,   0.]), interpolate=True, lineColor=array([1., 1., 1.]), lineColorSpace='rgb', lineRGB=array([1., 1., 1.]), lineWidth=1, name='boton_subasta1', opacity=1.0, ori=array(0.), pos=array([ 0.7, -0.4]), size=array([0.2, 0.1]), units='height', vertices=ndarray(...), win=Window(...))
11.0124 	EXP 	window1: mouseVisible = True
11.0524 	EXP 	Created text_subasta2 = TextStim(__class__=<class 'psychopy.visual.text.TextStim'>, alignHoriz=method-wrapper(...), alignText='center', alignVert=method-wrapper(...), anchorHoriz='center', anchorVert='center', antialias=True, autoLog=True, bold=False, color='black', colorSpace='named', contrast=1.0, depth=0.0, flipHoriz=False, flipVert=False, font='Arial', fontFiles=[], height=0.05, italic=False, languageStyle='LTR', name='text_subasta2', opacity=1.0, ori=0, pos=array([0., 0.]), rgb=array([0., 0., 0.]), text=str(...), units='height', win=Window(...), wrapWidth=1)
11.0563 	EXP 	Created boton_subasta2 = Polygon(__class__=<class 'psychopy.visual.polygon.Polygon'>, autoDraw=False, autoLog=True, closeShape=True, color=method-wrapper(...), colorSpace=None, contrast=1.0, depth=-1.0, fillColor=array([255.,   0.,   0.]), fillColorSpace='rgb', fillRGB=array([255.,   0.,   0.]), interpolate=True, lineColor=array([1., 1., 1.]), lineColorSpace='rgb', lineRGB=array([1., 1., 1.]), lineWidth=1, name='boton_subasta2', opacity=1.0, ori=array(0.), pos=array([ 0.7, -0.4]), size=array([0.2, 0.1]), units='height', vertices=ndarray(...), win=Window(...))
11.0564 	EXP 	window1: mouseVisible = True
11.0871 	EXP 	Created text = TextStim(__class__=<class 'psychopy.visual.text.TextStim'>, alignHoriz=method-wrapper(...), alignText='center', alignVert=method-wrapper(...), anchorHoriz='center', anchorVert='center', antialias=True, autoLog=True, bold=False, color='black', colorSpace='named', contrast=1.0, depth=-1.0, flipHoriz=False, flipVert=False, font='Arial', fontFiles=[], height=0.1, italic=False, languageStyle='LTR', name='text', opacity=1.0, ori=0, pos=array([0.  , 0.15]), rgb=array([0., 0., 0.]), text='default text', units='height', win=Window(...), wrapWidth=1)
11.0954 	EXP 	Created boton_pago1 = Polygon(__class__=<class 'psychopy.visual.polygon.Polygon'>, autoDraw=False, autoLog=True, closeShape=True, color=method-wrapper(...), colorSpace=None, contrast=1.0, depth=-2.0, fillColor=array([255.,   0.,   0.]), fillColorSpace='rgb', fillRGB=array([255.,   0.,   0.]), interpolate=True, lineColor=array([1., 1., 1.]), lineColorSpace='rgb', lineRGB=array([1., 1., 1.]), lineWidth=1, name='boton_pago1', opacity=1.0, ori=array(0.), pos=array([ 0.7, -0.4]), size=array([0.2, 0.1]), units='height', vertices=ndarray(...), win=Window(...))
11.0955 	EXP 	window1: mouseVisible = True
11.0998 	EXP 	Created text_4 = TextStim(__class__=<class 'psychopy.visual.text.TextStim'>, alignHoriz=method-wrapper(...), alignText='center', alignVert=method-wrapper(...), anchorHoriz='center', anchorVert='center', antialias=True, autoLog=True, bold=False, color='black', colorSpace='named', contrast=1.0, depth=-1.0, flipHoriz=False, flipVert=False, font='Arial', fontFiles=[], height=0.1, italic=False, languageStyle='LTR', name='text_4', opacity=1.0, ori=0, pos=array([0., 0.]), rgb=array([0., 0., 0.]), text='default text', units='height', win=Window(...), wrapWidth=1)
11.1036 	EXP 	Created boton_pago2 = Polygon(__class__=<class 'psychopy.visual.polygon.Polygon'>, autoDraw=False, autoLog=True, closeShape=True, color=method-wrapper(...), colorSpace=None, contrast=1.0, depth=-2.0, fillColor=array([255.,   0.,   0.]), fillColorSpace='rgb', fillRGB=array([255.,   0.,   0.]), interpolate=True, lineColor=array([1., 1., 1.]), lineColorSpace='rgb', lineRGB=array([1., 1., 1.]), lineWidth=1, name='boton_pago2', opacity=1.0, ori=array(0.), pos=array([ 0.7, -0.4]), size=array([0.2, 0.1]), units='height', vertices=ndarray(...), win=Window(...))
11.1037 	EXP 	window1: mouseVisible = True
11.1163 	EXP 	Created text_producto = TextStim(__class__=<class 'psychopy.visual.text.TextStim'>, alignHoriz=method-wrapper(...), alignText='center', alignVert=method-wrapper(...), anchorHoriz='center', anchorVert='center', antialias=True, autoLog=True, bold=False, color='black', colorSpace='named', contrast=1.0, depth=0.0, flipHoriz=False, flipVert=False, font='Arial', fontFiles=[], height=0.05, italic=False, languageStyle='LTR', name='text_producto', opacity=1.0, ori=0, pos=array([0.   , 0.275]), rgb=array([0., 0., 0.]), text=str(...), units='height', win=Window(...), wrapWidth=1)
11.1202 	EXP 	Created image = ImageStim(__class__=<class 'psychopy.visual.image.ImageStim'>, autoLog=True, color=array([1., 1., 1.]), colorSpace='rgb', contrast=1.0, depth=-1.0, flipHoriz=False, flipVert=False, image='sin', interpolate=True, mask=None, maskParams=None, name='image', opacity=1.0, ori=0.0, pos=array([ 0.  , -0.15]), size=array([0.5, 0.5]), texRes=128, units='height', win=Window(...))
11.1240 	EXP 	Created boton_producto = Polygon(__class__=<class 'psychopy.visual.polygon.Polygon'>, autoDraw=False, autoLog=True, closeShape=True, color=method-wrapper(...), colorSpace=None, contrast=1.0, depth=-2.0, fillColor=array([255.,   0.,   0.]), fillColorSpace='rgb', fillRGB=array([255.,   0.,   0.]), interpolate=True, lineColor=array([1., 1., 1.]), lineColorSpace='rgb', lineRGB=array([1., 1., 1.]), lineWidth=1, name='boton_producto', opacity=1.0, ori=array(0.), pos=array([ 0.7, -0.4]), size=array([0.2, 0.1]), units='height', vertices=ndarray(...), win=Window(...))
11.1241 	EXP 	window1: mouseVisible = True
11.1286 	EXP 	Created texto_final = TextStim(__class__=<class 'psychopy.visual.text.TextStim'>, alignHoriz=method-wrapper(...), alignText='center', alignVert=method-wrapper(...), anchorHoriz='center', anchorVert='center', antialias=True, autoLog=True, bold=False, color='black', colorSpace='named', contrast=1.0, depth=-1.0, flipHoriz=False, flipVert=False, font='Arial', fontFiles=[], height=0.1, italic=False, languageStyle='LTR', name='texto_final', opacity=1.0, ori=0, pos=array([0., 0.]), rgb=array([0., 0., 0.]), text='default text', units='height', win=Window(...), wrapWidth=1)
11.1325 	EXP 	Created boton_pago3 = Polygon(__class__=<class 'psychopy.visual.polygon.Polygon'>, autoDraw=False, autoLog=True, closeShape=True, color=method-wrapper(...), colorSpace=None, contrast=1.0, depth=-2.0, fillColor=array([255.,   0.,   0.]), fillColorSpace='rgb', fillRGB=array([255.,   0.,   0.]), interpolate=True, lineColor=array([1., 1., 1.]), lineColorSpace='rgb', lineRGB=array([1., 1., 1.]), lineWidth=1, name='boton_pago3', opacity=1.0, ori=array(0.), pos=array([ 0.7, -0.4]), size=array([0.2, 0.1]), units='height', vertices=ndarray(...), win=Window(...))
11.1326 	EXP 	window1: mouseVisible = True
11.2189 	EXP 	Created text_2 = TextStim(__class__=<class 'psychopy.visual.text.TextStim'>, alignHoriz=method-wrapper(...), alignText='center', alignVert=method-wrapper(...), anchorHoriz='center', anchorVert='center', antialias=True, autoLog=True, bold=False, color='white', colorSpace='named', contrast=1.0, depth=0.0, flipHoriz=False, flipVert=False, font='Arial', fontFiles=[], height=0.07, italic=False, languageStyle='LTR', name='text_2', opacity=1.0, ori=0, pos=array([0., 0.]), rgb=array([255., 255., 255.]), text=str(...), units='height', win=Window(...), wrapWidth=1)
11.2227 	EXP 	Created boton_intro_encuesta = Polygon(__class__=<class 'psychopy.visual.polygon.Polygon'>, autoDraw=False, autoLog=True, closeShape=True, color=method-wrapper(...), colorSpace=None, contrast=1.0, depth=-1.0, fillColor=array([255.,   0.,   0.]), fillColorSpace='rgb', fillRGB=array([255.,   0.,   0.]), interpolate=True, lineColor=array([1., 1., 1.]), lineColorSpace='rgb', lineRGB=array([1., 1., 1.]), lineWidth=1, name='boton_intro_encuesta', opacity=1.0, ori=array(0.), pos=array([ 0.7, -0.4]), size=array([0.2, 0.1]), units='height', vertices=ndarray(...), win=Window(...))
11.2229 	EXP 	window1: mouseVisible = True
11.2700 	EXP 	mensaje_intro: autoLog = True
11.2700 	EXP 	mensaje_intro_2: autoLog = True
11.2700 	EXP 	textbox_prueba: autoLog = True
11.2700 	EXP 	slider_prueba: autoLog = True
11.2700 	EXP 	slider_prueba: markerPos = None
11.2700 	EXP 	slider_prueba: rating = None
11.2700 	EXP 	slider_prueba: markerPos = None
11.2700 	EXP 	slider_prueba: contrast = 1.0
11.2700 	EXP 	slider_prueba: autoLog = True
11.2700 	EXP 	slider_prueba: style = ['whiteOnBlack']
11.2700 	EXP 	slider_prueba_2: autoLog = True
11.2700 	EXP 	slider_prueba_2: markerPos = None
11.2700 	EXP 	slider_prueba_2: rating = None
11.2700 	EXP 	slider_prueba_2: markerPos = None
11.2700 	EXP 	slider_prueba_2: contrast = 1.0
11.2700 	EXP 	slider_prueba_2: autoLog = True
11.2700 	EXP 	slider_prueba_2: style = ['whiteOnBlack']
11.2700 	EXP 	textbox_prueba_2: autoLog = True
11.2700 	EXP 	slider_exp: autoLog = True
11.2700 	EXP 	slider_exp: markerPos = None
11.2700 	EXP 	slider_exp: rating = None
11.2700 	EXP 	slider_exp: markerPos = None
11.2700 	EXP 	slider_exp: contrast = 1.0
11.2700 	EXP 	slider_exp: autoLog = True
11.2700 	EXP 	slider_exp: style = ['whiteOnBlack']
11.2700 	EXP 	mensaje_intro: autoDraw = True
11.2700 	EXP 	boton_intro: autoDraw = True
12.5676 	DATA 	Mouse: Left button down, pos=(1191,93)
12.5847 	EXP 	mensaje_intro: autoDraw = False
12.5847 	EXP 	boton_intro: autoDraw = False
12.5847 	EXP 	mensaje_intro_2: autoDraw = True
12.5847 	EXP 	boton_intro_2: autoDraw = True
12.6519 	DATA 	Mouse:  Left button up, pos=(1191,93)
13.6348 	DATA 	Mouse: Left button down, pos=(1192,87)
13.6507 	EXP 	mensaje_intro_2: autoDraw = False
13.6507 	EXP 	boton_intro_2: autoDraw = False
13.6507 	EXP 	textbox_prueba: autoDraw = True
13.6507 	EXP 	boton_intro_prueba: autoDraw = True
13.7507 	DATA 	Mouse:  Left button up, pos=(1192,87)
14.5175 	DATA 	Mouse: Left button down, pos=(1192,85)
14.5339 	EXP 	textbox_prueba: autoDraw = False
14.5339 	EXP 	boton_intro_prueba: autoDraw = False
14.5339 	EXP 	slider_prueba: markerPos = None
14.5339 	EXP 	slider_prueba: markerPos = None
14.5339 	EXP 	slider_prueba: rating = None
14.6022 	DATA 	Mouse:  Left button up, pos=(1192,85)
19.5743 	EXP 	image_prueba: autoDraw = True
19.5743 	EXP 	slider_prueba: autoDraw = True
20.6368 	DATA 	Mouse: Left button down, pos=(831,158)
20.6501 	EXP 	slider_prueba: markerPos = 4.463541666666667
20.6666 	EXP 	slider_prueba: markerPos = 4.463541666666667
20.6838 	EXP 	slider_prueba: markerPos = 4.463541666666667
20.7001 	EXP 	slider_prueba: markerPos = 4.463541666666667
20.7169 	EXP 	slider_prueba: markerPos = 4.463541666666667
20.7229 	DATA 	Mouse:  Left button up, pos=(831,158)
20.7331 	EXP 	slider_prueba: markerPos = 4.463541666666667
20.7498 	EXP 	slider_prueba: markerPos = 4.463541666666667
20.7498 	EXP 	slider_prueba: rating = 4.463541666666667
20.7672 	EXP 	image_prueba: autoDraw = False
20.7672 	EXP 	slider_prueba: autoDraw = False
20.7672 	EXP 	slider_prueba_2: markerPos = None
20.7672 	EXP 	slider_prueba_2: markerPos = None
20.7672 	EXP 	slider_prueba_2: rating = None
25.7790 	EXP 	image_prueba_2: autoDraw = True
25.7790 	EXP 	slider_prueba_2: autoDraw = True
26.4015 	DATA 	Mouse: Left button down, pos=(671,155)
26.4164 	EXP 	slider_prueba_2: markerPos = 3.421875
26.4329 	EXP 	slider_prueba_2: markerPos = 3.421875
26.4499 	EXP 	slider_prueba_2: markerPos = 3.421875
26.4664 	EXP 	slider_prueba_2: markerPos = 3.421875
26.4829 	EXP 	slider_prueba_2: markerPos = 3.421875
26.4995 	EXP 	slider_prueba_2: markerPos = 3.421875
26.5018 	DATA 	Mouse:  Left button up, pos=(671,155)
26.5163 	EXP 	slider_prueba_2: markerPos = 3.421875
26.5163 	EXP 	slider_prueba_2: rating = 3.421875
26.5331 	EXP 	image_prueba_2: autoDraw = False
26.5331 	EXP 	slider_prueba_2: autoDraw = False
26.5331 	EXP 	textbox_prueba_2: autoDraw = True
26.5331 	EXP 	boton_intro_exp: autoDraw = True
27.5340 	DATA 	Mouse: Left button down, pos=(1220,76)
27.5656 	EXP 	Imported ruidos.xlsx as conditions, 4 conditions, 2 params
27.5718 	EXP 	Created sequence: random, trialTypes=4, nReps=1, seed=None
27.5721 	EXP 	New trial (rep=0, index=0): OrderedDict([('Hertz', 1000), ('volumen', 0.0)])
27.5782 	EXP 	Imported imagenes.xlsx as conditions, 36 conditions, 3 params
27.5785 	EXP 	Created sequence: random, trialTypes=36, nReps=1, seed=None
27.5787 	EXP 	New trial (rep=0, index=0): OrderedDict([('Imagenes', 'imagenes/Galletas Tosh.jpg'), ('Random', 0.9129693753280027), ('Correcto', None)])
27.6098 	EXP 	textbox_prueba_2: autoDraw = False
27.6098 	EXP 	boton_intro_exp: autoDraw = False
27.6098 	EXP 	image_exp: image = 'imagenes/Galletas Tosh.jpg'
27.6098 	EXP 	slider_exp: markerPos = None
27.6098 	EXP 	slider_exp: markerPos = None
27.6098 	EXP 	slider_exp: rating = None
27.6351 	DATA 	Mouse:  Left button up, pos=(1219,76)
32.6055 	EXP 	image_exp: autoDraw = True
32.6055 	EXP 	slider_exp: autoDraw = True
33.2852 	DATA 	Mouse: Left button down, pos=(842,158)
33.2997 	EXP 	slider_exp: markerPos = 4.53515625
33.3161 	EXP 	slider_exp: markerPos = 4.53515625
33.3330 	EXP 	slider_exp: markerPos = 4.53515625
33.3495 	EXP 	slider_exp: markerPos = 4.53515625
33.3664 	EXP 	slider_exp: markerPos = 4.53515625
33.3832 	EXP 	slider_exp: markerPos = 4.53515625
33.3860 	DATA 	Mouse:  Left button up, pos=(842,158)
33.3995 	EXP 	slider_exp: markerPos = 4.53515625
33.3995 	EXP 	slider_exp: rating = 4.53515625
33.4051 	EXP 	New trial (rep=0, index=1): OrderedDict([('Imagenes', 'imagenes/Pescadito.png'), ('Random', 0.7172825011486081), ('Correcto', None)])
33.4302 	EXP 	image_exp: autoDraw = False
33.4302 	EXP 	slider_exp: autoDraw = False
33.4302 	EXP 	image_exp: image = 'imagenes/Pescadito.png'
33.4302 	EXP 	slider_exp: markerPos = None
33.4302 	EXP 	slider_exp: markerPos = None
33.4302 	EXP 	slider_exp: rating = None
34.1695 	DATA 	Keypress: escape
34.6043 	EXP 	window1: mouseVisible = True
