1.1929 	WARNING 	We strongly recommend you activate the PTB sound engine in PsychoPy prefs as the preferred audio engine. Its timing is vastly superior. Your prefs are currently set to use ['sounddevice', 'PTB', 'pyo', 'pygame'] (in that order).
13.9040 	EXP 	Created window1 = Window(allowGUI=False, allowStencil=False, args=UNKNOWN, autoLog=True, bitsMode=UNKNOWN, blendMode='avg', bpc=(8, 8, 8), color=array([1., 1., 1.]), colorSpace='rgb', depthBits=8, fullscr=<method-wrapper '__getattribute__' of attributeSetter object at 0x0000017AF3973EF0>, gamma=None, gammaErrorPolicy='raise', kwargs=UNKNOWN, lms=UNKNOWN, monitor=<psychopy.monitors.calibTools.Monitor object at 0x0000017AF3749710>, multiSample=False, name='window1', numSamples=2, pos=[0.0, 0.0], screen=0, size=array([1366,  768]), stencilBits=0, stereo=False, units='height', useFBO=True, useRetina=False, viewOri=0.0, viewPos=None, viewScale=None, waitBlanking=True, winType='pyglet')
13.9044 	EXP 	window1: mouseVisible = True
13.9045 	EXP 	window1: recordFrameIntervals = False
14.0696 	EXP 	window1: recordFrameIntervals = True
14.2534 	EXP 	window1: recordFrameIntervals = False
14.5128 	ERROR 	Unknown colorSpace: named
14.6208 	EXP 	Created polygon = Polygon(__class__=<class 'psychopy.visual.polygon.Polygon'>, autoDraw=False, autoLog=True, closeShape=True, color=method-wrapper(...), colorSpace=None, contrast=1.0, depth=-1.0, fillColor=array([255.,   0.,   0.]), fillColorSpace='rgb', fillRGB=array([255.,   0.,   0.]), interpolate=True, lineColor=array([1., 1., 1.]), lineColorSpace='rgb', lineRGB=array([1., 1., 1.]), lineWidth=1, name='polygon', opacity=1.0, ori=array(0.), pos=array([ 0.7, -0.4]), size=array([0.2, 0.1]), units='height', vertices=ndarray(...), win=Window(...))
14.6209 	EXP 	window1: mouseVisible = True
14.7899 	ERROR 	Unknown colorSpace: named
14.9148 	EXP 	Sound sonido_prueba set volume 1.000
14.9299 	EXP 	Created image_prueba = ImageStim(__class__=<class 'psychopy.visual.image.ImageStim'>, autoLog=True, color=array([1., 1., 1.]), colorSpace='rgb', contrast=1.0, depth=-1.0, flipHoriz=False, flipVert=False, image='imagenes/lapicero.jpg', interpolate=True, mask=None, maskParams=None, name='image_prueba', opacity=1.0, ori=0.0, pos=array([0. , 0.2]), size=array([0.5, 0.5]), texRes=128, units='height', win=Window(...))
14.9317 	EXP 	window1: mouseVisible = True
14.9781 	EXP 	Created slider_prueba = Slider(__class__=<class 'psychopy.visual.slider.Slider'>, autoDraw=False, autoLog=True, color='DimGrey', depth=-2, flip=False, font='HelveticaBold', granularity=0, labelHeight=0.05, labelWrapWidth=None, labels=('0', '1000', '2000', '3000', '4000', '5000'), name='slider_prueba', pos=(0, -0.3), readOnly=False, self=UNKNOWN, size=(1.0, 0.05), style=method-wrapper(...), ticks=array([1, 2, 3, 4, 5, 6]), units='height', win=Window(...))
14.9784 	EXP 	Sound sonido_prueba_2 set volume 1.000
15.0386 	EXP 	Created image_prueba_2 = ImageStim(__class__=<class 'psychopy.visual.image.ImageStim'>, autoLog=True, color=array([1., 1., 1.]), colorSpace='rgb', contrast=1.0, depth=-1.0, flipHoriz=False, flipVert=False, image='imagenes/jabon.jpg', interpolate=True, mask=None, maskParams=None, name='image_prueba_2', opacity=1.0, ori=0.0, pos=array([0. , 0.2]), size=array([0.5, 0.5]), texRes=128, units='height', win=Window(...))
15.0391 	EXP 	window1: mouseVisible = True
15.0482 	EXP 	Created slider_prueba_2 = Slider(__class__=<class 'psychopy.visual.slider.Slider'>, autoDraw=False, autoLog=True, color='DimGrey', depth=-2, flip=False, font='HelveticaBold', granularity=0, labelHeight=0.05, labelWrapWidth=None, labels=('0', '1000', '2000', '3000', '4000', '5000'), name='slider_prueba_2', pos=(0, -0.3), readOnly=False, self=UNKNOWN, size=(1.0, 0.05), style=method-wrapper(...), ticks=array([1, 2, 3, 4, 5, 6]), units='height', win=Window(...))
15.0566 	ERROR 	Unknown colorSpace: named
15.0747 	EXP 	Sound sonido_exp set volume 1.000
15.0764 	EXP 	Created image_exp = ImageStim(__class__=<class 'psychopy.visual.image.ImageStim'>, autoLog=True, color=array([1., 1., 1.]), colorSpace='rgb', contrast=1.0, depth=-1.0, flipHoriz=False, flipVert=False, image='sin', interpolate=True, mask=None, maskParams=None, name='image_exp', opacity=1.0, ori=0.0, pos=array([0. , 0.2]), size=array([0.5, 0.5]), texRes=128, units='height', win=Window(...))
15.0769 	EXP 	window1: mouseVisible = True
15.0863 	EXP 	Created slider_exp = Slider(__class__=<class 'psychopy.visual.slider.Slider'>, autoDraw=False, autoLog=True, color='DimGrey', depth=-2, flip=False, font='HelveticaBold', granularity=0, labelHeight=0.05, labelWrapWidth=None, labels=('0', '1000', '2000', '3000', '4000', '5000'), name='slider_exp', pos=(0, -0.3), readOnly=False, self=UNKNOWN, size=(1.0, 0.05), style=method-wrapper(...), ticks=array([1, 2, 3, 4, 5, 6]), units='height', win=Window(...))
15.1191 	EXP 	Created text_subasta1 = TextStim(__class__=<class 'psychopy.visual.text.TextStim'>, alignHoriz=method-wrapper(...), alignText='center', alignVert=method-wrapper(...), anchorHoriz='center', anchorVert='center', antialias=True, autoLog=True, bold=False, color='black', colorSpace='named', contrast=1.0, depth=0.0, flipHoriz=False, flipVert=False, font='Arial', fontFiles=[], height=0.05, italic=False, languageStyle='LTR', name='text_subasta1', opacity=1.0, ori=0, pos=array([0., 0.]), rgb=array([0., 0., 0.]), text=str(...), units='height', win=Window(...), wrapWidth=1)
15.1384 	EXP 	Created text_subasta2 = TextStim(__class__=<class 'psychopy.visual.text.TextStim'>, alignHoriz=method-wrapper(...), alignText='center', alignVert=method-wrapper(...), anchorHoriz='center', anchorVert='center', antialias=True, autoLog=True, bold=False, color='black', colorSpace='named', contrast=1.0, depth=0.0, flipHoriz=False, flipVert=False, font='Arial', fontFiles=[], height=0.05, italic=False, languageStyle='LTR', name='text_subasta2', opacity=1.0, ori=0, pos=array([0., 0.]), rgb=array([0., 0., 0.]), text=str(...), units='height', win=Window(...), wrapWidth=1)
15.1531 	EXP 	Created text = TextStim(__class__=<class 'psychopy.visual.text.TextStim'>, alignHoriz=method-wrapper(...), alignText='center', alignVert=method-wrapper(...), anchorHoriz='center', anchorVert='center', antialias=True, autoLog=True, bold=False, color='black', colorSpace='named', contrast=1.0, depth=-1.0, flipHoriz=False, flipVert=False, font='Arial', fontFiles=[], height=0.1, italic=False, languageStyle='LTR', name='text', opacity=1.0, ori=0, pos=array([0.  , 0.15]), rgb=array([0., 0., 0.]), text='default text', units='height', win=Window(...), wrapWidth=1)
15.1562 	EXP 	Created text_4 = TextStim(__class__=<class 'psychopy.visual.text.TextStim'>, alignHoriz=method-wrapper(...), alignText='center', alignVert=method-wrapper(...), anchorHoriz='center', anchorVert='center', antialias=True, autoLog=True, bold=False, color='black', colorSpace='named', contrast=1.0, depth=-1.0, flipHoriz=False, flipVert=False, font='Arial', fontFiles=[], height=0.1, italic=False, languageStyle='LTR', name='text_4', opacity=1.0, ori=0, pos=array([0., 0.]), rgb=array([0., 0., 0.]), text='default text', units='height', win=Window(...), wrapWidth=1)
15.1620 	EXP 	Created text_producto = TextStim(__class__=<class 'psychopy.visual.text.TextStim'>, alignHoriz=method-wrapper(...), alignText='center', alignVert=method-wrapper(...), anchorHoriz='center', anchorVert='center', antialias=True, autoLog=True, bold=False, color='black', colorSpace='named', contrast=1.0, depth=0.0, flipHoriz=False, flipVert=False, font='Arial', fontFiles=[], height=0.05, italic=False, languageStyle='LTR', name='text_producto', opacity=1.0, ori=0, pos=array([0.   , 0.275]), rgb=array([0., 0., 0.]), text=str(...), units='height', win=Window(...), wrapWidth=1)
15.1641 	EXP 	Created image = ImageStim(__class__=<class 'psychopy.visual.image.ImageStim'>, autoLog=True, color=array([1., 1., 1.]), colorSpace='rgb', contrast=1.0, depth=-1.0, flipHoriz=False, flipVert=False, image='sin', interpolate=True, mask=None, maskParams=None, name='image', opacity=1.0, ori=0.0, pos=array([ 0.  , -0.15]), size=array([0.5, 0.5]), texRes=128, units='height', win=Window(...))
15.1663 	EXP 	Created texto_final = TextStim(__class__=<class 'psychopy.visual.text.TextStim'>, alignHoriz=method-wrapper(...), alignText='center', alignVert=method-wrapper(...), anchorHoriz='center', anchorVert='center', antialias=True, autoLog=True, bold=False, color='black', colorSpace='named', contrast=1.0, depth=-1.0, flipHoriz=False, flipVert=False, font='Arial', fontFiles=[], height=0.1, italic=False, languageStyle='LTR', name='texto_final', opacity=1.0, ori=0, pos=array([0., 0.]), rgb=array([0., 0., 0.]), text='default text', units='height', win=Window(...), wrapWidth=1)
15.2067 	EXP 	mensaje_intro: autoLog = True
15.2067 	EXP 	mensaje_intro_2: autoLog = True
15.2067 	EXP 	textbox_prueba: autoLog = True
15.2067 	EXP 	slider_prueba: autoLog = True
15.2067 	EXP 	slider_prueba: markerPos = None
15.2067 	EXP 	slider_prueba: rating = None
15.2067 	EXP 	slider_prueba: markerPos = None
15.2067 	EXP 	slider_prueba: contrast = 1.0
15.2067 	EXP 	slider_prueba: autoLog = True
15.2067 	EXP 	slider_prueba: style = ['whiteOnBlack']
15.2067 	EXP 	slider_prueba_2: autoLog = True
15.2067 	EXP 	slider_prueba_2: markerPos = None
15.2067 	EXP 	slider_prueba_2: rating = None
15.2067 	EXP 	slider_prueba_2: markerPos = None
15.2067 	EXP 	slider_prueba_2: contrast = 1.0
15.2067 	EXP 	slider_prueba_2: autoLog = True
15.2067 	EXP 	slider_prueba_2: style = ['whiteOnBlack']
15.2067 	EXP 	textbox_prueba_2: autoLog = True
15.2067 	EXP 	slider_exp: autoLog = True
15.2067 	EXP 	slider_exp: markerPos = None
15.2067 	EXP 	slider_exp: rating = None
15.2067 	EXP 	slider_exp: markerPos = None
15.2067 	EXP 	slider_exp: contrast = 1.0
15.2067 	EXP 	slider_exp: autoLog = True
15.2067 	EXP 	slider_exp: style = ['whiteOnBlack']
15.2067 	EXP 	mensaje_intro: autoDraw = True
15.2067 	EXP 	polygon: autoDraw = True
16.2907 	DATA 	Mouse: Left button down, pos=(1223,72)
16.3199 	EXP 	mensaje_intro: autoDraw = False
16.3199 	EXP 	polygon: autoDraw = False
16.3199 	EXP 	mensaje_intro_2: autoDraw = True
16.3765 	DATA 	Mouse:  Left button up, pos=(1223,72)
18.9097 	DATA 	Mouse: Left button down, pos=(1334,63)
18.9766 	DATA 	Mouse:  Left button up, pos=(1334,63)
20.7781 	DATA 	Keypress: space
20.7855 	EXP 	mensaje_intro_2: autoDraw = False
20.7855 	EXP 	textbox_prueba: autoDraw = True
20.9764 	DATA 	Keypress: escape
21.4227 	EXP 	window1: mouseVisible = True
1.5088 	WARNING 	We strongly recommend you activate the PTB sound engine in PsychoPy prefs as the preferred audio engine. Its timing is vastly superior. Your prefs are currently set to use ['sounddevice', 'PTB', 'pyo', 'pygame'] (in that order).
8.8415 	EXP 	Created window1 = Window(allowGUI=False, allowStencil=False, args=UNKNOWN, autoLog=True, bitsMode=UNKNOWN, blendMode='avg', bpc=(8, 8, 8), color=array([1., 1., 1.]), colorSpace='rgb', depthBits=8, fullscr=<method-wrapper '__getattribute__' of attributeSetter object at 0x000001CBDB3D5EF0>, gamma=None, gammaErrorPolicy='raise', kwargs=UNKNOWN, lms=UNKNOWN, monitor=<psychopy.monitors.calibTools.Monitor object at 0x000001CBDB1AA710>, multiSample=False, name='window1', numSamples=2, pos=[0.0, 0.0], screen=0, size=array([1366,  768]), stencilBits=0, stereo=False, units='height', useFBO=True, useRetina=False, viewOri=0.0, viewPos=None, viewScale=None, waitBlanking=True, winType='pyglet')
8.8422 	EXP 	window1: mouseVisible = True
8.8423 	EXP 	window1: recordFrameIntervals = False
9.0061 	EXP 	window1: recordFrameIntervals = True
9.1899 	EXP 	window1: recordFrameIntervals = False
9.3773 	ERROR 	Unknown colorSpace: named
9.4378 	EXP 	Created polygon = Polygon(__class__=<class 'psychopy.visual.polygon.Polygon'>, autoDraw=False, autoLog=True, closeShape=True, color=method-wrapper(...), colorSpace=None, contrast=1.0, depth=-1.0, fillColor=array([255.,   0.,   0.]), fillColorSpace='rgb', fillRGB=array([255.,   0.,   0.]), interpolate=True, lineColor=array([1., 1., 1.]), lineColorSpace='rgb', lineRGB=array([1., 1., 1.]), lineWidth=1, name='polygon', opacity=1.0, ori=array(0.), pos=array([ 0.7, -0.4]), size=array([0.2, 0.1]), units='height', vertices=ndarray(...), win=Window(...))
9.4379 	EXP 	window1: mouseVisible = True
9.5276 	ERROR 	Unknown colorSpace: named
9.6013 	EXP 	Sound sonido_prueba set volume 1.000
9.6172 	EXP 	Created image_prueba = ImageStim(__class__=<class 'psychopy.visual.image.ImageStim'>, autoLog=True, color=array([1., 1., 1.]), colorSpace='rgb', contrast=1.0, depth=-1.0, flipHoriz=False, flipVert=False, image='imagenes/lapicero.jpg', interpolate=True, mask=None, maskParams=None, name='image_prueba', opacity=1.0, ori=0.0, pos=array([0. , 0.2]), size=array([0.5, 0.5]), texRes=128, units='height', win=Window(...))
9.6190 	EXP 	window1: mouseVisible = True
9.6652 	EXP 	Created slider_prueba = Slider(__class__=<class 'psychopy.visual.slider.Slider'>, autoDraw=False, autoLog=True, color='DimGrey', depth=-2, flip=False, font='HelveticaBold', granularity=0, labelHeight=0.05, labelWrapWidth=None, labels=('0', '1000', '2000', '3000', '4000', '5000'), name='slider_prueba', pos=(0, -0.3), readOnly=False, self=UNKNOWN, size=(1.0, 0.05), style=method-wrapper(...), ticks=array([1, 2, 3, 4, 5, 6]), units='height', win=Window(...))
9.6654 	EXP 	Sound sonido_prueba_2 set volume 1.000
9.7255 	EXP 	Created image_prueba_2 = ImageStim(__class__=<class 'psychopy.visual.image.ImageStim'>, autoLog=True, color=array([1., 1., 1.]), colorSpace='rgb', contrast=1.0, depth=-1.0, flipHoriz=False, flipVert=False, image='imagenes/jabon.jpg', interpolate=True, mask=None, maskParams=None, name='image_prueba_2', opacity=1.0, ori=0.0, pos=array([0. , 0.2]), size=array([0.5, 0.5]), texRes=128, units='height', win=Window(...))
9.7260 	EXP 	window1: mouseVisible = True
9.7351 	EXP 	Created slider_prueba_2 = Slider(__class__=<class 'psychopy.visual.slider.Slider'>, autoDraw=False, autoLog=True, color='DimGrey', depth=-2, flip=False, font='HelveticaBold', granularity=0, labelHeight=0.05, labelWrapWidth=None, labels=('0', '1000', '2000', '3000', '4000', '5000'), name='slider_prueba_2', pos=(0, -0.3), readOnly=False, self=UNKNOWN, size=(1.0, 0.05), style=method-wrapper(...), ticks=array([1, 2, 3, 4, 5, 6]), units='height', win=Window(...))
9.7433 	ERROR 	Unknown colorSpace: named
9.7640 	EXP 	Sound sonido_exp set volume 1.000
9.7656 	EXP 	Created image_exp = ImageStim(__class__=<class 'psychopy.visual.image.ImageStim'>, autoLog=True, color=array([1., 1., 1.]), colorSpace='rgb', contrast=1.0, depth=-1.0, flipHoriz=False, flipVert=False, image='sin', interpolate=True, mask=None, maskParams=None, name='image_exp', opacity=1.0, ori=0.0, pos=array([0. , 0.2]), size=array([0.5, 0.5]), texRes=128, units='height', win=Window(...))
9.7660 	EXP 	window1: mouseVisible = True
9.7771 	EXP 	Created slider_exp = Slider(__class__=<class 'psychopy.visual.slider.Slider'>, autoDraw=False, autoLog=True, color='DimGrey', depth=-2, flip=False, font='HelveticaBold', granularity=0, labelHeight=0.05, labelWrapWidth=None, labels=('0', '1000', '2000', '3000', '4000', '5000'), name='slider_exp', pos=(0, -0.3), readOnly=False, self=UNKNOWN, size=(1.0, 0.05), style=method-wrapper(...), ticks=array([1, 2, 3, 4, 5, 6]), units='height', win=Window(...))
9.8096 	EXP 	Created text_subasta1 = TextStim(__class__=<class 'psychopy.visual.text.TextStim'>, alignHoriz=method-wrapper(...), alignText='center', alignVert=method-wrapper(...), anchorHoriz='center', anchorVert='center', antialias=True, autoLog=True, bold=False, color='black', colorSpace='named', contrast=1.0, depth=0.0, flipHoriz=False, flipVert=False, font='Arial', fontFiles=[], height=0.05, italic=False, languageStyle='LTR', name='text_subasta1', opacity=1.0, ori=0, pos=array([0., 0.]), rgb=array([0., 0., 0.]), text=str(...), units='height', win=Window(...), wrapWidth=1)
9.8291 	EXP 	Created text_subasta2 = TextStim(__class__=<class 'psychopy.visual.text.TextStim'>, alignHoriz=method-wrapper(...), alignText='center', alignVert=method-wrapper(...), anchorHoriz='center', anchorVert='center', antialias=True, autoLog=True, bold=False, color='black', colorSpace='named', contrast=1.0, depth=0.0, flipHoriz=False, flipVert=False, font='Arial', fontFiles=[], height=0.05, italic=False, languageStyle='LTR', name='text_subasta2', opacity=1.0, ori=0, pos=array([0., 0.]), rgb=array([0., 0., 0.]), text=str(...), units='height', win=Window(...), wrapWidth=1)
9.8438 	EXP 	Created text = TextStim(__class__=<class 'psychopy.visual.text.TextStim'>, alignHoriz=method-wrapper(...), alignText='center', alignVert=method-wrapper(...), anchorHoriz='center', anchorVert='center', antialias=True, autoLog=True, bold=False, color='black', colorSpace='named', contrast=1.0, depth=-1.0, flipHoriz=False, flipVert=False, font='Arial', fontFiles=[], height=0.1, italic=False, languageStyle='LTR', name='text', opacity=1.0, ori=0, pos=array([0.  , 0.15]), rgb=array([0., 0., 0.]), text='default text', units='height', win=Window(...), wrapWidth=1)
9.8469 	EXP 	Created text_4 = TextStim(__class__=<class 'psychopy.visual.text.TextStim'>, alignHoriz=method-wrapper(...), alignText='center', alignVert=method-wrapper(...), anchorHoriz='center', anchorVert='center', antialias=True, autoLog=True, bold=False, color='black', colorSpace='named', contrast=1.0, depth=-1.0, flipHoriz=False, flipVert=False, font='Arial', fontFiles=[], height=0.1, italic=False, languageStyle='LTR', name='text_4', opacity=1.0, ori=0, pos=array([0., 0.]), rgb=array([0., 0., 0.]), text='default text', units='height', win=Window(...), wrapWidth=1)
9.8528 	EXP 	Created text_producto = TextStim(__class__=<class 'psychopy.visual.text.TextStim'>, alignHoriz=method-wrapper(...), alignText='center', alignVert=method-wrapper(...), anchorHoriz='center', anchorVert='center', antialias=True, autoLog=True, bold=False, color='black', colorSpace='named', contrast=1.0, depth=0.0, flipHoriz=False, flipVert=False, font='Arial', fontFiles=[], height=0.05, italic=False, languageStyle='LTR', name='text_producto', opacity=1.0, ori=0, pos=array([0.   , 0.275]), rgb=array([0., 0., 0.]), text=str(...), units='height', win=Window(...), wrapWidth=1)
9.8548 	EXP 	Created image = ImageStim(__class__=<class 'psychopy.visual.image.ImageStim'>, autoLog=True, color=array([1., 1., 1.]), colorSpace='rgb', contrast=1.0, depth=-1.0, flipHoriz=False, flipVert=False, image='sin', interpolate=True, mask=None, maskParams=None, name='image', opacity=1.0, ori=0.0, pos=array([ 0.  , -0.15]), size=array([0.5, 0.5]), texRes=128, units='height', win=Window(...))
9.8572 	EXP 	Created texto_final = TextStim(__class__=<class 'psychopy.visual.text.TextStim'>, alignHoriz=method-wrapper(...), alignText='center', alignVert=method-wrapper(...), anchorHoriz='center', anchorVert='center', antialias=True, autoLog=True, bold=False, color='black', colorSpace='named', contrast=1.0, depth=-1.0, flipHoriz=False, flipVert=False, font='Arial', fontFiles=[], height=0.1, italic=False, languageStyle='LTR', name='texto_final', opacity=1.0, ori=0, pos=array([0., 0.]), rgb=array([0., 0., 0.]), text='default text', units='height', win=Window(...), wrapWidth=1)
9.8962 	EXP 	mensaje_intro: autoLog = True
9.8962 	EXP 	mensaje_intro_2: autoLog = True
9.8962 	EXP 	textbox_prueba: autoLog = True
9.8962 	EXP 	slider_prueba: autoLog = True
9.8962 	EXP 	slider_prueba: markerPos = None
9.8962 	EXP 	slider_prueba: rating = None
9.8962 	EXP 	slider_prueba: markerPos = None
9.8962 	EXP 	slider_prueba: contrast = 1.0
9.8962 	EXP 	slider_prueba: autoLog = True
9.8962 	EXP 	slider_prueba: style = ['whiteOnBlack']
9.8962 	EXP 	slider_prueba_2: autoLog = True
9.8962 	EXP 	slider_prueba_2: markerPos = None
9.8962 	EXP 	slider_prueba_2: rating = None
9.8962 	EXP 	slider_prueba_2: markerPos = None
9.8962 	EXP 	slider_prueba_2: contrast = 1.0
9.8962 	EXP 	slider_prueba_2: autoLog = True
9.8962 	EXP 	slider_prueba_2: style = ['whiteOnBlack']
9.8962 	EXP 	textbox_prueba_2: autoLog = True
9.8962 	EXP 	slider_exp: autoLog = True
9.8962 	EXP 	slider_exp: markerPos = None
9.8962 	EXP 	slider_exp: rating = None
9.8962 	EXP 	slider_exp: markerPos = None
9.8962 	EXP 	slider_exp: contrast = 1.0
9.8962 	EXP 	slider_exp: autoLog = True
9.8962 	EXP 	slider_exp: style = ['whiteOnBlack']
9.8962 	EXP 	mensaje_intro: autoDraw = True
9.8962 	EXP 	polygon: autoDraw = True
12.1571 	DATA 	Mouse: Left button down, pos=(983,530)
12.2562 	DATA 	Mouse:  Left button up, pos=(983,530)
12.8894 	DATA 	Mouse: Left button down, pos=(1151,298)
12.9731 	DATA 	Mouse:  Left button up, pos=(1151,298)
13.7738 	DATA 	Mouse: Left button down, pos=(282,430)
13.8400 	DATA 	Mouse:  Left button up, pos=(282,430)
14.7400 	DATA 	Mouse: Left button down, pos=(1192,81)
14.7601 	EXP 	mensaje_intro: autoDraw = False
14.7601 	EXP 	polygon: autoDraw = False
14.7601 	EXP 	mensaje_intro_2: autoDraw = True
14.7921 	DATA 	Mouse:  Left button up, pos=(1192,81)
15.4129 	DATA 	Keypress: escape
15.8327 	EXP 	window1: mouseVisible = True
