0.8373 	WARNING 	We strongly recommend you activate the PTB sound engine in PsychoPy prefs as the preferred audio engine. Its timing is vastly superior. Your prefs are currently set to use ['sounddevice', 'PTB', 'pyo', 'pygame'] (in that order).
5.9983 	WARNING 	User requested fullscreen with size [1024  768], but screen is actually [1366, 768]. Using actual size
7.5577 	EXP 	Created window1 = Window(allowGUI=False, allowStencil=False, args=UNKNOWN, autoLog=True, bitsMode=UNKNOWN, blendMode='avg', bpc=(8, 8, 8), color=array([0., 0., 0.]), colorSpace='rgb', depthBits=8, fullscr=<method-wrapper '__getattribute__' of attributeSetter object at 0x000001D392A6B4E0>, gamma=None, gammaErrorPolicy='raise', kwargs=UNKNOWN, lms=UNKNOWN, monitor=<psychopy.monitors.calibTools.Monitor object at 0x000001D39283A550>, multiSample=False, name='window1', numSamples=2, pos=[0.0, 0.0], screen=0, size=array([1366,  768]), stencilBits=0, stereo=False, units='height', useFBO=True, useRetina=False, viewOri=0.0, viewPos=None, viewScale=None, waitBlanking=True, winType='pyglet')
7.5580 	EXP 	window1: mouseVisible = True
7.5581 	EXP 	window1: recordFrameIntervals = False
7.7238 	EXP 	window1: recordFrameIntervals = True
7.9073 	EXP 	window1: recordFrameIntervals = False
8.1186 	EXP 	Sound Sonido set volume 1.000
8.1291 	EXP 	Created image_2 = ImageStim(__class__=<class 'psychopy.visual.image.ImageStim'>, autoLog=True, color=array([1., 1., 1.]), colorSpace='rgb', contrast=1.0, depth=-1.0, flipHoriz=False, flipVert=False, image='sin', interpolate=True, mask=None, maskParams=None, name='image_2', opacity=1.0, ori=0.0, pos=array([0. , 0.2]), size=array([0.5, 0.5]), texRes=128, units='height', win=Window(...))
8.1477 	EXP 	window1: mouseVisible = True
8.2489 	EXP 	Created slider_2 = Slider(__class__=<class 'psychopy.visual.slider.Slider'>, autoDraw=False, autoLog=True, color='LightGray', depth=0, flip=False, font='HelveticaBold', granularity=0, labelHeight=0.05, labelWrapWidth=None, labels=('0', '1000', '2000', '3000', '4000', '5000'), name='slider_2', pos=(0, -0.3), readOnly=False, self=UNKNOWN, size=(1.0, 0.05), style=method-wrapper(...), ticks=array([1, 2, 3, 4, 5, 6]), units='height', win=Window(...))
8.3237 	EXP 	Imported ruidos.xlsx as conditions, 4 conditions, 2 params
8.3243 	EXP 	Created sequence: random, trialTypes=4, nReps=1, seed=None
8.3248 	EXP 	New trial (rep=0, index=0): OrderedDict([('Hertz', 1000), ('volumen', 0.02)])
8.3366 	EXP 	Imported imagenes.xlsx as conditions, 20 conditions, 3 params
8.3371 	EXP 	Created sequence: random, trialTypes=20, nReps=1, seed=None
8.3376 	EXP 	New trial (rep=0, index=0): OrderedDict([('Imagenes', 'imagenes\\Popetas.jpg'), ('Random', 0.07650200324054446), ('Correcto', None)])
8.5045 	EXP 	slider_2: autoLog = True
8.5045 	EXP 	slider_2: markerPos = None
8.5045 	EXP 	slider_2: rating = None
8.5045 	EXP 	slider_2: markerPos = None
8.5045 	EXP 	slider_2: contrast = 1.0
8.5045 	EXP 	slider_2: autoLog = True
8.5045 	EXP 	slider_2: style = ['rating']
8.5045 	EXP 	image_2: image = 'imagenes\\Popetas.jpg'
8.5045 	EXP 	slider_2: markerPos = None
8.5045 	EXP 	slider_2: markerPos = None
8.5045 	EXP 	slider_2: rating = None
8.5045 	EXP 	image_2: autoDraw = True
8.5045 	EXP 	slider_2: autoDraw = True
9.2931 	EXP 	New trial (rep=0, index=1): OrderedDict([('Imagenes', 'imagenes\\Papas-naturales.jpg'), ('Random', 0.15856838916280946), ('Correcto', None)])
9.3244 	EXP 	image_2: autoDraw = False
9.3244 	EXP 	slider_2: autoDraw = False
9.3244 	EXP 	image_2: image = 'imagenes\\Papas-naturales.jpg'
9.3244 	EXP 	slider_2: markerPos = None
9.3244 	EXP 	slider_2: markerPos = None
9.3244 	EXP 	slider_2: rating = None
9.3244 	EXP 	image_2: autoDraw = True
9.3244 	EXP 	slider_2: autoDraw = True
9.6754 	DATA 	Mouse: Left button down, pos=(688,150)
9.6905 	EXP 	slider_2: markerPos = 3.532552083333333
9.7070 	EXP 	slider_2: markerPos = 3.532552083333333
9.7235 	EXP 	slider_2: markerPos = 3.532552083333333
9.7402 	EXP 	slider_2: markerPos = 3.532552083333333
9.7571 	EXP 	slider_2: markerPos = 3.532552083333333
9.7606 	DATA 	Mouse:  Left button up, pos=(688,150)
9.7740 	EXP 	slider_2: markerPos = 3.532552083333333
9.7905 	EXP 	slider_2: markerPos = 3.532552083333333
9.7905 	EXP 	slider_2: rating = 3.532552083333333
9.7941 	EXP 	New trial (rep=0, index=2): OrderedDict([('Imagenes', 'imagenes\\Manzana.jpg'), ('Random', 0.5168162194437935), ('Correcto', None)])
9.8351 	EXP 	image_2: autoDraw = False
9.8351 	EXP 	slider_2: autoDraw = False
9.8351 	EXP 	image_2: image = 'imagenes\\Manzana.jpg'
9.8351 	EXP 	slider_2: markerPos = None
9.8351 	EXP 	slider_2: markerPos = None
9.8351 	EXP 	slider_2: rating = None
9.8351 	EXP 	image_2: autoDraw = True
9.8351 	EXP 	slider_2: autoDraw = True
10.0587 	DATA 	Mouse: Left button down, pos=(685,152)
10.0736 	EXP 	slider_2: markerPos = 3.513020833333333
10.0903 	EXP 	slider_2: markerPos = 3.513020833333333
10.1070 	EXP 	slider_2: markerPos = 3.513020833333333
10.1239 	EXP 	slider_2: markerPos = 3.513020833333333
10.1401 	EXP 	slider_2: markerPos = 3.513020833333333
10.1418 	DATA 	Mouse:  Left button up, pos=(685,152)
10.1570 	EXP 	slider_2: markerPos = 3.513020833333333
10.1570 	EXP 	slider_2: rating = 3.513020833333333
10.1598 	EXP 	New trial (rep=0, index=3): OrderedDict([('Imagenes', 'imagenes\\bon-bon-bun.jpg'), ('Random', 0.7387922093313524), ('Correcto', None)])
10.2035 	EXP 	image_2: autoDraw = False
10.2035 	EXP 	slider_2: autoDraw = False
10.2035 	EXP 	image_2: image = 'imagenes\\bon-bon-bun.jpg'
10.2035 	EXP 	slider_2: markerPos = None
10.2035 	EXP 	slider_2: markerPos = None
10.2035 	EXP 	slider_2: rating = None
10.2035 	EXP 	image_2: autoDraw = True
10.2035 	EXP 	slider_2: autoDraw = True
10.3084 	DATA 	Mouse: Left button down, pos=(685,152)
10.3237 	EXP 	slider_2: markerPos = 3.513020833333333
10.3408 	EXP 	slider_2: markerPos = 3.513020833333333
10.3569 	EXP 	slider_2: markerPos = 3.513020833333333
10.3735 	EXP 	slider_2: markerPos = 3.513020833333333
10.3905 	EXP 	slider_2: markerPos = 3.513020833333333
10.4069 	EXP 	slider_2: markerPos = 3.513020833333333
10.4091 	DATA 	Mouse:  Left button up, pos=(685,152)
10.4236 	EXP 	slider_2: markerPos = 3.513020833333333
10.4236 	EXP 	slider_2: rating = 3.513020833333333
10.4259 	EXP 	New trial (rep=0, index=4): OrderedDict([('Imagenes', 'imagenes\\Alpinito.jpg'), ('Random', 0.4515332417045813), ('Correcto', None)])
10.4559 	EXP 	image_2: autoDraw = False
10.4559 	EXP 	slider_2: autoDraw = False
10.4559 	EXP 	image_2: image = 'imagenes\\Alpinito.jpg'
10.4559 	EXP 	slider_2: markerPos = None
10.4559 	EXP 	slider_2: markerPos = None
10.4559 	EXP 	slider_2: rating = None
10.4559 	EXP 	image_2: autoDraw = True
10.4559 	EXP 	slider_2: autoDraw = True
10.5429 	DATA 	Mouse: Left button down, pos=(685,152)
10.5570 	EXP 	slider_2: markerPos = 3.513020833333333
10.5740 	EXP 	slider_2: markerPos = 3.513020833333333
10.5904 	EXP 	slider_2: markerPos = 3.513020833333333
10.6071 	EXP 	slider_2: markerPos = 3.513020833333333
10.6236 	EXP 	slider_2: markerPos = 3.513020833333333
10.6404 	EXP 	slider_2: markerPos = 3.513020833333333
10.6426 	DATA 	Mouse:  Left button up, pos=(685,152)
10.6569 	EXP 	slider_2: markerPos = 3.513020833333333
10.6569 	EXP 	slider_2: rating = 3.513020833333333
10.6602 	EXP 	New trial (rep=0, index=5): OrderedDict([('Imagenes', 'imagenes\\Rosquitas (1).jpg'), ('Random', 0.3035383390851263), ('Correcto', None)])
10.6974 	EXP 	image_2: autoDraw = False
10.6974 	EXP 	slider_2: autoDraw = False
10.6974 	EXP 	image_2: image = 'imagenes\\Rosquitas (1).jpg'
10.6974 	EXP 	slider_2: markerPos = None
10.6974 	EXP 	slider_2: markerPos = None
10.6974 	EXP 	slider_2: rating = None
10.6974 	EXP 	image_2: autoDraw = True
10.6974 	EXP 	slider_2: autoDraw = True
10.8419 	DATA 	Mouse: Left button down, pos=(685,152)
10.8570 	EXP 	slider_2: markerPos = 3.513020833333333
10.8738 	EXP 	slider_2: markerPos = 3.513020833333333
10.8902 	EXP 	slider_2: markerPos = 3.513020833333333
10.9071 	EXP 	slider_2: markerPos = 3.513020833333333
10.9237 	EXP 	slider_2: markerPos = 3.513020833333333
10.9262 	DATA 	Mouse:  Left button up, pos=(685,152)
10.9403 	EXP 	slider_2: markerPos = 3.513020833333333
10.9403 	EXP 	slider_2: rating = 3.513020833333333
10.9430 	EXP 	New trial (rep=0, index=6): OrderedDict([('Imagenes', 'imagenes\\Papas-limon.jpg'), ('Random', 0.020692288100133793), ('Correcto', None)])
10.9572 	EXP 	image_2: autoDraw = False
10.9572 	EXP 	slider_2: autoDraw = False
10.9572 	EXP 	image_2: image = 'imagenes\\Papas-limon.jpg'
10.9572 	EXP 	slider_2: markerPos = None
10.9572 	EXP 	slider_2: markerPos = None
10.9572 	EXP 	slider_2: rating = None
10.9572 	EXP 	image_2: autoDraw = True
10.9572 	EXP 	slider_2: autoDraw = True
11.0419 	DATA 	Mouse: Left button down, pos=(685,152)
11.0570 	EXP 	slider_2: markerPos = 3.513020833333333
11.0740 	EXP 	slider_2: markerPos = 3.513020833333333
11.0907 	EXP 	slider_2: markerPos = 3.513020833333333
11.1068 	EXP 	slider_2: markerPos = 3.513020833333333
11.1236 	EXP 	slider_2: markerPos = 3.513020833333333
11.1401 	EXP 	slider_2: markerPos = 3.513020833333333
11.1421 	DATA 	Mouse:  Left button up, pos=(685,152)
11.1568 	EXP 	slider_2: markerPos = 3.513020833333333
11.1568 	EXP 	slider_2: rating = 3.513020833333333
11.1588 	EXP 	New trial (rep=0, index=7): OrderedDict([('Imagenes', 'imagenes\\Galletas-festival.jpg'), ('Random', 0.36121121246191135), ('Correcto', None)])
11.1892 	EXP 	image_2: autoDraw = False
11.1892 	EXP 	slider_2: autoDraw = False
11.1892 	EXP 	image_2: image = 'imagenes\\Galletas-festival.jpg'
11.1892 	EXP 	slider_2: markerPos = None
11.1892 	EXP 	slider_2: markerPos = None
11.1892 	EXP 	slider_2: rating = None
11.1892 	EXP 	image_2: autoDraw = True
11.1892 	EXP 	slider_2: autoDraw = True
11.2752 	DATA 	Mouse: Left button down, pos=(685,152)
11.2903 	EXP 	slider_2: markerPos = 3.513020833333333
11.3068 	EXP 	slider_2: markerPos = 3.513020833333333
11.3235 	EXP 	slider_2: markerPos = 3.513020833333333
11.3402 	EXP 	slider_2: markerPos = 3.513020833333333
11.3421 	DATA 	Mouse:  Left button up, pos=(685,152)
11.3568 	EXP 	slider_2: markerPos = 3.513020833333333
11.3568 	EXP 	slider_2: rating = 3.513020833333333
11.3594 	EXP 	New trial (rep=0, index=8): OrderedDict([('Imagenes', 'imagenes\\Leche-de-almendras.jpg'), ('Random', 0.36073876480313727), ('Correcto', None)])
11.4516 	DATA 	Mouse: Left button down, pos=(685,152)
11.4575 	EXP 	image_2: autoDraw = False
11.4575 	EXP 	slider_2: autoDraw = False
11.4575 	EXP 	image_2: image = 'imagenes\\Leche-de-almendras.jpg'
11.4575 	EXP 	slider_2: markerPos = None
11.4575 	EXP 	slider_2: markerPos = None
11.4575 	EXP 	slider_2: rating = None
11.4575 	EXP 	image_2: autoDraw = True
11.4575 	EXP 	slider_2: autoDraw = True
11.4575 	EXP 	slider_2: markerPos = 3.513020833333333
11.4651 	EXP 	slider_2: markerPos = 3.513020833333333
11.4737 	EXP 	slider_2: markerPos = 3.513020833333333
11.4903 	EXP 	slider_2: markerPos = 3.513020833333333
11.5071 	EXP 	slider_2: markerPos = 3.513020833333333
11.5241 	EXP 	slider_2: markerPos = 3.513020833333333
11.5404 	EXP 	slider_2: markerPos = 3.513020833333333
11.5570 	EXP 	slider_2: markerPos = 3.513020833333333
11.5592 	DATA 	Mouse:  Left button up, pos=(685,152)
11.5738 	EXP 	slider_2: markerPos = 3.513020833333333
11.5738 	EXP 	slider_2: rating = 3.513020833333333
11.5765 	EXP 	New trial (rep=0, index=9): OrderedDict([('Imagenes', 'imagenes\\Uvas.jpg'), ('Random', 0.7734382152670648), ('Correcto', None)])
11.6003 	EXP 	image_2: autoDraw = False
11.6003 	EXP 	slider_2: autoDraw = False
11.6003 	EXP 	image_2: image = 'imagenes\\Uvas.jpg'
11.6003 	EXP 	slider_2: markerPos = None
11.6003 	EXP 	slider_2: markerPos = None
11.6003 	EXP 	slider_2: rating = None
11.6003 	EXP 	image_2: autoDraw = True
11.6003 	EXP 	slider_2: autoDraw = True
11.6425 	DATA 	Mouse: Left button down, pos=(685,152)
11.6570 	EXP 	slider_2: markerPos = 3.513020833333333
11.6739 	EXP 	slider_2: markerPos = 3.513020833333333
11.6902 	EXP 	slider_2: markerPos = 3.513020833333333
11.7068 	EXP 	slider_2: markerPos = 3.513020833333333
11.7239 	EXP 	slider_2: markerPos = 3.513020833333333
11.7282 	DATA 	Mouse:  Left button up, pos=(685,152)
11.7400 	EXP 	slider_2: markerPos = 3.513020833333333
11.7568 	EXP 	slider_2: markerPos = 3.513020833333333
11.7568 	EXP 	slider_2: rating = 3.513020833333333
11.7596 	EXP 	New trial (rep=0, index=10): OrderedDict([('Imagenes', 'imagenes\\Galletas Tosh.jpg'), ('Random', 0.478088790487872), ('Correcto', None)])
11.7951 	EXP 	image_2: autoDraw = False
11.7951 	EXP 	slider_2: autoDraw = False
11.7951 	EXP 	image_2: image = 'imagenes\\Galletas Tosh.jpg'
11.7951 	EXP 	slider_2: markerPos = None
11.7951 	EXP 	slider_2: markerPos = None
11.7951 	EXP 	slider_2: rating = None
11.7951 	EXP 	image_2: autoDraw = True
11.7951 	EXP 	slider_2: autoDraw = True
11.8425 	DATA 	Mouse: Left button down, pos=(685,152)
11.8568 	EXP 	slider_2: markerPos = 3.513020833333333
11.8734 	EXP 	slider_2: markerPos = 3.513020833333333
11.8906 	EXP 	slider_2: markerPos = 3.513020833333333
11.9068 	EXP 	slider_2: markerPos = 3.513020833333333
11.9086 	DATA 	Mouse:  Left button up, pos=(685,152)
11.9235 	EXP 	slider_2: markerPos = 3.513020833333333
11.9235 	EXP 	slider_2: rating = 3.513020833333333
11.9260 	EXP 	New trial (rep=0, index=11): OrderedDict([('Imagenes', 'imagenes\\Brownie.jpg'), ('Random', 0.17000143351927688), ('Correcto', None)])
11.9712 	EXP 	image_2: autoDraw = False
11.9712 	EXP 	slider_2: autoDraw = False
11.9712 	EXP 	image_2: image = 'imagenes\\Brownie.jpg'
11.9712 	EXP 	slider_2: markerPos = None
11.9712 	EXP 	slider_2: markerPos = None
11.9712 	EXP 	slider_2: rating = None
11.9712 	EXP 	image_2: autoDraw = True
11.9712 	EXP 	slider_2: autoDraw = True
11.9927 	DATA 	Mouse: Left button down, pos=(685,152)
12.0069 	EXP 	slider_2: markerPos = 3.513020833333333
12.0240 	EXP 	slider_2: markerPos = 3.513020833333333
12.0406 	EXP 	slider_2: markerPos = 3.513020833333333
12.0566 	EXP 	slider_2: markerPos = 3.513020833333333
12.0587 	DATA 	Mouse:  Left button up, pos=(685,152)
12.0736 	EXP 	slider_2: markerPos = 3.513020833333333
12.0736 	EXP 	slider_2: rating = 3.513020833333333
12.0760 	EXP 	New trial (rep=0, index=12): OrderedDict([('Imagenes', 'imagenes\\Banano.jpeg'), ('Random', 0.651633055306917), ('Correcto', None)])
12.0973 	EXP 	image_2: autoDraw = False
12.0973 	EXP 	slider_2: autoDraw = False
12.0973 	EXP 	image_2: image = 'imagenes\\Banano.jpeg'
12.0973 	EXP 	slider_2: markerPos = None
12.0973 	EXP 	slider_2: markerPos = None
12.0973 	EXP 	slider_2: rating = None
12.0973 	EXP 	image_2: autoDraw = True
12.0973 	EXP 	slider_2: autoDraw = True
12.1585 	DATA 	Mouse: Left button down, pos=(685,152)
12.1735 	EXP 	slider_2: markerPos = 3.513020833333333
12.1904 	EXP 	slider_2: markerPos = 3.513020833333333
12.2068 	EXP 	slider_2: markerPos = 3.513020833333333
12.2233 	EXP 	slider_2: markerPos = 3.513020833333333
12.2401 	EXP 	slider_2: markerPos = 3.513020833333333
12.2419 	DATA 	Mouse:  Left button up, pos=(685,152)
12.2573 	EXP 	slider_2: markerPos = 3.513020833333333
12.2573 	EXP 	slider_2: rating = 3.513020833333333
12.2595 	EXP 	New trial (rep=0, index=13): OrderedDict([('Imagenes', 'imagenes\\Kiwi.jpg'), ('Random', 0.5893907384852061), ('Correcto', None)])
12.2751 	EXP 	image_2: autoDraw = False
12.2751 	EXP 	slider_2: autoDraw = False
12.2751 	EXP 	image_2: image = 'imagenes\\Kiwi.jpg'
12.2751 	EXP 	slider_2: markerPos = None
12.2751 	EXP 	slider_2: markerPos = None
12.2751 	EXP 	slider_2: rating = None
12.2751 	EXP 	image_2: autoDraw = True
12.2751 	EXP 	slider_2: autoDraw = True
12.3253 	DATA 	Mouse: Left button down, pos=(685,152)
12.3399 	EXP 	slider_2: markerPos = 3.513020833333333
12.3569 	EXP 	slider_2: markerPos = 3.513020833333333
12.3734 	EXP 	slider_2: markerPos = 3.513020833333333
12.3899 	EXP 	slider_2: markerPos = 3.513020833333333
12.4068 	EXP 	slider_2: markerPos = 3.513020833333333
12.4083 	DATA 	Mouse:  Left button up, pos=(685,152)
12.4233 	EXP 	slider_2: markerPos = 3.513020833333333
12.4233 	EXP 	slider_2: rating = 3.513020833333333
12.4262 	EXP 	New trial (rep=0, index=14): OrderedDict([('Imagenes', 'imagenes\\Papas-pollo.jpg'), ('Random', 0.6683114062971784), ('Correcto', None)])
12.4430 	EXP 	image_2: autoDraw = False
12.4430 	EXP 	slider_2: autoDraw = False
12.4430 	EXP 	image_2: image = 'imagenes\\Papas-pollo.jpg'
12.4430 	EXP 	slider_2: markerPos = None
12.4430 	EXP 	slider_2: markerPos = None
12.4430 	EXP 	slider_2: rating = None
12.4430 	EXP 	image_2: autoDraw = True
12.4430 	EXP 	slider_2: autoDraw = True
12.4925 	DATA 	Mouse: Left button down, pos=(685,152)
12.5067 	EXP 	slider_2: markerPos = 3.513020833333333
12.5235 	EXP 	slider_2: markerPos = 3.513020833333333
12.5400 	EXP 	slider_2: markerPos = 3.513020833333333
12.5567 	EXP 	slider_2: markerPos = 3.513020833333333
12.5734 	EXP 	slider_2: markerPos = 3.513020833333333
12.5750 	DATA 	Mouse:  Left button up, pos=(685,152)
12.5892 	EXP 	slider_2: markerPos = 3.513020833333333
12.5892 	EXP 	slider_2: rating = 3.513020833333333
12.5920 	EXP 	New trial (rep=0, index=15): OrderedDict([('Imagenes', 'imagenes\\Yogurt-alpina.jpg'), ('Random', 0.21540995091807813), ('Correcto', None)])
12.6199 	EXP 	image_2: autoDraw = False
12.6199 	EXP 	slider_2: autoDraw = False
12.6199 	EXP 	image_2: image = 'imagenes\\Yogurt-alpina.jpg'
12.6199 	EXP 	slider_2: markerPos = None
12.6199 	EXP 	slider_2: markerPos = None
12.6199 	EXP 	slider_2: rating = None
12.6199 	EXP 	image_2: autoDraw = True
12.6199 	EXP 	slider_2: autoDraw = True
12.6424 	DATA 	Mouse: Left button down, pos=(685,152)
12.6569 	EXP 	slider_2: markerPos = 3.513020833333333
12.6741 	EXP 	slider_2: markerPos = 3.513020833333333
12.6902 	EXP 	slider_2: markerPos = 3.513020833333333
12.7067 	EXP 	slider_2: markerPos = 3.513020833333333
12.7237 	EXP 	slider_2: markerPos = 3.513020833333333
12.7260 	DATA 	Mouse:  Left button up, pos=(685,152)
12.7405 	EXP 	slider_2: markerPos = 3.513020833333333
12.7405 	EXP 	slider_2: rating = 3.513020833333333
12.7432 	EXP 	New trial (rep=0, index=16): OrderedDict([('Imagenes', 'imagenes\\Croissant.jpg'), ('Random', 0.6152458173421255), ('Correcto', None)])
12.7650 	EXP 	image_2: autoDraw = False
12.7650 	EXP 	slider_2: autoDraw = False
12.7650 	EXP 	image_2: image = 'imagenes\\Croissant.jpg'
12.7650 	EXP 	slider_2: markerPos = None
12.7650 	EXP 	slider_2: markerPos = None
12.7650 	EXP 	slider_2: rating = None
12.7650 	EXP 	image_2: autoDraw = True
12.7650 	EXP 	slider_2: autoDraw = True
12.8260 	DATA 	Mouse: Left button down, pos=(685,152)
12.8403 	EXP 	slider_2: markerPos = 3.513020833333333
12.8568 	EXP 	slider_2: markerPos = 3.513020833333333
12.8736 	EXP 	slider_2: markerPos = 3.513020833333333
12.8906 	EXP 	slider_2: markerPos = 3.513020833333333
12.8930 	DATA 	Mouse:  Left button up, pos=(685,152)
12.9066 	EXP 	slider_2: markerPos = 3.513020833333333
12.9066 	EXP 	slider_2: rating = 3.513020833333333
12.9097 	EXP 	New trial (rep=0, index=17): OrderedDict([('Imagenes', 'imagenes\\Chocoramo.jfif.jpg'), ('Random', 0.7789437122019539), ('Correcto', None)])
12.9458 	EXP 	image_2: autoDraw = False
12.9458 	EXP 	slider_2: autoDraw = False
12.9458 	EXP 	image_2: image = 'imagenes\\Chocoramo.jfif.jpg'
12.9458 	EXP 	slider_2: markerPos = None
12.9458 	EXP 	slider_2: markerPos = None
12.9458 	EXP 	slider_2: rating = None
12.9458 	EXP 	image_2: autoDraw = True
12.9458 	EXP 	slider_2: autoDraw = True
12.9763 	DATA 	Mouse: Left button down, pos=(685,152)
12.9902 	EXP 	slider_2: markerPos = 3.513020833333333
13.0069 	EXP 	slider_2: markerPos = 3.513020833333333
13.0236 	EXP 	slider_2: markerPos = 3.513020833333333
13.0403 	EXP 	slider_2: markerPos = 3.513020833333333
13.0568 	EXP 	slider_2: markerPos = 3.513020833333333
13.0594 	DATA 	Mouse:  Left button up, pos=(685,152)
13.0737 	EXP 	slider_2: markerPos = 3.513020833333333
13.0737 	EXP 	slider_2: rating = 3.513020833333333
13.0776 	EXP 	New trial (rep=0, index=18): OrderedDict([('Imagenes', 'imagenes\\Mango.jpeg'), ('Random', 0.555669112372461), ('Correcto', None)])
13.1096 	EXP 	image_2: autoDraw = False
13.1096 	EXP 	slider_2: autoDraw = False
13.1096 	EXP 	image_2: image = 'imagenes\\Mango.jpeg'
13.1096 	EXP 	slider_2: markerPos = None
13.1096 	EXP 	slider_2: markerPos = None
13.1096 	EXP 	slider_2: rating = None
13.1096 	EXP 	image_2: autoDraw = True
13.1096 	EXP 	slider_2: autoDraw = True
13.1259 	DATA 	Mouse: Left button down, pos=(685,152)
13.1402 	EXP 	slider_2: markerPos = 3.513020833333333
13.1568 	EXP 	slider_2: markerPos = 3.513020833333333
13.1734 	EXP 	slider_2: markerPos = 3.513020833333333
13.1905 	EXP 	slider_2: markerPos = 3.513020833333333
13.2069 	EXP 	slider_2: markerPos = 3.513020833333333
13.2106 	DATA 	Mouse:  Left button up, pos=(685,152)
13.2237 	EXP 	slider_2: markerPos = 3.513020833333333
13.2402 	EXP 	slider_2: markerPos = 3.513020833333333
13.2402 	EXP 	slider_2: rating = 3.513020833333333
13.2433 	EXP 	New trial (rep=0, index=19): OrderedDict([('Imagenes', 'imagenes\\Nutella (1).jpg'), ('Random', 0.5277483225747329), ('Correcto', None)])
13.2632 	EXP 	image_2: autoDraw = False
13.2632 	EXP 	slider_2: autoDraw = False
13.2632 	EXP 	image_2: image = 'imagenes\\Nutella (1).jpg'
13.2632 	EXP 	slider_2: markerPos = None
13.2632 	EXP 	slider_2: markerPos = None
13.2632 	EXP 	slider_2: rating = None
13.2632 	EXP 	image_2: autoDraw = True
13.2632 	EXP 	slider_2: autoDraw = True
13.2924 	DATA 	Mouse: Left button down, pos=(685,152)
13.3069 	EXP 	slider_2: markerPos = 3.513020833333333
13.3238 	EXP 	slider_2: markerPos = 3.513020833333333
13.3401 	EXP 	slider_2: markerPos = 3.513020833333333
13.3568 	EXP 	slider_2: markerPos = 3.513020833333333
13.3734 	EXP 	slider_2: markerPos = 3.513020833333333
13.3902 	EXP 	slider_2: markerPos = 3.513020833333333
13.3918 	DATA 	Mouse:  Left button up, pos=(685,152)
13.4068 	EXP 	slider_2: markerPos = 3.513020833333333
13.4068 	EXP 	slider_2: rating = 3.513020833333333
13.4089 	EXP 	New trial (rep=0, index=1): OrderedDict([('Hertz', 1000), ('volumen', 0.0)])
13.4143 	EXP 	Imported imagenes.xlsx as conditions, 20 conditions, 3 params
13.4146 	EXP 	Created sequence: random, trialTypes=20, nReps=1, seed=None
13.4148 	EXP 	New trial (rep=0, index=0): OrderedDict([('Imagenes', 'imagenes\\Rosquitas (1).jpg'), ('Random', 0.3035383390851263), ('Correcto', None)])
13.4339 	EXP 	image_2: autoDraw = False
13.4339 	EXP 	slider_2: autoDraw = False
13.4339 	EXP 	image_2: image = 'imagenes\\Rosquitas (1).jpg'
13.4339 	EXP 	slider_2: markerPos = None
13.4339 	EXP 	slider_2: markerPos = None
13.4339 	EXP 	slider_2: rating = None
13.4339 	EXP 	image_2: autoDraw = True
13.4339 	EXP 	slider_2: autoDraw = True
13.6090 	DATA 	Mouse: Left button down, pos=(685,152)
13.6235 	EXP 	slider_2: markerPos = 3.513020833333333
13.6407 	EXP 	slider_2: markerPos = 3.513020833333333
13.6568 	EXP 	slider_2: markerPos = 3.513020833333333
13.6734 	EXP 	slider_2: markerPos = 3.513020833333333
13.6903 	EXP 	slider_2: markerPos = 3.513020833333333
13.7067 	EXP 	slider_2: markerPos = 3.513020833333333
13.7112 	DATA 	Mouse:  Left button up, pos=(685,152)
13.7235 	EXP 	slider_2: markerPos = 3.513020833333333
13.7400 	EXP 	slider_2: markerPos = 3.513020833333333
13.7400 	EXP 	slider_2: rating = 3.513020833333333
13.7438 	EXP 	New trial (rep=0, index=1): OrderedDict([('Imagenes', 'imagenes\\bon-bon-bun.jpg'), ('Random', 0.7387922093313524), ('Correcto', None)])
13.7685 	EXP 	image_2: autoDraw = False
13.7685 	EXP 	slider_2: autoDraw = False
13.7685 	EXP 	image_2: image = 'imagenes\\bon-bon-bun.jpg'
13.7685 	EXP 	slider_2: markerPos = None
13.7685 	EXP 	slider_2: markerPos = None
13.7685 	EXP 	slider_2: rating = None
13.7685 	EXP 	image_2: autoDraw = True
13.7685 	EXP 	slider_2: autoDraw = True
13.8258 	DATA 	Mouse: Left button down, pos=(685,152)
13.8392 	EXP 	slider_2: markerPos = 3.513020833333333
13.8568 	EXP 	slider_2: markerPos = 3.513020833333333
13.8741 	EXP 	slider_2: markerPos = 3.513020833333333
13.8902 	EXP 	slider_2: markerPos = 3.513020833333333
13.8919 	DATA 	Mouse:  Left button up, pos=(685,152)
13.9069 	EXP 	slider_2: markerPos = 3.513020833333333
13.9069 	EXP 	slider_2: rating = 3.513020833333333
13.9105 	EXP 	New trial (rep=0, index=2): OrderedDict([('Imagenes', 'imagenes\\Nutella (1).jpg'), ('Random', 0.5277483225747329), ('Correcto', None)])
13.9285 	EXP 	image_2: autoDraw = False
13.9285 	EXP 	slider_2: autoDraw = False
13.9285 	EXP 	image_2: image = 'imagenes\\Nutella (1).jpg'
13.9285 	EXP 	slider_2: markerPos = None
13.9285 	EXP 	slider_2: markerPos = None
13.9285 	EXP 	slider_2: rating = None
13.9285 	EXP 	image_2: autoDraw = True
13.9285 	EXP 	slider_2: autoDraw = True
13.9949 	DATA 	Mouse: Left button down, pos=(685,152)
14.0236 	EXP 	slider_2: markerPos = 3.513020833333333
14.0404 	EXP 	slider_2: markerPos = 3.513020833333333
14.0568 	EXP 	slider_2: markerPos = 3.513020833333333
14.0733 	EXP 	slider_2: markerPos = 3.513020833333333
14.0751 	DATA 	Mouse:  Left button up, pos=(685,152)
14.0902 	EXP 	slider_2: markerPos = 3.513020833333333
14.0902 	EXP 	slider_2: rating = 3.513020833333333
14.0924 	EXP 	New trial (rep=0, index=3): OrderedDict([('Imagenes', 'imagenes\\Papas-limon.jpg'), ('Random', 0.020692288100133793), ('Correcto', None)])
14.1068 	EXP 	image_2: autoDraw = False
14.1068 	EXP 	slider_2: autoDraw = False
14.1068 	EXP 	image_2: image = 'imagenes\\Papas-limon.jpg'
14.1068 	EXP 	slider_2: markerPos = None
14.1068 	EXP 	slider_2: markerPos = None
14.1068 	EXP 	slider_2: rating = None
14.1068 	EXP 	image_2: autoDraw = True
14.1068 	EXP 	slider_2: autoDraw = True
14.1597 	DATA 	Mouse: Left button down, pos=(685,152)
14.1904 	EXP 	slider_2: markerPos = 3.513020833333333
14.2067 	EXP 	slider_2: markerPos = 3.513020833333333
14.2234 	EXP 	slider_2: markerPos = 3.513020833333333
14.2401 	EXP 	slider_2: markerPos = 3.513020833333333
14.2568 	EXP 	slider_2: markerPos = 3.513020833333333
14.2592 	DATA 	Mouse:  Left button up, pos=(685,152)
14.2736 	EXP 	slider_2: markerPos = 3.513020833333333
14.2736 	EXP 	slider_2: rating = 3.513020833333333
14.2764 	EXP 	New trial (rep=0, index=4): OrderedDict([('Imagenes', 'imagenes\\Galletas-festival.jpg'), ('Random', 0.36121121246191135), ('Correcto', None)])
14.2955 	EXP 	image_2: autoDraw = False
14.2955 	EXP 	slider_2: autoDraw = False
14.2955 	EXP 	image_2: image = 'imagenes\\Galletas-festival.jpg'
14.2955 	EXP 	slider_2: markerPos = None
14.2955 	EXP 	slider_2: markerPos = None
14.2955 	EXP 	slider_2: rating = None
14.2955 	EXP 	image_2: autoDraw = True
14.2955 	EXP 	slider_2: autoDraw = True
14.3420 	DATA 	Mouse: Left button down, pos=(685,152)
14.3568 	EXP 	slider_2: markerPos = 3.513020833333333
14.3738 	EXP 	slider_2: markerPos = 3.513020833333333
14.3903 	EXP 	slider_2: markerPos = 3.513020833333333
14.4068 	EXP 	slider_2: markerPos = 3.513020833333333
14.4241 	EXP 	slider_2: markerPos = 3.513020833333333
14.4258 	DATA 	Mouse:  Left button up, pos=(685,152)
14.4400 	EXP 	slider_2: markerPos = 3.513020833333333
14.4400 	EXP 	slider_2: rating = 3.513020833333333
14.4422 	EXP 	New trial (rep=0, index=5): OrderedDict([('Imagenes', 'imagenes\\Banano.jpeg'), ('Random', 0.651633055306917), ('Correcto', None)])
14.4568 	EXP 	image_2: autoDraw = False
14.4568 	EXP 	slider_2: autoDraw = False
14.4568 	EXP 	image_2: image = 'imagenes\\Banano.jpeg'
14.4568 	EXP 	slider_2: markerPos = None
14.4568 	EXP 	slider_2: markerPos = None
14.4568 	EXP 	slider_2: rating = None
14.4568 	EXP 	image_2: autoDraw = True
14.4568 	EXP 	slider_2: autoDraw = True
14.5087 	DATA 	Mouse: Left button down, pos=(685,152)
14.5241 	EXP 	slider_2: markerPos = 3.513020833333333
14.5392 	EXP 	slider_2: markerPos = 3.513020833333333
14.5567 	EXP 	slider_2: markerPos = 3.513020833333333
14.5737 	EXP 	slider_2: markerPos = 3.513020833333333
14.5773 	DATA 	Mouse:  Left button up, pos=(685,152)
14.5903 	EXP 	slider_2: markerPos = 3.513020833333333
14.6068 	EXP 	slider_2: markerPos = 3.513020833333333
14.6068 	EXP 	slider_2: rating = 3.513020833333333
14.6095 	EXP 	New trial (rep=0, index=6): OrderedDict([('Imagenes', 'imagenes\\Uvas.jpg'), ('Random', 0.7734382152670648), ('Correcto', None)])
14.6234 	EXP 	image_2: autoDraw = False
14.6234 	EXP 	slider_2: autoDraw = False
14.6234 	EXP 	image_2: image = 'imagenes\\Uvas.jpg'
14.6234 	EXP 	slider_2: markerPos = None
14.6234 	EXP 	slider_2: markerPos = None
14.6234 	EXP 	slider_2: rating = None
14.6234 	EXP 	image_2: autoDraw = True
14.6234 	EXP 	slider_2: autoDraw = True
14.6756 	DATA 	Mouse: Left button down, pos=(685,152)
14.6901 	EXP 	slider_2: markerPos = 3.513020833333333
14.7067 	EXP 	slider_2: markerPos = 3.513020833333333
14.7234 	EXP 	slider_2: markerPos = 3.513020833333333
14.7402 	EXP 	slider_2: markerPos = 3.513020833333333
14.7568 	EXP 	slider_2: markerPos = 3.513020833333333
14.7584 	DATA 	Mouse:  Left button up, pos=(685,152)
14.7729 	EXP 	slider_2: markerPos = 3.513020833333333
14.7729 	EXP 	slider_2: rating = 3.513020833333333
14.7753 	EXP 	New trial (rep=0, index=7): OrderedDict([('Imagenes', 'imagenes\\Yogurt-alpina.jpg'), ('Random', 0.21540995091807813), ('Correcto', None)])
14.7903 	EXP 	image_2: autoDraw = False
14.7903 	EXP 	slider_2: autoDraw = False
14.7903 	EXP 	image_2: image = 'imagenes\\Yogurt-alpina.jpg'
14.7903 	EXP 	slider_2: markerPos = None
14.7903 	EXP 	slider_2: markerPos = None
14.7903 	EXP 	slider_2: rating = None
14.7903 	EXP 	image_2: autoDraw = True
14.7903 	EXP 	slider_2: autoDraw = True
14.8418 	DATA 	Mouse: Left button down, pos=(685,152)
14.8569 	EXP 	slider_2: markerPos = 3.513020833333333
14.8733 	EXP 	slider_2: markerPos = 3.513020833333333
14.8901 	EXP 	slider_2: markerPos = 3.513020833333333
14.9067 	EXP 	slider_2: markerPos = 3.513020833333333
14.9234 	EXP 	slider_2: markerPos = 3.513020833333333
14.9254 	DATA 	Mouse:  Left button up, pos=(685,152)
14.9401 	EXP 	slider_2: markerPos = 3.513020833333333
14.9401 	EXP 	slider_2: rating = 3.513020833333333
14.9425 	EXP 	New trial (rep=0, index=8): OrderedDict([('Imagenes', 'imagenes\\Croissant.jpg'), ('Random', 0.6152458173421255), ('Correcto', None)])
14.9660 	EXP 	image_2: autoDraw = False
14.9660 	EXP 	slider_2: autoDraw = False
14.9660 	EXP 	image_2: image = 'imagenes\\Croissant.jpg'
14.9660 	EXP 	slider_2: markerPos = None
14.9660 	EXP 	slider_2: markerPos = None
14.9660 	EXP 	slider_2: rating = None
14.9660 	EXP 	image_2: autoDraw = True
14.9660 	EXP 	slider_2: autoDraw = True
15.0256 	DATA 	Mouse: Left button down, pos=(685,152)
15.0403 	EXP 	slider_2: markerPos = 3.513020833333333
15.0567 	EXP 	slider_2: markerPos = 3.513020833333333
15.0735 	EXP 	slider_2: markerPos = 3.513020833333333
15.0901 	EXP 	slider_2: markerPos = 3.513020833333333
15.1066 	EXP 	slider_2: markerPos = 3.513020833333333
15.1087 	DATA 	Mouse:  Left button up, pos=(685,152)
15.1236 	EXP 	slider_2: markerPos = 3.513020833333333
15.1236 	EXP 	slider_2: rating = 3.513020833333333
15.1262 	EXP 	New trial (rep=0, index=9): OrderedDict([('Imagenes', 'imagenes\\Papas-pollo.jpg'), ('Random', 0.6683114062971784), ('Correcto', None)])
15.1400 	EXP 	image_2: autoDraw = False
15.1400 	EXP 	slider_2: autoDraw = False
15.1400 	EXP 	image_2: image = 'imagenes\\Papas-pollo.jpg'
15.1400 	EXP 	slider_2: markerPos = None
15.1400 	EXP 	slider_2: markerPos = None
15.1400 	EXP 	slider_2: rating = None
15.1400 	EXP 	image_2: autoDraw = True
15.1400 	EXP 	slider_2: autoDraw = True
15.1928 	DATA 	Mouse: Left button down, pos=(685,152)
15.2067 	EXP 	slider_2: markerPos = 3.513020833333333
15.2234 	EXP 	slider_2: markerPos = 3.513020833333333
15.2397 	EXP 	slider_2: markerPos = 3.513020833333333
15.2567 	EXP 	slider_2: markerPos = 3.513020833333333
15.2735 	EXP 	slider_2: markerPos = 3.513020833333333
15.2905 	EXP 	slider_2: markerPos = 3.513020833333333
15.2925 	DATA 	Mouse:  Left button up, pos=(685,152)
15.3068 	EXP 	slider_2: markerPos = 3.513020833333333
15.3068 	EXP 	slider_2: rating = 3.513020833333333
15.3099 	EXP 	New trial (rep=0, index=10): OrderedDict([('Imagenes', 'imagenes\\Chocoramo.jfif.jpg'), ('Random', 0.7789437122019539), ('Correcto', None)])
15.3322 	EXP 	image_2: autoDraw = False
15.3322 	EXP 	slider_2: autoDraw = False
15.3322 	EXP 	image_2: image = 'imagenes\\Chocoramo.jfif.jpg'
15.3322 	EXP 	slider_2: markerPos = None
15.3322 	EXP 	slider_2: markerPos = None
15.3322 	EXP 	slider_2: rating = None
15.3322 	EXP 	image_2: autoDraw = True
15.3322 	EXP 	slider_2: autoDraw = True
15.3582 	DATA 	Mouse: Left button down, pos=(685,152)
15.3733 	EXP 	slider_2: markerPos = 3.513020833333333
15.3903 	EXP 	slider_2: markerPos = 3.513020833333333
15.4068 	EXP 	slider_2: markerPos = 3.513020833333333
15.4234 	EXP 	slider_2: markerPos = 3.513020833333333
15.4404 	EXP 	slider_2: markerPos = 3.513020833333333
15.4451 	DATA 	Mouse:  Left button up, pos=(685,152)
15.4568 	EXP 	slider_2: markerPos = 3.513020833333333
15.4734 	EXP 	slider_2: markerPos = 3.513020833333333
15.4734 	EXP 	slider_2: rating = 3.513020833333333
15.4759 	EXP 	New trial (rep=0, index=11): OrderedDict([('Imagenes', 'imagenes\\Papas-naturales.jpg'), ('Random', 0.15856838916280946), ('Correcto', None)])
15.4901 	EXP 	image_2: autoDraw = False
15.4901 	EXP 	slider_2: autoDraw = False
15.4901 	EXP 	image_2: image = 'imagenes\\Papas-naturales.jpg'
15.4901 	EXP 	slider_2: markerPos = None
15.4901 	EXP 	slider_2: markerPos = None
15.4901 	EXP 	slider_2: rating = None
15.4901 	EXP 	image_2: autoDraw = True
15.4901 	EXP 	slider_2: autoDraw = True
15.5422 	DATA 	Mouse: Left button down, pos=(685,152)
15.5565 	EXP 	slider_2: markerPos = 3.513020833333333
15.5732 	EXP 	slider_2: markerPos = 3.513020833333333
15.5903 	EXP 	slider_2: markerPos = 3.513020833333333
15.6065 	EXP 	slider_2: markerPos = 3.513020833333333
15.6103 	DATA 	Mouse:  Left button up, pos=(685,152)
15.6233 	EXP 	slider_2: markerPos = 3.513020833333333
15.6402 	EXP 	slider_2: markerPos = 3.513020833333333
15.6402 	EXP 	slider_2: rating = 3.513020833333333
15.6429 	EXP 	New trial (rep=0, index=12): OrderedDict([('Imagenes', 'imagenes\\Galletas Tosh.jpg'), ('Random', 0.478088790487872), ('Correcto', None)])
15.6646 	EXP 	image_2: autoDraw = False
15.6646 	EXP 	slider_2: autoDraw = False
15.6646 	EXP 	image_2: image = 'imagenes\\Galletas Tosh.jpg'
15.6646 	EXP 	slider_2: markerPos = None
15.6646 	EXP 	slider_2: markerPos = None
15.6646 	EXP 	slider_2: rating = None
15.6646 	EXP 	image_2: autoDraw = True
15.6646 	EXP 	slider_2: autoDraw = True
15.7085 	DATA 	Mouse: Left button down, pos=(685,152)
15.7233 	EXP 	slider_2: markerPos = 3.513020833333333
15.7400 	EXP 	slider_2: markerPos = 3.513020833333333
15.7567 	EXP 	slider_2: markerPos = 3.513020833333333
15.7734 	EXP 	slider_2: markerPos = 3.513020833333333
15.7892 	EXP 	slider_2: markerPos = 3.513020833333333
15.7985 	DATA 	Mouse:  Left button up, pos=(685,152)
15.8066 	EXP 	slider_2: markerPos = 3.513020833333333
15.8235 	EXP 	slider_2: markerPos = 3.513020833333333
15.8235 	EXP 	slider_2: rating = 3.513020833333333
15.8257 	EXP 	New trial (rep=0, index=13): OrderedDict([('Imagenes', 'imagenes\\Leche-de-almendras.jpg'), ('Random', 0.36073876480313727), ('Correcto', None)])
15.8749 	EXP 	image_2: autoDraw = False
15.8749 	EXP 	slider_2: autoDraw = False
15.8749 	EXP 	image_2: image = 'imagenes\\Leche-de-almendras.jpg'
15.8749 	EXP 	slider_2: markerPos = None
15.8749 	EXP 	slider_2: markerPos = None
15.8749 	EXP 	slider_2: rating = None
15.8749 	EXP 	image_2: autoDraw = True
15.8749 	EXP 	slider_2: autoDraw = True
15.8937 	DATA 	Mouse: Left button down, pos=(685,152)
15.9237 	EXP 	slider_2: markerPos = 3.513020833333333
15.9408 	EXP 	slider_2: markerPos = 3.513020833333333
15.9569 	EXP 	slider_2: markerPos = 3.513020833333333
15.9738 	EXP 	slider_2: markerPos = 3.513020833333333
15.9907 	EXP 	slider_2: markerPos = 3.513020833333333
16.0070 	EXP 	slider_2: markerPos = 3.513020833333333
16.0239 	EXP 	slider_2: markerPos = 3.513020833333333
16.0264 	DATA 	Mouse:  Left button up, pos=(685,152)
16.0401 	EXP 	slider_2: markerPos = 3.513020833333333
16.0401 	EXP 	slider_2: rating = 3.513020833333333
16.0433 	EXP 	New trial (rep=0, index=14): OrderedDict([('Imagenes', 'imagenes\\Manzana.jpg'), ('Random', 0.5168162194437935), ('Correcto', None)])
16.0660 	EXP 	image_2: autoDraw = False
16.0660 	EXP 	slider_2: autoDraw = False
16.0660 	EXP 	image_2: image = 'imagenes\\Manzana.jpg'
16.0660 	EXP 	slider_2: markerPos = None
16.0660 	EXP 	slider_2: markerPos = None
16.0660 	EXP 	slider_2: rating = None
16.0660 	EXP 	image_2: autoDraw = True
16.0660 	EXP 	slider_2: autoDraw = True
16.1083 	DATA 	Mouse: Left button down, pos=(685,152)
16.1240 	EXP 	slider_2: markerPos = 3.513020833333333
16.1399 	EXP 	slider_2: markerPos = 3.513020833333333
16.1566 	EXP 	slider_2: markerPos = 3.513020833333333
16.1732 	EXP 	slider_2: markerPos = 3.513020833333333
16.1902 	EXP 	slider_2: markerPos = 3.513020833333333
16.2066 	EXP 	slider_2: markerPos = 3.513020833333333
16.2239 	EXP 	slider_2: markerPos = 3.513020833333333
16.2401 	EXP 	slider_2: markerPos = 3.513020833333333
16.2568 	EXP 	slider_2: markerPos = 3.513020833333333
16.2734 	EXP 	slider_2: markerPos = 3.513020833333333
16.2903 	EXP 	slider_2: markerPos = 3.513020833333333
16.3066 	EXP 	slider_2: markerPos = 3.513020833333333
16.3234 	EXP 	slider_2: markerPos = 3.513020833333333
16.3395 	EXP 	slider_2: markerPos = 3.513020833333333
16.3565 	EXP 	slider_2: markerPos = 3.513020833333333
16.3733 	EXP 	slider_2: markerPos = 3.513020833333333
16.3900 	EXP 	slider_2: markerPos = 3.513020833333333
16.4068 	EXP 	slider_2: markerPos = 3.513020833333333
16.4233 	EXP 	slider_2: markerPos = 3.513020833333333
16.4401 	EXP 	slider_2: markerPos = 3.513020833333333
16.4566 	EXP 	slider_2: markerPos = 3.513020833333333
16.4734 	EXP 	slider_2: markerPos = 3.513020833333333
16.4901 	EXP 	slider_2: markerPos = 3.513020833333333
16.5066 	EXP 	slider_2: markerPos = 3.513020833333333
16.5232 	EXP 	slider_2: markerPos = 3.513020833333333
16.5401 	EXP 	slider_2: markerPos = 3.513020833333333
16.5567 	EXP 	slider_2: markerPos = 3.513020833333333
16.5591 	DATA 	Mouse:  Left button up, pos=(685,152)
16.5734 	EXP 	slider_2: markerPos = 3.513020833333333
16.5734 	EXP 	slider_2: rating = 3.513020833333333
16.5766 	EXP 	New trial (rep=0, index=15): OrderedDict([('Imagenes', 'imagenes\\Brownie.jpg'), ('Random', 0.17000143351927688), ('Correcto', None)])
16.6054 	EXP 	image_2: autoDraw = False
16.6054 	EXP 	slider_2: autoDraw = False
16.6054 	EXP 	image_2: image = 'imagenes\\Brownie.jpg'
16.6054 	EXP 	slider_2: markerPos = None
16.6054 	EXP 	slider_2: markerPos = None
16.6054 	EXP 	slider_2: rating = None
16.6054 	EXP 	image_2: autoDraw = True
16.6054 	EXP 	slider_2: autoDraw = True
16.6070 	DATA 	Mouse: Left button down, pos=(685,152)
16.6113 	EXP 	slider_2: markerPos = 3.513020833333333
16.6236 	EXP 	slider_2: markerPos = 3.513020833333333
16.6405 	EXP 	slider_2: markerPos = 3.513020833333333
16.6566 	EXP 	slider_2: markerPos = 3.513020833333333
16.6738 	EXP 	slider_2: markerPos = 3.513020833333333
16.6901 	EXP 	slider_2: markerPos = 3.513020833333333
16.7069 	EXP 	slider_2: markerPos = 3.513020833333333
16.7233 	EXP 	slider_2: markerPos = 3.513020833333333
16.7258 	DATA 	Mouse:  Left button up, pos=(685,152)
16.7399 	EXP 	slider_2: markerPos = 3.513020833333333
16.7399 	EXP 	slider_2: rating = 3.513020833333333
16.7427 	EXP 	New trial (rep=0, index=16): OrderedDict([('Imagenes', 'imagenes\\Mango.jpeg'), ('Random', 0.555669112372461), ('Correcto', None)])
16.7588 	EXP 	image_2: autoDraw = False
16.7588 	EXP 	slider_2: autoDraw = False
16.7588 	EXP 	image_2: image = 'imagenes\\Mango.jpeg'
16.7588 	EXP 	slider_2: markerPos = None
16.7588 	EXP 	slider_2: markerPos = None
16.7588 	EXP 	slider_2: rating = None
16.7588 	EXP 	image_2: autoDraw = True
16.7588 	EXP 	slider_2: autoDraw = True
16.7918 	DATA 	Mouse: Left button down, pos=(685,152)
16.8068 	EXP 	slider_2: markerPos = 3.513020833333333
16.8231 	EXP 	slider_2: markerPos = 3.513020833333333
16.8400 	EXP 	slider_2: markerPos = 3.513020833333333
16.8567 	EXP 	slider_2: markerPos = 3.513020833333333
16.8731 	EXP 	slider_2: markerPos = 3.513020833333333
16.8749 	DATA 	Mouse:  Left button up, pos=(685,152)
16.8901 	EXP 	slider_2: markerPos = 3.513020833333333
16.8901 	EXP 	slider_2: rating = 3.513020833333333
16.8923 	EXP 	New trial (rep=0, index=17): OrderedDict([('Imagenes', 'imagenes\\Popetas.jpg'), ('Random', 0.07650200324054446), ('Correcto', None)])
16.9336 	EXP 	image_2: autoDraw = False
16.9336 	EXP 	slider_2: autoDraw = False
16.9336 	EXP 	image_2: image = 'imagenes\\Popetas.jpg'
16.9336 	EXP 	slider_2: markerPos = None
16.9336 	EXP 	slider_2: markerPos = None
16.9336 	EXP 	slider_2: rating = None
16.9336 	EXP 	image_2: autoDraw = True
16.9336 	EXP 	slider_2: autoDraw = True
16.9433 	DATA 	Mouse: Left button down, pos=(685,152)
16.9568 	EXP 	slider_2: markerPos = 3.513020833333333
16.9733 	EXP 	slider_2: markerPos = 3.513020833333333
16.9899 	EXP 	slider_2: markerPos = 3.513020833333333
17.0068 	EXP 	slider_2: markerPos = 3.513020833333333
17.0234 	EXP 	slider_2: markerPos = 3.513020833333333
17.0401 	EXP 	slider_2: markerPos = 3.513020833333333
17.0420 	DATA 	Mouse:  Left button up, pos=(685,152)
17.0566 	EXP 	slider_2: markerPos = 3.513020833333333
17.0566 	EXP 	slider_2: rating = 3.513020833333333
17.0600 	EXP 	New trial (rep=0, index=18): OrderedDict([('Imagenes', 'imagenes\\Alpinito.jpg'), ('Random', 0.4515332417045813), ('Correcto', None)])
17.0905 	EXP 	image_2: autoDraw = False
17.0905 	EXP 	slider_2: autoDraw = False
17.0905 	EXP 	image_2: image = 'imagenes\\Alpinito.jpg'
17.0905 	EXP 	slider_2: markerPos = None
17.0905 	EXP 	slider_2: markerPos = None
17.0905 	EXP 	slider_2: rating = None
17.0905 	EXP 	image_2: autoDraw = True
17.0905 	EXP 	slider_2: autoDraw = True
17.1588 	DATA 	Mouse: Left button down, pos=(685,152)
17.1736 	EXP 	slider_2: markerPos = 3.513020833333333
17.1902 	EXP 	slider_2: markerPos = 3.513020833333333
17.2061 	EXP 	slider_2: markerPos = 3.513020833333333
17.2232 	EXP 	slider_2: markerPos = 3.513020833333333
17.2258 	DATA 	Mouse:  Left button up, pos=(685,152)
17.2400 	EXP 	slider_2: markerPos = 3.513020833333333
17.2400 	EXP 	slider_2: rating = 3.513020833333333
17.2425 	EXP 	New trial (rep=0, index=19): OrderedDict([('Imagenes', 'imagenes\\Kiwi.jpg'), ('Random', 0.5893907384852061), ('Correcto', None)])
17.2566 	EXP 	image_2: autoDraw = False
17.2566 	EXP 	slider_2: autoDraw = False
17.2566 	EXP 	image_2: image = 'imagenes\\Kiwi.jpg'
17.2566 	EXP 	slider_2: markerPos = None
17.2566 	EXP 	slider_2: markerPos = None
17.2566 	EXP 	slider_2: rating = None
17.2566 	EXP 	image_2: autoDraw = True
17.2566 	EXP 	slider_2: autoDraw = True
17.3425 	DATA 	Mouse: Left button down, pos=(685,152)
17.3566 	EXP 	slider_2: markerPos = 3.513020833333333
17.3736 	EXP 	slider_2: markerPos = 3.513020833333333
17.3899 	EXP 	slider_2: markerPos = 3.513020833333333
17.4066 	EXP 	slider_2: markerPos = 3.513020833333333
17.4235 	EXP 	slider_2: markerPos = 3.513020833333333
17.4393 	EXP 	slider_2: markerPos = 3.513020833333333
17.4419 	DATA 	Mouse:  Left button up, pos=(685,152)
17.4565 	EXP 	slider_2: markerPos = 3.513020833333333
17.4565 	EXP 	slider_2: rating = 3.513020833333333
17.4593 	EXP 	New trial (rep=0, index=2): OrderedDict([('Hertz', 1500), ('volumen', 0.02)])
17.4647 	EXP 	Imported imagenes.xlsx as conditions, 20 conditions, 3 params
17.4649 	EXP 	Created sequence: random, trialTypes=20, nReps=1, seed=None
17.4651 	EXP 	New trial (rep=0, index=0): OrderedDict([('Imagenes', 'imagenes\\Rosquitas (1).jpg'), ('Random', 0.3035383390851263), ('Correcto', None)])
17.4838 	EXP 	image_2: autoDraw = False
17.4838 	EXP 	slider_2: autoDraw = False
17.4838 	EXP 	image_2: image = 'imagenes\\Rosquitas (1).jpg'
17.4838 	EXP 	slider_2: markerPos = None
17.4838 	EXP 	slider_2: markerPos = None
17.4838 	EXP 	slider_2: rating = None
17.4838 	EXP 	image_2: autoDraw = True
17.4838 	EXP 	slider_2: autoDraw = True
17.5424 	DATA 	Mouse: Left button down, pos=(685,152)
17.5567 	EXP 	slider_2: markerPos = 3.513020833333333
17.5732 	EXP 	slider_2: markerPos = 3.513020833333333
17.5901 	EXP 	slider_2: markerPos = 3.513020833333333
17.6069 	EXP 	slider_2: markerPos = 3.513020833333333
17.6086 	DATA 	Mouse:  Left button up, pos=(685,152)
17.6238 	EXP 	slider_2: markerPos = 3.513020833333333
17.6238 	EXP 	slider_2: rating = 3.513020833333333
17.6275 	EXP 	New trial (rep=0, index=1): OrderedDict([('Imagenes', 'imagenes\\Croissant.jpg'), ('Random', 0.6152458173421255), ('Correcto', None)])
17.6497 	EXP 	image_2: autoDraw = False
17.6497 	EXP 	slider_2: autoDraw = False
17.6497 	EXP 	image_2: image = 'imagenes\\Croissant.jpg'
17.6497 	EXP 	slider_2: markerPos = None
17.6497 	EXP 	slider_2: markerPos = None
17.6497 	EXP 	slider_2: rating = None
17.6497 	EXP 	image_2: autoDraw = True
17.6497 	EXP 	slider_2: autoDraw = True
17.8925 	DATA 	Mouse: Left button down, pos=(685,152)
17.9066 	EXP 	slider_2: markerPos = 3.513020833333333
17.9239 	EXP 	slider_2: markerPos = 3.513020833333333
17.9403 	EXP 	slider_2: markerPos = 3.513020833333333
17.9566 	EXP 	slider_2: markerPos = 3.513020833333333
17.9738 	EXP 	slider_2: markerPos = 3.513020833333333
17.9898 	EXP 	slider_2: markerPos = 3.513020833333333
17.9921 	DATA 	Mouse:  Left button up, pos=(685,152)
18.0066 	EXP 	slider_2: markerPos = 3.513020833333333
18.0066 	EXP 	slider_2: rating = 3.513020833333333
18.0093 	EXP 	New trial (rep=0, index=2): OrderedDict([('Imagenes', 'imagenes\\Leche-de-almendras.jpg'), ('Random', 0.36073876480313727), ('Correcto', None)])
18.0572 	EXP 	image_2: autoDraw = False
18.0572 	EXP 	slider_2: autoDraw = False
18.0572 	EXP 	image_2: image = 'imagenes\\Leche-de-almendras.jpg'
18.0572 	EXP 	slider_2: markerPos = None
18.0572 	EXP 	slider_2: markerPos = None
18.0572 	EXP 	slider_2: rating = None
18.0572 	EXP 	image_2: autoDraw = True
18.0572 	EXP 	slider_2: autoDraw = True
18.1091 	DATA 	Mouse: Left button down, pos=(685,152)
18.1237 	EXP 	slider_2: markerPos = 3.513020833333333
18.1403 	EXP 	slider_2: markerPos = 3.513020833333333
18.1568 	EXP 	slider_2: markerPos = 3.513020833333333
18.1740 	EXP 	slider_2: markerPos = 3.513020833333333
18.1767 	DATA 	Mouse:  Left button up, pos=(685,152)
18.1907 	EXP 	slider_2: markerPos = 3.513020833333333
18.1907 	EXP 	slider_2: rating = 3.513020833333333
18.1930 	EXP 	New trial (rep=0, index=3): OrderedDict([('Imagenes', 'imagenes\\Mango.jpeg'), ('Random', 0.555669112372461), ('Correcto', None)])
18.2086 	EXP 	image_2: autoDraw = False
18.2086 	EXP 	slider_2: autoDraw = False
18.2086 	EXP 	image_2: image = 'imagenes\\Mango.jpeg'
18.2086 	EXP 	slider_2: markerPos = None
18.2086 	EXP 	slider_2: markerPos = None
18.2086 	EXP 	slider_2: rating = None
18.2086 	EXP 	image_2: autoDraw = True
18.2086 	EXP 	slider_2: autoDraw = True
18.3086 	DATA 	Mouse: Left button down, pos=(685,152)
18.3234 	EXP 	slider_2: markerPos = 3.513020833333333
18.3398 	EXP 	slider_2: markerPos = 3.513020833333333
18.3566 	EXP 	slider_2: markerPos = 3.513020833333333
18.3733 	EXP 	slider_2: markerPos = 3.513020833333333
18.3904 	EXP 	slider_2: markerPos = 3.513020833333333
18.4066 	EXP 	slider_2: markerPos = 3.513020833333333
18.4081 	DATA 	Mouse:  Left button up, pos=(685,152)
18.4234 	EXP 	slider_2: markerPos = 3.513020833333333
18.4234 	EXP 	slider_2: rating = 3.513020833333333
18.4256 	EXP 	New trial (rep=0, index=4): OrderedDict([('Imagenes', 'imagenes\\Banano.jpeg'), ('Random', 0.651633055306917), ('Correcto', None)])
18.4407 	EXP 	image_2: autoDraw = False
18.4407 	EXP 	slider_2: autoDraw = False
18.4407 	EXP 	image_2: image = 'imagenes\\Banano.jpeg'
18.4407 	EXP 	slider_2: markerPos = None
18.4407 	EXP 	slider_2: markerPos = None
18.4407 	EXP 	slider_2: rating = None
18.4407 	EXP 	image_2: autoDraw = True
18.4407 	EXP 	slider_2: autoDraw = True
18.7583 	DATA 	Mouse: Left button down, pos=(685,152)
18.7737 	EXP 	slider_2: markerPos = 3.513020833333333
18.7898 	EXP 	slider_2: markerPos = 3.513020833333333
18.8065 	EXP 	slider_2: markerPos = 3.513020833333333
18.8232 	EXP 	slider_2: markerPos = 3.513020833333333
18.8398 	EXP 	slider_2: markerPos = 3.513020833333333
18.8418 	DATA 	Mouse:  Left button up, pos=(685,152)
18.8567 	EXP 	slider_2: markerPos = 3.513020833333333
18.8567 	EXP 	slider_2: rating = 3.513020833333333
18.8601 	EXP 	New trial (rep=0, index=5): OrderedDict([('Imagenes', 'imagenes\\Nutella (1).jpg'), ('Random', 0.5277483225747329), ('Correcto', None)])
18.8734 	EXP 	image_2: autoDraw = False
18.8734 	EXP 	slider_2: autoDraw = False
18.8734 	EXP 	image_2: image = 'imagenes\\Nutella (1).jpg'
18.8734 	EXP 	slider_2: markerPos = None
18.8734 	EXP 	slider_2: markerPos = None
18.8734 	EXP 	slider_2: rating = None
18.8734 	EXP 	image_2: autoDraw = True
18.8734 	EXP 	slider_2: autoDraw = True
19.0611 	DATA 	Mouse: Left button down, pos=(684,152)
19.0899 	EXP 	slider_2: markerPos = 3.506510416666667
19.1067 	EXP 	slider_2: markerPos = 3.506510416666667
19.1239 	EXP 	slider_2: markerPos = 3.506510416666667
19.1400 	EXP 	slider_2: markerPos = 3.506510416666667
19.1452 	DATA 	Mouse:  Left button up, pos=(684,152)
19.1566 	EXP 	slider_2: markerPos = 3.506510416666667
19.1736 	EXP 	slider_2: markerPos = 3.506510416666667
19.1736 	EXP 	slider_2: rating = 3.506510416666667
19.1762 	EXP 	New trial (rep=0, index=6): OrderedDict([('Imagenes', 'imagenes\\Brownie.jpg'), ('Random', 0.17000143351927688), ('Correcto', None)])
19.2032 	EXP 	image_2: autoDraw = False
19.2032 	EXP 	slider_2: autoDraw = False
19.2032 	EXP 	image_2: image = 'imagenes\\Brownie.jpg'
19.2032 	EXP 	slider_2: markerPos = None
19.2032 	EXP 	slider_2: markerPos = None
19.2032 	EXP 	slider_2: rating = None
19.2032 	EXP 	image_2: autoDraw = True
19.2032 	EXP 	slider_2: autoDraw = True
19.2927 	DATA 	Mouse: Left button down, pos=(684,152)
19.3065 	EXP 	slider_2: markerPos = 3.506510416666667
19.3232 	EXP 	slider_2: markerPos = 3.506510416666667
19.3399 	EXP 	slider_2: markerPos = 3.506510416666667
19.3565 	EXP 	slider_2: markerPos = 3.506510416666667
19.3590 	DATA 	Mouse:  Left button up, pos=(684,152)
19.3732 	EXP 	slider_2: markerPos = 3.506510416666667
19.3732 	EXP 	slider_2: rating = 3.506510416666667
19.3764 	EXP 	New trial (rep=0, index=7): OrderedDict([('Imagenes', 'imagenes\\bon-bon-bun.jpg'), ('Random', 0.7387922093313524), ('Correcto', None)])
19.3985 	EXP 	image_2: autoDraw = False
19.3985 	EXP 	slider_2: autoDraw = False
19.3985 	EXP 	image_2: image = 'imagenes\\bon-bon-bun.jpg'
19.3985 	EXP 	slider_2: markerPos = None
19.3985 	EXP 	slider_2: markerPos = None
19.3985 	EXP 	slider_2: rating = None
19.3985 	EXP 	image_2: autoDraw = True
19.3985 	EXP 	slider_2: autoDraw = True
19.4752 	DATA 	Mouse: Left button down, pos=(684,152)
19.4899 	EXP 	slider_2: markerPos = 3.506510416666667
19.5064 	EXP 	slider_2: markerPos = 3.506510416666667
19.5236 	EXP 	slider_2: markerPos = 3.506510416666667
19.5401 	EXP 	slider_2: markerPos = 3.506510416666667
19.5566 	EXP 	slider_2: markerPos = 3.506510416666667
19.5586 	DATA 	Mouse:  Left button up, pos=(684,152)
19.5737 	EXP 	slider_2: markerPos = 3.506510416666667
19.5737 	EXP 	slider_2: rating = 3.506510416666667
19.5765 	EXP 	New trial (rep=0, index=8): OrderedDict([('Imagenes', 'imagenes\\Kiwi.jpg'), ('Random', 0.5893907384852061), ('Correcto', None)])
19.5900 	EXP 	image_2: autoDraw = False
19.5900 	EXP 	slider_2: autoDraw = False
19.5900 	EXP 	image_2: image = 'imagenes\\Kiwi.jpg'
19.5900 	EXP 	slider_2: markerPos = None
19.5900 	EXP 	slider_2: markerPos = None
19.5900 	EXP 	slider_2: rating = None
19.5900 	EXP 	image_2: autoDraw = True
19.5900 	EXP 	slider_2: autoDraw = True
19.7257 	DATA 	Mouse: Left button down, pos=(684,152)
19.7400 	EXP 	slider_2: markerPos = 3.506510416666667
19.7564 	EXP 	slider_2: markerPos = 3.506510416666667
19.7732 	EXP 	slider_2: markerPos = 3.506510416666667
19.7896 	EXP 	slider_2: markerPos = 3.506510416666667
19.8067 	EXP 	slider_2: markerPos = 3.506510416666667
19.8082 	DATA 	Mouse:  Left button up, pos=(684,152)
19.8233 	EXP 	slider_2: markerPos = 3.506510416666667
19.8233 	EXP 	slider_2: rating = 3.506510416666667
19.8267 	EXP 	New trial (rep=0, index=9): OrderedDict([('Imagenes', 'imagenes\\Galletas Tosh.jpg'), ('Random', 0.478088790487872), ('Correcto', None)])
19.8488 	EXP 	image_2: autoDraw = False
19.8488 	EXP 	slider_2: autoDraw = False
19.8488 	EXP 	image_2: image = 'imagenes\\Galletas Tosh.jpg'
19.8488 	EXP 	slider_2: markerPos = None
19.8488 	EXP 	slider_2: markerPos = None
19.8488 	EXP 	slider_2: rating = None
19.8488 	EXP 	image_2: autoDraw = True
19.8488 	EXP 	slider_2: autoDraw = True
19.9088 	DATA 	Mouse: Left button down, pos=(684,152)
19.9235 	EXP 	slider_2: markerPos = 3.506510416666667
19.9398 	EXP 	slider_2: markerPos = 3.506510416666667
19.9563 	EXP 	slider_2: markerPos = 3.506510416666667
19.9734 	EXP 	slider_2: markerPos = 3.506510416666667
19.9899 	EXP 	slider_2: markerPos = 3.506510416666667
19.9913 	DATA 	Mouse:  Left button up, pos=(684,152)
20.0064 	EXP 	slider_2: markerPos = 3.506510416666667
20.0064 	EXP 	slider_2: rating = 3.506510416666667
20.0086 	EXP 	New trial (rep=0, index=10): OrderedDict([('Imagenes', 'imagenes\\Galletas-festival.jpg'), ('Random', 0.36121121246191135), ('Correcto', None)])
20.0261 	EXP 	image_2: autoDraw = False
20.0261 	EXP 	slider_2: autoDraw = False
20.0261 	EXP 	image_2: image = 'imagenes\\Galletas-festival.jpg'
20.0261 	EXP 	slider_2: markerPos = None
20.0261 	EXP 	slider_2: markerPos = None
20.0261 	EXP 	slider_2: rating = None
20.0261 	EXP 	image_2: autoDraw = True
20.0261 	EXP 	slider_2: autoDraw = True
20.1924 	DATA 	Mouse: Left button down, pos=(684,152)
20.2064 	EXP 	slider_2: markerPos = 3.506510416666667
20.2232 	EXP 	slider_2: markerPos = 3.506510416666667
20.2398 	EXP 	slider_2: markerPos = 3.506510416666667
20.2565 	EXP 	slider_2: markerPos = 3.506510416666667
20.2733 	EXP 	slider_2: markerPos = 3.506510416666667
20.2754 	DATA 	Mouse:  Left button up, pos=(684,152)
20.2901 	EXP 	slider_2: markerPos = 3.506510416666667
20.2901 	EXP 	slider_2: rating = 3.506510416666667
20.2934 	EXP 	New trial (rep=0, index=11): OrderedDict([('Imagenes', 'imagenes\\Uvas.jpg'), ('Random', 0.7734382152670648), ('Correcto', None)])
20.3075 	EXP 	image_2: autoDraw = False
20.3075 	EXP 	slider_2: autoDraw = False
20.3075 	EXP 	image_2: image = 'imagenes\\Uvas.jpg'
20.3075 	EXP 	slider_2: markerPos = None
20.3075 	EXP 	slider_2: markerPos = None
20.3075 	EXP 	slider_2: rating = None
20.3075 	EXP 	image_2: autoDraw = True
20.3075 	EXP 	slider_2: autoDraw = True
20.3590 	DATA 	Mouse: Left button down, pos=(684,152)
20.3737 	EXP 	slider_2: markerPos = 3.506510416666667
20.3898 	EXP 	slider_2: markerPos = 3.506510416666667
20.4065 	EXP 	slider_2: markerPos = 3.506510416666667
20.4230 	EXP 	slider_2: markerPos = 3.506510416666667
20.4400 	EXP 	slider_2: markerPos = 3.506510416666667
20.4566 	EXP 	slider_2: markerPos = 3.506510416666667
20.4587 	DATA 	Mouse:  Left button up, pos=(684,152)
20.4734 	EXP 	slider_2: markerPos = 3.506510416666667
20.4734 	EXP 	slider_2: rating = 3.506510416666667
20.4765 	EXP 	New trial (rep=0, index=12): OrderedDict([('Imagenes', 'imagenes\\Chocoramo.jfif.jpg'), ('Random', 0.7789437122019539), ('Correcto', None)])
20.4987 	EXP 	image_2: autoDraw = False
20.4987 	EXP 	slider_2: autoDraw = False
20.4987 	EXP 	image_2: image = 'imagenes\\Chocoramo.jfif.jpg'
20.4987 	EXP 	slider_2: markerPos = None
20.4987 	EXP 	slider_2: markerPos = None
20.4987 	EXP 	slider_2: rating = None
20.4987 	EXP 	image_2: autoDraw = True
20.4987 	EXP 	slider_2: autoDraw = True
20.5424 	DATA 	Mouse: Left button down, pos=(684,152)
20.5565 	EXP 	slider_2: markerPos = 3.506510416666667
20.5730 	EXP 	slider_2: markerPos = 3.506510416666667
20.5900 	EXP 	slider_2: markerPos = 3.506510416666667
20.6065 	EXP 	slider_2: markerPos = 3.506510416666667
20.6109 	DATA 	Mouse:  Left button up, pos=(684,152)
20.6235 	EXP 	slider_2: markerPos = 3.506510416666667
20.6402 	EXP 	slider_2: markerPos = 3.506510416666667
20.6402 	EXP 	slider_2: rating = 3.506510416666667
20.6432 	EXP 	New trial (rep=0, index=13): OrderedDict([('Imagenes', 'imagenes\\Manzana.jpg'), ('Random', 0.5168162194437935), ('Correcto', None)])
20.6659 	EXP 	image_2: autoDraw = False
20.6659 	EXP 	slider_2: autoDraw = False
20.6659 	EXP 	image_2: image = 'imagenes\\Manzana.jpg'
20.6659 	EXP 	slider_2: markerPos = None
20.6659 	EXP 	slider_2: markerPos = None
20.6659 	EXP 	slider_2: rating = None
20.6659 	EXP 	image_2: autoDraw = True
20.6659 	EXP 	slider_2: autoDraw = True
20.6921 	DATA 	Mouse: Left button down, pos=(684,152)
20.7066 	EXP 	slider_2: markerPos = 3.506510416666667
20.7232 	EXP 	slider_2: markerPos = 3.506510416666667
20.7400 	EXP 	slider_2: markerPos = 3.506510416666667
20.7563 	EXP 	slider_2: markerPos = 3.506510416666667
20.7733 	EXP 	slider_2: markerPos = 3.506510416666667
20.7772 	DATA 	Mouse:  Left button up, pos=(684,152)
20.7896 	EXP 	slider_2: markerPos = 3.506510416666667
20.8064 	EXP 	slider_2: markerPos = 3.506510416666667
20.8064 	EXP 	slider_2: rating = 3.506510416666667
20.8093 	EXP 	New trial (rep=0, index=14): OrderedDict([('Imagenes', 'imagenes\\Yogurt-alpina.jpg'), ('Random', 0.21540995091807813), ('Correcto', None)])
20.8242 	EXP 	image_2: autoDraw = False
20.8242 	EXP 	slider_2: autoDraw = False
20.8242 	EXP 	image_2: image = 'imagenes\\Yogurt-alpina.jpg'
20.8242 	EXP 	slider_2: markerPos = None
20.8242 	EXP 	slider_2: markerPos = None
20.8242 	EXP 	slider_2: rating = None
20.8242 	EXP 	image_2: autoDraw = True
20.8242 	EXP 	slider_2: autoDraw = True
20.8763 	DATA 	Mouse: Left button down, pos=(684,152)
20.8902 	EXP 	slider_2: markerPos = 3.506510416666667
20.9065 	EXP 	slider_2: markerPos = 3.506510416666667
20.9234 	EXP 	slider_2: markerPos = 3.506510416666667
20.9399 	EXP 	slider_2: markerPos = 3.506510416666667
20.9446 	DATA 	Mouse:  Left button up, pos=(684,152)
20.9564 	EXP 	slider_2: markerPos = 3.506510416666667
20.9734 	EXP 	slider_2: markerPos = 3.506510416666667
20.9734 	EXP 	slider_2: rating = 3.506510416666667
20.9762 	EXP 	New trial (rep=0, index=15): OrderedDict([('Imagenes', 'imagenes\\Popetas.jpg'), ('Random', 0.07650200324054446), ('Correcto', None)])
21.0126 	EXP 	image_2: autoDraw = False
21.0126 	EXP 	slider_2: autoDraw = False
21.0126 	EXP 	image_2: image = 'imagenes\\Popetas.jpg'
21.0126 	EXP 	slider_2: markerPos = None
21.0126 	EXP 	slider_2: markerPos = None
21.0126 	EXP 	slider_2: rating = None
21.0126 	EXP 	image_2: autoDraw = True
21.0126 	EXP 	slider_2: autoDraw = True
21.0227 	DATA 	Mouse: Left button down, pos=(684,152)
21.0401 	EXP 	slider_2: markerPos = 3.506510416666667
21.0567 	EXP 	slider_2: markerPos = 3.506510416666667
21.0734 	EXP 	slider_2: markerPos = 3.506510416666667
21.0897 	EXP 	slider_2: markerPos = 3.506510416666667
21.1064 	EXP 	slider_2: markerPos = 3.506510416666667
21.1084 	DATA 	Mouse:  Left button up, pos=(684,152)
21.1231 	EXP 	slider_2: markerPos = 3.506510416666667
21.1231 	EXP 	slider_2: rating = 3.506510416666667
21.1261 	EXP 	New trial (rep=0, index=16): OrderedDict([('Imagenes', 'imagenes\\Papas-naturales.jpg'), ('Random', 0.15856838916280946), ('Correcto', None)])
21.1399 	EXP 	image_2: autoDraw = False
21.1399 	EXP 	slider_2: autoDraw = False
21.1399 	EXP 	image_2: image = 'imagenes\\Papas-naturales.jpg'
21.1399 	EXP 	slider_2: markerPos = None
21.1399 	EXP 	slider_2: markerPos = None
21.1399 	EXP 	slider_2: rating = None
21.1399 	EXP 	image_2: autoDraw = True
21.1399 	EXP 	slider_2: autoDraw = True
21.1762 	DATA 	Mouse: Left button down, pos=(684,152)
21.1889 	EXP 	slider_2: markerPos = 3.506510416666667
21.2066 	EXP 	slider_2: markerPos = 3.506510416666667
21.2237 	EXP 	slider_2: markerPos = 3.506510416666667
21.2402 	EXP 	slider_2: markerPos = 3.506510416666667
21.2563 	EXP 	slider_2: markerPos = 3.506510416666667
21.2603 	DATA 	Mouse:  Left button up, pos=(684,152)
21.2736 	EXP 	slider_2: markerPos = 3.506510416666667
21.2902 	EXP 	slider_2: markerPos = 3.506510416666667
21.2902 	EXP 	slider_2: rating = 3.506510416666667
21.2936 	EXP 	New trial (rep=0, index=17): OrderedDict([('Imagenes', 'imagenes\\Papas-limon.jpg'), ('Random', 0.020692288100133793), ('Correcto', None)])
21.3067 	EXP 	image_2: autoDraw = False
21.3067 	EXP 	slider_2: autoDraw = False
21.3067 	EXP 	image_2: image = 'imagenes\\Papas-limon.jpg'
21.3067 	EXP 	slider_2: markerPos = None
21.3067 	EXP 	slider_2: markerPos = None
21.3067 	EXP 	slider_2: rating = None
21.3067 	EXP 	image_2: autoDraw = True
21.3067 	EXP 	slider_2: autoDraw = True
21.3417 	DATA 	Mouse: Left button down, pos=(684,152)
21.3566 	EXP 	slider_2: markerPos = 3.506510416666667
21.3734 	EXP 	slider_2: markerPos = 3.506510416666667
21.3897 	EXP 	slider_2: markerPos = 3.506510416666667
21.4064 	EXP 	slider_2: markerPos = 3.506510416666667
21.4234 	EXP 	slider_2: markerPos = 3.506510416666667
21.4257 	DATA 	Mouse:  Left button up, pos=(684,152)
21.4400 	EXP 	slider_2: markerPos = 3.506510416666667
21.4400 	EXP 	slider_2: rating = 3.506510416666667
21.4427 	EXP 	New trial (rep=0, index=18): OrderedDict([('Imagenes', 'imagenes\\Alpinito.jpg'), ('Random', 0.4515332417045813), ('Correcto', None)])
21.4710 	EXP 	image_2: autoDraw = False
21.4710 	EXP 	slider_2: autoDraw = False
21.4710 	EXP 	image_2: image = 'imagenes\\Alpinito.jpg'
21.4710 	EXP 	slider_2: markerPos = None
21.4710 	EXP 	slider_2: markerPos = None
21.4710 	EXP 	slider_2: rating = None
21.4710 	EXP 	image_2: autoDraw = True
21.4710 	EXP 	slider_2: autoDraw = True
21.6632 	DATA 	Mouse: Left button down, pos=(684,152)
21.6899 	EXP 	slider_2: markerPos = 3.506510416666667
21.7065 	EXP 	slider_2: markerPos = 3.506510416666667
21.7236 	EXP 	slider_2: markerPos = 3.506510416666667
21.7397 	EXP 	slider_2: markerPos = 3.506510416666667
21.7421 	DATA 	Mouse:  Left button up, pos=(684,152)
21.7564 	EXP 	slider_2: markerPos = 3.506510416666667
21.7564 	EXP 	slider_2: rating = 3.506510416666667
21.7587 	EXP 	New trial (rep=0, index=19): OrderedDict([('Imagenes', 'imagenes\\Papas-pollo.jpg'), ('Random', 0.6683114062971784), ('Correcto', None)])
21.7733 	EXP 	image_2: autoDraw = False
21.7733 	EXP 	slider_2: autoDraw = False
21.7733 	EXP 	image_2: image = 'imagenes\\Papas-pollo.jpg'
21.7733 	EXP 	slider_2: markerPos = None
21.7733 	EXP 	slider_2: markerPos = None
21.7733 	EXP 	slider_2: rating = None
21.7733 	EXP 	image_2: autoDraw = True
21.7733 	EXP 	slider_2: autoDraw = True
21.9774 	DATA 	Mouse: Left button down, pos=(684,152)
22.0065 	EXP 	slider_2: markerPos = 3.506510416666667
22.0232 	EXP 	slider_2: markerPos = 3.506510416666667
22.0402 	EXP 	slider_2: markerPos = 3.506510416666667
22.0564 	EXP 	slider_2: markerPos = 3.506510416666667
22.0580 	DATA 	Mouse:  Left button up, pos=(684,152)
22.0732 	EXP 	slider_2: markerPos = 3.506510416666667
22.0732 	EXP 	slider_2: rating = 3.506510416666667
22.0768 	EXP 	New trial (rep=0, index=3): OrderedDict([('Hertz', 400), ('volumen', 0.02)])
22.0832 	EXP 	Imported imagenes.xlsx as conditions, 20 conditions, 3 params
22.0835 	EXP 	Created sequence: random, trialTypes=20, nReps=1, seed=None
22.0838 	EXP 	New trial (rep=0, index=0): OrderedDict([('Imagenes', 'imagenes\\Chocoramo.jfif.jpg'), ('Random', 0.7789437122019539), ('Correcto', None)])
22.1066 	EXP 	image_2: autoDraw = False
22.1066 	EXP 	slider_2: autoDraw = False
22.1066 	EXP 	image_2: image = 'imagenes\\Chocoramo.jfif.jpg'
22.1066 	EXP 	slider_2: markerPos = None
22.1066 	EXP 	slider_2: markerPos = None
22.1066 	EXP 	slider_2: rating = None
22.1066 	EXP 	image_2: autoDraw = True
22.1066 	EXP 	slider_2: autoDraw = True
22.2415 	DATA 	Mouse: Left button down, pos=(684,152)
22.2566 	EXP 	slider_2: markerPos = 3.506510416666667
22.2732 	EXP 	slider_2: markerPos = 3.506510416666667
22.2902 	EXP 	slider_2: markerPos = 3.506510416666667
22.3063 	EXP 	slider_2: markerPos = 3.506510416666667
22.3233 	EXP 	slider_2: markerPos = 3.506510416666667
22.3396 	EXP 	slider_2: markerPos = 3.506510416666667
22.3417 	DATA 	Mouse:  Left button up, pos=(684,152)
22.3564 	EXP 	slider_2: markerPos = 3.506510416666667
22.3564 	EXP 	slider_2: rating = 3.506510416666667
22.3594 	EXP 	New trial (rep=0, index=1): OrderedDict([('Imagenes', 'imagenes\\Galletas-festival.jpg'), ('Random', 0.36121121246191135), ('Correcto', None)])
22.3789 	EXP 	image_2: autoDraw = False
22.3789 	EXP 	slider_2: autoDraw = False
22.3789 	EXP 	image_2: image = 'imagenes\\Galletas-festival.jpg'
22.3789 	EXP 	slider_2: markerPos = None
22.3789 	EXP 	slider_2: markerPos = None
22.3789 	EXP 	slider_2: rating = None
22.3789 	EXP 	image_2: autoDraw = True
22.3789 	EXP 	slider_2: autoDraw = True
22.5918 	DATA 	Mouse: Left button down, pos=(684,152)
22.6067 	EXP 	slider_2: markerPos = 3.506510416666667
22.6232 	EXP 	slider_2: markerPos = 3.506510416666667
22.6397 	EXP 	slider_2: markerPos = 3.506510416666667
22.6565 	EXP 	slider_2: markerPos = 3.506510416666667
22.6581 	DATA 	Mouse:  Left button up, pos=(684,152)
22.6732 	EXP 	slider_2: markerPos = 3.506510416666667
22.6732 	EXP 	slider_2: rating = 3.506510416666667
22.6757 	EXP 	New trial (rep=0, index=2): OrderedDict([('Imagenes', 'imagenes\\Rosquitas (1).jpg'), ('Random', 0.3035383390851263), ('Correcto', None)])
22.6962 	EXP 	image_2: autoDraw = False
22.6962 	EXP 	slider_2: autoDraw = False
22.6962 	EXP 	image_2: image = 'imagenes\\Rosquitas (1).jpg'
22.6962 	EXP 	slider_2: markerPos = None
22.6962 	EXP 	slider_2: markerPos = None
22.6962 	EXP 	slider_2: rating = None
22.6962 	EXP 	image_2: autoDraw = True
22.6962 	EXP 	slider_2: autoDraw = True
22.9076 	DATA 	Mouse: Left button down, pos=(684,152)
22.9236 	EXP 	slider_2: markerPos = 3.506510416666667
22.9397 	EXP 	slider_2: markerPos = 3.506510416666667
22.9563 	EXP 	slider_2: markerPos = 3.506510416666667
22.9731 	EXP 	slider_2: markerPos = 3.506510416666667
22.9896 	EXP 	slider_2: markerPos = 3.506510416666667
23.0062 	EXP 	slider_2: markerPos = 3.506510416666667
23.0230 	EXP 	slider_2: markerPos = 3.506510416666667
23.0256 	DATA 	Mouse:  Left button up, pos=(684,152)
23.0398 	EXP 	slider_2: markerPos = 3.506510416666667
23.0398 	EXP 	slider_2: rating = 3.506510416666667
23.0432 	EXP 	New trial (rep=0, index=3): OrderedDict([('Imagenes', 'imagenes\\Kiwi.jpg'), ('Random', 0.5893907384852061), ('Correcto', None)])
23.0563 	EXP 	image_2: autoDraw = False
23.0563 	EXP 	slider_2: autoDraw = False
23.0563 	EXP 	image_2: image = 'imagenes\\Kiwi.jpg'
23.0563 	EXP 	slider_2: markerPos = None
23.0563 	EXP 	slider_2: markerPos = None
23.0563 	EXP 	slider_2: rating = None
23.0563 	EXP 	image_2: autoDraw = True
23.0563 	EXP 	slider_2: autoDraw = True
23.2427 	DATA 	Mouse: Left button down, pos=(684,152)
23.2563 	EXP 	slider_2: markerPos = 3.506510416666667
23.2729 	EXP 	slider_2: markerPos = 3.506510416666667
23.2899 	EXP 	slider_2: markerPos = 3.506510416666667
23.3063 	EXP 	slider_2: markerPos = 3.506510416666667
23.3230 	EXP 	slider_2: markerPos = 3.506510416666667
23.3396 	EXP 	slider_2: markerPos = 3.506510416666667
23.3411 	DATA 	Mouse:  Left button up, pos=(684,152)
23.3562 	EXP 	slider_2: markerPos = 3.506510416666667
23.3562 	EXP 	slider_2: rating = 3.506510416666667
23.3591 	EXP 	New trial (rep=0, index=4): OrderedDict([('Imagenes', 'imagenes\\Papas-naturales.jpg'), ('Random', 0.15856838916280946), ('Correcto', None)])
23.3744 	EXP 	image_2: autoDraw = False
23.3744 	EXP 	slider_2: autoDraw = False
23.3744 	EXP 	image_2: image = 'imagenes\\Papas-naturales.jpg'
23.3744 	EXP 	slider_2: markerPos = None
23.3744 	EXP 	slider_2: markerPos = None
23.3744 	EXP 	slider_2: rating = None
23.3744 	EXP 	image_2: autoDraw = True
23.3744 	EXP 	slider_2: autoDraw = True
23.5751 	DATA 	Mouse: Left button down, pos=(684,152)
23.5897 	EXP 	slider_2: markerPos = 3.506510416666667
23.6062 	EXP 	slider_2: markerPos = 3.506510416666667
23.6229 	EXP 	slider_2: markerPos = 3.506510416666667
23.6395 	EXP 	slider_2: markerPos = 3.506510416666667
23.6563 	EXP 	slider_2: markerPos = 3.506510416666667
23.6731 	EXP 	slider_2: markerPos = 3.506510416666667
23.6895 	EXP 	slider_2: markerPos = 3.506510416666667
23.7062 	EXP 	slider_2: markerPos = 3.506510416666667
23.7082 	DATA 	Mouse:  Left button up, pos=(684,152)
23.7229 	EXP 	slider_2: markerPos = 3.506510416666667
23.7229 	EXP 	slider_2: rating = 3.506510416666667
23.7254 	EXP 	New trial (rep=0, index=5): OrderedDict([('Imagenes', 'imagenes\\Yogurt-alpina.jpg'), ('Random', 0.21540995091807813), ('Correcto', None)])
23.7398 	EXP 	image_2: autoDraw = False
23.7398 	EXP 	slider_2: autoDraw = False
23.7398 	EXP 	image_2: image = 'imagenes\\Yogurt-alpina.jpg'
23.7398 	EXP 	slider_2: markerPos = None
23.7398 	EXP 	slider_2: markerPos = None
23.7398 	EXP 	slider_2: rating = None
23.7398 	EXP 	image_2: autoDraw = True
23.7398 	EXP 	slider_2: autoDraw = True
23.9119 	DATA 	Mouse: Left button down, pos=(684,152)
23.9398 	EXP 	slider_2: markerPos = 3.506510416666667
23.9563 	EXP 	slider_2: markerPos = 3.506510416666667
23.9730 	EXP 	slider_2: markerPos = 3.506510416666667
23.9896 	EXP 	slider_2: markerPos = 3.506510416666667
24.0063 	EXP 	slider_2: markerPos = 3.506510416666667
24.0230 	EXP 	slider_2: markerPos = 3.506510416666667
24.0398 	EXP 	slider_2: markerPos = 3.506510416666667
24.0416 	DATA 	Mouse:  Left button up, pos=(684,152)
24.0564 	EXP 	slider_2: markerPos = 3.506510416666667
24.0564 	EXP 	slider_2: rating = 3.506510416666667
24.0597 	EXP 	New trial (rep=0, index=6): OrderedDict([('Imagenes', 'imagenes\\Alpinito.jpg'), ('Random', 0.4515332417045813), ('Correcto', None)])
24.0886 	EXP 	image_2: autoDraw = False
24.0886 	EXP 	slider_2: autoDraw = False
24.0886 	EXP 	image_2: image = 'imagenes\\Alpinito.jpg'
24.0886 	EXP 	slider_2: markerPos = None
24.0886 	EXP 	slider_2: markerPos = None
24.0886 	EXP 	slider_2: rating = None
24.0886 	EXP 	image_2: autoDraw = True
24.0886 	EXP 	slider_2: autoDraw = True
24.2751 	DATA 	Mouse: Left button down, pos=(684,152)
24.2898 	EXP 	slider_2: markerPos = 3.506510416666667
24.3063 	EXP 	slider_2: markerPos = 3.506510416666667
24.3234 	EXP 	slider_2: markerPos = 3.506510416666667
24.3397 	EXP 	slider_2: markerPos = 3.506510416666667
24.3564 	EXP 	slider_2: markerPos = 3.506510416666667
24.3734 	EXP 	slider_2: markerPos = 3.506510416666667
24.3757 	DATA 	Mouse:  Left button up, pos=(684,152)
24.3890 	EXP 	slider_2: markerPos = 3.506510416666667
24.3890 	EXP 	slider_2: rating = 3.506510416666667
24.3913 	EXP 	New trial (rep=0, index=7): OrderedDict([('Imagenes', 'imagenes\\Uvas.jpg'), ('Random', 0.7734382152670648), ('Correcto', None)])
24.4066 	EXP 	image_2: autoDraw = False
24.4066 	EXP 	slider_2: autoDraw = False
24.4066 	EXP 	image_2: image = 'imagenes\\Uvas.jpg'
24.4066 	EXP 	slider_2: markerPos = None
24.4066 	EXP 	slider_2: markerPos = None
24.4066 	EXP 	slider_2: rating = None
24.4066 	EXP 	image_2: autoDraw = True
24.4066 	EXP 	slider_2: autoDraw = True
24.7921 	DATA 	Mouse: Left button down, pos=(684,152)
24.8062 	EXP 	slider_2: markerPos = 3.506510416666667
24.8232 	EXP 	slider_2: markerPos = 3.506510416666667
24.8396 	EXP 	slider_2: markerPos = 3.506510416666667
24.8562 	EXP 	slider_2: markerPos = 3.506510416666667
24.8732 	EXP 	slider_2: markerPos = 3.506510416666667
24.8897 	EXP 	slider_2: markerPos = 3.506510416666667
24.9063 	EXP 	slider_2: markerPos = 3.506510416666667
24.9230 	EXP 	slider_2: markerPos = 3.506510416666667
24.9247 	DATA 	Mouse:  Left button up, pos=(684,152)
24.9397 	EXP 	slider_2: markerPos = 3.506510416666667
24.9397 	EXP 	slider_2: rating = 3.506510416666667
24.9424 	EXP 	New trial (rep=0, index=8): OrderedDict([('Imagenes', 'imagenes\\Brownie.jpg'), ('Random', 0.17000143351927688), ('Correcto', None)])
24.9691 	EXP 	image_2: autoDraw = False
24.9691 	EXP 	slider_2: autoDraw = False
24.9691 	EXP 	image_2: image = 'imagenes\\Brownie.jpg'
24.9691 	EXP 	slider_2: markerPos = None
24.9691 	EXP 	slider_2: markerPos = None
24.9691 	EXP 	slider_2: rating = None
24.9691 	EXP 	image_2: autoDraw = True
24.9691 	EXP 	slider_2: autoDraw = True
25.2918 	DATA 	Mouse: Left button down, pos=(684,152)
25.3062 	EXP 	slider_2: markerPos = 3.506510416666667
25.3233 	EXP 	slider_2: markerPos = 3.506510416666667
25.3396 	EXP 	slider_2: markerPos = 3.506510416666667
25.3563 	EXP 	slider_2: markerPos = 3.506510416666667
25.3730 	EXP 	slider_2: markerPos = 3.506510416666667
25.3897 	EXP 	slider_2: markerPos = 3.506510416666667
25.4062 	EXP 	slider_2: markerPos = 3.506510416666667
25.4082 	DATA 	Mouse:  Left button up, pos=(684,152)
25.4233 	EXP 	slider_2: markerPos = 3.506510416666667
25.4233 	EXP 	slider_2: rating = 3.506510416666667
25.4265 	EXP 	New trial (rep=0, index=9): OrderedDict([('Imagenes', 'imagenes\\Croissant.jpg'), ('Random', 0.6152458173421255), ('Correcto', None)])
25.4549 	EXP 	image_2: autoDraw = False
25.4549 	EXP 	slider_2: autoDraw = False
25.4549 	EXP 	image_2: image = 'imagenes\\Croissant.jpg'
25.4549 	EXP 	slider_2: markerPos = None
25.4549 	EXP 	slider_2: markerPos = None
25.4549 	EXP 	slider_2: rating = None
25.4549 	EXP 	image_2: autoDraw = True
25.4549 	EXP 	slider_2: autoDraw = True
25.7913 	DATA 	Mouse: Left button down, pos=(684,152)
25.8065 	EXP 	slider_2: markerPos = 3.506510416666667
25.8235 	EXP 	slider_2: markerPos = 3.506510416666667
25.8397 	EXP 	slider_2: markerPos = 3.506510416666667
25.8563 	EXP 	slider_2: markerPos = 3.506510416666667
25.8731 	EXP 	slider_2: markerPos = 3.506510416666667
25.8896 	EXP 	slider_2: markerPos = 3.506510416666667
25.8914 	DATA 	Mouse:  Left button up, pos=(684,152)
25.9067 	EXP 	slider_2: markerPos = 3.506510416666667
25.9067 	EXP 	slider_2: rating = 3.506510416666667
25.9094 	EXP 	New trial (rep=0, index=10): OrderedDict([('Imagenes', 'imagenes\\bon-bon-bun.jpg'), ('Random', 0.7387922093313524), ('Correcto', None)])
25.9316 	EXP 	image_2: autoDraw = False
25.9316 	EXP 	slider_2: autoDraw = False
25.9316 	EXP 	image_2: image = 'imagenes\\bon-bon-bun.jpg'
25.9316 	EXP 	slider_2: markerPos = None
25.9316 	EXP 	slider_2: markerPos = None
25.9316 	EXP 	slider_2: rating = None
25.9316 	EXP 	image_2: autoDraw = True
25.9316 	EXP 	slider_2: autoDraw = True
26.2921 	DATA 	Mouse: Left button down, pos=(684,152)
26.3062 	EXP 	slider_2: markerPos = 3.506510416666667
26.3230 	EXP 	slider_2: markerPos = 3.506510416666667
26.3395 	EXP 	slider_2: markerPos = 3.506510416666667
26.3562 	EXP 	slider_2: markerPos = 3.506510416666667
26.3729 	EXP 	slider_2: markerPos = 3.506510416666667
26.3896 	EXP 	slider_2: markerPos = 3.506510416666667
26.4063 	EXP 	slider_2: markerPos = 3.506510416666667
26.4229 	EXP 	slider_2: markerPos = 3.506510416666667
26.4252 	DATA 	Mouse:  Left button up, pos=(684,152)
26.4394 	EXP 	slider_2: markerPos = 3.506510416666667
26.4394 	EXP 	slider_2: rating = 3.506510416666667
26.4422 	EXP 	New trial (rep=0, index=11): OrderedDict([('Imagenes', 'imagenes\\Nutella (1).jpg'), ('Random', 0.5277483225747329), ('Correcto', None)])
26.4590 	EXP 	image_2: autoDraw = False
26.4590 	EXP 	slider_2: autoDraw = False
26.4590 	EXP 	image_2: image = 'imagenes\\Nutella (1).jpg'
26.4590 	EXP 	slider_2: markerPos = None
26.4590 	EXP 	slider_2: markerPos = None
26.4590 	EXP 	slider_2: rating = None
26.4590 	EXP 	image_2: autoDraw = True
26.4590 	EXP 	slider_2: autoDraw = True
26.8250 	DATA 	Mouse: Left button down, pos=(684,152)
26.8393 	EXP 	slider_2: markerPos = 3.506510416666667
26.8564 	EXP 	slider_2: markerPos = 3.506510416666667
26.8730 	EXP 	slider_2: markerPos = 3.506510416666667
26.8894 	EXP 	slider_2: markerPos = 3.506510416666667
26.9062 	EXP 	slider_2: markerPos = 3.506510416666667
26.9230 	EXP 	slider_2: markerPos = 3.506510416666667
26.9395 	EXP 	slider_2: markerPos = 3.506510416666667
26.9562 	EXP 	slider_2: markerPos = 3.506510416666667
26.9581 	DATA 	Mouse:  Left button up, pos=(684,152)
26.9730 	EXP 	slider_2: markerPos = 3.506510416666667
26.9730 	EXP 	slider_2: rating = 3.506510416666667
26.9759 	EXP 	New trial (rep=0, index=12): OrderedDict([('Imagenes', 'imagenes\\Manzana.jpg'), ('Random', 0.5168162194437935), ('Correcto', None)])
26.9994 	EXP 	image_2: autoDraw = False
26.9994 	EXP 	slider_2: autoDraw = False
26.9994 	EXP 	image_2: image = 'imagenes\\Manzana.jpg'
26.9994 	EXP 	slider_2: markerPos = None
26.9994 	EXP 	slider_2: markerPos = None
26.9994 	EXP 	slider_2: rating = None
26.9994 	EXP 	image_2: autoDraw = True
26.9994 	EXP 	slider_2: autoDraw = True
27.3752 	DATA 	Mouse: Left button down, pos=(684,152)
27.3895 	EXP 	slider_2: markerPos = 3.506510416666667
27.4060 	EXP 	slider_2: markerPos = 3.506510416666667
27.4229 	EXP 	slider_2: markerPos = 3.506510416666667
27.4394 	EXP 	slider_2: markerPos = 3.506510416666667
27.4561 	EXP 	slider_2: markerPos = 3.506510416666667
27.4728 	EXP 	slider_2: markerPos = 3.506510416666667
27.4894 	EXP 	slider_2: markerPos = 3.506510416666667
27.5060 	EXP 	slider_2: markerPos = 3.506510416666667
27.5228 	EXP 	slider_2: markerPos = 3.506510416666667
27.5250 	DATA 	Mouse:  Left button up, pos=(684,152)
27.5394 	EXP 	slider_2: markerPos = 3.506510416666667
27.5394 	EXP 	slider_2: rating = 3.506510416666667
27.5420 	EXP 	New trial (rep=0, index=13): OrderedDict([('Imagenes', 'imagenes\\Leche-de-almendras.jpg'), ('Random', 0.36073876480313727), ('Correcto', None)])
27.5969 	EXP 	image_2: autoDraw = False
27.5969 	EXP 	slider_2: autoDraw = False
27.5969 	EXP 	image_2: image = 'imagenes\\Leche-de-almendras.jpg'
27.5969 	EXP 	slider_2: markerPos = None
27.5969 	EXP 	slider_2: markerPos = None
27.5969 	EXP 	slider_2: rating = None
27.5969 	EXP 	image_2: autoDraw = True
27.5969 	EXP 	slider_2: autoDraw = True
27.9258 	DATA 	Mouse: Left button down, pos=(684,152)
27.9396 	EXP 	slider_2: markerPos = 3.506510416666667
27.9562 	EXP 	slider_2: markerPos = 3.506510416666667
27.9734 	EXP 	slider_2: markerPos = 3.506510416666667
27.9896 	EXP 	slider_2: markerPos = 3.506510416666667
28.0064 	EXP 	slider_2: markerPos = 3.506510416666667
28.0232 	EXP 	slider_2: markerPos = 3.506510416666667
28.0396 	EXP 	slider_2: markerPos = 3.506510416666667
28.0563 	EXP 	slider_2: markerPos = 3.506510416666667
28.0731 	EXP 	slider_2: markerPos = 3.506510416666667
28.0897 	EXP 	slider_2: markerPos = 3.506510416666667
28.1064 	EXP 	slider_2: markerPos = 3.506510416666667
28.1234 	EXP 	slider_2: markerPos = 3.506510416666667
28.1255 	DATA 	Mouse:  Left button up, pos=(684,152)
28.1396 	EXP 	slider_2: markerPos = 3.506510416666667
28.1396 	EXP 	slider_2: rating = 3.506510416666667
28.1418 	EXP 	New trial (rep=0, index=14): OrderedDict([('Imagenes', 'imagenes\\Mango.jpeg'), ('Random', 0.555669112372461), ('Correcto', None)])
28.1595 	EXP 	image_2: autoDraw = False
28.1595 	EXP 	slider_2: autoDraw = False
28.1595 	EXP 	image_2: image = 'imagenes\\Mango.jpeg'
28.1595 	EXP 	slider_2: markerPos = None
28.1595 	EXP 	slider_2: markerPos = None
28.1595 	EXP 	slider_2: rating = None
28.1595 	EXP 	image_2: autoDraw = True
28.1595 	EXP 	slider_2: autoDraw = True
28.4747 	DATA 	Mouse: Left button down, pos=(684,152)
28.4894 	EXP 	slider_2: markerPos = 3.506510416666667
28.5060 	EXP 	slider_2: markerPos = 3.506510416666667
28.5228 	EXP 	slider_2: markerPos = 3.506510416666667
28.5397 	EXP 	slider_2: markerPos = 3.506510416666667
28.5562 	EXP 	slider_2: markerPos = 3.506510416666667
28.5728 	EXP 	slider_2: markerPos = 3.506510416666667
28.5896 	EXP 	slider_2: markerPos = 3.506510416666667
28.6059 	EXP 	slider_2: markerPos = 3.506510416666667
28.6229 	EXP 	slider_2: markerPos = 3.506510416666667
28.6396 	EXP 	slider_2: markerPos = 3.506510416666667
28.6561 	EXP 	slider_2: markerPos = 3.506510416666667
28.6729 	EXP 	slider_2: markerPos = 3.506510416666667
28.6892 	EXP 	slider_2: markerPos = 3.506510416666667
28.7060 	EXP 	slider_2: markerPos = 3.506510416666667
28.7228 	EXP 	slider_2: markerPos = 3.506510416666667
28.7397 	EXP 	slider_2: markerPos = 3.506510416666667
28.7560 	EXP 	slider_2: markerPos = 3.506510416666667
28.7728 	EXP 	slider_2: markerPos = 3.506510416666667
28.7757 	DATA 	Mouse:  Left button up, pos=(684,152)
28.7893 	EXP 	slider_2: markerPos = 3.506510416666667
28.7893 	EXP 	slider_2: rating = 3.506510416666667
28.7921 	EXP 	New trial (rep=0, index=15): OrderedDict([('Imagenes', 'imagenes\\Papas-pollo.jpg'), ('Random', 0.6683114062971784), ('Correcto', None)])
28.8062 	EXP 	image_2: autoDraw = False
28.8062 	EXP 	slider_2: autoDraw = False
28.8062 	EXP 	image_2: image = 'imagenes\\Papas-pollo.jpg'
28.8062 	EXP 	slider_2: markerPos = None
28.8062 	EXP 	slider_2: markerPos = None
28.8062 	EXP 	slider_2: rating = None
28.8062 	EXP 	image_2: autoDraw = True
28.8062 	EXP 	slider_2: autoDraw = True
29.1252 	DATA 	Mouse: Left button down, pos=(684,152)
29.1392 	EXP 	slider_2: markerPos = 3.506510416666667
29.1563 	EXP 	slider_2: markerPos = 3.506510416666667
29.1729 	EXP 	slider_2: markerPos = 3.506510416666667
29.1897 	EXP 	slider_2: markerPos = 3.506510416666667
29.2061 	EXP 	slider_2: markerPos = 3.506510416666667
29.2232 	EXP 	slider_2: markerPos = 3.506510416666667
29.2397 	EXP 	slider_2: markerPos = 3.506510416666667
29.2562 	EXP 	slider_2: markerPos = 3.506510416666667
29.2729 	EXP 	slider_2: markerPos = 3.506510416666667
29.2896 	EXP 	slider_2: markerPos = 3.506510416666667
29.3060 	EXP 	slider_2: markerPos = 3.506510416666667
29.3235 	EXP 	slider_2: markerPos = 3.506510416666667
29.3395 	EXP 	slider_2: markerPos = 3.506510416666667
29.3561 	EXP 	slider_2: markerPos = 3.506510416666667
29.3732 	EXP 	slider_2: markerPos = 3.506510416666667
29.3899 	EXP 	slider_2: markerPos = 3.506510416666667
29.4060 	EXP 	slider_2: markerPos = 3.506510416666667
29.4229 	EXP 	slider_2: markerPos = 3.506510416666667
29.4248 	DATA 	Mouse:  Left button up, pos=(684,152)
29.4397 	EXP 	slider_2: markerPos = 3.506510416666667
29.4397 	EXP 	slider_2: rating = 3.506510416666667
29.4422 	EXP 	New trial (rep=0, index=16): OrderedDict([('Imagenes', 'imagenes\\Popetas.jpg'), ('Random', 0.07650200324054446), ('Correcto', None)])
29.4772 	EXP 	image_2: autoDraw = False
29.4772 	EXP 	slider_2: autoDraw = False
29.4772 	EXP 	image_2: image = 'imagenes\\Popetas.jpg'
29.4772 	EXP 	slider_2: markerPos = None
29.4772 	EXP 	slider_2: markerPos = None
29.4772 	EXP 	slider_2: rating = None
29.4772 	EXP 	image_2: autoDraw = True
29.4772 	EXP 	slider_2: autoDraw = True
29.7758 	DATA 	Mouse: Left button down, pos=(684,152)
29.7894 	EXP 	slider_2: markerPos = 3.506510416666667
29.8060 	EXP 	slider_2: markerPos = 3.506510416666667
29.8229 	EXP 	slider_2: markerPos = 3.506510416666667
29.8396 	EXP 	slider_2: markerPos = 3.506510416666667
29.8562 	EXP 	slider_2: markerPos = 3.506510416666667
29.8732 	EXP 	slider_2: markerPos = 3.506510416666667
29.8896 	EXP 	slider_2: markerPos = 3.506510416666667
29.9061 	EXP 	slider_2: markerPos = 3.506510416666667
29.9230 	EXP 	slider_2: markerPos = 3.506510416666667
29.9394 	EXP 	slider_2: markerPos = 3.506510416666667
29.9562 	EXP 	slider_2: markerPos = 3.506510416666667
29.9728 	EXP 	slider_2: markerPos = 3.506510416666667
29.9896 	EXP 	slider_2: markerPos = 3.506510416666667
30.0060 	EXP 	slider_2: markerPos = 3.506510416666667
30.0229 	EXP 	slider_2: markerPos = 3.506510416666667
30.0393 	EXP 	slider_2: markerPos = 3.506510416666667
30.0560 	EXP 	slider_2: markerPos = 3.506510416666667
30.0728 	EXP 	slider_2: markerPos = 3.506510416666667
30.0746 	DATA 	Mouse:  Left button up, pos=(684,152)
30.0896 	EXP 	slider_2: markerPos = 3.506510416666667
30.0896 	EXP 	slider_2: rating = 3.506510416666667
30.0933 	EXP 	New trial (rep=0, index=17): OrderedDict([('Imagenes', 'imagenes\\Galletas Tosh.jpg'), ('Random', 0.478088790487872), ('Correcto', None)])
30.1288 	EXP 	image_2: autoDraw = False
30.1288 	EXP 	slider_2: autoDraw = False
30.1288 	EXP 	image_2: image = 'imagenes\\Galletas Tosh.jpg'
30.1288 	EXP 	slider_2: markerPos = None
30.1288 	EXP 	slider_2: markerPos = None
30.1288 	EXP 	slider_2: rating = None
30.1288 	EXP 	image_2: autoDraw = True
30.1288 	EXP 	slider_2: autoDraw = True
30.4071 	DATA 	Mouse: Left button down, pos=(684,152)
30.4232 	EXP 	slider_2: markerPos = 3.506510416666667
30.4393 	EXP 	slider_2: markerPos = 3.506510416666667
30.4561 	EXP 	slider_2: markerPos = 3.506510416666667
30.4727 	EXP 	slider_2: markerPos = 3.506510416666667
30.4894 	EXP 	slider_2: markerPos = 3.506510416666667
30.5060 	EXP 	slider_2: markerPos = 3.506510416666667
30.5227 	EXP 	slider_2: markerPos = 3.506510416666667
30.5396 	EXP 	slider_2: markerPos = 3.506510416666667
30.5561 	EXP 	slider_2: markerPos = 3.506510416666667
30.5729 	EXP 	slider_2: markerPos = 3.506510416666667
30.5896 	EXP 	slider_2: markerPos = 3.506510416666667
30.6062 	EXP 	slider_2: markerPos = 3.506510416666667
30.6226 	EXP 	slider_2: markerPos = 3.506510416666667
30.6394 	EXP 	slider_2: markerPos = 3.506510416666667
30.6563 	EXP 	slider_2: markerPos = 3.506510416666667
30.6731 	EXP 	slider_2: markerPos = 3.506510416666667
30.6893 	EXP 	slider_2: markerPos = 3.506510416666667
30.7062 	EXP 	slider_2: markerPos = 3.506510416666667
30.7229 	EXP 	slider_2: markerPos = 3.506510416666667
30.7248 	DATA 	Mouse:  Left button up, pos=(684,152)
30.7394 	EXP 	slider_2: markerPos = 3.506510416666667
30.7394 	EXP 	slider_2: rating = 3.506510416666667
30.7425 	EXP 	New trial (rep=0, index=18): OrderedDict([('Imagenes', 'imagenes\\Banano.jpeg'), ('Random', 0.651633055306917), ('Correcto', None)])
30.7578 	EXP 	image_2: autoDraw = False
30.7578 	EXP 	slider_2: autoDraw = False
30.7578 	EXP 	image_2: image = 'imagenes\\Banano.jpeg'
30.7578 	EXP 	slider_2: markerPos = None
30.7578 	EXP 	slider_2: markerPos = None
30.7578 	EXP 	slider_2: rating = None
30.7578 	EXP 	image_2: autoDraw = True
30.7578 	EXP 	slider_2: autoDraw = True
31.0250 	DATA 	Mouse: Left button down, pos=(684,152)
31.0396 	EXP 	slider_2: markerPos = 3.506510416666667
31.0561 	EXP 	slider_2: markerPos = 3.506510416666667
31.0727 	EXP 	slider_2: markerPos = 3.506510416666667
31.0892 	EXP 	slider_2: markerPos = 3.506510416666667
31.1052 	EXP 	slider_2: markerPos = 3.506510416666667
31.1230 	EXP 	slider_2: markerPos = 3.506510416666667
31.1393 	EXP 	slider_2: markerPos = 3.506510416666667
31.1560 	EXP 	slider_2: markerPos = 3.506510416666667
31.1729 	EXP 	slider_2: markerPos = 3.506510416666667
31.1899 	EXP 	slider_2: markerPos = 3.506510416666667
31.2066 	EXP 	slider_2: markerPos = 3.506510416666667
31.2230 	EXP 	slider_2: markerPos = 3.506510416666667
31.2394 	EXP 	slider_2: markerPos = 3.506510416666667
31.2560 	EXP 	slider_2: markerPos = 3.506510416666667
31.2726 	EXP 	slider_2: markerPos = 3.506510416666667
31.2894 	EXP 	slider_2: markerPos = 3.506510416666667
31.3059 	EXP 	slider_2: markerPos = 3.506510416666667
31.3228 	EXP 	slider_2: markerPos = 3.506510416666667
31.3394 	EXP 	slider_2: markerPos = 3.506510416666667
31.3560 	EXP 	slider_2: markerPos = 3.506510416666667
31.3580 	DATA 	Mouse:  Left button up, pos=(684,152)
31.3725 	EXP 	slider_2: markerPos = 3.506510416666667
31.3725 	EXP 	slider_2: rating = 3.506510416666667
31.3762 	EXP 	New trial (rep=0, index=19): OrderedDict([('Imagenes', 'imagenes\\Papas-limon.jpg'), ('Random', 0.020692288100133793), ('Correcto', None)])
31.3912 	EXP 	image_2: autoDraw = False
31.3912 	EXP 	slider_2: autoDraw = False
31.3912 	EXP 	image_2: image = 'imagenes\\Papas-limon.jpg'
31.3912 	EXP 	slider_2: markerPos = None
31.3912 	EXP 	slider_2: markerPos = None
31.3912 	EXP 	slider_2: rating = None
31.3912 	EXP 	image_2: autoDraw = True
31.3912 	EXP 	slider_2: autoDraw = True
31.6578 	DATA 	Mouse: Left button down, pos=(684,152)
31.6726 	EXP 	slider_2: markerPos = 3.506510416666667
31.6897 	EXP 	slider_2: markerPos = 3.506510416666667
31.7059 	EXP 	slider_2: markerPos = 3.506510416666667
31.7227 	EXP 	slider_2: markerPos = 3.506510416666667
31.7392 	EXP 	slider_2: markerPos = 3.506510416666667
31.7558 	EXP 	slider_2: markerPos = 3.506510416666667
31.7727 	EXP 	slider_2: markerPos = 3.506510416666667
31.7893 	EXP 	slider_2: markerPos = 3.506510416666667
31.8059 	EXP 	slider_2: markerPos = 3.506510416666667
31.8230 	EXP 	slider_2: markerPos = 3.506510416666667
31.8395 	EXP 	slider_2: markerPos = 3.506510416666667
31.8563 	EXP 	slider_2: markerPos = 3.506510416666667
31.8724 	EXP 	slider_2: markerPos = 3.506510416666667
31.8891 	EXP 	slider_2: markerPos = 3.506510416666667
31.9057 	EXP 	slider_2: markerPos = 3.506510416666667
31.9225 	EXP 	slider_2: markerPos = 3.506510416666667
31.9391 	EXP 	slider_2: markerPos = 3.506510416666667
31.9557 	EXP 	slider_2: markerPos = 3.506510416666667
31.9723 	EXP 	slider_2: markerPos = 3.506510416666667
31.9747 	DATA 	Mouse:  Left button up, pos=(684,152)
31.9894 	EXP 	slider_2: markerPos = 3.506510416666667
31.9894 	EXP 	slider_2: rating = 3.506510416666667
32.0055 	EXP 	image_2: autoDraw = False
32.0055 	EXP 	slider_2: autoDraw = False
32.1948 	EXP 	window1: mouseVisible = True
