1.4907 	WARNING 	We strongly recommend you activate the PTB sound engine in PsychoPy prefs as the preferred audio engine. Its timing is vastly superior. Your prefs are currently set to use ['sounddevice', 'PTB', 'pyo', 'pygame'] (in that order).
9.2511 	WARNING 	User requested fullscreen with size [1024  768], but screen is actually [1366, 768]. Using actual size
10.9915 	EXP 	Created window1 = Window(allowGUI=False, allowStencil=False, args=UNKNOWN, autoLog=True, bitsMode=UNKNOWN, blendMode='avg', bpc=(8, 8, 8), color=array([0., 0., 0.]), colorSpace='rgb', depthBits=8, fullscr=<method-wrapper '__getattribute__' of attributeSetter object at 0x000001D4D40DE588>, gamma=None, gammaErrorPolicy='raise', kwargs=UNKNOWN, lms=UNKNOWN, monitor=<psychopy.monitors.calibTools.Monitor object at 0x000001D4D3FFA5F8>, multiSample=False, name='window1', numSamples=2, pos=[0.0, 0.0], screen=0, size=array([1366,  768]), stencilBits=0, stereo=False, units='height', useFBO=True, useRetina=False, viewOri=0.0, viewPos=None, viewScale=None, waitBlanking=True, winType='pyglet')
10.9922 	EXP 	window1: mouseVisible = True
10.9924 	EXP 	window1: recordFrameIntervals = False
11.1566 	EXP 	window1: recordFrameIntervals = True
11.3402 	EXP 	window1: recordFrameIntervals = False
11.9455 	EXP 	Sound Sonido set volume 1.000
11.9596 	EXP 	Created image_2 = ImageStim(__class__=<class 'psychopy.visual.image.ImageStim'>, autoLog=True, color=array([1., 1., 1.]), colorSpace='rgb', contrast=1.0, depth=-1.0, flipHoriz=False, flipVert=False, image='sin', interpolate=True, mask=None, maskParams=None, name='image_2', opacity=1.0, ori=0.0, pos=array([0. , 0.2]), size=array([0.5, 0.5]), texRes=128, units='height', win=Window(...))
11.9805 	EXP 	window1: mouseVisible = True
12.0703 	EXP 	Created slider_2 = Slider(__class__=<class 'psychopy.visual.slider.Slider'>, autoDraw=False, autoLog=True, color='LightGray', depth=0, flip=False, font='HelveticaBold', granularity=0, labelHeight=0.05, labelWrapWidth=None, labels=('0', '1000', '2000', '3000', '4000', '5000'), name='slider_2', pos=(0, -0.3), readOnly=False, self=UNKNOWN, size=(1.0, 0.05), style=method-wrapper(...), ticks=array([1, 2, 3, 4, 5, 6]), units='height', win=Window(...))
12.1375 	EXP 	Created text = TextStim(__class__=<class 'psychopy.visual.text.TextStim'>, alignHoriz=method-wrapper(...), alignText='center', alignVert=method-wrapper(...), anchorHoriz='center', anchorVert='center', antialias=True, autoLog=True, bold=False, color='white', colorSpace='named', contrast=1.0, depth=-1.0, flipHoriz=False, flipVert=False, font='Arial', fontFiles=[], height=0.1, italic=False, languageStyle='LTR', name='text', opacity=1.0, ori=0, pos=array([0., 0.]), rgb=array([255., 255., 255.]), text='default text', units='height', win=Window(...), wrapWidth=1)
12.2440 	EXP 	Imported ruidos.xlsx as conditions, 4 conditions, 2 params
12.2447 	EXP 	Created sequence: random, trialTypes=4, nReps=1, seed=None
12.2453 	EXP 	New trial (rep=0, index=0): OrderedDict([('Hertz', 1000), ('volumen', 0.0)])
12.2595 	EXP 	Imported imagenes.xlsx as conditions, 20 conditions, 3 params
12.2601 	EXP 	Created sequence: random, trialTypes=20, nReps=1, seed=None
12.2607 	EXP 	New trial (rep=0, index=0): OrderedDict([('Imagenes', 'imagenes\\Papas-naturales.jpg'), ('Random', 0.15856838916280946), ('Correcto', None)])
12.3325 	EXP 	slider_2: autoLog = True
12.3325 	EXP 	slider_2: markerPos = None
12.3325 	EXP 	slider_2: rating = None
12.3325 	EXP 	slider_2: markerPos = None
12.3325 	EXP 	slider_2: contrast = 1.0
12.3325 	EXP 	slider_2: autoLog = True
12.3325 	EXP 	slider_2: style = ['rating']
12.3325 	EXP 	image_2: image = 'imagenes\\Papas-naturales.jpg'
12.3325 	EXP 	slider_2: markerPos = None
12.3325 	EXP 	slider_2: markerPos = None
12.3325 	EXP 	slider_2: rating = None
12.3325 	EXP 	image_2: autoDraw = True
12.3325 	EXP 	slider_2: autoDraw = True
13.1787 	EXP 	New trial (rep=0, index=1): OrderedDict([('Imagenes', 'imagenes\\Rosquitas (1).jpg'), ('Random', 0.3035383390851263), ('Correcto', None)])
13.2686 	EXP 	image_2: autoDraw = False
13.2686 	EXP 	slider_2: autoDraw = False
13.2686 	EXP 	image_2: image = 'imagenes\\Rosquitas (1).jpg'
13.2686 	EXP 	slider_2: markerPos = None
13.2686 	EXP 	slider_2: markerPos = None
13.2686 	EXP 	slider_2: rating = None
13.2686 	EXP 	image_2: autoDraw = True
13.2686 	EXP 	slider_2: autoDraw = True
14.1768 	EXP 	New trial (rep=0, index=2): OrderedDict([('Imagenes', 'imagenes\\Manzana.jpg'), ('Random', 0.5168162194437935), ('Correcto', None)])
14.2794 	EXP 	image_2: autoDraw = False
14.2794 	EXP 	slider_2: autoDraw = False
14.2794 	EXP 	image_2: image = 'imagenes\\Manzana.jpg'
14.2794 	EXP 	slider_2: markerPos = None
14.2794 	EXP 	slider_2: markerPos = None
14.2794 	EXP 	slider_2: rating = None
14.2794 	EXP 	image_2: autoDraw = True
14.2794 	EXP 	slider_2: autoDraw = True
14.3031 	DATA 	Mouse: Left button down, pos=(676,160)
14.3224 	EXP 	slider_2: markerPos = 3.4544270833333335
14.3391 	EXP 	slider_2: markerPos = 3.4544270833333335
14.3559 	EXP 	slider_2: markerPos = 3.4544270833333335
14.3725 	EXP 	slider_2: markerPos = 3.4544270833333335
14.3890 	EXP 	slider_2: markerPos = 3.4544270833333335
14.4056 	EXP 	slider_2: markerPos = 3.4544270833333335
14.4223 	EXP 	slider_2: markerPos = 3.4544270833333335
14.4390 	EXP 	slider_2: markerPos = 3.4544270833333335
14.4412 	DATA 	Mouse:  Left button up, pos=(676,160)
14.4560 	EXP 	slider_2: markerPos = 3.4544270833333335
14.4560 	EXP 	slider_2: rating = 3.4544270833333335
14.4603 	EXP 	New trial (rep=0, index=3): OrderedDict([('Imagenes', 'imagenes\\Chocoramo.jfif.jpg'), ('Random', 0.7789437122019539), ('Correcto', None)])
14.5806 	DATA 	Mouse: Left button down, pos=(676,160)
14.5932 	EXP 	image_2: autoDraw = False
14.5932 	EXP 	slider_2: autoDraw = False
14.5932 	EXP 	image_2: image = 'imagenes\\Chocoramo.jfif.jpg'
14.5932 	EXP 	slider_2: markerPos = None
14.5932 	EXP 	slider_2: markerPos = None
14.5932 	EXP 	slider_2: rating = None
14.5932 	EXP 	image_2: autoDraw = True
14.5932 	EXP 	slider_2: autoDraw = True
14.5932 	EXP 	slider_2: markerPos = 3.4544270833333335
14.6056 	EXP 	slider_2: markerPos = 3.4544270833333335
14.6178 	EXP 	slider_2: markerPos = 3.4544270833333335
14.6312 	EXP 	slider_2: markerPos = 3.4544270833333335
14.6438 	EXP 	slider_2: markerPos = 3.4544270833333335
14.6569 	EXP 	slider_2: markerPos = 3.4544270833333335
14.6725 	EXP 	slider_2: markerPos = 3.4544270833333335
14.6891 	EXP 	slider_2: markerPos = 3.4544270833333335
14.6964 	DATA 	Mouse:  Left button up, pos=(676,160)
14.7058 	EXP 	slider_2: markerPos = 3.4544270833333335
14.7222 	EXP 	slider_2: markerPos = 3.4544270833333335
14.7222 	EXP 	slider_2: rating = 3.4544270833333335
14.7257 	EXP 	New trial (rep=0, index=4): OrderedDict([('Imagenes', 'imagenes\\Croissant.jpg'), ('Random', 0.6152458173421255), ('Correcto', None)])
14.7518 	EXP 	image_2: autoDraw = False
14.7518 	EXP 	slider_2: autoDraw = False
14.7518 	EXP 	image_2: image = 'imagenes\\Croissant.jpg'
14.7518 	EXP 	slider_2: markerPos = None
14.7518 	EXP 	slider_2: markerPos = None
14.7518 	EXP 	slider_2: rating = None
14.7518 	EXP 	image_2: autoDraw = True
14.7518 	EXP 	slider_2: autoDraw = True
14.8100 	DATA 	Mouse: Left button down, pos=(676,160)
14.8226 	EXP 	slider_2: markerPos = 3.4544270833333335
14.8393 	EXP 	slider_2: markerPos = 3.4544270833333335
14.8564 	EXP 	slider_2: markerPos = 3.4544270833333335
14.8675 	DATA 	Mouse:  Left button up, pos=(676,160)
14.8726 	EXP 	slider_2: markerPos = 3.4544270833333335
14.8892 	EXP 	slider_2: markerPos = 3.4544270833333335
14.8892 	EXP 	slider_2: rating = 3.4544270833333335
14.8951 	EXP 	New trial (rep=0, index=5): OrderedDict([('Imagenes', 'imagenes\\Uvas.jpg'), ('Random', 0.7734382152670648), ('Correcto', None)])
14.9573 	DATA 	Mouse: Left button down, pos=(676,160)
14.9639 	EXP 	image_2: autoDraw = False
14.9639 	EXP 	slider_2: autoDraw = False
14.9639 	EXP 	image_2: image = 'imagenes\\Uvas.jpg'
14.9639 	EXP 	slider_2: markerPos = None
14.9639 	EXP 	slider_2: markerPos = None
14.9639 	EXP 	slider_2: rating = None
14.9639 	EXP 	image_2: autoDraw = True
14.9639 	EXP 	slider_2: autoDraw = True
14.9639 	EXP 	slider_2: markerPos = 3.4544270833333335
14.9723 	EXP 	slider_2: markerPos = 3.4544270833333335
14.9814 	EXP 	slider_2: markerPos = 3.4544270833333335
14.9904 	EXP 	slider_2: markerPos = 3.4544270833333335
15.0056 	EXP 	slider_2: markerPos = 3.4544270833333335
15.0128 	DATA 	Mouse:  Left button up, pos=(676,160)
15.0225 	EXP 	slider_2: markerPos = 3.4544270833333335
15.0390 	EXP 	slider_2: markerPos = 3.4544270833333335
15.0390 	EXP 	slider_2: rating = 3.4544270833333335
15.0435 	EXP 	New trial (rep=0, index=6): OrderedDict([('Imagenes', 'imagenes\\Brownie.jpg'), ('Random', 0.17000143351927688), ('Correcto', None)])
15.1271 	DATA 	Mouse: Left button down, pos=(676,160)
15.1333 	EXP 	image_2: autoDraw = False
15.1333 	EXP 	slider_2: autoDraw = False
15.1333 	EXP 	image_2: image = 'imagenes\\Brownie.jpg'
15.1333 	EXP 	slider_2: markerPos = None
15.1333 	EXP 	slider_2: markerPos = None
15.1333 	EXP 	slider_2: rating = None
15.1333 	EXP 	image_2: autoDraw = True
15.1333 	EXP 	slider_2: autoDraw = True
15.1333 	EXP 	slider_2: markerPos = 3.4544270833333335
15.1410 	EXP 	slider_2: markerPos = 3.4544270833333335
15.1482 	EXP 	slider_2: markerPos = 3.4544270833333335
15.1576 	EXP 	slider_2: markerPos = 3.4544270833333335
15.1724 	EXP 	slider_2: markerPos = 3.4544270833333335
15.1808 	DATA 	Mouse:  Left button up, pos=(676,160)
15.1892 	EXP 	slider_2: markerPos = 3.4544270833333335
15.2063 	EXP 	slider_2: markerPos = 3.4544270833333335
15.2063 	EXP 	slider_2: rating = 3.4544270833333335
15.2118 	EXP 	New trial (rep=0, index=7): OrderedDict([('Imagenes', 'imagenes\\Alpinito.jpg'), ('Random', 0.4515332417045813), ('Correcto', None)])
15.3422 	DATA 	Mouse: Left button down, pos=(676,160)
15.3423 	DATA 	Mouse:  Left button up, pos=(676,160)
15.3465 	EXP 	image_2: autoDraw = False
15.3465 	EXP 	slider_2: autoDraw = False
15.3465 	EXP 	image_2: image = 'imagenes\\Alpinito.jpg'
15.3465 	EXP 	slider_2: markerPos = None
15.3465 	EXP 	slider_2: markerPos = None
15.3465 	EXP 	slider_2: rating = None
15.3465 	EXP 	image_2: autoDraw = True
15.3465 	EXP 	slider_2: autoDraw = True
15.5742 	DATA 	Mouse: Left button down, pos=(676,160)
15.5956 	EXP 	slider_2: markerPos = 3.4544270833333335
15.6087 	EXP 	slider_2: markerPos = 3.4544270833333335
15.6226 	EXP 	slider_2: markerPos = 3.4544270833333335
15.6394 	EXP 	slider_2: markerPos = 3.4544270833333335
15.6559 	EXP 	slider_2: markerPos = 3.4544270833333335
15.6729 	EXP 	slider_2: markerPos = 3.4544270833333335
15.6893 	EXP 	slider_2: markerPos = 3.4544270833333335
15.7058 	EXP 	slider_2: markerPos = 3.4544270833333335
15.7227 	EXP 	slider_2: markerPos = 3.4544270833333335
15.7393 	EXP 	slider_2: markerPos = 3.4544270833333335
15.7506 	DATA 	Mouse:  Left button up, pos=(676,160)
15.7562 	EXP 	slider_2: markerPos = 3.4544270833333335
15.7728 	EXP 	slider_2: markerPos = 3.4544270833333335
15.7728 	EXP 	slider_2: rating = 3.4544270833333335
15.7789 	EXP 	New trial (rep=0, index=8): OrderedDict([('Imagenes', 'imagenes\\Kiwi.jpg'), ('Random', 0.5893907384852061), ('Correcto', None)])
15.8230 	EXP 	image_2: autoDraw = False
15.8230 	EXP 	slider_2: autoDraw = False
15.8230 	EXP 	image_2: image = 'imagenes\\Kiwi.jpg'
15.8230 	EXP 	slider_2: markerPos = None
15.8230 	EXP 	slider_2: markerPos = None
15.8230 	EXP 	slider_2: rating = None
15.8230 	EXP 	image_2: autoDraw = True
15.8230 	EXP 	slider_2: autoDraw = True
16.0327 	DATA 	Mouse: Left button down, pos=(676,160)
16.0563 	EXP 	slider_2: markerPos = 3.4544270833333335
16.0726 	EXP 	slider_2: markerPos = 3.4544270833333335
16.0891 	EXP 	slider_2: markerPos = 3.4544270833333335
16.1061 	EXP 	slider_2: markerPos = 3.4544270833333335
16.1226 	EXP 	slider_2: markerPos = 3.4544270833333335
16.1391 	EXP 	slider_2: markerPos = 3.4544270833333335
16.1417 	DATA 	Mouse:  Left button up, pos=(676,160)
16.1563 	EXP 	slider_2: markerPos = 3.4544270833333335
16.1563 	EXP 	slider_2: rating = 3.4544270833333335
16.1624 	EXP 	New trial (rep=0, index=9): OrderedDict([('Imagenes', 'imagenes\\Galletas-festival.jpg'), ('Random', 0.36121121246191135), ('Correcto', None)])
16.2365 	DATA 	Mouse: Left button down, pos=(676,160)
16.2414 	EXP 	image_2: autoDraw = False
16.2414 	EXP 	slider_2: autoDraw = False
16.2414 	EXP 	image_2: image = 'imagenes\\Galletas-festival.jpg'
16.2414 	EXP 	slider_2: markerPos = None
16.2414 	EXP 	slider_2: markerPos = None
16.2414 	EXP 	slider_2: rating = None
16.2414 	EXP 	image_2: autoDraw = True
16.2414 	EXP 	slider_2: autoDraw = True
16.2414 	EXP 	slider_2: markerPos = 3.4544270833333335
16.2486 	EXP 	slider_2: markerPos = 3.4544270833333335
16.2556 	EXP 	slider_2: markerPos = 3.4544270833333335
16.2722 	EXP 	slider_2: markerPos = 3.4544270833333335
16.2890 	EXP 	slider_2: markerPos = 3.4544270833333335
16.3060 	EXP 	slider_2: markerPos = 3.4544270833333335
16.3226 	EXP 	slider_2: markerPos = 3.4544270833333335
16.3260 	DATA 	Mouse:  Left button up, pos=(676,160)
16.3391 	EXP 	slider_2: markerPos = 3.4544270833333335
16.3391 	EXP 	slider_2: rating = 3.4544270833333335
16.3449 	EXP 	New trial (rep=0, index=10): OrderedDict([('Imagenes', 'imagenes\\Nutella (1).jpg'), ('Random', 0.5277483225747329), ('Correcto', None)])
16.4007 	EXP 	image_2: autoDraw = False
16.4007 	EXP 	slider_2: autoDraw = False
16.4007 	EXP 	image_2: image = 'imagenes\\Nutella (1).jpg'
16.4007 	EXP 	slider_2: markerPos = None
16.4007 	EXP 	slider_2: markerPos = None
16.4007 	EXP 	slider_2: rating = None
16.4007 	EXP 	image_2: autoDraw = True
16.4007 	EXP 	slider_2: autoDraw = True
16.5752 	DATA 	Mouse: Left button down, pos=(676,160)
16.5893 	EXP 	slider_2: markerPos = 3.4544270833333335
16.6061 	EXP 	slider_2: markerPos = 3.4544270833333335
16.6225 	EXP 	slider_2: markerPos = 3.4544270833333335
16.6393 	EXP 	slider_2: markerPos = 3.4544270833333335
16.6559 	EXP 	slider_2: markerPos = 3.4544270833333335
16.6686 	DATA 	Mouse:  Left button up, pos=(676,160)
16.6725 	EXP 	slider_2: markerPos = 3.4544270833333335
16.6891 	EXP 	slider_2: markerPos = 3.4544270833333335
16.6891 	EXP 	slider_2: rating = 3.4544270833333335
16.6958 	EXP 	New trial (rep=0, index=11): OrderedDict([('Imagenes', 'imagenes\\Yogurt-alpina.jpg'), ('Random', 0.21540995091807813), ('Correcto', None)])
16.7752 	DATA 	Mouse: Left button down, pos=(676,160)
16.7828 	EXP 	image_2: autoDraw = False
16.7828 	EXP 	slider_2: autoDraw = False
16.7828 	EXP 	image_2: image = 'imagenes\\Yogurt-alpina.jpg'
16.7828 	EXP 	slider_2: markerPos = None
16.7828 	EXP 	slider_2: markerPos = None
16.7828 	EXP 	slider_2: rating = None
16.7828 	EXP 	image_2: autoDraw = True
16.7828 	EXP 	slider_2: autoDraw = True
16.7828 	EXP 	slider_2: markerPos = 3.4544270833333335
16.7913 	EXP 	slider_2: markerPos = 3.4544270833333335
16.7990 	EXP 	slider_2: markerPos = 3.4544270833333335
16.8102 	EXP 	slider_2: markerPos = 3.4544270833333335
16.8223 	EXP 	slider_2: markerPos = 3.4544270833333335
16.8332 	DATA 	Mouse:  Left button up, pos=(676,160)
16.8394 	EXP 	slider_2: markerPos = 3.4544270833333335
16.8557 	EXP 	slider_2: markerPos = 3.4544270833333335
16.8557 	EXP 	slider_2: rating = 3.4544270833333335
16.8613 	EXP 	New trial (rep=0, index=12): OrderedDict([('Imagenes', 'imagenes\\Banano.jpeg'), ('Random', 0.651633055306917), ('Correcto', None)])
16.9231 	DATA 	Mouse: Left button down, pos=(676,160)
16.9355 	EXP 	image_2: autoDraw = False
16.9355 	EXP 	slider_2: autoDraw = False
16.9355 	EXP 	image_2: image = 'imagenes\\Banano.jpeg'
16.9355 	EXP 	slider_2: markerPos = None
16.9355 	EXP 	slider_2: markerPos = None
16.9355 	EXP 	slider_2: rating = None
16.9355 	EXP 	image_2: autoDraw = True
16.9355 	EXP 	slider_2: autoDraw = True
16.9355 	EXP 	slider_2: markerPos = 3.4544270833333335
16.9487 	EXP 	slider_2: markerPos = 3.4544270833333335
16.9615 	EXP 	slider_2: markerPos = 3.4544270833333335
16.9751 	EXP 	slider_2: markerPos = 3.4544270833333335
16.9851 	DATA 	Mouse:  Left button up, pos=(676,160)
16.9878 	EXP 	slider_2: markerPos = 3.4544270833333335
17.0016 	EXP 	slider_2: markerPos = 3.4544270833333335
17.0016 	EXP 	slider_2: rating = 3.4544270833333335
17.0077 	EXP 	New trial (rep=0, index=13): OrderedDict([('Imagenes', 'imagenes\\Papas-limon.jpg'), ('Random', 0.020692288100133793), ('Correcto', None)])
17.0445 	EXP 	image_2: autoDraw = False
17.0445 	EXP 	slider_2: autoDraw = False
17.0445 	EXP 	image_2: image = 'imagenes\\Papas-limon.jpg'
17.0445 	EXP 	slider_2: markerPos = None
17.0445 	EXP 	slider_2: markerPos = None
17.0445 	EXP 	slider_2: rating = None
17.0445 	EXP 	image_2: autoDraw = True
17.0445 	EXP 	slider_2: autoDraw = True
17.0783 	DATA 	Mouse: Left button down, pos=(676,160)
17.0944 	EXP 	slider_2: markerPos = 3.4544270833333335
17.1091 	EXP 	slider_2: markerPos = 3.4544270833333335
17.1223 	EXP 	slider_2: markerPos = 3.4544270833333335
17.1391 	EXP 	slider_2: markerPos = 3.4544270833333335
17.1424 	DATA 	Mouse:  Left button up, pos=(676,160)
17.1558 	EXP 	slider_2: markerPos = 3.4544270833333335
17.1558 	EXP 	slider_2: rating = 3.4544270833333335
17.1621 	EXP 	New trial (rep=0, index=14): OrderedDict([('Imagenes', 'imagenes\\Galletas Tosh.jpg'), ('Random', 0.478088790487872), ('Correcto', None)])
17.2367 	DATA 	Mouse: Left button down, pos=(676,160)
17.2426 	EXP 	image_2: autoDraw = False
17.2426 	EXP 	slider_2: autoDraw = False
17.2426 	EXP 	image_2: image = 'imagenes\\Galletas Tosh.jpg'
17.2426 	EXP 	slider_2: markerPos = None
17.2426 	EXP 	slider_2: markerPos = None
17.2426 	EXP 	slider_2: rating = None
17.2426 	EXP 	image_2: autoDraw = True
17.2426 	EXP 	slider_2: autoDraw = True
17.2426 	EXP 	slider_2: markerPos = 3.4544270833333335
17.2484 	EXP 	slider_2: markerPos = 3.4544270833333335
17.2556 	EXP 	slider_2: markerPos = 3.4544270833333335
17.2722 	EXP 	slider_2: markerPos = 3.4544270833333335
17.2889 	EXP 	slider_2: markerPos = 3.4544270833333335
17.3059 	EXP 	slider_2: markerPos = 3.4544270833333335
17.3077 	DATA 	Mouse:  Left button up, pos=(676,160)
17.3226 	EXP 	slider_2: markerPos = 3.4544270833333335
17.3226 	EXP 	slider_2: rating = 3.4544270833333335
17.3285 	EXP 	New trial (rep=0, index=15): OrderedDict([('Imagenes', 'imagenes\\Papas-pollo.jpg'), ('Random', 0.6683114062971784), ('Correcto', None)])
17.3694 	EXP 	image_2: autoDraw = False
17.3694 	EXP 	slider_2: autoDraw = False
17.3694 	EXP 	image_2: image = 'imagenes\\Papas-pollo.jpg'
17.3694 	EXP 	slider_2: markerPos = None
17.3694 	EXP 	slider_2: markerPos = None
17.3694 	EXP 	slider_2: rating = None
17.3694 	EXP 	image_2: autoDraw = True
17.3694 	EXP 	slider_2: autoDraw = True
17.3952 	DATA 	Mouse: Left button down, pos=(676,160)
17.4071 	EXP 	slider_2: markerPos = 3.4544270833333335
17.4218 	EXP 	slider_2: markerPos = 3.4544270833333335
17.4343 	EXP 	slider_2: markerPos = 3.4544270833333335
17.4439 	EXP 	slider_2: markerPos = 3.4544270833333335
17.4556 	EXP 	slider_2: markerPos = 3.4544270833333335
17.4721 	EXP 	slider_2: markerPos = 3.4544270833333335
17.4742 	DATA 	Mouse:  Left button up, pos=(676,160)
17.4888 	EXP 	slider_2: markerPos = 3.4544270833333335
17.4888 	EXP 	slider_2: rating = 3.4544270833333335
17.4928 	EXP 	New trial (rep=0, index=16): OrderedDict([('Imagenes', 'imagenes\\Mango.jpeg'), ('Random', 0.555669112372461), ('Correcto', None)])
17.5610 	DATA 	Mouse: Left button down, pos=(676,160)
17.5663 	EXP 	image_2: autoDraw = False
17.5663 	EXP 	slider_2: autoDraw = False
17.5663 	EXP 	image_2: image = 'imagenes\\Mango.jpeg'
17.5663 	EXP 	slider_2: markerPos = None
17.5663 	EXP 	slider_2: markerPos = None
17.5663 	EXP 	slider_2: rating = None
17.5663 	EXP 	image_2: autoDraw = True
17.5663 	EXP 	slider_2: autoDraw = True
17.5663 	EXP 	slider_2: markerPos = 3.4544270833333335
17.5725 	EXP 	slider_2: markerPos = 3.4544270833333335
17.5796 	EXP 	slider_2: markerPos = 3.4544270833333335
17.5888 	EXP 	slider_2: markerPos = 3.4544270833333335
17.6055 	EXP 	slider_2: markerPos = 3.4544270833333335
17.6224 	EXP 	slider_2: markerPos = 3.4544270833333335
17.6320 	DATA 	Mouse:  Left button up, pos=(676,160)
17.6389 	EXP 	slider_2: markerPos = 3.4544270833333335
17.6560 	EXP 	slider_2: markerPos = 3.4544270833333335
17.6560 	EXP 	slider_2: rating = 3.4544270833333335
17.6615 	EXP 	New trial (rep=0, index=17): OrderedDict([('Imagenes', 'imagenes\\Leche-de-almendras.jpg'), ('Random', 0.36073876480313727), ('Correcto', None)])
17.8174 	DATA 	Mouse: Left button down, pos=(676,160)
17.8175 	DATA 	Mouse:  Left button up, pos=(676,160)
17.8228 	EXP 	image_2: autoDraw = False
17.8228 	EXP 	slider_2: autoDraw = False
17.8228 	EXP 	image_2: image = 'imagenes\\Leche-de-almendras.jpg'
17.8228 	EXP 	slider_2: markerPos = None
17.8228 	EXP 	slider_2: markerPos = None
17.8228 	EXP 	slider_2: rating = None
17.8228 	EXP 	image_2: autoDraw = True
17.8228 	EXP 	slider_2: autoDraw = True
17.8925 	DATA 	Mouse: Left button down, pos=(676,160)
17.9061 	EXP 	slider_2: markerPos = 3.4544270833333335
17.9233 	EXP 	slider_2: markerPos = 3.4544270833333335
17.9396 	EXP 	slider_2: markerPos = 3.4544270833333335
17.9507 	DATA 	Mouse:  Left button up, pos=(676,160)
17.9565 	EXP 	slider_2: markerPos = 3.4544270833333335
17.9730 	EXP 	slider_2: markerPos = 3.4544270833333335
17.9730 	EXP 	slider_2: rating = 3.4544270833333335
17.9792 	EXP 	New trial (rep=0, index=18): OrderedDict([('Imagenes', 'imagenes\\Popetas.jpg'), ('Random', 0.07650200324054446), ('Correcto', None)])
18.0764 	DATA 	Mouse: Left button down, pos=(676,160)
18.0835 	EXP 	image_2: autoDraw = False
18.0835 	EXP 	slider_2: autoDraw = False
18.0835 	EXP 	image_2: image = 'imagenes\\Popetas.jpg'
18.0835 	EXP 	slider_2: markerPos = None
18.0835 	EXP 	slider_2: markerPos = None
18.0835 	EXP 	slider_2: rating = None
18.0835 	EXP 	image_2: autoDraw = True
18.0835 	EXP 	slider_2: autoDraw = True
18.0835 	EXP 	slider_2: markerPos = 3.4544270833333335
18.0922 	EXP 	slider_2: markerPos = 3.4544270833333335
18.1010 	EXP 	slider_2: markerPos = 3.4544270833333335
18.1105 	EXP 	slider_2: markerPos = 3.4544270833333335
18.1131 	DATA 	Mouse:  Left button up, pos=(676,160)
18.1225 	EXP 	slider_2: markerPos = 3.4544270833333335
18.1225 	EXP 	slider_2: rating = 3.4544270833333335
18.1285 	EXP 	New trial (rep=0, index=19): OrderedDict([('Imagenes', 'imagenes\\bon-bon-bun.jpg'), ('Random', 0.7387922093313524), ('Correcto', None)])
18.1986 	EXP 	image_2: autoDraw = False
18.1986 	EXP 	slider_2: autoDraw = False
18.1986 	EXP 	image_2: image = 'imagenes\\bon-bon-bun.jpg'
18.1986 	EXP 	slider_2: markerPos = None
18.1986 	EXP 	slider_2: markerPos = None
18.1986 	EXP 	slider_2: rating = None
18.1986 	EXP 	image_2: autoDraw = True
18.1986 	EXP 	slider_2: autoDraw = True
18.3498 	DATA 	Mouse: Left button down, pos=(676,160)
18.3724 	EXP 	slider_2: markerPos = 3.4544270833333335
18.3891 	EXP 	slider_2: markerPos = 3.4544270833333335
18.4058 	EXP 	slider_2: markerPos = 3.4544270833333335
18.4228 	EXP 	slider_2: markerPos = 3.4544270833333335
18.4333 	DATA 	Mouse:  Left button up, pos=(676,160)
18.4390 	EXP 	slider_2: markerPos = 3.4544270833333335
18.4557 	EXP 	slider_2: markerPos = 3.4544270833333335
18.4557 	EXP 	slider_2: rating = 3.4544270833333335
18.4624 	EXP 	New trial (rep=0, index=1): OrderedDict([('Hertz', 1000), ('volumen', 0.02)])
18.4906 	EXP 	Imported imagenes.xlsx as conditions, 20 conditions, 3 params
18.4918 	EXP 	Created sequence: random, trialTypes=20, nReps=1, seed=None
18.4928 	EXP 	New trial (rep=0, index=0): OrderedDict([('Imagenes', 'imagenes\\Rosquitas (1).jpg'), ('Random', 0.3035383390851263), ('Correcto', None)])
18.5802 	DATA 	Mouse: Left button down, pos=(676,160)
18.5806 	DATA 	Mouse:  Left button up, pos=(676,160)
18.5902 	EXP 	image_2: autoDraw = False
18.5902 	EXP 	slider_2: autoDraw = False
18.5902 	EXP 	image_2: image = 'imagenes\\Rosquitas (1).jpg'
18.5902 	EXP 	slider_2: markerPos = None
18.5902 	EXP 	slider_2: markerPos = None
18.5902 	EXP 	slider_2: rating = None
18.5902 	EXP 	image_2: autoDraw = True
18.5902 	EXP 	slider_2: autoDraw = True
18.6755 	DATA 	Mouse: Left button down, pos=(676,160)
18.6890 	EXP 	slider_2: markerPos = 3.4544270833333335
18.7058 	EXP 	slider_2: markerPos = 3.4544270833333335
18.7226 	EXP 	slider_2: markerPos = 3.4544270833333335
18.7390 	EXP 	slider_2: markerPos = 3.4544270833333335
18.7416 	DATA 	Mouse:  Left button up, pos=(676,160)
18.7558 	EXP 	slider_2: markerPos = 3.4544270833333335
18.7558 	EXP 	slider_2: rating = 3.4544270833333335
18.7634 	EXP 	New trial (rep=0, index=1): OrderedDict([('Imagenes', 'imagenes\\Nutella (1).jpg'), ('Random', 0.5277483225747329), ('Correcto', None)])
18.8010 	EXP 	image_2: autoDraw = False
18.8010 	EXP 	slider_2: autoDraw = False
18.8010 	EXP 	image_2: image = 'imagenes\\Nutella (1).jpg'
18.8010 	EXP 	slider_2: markerPos = None
18.8010 	EXP 	slider_2: markerPos = None
18.8010 	EXP 	slider_2: rating = None
18.8010 	EXP 	image_2: autoDraw = True
18.8010 	EXP 	slider_2: autoDraw = True
18.8456 	DATA 	Mouse: Left button down, pos=(676,160)
18.8601 	EXP 	slider_2: markerPos = 3.4544270833333335
18.8723 	EXP 	slider_2: markerPos = 3.4544270833333335
18.8890 	EXP 	slider_2: markerPos = 3.4544270833333335
18.9061 	EXP 	slider_2: markerPos = 3.4544270833333335
18.9087 	DATA 	Mouse:  Left button up, pos=(676,160)
18.9225 	EXP 	slider_2: markerPos = 3.4544270833333335
18.9225 	EXP 	slider_2: rating = 3.4544270833333335
18.9286 	EXP 	New trial (rep=0, index=2): OrderedDict([('Imagenes', 'imagenes\\Alpinito.jpg'), ('Random', 0.4515332417045813), ('Correcto', None)])
19.0122 	DATA 	Mouse: Left button down, pos=(676,160)
19.0146 	EXP 	image_2: autoDraw = False
19.0146 	EXP 	slider_2: autoDraw = False
19.0146 	EXP 	image_2: image = 'imagenes\\Alpinito.jpg'
19.0146 	EXP 	slider_2: markerPos = None
19.0146 	EXP 	slider_2: markerPos = None
19.0146 	EXP 	slider_2: rating = None
19.0146 	EXP 	image_2: autoDraw = True
19.0146 	EXP 	slider_2: autoDraw = True
19.0234 	EXP 	slider_2: markerPos = 3.4544270833333335
19.0320 	EXP 	slider_2: markerPos = 3.4544270833333335
19.0404 	EXP 	slider_2: markerPos = 3.4544270833333335
19.0558 	EXP 	slider_2: markerPos = 3.4544270833333335
19.0725 	EXP 	slider_2: markerPos = 3.4544270833333335
19.0840 	DATA 	Mouse:  Left button up, pos=(676,160)
19.0891 	EXP 	slider_2: markerPos = 3.4544270833333335
19.1058 	EXP 	slider_2: markerPos = 3.4544270833333335
19.1058 	EXP 	slider_2: rating = 3.4544270833333335
19.1118 	EXP 	New trial (rep=0, index=3): OrderedDict([('Imagenes', 'imagenes\\Manzana.jpg'), ('Random', 0.5168162194437935), ('Correcto', None)])
19.1846 	DATA 	Mouse: Left button down, pos=(676,160)
19.1976 	EXP 	image_2: autoDraw = False
19.1976 	EXP 	slider_2: autoDraw = False
19.1976 	EXP 	image_2: image = 'imagenes\\Manzana.jpg'
19.1976 	EXP 	slider_2: markerPos = None
19.1976 	EXP 	slider_2: markerPos = None
19.1976 	EXP 	slider_2: rating = None
19.1976 	EXP 	image_2: autoDraw = True
19.1976 	EXP 	slider_2: autoDraw = True
19.1976 	EXP 	slider_2: markerPos = 3.4544270833333335
19.2101 	EXP 	slider_2: markerPos = 3.4544270833333335
19.2236 	EXP 	slider_2: markerPos = 3.4544270833333335
19.2368 	EXP 	slider_2: markerPos = 3.4544270833333335
19.2474 	DATA 	Mouse:  Left button up, pos=(676,160)
19.2496 	EXP 	slider_2: markerPos = 3.4544270833333335
19.2642 	EXP 	slider_2: markerPos = 3.4544270833333335
19.2642 	EXP 	slider_2: rating = 3.4544270833333335
19.2711 	EXP 	New trial (rep=0, index=4): OrderedDict([('Imagenes', 'imagenes\\Banano.jpeg'), ('Random', 0.651633055306917), ('Correcto', None)])
19.3187 	EXP 	image_2: autoDraw = False
19.3187 	EXP 	slider_2: autoDraw = False
19.3187 	EXP 	image_2: image = 'imagenes\\Banano.jpeg'
19.3187 	EXP 	slider_2: markerPos = None
19.3187 	EXP 	slider_2: markerPos = None
19.3187 	EXP 	slider_2: rating = None
19.3187 	EXP 	image_2: autoDraw = True
19.3187 	EXP 	slider_2: autoDraw = True
19.4916 	DATA 	Mouse: Left button down, pos=(676,160)
19.5061 	EXP 	slider_2: markerPos = 3.4544270833333335
19.5223 	EXP 	slider_2: markerPos = 3.4544270833333335
19.5390 	EXP 	slider_2: markerPos = 3.4544270833333335
19.5562 	EXP 	slider_2: markerPos = 3.4544270833333335
19.5723 	EXP 	slider_2: markerPos = 3.4544270833333335
19.5889 	EXP 	slider_2: markerPos = 3.4544270833333335
19.6058 	EXP 	slider_2: markerPos = 3.4544270833333335
19.6225 	EXP 	slider_2: markerPos = 3.4544270833333335
19.6389 	EXP 	slider_2: markerPos = 3.4544270833333335
19.6557 	EXP 	slider_2: markerPos = 3.4544270833333335
19.6723 	EXP 	slider_2: markerPos = 3.4544270833333335
19.6890 	EXP 	slider_2: markerPos = 3.4544270833333335
19.7057 	EXP 	slider_2: markerPos = 3.4544270833333335
19.7227 	EXP 	slider_2: markerPos = 3.4544270833333335
19.7393 	EXP 	slider_2: markerPos = 3.4544270833333335
19.7504 	DATA 	Mouse:  Left button up, pos=(676,160)
19.7558 	EXP 	slider_2: markerPos = 3.4544270833333335
19.7723 	EXP 	slider_2: markerPos = 3.4544270833333335
19.7723 	EXP 	slider_2: rating = 3.4544270833333335
19.7781 	EXP 	New trial (rep=0, index=5): OrderedDict([('Imagenes', 'imagenes\\Croissant.jpg'), ('Random', 0.6152458173421255), ('Correcto', None)])
19.8399 	EXP 	image_2: autoDraw = False
19.8399 	EXP 	slider_2: autoDraw = False
19.8399 	EXP 	image_2: image = 'imagenes\\Croissant.jpg'
19.8399 	EXP 	slider_2: markerPos = None
19.8399 	EXP 	slider_2: markerPos = None
19.8399 	EXP 	slider_2: rating = None
19.8399 	EXP 	image_2: autoDraw = True
19.8399 	EXP 	slider_2: autoDraw = True
19.8585 	DATA 	Mouse: Left button down, pos=(676,160)
19.8721 	EXP 	slider_2: markerPos = 3.4544270833333335
19.8888 	EXP 	slider_2: markerPos = 3.4544270833333335
19.9063 	EXP 	slider_2: markerPos = 3.4544270833333335
19.9224 	EXP 	slider_2: markerPos = 3.4544270833333335
19.9392 	EXP 	slider_2: markerPos = 3.4544270833333335
19.9558 	EXP 	slider_2: markerPos = 3.4544270833333335
19.9724 	EXP 	slider_2: markerPos = 3.4544270833333335
19.9890 	EXP 	slider_2: markerPos = 3.4544270833333335
19.9992 	DATA 	Mouse:  Left button up, pos=(676,160)
20.0058 	EXP 	slider_2: markerPos = 3.4544270833333335
20.0224 	EXP 	slider_2: markerPos = 3.4544270833333335
20.0224 	EXP 	slider_2: rating = 3.4544270833333335
20.0283 	EXP 	New trial (rep=0, index=6): OrderedDict([('Imagenes', 'imagenes\\Mango.jpeg'), ('Random', 0.555669112372461), ('Correcto', None)])
20.0815 	EXP 	image_2: autoDraw = False
20.0815 	EXP 	slider_2: autoDraw = False
20.0815 	EXP 	image_2: image = 'imagenes\\Mango.jpeg'
20.0815 	EXP 	slider_2: markerPos = None
20.0815 	EXP 	slider_2: markerPos = None
20.0815 	EXP 	slider_2: rating = None
20.0815 	EXP 	image_2: autoDraw = True
20.0815 	EXP 	slider_2: autoDraw = True
20.3158 	DATA 	Mouse: Left button down, pos=(676,160)
20.3390 	EXP 	slider_2: markerPos = 3.4544270833333335
20.3558 	EXP 	slider_2: markerPos = 3.4544270833333335
20.3724 	EXP 	slider_2: markerPos = 3.4544270833333335
20.3889 	EXP 	slider_2: markerPos = 3.4544270833333335
20.4059 	EXP 	slider_2: markerPos = 3.4544270833333335
20.4223 	EXP 	slider_2: markerPos = 3.4544270833333335
20.4389 	EXP 	slider_2: markerPos = 3.4544270833333335
20.4492 	DATA 	Mouse:  Left button up, pos=(676,160)
20.4557 	EXP 	slider_2: markerPos = 3.4544270833333335
20.4723 	EXP 	slider_2: markerPos = 3.4544270833333335
20.4723 	EXP 	slider_2: rating = 3.4544270833333335
20.4784 	EXP 	New trial (rep=0, index=7): OrderedDict([('Imagenes', 'imagenes\\Papas-naturales.jpg'), ('Random', 0.15856838916280946), ('Correcto', None)])
20.5157 	EXP 	image_2: autoDraw = False
20.5157 	EXP 	slider_2: autoDraw = False
20.5157 	EXP 	image_2: image = 'imagenes\\Papas-naturales.jpg'
20.5157 	EXP 	slider_2: markerPos = None
20.5157 	EXP 	slider_2: markerPos = None
20.5157 	EXP 	slider_2: rating = None
20.5157 	EXP 	image_2: autoDraw = True
20.5157 	EXP 	slider_2: autoDraw = True
20.5922 	DATA 	Mouse: Left button down, pos=(676,160)
20.6057 	EXP 	slider_2: markerPos = 3.4544270833333335
20.6226 	EXP 	slider_2: markerPos = 3.4544270833333335
20.6389 	EXP 	slider_2: markerPos = 3.4544270833333335
20.6558 	EXP 	slider_2: markerPos = 3.4544270833333335
20.6722 	EXP 	slider_2: markerPos = 3.4544270833333335
20.6890 	EXP 	slider_2: markerPos = 3.4544270833333335
20.7007 	DATA 	Mouse:  Left button up, pos=(676,160)
20.7058 	EXP 	slider_2: markerPos = 3.4544270833333335
20.7224 	EXP 	slider_2: markerPos = 3.4544270833333335
20.7224 	EXP 	slider_2: rating = 3.4544270833333335
20.7281 	EXP 	New trial (rep=0, index=8): OrderedDict([('Imagenes', 'imagenes\\Galletas-festival.jpg'), ('Random', 0.36121121246191135), ('Correcto', None)])
20.7780 	EXP 	image_2: autoDraw = False
20.7780 	EXP 	slider_2: autoDraw = False
20.7780 	EXP 	image_2: image = 'imagenes\\Galletas-festival.jpg'
20.7780 	EXP 	slider_2: markerPos = None
20.7780 	EXP 	slider_2: markerPos = None
20.7780 	EXP 	slider_2: rating = None
20.7780 	EXP 	image_2: autoDraw = True
20.7780 	EXP 	slider_2: autoDraw = True
20.8088 	DATA 	Mouse: Left button down, pos=(676,160)
20.8222 	EXP 	slider_2: markerPos = 3.4544270833333335
20.8390 	EXP 	slider_2: markerPos = 3.4544270833333335
20.8559 	EXP 	slider_2: markerPos = 3.4544270833333335
20.8722 	EXP 	slider_2: markerPos = 3.4544270833333335
20.8898 	EXP 	slider_2: markerPos = 3.4544270833333335
20.9055 	EXP 	slider_2: markerPos = 3.4544270833333335
20.9169 	DATA 	Mouse:  Left button up, pos=(676,160)
20.9224 	EXP 	slider_2: markerPos = 3.4544270833333335
20.9391 	EXP 	slider_2: markerPos = 3.4544270833333335
20.9391 	EXP 	slider_2: rating = 3.4544270833333335
20.9457 	EXP 	New trial (rep=0, index=9): OrderedDict([('Imagenes', 'imagenes\\Yogurt-alpina.jpg'), ('Random', 0.21540995091807813), ('Correcto', None)])
20.9845 	EXP 	image_2: autoDraw = False
20.9845 	EXP 	slider_2: autoDraw = False
20.9845 	EXP 	image_2: image = 'imagenes\\Yogurt-alpina.jpg'
20.9845 	EXP 	slider_2: markerPos = None
20.9845 	EXP 	slider_2: markerPos = None
20.9845 	EXP 	slider_2: rating = None
20.9845 	EXP 	image_2: autoDraw = True
20.9845 	EXP 	slider_2: autoDraw = True
21.0251 	DATA 	Mouse: Left button down, pos=(676,160)
21.0390 	EXP 	slider_2: markerPos = 3.4544270833333335
21.0560 	EXP 	slider_2: markerPos = 3.4544270833333335
21.0723 	EXP 	slider_2: markerPos = 3.4544270833333335
21.0889 	EXP 	slider_2: markerPos = 3.4544270833333335
21.1061 	EXP 	slider_2: markerPos = 3.4544270833333335
21.1169 	DATA 	Mouse:  Left button up, pos=(676,160)
21.1222 	EXP 	slider_2: markerPos = 3.4544270833333335
21.1392 	EXP 	slider_2: markerPos = 3.4544270833333335
21.1392 	EXP 	slider_2: rating = 3.4544270833333335
21.1453 	EXP 	New trial (rep=0, index=10): OrderedDict([('Imagenes', 'imagenes\\Kiwi.jpg'), ('Random', 0.5893907384852061), ('Correcto', None)])
21.1729 	EXP 	image_2: autoDraw = False
21.1729 	EXP 	slider_2: autoDraw = False
21.1729 	EXP 	image_2: image = 'imagenes\\Kiwi.jpg'
21.1729 	EXP 	slider_2: markerPos = None
21.1729 	EXP 	slider_2: markerPos = None
21.1729 	EXP 	slider_2: rating = None
21.1729 	EXP 	image_2: autoDraw = True
21.1729 	EXP 	slider_2: autoDraw = True
21.2248 	DATA 	Mouse: Left button down, pos=(676,160)
21.2390 	EXP 	slider_2: markerPos = 3.4544270833333335
21.2558 	EXP 	slider_2: markerPos = 3.4544270833333335
21.2722 	EXP 	slider_2: markerPos = 3.4544270833333335
21.2890 	EXP 	slider_2: markerPos = 3.4544270833333335
21.3060 	EXP 	slider_2: markerPos = 3.4544270833333335
21.3165 	DATA 	Mouse:  Left button up, pos=(676,160)
21.3222 	EXP 	slider_2: markerPos = 3.4544270833333335
21.3390 	EXP 	slider_2: markerPos = 3.4544270833333335
21.3390 	EXP 	slider_2: rating = 3.4544270833333335
21.3455 	EXP 	New trial (rep=0, index=11): OrderedDict([('Imagenes', 'imagenes\\Leche-de-almendras.jpg'), ('Random', 0.36073876480313727), ('Correcto', None)])
21.5174 	DATA 	Mouse: Left button down, pos=(676,160)
21.5177 	DATA 	Mouse:  Left button up, pos=(676,160)
21.5255 	EXP 	image_2: autoDraw = False
21.5255 	EXP 	slider_2: autoDraw = False
21.5255 	EXP 	image_2: image = 'imagenes\\Leche-de-almendras.jpg'
21.5255 	EXP 	slider_2: markerPos = None
21.5255 	EXP 	slider_2: markerPos = None
21.5255 	EXP 	slider_2: rating = None
21.5255 	EXP 	image_2: autoDraw = True
21.5255 	EXP 	slider_2: autoDraw = True
21.6424 	DATA 	Mouse: Left button down, pos=(676,160)
21.6564 	EXP 	slider_2: markerPos = 3.4544270833333335
21.6727 	EXP 	slider_2: markerPos = 3.4544270833333335
21.6895 	EXP 	slider_2: markerPos = 3.4544270833333335
21.7064 	EXP 	slider_2: markerPos = 3.4544270833333335
21.7226 	EXP 	slider_2: markerPos = 3.4544270833333335
21.7339 	DATA 	Mouse:  Left button up, pos=(676,160)
21.7395 	EXP 	slider_2: markerPos = 3.4544270833333335
21.7561 	EXP 	slider_2: markerPos = 3.4544270833333335
21.7561 	EXP 	slider_2: rating = 3.4544270833333335
21.7626 	EXP 	New trial (rep=0, index=12): OrderedDict([('Imagenes', 'imagenes\\Chocoramo.jfif.jpg'), ('Random', 0.7789437122019539), ('Correcto', None)])
21.8309 	EXP 	image_2: autoDraw = False
21.8309 	EXP 	slider_2: autoDraw = False
21.8309 	EXP 	image_2: image = 'imagenes\\Chocoramo.jfif.jpg'
21.8309 	EXP 	slider_2: markerPos = None
21.8309 	EXP 	slider_2: markerPos = None
21.8309 	EXP 	slider_2: rating = None
21.8309 	EXP 	image_2: autoDraw = True
21.8309 	EXP 	slider_2: autoDraw = True
21.8404 	DATA 	Mouse: Left button down, pos=(676,160)
21.8468 	EXP 	slider_2: markerPos = 3.4544270833333335
21.8556 	EXP 	slider_2: markerPos = 3.4544270833333335
21.8721 	EXP 	slider_2: markerPos = 3.4544270833333335
21.8888 	EXP 	slider_2: markerPos = 3.4544270833333335
21.9055 	EXP 	slider_2: markerPos = 3.4544270833333335
21.9222 	EXP 	slider_2: markerPos = 3.4544270833333335
21.9389 	EXP 	slider_2: markerPos = 3.4544270833333335
21.9557 	EXP 	slider_2: markerPos = 3.4544270833333335
21.9588 	DATA 	Mouse:  Left button up, pos=(676,160)
21.9722 	EXP 	slider_2: markerPos = 3.4544270833333335
21.9722 	EXP 	slider_2: rating = 3.4544270833333335
21.9785 	EXP 	New trial (rep=0, index=13): OrderedDict([('Imagenes', 'imagenes\\Papas-limon.jpg'), ('Random', 0.020692288100133793), ('Correcto', None)])
22.0181 	EXP 	image_2: autoDraw = False
22.0181 	EXP 	slider_2: autoDraw = False
22.0181 	EXP 	image_2: image = 'imagenes\\Papas-limon.jpg'
22.0181 	EXP 	slider_2: markerPos = None
22.0181 	EXP 	slider_2: markerPos = None
22.0181 	EXP 	slider_2: rating = None
22.0181 	EXP 	image_2: autoDraw = True
22.0181 	EXP 	slider_2: autoDraw = True
22.0618 	DATA 	Mouse: Left button down, pos=(676,160)
22.0767 	EXP 	slider_2: markerPos = 3.4544270833333335
22.0891 	EXP 	slider_2: markerPos = 3.4544270833333335
22.1056 	EXP 	slider_2: markerPos = 3.4544270833333335
22.1224 	EXP 	slider_2: markerPos = 3.4544270833333335
22.1320 	DATA 	Mouse:  Left button up, pos=(676,160)
22.1392 	EXP 	slider_2: markerPos = 3.4544270833333335
22.1556 	EXP 	slider_2: markerPos = 3.4544270833333335
22.1556 	EXP 	slider_2: rating = 3.4544270833333335
22.1617 	EXP 	New trial (rep=0, index=14): OrderedDict([('Imagenes', 'imagenes\\Galletas Tosh.jpg'), ('Random', 0.478088790487872), ('Correcto', None)])
22.2464 	EXP 	image_2: autoDraw = False
22.2464 	EXP 	slider_2: autoDraw = False
22.2464 	EXP 	image_2: image = 'imagenes\\Galletas Tosh.jpg'
22.2464 	EXP 	slider_2: markerPos = None
22.2464 	EXP 	slider_2: markerPos = None
22.2464 	EXP 	slider_2: rating = None
22.2464 	EXP 	image_2: autoDraw = True
22.2464 	EXP 	slider_2: autoDraw = True
22.2592 	DATA 	Mouse: Left button down, pos=(676,160)
22.2749 	EXP 	slider_2: markerPos = 3.4544270833333335
22.2874 	EXP 	slider_2: markerPos = 3.4544270833333335
22.2994 	EXP 	slider_2: markerPos = 3.4544270833333335
22.3128 	EXP 	slider_2: markerPos = 3.4544270833333335
22.3156 	DATA 	Mouse:  Left button up, pos=(676,160)
22.3269 	EXP 	slider_2: markerPos = 3.4544270833333335
22.3269 	EXP 	slider_2: rating = 3.4544270833333335
22.3330 	EXP 	New trial (rep=0, index=15): OrderedDict([('Imagenes', 'imagenes\\Brownie.jpg'), ('Random', 0.17000143351927688), ('Correcto', None)])
22.4218 	DATA 	Mouse: Left button down, pos=(676,160)
22.4270 	EXP 	image_2: autoDraw = False
22.4270 	EXP 	slider_2: autoDraw = False
22.4270 	EXP 	image_2: image = 'imagenes\\Brownie.jpg'
22.4270 	EXP 	slider_2: markerPos = None
22.4270 	EXP 	slider_2: markerPos = None
22.4270 	EXP 	slider_2: rating = None
22.4270 	EXP 	image_2: autoDraw = True
22.4270 	EXP 	slider_2: autoDraw = True
22.4270 	EXP 	slider_2: markerPos = 3.4544270833333335
22.4343 	EXP 	slider_2: markerPos = 3.4544270833333335
22.4406 	EXP 	slider_2: markerPos = 3.4544270833333335
22.4552 	EXP 	slider_2: markerPos = 3.4544270833333335
22.4724 	EXP 	slider_2: markerPos = 3.4544270833333335
22.4891 	EXP 	slider_2: markerPos = 3.4544270833333335
22.5057 	EXP 	slider_2: markerPos = 3.4544270833333335
22.5104 	DATA 	Mouse:  Left button up, pos=(676,160)
22.5243 	EXP 	slider_2: markerPos = 3.4544270833333335
22.5243 	EXP 	slider_2: rating = 3.4544270833333335
22.5304 	EXP 	New trial (rep=0, index=16): OrderedDict([('Imagenes', 'imagenes\\Popetas.jpg'), ('Random', 0.07650200324054446), ('Correcto', None)])
22.6057 	EXP 	image_2: autoDraw = False
22.6057 	EXP 	slider_2: autoDraw = False
22.6057 	EXP 	image_2: image = 'imagenes\\Popetas.jpg'
22.6057 	EXP 	slider_2: markerPos = None
22.6057 	EXP 	slider_2: markerPos = None
22.6057 	EXP 	slider_2: rating = None
22.6057 	EXP 	image_2: autoDraw = True
22.6057 	EXP 	slider_2: autoDraw = True
22.6145 	DATA 	Mouse: Left button down, pos=(676,160)
22.6219 	EXP 	slider_2: markerPos = 3.4544270833333335
22.6390 	EXP 	slider_2: markerPos = 3.4544270833333335
22.6556 	EXP 	slider_2: markerPos = 3.4544270833333335
22.6722 	EXP 	slider_2: markerPos = 3.4544270833333335
22.6890 	EXP 	slider_2: markerPos = 3.4544270833333335
22.6971 	DATA 	Mouse:  Left button up, pos=(676,160)
22.7058 	EXP 	slider_2: markerPos = 3.4544270833333335
22.7224 	EXP 	slider_2: markerPos = 3.4544270833333335
22.7224 	EXP 	slider_2: rating = 3.4544270833333335
22.7283 	EXP 	New trial (rep=0, index=17): OrderedDict([('Imagenes', 'imagenes\\Papas-pollo.jpg'), ('Random', 0.6683114062971784), ('Correcto', None)])
22.7682 	EXP 	image_2: autoDraw = False
22.7682 	EXP 	slider_2: autoDraw = False
22.7682 	EXP 	image_2: image = 'imagenes\\Papas-pollo.jpg'
22.7682 	EXP 	slider_2: markerPos = None
22.7682 	EXP 	slider_2: markerPos = None
22.7682 	EXP 	slider_2: rating = None
22.7682 	EXP 	image_2: autoDraw = True
22.7682 	EXP 	slider_2: autoDraw = True
22.8050 	DATA 	Mouse: Left button down, pos=(676,160)
22.8149 	EXP 	slider_2: markerPos = 3.4544270833333335
22.8278 	EXP 	slider_2: markerPos = 3.4544270833333335
22.8407 	EXP 	slider_2: markerPos = 3.4544270833333335
22.8556 	EXP 	slider_2: markerPos = 3.4544270833333335
22.8722 	EXP 	slider_2: markerPos = 3.4544270833333335
22.8889 	EXP 	slider_2: markerPos = 3.4544270833333335
22.8991 	DATA 	Mouse:  Left button up, pos=(676,160)
22.9060 	EXP 	slider_2: markerPos = 3.4544270833333335
22.9222 	EXP 	slider_2: markerPos = 3.4544270833333335
22.9222 	EXP 	slider_2: rating = 3.4544270833333335
22.9283 	EXP 	New trial (rep=0, index=18): OrderedDict([('Imagenes', 'imagenes\\Uvas.jpg'), ('Random', 0.7734382152670648), ('Correcto', None)])
22.9674 	EXP 	image_2: autoDraw = False
22.9674 	EXP 	slider_2: autoDraw = False
22.9674 	EXP 	image_2: image = 'imagenes\\Uvas.jpg'
22.9674 	EXP 	slider_2: markerPos = None
22.9674 	EXP 	slider_2: markerPos = None
22.9674 	EXP 	slider_2: rating = None
22.9674 	EXP 	image_2: autoDraw = True
22.9674 	EXP 	slider_2: autoDraw = True
23.0116 	DATA 	Mouse: Left button down, pos=(676,160)
23.0387 	EXP 	slider_2: markerPos = 3.4544270833333335
23.0554 	EXP 	slider_2: markerPos = 3.4544270833333335
23.0722 	EXP 	slider_2: markerPos = 3.4544270833333335
23.0890 	EXP 	slider_2: markerPos = 3.4544270833333335
23.0921 	DATA 	Mouse:  Left button up, pos=(676,160)
23.1056 	EXP 	slider_2: markerPos = 3.4544270833333335
23.1056 	EXP 	slider_2: rating = 3.4544270833333335
23.1118 	EXP 	New trial (rep=0, index=19): OrderedDict([('Imagenes', 'imagenes\\bon-bon-bun.jpg'), ('Random', 0.7387922093313524), ('Correcto', None)])
23.1773 	EXP 	image_2: autoDraw = False
23.1773 	EXP 	slider_2: autoDraw = False
23.1773 	EXP 	image_2: image = 'imagenes\\bon-bon-bun.jpg'
23.1773 	EXP 	slider_2: markerPos = None
23.1773 	EXP 	slider_2: markerPos = None
23.1773 	EXP 	slider_2: rating = None
23.1773 	EXP 	image_2: autoDraw = True
23.1773 	EXP 	slider_2: autoDraw = True
23.2070 	DATA 	Mouse: Left button down, pos=(676,160)
23.2219 	EXP 	slider_2: markerPos = 3.4544270833333335
23.2388 	EXP 	slider_2: markerPos = 3.4544270833333335
23.2558 	EXP 	slider_2: markerPos = 3.4544270833333335
23.2723 	EXP 	slider_2: markerPos = 3.4544270833333335
23.2891 	EXP 	slider_2: markerPos = 3.4544270833333335
23.2925 	DATA 	Mouse:  Left button up, pos=(676,160)
23.3056 	EXP 	slider_2: markerPos = 3.4544270833333335
23.3056 	EXP 	slider_2: rating = 3.4544270833333335
23.3124 	EXP 	New trial (rep=0, index=2): OrderedDict([('Hertz', 400), ('volumen', 0.02)])
23.3415 	EXP 	Imported imagenes.xlsx as conditions, 20 conditions, 3 params
23.3428 	EXP 	Created sequence: random, trialTypes=20, nReps=1, seed=None
23.3439 	EXP 	New trial (rep=0, index=0): OrderedDict([('Imagenes', 'imagenes\\Galletas-festival.jpg'), ('Random', 0.36121121246191135), ('Correcto', None)])
23.3978 	EXP 	image_2: autoDraw = False
23.3978 	EXP 	slider_2: autoDraw = False
23.3978 	EXP 	image_2: image = 'imagenes\\Galletas-festival.jpg'
23.3978 	EXP 	slider_2: markerPos = None
23.3978 	EXP 	slider_2: markerPos = None
23.3978 	EXP 	slider_2: rating = None
23.3978 	EXP 	image_2: autoDraw = True
23.3978 	EXP 	slider_2: autoDraw = True
23.4065 	DATA 	Mouse: Left button down, pos=(676,160)
23.4182 	EXP 	slider_2: markerPos = 3.4544270833333335
23.4272 	EXP 	slider_2: markerPos = 3.4544270833333335
23.4388 	EXP 	slider_2: markerPos = 3.4544270833333335
23.4557 	EXP 	slider_2: markerPos = 3.4544270833333335
23.4720 	EXP 	slider_2: markerPos = 3.4544270833333335
23.4750 	DATA 	Mouse:  Left button up, pos=(676,160)
23.4887 	EXP 	slider_2: markerPos = 3.4544270833333335
23.4887 	EXP 	slider_2: rating = 3.4544270833333335
23.4944 	EXP 	New trial (rep=0, index=1): OrderedDict([('Imagenes', 'imagenes\\Mango.jpeg'), ('Random', 0.555669112372461), ('Correcto', None)])
23.5294 	EXP 	image_2: autoDraw = False
23.5294 	EXP 	slider_2: autoDraw = False
23.5294 	EXP 	image_2: image = 'imagenes\\Mango.jpeg'
23.5294 	EXP 	slider_2: markerPos = None
23.5294 	EXP 	slider_2: markerPos = None
23.5294 	EXP 	slider_2: rating = None
23.5294 	EXP 	image_2: autoDraw = True
23.5294 	EXP 	slider_2: autoDraw = True
23.5789 	DATA 	Mouse: Left button down, pos=(676,160)
23.6055 	EXP 	slider_2: markerPos = 3.4544270833333335
23.6222 	EXP 	slider_2: markerPos = 3.4544270833333335
23.6389 	EXP 	slider_2: markerPos = 3.4544270833333335
23.6554 	EXP 	slider_2: markerPos = 3.4544270833333335
23.6585 	DATA 	Mouse:  Left button up, pos=(676,160)
23.6725 	EXP 	slider_2: markerPos = 3.4544270833333335
23.6725 	EXP 	slider_2: rating = 3.4544270833333335
23.6784 	EXP 	New trial (rep=0, index=2): OrderedDict([('Imagenes', 'imagenes\\Papas-pollo.jpg'), ('Random', 0.6683114062971784), ('Correcto', None)])
23.7117 	EXP 	image_2: autoDraw = False
23.7117 	EXP 	slider_2: autoDraw = False
23.7117 	EXP 	image_2: image = 'imagenes\\Papas-pollo.jpg'
23.7117 	EXP 	slider_2: markerPos = None
23.7117 	EXP 	slider_2: markerPos = None
23.7117 	EXP 	slider_2: rating = None
23.7117 	EXP 	image_2: autoDraw = True
23.7117 	EXP 	slider_2: autoDraw = True
23.7651 	DATA 	Mouse: Left button down, pos=(676,160)
23.7887 	EXP 	slider_2: markerPos = 3.4544270833333335
23.8060 	EXP 	slider_2: markerPos = 3.4544270833333335
23.8221 	EXP 	slider_2: markerPos = 3.4544270833333335
23.8389 	EXP 	slider_2: markerPos = 3.4544270833333335
23.8521 	DATA 	Mouse:  Left button up, pos=(676,160)
23.8555 	EXP 	slider_2: markerPos = 3.4544270833333335
23.8724 	EXP 	slider_2: markerPos = 3.4544270833333335
23.8724 	EXP 	slider_2: rating = 3.4544270833333335
23.8783 	EXP 	New trial (rep=0, index=3): OrderedDict([('Imagenes', 'imagenes\\Uvas.jpg'), ('Random', 0.7734382152670648), ('Correcto', None)])
23.9188 	EXP 	image_2: autoDraw = False
23.9188 	EXP 	slider_2: autoDraw = False
23.9188 	EXP 	image_2: image = 'imagenes\\Uvas.jpg'
23.9188 	EXP 	slider_2: markerPos = None
23.9188 	EXP 	slider_2: markerPos = None
23.9188 	EXP 	slider_2: rating = None
23.9188 	EXP 	image_2: autoDraw = True
23.9188 	EXP 	slider_2: autoDraw = True
24.1422 	DATA 	Mouse: Left button down, pos=(676,160)
24.1554 	EXP 	slider_2: markerPos = 3.4544270833333335
24.1723 	EXP 	slider_2: markerPos = 3.4544270833333335
24.1887 	EXP 	slider_2: markerPos = 3.4544270833333335
24.2055 	EXP 	slider_2: markerPos = 3.4544270833333335
24.2225 	EXP 	slider_2: markerPos = 3.4544270833333335
24.2392 	EXP 	slider_2: markerPos = 3.4544270833333335
24.2416 	DATA 	Mouse:  Left button up, pos=(676,160)
24.2557 	EXP 	slider_2: markerPos = 3.4544270833333335
24.2557 	EXP 	slider_2: rating = 3.4544270833333335
24.2621 	EXP 	New trial (rep=0, index=4): OrderedDict([('Imagenes', 'imagenes\\Galletas Tosh.jpg'), ('Random', 0.478088790487872), ('Correcto', None)])
24.3231 	EXP 	image_2: autoDraw = False
24.3231 	EXP 	slider_2: autoDraw = False
24.3231 	EXP 	image_2: image = 'imagenes\\Galletas Tosh.jpg'
24.3231 	EXP 	slider_2: markerPos = None
24.3231 	EXP 	slider_2: markerPos = None
24.3231 	EXP 	slider_2: rating = None
24.3231 	EXP 	image_2: autoDraw = True
24.3231 	EXP 	slider_2: autoDraw = True
24.3574 	DATA 	Mouse: Left button down, pos=(676,160)
24.3722 	EXP 	slider_2: markerPos = 3.4544270833333335
24.3887 	EXP 	slider_2: markerPos = 3.4544270833333335
24.4074 	EXP 	slider_2: markerPos = 3.4544270833333335
24.4229 	EXP 	slider_2: markerPos = 3.4544270833333335
24.4385 	EXP 	slider_2: markerPos = 3.4544270833333335
24.4412 	DATA 	Mouse:  Left button up, pos=(676,160)
24.4554 	EXP 	slider_2: markerPos = 3.4544270833333335
24.4554 	EXP 	slider_2: rating = 3.4544270833333335
24.4618 	EXP 	New trial (rep=0, index=5): OrderedDict([('Imagenes', 'imagenes\\bon-bon-bun.jpg'), ('Random', 0.7387922093313524), ('Correcto', None)])
24.5254 	EXP 	image_2: autoDraw = False
24.5254 	EXP 	slider_2: autoDraw = False
24.5254 	EXP 	image_2: image = 'imagenes\\bon-bon-bun.jpg'
24.5254 	EXP 	slider_2: markerPos = None
24.5254 	EXP 	slider_2: markerPos = None
24.5254 	EXP 	slider_2: rating = None
24.5254 	EXP 	image_2: autoDraw = True
24.5254 	EXP 	slider_2: autoDraw = True
24.5489 	DATA 	Mouse: Left button down, pos=(676,160)
24.5723 	EXP 	slider_2: markerPos = 3.4544270833333335
24.5889 	EXP 	slider_2: markerPos = 3.4544270833333335
24.6054 	EXP 	slider_2: markerPos = 3.4544270833333335
24.6222 	EXP 	slider_2: markerPos = 3.4544270833333335
24.6389 	EXP 	slider_2: markerPos = 3.4544270833333335
24.6492 	DATA 	Mouse:  Left button up, pos=(676,160)
24.6554 	EXP 	slider_2: markerPos = 3.4544270833333335
24.6722 	EXP 	slider_2: markerPos = 3.4544270833333335
24.6722 	EXP 	slider_2: rating = 3.4544270833333335
24.6784 	EXP 	New trial (rep=0, index=6): OrderedDict([('Imagenes', 'imagenes\\Kiwi.jpg'), ('Random', 0.5893907384852061), ('Correcto', None)])
24.7045 	EXP 	image_2: autoDraw = False
24.7045 	EXP 	slider_2: autoDraw = False
24.7045 	EXP 	image_2: image = 'imagenes\\Kiwi.jpg'
24.7045 	EXP 	slider_2: markerPos = None
24.7045 	EXP 	slider_2: markerPos = None
24.7045 	EXP 	slider_2: rating = None
24.7045 	EXP 	image_2: autoDraw = True
24.7045 	EXP 	slider_2: autoDraw = True
24.7583 	DATA 	Mouse: Left button down, pos=(676,160)
24.7723 	EXP 	slider_2: markerPos = 3.4544270833333335
24.7887 	EXP 	slider_2: markerPos = 3.4544270833333335
24.8054 	EXP 	slider_2: markerPos = 3.4544270833333335
24.8221 	EXP 	slider_2: markerPos = 3.4544270833333335
24.8387 	EXP 	slider_2: markerPos = 3.4544270833333335
24.8556 	EXP 	slider_2: markerPos = 3.4544270833333335
24.8659 	DATA 	Mouse:  Left button up, pos=(676,160)
24.8721 	EXP 	slider_2: markerPos = 3.4544270833333335
24.8888 	EXP 	slider_2: markerPos = 3.4544270833333335
24.8888 	EXP 	slider_2: rating = 3.4544270833333335
24.8953 	EXP 	New trial (rep=0, index=7): OrderedDict([('Imagenes', 'imagenes\\Papas-naturales.jpg'), ('Random', 0.15856838916280946), ('Correcto', None)])
24.9346 	EXP 	image_2: autoDraw = False
24.9346 	EXP 	slider_2: autoDraw = False
24.9346 	EXP 	image_2: image = 'imagenes\\Papas-naturales.jpg'
24.9346 	EXP 	slider_2: markerPos = None
24.9346 	EXP 	slider_2: markerPos = None
24.9346 	EXP 	slider_2: rating = None
24.9346 	EXP 	image_2: autoDraw = True
24.9346 	EXP 	slider_2: autoDraw = True
24.9609 	DATA 	Mouse: Left button down, pos=(676,160)
24.9720 	EXP 	slider_2: markerPos = 3.4544270833333335
24.9887 	EXP 	slider_2: markerPos = 3.4544270833333335
25.0058 	EXP 	slider_2: markerPos = 3.4544270833333335
25.0221 	EXP 	slider_2: markerPos = 3.4544270833333335
25.0389 	EXP 	slider_2: markerPos = 3.4544270833333335
25.0423 	DATA 	Mouse:  Left button up, pos=(676,160)
25.0556 	EXP 	slider_2: markerPos = 3.4544270833333335
25.0556 	EXP 	slider_2: rating = 3.4544270833333335
25.0621 	EXP 	New trial (rep=0, index=8): OrderedDict([('Imagenes', 'imagenes\\Papas-limon.jpg'), ('Random', 0.020692288100133793), ('Correcto', None)])
25.0971 	EXP 	image_2: autoDraw = False
25.0971 	EXP 	slider_2: autoDraw = False
25.0971 	EXP 	image_2: image = 'imagenes\\Papas-limon.jpg'
25.0971 	EXP 	slider_2: markerPos = None
25.0971 	EXP 	slider_2: markerPos = None
25.0971 	EXP 	slider_2: rating = None
25.0971 	EXP 	image_2: autoDraw = True
25.0971 	EXP 	slider_2: autoDraw = True
25.1669 	DATA 	Mouse: Left button down, pos=(676,160)
25.1888 	EXP 	slider_2: markerPos = 3.4544270833333335
25.2056 	EXP 	slider_2: markerPos = 3.4544270833333335
25.2223 	EXP 	slider_2: markerPos = 3.4544270833333335
25.2387 	EXP 	slider_2: markerPos = 3.4544270833333335
25.2557 	EXP 	slider_2: markerPos = 3.4544270833333335
25.2592 	DATA 	Mouse:  Left button up, pos=(676,160)
25.2721 	EXP 	slider_2: markerPos = 3.4544270833333335
25.2721 	EXP 	slider_2: rating = 3.4544270833333335
25.2779 	EXP 	New trial (rep=0, index=9): OrderedDict([('Imagenes', 'imagenes\\Rosquitas (1).jpg'), ('Random', 0.3035383390851263), ('Correcto', None)])
25.3383 	EXP 	image_2: autoDraw = False
25.3383 	EXP 	slider_2: autoDraw = False
25.3383 	EXP 	image_2: image = 'imagenes\\Rosquitas (1).jpg'
25.3383 	EXP 	slider_2: markerPos = None
25.3383 	EXP 	slider_2: markerPos = None
25.3383 	EXP 	slider_2: rating = None
25.3383 	EXP 	image_2: autoDraw = True
25.3383 	EXP 	slider_2: autoDraw = True
25.3748 	DATA 	Mouse: Left button down, pos=(676,160)
25.3887 	EXP 	slider_2: markerPos = 3.4544270833333335
25.4056 	EXP 	slider_2: markerPos = 3.4544270833333335
25.4221 	EXP 	slider_2: markerPos = 3.4544270833333335
25.4389 	EXP 	slider_2: markerPos = 3.4544270833333335
25.4517 	DATA 	Mouse:  Left button up, pos=(676,160)
25.4554 	EXP 	slider_2: markerPos = 3.4544270833333335
25.4720 	EXP 	slider_2: markerPos = 3.4544270833333335
25.4720 	EXP 	slider_2: rating = 3.4544270833333335
25.4762 	EXP 	New trial (rep=0, index=10): OrderedDict([('Imagenes', 'imagenes\\Yogurt-alpina.jpg'), ('Random', 0.21540995091807813), ('Correcto', None)])
25.5059 	EXP 	image_2: autoDraw = False
25.5059 	EXP 	slider_2: autoDraw = False
25.5059 	EXP 	image_2: image = 'imagenes\\Yogurt-alpina.jpg'
25.5059 	EXP 	slider_2: markerPos = None
25.5059 	EXP 	slider_2: markerPos = None
25.5059 	EXP 	slider_2: rating = None
25.5059 	EXP 	image_2: autoDraw = True
25.5059 	EXP 	slider_2: autoDraw = True
25.5573 	DATA 	Mouse: Left button down, pos=(676,160)
25.5721 	EXP 	slider_2: markerPos = 3.4544270833333335
25.5886 	EXP 	slider_2: markerPos = 3.4544270833333335
25.6054 	EXP 	slider_2: markerPos = 3.4544270833333335
25.6220 	EXP 	slider_2: markerPos = 3.4544270833333335
25.6387 	EXP 	slider_2: markerPos = 3.4544270833333335
25.6557 	EXP 	slider_2: markerPos = 3.4544270833333335
25.6692 	DATA 	Mouse:  Left button up, pos=(676,160)
25.6719 	EXP 	slider_2: markerPos = 3.4544270833333335
25.6889 	EXP 	slider_2: markerPos = 3.4544270833333335
25.6889 	EXP 	slider_2: rating = 3.4544270833333335
25.6951 	EXP 	New trial (rep=0, index=11): OrderedDict([('Imagenes', 'imagenes\\Banano.jpeg'), ('Random', 0.651633055306917), ('Correcto', None)])
25.7399 	EXP 	image_2: autoDraw = False
25.7399 	EXP 	slider_2: autoDraw = False
25.7399 	EXP 	image_2: image = 'imagenes\\Banano.jpeg'
25.7399 	EXP 	slider_2: markerPos = None
25.7399 	EXP 	slider_2: markerPos = None
25.7399 	EXP 	slider_2: rating = None
25.7399 	EXP 	image_2: autoDraw = True
25.7399 	EXP 	slider_2: autoDraw = True
25.7830 	DATA 	Mouse: Left button down, pos=(676,160)
25.8055 	EXP 	slider_2: markerPos = 3.4544270833333335
25.8221 	EXP 	slider_2: markerPos = 3.4544270833333335
25.8387 	EXP 	slider_2: markerPos = 3.4544270833333335
25.8558 	EXP 	slider_2: markerPos = 3.4544270833333335
25.8722 	EXP 	slider_2: markerPos = 3.4544270833333335
25.8753 	DATA 	Mouse:  Left button up, pos=(676,160)
25.8887 	EXP 	slider_2: markerPos = 3.4544270833333335
25.8887 	EXP 	slider_2: rating = 3.4544270833333335
25.8947 	EXP 	New trial (rep=0, index=12): OrderedDict([('Imagenes', 'imagenes\\Nutella (1).jpg'), ('Random', 0.5277483225747329), ('Correcto', None)])
25.9300 	EXP 	image_2: autoDraw = False
25.9300 	EXP 	slider_2: autoDraw = False
25.9300 	EXP 	image_2: image = 'imagenes\\Nutella (1).jpg'
25.9300 	EXP 	slider_2: markerPos = None
25.9300 	EXP 	slider_2: markerPos = None
25.9300 	EXP 	slider_2: rating = None
25.9300 	EXP 	image_2: autoDraw = True
25.9300 	EXP 	slider_2: autoDraw = True
26.0080 	DATA 	Mouse: Left button down, pos=(676,160)
26.0224 	EXP 	slider_2: markerPos = 3.4544270833333335
26.0391 	EXP 	slider_2: markerPos = 3.4544270833333335
26.0554 	EXP 	slider_2: markerPos = 3.4544270833333335
26.0721 	EXP 	slider_2: markerPos = 3.4544270833333335
26.0890 	EXP 	slider_2: markerPos = 3.4544270833333335
26.1000 	DATA 	Mouse:  Left button up, pos=(676,160)
26.1056 	EXP 	slider_2: markerPos = 3.4544270833333335
26.1224 	EXP 	slider_2: markerPos = 3.4544270833333335
26.1224 	EXP 	slider_2: rating = 3.4544270833333335
26.1284 	EXP 	New trial (rep=0, index=13): OrderedDict([('Imagenes', 'imagenes\\Chocoramo.jfif.jpg'), ('Random', 0.7789437122019539), ('Correcto', None)])
26.1953 	DATA 	Mouse: Left button down, pos=(676,160)
26.2031 	EXP 	image_2: autoDraw = False
26.2031 	EXP 	slider_2: autoDraw = False
26.2031 	EXP 	image_2: image = 'imagenes\\Chocoramo.jfif.jpg'
26.2031 	EXP 	slider_2: markerPos = None
26.2031 	EXP 	slider_2: markerPos = None
26.2031 	EXP 	slider_2: rating = None
26.2031 	EXP 	image_2: autoDraw = True
26.2031 	EXP 	slider_2: autoDraw = True
26.2031 	EXP 	slider_2: markerPos = 3.4544270833333335
26.2119 	EXP 	slider_2: markerPos = 3.4544270833333335
26.2208 	EXP 	slider_2: markerPos = 3.4544270833333335
26.2295 	EXP 	slider_2: markerPos = 3.4544270833333335
26.2385 	EXP 	slider_2: markerPos = 3.4544270833333335
26.2552 	EXP 	slider_2: markerPos = 3.4544270833333335
26.2719 	EXP 	slider_2: markerPos = 3.4544270833333335
26.2885 	EXP 	slider_2: markerPos = 3.4544270833333335
26.2904 	DATA 	Mouse:  Left button up, pos=(676,160)
26.3052 	EXP 	slider_2: markerPos = 3.4544270833333335
26.3052 	EXP 	slider_2: rating = 3.4544270833333335
26.3090 	EXP 	New trial (rep=0, index=14): OrderedDict([('Imagenes', 'imagenes\\Alpinito.jpg'), ('Random', 0.4515332417045813), ('Correcto', None)])
26.3617 	EXP 	image_2: autoDraw = False
26.3617 	EXP 	slider_2: autoDraw = False
26.3617 	EXP 	image_2: image = 'imagenes\\Alpinito.jpg'
26.3617 	EXP 	slider_2: markerPos = None
26.3617 	EXP 	slider_2: markerPos = None
26.3617 	EXP 	slider_2: rating = None
26.3617 	EXP 	image_2: autoDraw = True
26.3617 	EXP 	slider_2: autoDraw = True
26.4145 	DATA 	Mouse: Left button down, pos=(676,160)
26.4390 	EXP 	slider_2: markerPos = 3.4544270833333335
26.4558 	EXP 	slider_2: markerPos = 3.4544270833333335
26.4721 	EXP 	slider_2: markerPos = 3.4544270833333335
26.4890 	EXP 	slider_2: markerPos = 3.4544270833333335
26.4993 	DATA 	Mouse:  Left button up, pos=(676,160)
26.5059 	EXP 	slider_2: markerPos = 3.4544270833333335
26.5221 	EXP 	slider_2: markerPos = 3.4544270833333335
26.5221 	EXP 	slider_2: rating = 3.4544270833333335
26.5280 	EXP 	New trial (rep=0, index=15): OrderedDict([('Imagenes', 'imagenes\\Popetas.jpg'), ('Random', 0.07650200324054446), ('Correcto', None)])
26.6171 	DATA 	Mouse: Left button down, pos=(676,160)
26.6232 	EXP 	image_2: autoDraw = False
26.6232 	EXP 	slider_2: autoDraw = False
26.6232 	EXP 	image_2: image = 'imagenes\\Popetas.jpg'
26.6232 	EXP 	slider_2: markerPos = None
26.6232 	EXP 	slider_2: markerPos = None
26.6232 	EXP 	slider_2: rating = None
26.6232 	EXP 	image_2: autoDraw = True
26.6232 	EXP 	slider_2: autoDraw = True
26.6232 	EXP 	slider_2: markerPos = 3.4544270833333335
26.6302 	EXP 	slider_2: markerPos = 3.4544270833333335
26.6385 	EXP 	slider_2: markerPos = 3.4544270833333335
26.6551 	EXP 	slider_2: markerPos = 3.4544270833333335
26.6720 	EXP 	slider_2: markerPos = 3.4544270833333335
26.6893 	EXP 	slider_2: markerPos = 3.4544270833333335
26.6999 	DATA 	Mouse:  Left button up, pos=(676,160)
26.7059 	EXP 	slider_2: markerPos = 3.4544270833333335
26.7223 	EXP 	slider_2: markerPos = 3.4544270833333335
26.7223 	EXP 	slider_2: rating = 3.4544270833333335
26.7275 	EXP 	New trial (rep=0, index=16): OrderedDict([('Imagenes', 'imagenes\\Manzana.jpg'), ('Random', 0.5168162194437935), ('Correcto', None)])
26.8026 	EXP 	image_2: autoDraw = False
26.8026 	EXP 	slider_2: autoDraw = False
26.8026 	EXP 	image_2: image = 'imagenes\\Manzana.jpg'
26.8026 	EXP 	slider_2: markerPos = None
26.8026 	EXP 	slider_2: markerPos = None
26.8026 	EXP 	slider_2: rating = None
26.8026 	EXP 	image_2: autoDraw = True
26.8026 	EXP 	slider_2: autoDraw = True
26.8086 	DATA 	Mouse: Left button down, pos=(676,160)
26.8189 	EXP 	slider_2: markerPos = 3.4544270833333335
26.8299 	EXP 	slider_2: markerPos = 3.4544270833333335
26.8441 	EXP 	slider_2: markerPos = 3.4544270833333335
26.8576 	EXP 	slider_2: markerPos = 3.4544270833333335
26.8720 	EXP 	slider_2: markerPos = 3.4544270833333335
26.8832 	DATA 	Mouse:  Left button up, pos=(676,160)
26.8889 	EXP 	slider_2: markerPos = 3.4544270833333335
26.9055 	EXP 	slider_2: markerPos = 3.4544270833333335
26.9055 	EXP 	slider_2: rating = 3.4544270833333335
26.9114 	EXP 	New trial (rep=0, index=17): OrderedDict([('Imagenes', 'imagenes\\Brownie.jpg'), ('Random', 0.17000143351927688), ('Correcto', None)])
26.9823 	EXP 	image_2: autoDraw = False
26.9823 	EXP 	slider_2: autoDraw = False
26.9823 	EXP 	image_2: image = 'imagenes\\Brownie.jpg'
26.9823 	EXP 	slider_2: markerPos = None
26.9823 	EXP 	slider_2: markerPos = None
26.9823 	EXP 	slider_2: rating = None
26.9823 	EXP 	image_2: autoDraw = True
26.9823 	EXP 	slider_2: autoDraw = True
26.9936 	DATA 	Mouse: Left button down, pos=(676,160)
27.0050 	EXP 	slider_2: markerPos = 3.4544270833333335
27.0218 	EXP 	slider_2: markerPos = 3.4544270833333335
27.0385 	EXP 	slider_2: markerPos = 3.4544270833333335
27.0555 	EXP 	slider_2: markerPos = 3.4544270833333335
27.0718 	EXP 	slider_2: markerPos = 3.4544270833333335
27.0740 	DATA 	Mouse:  Left button up, pos=(676,160)
27.0886 	EXP 	slider_2: markerPos = 3.4544270833333335
27.0886 	EXP 	slider_2: rating = 3.4544270833333335
27.0924 	EXP 	New trial (rep=0, index=18): OrderedDict([('Imagenes', 'imagenes\\Croissant.jpg'), ('Random', 0.6152458173421255), ('Correcto', None)])
27.1272 	EXP 	image_2: autoDraw = False
27.1272 	EXP 	slider_2: autoDraw = False
27.1272 	EXP 	image_2: image = 'imagenes\\Croissant.jpg'
27.1272 	EXP 	slider_2: markerPos = None
27.1272 	EXP 	slider_2: markerPos = None
27.1272 	EXP 	slider_2: rating = None
27.1272 	EXP 	image_2: autoDraw = True
27.1272 	EXP 	slider_2: autoDraw = True
27.1972 	DATA 	Mouse: Left button down, pos=(676,160)
27.2219 	EXP 	slider_2: markerPos = 3.4544270833333335
27.2387 	EXP 	slider_2: markerPos = 3.4544270833333335
27.2555 	EXP 	slider_2: markerPos = 3.4544270833333335
27.2719 	EXP 	slider_2: markerPos = 3.4544270833333335
27.2889 	EXP 	slider_2: markerPos = 3.4544270833333335
27.2919 	DATA 	Mouse:  Left button up, pos=(676,160)
27.3057 	EXP 	slider_2: markerPos = 3.4544270833333335
27.3057 	EXP 	slider_2: rating = 3.4544270833333335
27.3115 	EXP 	New trial (rep=0, index=19): OrderedDict([('Imagenes', 'imagenes\\Leche-de-almendras.jpg'), ('Random', 0.36073876480313727), ('Correcto', None)])
27.4402 	DATA 	Mouse: Left button down, pos=(676,160)
27.4457 	EXP 	image_2: autoDraw = False
27.4457 	EXP 	slider_2: autoDraw = False
27.4457 	EXP 	image_2: image = 'imagenes\\Leche-de-almendras.jpg'
27.4457 	EXP 	slider_2: markerPos = None
27.4457 	EXP 	slider_2: markerPos = None
27.4457 	EXP 	slider_2: rating = None
27.4457 	EXP 	image_2: autoDraw = True
27.4457 	EXP 	slider_2: autoDraw = True
27.4457 	EXP 	slider_2: markerPos = 3.4544270833333335
27.4529 	EXP 	slider_2: markerPos = 3.4544270833333335
27.4589 	EXP 	slider_2: markerPos = 3.4544270833333335
27.4722 	EXP 	slider_2: markerPos = 3.4544270833333335
27.4893 	EXP 	slider_2: markerPos = 3.4544270833333335
27.5057 	EXP 	slider_2: markerPos = 3.4544270833333335
27.5226 	EXP 	slider_2: markerPos = 3.4544270833333335
27.5249 	DATA 	Mouse:  Left button up, pos=(676,160)
27.5392 	EXP 	slider_2: markerPos = 3.4544270833333335
27.5392 	EXP 	slider_2: rating = 3.4544270833333335
27.5452 	EXP 	New trial (rep=0, index=3): OrderedDict([('Hertz', 1500), ('volumen', 0.02)])
27.5721 	EXP 	Imported imagenes.xlsx as conditions, 20 conditions, 3 params
27.5732 	EXP 	Created sequence: random, trialTypes=20, nReps=1, seed=None
27.5743 	EXP 	New trial (rep=0, index=0): OrderedDict([('Imagenes', 'imagenes\\Papas-limon.jpg'), ('Random', 0.020692288100133793), ('Correcto', None)])
27.6091 	EXP 	image_2: autoDraw = False
27.6091 	EXP 	slider_2: autoDraw = False
27.6091 	EXP 	image_2: image = 'imagenes\\Papas-limon.jpg'
27.6091 	EXP 	slider_2: markerPos = None
27.6091 	EXP 	slider_2: markerPos = None
27.6091 	EXP 	slider_2: rating = None
27.6091 	EXP 	image_2: autoDraw = True
27.6091 	EXP 	slider_2: autoDraw = True
27.6575 	DATA 	Mouse: Left button down, pos=(676,160)
27.6718 	EXP 	slider_2: markerPos = 3.4544270833333335
27.6885 	EXP 	slider_2: markerPos = 3.4544270833333335
27.7052 	EXP 	slider_2: markerPos = 3.4544270833333335
27.7220 	EXP 	slider_2: markerPos = 3.4544270833333335
27.7386 	EXP 	slider_2: markerPos = 3.4544270833333335
27.7508 	DATA 	Mouse:  Left button up, pos=(676,160)
27.7552 	EXP 	slider_2: markerPos = 3.4544270833333335
27.7719 	EXP 	slider_2: markerPos = 3.4544270833333335
27.7719 	EXP 	slider_2: rating = 3.4544270833333335
27.7805 	EXP 	New trial (rep=0, index=1): OrderedDict([('Imagenes', 'imagenes\\Croissant.jpg'), ('Random', 0.6152458173421255), ('Correcto', None)])
27.8429 	EXP 	image_2: autoDraw = False
27.8429 	EXP 	slider_2: autoDraw = False
27.8429 	EXP 	image_2: image = 'imagenes\\Croissant.jpg'
27.8429 	EXP 	slider_2: markerPos = None
27.8429 	EXP 	slider_2: markerPos = None
27.8429 	EXP 	slider_2: rating = None
27.8429 	EXP 	image_2: autoDraw = True
27.8429 	EXP 	slider_2: autoDraw = True
27.8486 	DATA 	Mouse: Left button down, pos=(676,160)
27.8591 	EXP 	slider_2: markerPos = 3.4544270833333335
27.8718 	EXP 	slider_2: markerPos = 3.4544270833333335
27.8888 	EXP 	slider_2: markerPos = 3.4544270833333335
27.9057 	EXP 	slider_2: markerPos = 3.4544270833333335
27.9223 	EXP 	slider_2: markerPos = 3.4544270833333335
27.9390 	EXP 	slider_2: markerPos = 3.4544270833333335
27.9555 	EXP 	slider_2: markerPos = 3.4544270833333335
27.9590 	DATA 	Mouse:  Left button up, pos=(676,160)
27.9721 	EXP 	slider_2: markerPos = 3.4544270833333335
27.9721 	EXP 	slider_2: rating = 3.4544270833333335
27.9779 	EXP 	New trial (rep=0, index=2): OrderedDict([('Imagenes', 'imagenes\\Papas-naturales.jpg'), ('Random', 0.15856838916280946), ('Correcto', None)])
28.0189 	EXP 	image_2: autoDraw = False
28.0189 	EXP 	slider_2: autoDraw = False
28.0189 	EXP 	image_2: image = 'imagenes\\Papas-naturales.jpg'
28.0189 	EXP 	slider_2: markerPos = None
28.0189 	EXP 	slider_2: markerPos = None
28.0189 	EXP 	slider_2: rating = None
28.0189 	EXP 	image_2: autoDraw = True
28.0189 	EXP 	slider_2: autoDraw = True
28.0495 	DATA 	Mouse: Left button down, pos=(676,160)
28.0650 	EXP 	slider_2: markerPos = 3.4544270833333335
28.0778 	EXP 	slider_2: markerPos = 3.4544270833333335
28.0898 	EXP 	slider_2: markerPos = 3.4544270833333335
28.1054 	EXP 	slider_2: markerPos = 3.4544270833333335
28.1221 	EXP 	slider_2: markerPos = 3.4544270833333335
28.1388 	EXP 	slider_2: markerPos = 3.4544270833333335
28.1553 	EXP 	slider_2: markerPos = 3.4544270833333335
28.1586 	DATA 	Mouse:  Left button up, pos=(676,160)
28.1720 	EXP 	slider_2: markerPos = 3.4544270833333335
28.1720 	EXP 	slider_2: rating = 3.4544270833333335
28.1786 	EXP 	New trial (rep=0, index=3): OrderedDict([('Imagenes', 'imagenes\\Galletas Tosh.jpg'), ('Random', 0.478088790487872), ('Correcto', None)])
28.2383 	EXP 	image_2: autoDraw = False
28.2383 	EXP 	slider_2: autoDraw = False
28.2383 	EXP 	image_2: image = 'imagenes\\Galletas Tosh.jpg'
28.2383 	EXP 	slider_2: markerPos = None
28.2383 	EXP 	slider_2: markerPos = None
28.2383 	EXP 	slider_2: rating = None
28.2383 	EXP 	image_2: autoDraw = True
28.2383 	EXP 	slider_2: autoDraw = True
28.2746 	DATA 	Mouse: Left button down, pos=(676,160)
28.2887 	EXP 	slider_2: markerPos = 3.4544270833333335
28.3058 	EXP 	slider_2: markerPos = 3.4544270833333335
28.3221 	EXP 	slider_2: markerPos = 3.4544270833333335
28.3388 	EXP 	slider_2: markerPos = 3.4544270833333335
28.3416 	DATA 	Mouse:  Left button up, pos=(676,160)
28.3556 	EXP 	slider_2: markerPos = 3.4544270833333335
28.3556 	EXP 	slider_2: rating = 3.4544270833333335
28.3616 	EXP 	New trial (rep=0, index=4): OrderedDict([('Imagenes', 'imagenes\\Manzana.jpg'), ('Random', 0.5168162194437935), ('Correcto', None)])
28.4338 	EXP 	image_2: autoDraw = False
28.4338 	EXP 	slider_2: autoDraw = False
28.4338 	EXP 	image_2: image = 'imagenes\\Manzana.jpg'
28.4338 	EXP 	slider_2: markerPos = None
28.4338 	EXP 	slider_2: markerPos = None
28.4338 	EXP 	slider_2: rating = None
28.4338 	EXP 	image_2: autoDraw = True
28.4338 	EXP 	slider_2: autoDraw = True
28.4545 	DATA 	Mouse: Left button down, pos=(676,160)
28.4618 	EXP 	slider_2: markerPos = 3.4544270833333335
28.4717 	EXP 	slider_2: markerPos = 3.4544270833333335
28.4885 	EXP 	slider_2: markerPos = 3.4544270833333335
28.5052 	EXP 	slider_2: markerPos = 3.4544270833333335
28.5219 	EXP 	slider_2: markerPos = 3.4544270833333335
28.5390 	EXP 	slider_2: markerPos = 3.4544270833333335
28.5498 	DATA 	Mouse:  Left button up, pos=(676,160)
28.5557 	EXP 	slider_2: markerPos = 3.4544270833333335
28.5720 	EXP 	slider_2: markerPos = 3.4544270833333335
28.5720 	EXP 	slider_2: rating = 3.4544270833333335
28.5784 	EXP 	New trial (rep=0, index=5): OrderedDict([('Imagenes', 'imagenes\\Yogurt-alpina.jpg'), ('Random', 0.21540995091807813), ('Correcto', None)])
28.6282 	EXP 	image_2: autoDraw = False
28.6282 	EXP 	slider_2: autoDraw = False
28.6282 	EXP 	image_2: image = 'imagenes\\Yogurt-alpina.jpg'
28.6282 	EXP 	slider_2: markerPos = None
28.6282 	EXP 	slider_2: markerPos = None
28.6282 	EXP 	slider_2: rating = None
28.6282 	EXP 	image_2: autoDraw = True
28.6282 	EXP 	slider_2: autoDraw = True
28.6579 	DATA 	Mouse: Left button down, pos=(676,160)
28.6716 	EXP 	slider_2: markerPos = 3.4544270833333335
28.6884 	EXP 	slider_2: markerPos = 3.4544270833333335
28.7053 	EXP 	slider_2: markerPos = 3.4544270833333335
28.7219 	EXP 	slider_2: markerPos = 3.4544270833333335
28.7343 	DATA 	Mouse:  Left button up, pos=(676,160)
28.7387 	EXP 	slider_2: markerPos = 3.4544270833333335
28.7553 	EXP 	slider_2: markerPos = 3.4544270833333335
28.7553 	EXP 	slider_2: rating = 3.4544270833333335
28.7608 	EXP 	New trial (rep=0, index=6): OrderedDict([('Imagenes', 'imagenes\\Popetas.jpg'), ('Random', 0.07650200324054446), ('Correcto', None)])
28.8421 	EXP 	image_2: autoDraw = False
28.8421 	EXP 	slider_2: autoDraw = False
28.8421 	EXP 	image_2: image = 'imagenes\\Popetas.jpg'
28.8421 	EXP 	slider_2: markerPos = None
28.8421 	EXP 	slider_2: markerPos = None
28.8421 	EXP 	slider_2: rating = None
28.8421 	EXP 	image_2: autoDraw = True
28.8421 	EXP 	slider_2: autoDraw = True
28.8501 	DATA 	Mouse: Left button down, pos=(676,160)
28.8551 	EXP 	slider_2: markerPos = 3.4544270833333335
28.8720 	EXP 	slider_2: markerPos = 3.4544270833333335
28.8887 	EXP 	slider_2: markerPos = 3.4544270833333335
28.9058 	EXP 	slider_2: markerPos = 3.4544270833333335
28.9221 	EXP 	slider_2: markerPos = 3.4544270833333335
28.9391 	EXP 	slider_2: markerPos = 3.4544270833333335
28.9499 	DATA 	Mouse:  Left button up, pos=(676,160)
28.9556 	EXP 	slider_2: markerPos = 3.4544270833333335
28.9720 	EXP 	slider_2: markerPos = 3.4544270833333335
28.9720 	EXP 	slider_2: rating = 3.4544270833333335
28.9776 	EXP 	New trial (rep=0, index=7): OrderedDict([('Imagenes', 'imagenes\\Uvas.jpg'), ('Random', 0.7734382152670648), ('Correcto', None)])
29.0200 	EXP 	image_2: autoDraw = False
29.0200 	EXP 	slider_2: autoDraw = False
29.0200 	EXP 	image_2: image = 'imagenes\\Uvas.jpg'
29.0200 	EXP 	slider_2: markerPos = None
29.0200 	EXP 	slider_2: markerPos = None
29.0200 	EXP 	slider_2: rating = None
29.0200 	EXP 	image_2: autoDraw = True
29.0200 	EXP 	slider_2: autoDraw = True
29.0412 	DATA 	Mouse: Left button down, pos=(676,160)
29.0553 	EXP 	slider_2: markerPos = 3.4544270833333335
29.0720 	EXP 	slider_2: markerPos = 3.4544270833333335
29.0885 	EXP 	slider_2: markerPos = 3.4544270833333335
29.1057 	EXP 	slider_2: markerPos = 3.4544270833333335
29.1218 	EXP 	slider_2: markerPos = 3.4544270833333335
29.1326 	DATA 	Mouse:  Left button up, pos=(676,160)
29.1387 	EXP 	slider_2: markerPos = 3.4544270833333335
29.1557 	EXP 	slider_2: markerPos = 3.4544270833333335
29.1557 	EXP 	slider_2: rating = 3.4544270833333335
29.1618 	EXP 	New trial (rep=0, index=8): OrderedDict([('Imagenes', 'imagenes\\bon-bon-bun.jpg'), ('Random', 0.7387922093313524), ('Correcto', None)])
29.2229 	EXP 	image_2: autoDraw = False
29.2229 	EXP 	slider_2: autoDraw = False
29.2229 	EXP 	image_2: image = 'imagenes\\bon-bon-bun.jpg'
29.2229 	EXP 	slider_2: markerPos = None
29.2229 	EXP 	slider_2: markerPos = None
29.2229 	EXP 	slider_2: rating = None
29.2229 	EXP 	image_2: autoDraw = True
29.2229 	EXP 	slider_2: autoDraw = True
29.2654 	DATA 	Mouse: Left button down, pos=(676,160)
29.2886 	EXP 	slider_2: markerPos = 3.4544270833333335
29.3053 	EXP 	slider_2: markerPos = 3.4544270833333335
29.3219 	EXP 	slider_2: markerPos = 3.4544270833333335
29.3387 	EXP 	slider_2: markerPos = 3.4544270833333335
29.3417 	DATA 	Mouse:  Left button up, pos=(676,160)
29.3553 	EXP 	slider_2: markerPos = 3.4544270833333335
29.3553 	EXP 	slider_2: rating = 3.4544270833333335
29.3613 	EXP 	New trial (rep=0, index=9): OrderedDict([('Imagenes', 'imagenes\\Nutella (1).jpg'), ('Random', 0.5277483225747329), ('Correcto', None)])
29.4035 	EXP 	image_2: autoDraw = False
29.4035 	EXP 	slider_2: autoDraw = False
29.4035 	EXP 	image_2: image = 'imagenes\\Nutella (1).jpg'
29.4035 	EXP 	slider_2: markerPos = None
29.4035 	EXP 	slider_2: markerPos = None
29.4035 	EXP 	slider_2: rating = None
29.4035 	EXP 	image_2: autoDraw = True
29.4035 	EXP 	slider_2: autoDraw = True
29.5635 	DATA 	Mouse: Left button down, pos=(676,160)
29.5886 	EXP 	slider_2: markerPos = 3.4544270833333335
29.6052 	EXP 	slider_2: markerPos = 3.4544270833333335
29.6222 	EXP 	slider_2: markerPos = 3.4544270833333335
29.6388 	EXP 	slider_2: markerPos = 3.4544270833333335
29.6553 	EXP 	slider_2: markerPos = 3.4544270833333335
29.6721 	EXP 	slider_2: markerPos = 3.4544270833333335
29.6755 	DATA 	Mouse:  Left button up, pos=(676,160)
29.6886 	EXP 	slider_2: markerPos = 3.4544270833333335
29.6886 	EXP 	slider_2: rating = 3.4544270833333335
29.6947 	EXP 	New trial (rep=0, index=10): OrderedDict([('Imagenes', 'imagenes\\Galletas-festival.jpg'), ('Random', 0.36121121246191135), ('Correcto', None)])
29.7489 	EXP 	image_2: autoDraw = False
29.7489 	EXP 	slider_2: autoDraw = False
29.7489 	EXP 	image_2: image = 'imagenes\\Galletas-festival.jpg'
29.7489 	EXP 	slider_2: markerPos = None
29.7489 	EXP 	slider_2: markerPos = None
29.7489 	EXP 	slider_2: rating = None
29.7489 	EXP 	image_2: autoDraw = True
29.7489 	EXP 	slider_2: autoDraw = True
29.7905 	DATA 	Mouse: Left button down, pos=(676,160)
29.8052 	EXP 	slider_2: markerPos = 3.4544270833333335
29.8219 	EXP 	slider_2: markerPos = 3.4544270833333335
29.8388 	EXP 	slider_2: markerPos = 3.4544270833333335
29.8551 	EXP 	slider_2: markerPos = 3.4544270833333335
29.8718 	EXP 	slider_2: markerPos = 3.4544270833333335
29.8887 	EXP 	slider_2: markerPos = 3.4544270833333335
29.9052 	EXP 	slider_2: markerPos = 3.4544270833333335
29.9086 	DATA 	Mouse:  Left button up, pos=(676,160)
29.9218 	EXP 	slider_2: markerPos = 3.4544270833333335
29.9218 	EXP 	slider_2: rating = 3.4544270833333335
29.9275 	EXP 	New trial (rep=0, index=11): OrderedDict([('Imagenes', 'imagenes\\Papas-pollo.jpg'), ('Random', 0.6683114062971784), ('Correcto', None)])
29.9648 	EXP 	image_2: autoDraw = False
29.9648 	EXP 	slider_2: autoDraw = False
29.9648 	EXP 	image_2: image = 'imagenes\\Papas-pollo.jpg'
29.9648 	EXP 	slider_2: markerPos = None
29.9648 	EXP 	slider_2: markerPos = None
29.9648 	EXP 	slider_2: rating = None
29.9648 	EXP 	image_2: autoDraw = True
29.9648 	EXP 	slider_2: autoDraw = True
30.0254 	DATA 	Mouse: Left button down, pos=(676,160)
30.0384 	EXP 	slider_2: markerPos = 3.4544270833333335
30.0555 	EXP 	slider_2: markerPos = 3.4544270833333335
30.0718 	EXP 	slider_2: markerPos = 3.4544270833333335
30.0891 	EXP 	slider_2: markerPos = 3.4544270833333335
30.1056 	EXP 	slider_2: markerPos = 3.4544270833333335
30.1220 	EXP 	slider_2: markerPos = 3.4544270833333335
30.1338 	DATA 	Mouse:  Left button up, pos=(676,160)
30.1385 	EXP 	slider_2: markerPos = 3.4544270833333335
30.1553 	EXP 	slider_2: markerPos = 3.4544270833333335
30.1553 	EXP 	slider_2: rating = 3.4544270833333335
30.1627 	EXP 	New trial (rep=0, index=12): OrderedDict([('Imagenes', 'imagenes\\Banano.jpeg'), ('Random', 0.651633055306917), ('Correcto', None)])
30.2126 	EXP 	image_2: autoDraw = False
30.2126 	EXP 	slider_2: autoDraw = False
30.2126 	EXP 	image_2: image = 'imagenes\\Banano.jpeg'
30.2126 	EXP 	slider_2: markerPos = None
30.2126 	EXP 	slider_2: markerPos = None
30.2126 	EXP 	slider_2: rating = None
30.2126 	EXP 	image_2: autoDraw = True
30.2126 	EXP 	slider_2: autoDraw = True
30.2495 	DATA 	Mouse: Left button down, pos=(676,160)
30.2597 	EXP 	slider_2: markerPos = 3.4544270833333335
30.2723 	EXP 	slider_2: markerPos = 3.4544270833333335
30.2885 	EXP 	slider_2: markerPos = 3.4544270833333335
30.3055 	EXP 	slider_2: markerPos = 3.4544270833333335
30.3219 	EXP 	slider_2: markerPos = 3.4544270833333335
30.3389 	EXP 	slider_2: markerPos = 3.4544270833333335
30.3553 	EXP 	slider_2: markerPos = 3.4544270833333335
30.3585 	DATA 	Mouse:  Left button up, pos=(676,160)
30.3718 	EXP 	slider_2: markerPos = 3.4544270833333335
30.3718 	EXP 	slider_2: rating = 3.4544270833333335
30.3776 	EXP 	New trial (rep=0, index=13): OrderedDict([('Imagenes', 'imagenes\\Mango.jpeg'), ('Random', 0.555669112372461), ('Correcto', None)])
30.4293 	EXP 	image_2: autoDraw = False
30.4293 	EXP 	slider_2: autoDraw = False
30.4293 	EXP 	image_2: image = 'imagenes\\Mango.jpeg'
30.4293 	EXP 	slider_2: markerPos = None
30.4293 	EXP 	slider_2: markerPos = None
30.4293 	EXP 	slider_2: rating = None
30.4293 	EXP 	image_2: autoDraw = True
30.4293 	EXP 	slider_2: autoDraw = True
30.4577 	DATA 	Mouse: Left button down, pos=(676,160)
30.4718 	EXP 	slider_2: markerPos = 3.4544270833333335
30.4888 	EXP 	slider_2: markerPos = 3.4544270833333335
30.5053 	EXP 	slider_2: markerPos = 3.4544270833333335
30.5221 	EXP 	slider_2: markerPos = 3.4544270833333335
30.5387 	EXP 	slider_2: markerPos = 3.4544270833333335
30.5554 	EXP 	slider_2: markerPos = 3.4544270833333335
30.5720 	EXP 	slider_2: markerPos = 3.4544270833333335
30.5748 	DATA 	Mouse:  Left button up, pos=(676,160)
30.5886 	EXP 	slider_2: markerPos = 3.4544270833333335
30.5886 	EXP 	slider_2: rating = 3.4544270833333335
30.5947 	EXP 	New trial (rep=0, index=14): OrderedDict([('Imagenes', 'imagenes\\Leche-de-almendras.jpg'), ('Random', 0.36073876480313727), ('Correcto', None)])
30.6859 	DATA 	Mouse: Left button down, pos=(676,160)
30.6933 	EXP 	image_2: autoDraw = False
30.6933 	EXP 	slider_2: autoDraw = False
30.6933 	EXP 	image_2: image = 'imagenes\\Leche-de-almendras.jpg'
30.6933 	EXP 	slider_2: markerPos = None
30.6933 	EXP 	slider_2: markerPos = None
30.6933 	EXP 	slider_2: rating = None
30.6933 	EXP 	image_2: autoDraw = True
30.6933 	EXP 	slider_2: autoDraw = True
30.6933 	EXP 	slider_2: markerPos = 3.4544270833333335
30.7000 	EXP 	slider_2: markerPos = 3.4544270833333335
30.7077 	EXP 	slider_2: markerPos = 3.4544270833333335
30.7221 	EXP 	slider_2: markerPos = 3.4544270833333335
30.7390 	EXP 	slider_2: markerPos = 3.4544270833333335
30.7556 	EXP 	slider_2: markerPos = 3.4544270833333335
30.7723 	EXP 	slider_2: markerPos = 3.4544270833333335
30.7835 	DATA 	Mouse:  Left button up, pos=(676,160)
30.7894 	EXP 	slider_2: markerPos = 3.4544270833333335
30.8055 	EXP 	slider_2: markerPos = 3.4544270833333335
30.8055 	EXP 	slider_2: rating = 3.4544270833333335
30.8112 	EXP 	New trial (rep=0, index=15): OrderedDict([('Imagenes', 'imagenes\\Alpinito.jpg'), ('Random', 0.4515332417045813), ('Correcto', None)])
30.8796 	EXP 	image_2: autoDraw = False
30.8796 	EXP 	slider_2: autoDraw = False
30.8796 	EXP 	image_2: image = 'imagenes\\Alpinito.jpg'
30.8796 	EXP 	slider_2: markerPos = None
30.8796 	EXP 	slider_2: markerPos = None
30.8796 	EXP 	slider_2: rating = None
30.8796 	EXP 	image_2: autoDraw = True
30.8796 	EXP 	slider_2: autoDraw = True
30.9073 	DATA 	Mouse: Left button down, pos=(676,160)
30.9217 	EXP 	slider_2: markerPos = 3.4544270833333335
30.9388 	EXP 	slider_2: markerPos = 3.4544270833333335
30.9555 	EXP 	slider_2: markerPos = 3.4544270833333335
30.9721 	EXP 	slider_2: markerPos = 3.4544270833333335
30.9887 	EXP 	slider_2: markerPos = 3.4544270833333335
31.0055 	EXP 	slider_2: markerPos = 3.4544270833333335
31.0152 	DATA 	Mouse:  Left button up, pos=(676,160)
31.0219 	EXP 	slider_2: markerPos = 3.4544270833333335
31.0386 	EXP 	slider_2: markerPos = 3.4544270833333335
31.0386 	EXP 	slider_2: rating = 3.4544270833333335
31.0442 	EXP 	New trial (rep=0, index=16): OrderedDict([('Imagenes', 'imagenes\\Kiwi.jpg'), ('Random', 0.5893907384852061), ('Correcto', None)])
31.0735 	EXP 	image_2: autoDraw = False
31.0735 	EXP 	slider_2: autoDraw = False
31.0735 	EXP 	image_2: image = 'imagenes\\Kiwi.jpg'
31.0735 	EXP 	slider_2: markerPos = None
31.0735 	EXP 	slider_2: markerPos = None
31.0735 	EXP 	slider_2: rating = None
31.0735 	EXP 	image_2: autoDraw = True
31.0735 	EXP 	slider_2: autoDraw = True
31.1419 	DATA 	Mouse: Left button down, pos=(676,160)
31.1552 	EXP 	slider_2: markerPos = 3.4544270833333335
31.1720 	EXP 	slider_2: markerPos = 3.4544270833333335
31.1887 	EXP 	slider_2: markerPos = 3.4544270833333335
31.2054 	EXP 	slider_2: markerPos = 3.4544270833333335
31.2217 	EXP 	slider_2: markerPos = 3.4544270833333335
31.2342 	DATA 	Mouse:  Left button up, pos=(676,160)
31.2384 	EXP 	slider_2: markerPos = 3.4544270833333335
31.2555 	EXP 	slider_2: markerPos = 3.4544270833333335
31.2555 	EXP 	slider_2: rating = 3.4544270833333335
31.2608 	EXP 	New trial (rep=0, index=17): OrderedDict([('Imagenes', 'imagenes\\Chocoramo.jfif.jpg'), ('Random', 0.7789437122019539), ('Correcto', None)])
31.3206 	EXP 	image_2: autoDraw = False
31.3206 	EXP 	slider_2: autoDraw = False
31.3206 	EXP 	image_2: image = 'imagenes\\Chocoramo.jfif.jpg'
31.3206 	EXP 	slider_2: markerPos = None
31.3206 	EXP 	slider_2: markerPos = None
31.3206 	EXP 	slider_2: rating = None
31.3206 	EXP 	image_2: autoDraw = True
31.3206 	EXP 	slider_2: autoDraw = True
31.3439 	DATA 	Mouse: Left button down, pos=(676,160)
31.3717 	EXP 	slider_2: markerPos = 3.4544270833333335
31.3886 	EXP 	slider_2: markerPos = 3.4544270833333335
31.4055 	EXP 	slider_2: markerPos = 3.4544270833333335
31.4270 	EXP 	slider_2: markerPos = 3.4544270833333335
31.4387 	DATA 	Mouse:  Left button up, pos=(676,160)
31.4410 	EXP 	slider_2: markerPos = 3.4544270833333335
31.4550 	EXP 	slider_2: markerPos = 3.4544270833333335
31.4550 	EXP 	slider_2: rating = 3.4544270833333335
31.4593 	EXP 	New trial (rep=0, index=18): OrderedDict([('Imagenes', 'imagenes\\Brownie.jpg'), ('Random', 0.17000143351927688), ('Correcto', None)])
31.5376 	EXP 	image_2: autoDraw = False
31.5376 	EXP 	slider_2: autoDraw = False
31.5376 	EXP 	image_2: image = 'imagenes\\Brownie.jpg'
31.5376 	EXP 	slider_2: markerPos = None
31.5376 	EXP 	slider_2: markerPos = None
31.5376 	EXP 	slider_2: rating = None
31.5376 	EXP 	image_2: autoDraw = True
31.5376 	EXP 	slider_2: autoDraw = True
31.5677 	DATA 	Mouse: Left button down, pos=(676,160)
31.5887 	EXP 	slider_2: markerPos = 3.4544270833333335
31.6053 	EXP 	slider_2: markerPos = 3.4544270833333335
31.6219 	EXP 	slider_2: markerPos = 3.4544270833333335
31.6390 	EXP 	slider_2: markerPos = 3.4544270833333335
31.6563 	EXP 	slider_2: markerPos = 3.4544270833333335
31.6719 	EXP 	slider_2: markerPos = 3.4544270833333335
31.6888 	EXP 	slider_2: markerPos = 3.4544270833333335
31.6917 	DATA 	Mouse:  Left button up, pos=(676,160)
31.7052 	EXP 	slider_2: markerPos = 3.4544270833333335
31.7052 	EXP 	slider_2: rating = 3.4544270833333335
31.7110 	EXP 	New trial (rep=0, index=19): OrderedDict([('Imagenes', 'imagenes\\Rosquitas (1).jpg'), ('Random', 0.3035383390851263), ('Correcto', None)])
31.7811 	EXP 	image_2: autoDraw = False
31.7811 	EXP 	slider_2: autoDraw = False
31.7811 	EXP 	image_2: image = 'imagenes\\Rosquitas (1).jpg'
31.7811 	EXP 	slider_2: markerPos = None
31.7811 	EXP 	slider_2: markerPos = None
31.7811 	EXP 	slider_2: rating = None
31.7811 	EXP 	image_2: autoDraw = True
31.7811 	EXP 	slider_2: autoDraw = True
31.8416 	DATA 	Mouse: Left button down, pos=(676,160)
31.8556 	EXP 	slider_2: markerPos = 3.4544270833333335
31.8717 	EXP 	slider_2: markerPos = 3.4544270833333335
31.8887 	EXP 	slider_2: markerPos = 3.4544270833333335
31.9054 	EXP 	slider_2: markerPos = 3.4544270833333335
31.9219 	EXP 	slider_2: markerPos = 3.4544270833333335
31.9384 	EXP 	slider_2: markerPos = 3.4544270833333335
31.9551 	EXP 	slider_2: markerPos = 3.4544270833333335
31.9716 	EXP 	slider_2: markerPos = 3.4544270833333335
31.9885 	EXP 	slider_2: markerPos = 3.4544270833333335
32.0051 	EXP 	slider_2: markerPos = 3.4544270833333335
32.0219 	EXP 	slider_2: markerPos = 3.4544270833333335
32.0387 	EXP 	slider_2: markerPos = 3.4544270833333335
32.0551 	EXP 	slider_2: markerPos = 3.4544270833333335
32.0720 	EXP 	slider_2: markerPos = 3.4544270833333335
32.0884 	EXP 	slider_2: markerPos = 3.4544270833333335
32.1055 	EXP 	slider_2: markerPos = 3.4544270833333335
32.1160 	DATA 	Mouse:  Left button up, pos=(676,160)
32.1219 	EXP 	slider_2: markerPos = 3.4544270833333335
32.1388 	EXP 	slider_2: markerPos = 3.4544270833333335
32.1388 	EXP 	slider_2: rating = 3.4544270833333335
32.2446 	EXP 	image_2: autoDraw = False
32.2446 	EXP 	slider_2: autoDraw = False
32.2446 	EXP 	text: text = 'El nmero aleatorio es 3268.'
32.2446 	EXP 	text: autoDraw = True
32.2494 	DATA 	Mouse: Left button down, pos=(676,160)
32.3435 	DATA 	Mouse:  Left button up, pos=(676,160)
32.4600 	DATA 	Mouse: Left button down, pos=(676,160)
32.5930 	DATA 	Mouse:  Left button up, pos=(676,160)
34.9102 	DATA 	Keypress: escape
35.4261 	EXP 	window1: mouseVisible = True
