1.5035 	WARNING 	We strongly recommend you activate the PTB sound engine in PsychoPy prefs as the preferred audio engine. Its timing is vastly superior. Your prefs are currently set to use ['sounddevice', 'PTB', 'pyo', 'pygame'] (in that order).
53.4159 	WARNING 	User requested fullscreen with size [1024  768], but screen is actually [1366, 768]. Using actual size
55.2407 	EXP 	Created window1 = Window(allowGUI=False, allowStencil=False, args=UNKNOWN, autoLog=True, bitsMode=UNKNOWN, blendMode='avg', bpc=(8, 8, 8), color=array([0., 0., 0.]), colorSpace='rgb', depthBits=8, fullscr=<method-wrapper '__getattribute__' of attributeSetter object at 0x000002308EE2D6D8>, gamma=None, gammaErrorPolicy='raise', kwargs=UNKNOWN, lms=UNKNOWN, monitor=<psychopy.monitors.calibTools.Monitor object at 0x000002308EBCA748>, multiSample=False, name='window1', numSamples=2, pos=[0.0, 0.0], screen=0, size=array([1366,  768]), stencilBits=0, stereo=False, units='height', useFBO=True, useRetina=False, viewOri=0.0, viewPos=None, viewScale=None, waitBlanking=True, winType='pyglet')
55.2414 	EXP 	window1: mouseVisible = True
55.2415 	EXP 	window1: recordFrameIntervals = False
55.4053 	EXP 	window1: recordFrameIntervals = True
55.5892 	EXP 	window1: recordFrameIntervals = False
56.1338 	EXP 	Sound Sonido set volume 1.000
56.1483 	EXP 	Created image_2 = ImageStim(__class__=<class 'psychopy.visual.image.ImageStim'>, autoLog=True, color=array([1., 1., 1.]), colorSpace='rgb', contrast=1.0, depth=-1.0, flipHoriz=False, flipVert=False, image='sin', interpolate=True, mask=None, maskParams=None, name='image_2', opacity=1.0, ori=0.0, pos=array([0. , 0.2]), size=array([0.5, 0.5]), texRes=128, units='height', win=Window(...))
56.1734 	EXP 	window1: mouseVisible = True
56.3998 	EXP 	Created slider_2 = Slider(__class__=<class 'psychopy.visual.slider.Slider'>, autoDraw=False, autoLog=True, color='LightGray', depth=0, flip=False, font='HelveticaBold', granularity=0, labelHeight=0.05, labelWrapWidth=None, labels=('0', '1000', '2000', '3000', '4000', '5000'), name='slider_2', pos=(0, -0.3), readOnly=False, self=UNKNOWN, size=(1.0, 0.05), style=method-wrapper(...), ticks=array([1, 2, 3, 4, 5, 6]), units='height', win=Window(...))
56.4770 	EXP 	Created text = TextStim(__class__=<class 'psychopy.visual.text.TextStim'>, alignHoriz=method-wrapper(...), alignText='center', alignVert=method-wrapper(...), anchorHoriz='center', anchorVert='center', antialias=True, autoLog=True, bold=False, color='white', colorSpace='named', contrast=1.0, depth=-1.0, flipHoriz=False, flipVert=False, font='Arial', fontFiles=[], height=0.1, italic=False, languageStyle='LTR', name='text', opacity=1.0, ori=0, pos=array([0., 0.]), rgb=array([255., 255., 255.]), text='default text', units='height', win=Window(...), wrapWidth=1)
56.4864 	EXP 	Created text_2 = TextStim(__class__=<class 'psychopy.visual.text.TextStim'>, alignHoriz=method-wrapper(...), alignText='center', alignVert=method-wrapper(...), anchorHoriz='center', anchorVert='center', antialias=True, autoLog=True, bold=False, color='white', colorSpace='named', contrast=1.0, depth=-2.0, flipHoriz=False, flipVert=False, font='Arial', fontFiles=[], height=0.1, italic=False, languageStyle='LTR', name='text_2', opacity=1.0, ori=0, pos=array([0., 0.]), rgb=array([255., 255., 255.]), text='default text', units='height', win=Window(...), wrapWidth=1)
56.5710 	EXP 	Imported ruidos.xlsx as conditions, 4 conditions, 2 params
56.5717 	EXP 	Created sequence: random, trialTypes=4, nReps=1, seed=None
56.5723 	EXP 	New trial (rep=0, index=0): OrderedDict([('Hertz', 1000), ('volumen', 0.0)])
56.5864 	EXP 	Imported imagenes.xlsx as conditions, 20 conditions, 3 params
56.5871 	EXP 	Created sequence: random, trialTypes=20, nReps=1, seed=None
56.5877 	EXP 	New trial (rep=0, index=0): OrderedDict([('Imagenes', 'imagenes\\Chocoramo.jfif.jpg'), ('Random', 0.7789437122019539), ('Correcto', None)])
56.6735 	EXP 	slider_2: autoLog = True
56.6735 	EXP 	slider_2: markerPos = None
56.6735 	EXP 	slider_2: rating = None
56.6735 	EXP 	slider_2: markerPos = None
56.6735 	EXP 	slider_2: contrast = 1.0
56.6735 	EXP 	slider_2: autoLog = True
56.6735 	EXP 	slider_2: style = ['rating']
56.6735 	EXP 	image_2: image = 'imagenes\\Chocoramo.jfif.jpg'
56.6735 	EXP 	slider_2: markerPos = None
56.6735 	EXP 	slider_2: markerPos = None
56.6735 	EXP 	slider_2: rating = None
56.6735 	EXP 	image_2: autoDraw = True
56.6735 	EXP 	slider_2: autoDraw = True
57.3091 	DATA 	Mouse: Left button down, pos=(646,150)
57.3220 	EXP 	slider_2: markerPos = 3.2591145833333335
57.3386 	EXP 	slider_2: markerPos = 3.2591145833333335
57.3552 	EXP 	slider_2: markerPos = 3.2591145833333335
57.3719 	EXP 	slider_2: markerPos = 3.2591145833333335
57.3817 	DATA 	Mouse:  Left button up, pos=(646,150)
57.3883 	EXP 	slider_2: markerPos = 3.2591145833333335
57.4053 	EXP 	slider_2: markerPos = 3.2591145833333335
57.4053 	EXP 	slider_2: rating = 3.2591145833333335
57.4097 	EXP 	New trial (rep=0, index=1): OrderedDict([('Imagenes', 'imagenes\\bon-bon-bun.jpg'), ('Random', 0.7387922093313524), ('Correcto', None)])
57.4425 	EXP 	image_2: autoDraw = False
57.4425 	EXP 	slider_2: autoDraw = False
57.4425 	EXP 	image_2: image = 'imagenes\\bon-bon-bun.jpg'
57.4425 	EXP 	slider_2: markerPos = None
57.4425 	EXP 	slider_2: markerPos = None
57.4425 	EXP 	slider_2: rating = None
57.4425 	EXP 	image_2: autoDraw = True
57.4425 	EXP 	slider_2: autoDraw = True
57.5418 	DATA 	Mouse: Left button down, pos=(764,170)
57.5553 	EXP 	slider_2: markerPos = 4.02734375
57.5716 	EXP 	slider_2: markerPos = 4.02734375
57.5883 	EXP 	slider_2: markerPos = 4.02734375
57.6052 	EXP 	slider_2: markerPos = 4.02734375
57.6220 	EXP 	slider_2: markerPos = 4.02734375
57.6382 	EXP 	slider_2: markerPos = 4.02734375
57.6463 	DATA 	Mouse:  Left button up, pos=(764,170)
57.6548 	EXP 	slider_2: markerPos = 4.02734375
57.6719 	EXP 	slider_2: markerPos = 4.02734375
57.6719 	EXP 	slider_2: rating = 4.02734375
57.6760 	EXP 	New trial (rep=0, index=2): OrderedDict([('Imagenes', 'imagenes\\Alpinito.jpg'), ('Random', 0.4515332417045813), ('Correcto', None)])
57.7200 	EXP 	image_2: autoDraw = False
57.7200 	EXP 	slider_2: autoDraw = False
57.7200 	EXP 	image_2: image = 'imagenes\\Alpinito.jpg'
57.7200 	EXP 	slider_2: markerPos = None
57.7200 	EXP 	slider_2: markerPos = None
57.7200 	EXP 	slider_2: rating = None
57.7200 	EXP 	image_2: autoDraw = True
57.7200 	EXP 	slider_2: autoDraw = True
57.7573 	DATA 	Mouse: Left button down, pos=(583,162)
57.7718 	EXP 	slider_2: markerPos = 2.848958333333333
57.7886 	EXP 	slider_2: markerPos = 2.8359375
57.8053 	EXP 	slider_2: markerPos = 2.8359375
57.8219 	EXP 	slider_2: markerPos = 2.8359375
57.8384 	EXP 	slider_2: markerPos = 2.8359375
57.8410 	DATA 	Mouse:  Left button up, pos=(581,161)
57.8549 	EXP 	slider_2: markerPos = 2.8359375
57.8549 	EXP 	slider_2: rating = 2.8359375
57.8588 	EXP 	New trial (rep=0, index=3): OrderedDict([('Imagenes', 'imagenes\\Croissant.jpg'), ('Random', 0.6152458173421255), ('Correcto', None)])
57.9066 	EXP 	image_2: autoDraw = False
57.9066 	EXP 	slider_2: autoDraw = False
57.9066 	EXP 	image_2: image = 'imagenes\\Croissant.jpg'
57.9066 	EXP 	slider_2: markerPos = None
57.9066 	EXP 	slider_2: markerPos = None
57.9066 	EXP 	slider_2: rating = None
57.9066 	EXP 	image_2: autoDraw = True
57.9066 	EXP 	slider_2: autoDraw = True
57.9737 	DATA 	Mouse: Left button down, pos=(585,158)
57.9882 	EXP 	slider_2: markerPos = 2.868489583333333
58.0052 	EXP 	slider_2: markerPos = 2.8815104166666665
58.0215 	EXP 	slider_2: markerPos = 2.9596354166666665
58.0237 	DATA 	Mouse:  Left button up, pos=(630,157)
58.0383 	EXP 	slider_2: markerPos = 2.9596354166666665
58.0383 	EXP 	slider_2: rating = 2.9596354166666665
58.0417 	EXP 	New trial (rep=0, index=4): OrderedDict([('Imagenes', 'imagenes\\Galletas-festival.jpg'), ('Random', 0.36121121246191135), ('Correcto', None)])
58.0932 	EXP 	image_2: autoDraw = False
58.0932 	EXP 	slider_2: autoDraw = False
58.0932 	EXP 	image_2: image = 'imagenes\\Galletas-festival.jpg'
58.0932 	EXP 	slider_2: markerPos = None
58.0932 	EXP 	slider_2: markerPos = None
58.0932 	EXP 	slider_2: rating = None
58.0932 	EXP 	image_2: autoDraw = True
58.0932 	EXP 	slider_2: autoDraw = True
58.1404 	DATA 	Mouse: Left button down, pos=(951,157)
58.1552 	EXP 	slider_2: markerPos = 5.244791666666666
58.1718 	EXP 	slider_2: markerPos = 5.244791666666666
58.1882 	EXP 	slider_2: markerPos = 5.244791666666666
58.2053 	EXP 	slider_2: markerPos = 5.244791666666666
58.2114 	DATA 	Mouse:  Left button up, pos=(951,157)
58.2218 	EXP 	slider_2: markerPos = 5.244791666666666
58.2381 	EXP 	slider_2: markerPos = 5.244791666666666
58.2381 	EXP 	slider_2: rating = 5.244791666666666
58.2418 	EXP 	New trial (rep=0, index=5): OrderedDict([('Imagenes', 'imagenes\\Leche-de-almendras.jpg'), ('Random', 0.36073876480313727), ('Correcto', None)])
58.3503 	DATA 	Mouse: Left button down, pos=(866,158)
58.3561 	EXP 	image_2: autoDraw = False
58.3561 	EXP 	slider_2: autoDraw = False
58.3561 	EXP 	image_2: image = 'imagenes\\Leche-de-almendras.jpg'
58.3561 	EXP 	slider_2: markerPos = None
58.3561 	EXP 	slider_2: markerPos = None
58.3561 	EXP 	slider_2: rating = None
58.3561 	EXP 	image_2: autoDraw = True
58.3561 	EXP 	slider_2: autoDraw = True
58.3561 	EXP 	slider_2: markerPos = 4.509114583333333
58.3637 	EXP 	slider_2: markerPos = 4.463541666666667
58.3717 	EXP 	slider_2: markerPos = 4.411458333333333
58.3886 	EXP 	slider_2: markerPos = 4.333333333333333
58.3910 	DATA 	Mouse:  Left button up, pos=(801,160)
58.4055 	EXP 	slider_2: markerPos = 4.333333333333333
58.4055 	EXP 	slider_2: rating = 4.333333333333333
58.4088 	EXP 	New trial (rep=0, index=6): OrderedDict([('Imagenes', 'imagenes\\Popetas.jpg'), ('Random', 0.07650200324054446), ('Correcto', None)])
58.4507 	EXP 	image_2: autoDraw = False
58.4507 	EXP 	slider_2: autoDraw = False
58.4507 	EXP 	image_2: image = 'imagenes\\Popetas.jpg'
58.4507 	EXP 	slider_2: markerPos = None
58.4507 	EXP 	slider_2: markerPos = None
58.4507 	EXP 	slider_2: rating = None
58.4507 	EXP 	image_2: autoDraw = True
58.4507 	EXP 	slider_2: autoDraw = True
58.4949 	DATA 	Mouse: Left button down, pos=(696,161)
58.5219 	EXP 	slider_2: markerPos = 3.578125
58.5387 	EXP 	slider_2: markerPos = 3.578125
58.5556 	EXP 	slider_2: markerPos = 3.565104166666667
58.5649 	DATA 	Mouse:  Left button up, pos=(674,159)
58.5721 	EXP 	slider_2: markerPos = 3.5
58.5882 	EXP 	slider_2: markerPos = 3.5
58.5882 	EXP 	slider_2: rating = 3.5
58.5915 	EXP 	New trial (rep=0, index=7): OrderedDict([('Imagenes', 'imagenes\\Manzana.jpg'), ('Random', 0.5168162194437935), ('Correcto', None)])
58.6253 	EXP 	image_2: autoDraw = False
58.6253 	EXP 	slider_2: autoDraw = False
58.6253 	EXP 	image_2: image = 'imagenes\\Manzana.jpg'
58.6253 	EXP 	slider_2: markerPos = None
58.6253 	EXP 	slider_2: markerPos = None
58.6253 	EXP 	slider_2: rating = None
58.6253 	EXP 	image_2: autoDraw = True
58.6253 	EXP 	slider_2: autoDraw = True
58.6745 	DATA 	Mouse: Left button down, pos=(361,158)
58.6885 	EXP 	slider_2: markerPos = 1.3776041666666665
58.7054 	EXP 	slider_2: markerPos = 1.37109375
58.7221 	EXP 	slider_2: markerPos = 1.37109375
58.7306 	DATA 	Mouse:  Left button up, pos=(356,157)
58.7381 	EXP 	slider_2: markerPos = 1.37109375
58.7550 	EXP 	slider_2: markerPos = 1.37109375
58.7550 	EXP 	slider_2: rating = 1.37109375
58.7580 	EXP 	New trial (rep=0, index=8): OrderedDict([('Imagenes', 'imagenes\\Mango.jpeg'), ('Random', 0.555669112372461), ('Correcto', None)])
58.8029 	EXP 	image_2: autoDraw = False
58.8029 	EXP 	slider_2: autoDraw = False
58.8029 	EXP 	image_2: image = 'imagenes\\Mango.jpeg'
58.8029 	EXP 	slider_2: markerPos = None
58.8029 	EXP 	slider_2: markerPos = None
58.8029 	EXP 	slider_2: rating = None
58.8029 	EXP 	image_2: autoDraw = True
58.8029 	EXP 	slider_2: autoDraw = True
58.8575 	DATA 	Mouse: Left button down, pos=(514,142)
58.8714 	EXP 	slider_2: markerPos = 2.399739583333333
58.8882 	EXP 	slider_2: markerPos = 2.484375
58.9050 	EXP 	slider_2: markerPos = 2.608072916666667
58.9219 	EXP 	slider_2: markerPos = 2.7578125
58.9381 	EXP 	slider_2: markerPos = 2.9921875
58.9405 	DATA 	Mouse:  Left button up, pos=(636,130)
58.9549 	EXP 	slider_2: markerPos = 2.9921875
58.9549 	EXP 	slider_2: rating = 2.9921875
58.9589 	EXP 	New trial (rep=0, index=9): OrderedDict([('Imagenes', 'imagenes\\Uvas.jpg'), ('Random', 0.7734382152670648), ('Correcto', None)])
58.9933 	EXP 	image_2: autoDraw = False
58.9933 	EXP 	slider_2: autoDraw = False
58.9933 	EXP 	image_2: image = 'imagenes\\Uvas.jpg'
58.9933 	EXP 	slider_2: markerPos = None
58.9933 	EXP 	slider_2: markerPos = None
58.9933 	EXP 	slider_2: rating = None
58.9933 	EXP 	image_2: autoDraw = True
58.9933 	EXP 	slider_2: autoDraw = True
59.0241 	DATA 	Mouse: Left button down, pos=(740,132)
59.0935 	DATA 	Mouse:  Left button up, pos=(749,131)
59.1911 	DATA 	Mouse: Left button down, pos=(794,138)
59.2050 	EXP 	slider_2: markerPos = 4.22265625
59.2217 	EXP 	slider_2: markerPos = 4.138020833333333
59.2381 	EXP 	slider_2: markerPos = 4.0078125
59.2551 	EXP 	slider_2: markerPos = 3.649739583333333
59.2713 	EXP 	slider_2: markerPos = 3.2721354166666665
59.2883 	EXP 	slider_2: markerPos = 2.764322916666667
59.3053 	EXP 	slider_2: markerPos = 2.393229166666667
59.3074 	DATA 	Mouse:  Left button up, pos=(483,177)
59.3214 	EXP 	slider_2: markerPos = 2.393229166666667
59.3214 	EXP 	slider_2: rating = 2.393229166666667
59.3255 	EXP 	New trial (rep=0, index=10): OrderedDict([('Imagenes', 'imagenes\\Papas-pollo.jpg'), ('Random', 0.6683114062971784), ('Correcto', None)])
59.3531 	EXP 	image_2: autoDraw = False
59.3531 	EXP 	slider_2: autoDraw = False
59.3531 	EXP 	image_2: image = 'imagenes\\Papas-pollo.jpg'
59.3531 	EXP 	slider_2: markerPos = None
59.3531 	EXP 	slider_2: markerPos = None
59.3531 	EXP 	slider_2: rating = None
59.3531 	EXP 	image_2: autoDraw = True
59.3531 	EXP 	slider_2: autoDraw = True
59.3905 	DATA 	Mouse: Left button down, pos=(473,177)
59.4574 	DATA 	Mouse:  Left button up, pos=(479,174)
59.6910 	DATA 	Mouse: Left button down, pos=(695,153)
59.7050 	EXP 	slider_2: markerPos = 3.578125
59.7217 	EXP 	slider_2: markerPos = 3.578125
59.7384 	EXP 	slider_2: markerPos = 3.578125
59.7553 	EXP 	slider_2: markerPos = 3.578125
59.7640 	DATA 	Mouse:  Left button up, pos=(695,153)
59.7716 	EXP 	slider_2: markerPos = 3.578125
59.7883 	EXP 	slider_2: markerPos = 3.578125
59.7883 	EXP 	slider_2: rating = 3.578125
59.7912 	EXP 	New trial (rep=0, index=11): OrderedDict([('Imagenes', 'imagenes\\Papas-naturales.jpg'), ('Random', 0.15856838916280946), ('Correcto', None)])
59.8203 	EXP 	image_2: autoDraw = False
59.8203 	EXP 	slider_2: autoDraw = False
59.8203 	EXP 	image_2: image = 'imagenes\\Papas-naturales.jpg'
59.8203 	EXP 	slider_2: markerPos = None
59.8203 	EXP 	slider_2: markerPos = None
59.8203 	EXP 	slider_2: rating = None
59.8203 	EXP 	image_2: autoDraw = True
59.8203 	EXP 	slider_2: autoDraw = True
59.8760 	DATA 	Mouse: Left button down, pos=(771,155)
59.8882 	EXP 	slider_2: markerPos = 4.072916666666667
59.9051 	EXP 	slider_2: markerPos = 4.072916666666667
59.9214 	EXP 	slider_2: markerPos = 4.072916666666667
59.9384 	EXP 	slider_2: markerPos = 4.072916666666667
59.9552 	EXP 	slider_2: markerPos = 4.072916666666667
59.9716 	EXP 	slider_2: markerPos = 4.125
59.9735 	DATA 	Mouse:  Left button up, pos=(791,154)
59.9882 	EXP 	slider_2: markerPos = 4.125
59.9882 	EXP 	slider_2: rating = 4.125
59.9922 	EXP 	New trial (rep=0, index=12): OrderedDict([('Imagenes', 'imagenes\\Rosquitas (1).jpg'), ('Random', 0.3035383390851263), ('Correcto', None)])
60.0433 	EXP 	image_2: autoDraw = False
60.0433 	EXP 	slider_2: autoDraw = False
60.0433 	EXP 	image_2: image = 'imagenes\\Rosquitas (1).jpg'
60.0433 	EXP 	slider_2: markerPos = None
60.0433 	EXP 	slider_2: markerPos = None
60.0433 	EXP 	slider_2: rating = None
60.0433 	EXP 	image_2: autoDraw = True
60.0433 	EXP 	slider_2: autoDraw = True
60.0496 	DATA 	Mouse: Left button down, pos=(841,154)
60.0581 	EXP 	slider_2: markerPos = 4.528645833333333
60.0716 	EXP 	slider_2: markerPos = 4.528645833333333
60.0881 	EXP 	slider_2: markerPos = 4.528645833333333
60.1052 	EXP 	slider_2: markerPos = 4.528645833333333
60.1218 	EXP 	slider_2: markerPos = 4.528645833333333
60.1383 	EXP 	slider_2: markerPos = 4.528645833333333
60.1445 	DATA 	Mouse:  Left button up, pos=(841,154)
60.1552 	EXP 	slider_2: markerPos = 4.528645833333333
60.1717 	EXP 	slider_2: markerPos = 4.528645833333333
60.1717 	EXP 	slider_2: rating = 4.528645833333333
60.1758 	EXP 	New trial (rep=0, index=13): OrderedDict([('Imagenes', 'imagenes\\Galletas Tosh.jpg'), ('Random', 0.478088790487872), ('Correcto', None)])
60.2293 	DATA 	Mouse: Left button down, pos=(780,157)
60.2337 	EXP 	image_2: autoDraw = False
60.2337 	EXP 	slider_2: autoDraw = False
60.2337 	EXP 	image_2: image = 'imagenes\\Galletas Tosh.jpg'
60.2337 	EXP 	slider_2: markerPos = None
60.2337 	EXP 	slider_2: markerPos = None
60.2337 	EXP 	slider_2: rating = None
60.2337 	EXP 	image_2: autoDraw = True
60.2337 	EXP 	slider_2: autoDraw = True
60.2337 	EXP 	slider_2: markerPos = 4.131510416666667
60.2411 	EXP 	slider_2: markerPos = 4.046875
60.2497 	EXP 	slider_2: markerPos = 3.923177083333333
60.2577 	EXP 	slider_2: markerPos = 3.838541666666667
60.2715 	EXP 	slider_2: markerPos = 3.838541666666667
60.2882 	EXP 	slider_2: markerPos = 3.682291666666667
60.3047 	EXP 	slider_2: markerPos = 3.51953125
60.3065 	DATA 	Mouse:  Left button up, pos=(671,159)
60.3214 	EXP 	slider_2: markerPos = 3.51953125
60.3214 	EXP 	slider_2: rating = 3.51953125
60.3250 	EXP 	New trial (rep=0, index=14): OrderedDict([('Imagenes', 'imagenes\\Papas-limon.jpg'), ('Random', 0.020692288100133793), ('Correcto', None)])
60.3420 	EXP 	image_2: autoDraw = False
60.3420 	EXP 	slider_2: autoDraw = False
60.3420 	EXP 	image_2: image = 'imagenes\\Papas-limon.jpg'
60.3420 	EXP 	slider_2: markerPos = None
60.3420 	EXP 	slider_2: markerPos = None
60.3420 	EXP 	slider_2: rating = None
60.3420 	EXP 	image_2: autoDraw = True
60.3420 	EXP 	slider_2: autoDraw = True
60.3742 	DATA 	Mouse: Left button down, pos=(652,160)
60.3880 	EXP 	slider_2: markerPos = 3.2981770833333335
60.4049 	EXP 	slider_2: markerPos = 3.2721354166666665
60.4217 	EXP 	slider_2: markerPos = 3.2395833333333335
60.4381 	EXP 	slider_2: markerPos = 3.2005208333333335
60.4549 	EXP 	slider_2: markerPos = 3.0638020833333335
60.4577 	DATA 	Mouse:  Left button up, pos=(608,160)
60.4716 	EXP 	slider_2: markerPos = 3.0638020833333335
60.4716 	EXP 	slider_2: rating = 3.0638020833333335
60.4757 	EXP 	New trial (rep=0, index=15): OrderedDict([('Imagenes', 'imagenes\\Brownie.jpg'), ('Random', 0.17000143351927688), ('Correcto', None)])
60.5374 	DATA 	Mouse: Left button down, pos=(518,158)
60.5396 	EXP 	image_2: autoDraw = False
60.5396 	EXP 	slider_2: autoDraw = False
60.5396 	EXP 	image_2: image = 'imagenes\\Brownie.jpg'
60.5396 	EXP 	slider_2: markerPos = None
60.5396 	EXP 	slider_2: markerPos = None
60.5396 	EXP 	slider_2: rating = None
60.5396 	EXP 	image_2: autoDraw = True
60.5396 	EXP 	slider_2: autoDraw = True
60.5472 	EXP 	slider_2: markerPos = 2.42578125
60.5547 	EXP 	slider_2: markerPos = 2.419270833333333
60.5717 	EXP 	slider_2: markerPos = 2.40625
60.5883 	EXP 	slider_2: markerPos = 2.399739583333333
60.6054 	EXP 	slider_2: markerPos = 2.393229166666667
60.6150 	DATA 	Mouse:  Left button up, pos=(509,157)
60.6218 	EXP 	slider_2: markerPos = 2.380208333333333
60.6381 	EXP 	slider_2: markerPos = 2.380208333333333
60.6381 	EXP 	slider_2: rating = 2.380208333333333
60.6418 	EXP 	New trial (rep=0, index=16): OrderedDict([('Imagenes', 'imagenes\\Nutella (1).jpg'), ('Random', 0.5277483225747329), ('Correcto', None)])
60.6716 	EXP 	image_2: autoDraw = False
60.6716 	EXP 	slider_2: autoDraw = False
60.6716 	EXP 	image_2: image = 'imagenes\\Nutella (1).jpg'
60.6716 	EXP 	slider_2: markerPos = None
60.6716 	EXP 	slider_2: markerPos = None
60.6716 	EXP 	slider_2: rating = None
60.6716 	EXP 	image_2: autoDraw = True
60.6716 	EXP 	slider_2: autoDraw = True
60.6942 	DATA 	Mouse: Left button down, pos=(495,155)
60.7220 	EXP 	slider_2: markerPos = 2.26953125
60.7383 	EXP 	slider_2: markerPos = 2.26953125
60.7551 	EXP 	slider_2: markerPos = 2.263020833333333
60.7641 	DATA 	Mouse:  Left button up, pos=(493,155)
60.7718 	EXP 	slider_2: markerPos = 2.263020833333333
60.7881 	EXP 	slider_2: markerPos = 2.263020833333333
60.7881 	EXP 	slider_2: rating = 2.263020833333333
60.7912 	EXP 	New trial (rep=0, index=17): OrderedDict([('Imagenes', 'imagenes\\Yogurt-alpina.jpg'), ('Random', 0.21540995091807813), ('Correcto', None)])
60.8274 	EXP 	image_2: autoDraw = False
60.8274 	EXP 	slider_2: autoDraw = False
60.8274 	EXP 	image_2: image = 'imagenes\\Yogurt-alpina.jpg'
60.8274 	EXP 	slider_2: markerPos = None
60.8274 	EXP 	slider_2: markerPos = None
60.8274 	EXP 	slider_2: rating = None
60.8274 	EXP 	image_2: autoDraw = True
60.8274 	EXP 	slider_2: autoDraw = True
60.8734 	DATA 	Mouse: Left button down, pos=(526,153)
60.8881 	EXP 	slider_2: markerPos = 2.497395833333333
60.9051 	EXP 	slider_2: markerPos = 2.510416666666667
60.9217 	EXP 	slider_2: markerPos = 2.595052083333333
60.9235 	DATA 	Mouse:  Left button up, pos=(551,153)
60.9381 	EXP 	slider_2: markerPos = 2.595052083333333
60.9381 	EXP 	slider_2: rating = 2.595052083333333
60.9415 	EXP 	New trial (rep=0, index=18): OrderedDict([('Imagenes', 'imagenes\\Kiwi.jpg'), ('Random', 0.5893907384852061), ('Correcto', None)])
60.9606 	EXP 	image_2: autoDraw = False
60.9606 	EXP 	slider_2: autoDraw = False
60.9606 	EXP 	image_2: image = 'imagenes\\Kiwi.jpg'
60.9606 	EXP 	slider_2: markerPos = None
60.9606 	EXP 	slider_2: markerPos = None
60.9606 	EXP 	slider_2: rating = None
60.9606 	EXP 	image_2: autoDraw = True
60.9606 	EXP 	slider_2: autoDraw = True
61.5483 	DATA 	Mouse: Left button down, pos=(791,145)
61.5717 	EXP 	slider_2: markerPos = 4.170572916666667
61.5882 	EXP 	slider_2: markerPos = 4.0859375
61.6053 	EXP 	slider_2: markerPos = 3.981770833333333
61.6218 	EXP 	slider_2: markerPos = 3.864583333333333
61.6382 	EXP 	slider_2: markerPos = 3.721354166666667
61.6552 	EXP 	slider_2: markerPos = 3.565104166666667
61.6717 	EXP 	slider_2: markerPos = 3.4479166666666665
61.6882 	EXP 	slider_2: markerPos = 3.3372395833333335
61.7051 	EXP 	slider_2: markerPos = 3.265625
61.7218 	EXP 	slider_2: markerPos = 3.2330729166666665
61.7382 	EXP 	slider_2: markerPos = 3.1744791666666665
61.7549 	EXP 	slider_2: markerPos = 3.1354166666666665
61.7717 	EXP 	slider_2: markerPos = 3.1028645833333335
61.7882 	EXP 	slider_2: markerPos = 3.0638020833333335
61.8052 	EXP 	slider_2: markerPos = 3.0377604166666665
61.8217 	EXP 	slider_2: markerPos = 3.0247395833333335
61.8382 	EXP 	slider_2: markerPos = 3.0182291666666665
61.8555 	EXP 	slider_2: markerPos = 3.0052083333333335
61.8716 	EXP 	slider_2: markerPos = 2.97265625
61.8883 	EXP 	slider_2: markerPos = 2.9075520833333335
61.9055 	EXP 	slider_2: markerPos = 2.85546875
61.9215 	EXP 	slider_2: markerPos = 2.809895833333333
61.9382 	EXP 	slider_2: markerPos = 2.770833333333333
61.9551 	EXP 	slider_2: markerPos = 2.751302083333333
61.9617 	EXP 	New trial (rep=0, index=19): OrderedDict([('Imagenes', 'imagenes\\Banano.jpeg'), ('Random', 0.651633055306917), ('Correcto', None)])
62.0109 	EXP 	image_2: autoDraw = False
62.0109 	EXP 	slider_2: autoDraw = False
62.0109 	EXP 	image_2: autoDraw = False
62.0109 	EXP 	slider_2: autoDraw = False
62.0109 	EXP 	image_2: image = 'imagenes\\Banano.jpeg'
62.0109 	EXP 	slider_2: markerPos = None
62.0109 	EXP 	slider_2: markerPos = None
62.0109 	EXP 	slider_2: rating = None
62.0109 	EXP 	image_2: autoDraw = True
62.0109 	EXP 	slider_2: autoDraw = True
62.0109 	EXP 	slider_2: markerPos = 2.666666666666667
62.0243 	EXP 	slider_2: markerPos = 2.666666666666667
62.0364 	EXP 	slider_2: markerPos = 2.666666666666667
62.0477 	EXP 	slider_2: markerPos = 2.666666666666667
62.0619 	EXP 	slider_2: markerPos = 2.666666666666667
62.0741 	EXP 	slider_2: markerPos = 2.666666666666667
62.0882 	EXP 	slider_2: markerPos = 2.666666666666667
62.1050 	EXP 	slider_2: markerPos = 2.666666666666667
62.1217 	EXP 	slider_2: markerPos = 2.705729166666667
62.1381 	EXP 	slider_2: markerPos = 2.783854166666667
62.1554 	EXP 	slider_2: markerPos = 2.9921875
62.1716 	EXP 	slider_2: markerPos = 3.2330729166666665
62.1882 	EXP 	slider_2: markerPos = 3.4739583333333335
62.2054 	EXP 	slider_2: markerPos = 3.67578125
62.2216 	EXP 	slider_2: markerPos = 3.845052083333333
62.2382 	EXP 	slider_2: markerPos = 3.975260416666667
62.2550 	EXP 	slider_2: markerPos = 4.10546875
62.2717 	EXP 	slider_2: markerPos = 4.18359375
62.2894 	EXP 	slider_2: markerPos = 4.30078125
62.3048 	EXP 	slider_2: markerPos = 4.346354166666667
62.3215 	EXP 	slider_2: markerPos = 4.385416666666667
62.3382 	EXP 	slider_2: markerPos = 4.411458333333333
62.3554 	EXP 	slider_2: markerPos = 4.4375
62.3718 	EXP 	slider_2: markerPos = 4.450520833333333
62.3883 	EXP 	slider_2: markerPos = 4.45703125
62.4054 	EXP 	slider_2: markerPos = 4.463541666666667
62.4216 	EXP 	slider_2: markerPos = 4.463541666666667
62.4382 	EXP 	slider_2: markerPos = 4.463541666666667
62.4553 	EXP 	slider_2: markerPos = 4.463541666666667
62.4717 	EXP 	slider_2: markerPos = 4.463541666666667
62.4883 	EXP 	slider_2: markerPos = 4.463541666666667
62.5049 	EXP 	slider_2: markerPos = 4.463541666666667
62.5216 	EXP 	slider_2: markerPos = 4.45703125
62.5382 	EXP 	slider_2: markerPos = 4.372395833333333
62.5553 	EXP 	slider_2: markerPos = 4.26171875
62.5718 	EXP 	slider_2: markerPos = 4.072916666666667
62.5883 	EXP 	slider_2: markerPos = 3.955729166666667
62.6051 	EXP 	slider_2: markerPos = 3.884114583333333
62.6215 	EXP 	slider_2: markerPos = 3.825520833333333
62.6381 	EXP 	slider_2: markerPos = 3.786458333333333
62.6549 	EXP 	slider_2: markerPos = 3.760416666666667
62.6716 	EXP 	slider_2: markerPos = 3.75390625
62.6882 	EXP 	slider_2: markerPos = 3.747395833333333
62.7052 	EXP 	slider_2: markerPos = 3.747395833333333
62.7219 	EXP 	slider_2: markerPos = 3.747395833333333
62.7309 	DATA 	Mouse:  Left button up, pos=(721,154)
62.7380 	EXP 	slider_2: markerPos = 3.747395833333333
62.7547 	EXP 	slider_2: markerPos = 3.747395833333333
62.7547 	EXP 	slider_2: rating = 3.747395833333333
62.7578 	EXP 	New trial (rep=0, index=1): OrderedDict([('Hertz', 1500), ('volumen', 0.02)])
62.7694 	EXP 	Imported imagenes.xlsx as conditions, 20 conditions, 3 params
62.7699 	EXP 	Created sequence: random, trialTypes=20, nReps=1, seed=None
62.7703 	EXP 	New trial (rep=0, index=0): OrderedDict([('Imagenes', 'imagenes\\Brownie.jpg'), ('Random', 0.17000143351927688), ('Correcto', None)])
62.8040 	EXP 	image_2: autoDraw = False
62.8040 	EXP 	slider_2: autoDraw = False
62.8040 	EXP 	image_2: image = 'imagenes\\Brownie.jpg'
62.8040 	EXP 	slider_2: markerPos = None
62.8040 	EXP 	slider_2: markerPos = None
62.8040 	EXP 	slider_2: rating = None
62.8040 	EXP 	image_2: autoDraw = True
62.8040 	EXP 	slider_2: autoDraw = True
63.1651 	DATA 	Mouse: Left button down, pos=(689,158)
63.1883 	EXP 	slider_2: markerPos = 3.5390625
63.2053 	EXP 	slider_2: markerPos = 3.5390625
63.2217 	EXP 	slider_2: markerPos = 3.552083333333333
63.2383 	EXP 	slider_2: markerPos = 3.610677083333333
63.2552 	EXP 	slider_2: markerPos = 3.682291666666667
63.2717 	EXP 	slider_2: markerPos = 3.786458333333333
63.2897 	EXP 	slider_2: markerPos = 3.897135416666667
63.3048 	EXP 	slider_2: markerPos = 4.131510416666667
63.3216 	EXP 	slider_2: markerPos = 4.209635416666667
63.3383 	EXP 	slider_2: markerPos = 4.4375
63.3553 	EXP 	slider_2: markerPos = 4.57421875
63.3717 	EXP 	slider_2: markerPos = 4.697916666666667
63.3883 	EXP 	slider_2: markerPos = 4.802083333333334
63.4050 	EXP 	slider_2: markerPos = 4.860677083333334
63.4215 	EXP 	slider_2: markerPos = 4.88671875
63.4382 	EXP 	slider_2: markerPos = 4.899739583333334
63.4554 	EXP 	slider_2: markerPos = 4.90625
63.4718 	EXP 	slider_2: markerPos = 4.90625
63.4883 	EXP 	slider_2: markerPos = 4.90625
63.5053 	EXP 	slider_2: markerPos = 4.90625
63.5215 	EXP 	slider_2: markerPos = 4.90625
63.5383 	EXP 	slider_2: markerPos = 4.90625
63.5554 	EXP 	slider_2: markerPos = 4.90625
63.5718 	EXP 	slider_2: markerPos = 4.90625
63.5882 	EXP 	slider_2: markerPos = 4.90625
63.6049 	EXP 	slider_2: markerPos = 4.90625
63.6217 	EXP 	slider_2: markerPos = 4.90625
63.6383 	EXP 	slider_2: markerPos = 4.90625
63.6553 	EXP 	slider_2: markerPos = 4.90625
63.6718 	EXP 	slider_2: markerPos = 4.90625
63.6883 	EXP 	slider_2: markerPos = 4.90625
63.7053 	EXP 	slider_2: markerPos = 4.90625
63.7218 	EXP 	slider_2: markerPos = 4.90625
63.7383 	EXP 	slider_2: markerPos = 4.90625
63.7549 	EXP 	slider_2: markerPos = 4.90625
63.7716 	EXP 	slider_2: markerPos = 4.90625
63.7882 	EXP 	slider_2: markerPos = 4.90625
63.7968 	EXP 	New trial (rep=0, index=1): OrderedDict([('Imagenes', 'imagenes\\Yogurt-alpina.jpg'), ('Random', 0.21540995091807813), ('Correcto', None)])
63.8416 	EXP 	image_2: autoDraw = False
63.8416 	EXP 	slider_2: autoDraw = False
63.8416 	EXP 	image_2: autoDraw = False
63.8416 	EXP 	slider_2: autoDraw = False
63.8416 	EXP 	image_2: image = 'imagenes\\Yogurt-alpina.jpg'
63.8416 	EXP 	slider_2: markerPos = None
63.8416 	EXP 	slider_2: markerPos = None
63.8416 	EXP 	slider_2: rating = None
63.8416 	EXP 	image_2: autoDraw = True
63.8416 	EXP 	slider_2: autoDraw = True
63.8416 	EXP 	slider_2: markerPos = 4.90625
63.8536 	EXP 	slider_2: markerPos = 4.90625
63.8655 	EXP 	slider_2: markerPos = 4.90625
63.8775 	EXP 	slider_2: markerPos = 4.90625
63.8896 	EXP 	slider_2: markerPos = 4.90625
63.9051 	EXP 	slider_2: markerPos = 4.90625
63.9217 	EXP 	slider_2: markerPos = 4.90625
63.9381 	EXP 	slider_2: markerPos = 4.90625
63.9552 	EXP 	slider_2: markerPos = 4.90625
63.9718 	EXP 	slider_2: markerPos = 4.90625
63.9882 	EXP 	slider_2: markerPos = 4.90625
64.0053 	EXP 	slider_2: markerPos = 4.90625
64.0215 	EXP 	slider_2: markerPos = 4.90625
64.0382 	EXP 	slider_2: markerPos = 4.90625
64.0552 	EXP 	slider_2: markerPos = 4.90625
64.0716 	EXP 	slider_2: markerPos = 4.880208333333334
64.0881 	EXP 	slider_2: markerPos = 4.776041666666666
64.1054 	EXP 	slider_2: markerPos = 4.606770833333333
64.1214 	EXP 	slider_2: markerPos = 4.307291666666667
64.1381 	EXP 	slider_2: markerPos = 3.890625
64.1547 	EXP 	slider_2: markerPos = 3.1875
64.1719 	EXP 	slider_2: markerPos = 2.868489583333333
64.1881 	EXP 	slider_2: markerPos = 2.712239583333333
64.2053 	EXP 	slider_2: markerPos = 2.66015625
64.2216 	EXP 	slider_2: markerPos = 2.653645833333333
64.2381 	EXP 	slider_2: markerPos = 2.653645833333333
64.2548 	EXP 	slider_2: markerPos = 2.653645833333333
64.2716 	EXP 	slider_2: markerPos = 2.653645833333333
64.2881 	EXP 	slider_2: markerPos = 2.653645833333333
64.3051 	EXP 	slider_2: markerPos = 2.647135416666667
64.3214 	EXP 	slider_2: markerPos = 2.647135416666667
64.3381 	EXP 	slider_2: markerPos = 2.647135416666667
64.3552 	EXP 	slider_2: markerPos = 2.647135416666667
64.3716 	EXP 	slider_2: markerPos = 2.647135416666667
64.3881 	EXP 	slider_2: markerPos = 2.647135416666667
64.4052 	EXP 	slider_2: markerPos = 2.647135416666667
64.4216 	EXP 	slider_2: markerPos = 2.647135416666667
64.4381 	EXP 	slider_2: markerPos = 2.647135416666667
64.4552 	EXP 	slider_2: markerPos = 2.647135416666667
64.4715 	EXP 	slider_2: markerPos = 2.647135416666667
64.4881 	EXP 	slider_2: markerPos = 2.647135416666667
64.5048 	EXP 	slider_2: markerPos = 2.647135416666667
64.5216 	EXP 	slider_2: markerPos = 2.647135416666667
64.5382 	EXP 	slider_2: markerPos = 2.647135416666667
64.5552 	EXP 	slider_2: markerPos = 2.647135416666667
64.5716 	EXP 	slider_2: markerPos = 2.647135416666667
64.5880 	EXP 	slider_2: markerPos = 2.647135416666667
64.5904 	DATA 	Mouse:  Left button up, pos=(552,163)
64.6049 	EXP 	slider_2: markerPos = 2.647135416666667
64.6049 	EXP 	slider_2: rating = 2.647135416666667
64.6081 	EXP 	New trial (rep=0, index=2): OrderedDict([('Imagenes', 'imagenes\\Uvas.jpg'), ('Random', 0.7734382152670648), ('Correcto', None)])
64.6294 	EXP 	image_2: autoDraw = False
64.6294 	EXP 	slider_2: autoDraw = False
64.6294 	EXP 	image_2: image = 'imagenes\\Uvas.jpg'
64.6294 	EXP 	slider_2: markerPos = None
64.6294 	EXP 	slider_2: markerPos = None
64.6294 	EXP 	slider_2: rating = None
64.6294 	EXP 	image_2: autoDraw = True
64.6294 	EXP 	slider_2: autoDraw = True
64.9746 	DATA 	Mouse: Left button down, pos=(639,158)
64.9881 	EXP 	slider_2: markerPos = 3.2135416666666665
65.0052 	EXP 	slider_2: markerPos = 3.2135416666666665
65.0214 	EXP 	slider_2: markerPos = 3.2135416666666665
65.0381 	EXP 	slider_2: markerPos = 3.2135416666666665
65.0552 	EXP 	slider_2: markerPos = 3.2135416666666665
65.0636 	DATA 	Mouse:  Left button up, pos=(642,158)
65.0712 	EXP 	slider_2: markerPos = 3.2200520833333335
65.0878 	EXP 	slider_2: markerPos = 3.2200520833333335
65.0878 	EXP 	slider_2: rating = 3.2200520833333335
65.0916 	EXP 	New trial (rep=0, index=3): OrderedDict([('Imagenes', 'imagenes\\Kiwi.jpg'), ('Random', 0.5893907384852061), ('Correcto', None)])
65.1067 	EXP 	image_2: autoDraw = False
65.1067 	EXP 	slider_2: autoDraw = False
65.1067 	EXP 	image_2: image = 'imagenes\\Kiwi.jpg'
65.1067 	EXP 	slider_2: markerPos = None
65.1067 	EXP 	slider_2: markerPos = None
65.1067 	EXP 	slider_2: rating = None
65.1067 	EXP 	image_2: autoDraw = True
65.1067 	EXP 	slider_2: autoDraw = True
65.1752 	DATA 	Mouse: Left button down, pos=(726,152)
65.1880 	EXP 	slider_2: markerPos = 3.786458333333333
65.2052 	EXP 	slider_2: markerPos = 3.786458333333333
65.2216 	EXP 	slider_2: markerPos = 3.786458333333333
65.2382 	EXP 	slider_2: markerPos = 3.786458333333333
65.2546 	EXP 	slider_2: markerPos = 3.825520833333333
65.2622 	DATA 	Mouse:  Left button up, pos=(760,147)
65.2712 	EXP 	slider_2: markerPos = 3.923177083333333
65.2878 	EXP 	slider_2: markerPos = 3.923177083333333
65.2878 	EXP 	slider_2: rating = 3.923177083333333
65.2908 	EXP 	New trial (rep=0, index=4): OrderedDict([('Imagenes', 'imagenes\\Banano.jpeg'), ('Random', 0.651633055306917), ('Correcto', None)])
65.3126 	EXP 	image_2: autoDraw = False
65.3126 	EXP 	slider_2: autoDraw = False
65.3126 	EXP 	image_2: image = 'imagenes\\Banano.jpeg'
65.3126 	EXP 	slider_2: markerPos = None
65.3126 	EXP 	slider_2: markerPos = None
65.3126 	EXP 	slider_2: rating = None
65.3126 	EXP 	image_2: autoDraw = True
65.3126 	EXP 	slider_2: autoDraw = True
65.3568 	DATA 	Mouse: Left button down, pos=(829,147)
65.3716 	EXP 	slider_2: markerPos = 4.450520833333333
65.3880 	EXP 	slider_2: markerPos = 4.450520833333333
65.4051 	EXP 	slider_2: markerPos = 4.450520833333333
65.4216 	EXP 	slider_2: markerPos = 4.450520833333333
65.4378 	EXP 	slider_2: markerPos = 4.450520833333333
65.4399 	DATA 	Mouse:  Left button up, pos=(829,147)
65.4548 	EXP 	slider_2: markerPos = 4.450520833333333
65.4548 	EXP 	slider_2: rating = 4.450520833333333
65.4582 	EXP 	New trial (rep=0, index=5): OrderedDict([('Imagenes', 'imagenes\\Croissant.jpg'), ('Random', 0.6152458173421255), ('Correcto', None)])
65.4912 	EXP 	image_2: autoDraw = False
65.4912 	EXP 	slider_2: autoDraw = False
65.4912 	EXP 	image_2: image = 'imagenes\\Croissant.jpg'
65.4912 	EXP 	slider_2: markerPos = None
65.4912 	EXP 	slider_2: markerPos = None
65.4912 	EXP 	slider_2: rating = None
65.4912 	EXP 	image_2: autoDraw = True
65.4912 	EXP 	slider_2: autoDraw = True
65.5399 	DATA 	Mouse: Left button down, pos=(836,146)
65.5548 	EXP 	slider_2: markerPos = 4.49609375
65.5713 	EXP 	slider_2: markerPos = 4.4765625
65.5881 	EXP 	slider_2: markerPos = 4.372395833333333
65.6052 	EXP 	slider_2: markerPos = 4.2421875
65.6148 	DATA 	Mouse:  Left button up, pos=(703,168)
65.6214 	EXP 	slider_2: markerPos = 3.79296875
65.6379 	EXP 	slider_2: markerPos = 3.79296875
65.6379 	EXP 	slider_2: rating = 3.79296875
65.6418 	EXP 	New trial (rep=0, index=6): OrderedDict([('Imagenes', 'imagenes\\Papas-naturales.jpg'), ('Random', 0.15856838916280946), ('Correcto', None)])
65.6629 	EXP 	image_2: autoDraw = False
65.6629 	EXP 	slider_2: autoDraw = False
65.6629 	EXP 	image_2: image = 'imagenes\\Papas-naturales.jpg'
65.6629 	EXP 	slider_2: markerPos = None
65.6629 	EXP 	slider_2: markerPos = None
65.6629 	EXP 	slider_2: rating = None
65.6629 	EXP 	image_2: autoDraw = True
65.6629 	EXP 	slider_2: autoDraw = True
65.6960 	DATA 	Mouse: Left button down, pos=(623,168)
65.7213 	EXP 	slider_2: markerPos = 3.109375
65.7379 	EXP 	slider_2: markerPos = 3.109375
65.7549 	EXP 	slider_2: markerPos = 3.1028645833333335
65.7715 	EXP 	slider_2: markerPos = 3.1028645833333335
65.7878 	EXP 	slider_2: markerPos = 3.0963541666666665
65.7906 	DATA 	Mouse:  Left button up, pos=(620,168)
65.8049 	EXP 	slider_2: markerPos = 3.0963541666666665
65.8049 	EXP 	slider_2: rating = 3.0963541666666665
65.8089 	EXP 	New trial (rep=0, index=7): OrderedDict([('Imagenes', 'imagenes\\Nutella (1).jpg'), ('Random', 0.5277483225747329), ('Correcto', None)])
65.8266 	EXP 	image_2: autoDraw = False
65.8266 	EXP 	slider_2: autoDraw = False
65.8266 	EXP 	image_2: image = 'imagenes\\Nutella (1).jpg'
65.8266 	EXP 	slider_2: markerPos = None
65.8266 	EXP 	slider_2: markerPos = None
65.8266 	EXP 	slider_2: rating = None
65.8266 	EXP 	image_2: autoDraw = True
65.8266 	EXP 	slider_2: autoDraw = True
65.8739 	DATA 	Mouse: Left button down, pos=(572,150)
65.8879 	EXP 	slider_2: markerPos = 2.725260416666667
65.9051 	EXP 	slider_2: markerPos = 2.608072916666667
65.9215 	EXP 	slider_2: markerPos = 2.490885416666667
65.9382 	EXP 	slider_2: markerPos = 2.432291666666667
65.9551 	EXP 	slider_2: markerPos = 2.3671875
65.9635 	DATA 	Mouse:  Left button up, pos=(501,140)
65.9711 	EXP 	slider_2: markerPos = 2.328125
65.9878 	EXP 	slider_2: markerPos = 2.328125
65.9878 	EXP 	slider_2: rating = 2.328125
65.9908 	EXP 	New trial (rep=0, index=8): OrderedDict([('Imagenes', 'imagenes\\Chocoramo.jfif.jpg'), ('Random', 0.7789437122019539), ('Correcto', None)])
66.0263 	EXP 	image_2: autoDraw = False
66.0263 	EXP 	slider_2: autoDraw = False
66.0263 	EXP 	image_2: image = 'imagenes\\Chocoramo.jfif.jpg'
66.0263 	EXP 	slider_2: markerPos = None
66.0263 	EXP 	slider_2: markerPos = None
66.0263 	EXP 	slider_2: rating = None
66.0263 	EXP 	image_2: autoDraw = True
66.0263 	EXP 	slider_2: autoDraw = True
66.0344 	DATA 	Mouse: Left button down, pos=(476,143)
66.0444 	EXP 	slider_2: markerPos = 2.11328125
66.0547 	EXP 	slider_2: markerPos = 2.11328125
66.0714 	EXP 	slider_2: markerPos = 2.03515625
66.0878 	EXP 	slider_2: markerPos = 1.9635416666666665
66.1050 	EXP 	slider_2: markerPos = 1.9049479166666665
66.1116 	DATA 	Mouse:  Left button up, pos=(428,152)
66.1211 	EXP 	slider_2: markerPos = 1.8658854166666665
66.1378 	EXP 	slider_2: markerPos = 1.8658854166666665
66.1378 	EXP 	slider_2: rating = 1.8658854166666665
66.1417 	EXP 	New trial (rep=0, index=9): OrderedDict([('Imagenes', 'imagenes\\Popetas.jpg'), ('Random', 0.07650200324054446), ('Correcto', None)])
66.1868 	EXP 	image_2: autoDraw = False
66.1868 	EXP 	slider_2: autoDraw = False
66.1868 	EXP 	image_2: image = 'imagenes\\Popetas.jpg'
66.1868 	EXP 	slider_2: markerPos = None
66.1868 	EXP 	slider_2: markerPos = None
66.1868 	EXP 	slider_2: rating = None
66.1868 	EXP 	image_2: autoDraw = True
66.1868 	EXP 	slider_2: autoDraw = True
66.1923 	DATA 	Mouse: Left button down, pos=(420,156)
66.2046 	EXP 	slider_2: markerPos = 1.7877604166666665
66.2214 	EXP 	slider_2: markerPos = 1.7877604166666665
66.2380 	EXP 	slider_2: markerPos = 1.7877604166666665
66.2546 	EXP 	slider_2: markerPos = 1.7877604166666665
66.2713 	EXP 	slider_2: markerPos = 1.7877604166666665
66.2878 	EXP 	slider_2: markerPos = 1.7942708333333335
66.2904 	DATA 	Mouse:  Left button up, pos=(433,156)
66.3047 	EXP 	slider_2: markerPos = 1.7942708333333335
66.3047 	EXP 	slider_2: rating = 1.7942708333333335
66.3080 	EXP 	New trial (rep=0, index=10): OrderedDict([('Imagenes', 'imagenes\\Papas-limon.jpg'), ('Random', 0.020692288100133793), ('Correcto', None)])
66.3255 	EXP 	image_2: autoDraw = False
66.3255 	EXP 	slider_2: autoDraw = False
66.3255 	EXP 	image_2: image = 'imagenes\\Papas-limon.jpg'
66.3255 	EXP 	slider_2: markerPos = None
66.3255 	EXP 	slider_2: markerPos = None
66.3255 	EXP 	slider_2: rating = None
66.3255 	EXP 	image_2: autoDraw = True
66.3255 	EXP 	slider_2: autoDraw = True
66.3736 	DATA 	Mouse: Left button down, pos=(647,155)
66.3878 	EXP 	slider_2: markerPos = 3.265625
66.4049 	EXP 	slider_2: markerPos = 3.3502604166666665
66.4211 	EXP 	slider_2: markerPos = 3.3828125
66.4378 	EXP 	slider_2: markerPos = 3.40234375
66.4547 	EXP 	slider_2: markerPos = 3.4348958333333335
66.4715 	EXP 	slider_2: markerPos = 3.545572916666667
66.4736 	DATA 	Mouse:  Left button up, pos=(728,148)
66.4878 	EXP 	slider_2: markerPos = 3.545572916666667
66.4878 	EXP 	slider_2: rating = 3.545572916666667
66.4910 	EXP 	New trial (rep=0, index=11): OrderedDict([('Imagenes', 'imagenes\\Papas-pollo.jpg'), ('Random', 0.6683114062971784), ('Correcto', None)])
66.5069 	EXP 	image_2: autoDraw = False
66.5069 	EXP 	slider_2: autoDraw = False
66.5069 	EXP 	image_2: image = 'imagenes\\Papas-pollo.jpg'
66.5069 	EXP 	slider_2: markerPos = None
66.5069 	EXP 	slider_2: markerPos = None
66.5069 	EXP 	slider_2: rating = None
66.5069 	EXP 	image_2: autoDraw = True
66.5069 	EXP 	slider_2: autoDraw = True
66.5571 	DATA 	Mouse: Left button down, pos=(846,153)
66.5715 	EXP 	slider_2: markerPos = 4.567708333333333
66.5878 	EXP 	slider_2: markerPos = 4.567708333333333
66.6048 	EXP 	slider_2: markerPos = 4.567708333333333
66.6214 	EXP 	slider_2: markerPos = 4.567708333333333
66.6380 	EXP 	slider_2: markerPos = 4.57421875
66.6547 	EXP 	slider_2: markerPos = 4.626302083333333
66.6567 	DATA 	Mouse:  Left button up, pos=(859,151)
66.6711 	EXP 	slider_2: markerPos = 4.626302083333333
66.6711 	EXP 	slider_2: rating = 4.626302083333333
66.6749 	EXP 	New trial (rep=0, index=12): OrderedDict([('Imagenes', 'imagenes\\Galletas Tosh.jpg'), ('Random', 0.478088790487872), ('Correcto', None)])
66.7097 	EXP 	image_2: autoDraw = False
66.7097 	EXP 	slider_2: autoDraw = False
66.7097 	EXP 	image_2: image = 'imagenes\\Galletas Tosh.jpg'
66.7097 	EXP 	slider_2: markerPos = None
66.7097 	EXP 	slider_2: markerPos = None
66.7097 	EXP 	slider_2: rating = None
66.7097 	EXP 	image_2: autoDraw = True
66.7097 	EXP 	slider_2: autoDraw = True
66.7291 	DATA 	Mouse: Left button down, pos=(893,151)
66.7545 	EXP 	slider_2: markerPos = 4.8671875
66.7714 	EXP 	slider_2: markerPos = 4.8671875
66.7878 	EXP 	slider_2: markerPos = 4.8671875
66.8049 	EXP 	slider_2: markerPos = 4.873697916666666
66.8082 	DATA 	Mouse:  Left button up, pos=(899,151)
66.8213 	EXP 	slider_2: markerPos = 4.873697916666666
66.8213 	EXP 	slider_2: rating = 4.873697916666666
66.8254 	EXP 	New trial (rep=0, index=13): OrderedDict([('Imagenes', 'imagenes\\Manzana.jpg'), ('Random', 0.5168162194437935), ('Correcto', None)])
66.8616 	EXP 	image_2: autoDraw = False
66.8616 	EXP 	slider_2: autoDraw = False
66.8616 	EXP 	image_2: image = 'imagenes\\Manzana.jpg'
66.8616 	EXP 	slider_2: markerPos = None
66.8616 	EXP 	slider_2: markerPos = None
66.8616 	EXP 	slider_2: rating = None
66.8616 	EXP 	image_2: autoDraw = True
66.8616 	EXP 	slider_2: autoDraw = True
66.9072 	DATA 	Mouse: Left button down, pos=(913,150)
66.9211 	EXP 	slider_2: markerPos = 4.977864583333334
66.9378 	EXP 	slider_2: markerPos = 4.932291666666666
66.9548 	EXP 	slider_2: markerPos = 4.828125
66.9711 	EXP 	slider_2: markerPos = 4.671875
66.9777 	DATA 	Mouse:  Left button up, pos=(831,151)
66.9878 	EXP 	slider_2: markerPos = 4.53515625
67.0046 	EXP 	slider_2: markerPos = 4.53515625
67.0046 	EXP 	slider_2: rating = 4.53515625
67.0077 	EXP 	New trial (rep=0, index=14): OrderedDict([('Imagenes', 'imagenes\\Rosquitas (1).jpg'), ('Random', 0.3035383390851263), ('Correcto', None)])
67.0399 	EXP 	image_2: autoDraw = False
67.0399 	EXP 	slider_2: autoDraw = False
67.0399 	EXP 	image_2: image = 'imagenes\\Rosquitas (1).jpg'
67.0399 	EXP 	slider_2: markerPos = None
67.0399 	EXP 	slider_2: markerPos = None
67.0399 	EXP 	slider_2: rating = None
67.0399 	EXP 	image_2: autoDraw = True
67.0399 	EXP 	slider_2: autoDraw = True
67.0516 	DATA 	Mouse: Left button down, pos=(761,151)
67.0714 	EXP 	slider_2: markerPos = 4.0078125
67.0881 	EXP 	slider_2: markerPos = 3.94921875
67.1050 	EXP 	slider_2: markerPos = 3.897135416666667
67.1214 	EXP 	slider_2: markerPos = 3.8125
67.1380 	EXP 	slider_2: markerPos = 3.708333333333333
67.1548 	EXP 	slider_2: markerPos = 3.591145833333333
67.1715 	EXP 	slider_2: markerPos = 3.4934895833333335
67.1880 	EXP 	slider_2: markerPos = 3.44140625
67.2047 	EXP 	slider_2: markerPos = 3.4088541666666665
67.2216 	EXP 	slider_2: markerPos = 3.3763020833333335
67.2380 	EXP 	slider_2: markerPos = 3.34375
67.2552 	EXP 	slider_2: markerPos = 3.28515625
67.2711 	EXP 	slider_2: markerPos = 3.2330729166666665
67.2733 	DATA 	Mouse:  Left button up, pos=(633,152)
67.2877 	EXP 	slider_2: markerPos = 3.2330729166666665
67.2877 	EXP 	slider_2: rating = 3.2330729166666665
67.2909 	EXP 	New trial (rep=0, index=15): OrderedDict([('Imagenes', 'imagenes\\Alpinito.jpg'), ('Random', 0.4515332417045813), ('Correcto', None)])
67.3324 	EXP 	image_2: autoDraw = False
67.3324 	EXP 	slider_2: autoDraw = False
67.3324 	EXP 	image_2: image = 'imagenes\\Alpinito.jpg'
67.3324 	EXP 	slider_2: markerPos = None
67.3324 	EXP 	slider_2: markerPos = None
67.3324 	EXP 	slider_2: rating = None
67.3324 	EXP 	image_2: autoDraw = True
67.3324 	EXP 	slider_2: autoDraw = True
67.3762 	DATA 	Mouse: Left button down, pos=(595,154)
67.3878 	EXP 	slider_2: markerPos = 2.9270833333333335
67.4045 	EXP 	slider_2: markerPos = 2.9140625
67.4212 	EXP 	slider_2: markerPos = 2.9075520833333335
67.4380 	EXP 	slider_2: markerPos = 2.89453125
67.4546 	EXP 	slider_2: markerPos = 2.8815104166666665
67.4604 	DATA 	Mouse:  Left button up, pos=(581,154)
67.4713 	EXP 	slider_2: markerPos = 2.848958333333333
67.4879 	EXP 	slider_2: markerPos = 2.848958333333333
67.4879 	EXP 	slider_2: rating = 2.848958333333333
67.4912 	EXP 	New trial (rep=0, index=16): OrderedDict([('Imagenes', 'imagenes\\Galletas-festival.jpg'), ('Random', 0.36121121246191135), ('Correcto', None)])
67.5207 	EXP 	image_2: autoDraw = False
67.5207 	EXP 	slider_2: autoDraw = False
67.5207 	EXP 	image_2: image = 'imagenes\\Galletas-festival.jpg'
67.5207 	EXP 	slider_2: markerPos = None
67.5207 	EXP 	slider_2: markerPos = None
67.5207 	EXP 	slider_2: rating = None
67.5207 	EXP 	image_2: autoDraw = True
67.5207 	EXP 	slider_2: autoDraw = True
67.5400 	DATA 	Mouse: Left button down, pos=(573,154)
67.5550 	EXP 	slider_2: markerPos = 2.783854166666667
67.5715 	EXP 	slider_2: markerPos = 2.783854166666667
67.5879 	EXP 	slider_2: markerPos = 2.783854166666667
67.6051 	EXP 	slider_2: markerPos = 2.783854166666667
67.6216 	EXP 	slider_2: markerPos = 2.783854166666667
67.6319 	DATA 	Mouse:  Left button up, pos=(573,154)
67.6377 	EXP 	slider_2: markerPos = 2.783854166666667
67.6546 	EXP 	slider_2: markerPos = 2.783854166666667
67.6546 	EXP 	slider_2: rating = 2.783854166666667
67.6578 	EXP 	New trial (rep=0, index=17): OrderedDict([('Imagenes', 'imagenes\\Leche-de-almendras.jpg'), ('Random', 0.36073876480313727), ('Correcto', None)])
67.7171 	DATA 	Mouse: Left button down, pos=(631,155)
67.7237 	EXP 	image_2: autoDraw = False
67.7237 	EXP 	slider_2: autoDraw = False
67.7237 	EXP 	image_2: image = 'imagenes\\Leche-de-almendras.jpg'
67.7237 	EXP 	slider_2: markerPos = None
67.7237 	EXP 	slider_2: markerPos = None
67.7237 	EXP 	slider_2: rating = None
67.7237 	EXP 	image_2: autoDraw = True
67.7237 	EXP 	slider_2: autoDraw = True
67.7237 	EXP 	slider_2: markerPos = 3.1614583333333335
67.7307 	EXP 	slider_2: markerPos = 3.1809895833333335
67.7383 	EXP 	slider_2: markerPos = 3.2135416666666665
67.7553 	EXP 	slider_2: markerPos = 3.2265625
67.7717 	EXP 	slider_2: markerPos = 3.265625
67.7881 	EXP 	slider_2: markerPos = 3.2981770833333335
67.8052 	EXP 	slider_2: markerPos = 3.3372395833333335
67.8075 	DATA 	Mouse:  Left button up, pos=(680,154)
67.8218 	EXP 	slider_2: markerPos = 3.3372395833333335
67.8218 	EXP 	slider_2: rating = 3.3372395833333335
67.8252 	EXP 	New trial (rep=0, index=18): OrderedDict([('Imagenes', 'imagenes\\Mango.jpeg'), ('Random', 0.555669112372461), ('Correcto', None)])
67.8612 	EXP 	image_2: autoDraw = False
67.8612 	EXP 	slider_2: autoDraw = False
67.8612 	EXP 	image_2: image = 'imagenes\\Mango.jpeg'
67.8612 	EXP 	slider_2: markerPos = None
67.8612 	EXP 	slider_2: markerPos = None
67.8612 	EXP 	slider_2: rating = None
67.8612 	EXP 	image_2: autoDraw = True
67.8612 	EXP 	slider_2: autoDraw = True
67.8907 	DATA 	Mouse: Left button down, pos=(752,155)
67.9044 	EXP 	slider_2: markerPos = 3.94921875
67.9212 	EXP 	slider_2: markerPos = 3.94921875
67.9377 	EXP 	slider_2: markerPos = 3.94921875
67.9548 	EXP 	slider_2: markerPos = 3.94921875
67.9713 	EXP 	slider_2: markerPos = 3.955729166666667
67.9731 	DATA 	Mouse:  Left button up, pos=(763,155)
67.9877 	EXP 	slider_2: markerPos = 3.955729166666667
67.9877 	EXP 	slider_2: rating = 3.955729166666667
67.9912 	EXP 	New trial (rep=0, index=19): OrderedDict([('Imagenes', 'imagenes\\bon-bon-bun.jpg'), ('Random', 0.7387922093313524), ('Correcto', None)])
68.0237 	EXP 	image_2: autoDraw = False
68.0237 	EXP 	slider_2: autoDraw = False
68.0237 	EXP 	image_2: image = 'imagenes\\bon-bon-bun.jpg'
68.0237 	EXP 	slider_2: markerPos = None
68.0237 	EXP 	slider_2: markerPos = None
68.0237 	EXP 	slider_2: rating = None
68.0237 	EXP 	image_2: autoDraw = True
68.0237 	EXP 	slider_2: autoDraw = True
68.0568 	DATA 	Mouse: Left button down, pos=(808,156)
68.0715 	EXP 	slider_2: markerPos = 4.313802083333333
68.0880 	EXP 	slider_2: markerPos = 4.313802083333333
68.1050 	EXP 	slider_2: markerPos = 4.313802083333333
68.1215 	EXP 	slider_2: markerPos = 4.313802083333333
68.1380 	EXP 	slider_2: markerPos = 4.3203125
68.1545 	EXP 	slider_2: markerPos = 4.346354166666667
68.1569 	DATA 	Mouse:  Left button up, pos=(820,156)
68.1713 	EXP 	slider_2: markerPos = 4.346354166666667
68.1713 	EXP 	slider_2: rating = 4.346354166666667
68.1753 	EXP 	New trial (rep=0, index=2): OrderedDict([('Hertz', 400), ('volumen', 0.02)])
68.1865 	EXP 	Imported imagenes.xlsx as conditions, 20 conditions, 3 params
68.1870 	EXP 	Created sequence: random, trialTypes=20, nReps=1, seed=None
68.1874 	EXP 	New trial (rep=0, index=0): OrderedDict([('Imagenes', 'imagenes\\Papas-limon.jpg'), ('Random', 0.020692288100133793), ('Correcto', None)])
68.2028 	EXP 	image_2: autoDraw = False
68.2028 	EXP 	slider_2: autoDraw = False
68.2028 	EXP 	image_2: image = 'imagenes\\Papas-limon.jpg'
68.2028 	EXP 	slider_2: markerPos = None
68.2028 	EXP 	slider_2: markerPos = None
68.2028 	EXP 	slider_2: rating = None
68.2028 	EXP 	image_2: autoDraw = True
68.2028 	EXP 	slider_2: autoDraw = True
68.2254 	DATA 	Mouse: Left button down, pos=(844,156)
68.2547 	EXP 	slider_2: markerPos = 4.548177083333333
68.2711 	EXP 	slider_2: markerPos = 4.548177083333333
68.2877 	EXP 	slider_2: markerPos = 4.548177083333333
68.3050 	EXP 	slider_2: markerPos = 4.548177083333333
68.3214 	EXP 	slider_2: markerPos = 4.548177083333333
68.3376 	EXP 	slider_2: markerPos = 4.548177083333333
68.3398 	DATA 	Mouse:  Left button up, pos=(844,156)
68.3548 	EXP 	slider_2: markerPos = 4.548177083333333
68.3548 	EXP 	slider_2: rating = 4.548177083333333
68.3593 	EXP 	New trial (rep=0, index=1): OrderedDict([('Imagenes', 'imagenes\\Chocoramo.jfif.jpg'), ('Random', 0.7789437122019539), ('Correcto', None)])
68.3952 	EXP 	image_2: autoDraw = False
68.3952 	EXP 	slider_2: autoDraw = False
68.3952 	EXP 	image_2: image = 'imagenes\\Chocoramo.jfif.jpg'
68.3952 	EXP 	slider_2: markerPos = None
68.3952 	EXP 	slider_2: markerPos = None
68.3952 	EXP 	slider_2: rating = None
68.3952 	EXP 	image_2: autoDraw = True
68.3952 	EXP 	slider_2: autoDraw = True
68.4236 	DATA 	Mouse: Left button down, pos=(749,158)
68.4377 	EXP 	slider_2: markerPos = 3.9296875
68.4546 	EXP 	slider_2: markerPos = 3.83203125
68.4712 	EXP 	slider_2: markerPos = 3.766927083333333
68.4877 	EXP 	slider_2: markerPos = 3.71484375
68.5048 	EXP 	slider_2: markerPos = 3.662760416666667
68.5065 	DATA 	Mouse:  Left button up, pos=(700,156)
68.5213 	EXP 	slider_2: markerPos = 3.662760416666667
68.5213 	EXP 	slider_2: rating = 3.662760416666667
68.5253 	EXP 	New trial (rep=0, index=2): OrderedDict([('Imagenes', 'imagenes\\Popetas.jpg'), ('Random', 0.07650200324054446), ('Correcto', None)])
68.5800 	DATA 	Mouse: Left button down, pos=(664,156)
68.5824 	EXP 	image_2: autoDraw = False
68.5824 	EXP 	slider_2: autoDraw = False
68.5824 	EXP 	image_2: image = 'imagenes\\Popetas.jpg'
68.5824 	EXP 	slider_2: markerPos = None
68.5824 	EXP 	slider_2: markerPos = None
68.5824 	EXP 	slider_2: rating = None
68.5824 	EXP 	image_2: autoDraw = True
68.5824 	EXP 	slider_2: autoDraw = True
68.5907 	EXP 	slider_2: markerPos = 3.3763020833333335
68.5982 	EXP 	slider_2: markerPos = 3.3502604166666665
68.6058 	EXP 	slider_2: markerPos = 3.32421875
68.6214 	EXP 	slider_2: markerPos = 3.2916666666666665
68.6379 	EXP 	slider_2: markerPos = 3.2330729166666665
68.6550 	EXP 	slider_2: markerPos = 3.16796875
68.6711 	EXP 	slider_2: markerPos = 3.1158854166666665
68.6737 	DATA 	Mouse:  Left button up, pos=(617,156)
68.6886 	EXP 	slider_2: markerPos = 3.1158854166666665
68.6886 	EXP 	slider_2: rating = 3.1158854166666665
68.6919 	EXP 	New trial (rep=0, index=3): OrderedDict([('Imagenes', 'imagenes\\bon-bon-bun.jpg'), ('Random', 0.7387922093313524), ('Correcto', None)])
68.7241 	EXP 	image_2: autoDraw = False
68.7241 	EXP 	slider_2: autoDraw = False
68.7241 	EXP 	image_2: image = 'imagenes\\bon-bon-bun.jpg'
68.7241 	EXP 	slider_2: markerPos = None
68.7241 	EXP 	slider_2: markerPos = None
68.7241 	EXP 	slider_2: rating = None
68.7241 	EXP 	image_2: autoDraw = True
68.7241 	EXP 	slider_2: autoDraw = True
68.7575 	DATA 	Mouse: Left button down, pos=(590,156)
68.7712 	EXP 	slider_2: markerPos = 2.8815104166666665
68.7879 	EXP 	slider_2: markerPos = 2.861979166666667
68.8044 	EXP 	slider_2: markerPos = 2.842447916666667
68.8212 	EXP 	slider_2: markerPos = 2.822916666666667
68.8377 	EXP 	slider_2: markerPos = 2.796875
68.8399 	DATA 	Mouse:  Left button up, pos=(568,153)
68.8543 	EXP 	slider_2: markerPos = 2.796875
68.8543 	EXP 	slider_2: rating = 2.796875
68.8575 	EXP 	New trial (rep=0, index=4): OrderedDict([('Imagenes', 'imagenes\\Papas-pollo.jpg'), ('Random', 0.6683114062971784), ('Correcto', None)])
68.8744 	EXP 	image_2: autoDraw = False
68.8744 	EXP 	slider_2: autoDraw = False
68.8744 	EXP 	image_2: image = 'imagenes\\Papas-pollo.jpg'
68.8744 	EXP 	slider_2: markerPos = None
68.8744 	EXP 	slider_2: markerPos = None
68.8744 	EXP 	slider_2: rating = None
68.8744 	EXP 	image_2: autoDraw = True
68.8744 	EXP 	slider_2: autoDraw = True
68.9159 	DATA 	Mouse: Left button down, pos=(547,152)
68.9378 	EXP 	slider_2: markerPos = 2.608072916666667
68.9550 	EXP 	slider_2: markerPos = 2.588541666666667
68.9645 	DATA 	Mouse:  Left button up, pos=(540,151)
68.9713 	EXP 	slider_2: markerPos = 2.58203125
68.9878 	EXP 	slider_2: markerPos = 2.58203125
68.9878 	EXP 	slider_2: rating = 2.58203125
68.9918 	EXP 	New trial (rep=0, index=5): OrderedDict([('Imagenes', 'imagenes\\Mango.jpeg'), ('Random', 0.555669112372461), ('Correcto', None)])
69.0158 	EXP 	image_2: autoDraw = False
69.0158 	EXP 	slider_2: autoDraw = False
69.0158 	EXP 	image_2: image = 'imagenes\\Mango.jpeg'
69.0158 	EXP 	slider_2: markerPos = None
69.0158 	EXP 	slider_2: markerPos = None
69.0158 	EXP 	slider_2: rating = None
69.0158 	EXP 	image_2: autoDraw = True
69.0158 	EXP 	slider_2: autoDraw = True
69.0612 	DATA 	Mouse: Left button down, pos=(538,150)
69.0879 	EXP 	slider_2: markerPos = 2.569010416666667
69.1049 	EXP 	slider_2: markerPos = 2.62109375
69.1213 	EXP 	slider_2: markerPos = 2.6796875
69.1377 	EXP 	slider_2: markerPos = 2.796875
69.1396 	DATA 	Mouse:  Left button up, pos=(605,154)
69.1545 	EXP 	slider_2: markerPos = 2.796875
69.1545 	EXP 	slider_2: rating = 2.796875
69.1587 	EXP 	New trial (rep=0, index=6): OrderedDict([('Imagenes', 'imagenes\\Manzana.jpg'), ('Random', 0.5168162194437935), ('Correcto', None)])
69.1924 	EXP 	image_2: autoDraw = False
69.1924 	EXP 	slider_2: autoDraw = False
69.1924 	EXP 	image_2: image = 'imagenes\\Manzana.jpg'
69.1924 	EXP 	slider_2: markerPos = None
69.1924 	EXP 	slider_2: markerPos = None
69.1924 	EXP 	slider_2: rating = None
69.1924 	EXP 	image_2: autoDraw = True
69.1924 	EXP 	slider_2: autoDraw = True
69.2275 	DATA 	Mouse: Left button down, pos=(718,159)
69.2551 	EXP 	slider_2: markerPos = 3.734375
69.2714 	EXP 	slider_2: markerPos = 3.747395833333333
69.2879 	EXP 	slider_2: markerPos = 3.7734375
69.3070 	EXP 	slider_2: markerPos = 3.8515625
69.3098 	DATA 	Mouse:  Left button up, pos=(763,157)
69.3210 	EXP 	slider_2: markerPos = 3.8515625
69.3210 	EXP 	slider_2: rating = 3.8515625
69.3239 	EXP 	New trial (rep=0, index=7): OrderedDict([('Imagenes', 'imagenes\\Leche-de-almendras.jpg'), ('Random', 0.36073876480313727), ('Correcto', None)])
69.3777 	DATA 	Mouse: Left button down, pos=(811,156)
69.3837 	EXP 	image_2: autoDraw = False
69.3837 	EXP 	slider_2: autoDraw = False
69.3837 	EXP 	image_2: image = 'imagenes\\Leche-de-almendras.jpg'
69.3837 	EXP 	slider_2: markerPos = None
69.3837 	EXP 	slider_2: markerPos = None
69.3837 	EXP 	slider_2: rating = None
69.3837 	EXP 	image_2: autoDraw = True
69.3837 	EXP 	slider_2: autoDraw = True
69.3837 	EXP 	slider_2: markerPos = 4.333333333333333
69.3918 	EXP 	slider_2: markerPos = 4.33984375
69.3998 	EXP 	slider_2: markerPos = 4.33984375
69.4079 	EXP 	slider_2: markerPos = 4.33984375
69.4218 	EXP 	slider_2: markerPos = 4.33984375
69.4384 	EXP 	slider_2: markerPos = 4.33984375
69.4551 	EXP 	slider_2: markerPos = 4.359375
69.4621 	DATA 	Mouse:  Left button up, pos=(826,156)
69.4712 	EXP 	slider_2: markerPos = 4.404947916666667
69.4881 	EXP 	slider_2: markerPos = 4.404947916666667
69.4881 	EXP 	slider_2: rating = 4.404947916666667
69.4922 	EXP 	New trial (rep=0, index=8): OrderedDict([('Imagenes', 'imagenes\\Croissant.jpg'), ('Random', 0.6152458173421255), ('Correcto', None)])
69.5297 	EXP 	image_2: autoDraw = False
69.5297 	EXP 	slider_2: autoDraw = False
69.5297 	EXP 	image_2: image = 'imagenes\\Croissant.jpg'
69.5297 	EXP 	slider_2: markerPos = None
69.5297 	EXP 	slider_2: markerPos = None
69.5297 	EXP 	slider_2: rating = None
69.5297 	EXP 	image_2: autoDraw = True
69.5297 	EXP 	slider_2: autoDraw = True
69.5399 	DATA 	Mouse: Left button down, pos=(858,157)
69.5448 	EXP 	slider_2: markerPos = 4.639322916666667
69.5546 	EXP 	slider_2: markerPos = 4.639322916666667
69.5713 	EXP 	slider_2: markerPos = 4.639322916666667
69.5877 	EXP 	slider_2: markerPos = 4.639322916666667
69.6048 	EXP 	slider_2: markerPos = 4.639322916666667
69.6213 	EXP 	slider_2: markerPos = 4.639322916666667
69.6377 	EXP 	slider_2: markerPos = 4.639322916666667
69.6396 	DATA 	Mouse:  Left button up, pos=(856,158)
69.6547 	EXP 	slider_2: markerPos = 4.639322916666667
69.6547 	EXP 	slider_2: rating = 4.639322916666667
69.6578 	EXP 	New trial (rep=0, index=9): OrderedDict([('Imagenes', 'imagenes\\Papas-naturales.jpg'), ('Random', 0.15856838916280946), ('Correcto', None)])
69.6777 	EXP 	image_2: autoDraw = False
69.6777 	EXP 	slider_2: autoDraw = False
69.6777 	EXP 	image_2: image = 'imagenes\\Papas-naturales.jpg'
69.6777 	EXP 	slider_2: markerPos = None
69.6777 	EXP 	slider_2: markerPos = None
69.6777 	EXP 	slider_2: rating = None
69.6777 	EXP 	image_2: autoDraw = True
69.6777 	EXP 	slider_2: autoDraw = True
69.7242 	DATA 	Mouse: Left button down, pos=(758,155)
69.7376 	EXP 	slider_2: markerPos = 3.98828125
69.7545 	EXP 	slider_2: markerPos = 3.819010416666667
69.7710 	EXP 	slider_2: markerPos = 3.6953125
69.7876 	EXP 	slider_2: markerPos = 3.59765625
69.8047 	EXP 	slider_2: markerPos = 3.51953125
69.8077 	DATA 	Mouse:  Left button up, pos=(684,152)
69.8211 	EXP 	slider_2: markerPos = 3.51953125
69.8211 	EXP 	slider_2: rating = 3.51953125
69.8241 	EXP 	New trial (rep=0, index=10): OrderedDict([('Imagenes', 'imagenes\\Brownie.jpg'), ('Random', 0.17000143351927688), ('Correcto', None)])
69.8779 	EXP 	image_2: autoDraw = False
69.8779 	EXP 	slider_2: autoDraw = False
69.8779 	EXP 	image_2: image = 'imagenes\\Brownie.jpg'
69.8779 	EXP 	slider_2: markerPos = None
69.8779 	EXP 	slider_2: markerPos = None
69.8779 	EXP 	slider_2: rating = None
69.8779 	EXP 	image_2: autoDraw = True
69.8779 	EXP 	slider_2: autoDraw = True
69.8878 	DATA 	Mouse: Left button down, pos=(647,150)
69.9041 	EXP 	slider_2: markerPos = 3.24609375
69.9168 	EXP 	slider_2: markerPos = 3.2200520833333335
69.9308 	EXP 	slider_2: markerPos = 3.1875
69.9461 	EXP 	slider_2: markerPos = 3.1484375
69.9596 	EXP 	slider_2: markerPos = 3.0963541666666665
69.9743 	EXP 	slider_2: markerPos = 3.05078125
69.9879 	EXP 	slider_2: markerPos = 2.9921875
69.9972 	DATA 	Mouse:  Left button up, pos=(589,142)
70.0044 	EXP 	slider_2: markerPos = 2.9270833333333335
70.0210 	EXP 	slider_2: markerPos = 2.9270833333333335
70.0210 	EXP 	slider_2: rating = 2.9270833333333335
70.0242 	EXP 	New trial (rep=0, index=11): OrderedDict([('Imagenes', 'imagenes\\Galletas-festival.jpg'), ('Random', 0.36121121246191135), ('Correcto', None)])
70.0457 	DATA 	Mouse: Left button down, pos=(576,142)
70.0515 	EXP 	image_2: autoDraw = False
70.0515 	EXP 	slider_2: autoDraw = False
70.0515 	EXP 	image_2: image = 'imagenes\\Galletas-festival.jpg'
70.0515 	EXP 	slider_2: markerPos = None
70.0515 	EXP 	slider_2: markerPos = None
70.0515 	EXP 	slider_2: rating = None
70.0515 	EXP 	image_2: autoDraw = True
70.0515 	EXP 	slider_2: autoDraw = True
70.0515 	EXP 	slider_2: markerPos = 2.803385416666667
70.0605 	EXP 	slider_2: markerPos = 2.796875
70.0710 	EXP 	slider_2: markerPos = 2.790364583333333
70.0876 	EXP 	slider_2: markerPos = 2.790364583333333
70.1046 	EXP 	slider_2: markerPos = 2.77734375
70.1212 	EXP 	slider_2: markerPos = 2.770833333333333
70.1379 	EXP 	slider_2: markerPos = 2.770833333333333
70.1544 	EXP 	slider_2: markerPos = 2.770833333333333
70.1572 	DATA 	Mouse:  Left button up, pos=(571,142)
70.1710 	EXP 	slider_2: markerPos = 2.770833333333333
70.1710 	EXP 	slider_2: rating = 2.770833333333333
70.1750 	EXP 	New trial (rep=0, index=12): OrderedDict([('Imagenes', 'imagenes\\Banano.jpeg'), ('Random', 0.651633055306917), ('Correcto', None)])
70.1972 	EXP 	image_2: autoDraw = False
70.1972 	EXP 	slider_2: autoDraw = False
70.1972 	EXP 	image_2: image = 'imagenes\\Banano.jpeg'
70.1972 	EXP 	slider_2: markerPos = None
70.1972 	EXP 	slider_2: markerPos = None
70.1972 	EXP 	slider_2: rating = None
70.1972 	EXP 	image_2: autoDraw = True
70.1972 	EXP 	slider_2: autoDraw = True
70.2428 	DATA 	Mouse: Left button down, pos=(642,150)
70.2548 	EXP 	slider_2: markerPos = 3.2330729166666665
70.2710 	EXP 	slider_2: markerPos = 3.3177083333333335
70.2876 	EXP 	slider_2: markerPos = 3.3828125
70.3042 	EXP 	slider_2: markerPos = 3.4283854166666665
70.3209 	EXP 	slider_2: markerPos = 3.4869791666666665
70.3376 	EXP 	slider_2: markerPos = 3.55859375
70.3398 	DATA 	Mouse:  Left button up, pos=(708,151)
70.3547 	EXP 	slider_2: markerPos = 3.55859375
70.3547 	EXP 	slider_2: rating = 3.55859375
70.3578 	EXP 	New trial (rep=0, index=13): OrderedDict([('Imagenes', 'imagenes\\Rosquitas (1).jpg'), ('Random', 0.3035383390851263), ('Correcto', None)])
70.3873 	EXP 	image_2: autoDraw = False
70.3873 	EXP 	slider_2: autoDraw = False
70.3873 	EXP 	image_2: image = 'imagenes\\Rosquitas (1).jpg'
70.3873 	EXP 	slider_2: markerPos = None
70.3873 	EXP 	slider_2: markerPos = None
70.3873 	EXP 	slider_2: rating = None
70.3873 	EXP 	image_2: autoDraw = True
70.3873 	EXP 	slider_2: autoDraw = True
70.4235 	DATA 	Mouse: Left button down, pos=(789,161)
70.4377 	EXP 	slider_2: markerPos = 4.190104166666667
70.4542 	EXP 	slider_2: markerPos = 4.190104166666667
70.4709 	EXP 	slider_2: markerPos = 4.190104166666667
70.4876 	EXP 	slider_2: markerPos = 4.190104166666667
70.5046 	EXP 	slider_2: markerPos = 4.26171875
70.5065 	DATA 	Mouse:  Left button up, pos=(804,160)
70.5211 	EXP 	slider_2: markerPos = 4.26171875
70.5211 	EXP 	slider_2: rating = 4.26171875
70.5252 	EXP 	New trial (rep=0, index=14): OrderedDict([('Imagenes', 'imagenes\\Galletas Tosh.jpg'), ('Random', 0.478088790487872), ('Correcto', None)])
70.5586 	EXP 	image_2: autoDraw = False
70.5586 	EXP 	slider_2: autoDraw = False
70.5586 	EXP 	image_2: image = 'imagenes\\Galletas Tosh.jpg'
70.5586 	EXP 	slider_2: markerPos = None
70.5586 	EXP 	slider_2: markerPos = None
70.5586 	EXP 	slider_2: rating = None
70.5586 	EXP 	image_2: autoDraw = True
70.5586 	EXP 	slider_2: autoDraw = True
70.5711 	DATA 	Mouse: Left button down, pos=(844,160)
70.5875 	EXP 	slider_2: markerPos = 4.548177083333333
70.6048 	EXP 	slider_2: markerPos = 4.5546875
70.6213 	EXP 	slider_2: markerPos = 4.5546875
70.6379 	EXP 	slider_2: markerPos = 4.5546875
70.6549 	EXP 	slider_2: markerPos = 4.5546875
70.6643 	DATA 	Mouse:  Left button up, pos=(848,160)
70.6710 	EXP 	slider_2: markerPos = 4.567708333333333
70.6876 	EXP 	slider_2: markerPos = 4.567708333333333
70.6876 	EXP 	slider_2: rating = 4.567708333333333
70.6909 	EXP 	New trial (rep=0, index=15): OrderedDict([('Imagenes', 'imagenes\\Uvas.jpg'), ('Random', 0.7734382152670648), ('Correcto', None)])
70.7131 	EXP 	image_2: autoDraw = False
70.7131 	EXP 	slider_2: autoDraw = False
70.7131 	EXP 	image_2: image = 'imagenes\\Uvas.jpg'
70.7131 	EXP 	slider_2: markerPos = None
70.7131 	EXP 	slider_2: markerPos = None
70.7131 	EXP 	slider_2: rating = None
70.7131 	EXP 	image_2: autoDraw = True
70.7131 	EXP 	slider_2: autoDraw = True
70.7568 	DATA 	Mouse: Left button down, pos=(844,160)
70.7712 	EXP 	slider_2: markerPos = 4.528645833333333
70.7876 	EXP 	slider_2: markerPos = 4.483072916666667
70.8046 	EXP 	slider_2: markerPos = 4.352864583333333
70.8213 	EXP 	slider_2: markerPos = 4.216145833333333
70.8241 	DATA 	Mouse:  Left button up, pos=(778,155)
70.8376 	EXP 	slider_2: markerPos = 4.216145833333333
70.8376 	EXP 	slider_2: rating = 4.216145833333333
70.8411 	EXP 	New trial (rep=0, index=16): OrderedDict([('Imagenes', 'imagenes\\Yogurt-alpina.jpg'), ('Random', 0.21540995091807813), ('Correcto', None)])
70.8626 	EXP 	image_2: autoDraw = False
70.8626 	EXP 	slider_2: autoDraw = False
70.8626 	EXP 	image_2: image = 'imagenes\\Yogurt-alpina.jpg'
70.8626 	EXP 	slider_2: markerPos = None
70.8626 	EXP 	slider_2: markerPos = None
70.8626 	EXP 	slider_2: rating = None
70.8626 	EXP 	image_2: autoDraw = True
70.8626 	EXP 	slider_2: autoDraw = True
70.8896 	DATA 	Mouse: Left button down, pos=(694,146)
70.9046 	EXP 	slider_2: markerPos = 3.571614583333333
70.9213 	EXP 	slider_2: markerPos = 3.506510416666667
70.9378 	EXP 	slider_2: markerPos = 3.4479166666666665
70.9549 	EXP 	slider_2: markerPos = 3.3958333333333335
70.9712 	EXP 	slider_2: markerPos = 3.34375
70.9876 	EXP 	slider_2: markerPos = 3.2981770833333335
70.9895 	DATA 	Mouse:  Left button up, pos=(646,144)
71.0043 	EXP 	slider_2: markerPos = 3.2981770833333335
71.0043 	EXP 	slider_2: rating = 3.2981770833333335
71.0079 	EXP 	New trial (rep=0, index=17): OrderedDict([('Imagenes', 'imagenes\\Alpinito.jpg'), ('Random', 0.4515332417045813), ('Correcto', None)])
71.0460 	EXP 	image_2: autoDraw = False
71.0460 	EXP 	slider_2: autoDraw = False
71.0460 	EXP 	image_2: image = 'imagenes\\Alpinito.jpg'
71.0460 	EXP 	slider_2: markerPos = None
71.0460 	EXP 	slider_2: markerPos = None
71.0460 	EXP 	slider_2: rating = None
71.0460 	EXP 	image_2: autoDraw = True
71.0460 	EXP 	slider_2: autoDraw = True
71.0597 	DATA 	Mouse: Left button down, pos=(626,144)
71.0709 	EXP 	slider_2: markerPos = 3.12890625
71.0877 	EXP 	slider_2: markerPos = 3.0963541666666665
71.1050 	EXP 	slider_2: markerPos = 3.0638020833333335
71.1212 	EXP 	slider_2: markerPos = 3.0377604166666665
71.1378 	EXP 	slider_2: markerPos = 3.0182291666666665
71.1402 	DATA 	Mouse:  Left button up, pos=(607,144)
71.1547 	EXP 	slider_2: markerPos = 3.0182291666666665
71.1547 	EXP 	slider_2: rating = 3.0182291666666665
71.1579 	EXP 	New trial (rep=0, index=18): OrderedDict([('Imagenes', 'imagenes\\Nutella (1).jpg'), ('Random', 0.5277483225747329), ('Correcto', None)])
71.1810 	EXP 	image_2: autoDraw = False
71.1810 	EXP 	slider_2: autoDraw = False
71.1810 	EXP 	image_2: image = 'imagenes\\Nutella (1).jpg'
71.1810 	EXP 	slider_2: markerPos = None
71.1810 	EXP 	slider_2: markerPos = None
71.1810 	EXP 	slider_2: rating = None
71.1810 	EXP 	image_2: autoDraw = True
71.1810 	EXP 	slider_2: autoDraw = True
71.2259 	DATA 	Mouse: Left button down, pos=(606,144)
71.2546 	EXP 	slider_2: markerPos = 2.9986979166666665
71.2710 	EXP 	slider_2: markerPos = 2.9986979166666665
71.2878 	EXP 	slider_2: markerPos = 2.9986979166666665
71.3043 	EXP 	slider_2: markerPos = 2.9986979166666665
71.3211 	EXP 	slider_2: markerPos = 3.03125
71.3228 	DATA 	Mouse:  Left button up, pos=(622,144)
71.3375 	EXP 	slider_2: markerPos = 3.03125
71.3375 	EXP 	slider_2: rating = 3.03125
71.3412 	EXP 	New trial (rep=0, index=19): OrderedDict([('Imagenes', 'imagenes\\Kiwi.jpg'), ('Random', 0.5893907384852061), ('Correcto', None)])
71.3621 	EXP 	image_2: autoDraw = False
71.3621 	EXP 	slider_2: autoDraw = False
71.3621 	EXP 	image_2: image = 'imagenes\\Kiwi.jpg'
71.3621 	EXP 	slider_2: markerPos = None
71.3621 	EXP 	slider_2: markerPos = None
71.3621 	EXP 	slider_2: rating = None
71.3621 	EXP 	image_2: autoDraw = True
71.3621 	EXP 	slider_2: autoDraw = True
71.4079 	DATA 	Mouse: Left button down, pos=(704,153)
71.4208 	EXP 	slider_2: markerPos = 3.63671875
71.4375 	EXP 	slider_2: markerPos = 3.649739583333333
71.4545 	EXP 	slider_2: markerPos = 3.649739583333333
71.4711 	EXP 	slider_2: markerPos = 3.662760416666667
71.4877 	EXP 	slider_2: markerPos = 3.688802083333333
71.5044 	EXP 	slider_2: markerPos = 3.747395833333333
71.5063 	DATA 	Mouse:  Left button up, pos=(733,153)
71.5210 	EXP 	slider_2: markerPos = 3.747395833333333
71.5210 	EXP 	slider_2: rating = 3.747395833333333
71.5247 	EXP 	New trial (rep=0, index=3): OrderedDict([('Hertz', 1000), ('volumen', 0.02)])
71.5355 	EXP 	Imported imagenes.xlsx as conditions, 20 conditions, 3 params
71.5360 	EXP 	Created sequence: random, trialTypes=20, nReps=1, seed=None
71.5366 	EXP 	New trial (rep=0, index=0): OrderedDict([('Imagenes', 'imagenes\\Brownie.jpg'), ('Random', 0.17000143351927688), ('Correcto', None)])
71.5729 	EXP 	image_2: autoDraw = False
71.5729 	EXP 	slider_2: autoDraw = False
71.5729 	EXP 	image_2: image = 'imagenes\\Brownie.jpg'
71.5729 	EXP 	slider_2: markerPos = None
71.5729 	EXP 	slider_2: markerPos = None
71.5729 	EXP 	slider_2: rating = None
71.5729 	EXP 	image_2: autoDraw = True
71.5729 	EXP 	slider_2: autoDraw = True
71.6081 	DATA 	Mouse: Left button down, pos=(794,158)
71.6213 	EXP 	slider_2: markerPos = 4.22265625
71.6379 	EXP 	slider_2: markerPos = 4.22265625
71.6548 	EXP 	slider_2: markerPos = 4.22265625
71.6713 	EXP 	slider_2: markerPos = 4.28125
71.6736 	DATA 	Mouse:  Left button up, pos=(811,158)
71.6877 	EXP 	slider_2: markerPos = 4.28125
71.6877 	EXP 	slider_2: rating = 4.28125
71.6923 	EXP 	New trial (rep=0, index=1): OrderedDict([('Imagenes', 'imagenes\\Papas-naturales.jpg'), ('Random', 0.15856838916280946), ('Correcto', None)])
71.7114 	EXP 	image_2: autoDraw = False
71.7114 	EXP 	slider_2: autoDraw = False
71.7114 	EXP 	image_2: image = 'imagenes\\Papas-naturales.jpg'
71.7114 	EXP 	slider_2: markerPos = None
71.7114 	EXP 	slider_2: markerPos = None
71.7114 	EXP 	slider_2: rating = None
71.7114 	EXP 	image_2: autoDraw = True
71.7114 	EXP 	slider_2: autoDraw = True
71.7566 	DATA 	Mouse: Left button down, pos=(845,158)
71.7708 	EXP 	slider_2: markerPos = 4.5546875
71.7875 	EXP 	slider_2: markerPos = 4.5546875
71.8044 	EXP 	slider_2: markerPos = 4.5546875
71.8210 	EXP 	slider_2: markerPos = 4.5546875
71.8376 	EXP 	slider_2: markerPos = 4.5546875
71.8547 	EXP 	slider_2: markerPos = 4.5546875
71.8576 	DATA 	Mouse:  Left button up, pos=(845,158)
71.8710 	EXP 	slider_2: markerPos = 4.5546875
71.8710 	EXP 	slider_2: rating = 4.5546875
71.8740 	EXP 	New trial (rep=0, index=2): OrderedDict([('Imagenes', 'imagenes\\Galletas Tosh.jpg'), ('Random', 0.478088790487872), ('Correcto', None)])
71.9088 	EXP 	image_2: autoDraw = False
71.9088 	EXP 	slider_2: autoDraw = False
71.9088 	EXP 	image_2: image = 'imagenes\\Galletas Tosh.jpg'
71.9088 	EXP 	slider_2: markerPos = None
71.9088 	EXP 	slider_2: markerPos = None
71.9088 	EXP 	slider_2: rating = None
71.9088 	EXP 	image_2: autoDraw = True
71.9088 	EXP 	slider_2: autoDraw = True
71.9422 	DATA 	Mouse: Left button down, pos=(832,158)
71.9546 	EXP 	slider_2: markerPos = 4.470052083333333
71.9710 	EXP 	slider_2: markerPos = 4.372395833333333
71.9876 	EXP 	slider_2: markerPos = 4.235677083333333
72.0043 	EXP 	slider_2: markerPos = 3.981770833333333
72.0209 	EXP 	slider_2: markerPos = 3.766927083333333
72.0375 	EXP 	slider_2: markerPos = 3.610677083333333
72.0394 	DATA 	Mouse:  Left button up, pos=(684,159)
72.0543 	EXP 	slider_2: markerPos = 3.610677083333333
72.0543 	EXP 	slider_2: rating = 3.610677083333333
72.0576 	EXP 	New trial (rep=0, index=3): OrderedDict([('Imagenes', 'imagenes\\Manzana.jpg'), ('Random', 0.5168162194437935), ('Correcto', None)])
72.0868 	DATA 	Mouse: Left button down, pos=(671,159)
72.0928 	EXP 	image_2: autoDraw = False
72.0928 	EXP 	slider_2: autoDraw = False
72.0928 	EXP 	image_2: image = 'imagenes\\Manzana.jpg'
72.0928 	EXP 	slider_2: markerPos = None
72.0928 	EXP 	slider_2: markerPos = None
72.0928 	EXP 	slider_2: rating = None
72.0928 	EXP 	image_2: autoDraw = True
72.0928 	EXP 	slider_2: autoDraw = True
72.0928 	EXP 	slider_2: markerPos = 3.421875
72.1002 	EXP 	slider_2: markerPos = 3.4088541666666665
72.1082 	EXP 	slider_2: markerPos = 3.40234375
72.1210 	EXP 	slider_2: markerPos = 3.3958333333333335
72.1376 	EXP 	slider_2: markerPos = 3.3697916666666665
72.1546 	EXP 	slider_2: markerPos = 3.34375
72.1710 	EXP 	slider_2: markerPos = 3.3111979166666665
72.1878 	EXP 	slider_2: markerPos = 3.28515625
72.1957 	DATA 	Mouse:  Left button up, pos=(643,154)
72.2044 	EXP 	slider_2: markerPos = 3.2526041666666665
72.2211 	EXP 	slider_2: markerPos = 3.2526041666666665
72.2211 	EXP 	slider_2: rating = 3.2526041666666665
72.2245 	EXP 	New trial (rep=0, index=4): OrderedDict([('Imagenes', 'imagenes\\Leche-de-almendras.jpg'), ('Random', 0.36073876480313727), ('Correcto', None)])
72.2827 	DATA 	Mouse: Left button down, pos=(637,154)
72.2893 	EXP 	image_2: autoDraw = False
72.2893 	EXP 	slider_2: autoDraw = False
72.2893 	EXP 	image_2: image = 'imagenes\\Leche-de-almendras.jpg'
72.2893 	EXP 	slider_2: markerPos = None
72.2893 	EXP 	slider_2: markerPos = None
72.2893 	EXP 	slider_2: rating = None
72.2893 	EXP 	image_2: autoDraw = True
72.2893 	EXP 	slider_2: autoDraw = True
72.2893 	EXP 	slider_2: markerPos = 3.16796875
72.2962 	EXP 	slider_2: markerPos = 3.16796875
72.3045 	EXP 	slider_2: markerPos = 3.1614583333333335
72.3211 	EXP 	slider_2: markerPos = 3.1614583333333335
72.3380 	EXP 	slider_2: markerPos = 3.1549479166666665
72.3549 	EXP 	slider_2: markerPos = 3.1549479166666665
72.3579 	DATA 	Mouse:  Left button up, pos=(629,152)
72.3714 	EXP 	slider_2: markerPos = 3.1549479166666665
72.3714 	EXP 	slider_2: rating = 3.1549479166666665
72.3748 	EXP 	New trial (rep=0, index=5): OrderedDict([('Imagenes', 'imagenes\\Croissant.jpg'), ('Random', 0.6152458173421255), ('Correcto', None)])
72.4074 	DATA 	Mouse: Left button down, pos=(629,152)
72.4120 	EXP 	image_2: autoDraw = False
72.4120 	EXP 	slider_2: autoDraw = False
72.4120 	EXP 	image_2: image = 'imagenes\\Croissant.jpg'
72.4120 	EXP 	slider_2: markerPos = None
72.4120 	EXP 	slider_2: markerPos = None
72.4120 	EXP 	slider_2: rating = None
72.4120 	EXP 	image_2: autoDraw = True
72.4120 	EXP 	slider_2: autoDraw = True
72.4120 	EXP 	slider_2: markerPos = 3.1484375
72.4197 	EXP 	slider_2: markerPos = 3.1484375
72.4264 	EXP 	slider_2: markerPos = 3.1484375
72.4375 	EXP 	slider_2: markerPos = 3.1484375
72.4541 	EXP 	slider_2: markerPos = 3.1484375
72.4708 	EXP 	slider_2: markerPos = 3.1875
72.4876 	EXP 	slider_2: markerPos = 3.2721354166666665
72.5047 	EXP 	slider_2: markerPos = 3.4088541666666665
72.5211 	EXP 	slider_2: markerPos = 3.65625
72.5376 	EXP 	slider_2: markerPos = 3.734375
72.5396 	DATA 	Mouse:  Left button up, pos=(745,149)
72.5546 	EXP 	slider_2: markerPos = 3.734375
72.5546 	EXP 	slider_2: rating = 3.734375
72.5587 	EXP 	New trial (rep=0, index=6): OrderedDict([('Imagenes', 'imagenes\\Galletas-festival.jpg'), ('Random', 0.36121121246191135), ('Correcto', None)])
72.5869 	DATA 	Mouse: Left button down, pos=(779,151)
72.5891 	EXP 	image_2: autoDraw = False
72.5891 	EXP 	slider_2: autoDraw = False
72.5891 	EXP 	image_2: image = 'imagenes\\Galletas-festival.jpg'
72.5891 	EXP 	slider_2: markerPos = None
72.5891 	EXP 	slider_2: markerPos = None
72.5891 	EXP 	slider_2: rating = None
72.5891 	EXP 	image_2: autoDraw = True
72.5891 	EXP 	slider_2: autoDraw = True
72.5965 	EXP 	slider_2: markerPos = 4.125
72.6040 	EXP 	slider_2: markerPos = 4.125
72.6211 	EXP 	slider_2: markerPos = 4.125
72.6374 	EXP 	slider_2: markerPos = 4.125
72.6547 	EXP 	slider_2: markerPos = 4.131510416666667
72.6710 	EXP 	slider_2: markerPos = 4.1640625
72.6876 	EXP 	slider_2: markerPos = 4.229166666666667
72.6896 	DATA 	Mouse:  Left button up, pos=(801,151)
72.7046 	EXP 	slider_2: markerPos = 4.229166666666667
72.7046 	EXP 	slider_2: rating = 4.229166666666667
72.7086 	EXP 	New trial (rep=0, index=7): OrderedDict([('Imagenes', 'imagenes\\Popetas.jpg'), ('Random', 0.07650200324054446), ('Correcto', None)])
72.7613 	EXP 	image_2: autoDraw = False
72.7613 	EXP 	slider_2: autoDraw = False
72.7613 	EXP 	image_2: image = 'imagenes\\Popetas.jpg'
72.7613 	EXP 	slider_2: markerPos = None
72.7613 	EXP 	slider_2: markerPos = None
72.7613 	EXP 	slider_2: rating = None
72.7613 	EXP 	image_2: autoDraw = True
72.7613 	EXP 	slider_2: autoDraw = True
72.7706 	DATA 	Mouse: Left button down, pos=(835,151)
72.7762 	EXP 	slider_2: markerPos = 4.489583333333333
72.7875 	EXP 	slider_2: markerPos = 4.489583333333333
72.8044 	EXP 	slider_2: markerPos = 4.489583333333333
72.8209 	EXP 	slider_2: markerPos = 4.489583333333333
72.8377 	EXP 	slider_2: markerPos = 4.470052083333333
72.8548 	EXP 	slider_2: markerPos = 4.424479166666667
72.8710 	EXP 	slider_2: markerPos = 4.365885416666667
72.8877 	EXP 	slider_2: markerPos = 4.287760416666667
72.8938 	DATA 	Mouse:  Left button up, pos=(784,151)
72.9045 	EXP 	slider_2: markerPos = 4.203125
72.9210 	EXP 	slider_2: markerPos = 4.203125
72.9210 	EXP 	slider_2: rating = 4.203125
72.9245 	EXP 	New trial (rep=0, index=8): OrderedDict([('Imagenes', 'imagenes\\Mango.jpeg'), ('Random', 0.555669112372461), ('Correcto', None)])
72.9509 	EXP 	image_2: autoDraw = False
72.9509 	EXP 	slider_2: autoDraw = False
72.9509 	EXP 	image_2: image = 'imagenes\\Mango.jpeg'
72.9509 	EXP 	slider_2: markerPos = None
72.9509 	EXP 	slider_2: markerPos = None
72.9509 	EXP 	slider_2: rating = None
72.9509 	EXP 	image_2: autoDraw = True
72.9509 	EXP 	slider_2: autoDraw = True
72.9581 	DATA 	Mouse: Left button down, pos=(722,151)
72.9708 	EXP 	slider_2: markerPos = 3.75390625
72.9875 	EXP 	slider_2: markerPos = 3.649739583333333
73.0046 	EXP 	slider_2: markerPos = 3.571614583333333
73.0208 	EXP 	slider_2: markerPos = 3.513020833333333
73.0375 	EXP 	slider_2: markerPos = 3.48046875
73.0541 	EXP 	slider_2: markerPos = 3.4348958333333335
73.0710 	EXP 	slider_2: markerPos = 3.3893229166666665
73.0875 	EXP 	slider_2: markerPos = 3.2981770833333335
73.1045 	EXP 	slider_2: markerPos = 3.2330729166666665
73.1210 	EXP 	slider_2: markerPos = 3.1744791666666665
73.1374 	EXP 	slider_2: markerPos = 3.12890625
73.1546 	EXP 	slider_2: markerPos = 3.0703125
73.1708 	EXP 	slider_2: markerPos = 3.0182291666666665
73.1874 	EXP 	slider_2: markerPos = 2.9596354166666665
73.2045 	EXP 	slider_2: markerPos = 2.9010416666666665
73.2077 	DATA 	Mouse:  Left button up, pos=(585,146)
73.2209 	EXP 	slider_2: markerPos = 2.9010416666666665
73.2209 	EXP 	slider_2: rating = 2.9010416666666665
73.2240 	EXP 	New trial (rep=0, index=9): OrderedDict([('Imagenes', 'imagenes\\Yogurt-alpina.jpg'), ('Random', 0.21540995091807813), ('Correcto', None)])
73.2454 	EXP 	image_2: autoDraw = False
73.2454 	EXP 	slider_2: autoDraw = False
73.2454 	EXP 	image_2: image = 'imagenes\\Yogurt-alpina.jpg'
73.2454 	EXP 	slider_2: markerPos = None
73.2454 	EXP 	slider_2: markerPos = None
73.2454 	EXP 	slider_2: rating = None
73.2454 	EXP 	image_2: autoDraw = True
73.2454 	EXP 	slider_2: autoDraw = True
73.2900 	DATA 	Mouse: Left button down, pos=(573,147)
73.3045 	EXP 	slider_2: markerPos = 2.783854166666667
73.3211 	EXP 	slider_2: markerPos = 2.783854166666667
73.3374 	EXP 	slider_2: markerPos = 2.783854166666667
73.3545 	EXP 	slider_2: markerPos = 2.783854166666667
73.3711 	EXP 	slider_2: markerPos = 2.783854166666667
73.3818 	DATA 	Mouse:  Left button up, pos=(573,147)
73.3874 	EXP 	slider_2: markerPos = 2.783854166666667
73.4045 	EXP 	slider_2: markerPos = 2.783854166666667
73.4045 	EXP 	slider_2: rating = 2.783854166666667
73.4075 	EXP 	New trial (rep=0, index=10): OrderedDict([('Imagenes', 'imagenes\\Uvas.jpg'), ('Random', 0.7734382152670648), ('Correcto', None)])
73.4281 	EXP 	image_2: autoDraw = False
73.4281 	EXP 	slider_2: autoDraw = False
73.4281 	EXP 	image_2: image = 'imagenes\\Uvas.jpg'
73.4281 	EXP 	slider_2: markerPos = None
73.4281 	EXP 	slider_2: markerPos = None
73.4281 	EXP 	slider_2: rating = None
73.4281 	EXP 	image_2: autoDraw = True
73.4281 	EXP 	slider_2: autoDraw = True
73.4728 	DATA 	Mouse: Left button down, pos=(607,147)
73.4875 	EXP 	slider_2: markerPos = 3.0052083333333335
73.5042 	EXP 	slider_2: markerPos = 3.05078125
73.5208 	EXP 	slider_2: markerPos = 3.08984375
73.5375 	EXP 	slider_2: markerPos = 3.1158854166666665
73.5547 	EXP 	slider_2: markerPos = 3.2265625
73.5710 	EXP 	slider_2: markerPos = 3.3372395833333335
73.5733 	DATA 	Mouse:  Left button up, pos=(685,147)
73.5875 	EXP 	slider_2: markerPos = 3.3372395833333335
73.5875 	EXP 	slider_2: rating = 3.3372395833333335
73.5908 	EXP 	New trial (rep=0, index=11): OrderedDict([('Imagenes', 'imagenes\\Rosquitas (1).jpg'), ('Random', 0.3035383390851263), ('Correcto', None)])
73.6219 	EXP 	image_2: autoDraw = False
73.6219 	EXP 	slider_2: autoDraw = False
73.6219 	EXP 	image_2: image = 'imagenes\\Rosquitas (1).jpg'
73.6219 	EXP 	slider_2: markerPos = None
73.6219 	EXP 	slider_2: markerPos = None
73.6219 	EXP 	slider_2: rating = None
73.6219 	EXP 	image_2: autoDraw = True
73.6219 	EXP 	slider_2: autoDraw = True
73.6558 	DATA 	Mouse: Left button down, pos=(769,151)
73.6708 	EXP 	slider_2: markerPos = 4.059895833333333
73.6875 	EXP 	slider_2: markerPos = 4.06640625
73.7048 	EXP 	slider_2: markerPos = 4.06640625
73.7212 	EXP 	slider_2: markerPos = 4.072916666666667
73.7308 	DATA 	Mouse:  Left button up, pos=(780,151)
73.7374 	EXP 	slider_2: markerPos = 4.111979166666667
73.7542 	EXP 	slider_2: markerPos = 4.111979166666667
73.7542 	EXP 	slider_2: rating = 4.111979166666667
73.7571 	EXP 	New trial (rep=0, index=12): OrderedDict([('Imagenes', 'imagenes\\Papas-pollo.jpg'), ('Random', 0.6683114062971784), ('Correcto', None)])
73.7743 	EXP 	image_2: autoDraw = False
73.7743 	EXP 	slider_2: autoDraw = False
73.7743 	EXP 	image_2: image = 'imagenes\\Papas-pollo.jpg'
73.7743 	EXP 	slider_2: markerPos = None
73.7743 	EXP 	slider_2: markerPos = None
73.7743 	EXP 	slider_2: rating = None
73.7743 	EXP 	image_2: autoDraw = True
73.7743 	EXP 	slider_2: autoDraw = True
73.8289 	DATA 	Mouse: Left button down, pos=(812,151)
73.8546 	EXP 	slider_2: markerPos = 4.33984375
73.8710 	EXP 	slider_2: markerPos = 4.33984375
73.8876 	EXP 	slider_2: markerPos = 4.33984375
73.9043 	EXP 	slider_2: markerPos = 4.33984375
73.9209 	EXP 	slider_2: markerPos = 4.33984375
73.9236 	DATA 	Mouse:  Left button up, pos=(806,151)
73.9374 	EXP 	slider_2: markerPos = 4.33984375
73.9374 	EXP 	slider_2: rating = 4.33984375
73.9410 	EXP 	New trial (rep=0, index=13): OrderedDict([('Imagenes', 'imagenes\\Banano.jpeg'), ('Random', 0.651633055306917), ('Correcto', None)])
73.9637 	EXP 	image_2: autoDraw = False
73.9637 	EXP 	slider_2: autoDraw = False
73.9637 	EXP 	image_2: image = 'imagenes\\Banano.jpeg'
73.9637 	EXP 	slider_2: markerPos = None
73.9637 	EXP 	slider_2: markerPos = None
73.9637 	EXP 	slider_2: rating = None
73.9637 	EXP 	image_2: autoDraw = True
73.9637 	EXP 	slider_2: autoDraw = True
74.0238 	DATA 	Mouse: Left button down, pos=(740,150)
74.0374 	EXP 	slider_2: markerPos = 3.83203125
74.0542 	EXP 	slider_2: markerPos = 3.779947916666667
74.0708 	EXP 	slider_2: markerPos = 3.727864583333333
74.0874 	EXP 	slider_2: markerPos = 3.662760416666667
74.0938 	DATA 	Mouse:  Left button up, pos=(693,149)
74.1045 	EXP 	slider_2: markerPos = 3.591145833333333
74.1208 	EXP 	slider_2: markerPos = 3.591145833333333
74.1208 	EXP 	slider_2: rating = 3.591145833333333
74.1247 	EXP 	New trial (rep=0, index=14): OrderedDict([('Imagenes', 'imagenes\\bon-bon-bun.jpg'), ('Random', 0.7387922093313524), ('Correcto', None)])
74.1586 	EXP 	image_2: autoDraw = False
74.1586 	EXP 	slider_2: autoDraw = False
74.1586 	EXP 	image_2: image = 'imagenes\\bon-bon-bun.jpg'
74.1586 	EXP 	slider_2: markerPos = None
74.1586 	EXP 	slider_2: markerPos = None
74.1586 	EXP 	slider_2: rating = None
74.1586 	EXP 	image_2: autoDraw = True
74.1586 	EXP 	slider_2: autoDraw = True
74.1800 	DATA 	Mouse: Left button down, pos=(660,149)
74.2043 	EXP 	slider_2: markerPos = 3.3372395833333335
74.2209 	EXP 	slider_2: markerPos = 3.2981770833333335
74.2373 	EXP 	slider_2: markerPos = 3.2786458333333335
74.2545 	EXP 	slider_2: markerPos = 3.2395833333333335
74.2709 	EXP 	slider_2: markerPos = 3.2135416666666665
74.2874 	EXP 	slider_2: markerPos = 3.1809895833333335
74.2894 	DATA 	Mouse:  Left button up, pos=(628,149)
74.3044 	EXP 	slider_2: markerPos = 3.1809895833333335
74.3044 	EXP 	slider_2: rating = 3.1809895833333335
74.3086 	EXP 	New trial (rep=0, index=15): OrderedDict([('Imagenes', 'imagenes\\Papas-limon.jpg'), ('Random', 0.020692288100133793), ('Correcto', None)])
74.3266 	EXP 	image_2: autoDraw = False
74.3266 	EXP 	slider_2: autoDraw = False
74.3266 	EXP 	image_2: image = 'imagenes\\Papas-limon.jpg'
74.3266 	EXP 	slider_2: markerPos = None
74.3266 	EXP 	slider_2: markerPos = None
74.3266 	EXP 	slider_2: rating = None
74.3266 	EXP 	image_2: autoDraw = True
74.3266 	EXP 	slider_2: autoDraw = True
74.3727 	DATA 	Mouse: Left button down, pos=(620,149)
74.3874 	EXP 	slider_2: markerPos = 3.08984375
74.4041 	EXP 	slider_2: markerPos = 3.08984375
74.4208 	EXP 	slider_2: markerPos = 3.08984375
74.4375 	EXP 	slider_2: markerPos = 3.08984375
74.4401 	DATA 	Mouse:  Left button up, pos=(620,149)
74.4542 	EXP 	slider_2: markerPos = 3.08984375
74.4542 	EXP 	slider_2: rating = 3.08984375
74.4582 	EXP 	New trial (rep=0, index=16): OrderedDict([('Imagenes', 'imagenes\\Kiwi.jpg'), ('Random', 0.5893907384852061), ('Correcto', None)])
74.4726 	EXP 	image_2: autoDraw = False
74.4726 	EXP 	slider_2: autoDraw = False
74.4726 	EXP 	image_2: image = 'imagenes\\Kiwi.jpg'
74.4726 	EXP 	slider_2: markerPos = None
74.4726 	EXP 	slider_2: markerPos = None
74.4726 	EXP 	slider_2: rating = None
74.4726 	EXP 	image_2: autoDraw = True
74.4726 	EXP 	slider_2: autoDraw = True
74.5574 	DATA 	Mouse: Left button down, pos=(687,154)
74.5709 	EXP 	slider_2: markerPos = 3.526041666666667
74.5876 	EXP 	slider_2: markerPos = 3.545572916666667
74.6048 	EXP 	slider_2: markerPos = 3.55859375
74.6211 	EXP 	slider_2: markerPos = 3.571614583333333
74.6374 	EXP 	slider_2: markerPos = 3.59765625
74.6401 	DATA 	Mouse:  Left button up, pos=(711,154)
74.6546 	EXP 	slider_2: markerPos = 3.59765625
74.6546 	EXP 	slider_2: rating = 3.59765625
74.6581 	EXP 	New trial (rep=0, index=17): OrderedDict([('Imagenes', 'imagenes\\Alpinito.jpg'), ('Random', 0.4515332417045813), ('Correcto', None)])
74.6955 	EXP 	image_2: autoDraw = False
74.6955 	EXP 	slider_2: autoDraw = False
74.6955 	EXP 	image_2: image = 'imagenes\\Alpinito.jpg'
74.6955 	EXP 	slider_2: markerPos = None
74.6955 	EXP 	slider_2: markerPos = None
74.6955 	EXP 	slider_2: rating = None
74.6955 	EXP 	image_2: autoDraw = True
74.6955 	EXP 	slider_2: autoDraw = True
74.7402 	DATA 	Mouse: Left button down, pos=(778,154)
74.7546 	EXP 	slider_2: markerPos = 4.118489583333333
74.7709 	EXP 	slider_2: markerPos = 4.118489583333333
74.7875 	EXP 	slider_2: markerPos = 4.118489583333333
74.8046 	EXP 	slider_2: markerPos = 4.118489583333333
74.8207 	EXP 	slider_2: markerPos = 4.125
74.8264 	DATA 	Mouse:  Left button up, pos=(783,154)
74.8375 	EXP 	slider_2: markerPos = 4.138020833333333
74.8545 	EXP 	slider_2: markerPos = 4.138020833333333
74.8545 	EXP 	slider_2: rating = 4.138020833333333
74.8586 	EXP 	New trial (rep=0, index=18): OrderedDict([('Imagenes', 'imagenes\\Chocoramo.jfif.jpg'), ('Random', 0.7789437122019539), ('Correcto', None)])
74.8954 	EXP 	image_2: autoDraw = False
74.8954 	EXP 	slider_2: autoDraw = False
74.8954 	EXP 	image_2: image = 'imagenes\\Chocoramo.jfif.jpg'
74.8954 	EXP 	slider_2: markerPos = None
74.8954 	EXP 	slider_2: markerPos = None
74.8954 	EXP 	slider_2: rating = None
74.8954 	EXP 	image_2: autoDraw = True
74.8954 	EXP 	slider_2: autoDraw = True
74.9127 	DATA 	Mouse: Left button down, pos=(794,154)
74.9375 	EXP 	slider_2: markerPos = 4.22265625
74.9545 	EXP 	slider_2: markerPos = 4.22265625
74.9710 	EXP 	slider_2: markerPos = 4.22265625
74.9874 	EXP 	slider_2: markerPos = 4.22265625
75.0040 	EXP 	slider_2: markerPos = 4.170572916666667
75.0210 	EXP 	slider_2: markerPos = 4.10546875
75.0239 	DATA 	Mouse:  Left button up, pos=(772,154)
75.0375 	EXP 	slider_2: markerPos = 4.10546875
75.0375 	EXP 	slider_2: rating = 4.10546875
75.0409 	EXP 	New trial (rep=0, index=19): OrderedDict([('Imagenes', 'imagenes\\Nutella (1).jpg'), ('Random', 0.5277483225747329), ('Correcto', None)])
75.0602 	EXP 	image_2: autoDraw = False
75.0602 	EXP 	slider_2: autoDraw = False
75.0602 	EXP 	image_2: image = 'imagenes\\Nutella (1).jpg'
75.0602 	EXP 	slider_2: markerPos = None
75.0602 	EXP 	slider_2: markerPos = None
75.0602 	EXP 	slider_2: rating = None
75.0602 	EXP 	image_2: autoDraw = True
75.0602 	EXP 	slider_2: autoDraw = True
75.0941 	DATA 	Mouse: Left button down, pos=(720,153)
75.1208 	EXP 	slider_2: markerPos = 3.708333333333333
75.1373 	EXP 	slider_2: markerPos = 3.688802083333333
75.1547 	EXP 	slider_2: markerPos = 3.65625
75.1712 	EXP 	slider_2: markerPos = 3.630208333333333
75.1876 	EXP 	slider_2: markerPos = 3.59765625
75.2045 	EXP 	slider_2: markerPos = 3.552083333333333
75.2209 	EXP 	slider_2: markerPos = 3.4934895833333335
75.2375 	EXP 	slider_2: markerPos = 3.4479166666666665
75.2545 	EXP 	slider_2: markerPos = 3.40234375
75.2709 	EXP 	slider_2: markerPos = 3.34375
75.2880 	EXP 	slider_2: markerPos = 3.3046875
75.3042 	EXP 	slider_2: markerPos = 3.2786458333333335
75.3208 	EXP 	slider_2: markerPos = 3.265625
75.3229 	DATA 	Mouse:  Left button up, pos=(644,146)
75.3373 	EXP 	slider_2: markerPos = 3.265625
75.3373 	EXP 	slider_2: rating = 3.265625
75.4044 	EXP 	image_2: autoDraw = False
75.4044 	EXP 	slider_2: autoDraw = False
75.4044 	EXP 	text: text = 'El nmero aleatorio es 943.'
75.4044 	EXP 	text_2: text = 'El precio seleccionado aleatoriamente es 2771.0.'
75.4044 	EXP 	text: autoDraw = True
75.4044 	EXP 	text_2: autoDraw = True
75.4100 	DATA 	Mouse: Left button down, pos=(636,146)
75.5075 	DATA 	Mouse:  Left button up, pos=(628,145)
75.5906 	DATA 	Mouse: Left button down, pos=(618,145)
75.6573 	DATA 	Mouse:  Left button up, pos=(618,145)
80.4043 	EXP 	text: autoDraw = False
80.4043 	EXP 	text_2: autoDraw = False
80.4043 	EXP 	text: autoDraw = False
80.4043 	EXP 	text_2: autoDraw = False
80.7355 	EXP 	window1: mouseVisible = True
