1.4148 	WARNING 	We strongly recommend you activate the PTB sound engine in PsychoPy prefs as the preferred audio engine. Its timing is vastly superior. Your prefs are currently set to use ['sounddevice', 'PTB', 'pyo', 'pygame'] (in that order).
9.1675 	WARNING 	User requested fullscreen with size [1024  768], but screen is actually [1366, 768]. Using actual size
10.6751 	EXP 	Created window1 = Window(allowGUI=False, allowStencil=False, args=UNKNOWN, autoLog=True, bitsMode=UNKNOWN, blendMode='avg', bpc=(8, 8, 8), color=array([0., 0., 0.]), colorSpace='rgb', depthBits=8, fullscr=<method-wrapper '__getattribute__' of attributeSetter object at 0x000002BA5364E6D8>, gamma=None, gammaErrorPolicy='raise', kwargs=UNKNOWN, lms=UNKNOWN, monitor=<psychopy.monitors.calibTools.Monitor object at 0x000002BA533EA748>, multiSample=False, name='window1', numSamples=2, pos=[0.0, 0.0], screen=0, size=array([1366,  768]), stencilBits=0, stereo=False, units='height', useFBO=True, useRetina=False, viewOri=0.0, viewPos=None, viewScale=None, waitBlanking=True, winType='pyglet')
10.6758 	EXP 	window1: mouseVisible = True
10.6759 	EXP 	window1: recordFrameIntervals = False
10.8400 	EXP 	window1: recordFrameIntervals = True
11.0241 	EXP 	window1: recordFrameIntervals = False
11.6605 	EXP 	Sound Sonido set volume 1.000
11.6758 	EXP 	Created image_2 = ImageStim(__class__=<class 'psychopy.visual.image.ImageStim'>, autoLog=True, color=array([1., 1., 1.]), colorSpace='rgb', contrast=1.0, depth=-1.0, flipHoriz=False, flipVert=False, image='sin', interpolate=True, mask=None, maskParams=None, name='image_2', opacity=1.0, ori=0.0, pos=array([0. , 0.2]), size=array([0.5, 0.5]), texRes=128, units='height', win=Window(...))
11.7155 	EXP 	window1: mouseVisible = True
11.8702 	EXP 	Created slider_2 = Slider(__class__=<class 'psychopy.visual.slider.Slider'>, autoDraw=False, autoLog=True, color='LightGray', depth=0, flip=False, font='HelveticaBold', granularity=0, labelHeight=0.05, labelWrapWidth=None, labels=('0', '1000', '2000', '3000', '4000', '5000'), name='slider_2', pos=(0, -0.3), readOnly=False, self=UNKNOWN, size=(1.0, 0.05), style=method-wrapper(...), ticks=array([1, 2, 3, 4, 5, 6]), units='height', win=Window(...))
11.9137 	EXP 	Created text = TextStim(__class__=<class 'psychopy.visual.text.TextStim'>, alignHoriz=method-wrapper(...), alignText='center', alignVert=method-wrapper(...), anchorHoriz='center', anchorVert='center', antialias=True, autoLog=True, bold=False, color='white', colorSpace='named', contrast=1.0, depth=-1.0, flipHoriz=False, flipVert=False, font='Arial', fontFiles=[], height=0.1, italic=False, languageStyle='LTR', name='text', opacity=1.0, ori=0, pos=array([0., 2.]), rgb=array([255., 255., 255.]), text='default text', units='height', win=Window(...), wrapWidth=1)
11.9195 	EXP 	Created text_2 = TextStim(__class__=<class 'psychopy.visual.text.TextStim'>, alignHoriz=method-wrapper(...), alignText='center', alignVert=method-wrapper(...), anchorHoriz='center', anchorVert='center', antialias=True, autoLog=True, bold=False, color='white', colorSpace='named', contrast=1.0, depth=-2.0, flipHoriz=False, flipVert=False, font='Arial', fontFiles=[], height=0.1, italic=False, languageStyle='LTR', name='text_2', opacity=1.0, ori=0, pos=array([ 0., -2.]), rgb=array([255., 255., 255.]), text='default text', units='height', win=Window(...), wrapWidth=1)
12.0066 	EXP 	Imported ruidos.xlsx as conditions, 4 conditions, 2 params
12.0073 	EXP 	Created sequence: random, trialTypes=4, nReps=1, seed=None
12.0080 	EXP 	New trial (rep=0, index=0): OrderedDict([('Hertz', 1500), ('volumen', 0.02)])
12.0233 	EXP 	Imported imagenes.xlsx as conditions, 20 conditions, 3 params
12.0240 	EXP 	Created sequence: random, trialTypes=20, nReps=1, seed=None
12.0246 	EXP 	New trial (rep=0, index=0): OrderedDict([('Imagenes', 'imagenes\\Chocoramo.jfif.jpg'), ('Random', 0.7789437122019539), ('Correcto', None)])
12.1122 	EXP 	slider_2: autoLog = True
12.1122 	EXP 	slider_2: markerPos = None
12.1122 	EXP 	slider_2: rating = None
12.1122 	EXP 	slider_2: markerPos = None
12.1122 	EXP 	slider_2: contrast = 1.0
12.1122 	EXP 	slider_2: autoLog = True
12.1122 	EXP 	slider_2: style = ['rating']
12.1122 	EXP 	image_2: image = 'imagenes\\Chocoramo.jfif.jpg'
12.1122 	EXP 	slider_2: markerPos = None
12.1122 	EXP 	slider_2: markerPos = None
12.1122 	EXP 	slider_2: rating = None
12.1122 	EXP 	image_2: autoDraw = True
12.1122 	EXP 	slider_2: autoDraw = True
12.6046 	DATA 	Mouse: Left button down, pos=(651,180)
12.6791 	DATA 	Mouse:  Left button up, pos=(651,180)
12.8638 	DATA 	Mouse: Left button down, pos=(670,156)
12.8749 	EXP 	slider_2: markerPos = 3.4153645833333335
12.8902 	EXP 	slider_2: markerPos = 3.4153645833333335
12.9065 	EXP 	slider_2: markerPos = 3.4153645833333335
12.9234 	EXP 	slider_2: markerPos = 3.4153645833333335
12.9403 	EXP 	slider_2: markerPos = 3.4153645833333335
12.9472 	DATA 	Mouse:  Left button up, pos=(670,156)
12.9562 	EXP 	slider_2: markerPos = 3.4153645833333335
12.9588 	EXP 	New trial (rep=0, index=1): OrderedDict([('Imagenes', 'imagenes\\Galletas-festival.jpg'), ('Random', 0.36121121246191135), ('Correcto', None)])
12.9919 	EXP 	image_2: autoDraw = False
12.9919 	EXP 	slider_2: autoDraw = False
12.9919 	EXP 	image_2: image = 'imagenes\\Galletas-festival.jpg'
12.9919 	EXP 	slider_2: markerPos = None
12.9919 	EXP 	slider_2: markerPos = None
12.9919 	EXP 	slider_2: rating = None
12.9919 	EXP 	image_2: autoDraw = True
12.9919 	EXP 	slider_2: autoDraw = True
13.0425 	DATA 	Mouse: Left button down, pos=(670,156)
13.0562 	EXP 	slider_2: markerPos = 3.4153645833333335
13.0729 	EXP 	slider_2: markerPos = 3.4088541666666665
13.0901 	EXP 	slider_2: markerPos = 3.4088541666666665
13.1065 	EXP 	slider_2: markerPos = 3.4088541666666665
13.1135 	DATA 	Mouse:  Left button up, pos=(669,156)
13.1230 	EXP 	slider_2: markerPos = 3.4088541666666665
13.1399 	EXP 	slider_2: markerPos = 3.4088541666666665
13.1399 	EXP 	slider_2: rating = 3.4088541666666665
13.1438 	EXP 	New trial (rep=0, index=2): OrderedDict([('Imagenes', 'imagenes\\Uvas.jpg'), ('Random', 0.7734382152670648), ('Correcto', None)])
13.1675 	EXP 	image_2: autoDraw = False
13.1675 	EXP 	slider_2: autoDraw = False
13.1675 	EXP 	image_2: image = 'imagenes\\Uvas.jpg'
13.1675 	EXP 	slider_2: markerPos = None
13.1675 	EXP 	slider_2: markerPos = None
13.1675 	EXP 	slider_2: rating = None
13.1675 	EXP 	image_2: autoDraw = True
13.1675 	EXP 	slider_2: autoDraw = True
13.2167 	DATA 	Mouse: Left button down, pos=(659,156)
13.2418 	EXP 	slider_2: markerPos = 3.3046875
13.2564 	EXP 	slider_2: markerPos = 3.265625
13.2732 	EXP 	slider_2: markerPos = 3.2265625
13.2903 	EXP 	slider_2: markerPos = 3.2005208333333335
13.2931 	DATA 	Mouse:  Left button up, pos=(627,156)
13.3064 	EXP 	slider_2: markerPos = 3.2005208333333335
13.3064 	EXP 	slider_2: rating = 3.2005208333333335
13.3105 	EXP 	New trial (rep=0, index=3): OrderedDict([('Imagenes', 'imagenes\\Alpinito.jpg'), ('Random', 0.4515332417045813), ('Correcto', None)])
13.3718 	DATA 	Mouse: Left button down, pos=(611,156)
13.3772 	EXP 	image_2: autoDraw = False
13.3772 	EXP 	slider_2: autoDraw = False
13.3772 	EXP 	image_2: image = 'imagenes\\Alpinito.jpg'
13.3772 	EXP 	slider_2: markerPos = None
13.3772 	EXP 	slider_2: markerPos = None
13.3772 	EXP 	slider_2: rating = None
13.3772 	EXP 	image_2: autoDraw = True
13.3772 	EXP 	slider_2: autoDraw = True
13.3772 	EXP 	slider_2: markerPos = 3.0247395833333335
13.3840 	EXP 	slider_2: markerPos = 3.0247395833333335
13.3903 	EXP 	slider_2: markerPos = 3.0247395833333335
13.4063 	EXP 	slider_2: markerPos = 3.0247395833333335
13.4231 	EXP 	slider_2: markerPos = 3.0247395833333335
13.4400 	EXP 	slider_2: markerPos = 3.0247395833333335
13.4425 	DATA 	Mouse:  Left button up, pos=(610,156)
13.4564 	EXP 	slider_2: markerPos = 3.0247395833333335
13.4564 	EXP 	slider_2: rating = 3.0247395833333335
13.4598 	EXP 	New trial (rep=0, index=4): OrderedDict([('Imagenes', 'imagenes\\Mango.jpeg'), ('Random', 0.555669112372461), ('Correcto', None)])
13.4931 	EXP 	image_2: autoDraw = False
13.4931 	EXP 	slider_2: autoDraw = False
13.4931 	EXP 	image_2: image = 'imagenes\\Mango.jpeg'
13.4931 	EXP 	slider_2: markerPos = None
13.4931 	EXP 	slider_2: markerPos = None
13.4931 	EXP 	slider_2: rating = None
13.4931 	EXP 	image_2: autoDraw = True
13.4931 	EXP 	slider_2: autoDraw = True
13.5474 	DATA 	Mouse: Left button down, pos=(605,156)
13.5729 	EXP 	slider_2: markerPos = 2.9856770833333335
13.5899 	EXP 	slider_2: markerPos = 2.9856770833333335
13.5923 	DATA 	Mouse:  Left button up, pos=(604,156)
13.6063 	EXP 	slider_2: markerPos = 2.9856770833333335
13.6063 	EXP 	slider_2: rating = 2.9856770833333335
13.6099 	EXP 	New trial (rep=0, index=5): OrderedDict([('Imagenes', 'imagenes\\Leche-de-almendras.jpg'), ('Random', 0.36073876480313727), ('Correcto', None)])
13.7298 	EXP 	image_2: autoDraw = False
13.7298 	EXP 	slider_2: autoDraw = False
13.7298 	EXP 	image_2: image = 'imagenes\\Leche-de-almendras.jpg'
13.7298 	EXP 	slider_2: markerPos = None
13.7298 	EXP 	slider_2: markerPos = None
13.7298 	EXP 	slider_2: rating = None
13.7298 	EXP 	image_2: autoDraw = True
13.7298 	EXP 	slider_2: autoDraw = True
13.8420 	DATA 	Mouse: Left button down, pos=(709,162)
13.8566 	EXP 	slider_2: markerPos = 3.669270833333333
13.8736 	EXP 	slider_2: markerPos = 3.669270833333333
13.8905 	EXP 	slider_2: markerPos = 3.669270833333333
13.9070 	EXP 	slider_2: markerPos = 3.669270833333333
13.9182 	DATA 	Mouse:  Left button up, pos=(709,162)
13.9231 	EXP 	slider_2: markerPos = 3.669270833333333
13.9404 	EXP 	slider_2: markerPos = 3.669270833333333
13.9404 	EXP 	slider_2: rating = 3.669270833333333
13.9440 	EXP 	New trial (rep=0, index=6): OrderedDict([('Imagenes', 'imagenes\\Nutella (1).jpg'), ('Random', 0.5277483225747329), ('Correcto', None)])
13.9832 	EXP 	image_2: autoDraw = False
13.9832 	EXP 	slider_2: autoDraw = False
13.9832 	EXP 	image_2: image = 'imagenes\\Nutella (1).jpg'
13.9832 	EXP 	slider_2: markerPos = None
13.9832 	EXP 	slider_2: markerPos = None
13.9832 	EXP 	slider_2: rating = None
13.9832 	EXP 	image_2: autoDraw = True
13.9832 	EXP 	slider_2: autoDraw = True
14.2207 	DATA 	Mouse: Left button down, pos=(714,165)
14.2397 	EXP 	slider_2: markerPos = 3.701822916666667
14.2576 	EXP 	slider_2: markerPos = 3.701822916666667
14.2653 	DATA 	Mouse:  Left button up, pos=(713,165)
14.2729 	EXP 	slider_2: markerPos = 3.701822916666667
14.2896 	EXP 	slider_2: markerPos = 3.701822916666667
14.2896 	EXP 	slider_2: rating = 3.701822916666667
14.2934 	EXP 	New trial (rep=0, index=7): OrderedDict([('Imagenes', 'imagenes\\Yogurt-alpina.jpg'), ('Random', 0.21540995091807813), ('Correcto', None)])
14.3300 	EXP 	image_2: autoDraw = False
14.3300 	EXP 	slider_2: autoDraw = False
14.3300 	EXP 	image_2: image = 'imagenes\\Yogurt-alpina.jpg'
14.3300 	EXP 	slider_2: markerPos = None
14.3300 	EXP 	slider_2: markerPos = None
14.3300 	EXP 	slider_2: rating = None
14.3300 	EXP 	image_2: autoDraw = True
14.3300 	EXP 	slider_2: autoDraw = True
14.3915 	DATA 	Mouse: Left button down, pos=(685,155)
14.4062 	EXP 	slider_2: markerPos = 3.513020833333333
14.4230 	EXP 	slider_2: markerPos = 3.513020833333333
14.4398 	EXP 	slider_2: markerPos = 3.513020833333333
14.4564 	EXP 	slider_2: markerPos = 3.513020833333333
14.4637 	DATA 	Mouse:  Left button up, pos=(685,154)
14.4728 	EXP 	slider_2: markerPos = 3.513020833333333
14.4900 	EXP 	slider_2: markerPos = 3.513020833333333
14.4900 	EXP 	slider_2: rating = 3.513020833333333
14.4942 	EXP 	New trial (rep=0, index=8): OrderedDict([('Imagenes', 'imagenes\\bon-bon-bun.jpg'), ('Random', 0.7387922093313524), ('Correcto', None)])
14.5276 	EXP 	image_2: autoDraw = False
14.5276 	EXP 	slider_2: autoDraw = False
14.5276 	EXP 	image_2: image = 'imagenes\\bon-bon-bun.jpg'
14.5276 	EXP 	slider_2: markerPos = None
14.5276 	EXP 	slider_2: markerPos = None
14.5276 	EXP 	slider_2: rating = None
14.5276 	EXP 	image_2: autoDraw = True
14.5276 	EXP 	slider_2: autoDraw = True
14.5588 	DATA 	Mouse: Left button down, pos=(685,154)
14.5730 	EXP 	slider_2: markerPos = 3.513020833333333
14.5899 	EXP 	slider_2: markerPos = 3.513020833333333
14.6066 	EXP 	slider_2: markerPos = 3.513020833333333
14.6230 	EXP 	slider_2: markerPos = 3.513020833333333
14.6398 	EXP 	slider_2: markerPos = 3.513020833333333
14.6424 	DATA 	Mouse:  Left button up, pos=(685,154)
14.6563 	EXP 	slider_2: markerPos = 3.513020833333333
14.6563 	EXP 	slider_2: rating = 3.513020833333333
14.6603 	EXP 	New trial (rep=0, index=9): OrderedDict([('Imagenes', 'imagenes\\Galletas Tosh.jpg'), ('Random', 0.478088790487872), ('Correcto', None)])
14.7131 	EXP 	image_2: autoDraw = False
14.7131 	EXP 	slider_2: autoDraw = False
14.7131 	EXP 	image_2: image = 'imagenes\\Galletas Tosh.jpg'
14.7131 	EXP 	slider_2: markerPos = None
14.7131 	EXP 	slider_2: markerPos = None
14.7131 	EXP 	slider_2: rating = None
14.7131 	EXP 	image_2: autoDraw = True
14.7131 	EXP 	slider_2: autoDraw = True
14.7211 	DATA 	Mouse: Left button down, pos=(685,154)
14.7258 	EXP 	slider_2: markerPos = 3.513020833333333
14.7397 	EXP 	slider_2: markerPos = 3.513020833333333
14.7561 	EXP 	slider_2: markerPos = 3.513020833333333
14.7733 	EXP 	slider_2: markerPos = 3.513020833333333
14.7759 	DATA 	Mouse:  Left button up, pos=(685,154)
14.7897 	EXP 	slider_2: markerPos = 3.513020833333333
14.7897 	EXP 	slider_2: rating = 3.513020833333333
14.7939 	EXP 	New trial (rep=0, index=10): OrderedDict([('Imagenes', 'imagenes\\Popetas.jpg'), ('Random', 0.07650200324054446), ('Correcto', None)])
14.8388 	EXP 	image_2: autoDraw = False
14.8388 	EXP 	slider_2: autoDraw = False
14.8388 	EXP 	image_2: image = 'imagenes\\Popetas.jpg'
14.8388 	EXP 	slider_2: markerPos = None
14.8388 	EXP 	slider_2: markerPos = None
14.8388 	EXP 	slider_2: rating = None
14.8388 	EXP 	image_2: autoDraw = True
14.8388 	EXP 	slider_2: autoDraw = True
14.8760 	DATA 	Mouse: Left button down, pos=(710,158)
14.8897 	EXP 	slider_2: markerPos = 3.67578125
14.9063 	EXP 	slider_2: markerPos = 3.67578125
14.9234 	EXP 	slider_2: markerPos = 3.682291666666667
14.9400 	EXP 	slider_2: markerPos = 3.701822916666667
14.9564 	EXP 	slider_2: markerPos = 3.766927083333333
14.9587 	DATA 	Mouse:  Left button up, pos=(746,153)
14.9730 	EXP 	slider_2: markerPos = 3.766927083333333
14.9730 	EXP 	slider_2: rating = 3.766927083333333
14.9767 	EXP 	New trial (rep=0, index=11): OrderedDict([('Imagenes', 'imagenes\\Brownie.jpg'), ('Random', 0.17000143351927688), ('Correcto', None)])
15.0368 	EXP 	image_2: autoDraw = False
15.0368 	EXP 	slider_2: autoDraw = False
15.0368 	EXP 	image_2: image = 'imagenes\\Brownie.jpg'
15.0368 	EXP 	slider_2: markerPos = None
15.0368 	EXP 	slider_2: markerPos = None
15.0368 	EXP 	slider_2: rating = None
15.0368 	EXP 	image_2: autoDraw = True
15.0368 	EXP 	slider_2: autoDraw = True
15.0444 	DATA 	Mouse: Left button down, pos=(902,158)
15.0485 	EXP 	slider_2: markerPos = 4.92578125
15.0562 	EXP 	slider_2: markerPos = 4.92578125
15.0731 	EXP 	slider_2: markerPos = 4.92578125
15.0896 	EXP 	slider_2: markerPos = 4.92578125
15.1062 	EXP 	slider_2: markerPos = 4.92578125
15.1229 	EXP 	slider_2: markerPos = 4.92578125
15.1395 	EXP 	slider_2: markerPos = 4.9453125
15.1421 	DATA 	Mouse:  Left button up, pos=(911,158)
15.1564 	EXP 	slider_2: markerPos = 4.9453125
15.1564 	EXP 	slider_2: rating = 4.9453125
15.1604 	EXP 	New trial (rep=0, index=12): OrderedDict([('Imagenes', 'imagenes\\Banano.jpeg'), ('Random', 0.651633055306917), ('Correcto', None)])
15.1904 	EXP 	image_2: autoDraw = False
15.1904 	EXP 	slider_2: autoDraw = False
15.1904 	EXP 	image_2: image = 'imagenes\\Banano.jpeg'
15.1904 	EXP 	slider_2: markerPos = None
15.1904 	EXP 	slider_2: markerPos = None
15.1904 	EXP 	slider_2: rating = None
15.1904 	EXP 	image_2: autoDraw = True
15.1904 	EXP 	slider_2: autoDraw = True
15.2280 	DATA 	Mouse: Left button down, pos=(998,151)
15.2424 	EXP 	slider_2: markerPos = 5.5703125
15.2564 	EXP 	slider_2: markerPos = 5.576822916666666
15.2732 	EXP 	slider_2: markerPos = 5.576822916666666
15.2898 	EXP 	slider_2: markerPos = 5.576822916666666
15.3064 	EXP 	slider_2: markerPos = 5.576822916666666
15.3136 	DATA 	Mouse:  Left button up, pos=(1007,150)
15.3230 	EXP 	slider_2: markerPos = 5.583333333333334
15.3398 	EXP 	slider_2: markerPos = 5.583333333333334
15.3398 	EXP 	slider_2: rating = 5.583333333333334
15.3430 	EXP 	New trial (rep=0, index=13): OrderedDict([('Imagenes', 'imagenes\\Papas-pollo.jpg'), ('Random', 0.6683114062971784), ('Correcto', None)])
15.3701 	EXP 	image_2: autoDraw = False
15.3701 	EXP 	slider_2: autoDraw = False
15.3701 	EXP 	image_2: image = 'imagenes\\Papas-pollo.jpg'
15.3701 	EXP 	slider_2: markerPos = None
15.3701 	EXP 	slider_2: markerPos = None
15.3701 	EXP 	slider_2: rating = None
15.3701 	EXP 	image_2: autoDraw = True
15.3701 	EXP 	slider_2: autoDraw = True
15.3925 	DATA 	Mouse: Left button down, pos=(1015,150)
15.4063 	EXP 	slider_2: markerPos = 5.661458333333334
15.4229 	EXP 	slider_2: markerPos = 5.661458333333334
15.4396 	EXP 	slider_2: markerPos = 5.661458333333334
15.4563 	EXP 	slider_2: markerPos = 5.641927083333334
15.4588 	DATA 	Mouse:  Left button up, pos=(997,151)
15.4728 	EXP 	slider_2: markerPos = 5.641927083333334
15.4728 	EXP 	slider_2: rating = 5.641927083333334
15.4759 	EXP 	New trial (rep=0, index=14): OrderedDict([('Imagenes', 'imagenes\\Papas-naturales.jpg'), ('Random', 0.15856838916280946), ('Correcto', None)])
15.5074 	EXP 	image_2: autoDraw = False
15.5074 	EXP 	slider_2: autoDraw = False
15.5074 	EXP 	image_2: image = 'imagenes\\Papas-naturales.jpg'
15.5074 	EXP 	slider_2: markerPos = None
15.5074 	EXP 	slider_2: markerPos = None
15.5074 	EXP 	slider_2: rating = None
15.5074 	EXP 	image_2: autoDraw = True
15.5074 	EXP 	slider_2: autoDraw = True
15.5755 	DATA 	Mouse: Left button down, pos=(868,149)
15.5894 	EXP 	slider_2: markerPos = 4.639322916666667
15.6063 	EXP 	slider_2: markerPos = 4.528645833333333
15.6231 	EXP 	slider_2: markerPos = 4.333333333333333
15.6261 	DATA 	Mouse:  Left button up, pos=(785,143)
15.6398 	EXP 	slider_2: markerPos = 4.333333333333333
15.6398 	EXP 	slider_2: rating = 4.333333333333333
15.6437 	EXP 	New trial (rep=0, index=15): OrderedDict([('Imagenes', 'imagenes\\Manzana.jpg'), ('Random', 0.5168162194437935), ('Correcto', None)])
15.6963 	EXP 	image_2: autoDraw = False
15.6963 	EXP 	slider_2: autoDraw = False
15.6963 	EXP 	image_2: image = 'imagenes\\Manzana.jpg'
15.6963 	EXP 	slider_2: markerPos = None
15.6963 	EXP 	slider_2: markerPos = None
15.6963 	EXP 	slider_2: rating = None
15.6963 	EXP 	image_2: autoDraw = True
15.6963 	EXP 	slider_2: autoDraw = True
15.7071 	DATA 	Mouse: Left button down, pos=(691,144)
15.7113 	EXP 	slider_2: markerPos = 3.552083333333333
15.7227 	EXP 	slider_2: markerPos = 3.526041666666667
15.7399 	EXP 	slider_2: markerPos = 3.506510416666667
15.7562 	EXP 	slider_2: markerPos = 3.4674479166666665
15.7729 	EXP 	slider_2: markerPos = 3.4088541666666665
15.7750 	DATA 	Mouse:  Left button up, pos=(658,142)
15.7894 	EXP 	slider_2: markerPos = 3.4088541666666665
15.7894 	EXP 	slider_2: rating = 3.4088541666666665
15.7926 	EXP 	New trial (rep=0, index=16): OrderedDict([('Imagenes', 'imagenes\\Rosquitas (1).jpg'), ('Random', 0.3035383390851263), ('Correcto', None)])
15.8404 	EXP 	image_2: autoDraw = False
15.8404 	EXP 	slider_2: autoDraw = False
15.8404 	EXP 	image_2: image = 'imagenes\\Rosquitas (1).jpg'
15.8404 	EXP 	slider_2: markerPos = None
15.8404 	EXP 	slider_2: markerPos = None
15.8404 	EXP 	slider_2: rating = None
15.8404 	EXP 	image_2: autoDraw = True
15.8404 	EXP 	slider_2: autoDraw = True
15.8481 	DATA 	Mouse: Left button down, pos=(611,142)
15.8564 	EXP 	slider_2: markerPos = 3.03125
15.8729 	EXP 	slider_2: markerPos = 3.0052083333333335
15.8900 	EXP 	slider_2: markerPos = 2.93359375
15.9063 	EXP 	slider_2: markerPos = 2.842447916666667
15.9230 	EXP 	slider_2: markerPos = 2.692708333333333
15.9398 	EXP 	slider_2: markerPos = 2.575520833333333
15.9564 	EXP 	slider_2: markerPos = 2.458333333333333
15.9591 	DATA 	Mouse:  Left button up, pos=(505,140)
15.9728 	EXP 	slider_2: markerPos = 2.458333333333333
15.9728 	EXP 	slider_2: rating = 2.458333333333333
15.9765 	EXP 	New trial (rep=0, index=17): OrderedDict([('Imagenes', 'imagenes\\Papas-limon.jpg'), ('Random', 0.020692288100133793), ('Correcto', None)])
15.9933 	EXP 	image_2: autoDraw = False
15.9933 	EXP 	slider_2: autoDraw = False
15.9933 	EXP 	image_2: image = 'imagenes\\Papas-limon.jpg'
15.9933 	EXP 	slider_2: markerPos = None
15.9933 	EXP 	slider_2: markerPos = None
15.9933 	EXP 	slider_2: rating = None
15.9933 	EXP 	image_2: autoDraw = True
15.9933 	EXP 	slider_2: autoDraw = True
16.0087 	DATA 	Mouse: Left button down, pos=(477,140)
16.0229 	EXP 	slider_2: markerPos = 2.1588541666666665
16.0397 	EXP 	slider_2: markerPos = 2.1197916666666665
16.0560 	EXP 	slider_2: markerPos = 2.1002604166666665
16.0728 	EXP 	slider_2: markerPos = 2.07421875
16.0899 	EXP 	slider_2: markerPos = 2.0221354166666665
16.0922 	DATA 	Mouse:  Left button up, pos=(450,139)
16.1061 	EXP 	slider_2: markerPos = 2.0221354166666665
16.1061 	EXP 	slider_2: rating = 2.0221354166666665
16.1100 	EXP 	New trial (rep=0, index=18): OrderedDict([('Imagenes', 'imagenes\\Croissant.jpg'), ('Random', 0.6152458173421255), ('Correcto', None)])
16.1449 	EXP 	image_2: autoDraw = False
16.1449 	EXP 	slider_2: autoDraw = False
16.1449 	EXP 	image_2: image = 'imagenes\\Croissant.jpg'
16.1449 	EXP 	slider_2: markerPos = None
16.1449 	EXP 	slider_2: markerPos = None
16.1449 	EXP 	slider_2: rating = None
16.1449 	EXP 	image_2: autoDraw = True
16.1449 	EXP 	slider_2: autoDraw = True
16.1753 	DATA 	Mouse: Left button down, pos=(417,141)
16.1899 	EXP 	slider_2: markerPos = 1.7682291666666665
16.2061 	EXP 	slider_2: markerPos = 1.76171875
16.2230 	EXP 	slider_2: markerPos = 1.7552083333333335
16.2399 	EXP 	slider_2: markerPos = 1.7552083333333335
16.2480 	DATA 	Mouse:  Left button up, pos=(415,141)
16.2561 	EXP 	slider_2: markerPos = 1.7552083333333335
16.2728 	EXP 	slider_2: markerPos = 1.7552083333333335
16.2728 	EXP 	slider_2: rating = 1.7552083333333335
16.2764 	EXP 	New trial (rep=0, index=19): OrderedDict([('Imagenes', 'imagenes\\Kiwi.jpg'), ('Random', 0.5893907384852061), ('Correcto', None)])
16.2965 	EXP 	image_2: autoDraw = False
16.2965 	EXP 	slider_2: autoDraw = False
16.2965 	EXP 	image_2: image = 'imagenes\\Kiwi.jpg'
16.2965 	EXP 	slider_2: markerPos = None
16.2965 	EXP 	slider_2: markerPos = None
16.2965 	EXP 	slider_2: rating = None
16.2965 	EXP 	image_2: autoDraw = True
16.2965 	EXP 	slider_2: autoDraw = True
16.3418 	DATA 	Mouse: Left button down, pos=(415,141)
16.3561 	EXP 	slider_2: markerPos = 1.7552083333333335
16.3730 	EXP 	slider_2: markerPos = 1.7877604166666665
16.3898 	EXP 	slider_2: markerPos = 1.8333333333333335
16.4060 	EXP 	slider_2: markerPos = 1.9375
16.4091 	DATA 	Mouse:  Left button up, pos=(456,141)
16.4228 	EXP 	slider_2: markerPos = 1.9375
16.4228 	EXP 	slider_2: rating = 1.9375
16.4266 	EXP 	New trial (rep=0, index=1): OrderedDict([('Hertz', 1000), ('volumen', 0.02)])
16.4375 	EXP 	Imported imagenes.xlsx as conditions, 20 conditions, 3 params
16.4380 	EXP 	Created sequence: random, trialTypes=20, nReps=1, seed=None
16.4385 	EXP 	New trial (rep=0, index=0): OrderedDict([('Imagenes', 'imagenes\\Manzana.jpg'), ('Random', 0.5168162194437935), ('Correcto', None)])
16.4674 	EXP 	image_2: autoDraw = False
16.4674 	EXP 	slider_2: autoDraw = False
16.4674 	EXP 	image_2: image = 'imagenes\\Manzana.jpg'
16.4674 	EXP 	slider_2: markerPos = None
16.4674 	EXP 	slider_2: markerPos = None
16.4674 	EXP 	slider_2: rating = None
16.4674 	EXP 	image_2: autoDraw = True
16.4674 	EXP 	slider_2: autoDraw = True
16.4930 	DATA 	Mouse: Left button down, pos=(646,155)
16.5062 	EXP 	slider_2: markerPos = 3.2591145833333335
16.5228 	EXP 	slider_2: markerPos = 3.2591145833333335
16.5398 	EXP 	slider_2: markerPos = 3.2591145833333335
16.5561 	EXP 	slider_2: markerPos = 3.2591145833333335
16.5728 	EXP 	slider_2: markerPos = 3.2591145833333335
16.5898 	EXP 	slider_2: markerPos = 3.28515625
16.5930 	DATA 	Mouse:  Left button up, pos=(668,151)
16.6062 	EXP 	slider_2: markerPos = 3.28515625
16.6062 	EXP 	slider_2: rating = 3.28515625
16.6106 	EXP 	New trial (rep=0, index=1): OrderedDict([('Imagenes', 'imagenes\\Banano.jpeg'), ('Random', 0.651633055306917), ('Correcto', None)])
16.6340 	EXP 	image_2: autoDraw = False
16.6340 	EXP 	slider_2: autoDraw = False
16.6340 	EXP 	image_2: image = 'imagenes\\Banano.jpeg'
16.6340 	EXP 	slider_2: markerPos = None
16.6340 	EXP 	slider_2: markerPos = None
16.6340 	EXP 	slider_2: rating = None
16.6340 	EXP 	image_2: autoDraw = True
16.6340 	EXP 	slider_2: autoDraw = True
16.6619 	DATA 	Mouse: Left button down, pos=(777,151)
16.6729 	EXP 	slider_2: markerPos = 4.111979166666667
16.6897 	EXP 	slider_2: markerPos = 4.18359375
16.7063 	EXP 	slider_2: markerPos = 4.229166666666667
16.7232 	EXP 	slider_2: markerPos = 4.255208333333333
16.7298 	DATA 	Mouse:  Left button up, pos=(807,150)
16.7398 	EXP 	slider_2: markerPos = 4.28125
16.7561 	EXP 	slider_2: markerPos = 4.28125
16.7561 	EXP 	slider_2: rating = 4.28125
16.7596 	EXP 	New trial (rep=0, index=2): OrderedDict([('Imagenes', 'imagenes\\Popetas.jpg'), ('Random', 0.07650200324054446), ('Correcto', None)])
16.8046 	EXP 	image_2: autoDraw = False
16.8046 	EXP 	slider_2: autoDraw = False
16.8046 	EXP 	image_2: image = 'imagenes\\Popetas.jpg'
16.8046 	EXP 	slider_2: markerPos = None
16.8046 	EXP 	slider_2: markerPos = None
16.8046 	EXP 	slider_2: rating = None
16.8046 	EXP 	image_2: autoDraw = True
16.8046 	EXP 	slider_2: autoDraw = True
16.8255 	DATA 	Mouse: Left button down, pos=(883,158)
16.8398 	EXP 	slider_2: markerPos = 4.802083333333334
16.8564 	EXP 	slider_2: markerPos = 4.802083333333334
16.8733 	EXP 	slider_2: markerPos = 4.802083333333334
16.8899 	EXP 	slider_2: markerPos = 4.802083333333334
16.9009 	DATA 	Mouse:  Left button up, pos=(887,158)
16.9062 	EXP 	slider_2: markerPos = 4.821614583333334
16.9232 	EXP 	slider_2: markerPos = 4.821614583333334
16.9232 	EXP 	slider_2: rating = 4.821614583333334
16.9261 	EXP 	New trial (rep=0, index=3): OrderedDict([('Imagenes', 'imagenes\\Chocoramo.jfif.jpg'), ('Random', 0.7789437122019539), ('Correcto', None)])
16.9594 	EXP 	image_2: autoDraw = False
16.9594 	EXP 	slider_2: autoDraw = False
16.9594 	EXP 	image_2: image = 'imagenes\\Chocoramo.jfif.jpg'
16.9594 	EXP 	slider_2: markerPos = None
16.9594 	EXP 	slider_2: markerPos = None
16.9594 	EXP 	slider_2: rating = None
16.9594 	EXP 	image_2: autoDraw = True
16.9594 	EXP 	slider_2: autoDraw = True
16.9747 	DATA 	Mouse: Left button down, pos=(908,156)
16.9898 	EXP 	slider_2: markerPos = 4.96484375
17.0062 	EXP 	slider_2: markerPos = 4.96484375
17.0231 	EXP 	slider_2: markerPos = 4.96484375
17.0394 	EXP 	slider_2: markerPos = 4.96484375
17.0562 	EXP 	slider_2: markerPos = 4.96484375
17.0729 	EXP 	slider_2: markerPos = 4.938802083333334
17.0759 	DATA 	Mouse:  Left button up, pos=(899,156)
17.0899 	EXP 	slider_2: markerPos = 4.938802083333334
17.0899 	EXP 	slider_2: rating = 4.938802083333334
17.0937 	EXP 	New trial (rep=0, index=4): OrderedDict([('Imagenes', 'imagenes\\Galletas Tosh.jpg'), ('Random', 0.478088790487872), ('Correcto', None)])
17.1292 	EXP 	image_2: autoDraw = False
17.1292 	EXP 	slider_2: autoDraw = False
17.1292 	EXP 	image_2: image = 'imagenes\\Galletas Tosh.jpg'
17.1292 	EXP 	slider_2: markerPos = None
17.1292 	EXP 	slider_2: markerPos = None
17.1292 	EXP 	slider_2: rating = None
17.1292 	EXP 	image_2: autoDraw = True
17.1292 	EXP 	slider_2: autoDraw = True
17.1586 	DATA 	Mouse: Left button down, pos=(831,154)
17.1729 	EXP 	slider_2: markerPos = 4.463541666666667
17.1898 	EXP 	slider_2: markerPos = 4.274739583333333
17.2060 	EXP 	slider_2: markerPos = 4.079427083333333
17.2229 	EXP 	slider_2: markerPos = 3.87109375
17.2398 	EXP 	slider_2: markerPos = 3.734375
17.2424 	DATA 	Mouse:  Left button up, pos=(696,152)
17.2561 	EXP 	slider_2: markerPos = 3.734375
17.2561 	EXP 	slider_2: rating = 3.734375
17.2601 	EXP 	New trial (rep=0, index=5): OrderedDict([('Imagenes', 'imagenes\\Galletas-festival.jpg'), ('Random', 0.36121121246191135), ('Correcto', None)])
17.2882 	EXP 	image_2: autoDraw = False
17.2882 	EXP 	slider_2: autoDraw = False
17.2882 	EXP 	image_2: image = 'imagenes\\Galletas-festival.jpg'
17.2882 	EXP 	slider_2: markerPos = None
17.2882 	EXP 	slider_2: markerPos = None
17.2882 	EXP 	slider_2: rating = None
17.2882 	EXP 	image_2: autoDraw = True
17.2882 	EXP 	slider_2: autoDraw = True
17.3131 	DATA 	Mouse: Left button down, pos=(612,157)
17.3396 	EXP 	slider_2: markerPos = 2.9921875
17.3563 	EXP 	slider_2: markerPos = 2.9140625
17.3732 	EXP 	slider_2: markerPos = 2.875
17.3899 	EXP 	slider_2: markerPos = 2.829427083333333
17.3984 	DATA 	Mouse:  Left button up, pos=(568,157)
17.4061 	EXP 	slider_2: markerPos = 2.783854166666667
17.4227 	EXP 	slider_2: markerPos = 2.783854166666667
17.4227 	EXP 	slider_2: rating = 2.783854166666667
17.4266 	EXP 	New trial (rep=0, index=6): OrderedDict([('Imagenes', 'imagenes\\bon-bon-bun.jpg'), ('Random', 0.7387922093313524), ('Correcto', None)])
17.4598 	EXP 	image_2: autoDraw = False
17.4598 	EXP 	slider_2: autoDraw = False
17.4598 	EXP 	image_2: image = 'imagenes\\bon-bon-bun.jpg'
17.4598 	EXP 	slider_2: markerPos = None
17.4598 	EXP 	slider_2: markerPos = None
17.4598 	EXP 	slider_2: rating = None
17.4598 	EXP 	image_2: autoDraw = True
17.4598 	EXP 	slider_2: autoDraw = True
17.4787 	DATA 	Mouse: Left button down, pos=(525,157)
17.5065 	EXP 	slider_2: markerPos = 2.432291666666667
17.5229 	EXP 	slider_2: markerPos = 2.373697916666667
17.5395 	EXP 	slider_2: markerPos = 2.334635416666667
17.5561 	EXP 	slider_2: markerPos = 2.2890625
17.5588 	DATA 	Mouse:  Left button up, pos=(487,153)
17.5728 	EXP 	slider_2: markerPos = 2.2890625
17.5728 	EXP 	slider_2: rating = 2.2890625
17.5761 	EXP 	New trial (rep=0, index=7): OrderedDict([('Imagenes', 'imagenes\\Papas-pollo.jpg'), ('Random', 0.6683114062971784), ('Correcto', None)])
17.5949 	EXP 	image_2: autoDraw = False
17.5949 	EXP 	slider_2: autoDraw = False
17.5949 	EXP 	image_2: image = 'imagenes\\Papas-pollo.jpg'
17.5949 	EXP 	slider_2: markerPos = None
17.5949 	EXP 	slider_2: markerPos = None
17.5949 	EXP 	slider_2: rating = None
17.5949 	EXP 	image_2: autoDraw = True
17.5949 	EXP 	slider_2: autoDraw = True
17.6288 	DATA 	Mouse: Left button down, pos=(473,153)
17.6560 	EXP 	slider_2: markerPos = 2.1263020833333335
17.6728 	EXP 	slider_2: markerPos = 2.1263020833333335
17.6898 	EXP 	slider_2: markerPos = 2.1263020833333335
17.7060 	EXP 	slider_2: markerPos = 2.1263020833333335
17.7233 	EXP 	slider_2: markerPos = 2.1263020833333335
17.7304 	DATA 	Mouse:  Left button up, pos=(472,153)
17.7396 	EXP 	slider_2: markerPos = 2.1263020833333335
17.7560 	EXP 	slider_2: markerPos = 2.1263020833333335
17.7560 	EXP 	slider_2: rating = 2.1263020833333335
17.7601 	EXP 	New trial (rep=0, index=8): OrderedDict([('Imagenes', 'imagenes\\Brownie.jpg'), ('Random', 0.17000143351927688), ('Correcto', None)])
17.8033 	EXP 	image_2: autoDraw = False
17.8033 	EXP 	slider_2: autoDraw = False
17.8033 	EXP 	image_2: image = 'imagenes\\Brownie.jpg'
17.8033 	EXP 	slider_2: markerPos = None
17.8033 	EXP 	slider_2: markerPos = None
17.8033 	EXP 	slider_2: rating = None
17.8033 	EXP 	image_2: autoDraw = True
17.8033 	EXP 	slider_2: autoDraw = True
17.8113 	DATA 	Mouse: Left button down, pos=(656,152)
17.8169 	EXP 	slider_2: markerPos = 3.32421875
17.8242 	EXP 	slider_2: markerPos = 3.48046875
17.8399 	EXP 	slider_2: markerPos = 3.55859375
17.8561 	EXP 	slider_2: markerPos = 3.67578125
17.8730 	EXP 	slider_2: markerPos = 3.721354166666667
17.8898 	EXP 	slider_2: markerPos = 3.760416666666667
17.9064 	EXP 	slider_2: markerPos = 3.805989583333333
17.9188 	DATA 	Mouse:  Left button up, pos=(768,148)
17.9229 	EXP 	slider_2: markerPos = 3.91015625
17.9398 	EXP 	slider_2: markerPos = 3.91015625
17.9398 	EXP 	slider_2: rating = 3.91015625
17.9428 	EXP 	New trial (rep=0, index=9): OrderedDict([('Imagenes', 'imagenes\\Nutella (1).jpg'), ('Random', 0.5277483225747329), ('Correcto', None)])
17.9622 	EXP 	image_2: autoDraw = False
17.9622 	EXP 	slider_2: autoDraw = False
17.9622 	EXP 	image_2: image = 'imagenes\\Nutella (1).jpg'
17.9622 	EXP 	slider_2: markerPos = None
17.9622 	EXP 	slider_2: markerPos = None
17.9622 	EXP 	slider_2: rating = None
17.9622 	EXP 	image_2: autoDraw = True
17.9622 	EXP 	slider_2: autoDraw = True
17.9924 	DATA 	Mouse: Left button down, pos=(895,166)
18.0061 	EXP 	slider_2: markerPos = 4.899739583333334
18.0228 	EXP 	slider_2: markerPos = 4.912760416666666
18.0398 	EXP 	slider_2: markerPos = 4.912760416666666
18.0562 	EXP 	slider_2: markerPos = 4.919270833333334
18.0731 	EXP 	slider_2: markerPos = 4.9453125
18.0849 	DATA 	Mouse:  Left button up, pos=(929,164)
18.0897 	EXP 	slider_2: markerPos = 5.016927083333334
18.1060 	EXP 	slider_2: markerPos = 5.016927083333334
18.1060 	EXP 	slider_2: rating = 5.016927083333334
18.1099 	EXP 	New trial (rep=0, index=10): OrderedDict([('Imagenes', 'imagenes\\Papas-limon.jpg'), ('Random', 0.020692288100133793), ('Correcto', None)])
18.1280 	EXP 	image_2: autoDraw = False
18.1280 	EXP 	slider_2: autoDraw = False
18.1280 	EXP 	image_2: image = 'imagenes\\Papas-limon.jpg'
18.1280 	EXP 	slider_2: markerPos = None
18.1280 	EXP 	slider_2: markerPos = None
18.1280 	EXP 	slider_2: rating = None
18.1280 	EXP 	image_2: autoDraw = True
18.1280 	EXP 	slider_2: autoDraw = True
18.1587 	DATA 	Mouse: Left button down, pos=(989,163)
18.1729 	EXP 	slider_2: markerPos = 5.4921875
18.1898 	EXP 	slider_2: markerPos = 5.4921875
18.2062 	EXP 	slider_2: markerPos = 5.4921875
18.2228 	EXP 	slider_2: markerPos = 5.4921875
18.2403 	EXP 	slider_2: markerPos = 5.4921875
18.2560 	EXP 	slider_2: markerPos = 5.4921875
18.2615 	DATA 	Mouse:  Left button up, pos=(989,163)
18.2727 	EXP 	slider_2: markerPos = 5.4921875
18.2895 	EXP 	slider_2: markerPos = 5.4921875
18.2895 	EXP 	slider_2: rating = 5.4921875
18.2937 	EXP 	New trial (rep=0, index=11): OrderedDict([('Imagenes', 'imagenes\\Croissant.jpg'), ('Random', 0.6152458173421255), ('Correcto', None)])
18.3274 	EXP 	image_2: autoDraw = False
18.3274 	EXP 	slider_2: autoDraw = False
18.3274 	EXP 	image_2: image = 'imagenes\\Croissant.jpg'
18.3274 	EXP 	slider_2: markerPos = None
18.3274 	EXP 	slider_2: markerPos = None
18.3274 	EXP 	slider_2: rating = None
18.3274 	EXP 	image_2: autoDraw = True
18.3274 	EXP 	slider_2: autoDraw = True
18.3383 	DATA 	Mouse: Left button down, pos=(956,163)
18.3562 	EXP 	slider_2: markerPos = 5.27734375
18.3730 	EXP 	slider_2: markerPos = 4.96484375
18.3896 	EXP 	slider_2: markerPos = 4.561197916666667
18.4061 	EXP 	slider_2: markerPos = 4.151041666666667
18.4230 	EXP 	slider_2: markerPos = 3.740885416666667
18.4255 	DATA 	Mouse:  Left button up, pos=(698,163)
18.4395 	EXP 	slider_2: markerPos = 3.740885416666667
18.4395 	EXP 	slider_2: rating = 3.740885416666667
18.4435 	EXP 	New trial (rep=0, index=12): OrderedDict([('Imagenes', 'imagenes\\Yogurt-alpina.jpg'), ('Random', 0.21540995091807813), ('Correcto', None)])
18.4659 	EXP 	image_2: autoDraw = False
18.4659 	EXP 	slider_2: autoDraw = False
18.4659 	EXP 	image_2: image = 'imagenes\\Yogurt-alpina.jpg'
18.4659 	EXP 	slider_2: markerPos = None
18.4659 	EXP 	slider_2: markerPos = None
18.4659 	EXP 	slider_2: rating = None
18.4659 	EXP 	image_2: autoDraw = True
18.4659 	EXP 	slider_2: autoDraw = True
18.4934 	DATA 	Mouse: Left button down, pos=(657,162)
18.5062 	EXP 	slider_2: markerPos = 3.3307291666666665
18.5229 	EXP 	slider_2: markerPos = 3.2265625
18.5395 	EXP 	slider_2: markerPos = 3.109375
18.5563 	EXP 	slider_2: markerPos = 2.9596354166666665
18.5731 	EXP 	slider_2: markerPos = 2.861979166666667
18.5822 	DATA 	Mouse:  Left button up, pos=(557,151)
18.5897 	EXP 	slider_2: markerPos = 2.73828125
18.6060 	EXP 	slider_2: markerPos = 2.73828125
18.6060 	EXP 	slider_2: rating = 2.73828125
18.6097 	EXP 	New trial (rep=0, index=13): OrderedDict([('Imagenes', 'imagenes\\Kiwi.jpg'), ('Random', 0.5893907384852061), ('Correcto', None)])
18.6234 	EXP 	image_2: autoDraw = False
18.6234 	EXP 	slider_2: autoDraw = False
18.6234 	EXP 	image_2: image = 'imagenes\\Kiwi.jpg'
18.6234 	EXP 	slider_2: markerPos = None
18.6234 	EXP 	slider_2: markerPos = None
18.6234 	EXP 	slider_2: rating = None
18.6234 	EXP 	image_2: autoDraw = True
18.6234 	EXP 	slider_2: autoDraw = True
18.6616 	DATA 	Mouse: Left button down, pos=(497,154)
18.6728 	EXP 	slider_2: markerPos = 2.2890625
18.6894 	EXP 	slider_2: markerPos = 2.276041666666667
18.7062 	EXP 	slider_2: markerPos = 2.256510416666667
18.7229 	EXP 	slider_2: markerPos = 2.2239583333333335
18.7397 	EXP 	slider_2: markerPos = 2.1588541666666665
18.7561 	EXP 	slider_2: markerPos = 2.07421875
18.7586 	DATA 	Mouse:  Left button up, pos=(457,154)
18.7726 	EXP 	slider_2: markerPos = 2.07421875
18.7726 	EXP 	slider_2: rating = 2.07421875
18.7756 	EXP 	New trial (rep=0, index=14): OrderedDict([('Imagenes', 'imagenes\\Uvas.jpg'), ('Random', 0.7734382152670648), ('Correcto', None)])
18.7967 	EXP 	image_2: autoDraw = False
18.7967 	EXP 	slider_2: autoDraw = False
18.7967 	EXP 	image_2: image = 'imagenes\\Uvas.jpg'
18.7967 	EXP 	slider_2: markerPos = None
18.7967 	EXP 	slider_2: markerPos = None
18.7967 	EXP 	slider_2: rating = None
18.7967 	EXP 	image_2: autoDraw = True
18.7967 	EXP 	slider_2: autoDraw = True
18.8124 	DATA 	Mouse: Left button down, pos=(435,154)
18.8398 	EXP 	slider_2: markerPos = 1.8854166666666665
18.8561 	EXP 	slider_2: markerPos = 1.8658854166666665
18.8729 	EXP 	slider_2: markerPos = 1.8463541666666665
18.8894 	EXP 	slider_2: markerPos = 1.8333333333333335
18.9060 	EXP 	slider_2: markerPos = 1.8268229166666665
18.9088 	DATA 	Mouse:  Left button up, pos=(425,153)
18.9229 	EXP 	slider_2: markerPos = 1.8268229166666665
18.9229 	EXP 	slider_2: rating = 1.8268229166666665
18.9261 	EXP 	New trial (rep=0, index=15): OrderedDict([('Imagenes', 'imagenes\\Rosquitas (1).jpg'), ('Random', 0.3035383390851263), ('Correcto', None)])
18.9575 	EXP 	image_2: autoDraw = False
18.9575 	EXP 	slider_2: autoDraw = False
18.9575 	EXP 	image_2: image = 'imagenes\\Rosquitas (1).jpg'
18.9575 	EXP 	slider_2: markerPos = None
18.9575 	EXP 	slider_2: markerPos = None
18.9575 	EXP 	slider_2: rating = None
18.9575 	EXP 	image_2: autoDraw = True
18.9575 	EXP 	slider_2: autoDraw = True
18.9919 	DATA 	Mouse: Left button down, pos=(424,153)
19.0064 	EXP 	slider_2: markerPos = 1.8138020833333335
19.0230 	EXP 	slider_2: markerPos = 1.8463541666666665
19.0399 	EXP 	slider_2: markerPos = 1.91796875
19.0561 	EXP 	slider_2: markerPos = 2.0416666666666665
19.0730 	EXP 	slider_2: markerPos = 2.2239583333333335
19.0796 	DATA 	Mouse:  Left button up, pos=(540,152)
19.0893 	EXP 	slider_2: markerPos = 2.419270833333333
19.1061 	EXP 	slider_2: markerPos = 2.419270833333333
19.1061 	EXP 	slider_2: rating = 2.419270833333333
19.1099 	EXP 	New trial (rep=0, index=16): OrderedDict([('Imagenes', 'imagenes\\Alpinito.jpg'), ('Random', 0.4515332417045813), ('Correcto', None)])
19.1493 	EXP 	image_2: autoDraw = False
19.1493 	EXP 	slider_2: autoDraw = False
19.1493 	EXP 	image_2: image = 'imagenes\\Alpinito.jpg'
19.1493 	EXP 	slider_2: markerPos = None
19.1493 	EXP 	slider_2: markerPos = None
19.1493 	EXP 	slider_2: rating = None
19.1493 	EXP 	image_2: autoDraw = True
19.1493 	EXP 	slider_2: autoDraw = True
19.1518 	DATA 	Mouse: Left button down, pos=(675,156)
19.1568 	EXP 	slider_2: markerPos = 3.4479166666666665
19.1635 	EXP 	slider_2: markerPos = 3.4544270833333335
19.1726 	EXP 	slider_2: markerPos = 3.4544270833333335
19.1894 	EXP 	slider_2: markerPos = 3.4609375
19.2061 	EXP 	slider_2: markerPos = 3.4674479166666665
19.2231 	EXP 	slider_2: markerPos = 3.4869791666666665
19.2356 	DATA 	Mouse:  Left button up, pos=(711,154)
19.2395 	EXP 	slider_2: markerPos = 3.6171875
19.2561 	EXP 	slider_2: markerPos = 3.6171875
19.2561 	EXP 	slider_2: rating = 3.6171875
19.2595 	EXP 	New trial (rep=0, index=17): OrderedDict([('Imagenes', 'imagenes\\Papas-naturales.jpg'), ('Random', 0.15856838916280946), ('Correcto', None)])
19.2782 	EXP 	image_2: autoDraw = False
19.2782 	EXP 	slider_2: autoDraw = False
19.2782 	EXP 	image_2: image = 'imagenes\\Papas-naturales.jpg'
19.2782 	EXP 	slider_2: markerPos = None
19.2782 	EXP 	slider_2: markerPos = None
19.2782 	EXP 	slider_2: rating = None
19.2782 	EXP 	image_2: autoDraw = True
19.2782 	EXP 	slider_2: autoDraw = True
19.3251 	DATA 	Mouse: Left button down, pos=(819,155)
19.3397 	EXP 	slider_2: markerPos = 4.385416666666667
19.3561 	EXP 	slider_2: markerPos = 4.3984375
19.3734 	EXP 	slider_2: markerPos = 4.411458333333333
19.3897 	EXP 	slider_2: markerPos = 4.444010416666667
19.4009 	DATA 	Mouse:  Left button up, pos=(846,153)
19.4061 	EXP 	slider_2: markerPos = 4.470052083333333
19.4229 	EXP 	slider_2: markerPos = 4.470052083333333
19.4229 	EXP 	slider_2: rating = 4.470052083333333
19.4271 	EXP 	New trial (rep=0, index=18): OrderedDict([('Imagenes', 'imagenes\\Mango.jpeg'), ('Random', 0.555669112372461), ('Correcto', None)])
19.4544 	EXP 	image_2: autoDraw = False
19.4544 	EXP 	slider_2: autoDraw = False
19.4544 	EXP 	image_2: image = 'imagenes\\Mango.jpeg'
19.4544 	EXP 	slider_2: markerPos = None
19.4544 	EXP 	slider_2: markerPos = None
19.4544 	EXP 	slider_2: rating = None
19.4544 	EXP 	image_2: autoDraw = True
19.4544 	EXP 	slider_2: autoDraw = True
19.4923 	DATA 	Mouse: Left button down, pos=(929,153)
19.5061 	EXP 	slider_2: markerPos = 5.108072916666666
19.5228 	EXP 	slider_2: markerPos = 5.12109375
19.5397 	EXP 	slider_2: markerPos = 5.12109375
19.5561 	EXP 	slider_2: markerPos = 5.140625
19.5729 	EXP 	slider_2: markerPos = 5.186197916666666
19.5759 	DATA 	Mouse:  Left button up, pos=(947,152)
19.5897 	EXP 	slider_2: markerPos = 5.186197916666666
19.5897 	EXP 	slider_2: rating = 5.186197916666666
19.5938 	EXP 	New trial (rep=0, index=19): OrderedDict([('Imagenes', 'imagenes\\Leche-de-almendras.jpg'), ('Random', 0.36073876480313727), ('Correcto', None)])
19.6725 	DATA 	Mouse: Left button down, pos=(988,152)
19.6787 	EXP 	image_2: autoDraw = False
19.6787 	EXP 	slider_2: autoDraw = False
19.6787 	EXP 	image_2: image = 'imagenes\\Leche-de-almendras.jpg'
19.6787 	EXP 	slider_2: markerPos = None
19.6787 	EXP 	slider_2: markerPos = None
19.6787 	EXP 	slider_2: rating = None
19.6787 	EXP 	image_2: autoDraw = True
19.6787 	EXP 	slider_2: autoDraw = True
19.6787 	EXP 	slider_2: markerPos = 5.485677083333334
19.6861 	EXP 	slider_2: markerPos = 5.485677083333334
19.6934 	EXP 	slider_2: markerPos = 5.485677083333334
19.7064 	EXP 	slider_2: markerPos = 5.485677083333334
19.7232 	EXP 	slider_2: markerPos = 5.485677083333334
19.7254 	DATA 	Mouse:  Left button up, pos=(988,152)
19.7401 	EXP 	slider_2: markerPos = 5.485677083333334
19.7401 	EXP 	slider_2: rating = 5.485677083333334
19.7437 	EXP 	New trial (rep=0, index=2): OrderedDict([('Hertz', 1000), ('volumen', 0.0)])
19.7545 	EXP 	Imported imagenes.xlsx as conditions, 20 conditions, 3 params
19.7551 	EXP 	Created sequence: random, trialTypes=20, nReps=1, seed=None
19.7556 	EXP 	New trial (rep=0, index=0): OrderedDict([('Imagenes', 'imagenes\\Chocoramo.jfif.jpg'), ('Random', 0.7789437122019539), ('Correcto', None)])
19.7866 	EXP 	image_2: autoDraw = False
19.7866 	EXP 	slider_2: autoDraw = False
19.7866 	EXP 	image_2: image = 'imagenes\\Chocoramo.jfif.jpg'
19.7866 	EXP 	slider_2: markerPos = None
19.7866 	EXP 	slider_2: markerPos = None
19.7866 	EXP 	slider_2: rating = None
19.7866 	EXP 	image_2: autoDraw = True
19.7866 	EXP 	slider_2: autoDraw = True
19.8588 	DATA 	Mouse: Left button down, pos=(805,149)
19.8734 	EXP 	slider_2: markerPos = 4.170572916666667
19.8899 	EXP 	slider_2: markerPos = 3.98828125
19.8985 	DATA 	Mouse:  Left button up, pos=(726,149)
19.9060 	EXP 	slider_2: markerPos = 3.8515625
19.9230 	EXP 	slider_2: markerPos = 3.8515625
19.9230 	EXP 	slider_2: rating = 3.8515625
19.9274 	EXP 	New trial (rep=0, index=1): OrderedDict([('Imagenes', 'imagenes\\Banano.jpeg'), ('Random', 0.651633055306917), ('Correcto', None)])
19.9512 	EXP 	image_2: autoDraw = False
19.9512 	EXP 	slider_2: autoDraw = False
19.9512 	EXP 	image_2: image = 'imagenes\\Banano.jpeg'
19.9512 	EXP 	slider_2: markerPos = None
19.9512 	EXP 	slider_2: markerPos = None
19.9512 	EXP 	slider_2: rating = None
19.9512 	EXP 	image_2: autoDraw = True
19.9512 	EXP 	slider_2: autoDraw = True
19.9928 	DATA 	Mouse: Left button down, pos=(630,148)
20.0060 	EXP 	slider_2: markerPos = 3.1549479166666665
20.0229 	EXP 	slider_2: markerPos = 3.08984375
20.0393 	EXP 	slider_2: markerPos = 3.03125
20.0560 	EXP 	slider_2: markerPos = 2.9856770833333335
20.0729 	EXP 	slider_2: markerPos = 2.9140625
20.0793 	DATA 	Mouse:  Left button up, pos=(566,143)
20.0895 	EXP 	slider_2: markerPos = 2.803385416666667
20.1060 	EXP 	slider_2: markerPos = 2.803385416666667
20.1060 	EXP 	slider_2: rating = 2.803385416666667
20.1092 	EXP 	New trial (rep=0, index=2): OrderedDict([('Imagenes', 'imagenes\\Alpinito.jpg'), ('Random', 0.4515332417045813), ('Correcto', None)])
20.1521 	EXP 	image_2: autoDraw = False
20.1521 	EXP 	slider_2: autoDraw = False
20.1521 	EXP 	image_2: image = 'imagenes\\Alpinito.jpg'
20.1521 	EXP 	slider_2: markerPos = None
20.1521 	EXP 	slider_2: markerPos = None
20.1521 	EXP 	slider_2: rating = None
20.1521 	EXP 	image_2: autoDraw = True
20.1521 	EXP 	slider_2: autoDraw = True
20.1685 	DATA 	Mouse: Left button down, pos=(513,145)
20.1740 	EXP 	slider_2: markerPos = 2.393229166666667
20.1895 	EXP 	slider_2: markerPos = 2.38671875
20.2061 	EXP 	slider_2: markerPos = 2.354166666666667
20.2228 	EXP 	slider_2: markerPos = 2.321614583333333
20.2395 	EXP 	slider_2: markerPos = 2.26953125
20.2508 	DATA 	Mouse:  Left button up, pos=(476,145)
20.2559 	EXP 	slider_2: markerPos = 2.1783854166666665
20.2730 	EXP 	slider_2: markerPos = 2.1783854166666665
20.2730 	EXP 	slider_2: rating = 2.1783854166666665
20.2765 	EXP 	New trial (rep=0, index=3): OrderedDict([('Imagenes', 'imagenes\\Papas-pollo.jpg'), ('Random', 0.6683114062971784), ('Correcto', None)])
20.2936 	EXP 	image_2: autoDraw = False
20.2936 	EXP 	slider_2: autoDraw = False
20.2936 	EXP 	image_2: image = 'imagenes\\Papas-pollo.jpg'
20.2936 	EXP 	slider_2: markerPos = None
20.2936 	EXP 	slider_2: markerPos = None
20.2936 	EXP 	slider_2: rating = None
20.2936 	EXP 	image_2: autoDraw = True
20.2936 	EXP 	slider_2: autoDraw = True
20.3255 	DATA 	Mouse: Left button down, pos=(462,145)
20.3398 	EXP 	slider_2: markerPos = 2.0611979166666665
20.3559 	EXP 	slider_2: markerPos = 2.0611979166666665
20.3729 	EXP 	slider_2: markerPos = 2.0611979166666665
20.3896 	EXP 	slider_2: markerPos = 2.0611979166666665
20.4061 	EXP 	slider_2: markerPos = 2.09375
20.4231 	EXP 	slider_2: markerPos = 2.2109375
20.4262 	DATA 	Mouse:  Left button up, pos=(533,150)
20.4396 	EXP 	slider_2: markerPos = 2.2109375
20.4396 	EXP 	slider_2: rating = 2.2109375
20.4427 	EXP 	New trial (rep=0, index=4): OrderedDict([('Imagenes', 'imagenes\\Popetas.jpg'), ('Random', 0.07650200324054446), ('Correcto', None)])
20.4900 	EXP 	image_2: autoDraw = False
20.4900 	EXP 	slider_2: autoDraw = False
20.4900 	EXP 	image_2: image = 'imagenes\\Popetas.jpg'
20.4900 	EXP 	slider_2: markerPos = None
20.4900 	EXP 	slider_2: markerPos = None
20.4900 	EXP 	slider_2: rating = None
20.4900 	EXP 	image_2: autoDraw = True
20.4900 	EXP 	slider_2: autoDraw = True
20.5085 	DATA 	Mouse: Left button down, pos=(709,157)
20.5229 	EXP 	slider_2: markerPos = 3.669270833333333
20.5398 	EXP 	slider_2: markerPos = 3.721354166666667
20.5561 	EXP 	slider_2: markerPos = 3.766927083333333
20.5729 	EXP 	slider_2: markerPos = 3.786458333333333
20.5898 	EXP 	slider_2: markerPos = 3.8515625
20.6060 	EXP 	slider_2: markerPos = 3.955729166666667
20.6084 	DATA 	Mouse:  Left button up, pos=(759,157)
20.6226 	EXP 	slider_2: markerPos = 3.955729166666667
20.6226 	EXP 	slider_2: rating = 3.955729166666667
20.6256 	EXP 	New trial (rep=0, index=5): OrderedDict([('Imagenes', 'imagenes\\Papas-naturales.jpg'), ('Random', 0.15856838916280946), ('Correcto', None)])
20.6437 	EXP 	image_2: autoDraw = False
20.6437 	EXP 	slider_2: autoDraw = False
20.6437 	EXP 	image_2: image = 'imagenes\\Papas-naturales.jpg'
20.6437 	EXP 	slider_2: markerPos = None
20.6437 	EXP 	slider_2: markerPos = None
20.6437 	EXP 	slider_2: rating = None
20.6437 	EXP 	image_2: autoDraw = True
20.6437 	EXP 	slider_2: autoDraw = True
20.6755 	DATA 	Mouse: Left button down, pos=(857,158)
20.6897 	EXP 	slider_2: markerPos = 4.6328125
20.7059 	EXP 	slider_2: markerPos = 4.678385416666667
20.7229 	EXP 	slider_2: markerPos = 4.704427083333333
20.7397 	EXP 	slider_2: markerPos = 4.736979166666667
20.7559 	EXP 	slider_2: markerPos = 4.782552083333334
20.7727 	EXP 	slider_2: markerPos = 4.92578125
20.7749 	DATA 	Mouse:  Left button up, pos=(921,158)
20.7892 	EXP 	slider_2: markerPos = 4.92578125
20.7892 	EXP 	slider_2: rating = 4.92578125
20.7929 	EXP 	New trial (rep=0, index=6): OrderedDict([('Imagenes', 'imagenes\\Manzana.jpg'), ('Random', 0.5168162194437935), ('Correcto', None)])
20.8270 	EXP 	image_2: autoDraw = False
20.8270 	EXP 	slider_2: autoDraw = False
20.8270 	EXP 	image_2: image = 'imagenes\\Manzana.jpg'
20.8270 	EXP 	slider_2: markerPos = None
20.8270 	EXP 	slider_2: markerPos = None
20.8270 	EXP 	slider_2: rating = None
20.8270 	EXP 	image_2: autoDraw = True
20.8270 	EXP 	slider_2: autoDraw = True
20.8299 	DATA 	Mouse: Left button down, pos=(966,160)
20.8342 	EXP 	slider_2: markerPos = 5.342447916666666
20.8413 	EXP 	slider_2: markerPos = 5.348958333333334
20.8559 	EXP 	slider_2: markerPos = 5.348958333333334
20.8729 	EXP 	slider_2: markerPos = 5.348958333333334
20.8898 	EXP 	slider_2: markerPos = 5.348958333333334
20.9062 	EXP 	slider_2: markerPos = 5.348958333333334
20.9233 	EXP 	slider_2: markerPos = 5.348958333333334
20.9310 	DATA 	Mouse:  Left button up, pos=(967,160)
20.9396 	EXP 	slider_2: markerPos = 5.348958333333334
20.9558 	EXP 	slider_2: markerPos = 5.348958333333334
20.9558 	EXP 	slider_2: rating = 5.348958333333334
20.9596 	EXP 	New trial (rep=0, index=7): OrderedDict([('Imagenes', 'imagenes\\Papas-limon.jpg'), ('Random', 0.020692288100133793), ('Correcto', None)])
20.9775 	EXP 	image_2: autoDraw = False
20.9775 	EXP 	slider_2: autoDraw = False
20.9775 	EXP 	image_2: image = 'imagenes\\Papas-limon.jpg'
20.9775 	EXP 	slider_2: markerPos = None
20.9775 	EXP 	slider_2: markerPos = None
20.9775 	EXP 	slider_2: rating = None
20.9775 	EXP 	image_2: autoDraw = True
20.9775 	EXP 	slider_2: autoDraw = True
21.0254 	DATA 	Mouse: Left button down, pos=(932,160)
21.0397 	EXP 	slider_2: markerPos = 4.958333333333334
21.0560 	EXP 	slider_2: markerPos = 4.502604166666667
21.0728 	EXP 	slider_2: markerPos = 4.14453125
21.0896 	EXP 	slider_2: markerPos = 3.897135416666667
21.1059 	EXP 	slider_2: markerPos = 3.721354166666667
21.1080 	DATA 	Mouse:  Left button up, pos=(701,160)
21.1225 	EXP 	slider_2: markerPos = 3.721354166666667
21.1225 	EXP 	slider_2: rating = 3.721354166666667
21.1261 	EXP 	New trial (rep=0, index=8): OrderedDict([('Imagenes', 'imagenes\\Galletas Tosh.jpg'), ('Random', 0.478088790487872), ('Correcto', None)])
21.1614 	EXP 	image_2: autoDraw = False
21.1614 	EXP 	slider_2: autoDraw = False
21.1614 	EXP 	image_2: image = 'imagenes\\Galletas Tosh.jpg'
21.1614 	EXP 	slider_2: markerPos = None
21.1614 	EXP 	slider_2: markerPos = None
21.1614 	EXP 	slider_2: rating = None
21.1614 	EXP 	image_2: autoDraw = True
21.1614 	EXP 	slider_2: autoDraw = True
21.1666 	DATA 	Mouse: Left button down, pos=(676,159)
21.1770 	EXP 	slider_2: markerPos = 3.4544270833333335
21.1897 	EXP 	slider_2: markerPos = 3.4153645833333335
21.2060 	EXP 	slider_2: markerPos = 3.3567708333333335
21.2228 	EXP 	slider_2: markerPos = 3.2916666666666665
21.2400 	EXP 	slider_2: markerPos = 3.2200520833333335
21.2510 	DATA 	Mouse:  Left button up, pos=(615,152)
21.2560 	EXP 	slider_2: markerPos = 3.1419270833333335
21.2729 	EXP 	slider_2: markerPos = 3.1419270833333335
21.2729 	EXP 	slider_2: rating = 3.1419270833333335
21.2770 	EXP 	New trial (rep=0, index=9): OrderedDict([('Imagenes', 'imagenes\\Nutella (1).jpg'), ('Random', 0.5277483225747329), ('Correcto', None)])
21.2953 	EXP 	image_2: autoDraw = False
21.2953 	EXP 	slider_2: autoDraw = False
21.2953 	EXP 	image_2: image = 'imagenes\\Nutella (1).jpg'
21.2953 	EXP 	slider_2: markerPos = None
21.2953 	EXP 	slider_2: markerPos = None
21.2953 	EXP 	slider_2: rating = None
21.2953 	EXP 	image_2: autoDraw = True
21.2953 	EXP 	slider_2: autoDraw = True
21.3424 	DATA 	Mouse: Left button down, pos=(558,151)
21.3562 	EXP 	slider_2: markerPos = 2.647135416666667
21.3728 	EXP 	slider_2: markerPos = 2.6015625
21.3897 	EXP 	slider_2: markerPos = 2.555989583333333
21.4060 	EXP 	slider_2: markerPos = 2.477864583333333
21.4233 	EXP 	slider_2: markerPos = 2.354166666666667
21.4256 	DATA 	Mouse:  Left button up, pos=(494,150)
21.4395 	EXP 	slider_2: markerPos = 2.354166666666667
21.4395 	EXP 	slider_2: rating = 2.354166666666667
21.4425 	EXP 	New trial (rep=0, index=10): OrderedDict([('Imagenes', 'imagenes\\Croissant.jpg'), ('Random', 0.6152458173421255), ('Correcto', None)])
21.4769 	EXP 	image_2: autoDraw = False
21.4769 	EXP 	slider_2: autoDraw = False
21.4769 	EXP 	image_2: image = 'imagenes\\Croissant.jpg'
21.4769 	EXP 	slider_2: markerPos = None
21.4769 	EXP 	slider_2: markerPos = None
21.4769 	EXP 	slider_2: rating = None
21.4769 	EXP 	image_2: autoDraw = True
21.4769 	EXP 	slider_2: autoDraw = True
21.4904 	DATA 	Mouse: Left button down, pos=(471,150)
21.5060 	EXP 	slider_2: markerPos = 2.1197916666666665
21.5231 	EXP 	slider_2: markerPos = 2.1197916666666665
21.5396 	EXP 	slider_2: markerPos = 2.11328125
21.5561 	EXP 	slider_2: markerPos = 2.11328125
21.5730 	EXP 	slider_2: markerPos = 2.11328125
21.5892 	EXP 	slider_2: markerPos = 2.11328125
21.5909 	DATA 	Mouse:  Left button up, pos=(470,150)
21.6059 	EXP 	slider_2: markerPos = 2.11328125
21.6059 	EXP 	slider_2: rating = 2.11328125
21.6099 	EXP 	New trial (rep=0, index=11): OrderedDict([('Imagenes', 'imagenes\\Galletas-festival.jpg'), ('Random', 0.36121121246191135), ('Correcto', None)])
21.6412 	EXP 	image_2: autoDraw = False
21.6412 	EXP 	slider_2: autoDraw = False
21.6412 	EXP 	image_2: image = 'imagenes\\Galletas-festival.jpg'
21.6412 	EXP 	slider_2: markerPos = None
21.6412 	EXP 	slider_2: markerPos = None
21.6412 	EXP 	slider_2: rating = None
21.6412 	EXP 	image_2: autoDraw = True
21.6412 	EXP 	slider_2: autoDraw = True
21.6766 	DATA 	Mouse: Left button down, pos=(497,156)
21.6895 	EXP 	slider_2: markerPos = 2.321614583333333
21.7061 	EXP 	slider_2: markerPos = 2.354166666666667
21.7232 	EXP 	slider_2: markerPos = 2.4453125
21.7397 	EXP 	slider_2: markerPos = 2.62109375
21.7561 	EXP 	slider_2: markerPos = 2.790364583333333
21.7732 	EXP 	slider_2: markerPos = 2.9921875
21.7891 	EXP 	slider_2: markerPos = 3.2395833333333335
21.7915 	DATA 	Mouse:  Left button up, pos=(674,156)
21.8059 	EXP 	slider_2: markerPos = 3.2395833333333335
21.8059 	EXP 	slider_2: rating = 3.2395833333333335
21.8089 	EXP 	New trial (rep=0, index=12): OrderedDict([('Imagenes', 'imagenes\\Yogurt-alpina.jpg'), ('Random', 0.21540995091807813), ('Correcto', None)])
21.8276 	EXP 	image_2: autoDraw = False
21.8276 	EXP 	slider_2: autoDraw = False
21.8276 	EXP 	image_2: image = 'imagenes\\Yogurt-alpina.jpg'
21.8276 	EXP 	slider_2: markerPos = None
21.8276 	EXP 	slider_2: markerPos = None
21.8276 	EXP 	slider_2: rating = None
21.8276 	EXP 	image_2: autoDraw = True
21.8276 	EXP 	slider_2: autoDraw = True
21.8464 	DATA 	Mouse: Left button down, pos=(749,156)
21.8728 	EXP 	slider_2: markerPos = 3.96875
21.8892 	EXP 	slider_2: markerPos = 3.994791666666667
21.9061 	EXP 	slider_2: markerPos = 4.02734375
21.9225 	EXP 	slider_2: markerPos = 4.098958333333333
21.9245 	DATA 	Mouse:  Left button up, pos=(783,154)
21.9394 	EXP 	slider_2: markerPos = 4.098958333333333
21.9394 	EXP 	slider_2: rating = 4.098958333333333
21.9423 	EXP 	New trial (rep=0, index=13): OrderedDict([('Imagenes', 'imagenes\\Brownie.jpg'), ('Random', 0.17000143351927688), ('Correcto', None)])
21.9824 	EXP 	image_2: autoDraw = False
21.9824 	EXP 	slider_2: autoDraw = False
21.9824 	EXP 	image_2: image = 'imagenes\\Brownie.jpg'
21.9824 	EXP 	slider_2: markerPos = None
21.9824 	EXP 	slider_2: markerPos = None
21.9824 	EXP 	slider_2: rating = None
21.9824 	EXP 	image_2: autoDraw = True
21.9824 	EXP 	slider_2: autoDraw = True
22.0035 	DATA 	Mouse: Left button down, pos=(890,151)
22.0231 	EXP 	slider_2: markerPos = 4.84765625
22.0396 	EXP 	slider_2: markerPos = 4.873697916666666
22.0558 	EXP 	slider_2: markerPos = 4.880208333333334
22.0724 	EXP 	slider_2: markerPos = 4.90625
22.0744 	DATA 	Mouse:  Left button up, pos=(910,149)
22.0894 	EXP 	slider_2: markerPos = 4.90625
22.0894 	EXP 	slider_2: rating = 4.90625
22.0934 	EXP 	New trial (rep=0, index=14): OrderedDict([('Imagenes', 'imagenes\\Mango.jpeg'), ('Random', 0.555669112372461), ('Correcto', None)])
22.1180 	EXP 	image_2: autoDraw = False
22.1180 	EXP 	slider_2: autoDraw = False
22.1180 	EXP 	image_2: image = 'imagenes\\Mango.jpeg'
22.1180 	EXP 	slider_2: markerPos = None
22.1180 	EXP 	slider_2: markerPos = None
22.1180 	EXP 	slider_2: rating = None
22.1180 	EXP 	image_2: autoDraw = True
22.1180 	EXP 	slider_2: autoDraw = True
22.1766 	DATA 	Mouse: Left button down, pos=(972,149)
22.1895 	EXP 	slider_2: markerPos = 5.381510416666666
22.2061 	EXP 	slider_2: markerPos = 5.381510416666666
22.2230 	EXP 	slider_2: markerPos = 5.381510416666666
22.2394 	EXP 	slider_2: markerPos = 5.381510416666666
22.2530 	DATA 	Mouse:  Left button up, pos=(969,149)
22.2559 	EXP 	slider_2: markerPos = 5.381510416666666
22.2725 	EXP 	slider_2: markerPos = 5.381510416666666
22.2725 	EXP 	slider_2: rating = 5.381510416666666
22.2753 	EXP 	New trial (rep=0, index=15): OrderedDict([('Imagenes', 'imagenes\\Kiwi.jpg'), ('Random', 0.5893907384852061), ('Correcto', None)])
22.2897 	EXP 	image_2: autoDraw = False
22.2897 	EXP 	slider_2: autoDraw = False
22.2897 	EXP 	image_2: image = 'imagenes\\Kiwi.jpg'
22.2897 	EXP 	slider_2: markerPos = None
22.2897 	EXP 	slider_2: markerPos = None
22.2897 	EXP 	slider_2: rating = None
22.2897 	EXP 	image_2: autoDraw = True
22.2897 	EXP 	slider_2: autoDraw = True
22.3594 	DATA 	Mouse: Left button down, pos=(862,149)
22.3727 	EXP 	slider_2: markerPos = 4.580729166666667
22.3896 	EXP 	slider_2: markerPos = 4.411458333333333
22.4061 	EXP 	slider_2: markerPos = 4.229166666666667
22.4230 	EXP 	slider_2: markerPos = 4.0859375
22.4397 	EXP 	slider_2: markerPos = 3.845052083333333
22.4428 	DATA 	Mouse:  Left button up, pos=(716,141)
22.4559 	EXP 	slider_2: markerPos = 3.845052083333333
22.4559 	EXP 	slider_2: rating = 3.845052083333333
22.4595 	EXP 	New trial (rep=0, index=16): OrderedDict([('Imagenes', 'imagenes\\Leche-de-almendras.jpg'), ('Random', 0.36073876480313727), ('Correcto', None)])
22.5152 	DATA 	Mouse: Left button down, pos=(648,141)
22.5213 	EXP 	image_2: autoDraw = False
22.5213 	EXP 	slider_2: autoDraw = False
22.5213 	EXP 	image_2: image = 'imagenes\\Leche-de-almendras.jpg'
22.5213 	EXP 	slider_2: markerPos = None
22.5213 	EXP 	slider_2: markerPos = None
22.5213 	EXP 	slider_2: rating = None
22.5213 	EXP 	image_2: autoDraw = True
22.5213 	EXP 	slider_2: autoDraw = True
22.5213 	EXP 	slider_2: markerPos = 3.2721354166666665
22.5274 	EXP 	slider_2: markerPos = 3.24609375
22.5393 	EXP 	slider_2: markerPos = 3.2005208333333335
22.5564 	EXP 	slider_2: markerPos = 3.16796875
22.5733 	EXP 	slider_2: markerPos = 3.1028645833333335
22.5901 	EXP 	slider_2: markerPos = 2.9791666666666665
22.6063 	EXP 	slider_2: markerPos = 2.8880208333333335
22.6085 	DATA 	Mouse:  Left button up, pos=(569,140)
22.6235 	EXP 	slider_2: markerPos = 2.8880208333333335
22.6235 	EXP 	slider_2: rating = 2.8880208333333335
22.6270 	EXP 	New trial (rep=0, index=17): OrderedDict([('Imagenes', 'imagenes\\Uvas.jpg'), ('Random', 0.7734382152670648), ('Correcto', None)])
22.6502 	EXP 	image_2: autoDraw = False
22.6502 	EXP 	slider_2: autoDraw = False
22.6502 	EXP 	image_2: image = 'imagenes\\Uvas.jpg'
22.6502 	EXP 	slider_2: markerPos = None
22.6502 	EXP 	slider_2: markerPos = None
22.6502 	EXP 	slider_2: rating = None
22.6502 	EXP 	image_2: autoDraw = True
22.6502 	EXP 	slider_2: autoDraw = True
22.6917 	DATA 	Mouse: Left button down, pos=(508,146)
22.7058 	EXP 	slider_2: markerPos = 2.360677083333333
22.7229 	EXP 	slider_2: markerPos = 2.34765625
22.7392 	EXP 	slider_2: markerPos = 2.334635416666667
22.7560 	EXP 	slider_2: markerPos = 2.328125
22.7729 	EXP 	slider_2: markerPos = 2.328125
22.7896 	EXP 	slider_2: markerPos = 2.321614583333333
22.7923 	DATA 	Mouse:  Left button up, pos=(502,146)
22.8059 	EXP 	slider_2: markerPos = 2.321614583333333
22.8059 	EXP 	slider_2: rating = 2.321614583333333
22.8095 	EXP 	New trial (rep=0, index=18): OrderedDict([('Imagenes', 'imagenes\\bon-bon-bun.jpg'), ('Random', 0.7387922093313524), ('Correcto', None)])
22.8435 	EXP 	image_2: autoDraw = False
22.8435 	EXP 	slider_2: autoDraw = False
22.8435 	EXP 	image_2: image = 'imagenes\\bon-bon-bun.jpg'
22.8435 	EXP 	slider_2: markerPos = None
22.8435 	EXP 	slider_2: markerPos = None
22.8435 	EXP 	slider_2: rating = None
22.8435 	EXP 	image_2: autoDraw = True
22.8435 	EXP 	slider_2: autoDraw = True
22.8747 	DATA 	Mouse: Left button down, pos=(527,149)
22.8895 	EXP 	slider_2: markerPos = 2.529947916666667
22.9060 	EXP 	slider_2: markerPos = 2.634114583333333
22.9229 	EXP 	slider_2: markerPos = 2.744791666666667
22.9399 	EXP 	slider_2: markerPos = 2.848958333333333
22.9562 	EXP 	slider_2: markerPos = 2.9986979166666665
22.9642 	DATA 	Mouse:  Left button up, pos=(642,150)
22.9724 	EXP 	slider_2: markerPos = 3.1549479166666665
22.9892 	EXP 	slider_2: markerPos = 3.1549479166666665
22.9892 	EXP 	slider_2: rating = 3.1549479166666665
22.9922 	EXP 	New trial (rep=0, index=19): OrderedDict([('Imagenes', 'imagenes\\Rosquitas (1).jpg'), ('Random', 0.3035383390851263), ('Correcto', None)])
23.0227 	EXP 	image_2: autoDraw = False
23.0227 	EXP 	slider_2: autoDraw = False
23.0227 	EXP 	image_2: image = 'imagenes\\Rosquitas (1).jpg'
23.0227 	EXP 	slider_2: markerPos = None
23.0227 	EXP 	slider_2: markerPos = None
23.0227 	EXP 	slider_2: rating = None
23.0227 	EXP 	image_2: autoDraw = True
23.0227 	EXP 	slider_2: autoDraw = True
23.0430 	DATA 	Mouse: Left button down, pos=(734,157)
23.0557 	EXP 	slider_2: markerPos = 3.83203125
23.0725 	EXP 	slider_2: markerPos = 3.890625
23.0892 	EXP 	slider_2: markerPos = 3.923177083333333
23.1058 	EXP 	slider_2: markerPos = 3.96875
23.1228 	EXP 	slider_2: markerPos = 4.033854166666667
23.1282 	DATA 	Mouse:  Left button up, pos=(789,154)
23.1395 	EXP 	slider_2: markerPos = 4.14453125
23.1559 	EXP 	slider_2: markerPos = 4.14453125
23.1559 	EXP 	slider_2: rating = 4.14453125
23.1594 	EXP 	New trial (rep=0, index=3): OrderedDict([('Hertz', 400), ('volumen', 0.02)])
23.1729 	EXP 	Imported imagenes.xlsx as conditions, 20 conditions, 3 params
23.1734 	EXP 	Created sequence: random, trialTypes=20, nReps=1, seed=None
23.1739 	EXP 	New trial (rep=0, index=0): OrderedDict([('Imagenes', 'imagenes\\Rosquitas (1).jpg'), ('Random', 0.3035383390851263), ('Correcto', None)])
23.1996 	EXP 	image_2: autoDraw = False
23.1996 	EXP 	slider_2: autoDraw = False
23.1996 	EXP 	image_2: image = 'imagenes\\Rosquitas (1).jpg'
23.1996 	EXP 	slider_2: markerPos = None
23.1996 	EXP 	slider_2: markerPos = None
23.1996 	EXP 	slider_2: rating = None
23.1996 	EXP 	image_2: autoDraw = True
23.1996 	EXP 	slider_2: autoDraw = True
23.2170 	DATA 	Mouse: Left button down, pos=(874,153)
23.2225 	EXP 	slider_2: markerPos = 4.743489583333333
23.2391 	EXP 	slider_2: markerPos = 4.763020833333334
23.2557 	EXP 	slider_2: markerPos = 4.76953125
23.2732 	EXP 	slider_2: markerPos = 4.776041666666666
23.2895 	EXP 	slider_2: markerPos = 4.782552083333334
23.3062 	EXP 	slider_2: markerPos = 4.802083333333334
23.3156 	DATA 	Mouse:  Left button up, pos=(904,152)
23.3228 	EXP 	slider_2: markerPos = 4.919270833333334
23.3393 	EXP 	slider_2: markerPos = 4.919270833333334
23.3393 	EXP 	slider_2: rating = 4.919270833333334
23.3437 	EXP 	New trial (rep=0, index=1): OrderedDict([('Imagenes', 'imagenes\\Alpinito.jpg'), ('Random', 0.4515332417045813), ('Correcto', None)])
23.3816 	EXP 	image_2: autoDraw = False
23.3816 	EXP 	slider_2: autoDraw = False
23.3816 	EXP 	image_2: image = 'imagenes\\Alpinito.jpg'
23.3816 	EXP 	slider_2: markerPos = None
23.3816 	EXP 	slider_2: markerPos = None
23.3816 	EXP 	slider_2: rating = None
23.3816 	EXP 	image_2: autoDraw = True
23.3816 	EXP 	slider_2: autoDraw = True
23.3890 	DATA 	Mouse: Left button down, pos=(915,152)
23.3975 	EXP 	slider_2: markerPos = 5.010416666666666
23.4057 	EXP 	slider_2: markerPos = 5.010416666666666
23.4230 	EXP 	slider_2: markerPos = 5.010416666666666
23.4395 	EXP 	slider_2: markerPos = 5.010416666666666
23.4562 	EXP 	slider_2: markerPos = 4.984375
23.4731 	EXP 	slider_2: markerPos = 4.919270833333334
23.4897 	EXP 	slider_2: markerPos = 4.828125
23.4919 	DATA 	Mouse:  Left button up, pos=(864,152)
23.5060 	EXP 	slider_2: markerPos = 4.828125
23.5060 	EXP 	slider_2: rating = 4.828125
23.5097 	EXP 	New trial (rep=0, index=2): OrderedDict([('Imagenes', 'imagenes\\Papas-limon.jpg'), ('Random', 0.020692288100133793), ('Correcto', None)])
23.5277 	EXP 	image_2: autoDraw = False
23.5277 	EXP 	slider_2: autoDraw = False
23.5277 	EXP 	image_2: image = 'imagenes\\Papas-limon.jpg'
23.5277 	EXP 	slider_2: markerPos = None
23.5277 	EXP 	slider_2: markerPos = None
23.5277 	EXP 	slider_2: rating = None
23.5277 	EXP 	image_2: autoDraw = True
23.5277 	EXP 	slider_2: autoDraw = True
23.5783 	DATA 	Mouse: Left button down, pos=(735,154)
23.5894 	EXP 	slider_2: markerPos = 3.838541666666667
23.6057 	EXP 	slider_2: markerPos = 3.740885416666667
23.6228 	EXP 	slider_2: markerPos = 3.682291666666667
23.6395 	EXP 	slider_2: markerPos = 3.63671875
23.6562 	EXP 	slider_2: markerPos = 3.571614583333333
23.6648 	DATA 	Mouse:  Left button up, pos=(672,144)
23.6724 	EXP 	slider_2: markerPos = 3.48046875
23.6895 	EXP 	slider_2: markerPos = 3.48046875
23.6895 	EXP 	slider_2: rating = 3.48046875
23.6932 	EXP 	New trial (rep=0, index=3): OrderedDict([('Imagenes', 'imagenes\\Uvas.jpg'), ('Random', 0.7734382152670648), ('Correcto', None)])
23.7154 	EXP 	image_2: autoDraw = False
23.7154 	EXP 	slider_2: autoDraw = False
23.7154 	EXP 	image_2: image = 'imagenes\\Uvas.jpg'
23.7154 	EXP 	slider_2: markerPos = None
23.7154 	EXP 	slider_2: markerPos = None
23.7154 	EXP 	slider_2: rating = None
23.7154 	EXP 	image_2: autoDraw = True
23.7154 	EXP 	slider_2: autoDraw = True
23.7427 	DATA 	Mouse: Left button down, pos=(616,144)
23.7557 	EXP 	slider_2: markerPos = 3.0638020833333335
23.7728 	EXP 	slider_2: markerPos = 3.0377604166666665
23.7896 	EXP 	slider_2: markerPos = 3.01171875
23.8059 	EXP 	slider_2: markerPos = 2.9791666666666665
23.8226 	EXP 	slider_2: markerPos = 2.9140625
23.8393 	EXP 	slider_2: markerPos = 2.85546875
23.8512 	DATA 	Mouse:  Left button up, pos=(561,139)
23.8558 	EXP 	slider_2: markerPos = 2.783854166666667
23.8729 	EXP 	slider_2: markerPos = 2.783854166666667
23.8729 	EXP 	slider_2: rating = 2.783854166666667
23.8769 	EXP 	New trial (rep=0, index=4): OrderedDict([('Imagenes', 'imagenes\\Galletas-festival.jpg'), ('Random', 0.36121121246191135), ('Correcto', None)])
23.9035 	EXP 	image_2: autoDraw = False
23.9035 	EXP 	slider_2: autoDraw = False
23.9035 	EXP 	image_2: image = 'imagenes\\Galletas-festival.jpg'
23.9035 	EXP 	slider_2: markerPos = None
23.9035 	EXP 	slider_2: markerPos = None
23.9035 	EXP 	slider_2: rating = None
23.9035 	EXP 	image_2: autoDraw = True
23.9035 	EXP 	slider_2: autoDraw = True
23.9153 	DATA 	Mouse: Left button down, pos=(527,140)
23.9392 	EXP 	slider_2: markerPos = 2.46484375
23.9557 	EXP 	slider_2: markerPos = 2.42578125
23.9728 	EXP 	slider_2: markerPos = 2.40625
23.9894 	EXP 	slider_2: markerPos = 2.380208333333333
23.9958 	DATA 	Mouse:  Left button up, pos=(504,140)
24.0057 	EXP 	slider_2: markerPos = 2.354166666666667
24.0225 	EXP 	slider_2: markerPos = 2.354166666666667
24.0225 	EXP 	slider_2: rating = 2.354166666666667
24.0259 	EXP 	New trial (rep=0, index=5): OrderedDict([('Imagenes', 'imagenes\\Leche-de-almendras.jpg'), ('Random', 0.36073876480313727), ('Correcto', None)])
24.0851 	DATA 	Mouse: Left button down, pos=(473,145)
24.0911 	EXP 	image_2: autoDraw = False
24.0911 	EXP 	slider_2: autoDraw = False
24.0911 	EXP 	image_2: image = 'imagenes\\Leche-de-almendras.jpg'
24.0911 	EXP 	slider_2: markerPos = None
24.0911 	EXP 	slider_2: markerPos = None
24.0911 	EXP 	slider_2: rating = None
24.0911 	EXP 	image_2: autoDraw = True
24.0911 	EXP 	slider_2: autoDraw = True
24.0911 	EXP 	slider_2: markerPos = 2.1328125
24.0976 	EXP 	slider_2: markerPos = 2.1263020833333335
24.1059 	EXP 	slider_2: markerPos = 2.1197916666666665
24.1230 	EXP 	slider_2: markerPos = 2.1197916666666665
24.1399 	EXP 	slider_2: markerPos = 2.1067708333333335
24.1564 	EXP 	slider_2: markerPos = 2.0872395833333335
24.1586 	DATA 	Mouse:  Left button up, pos=(462,145)
24.1733 	EXP 	slider_2: markerPos = 2.0872395833333335
24.1733 	EXP 	slider_2: rating = 2.0872395833333335
24.1768 	EXP 	New trial (rep=0, index=6): OrderedDict([('Imagenes', 'imagenes\\Papas-pollo.jpg'), ('Random', 0.6683114062971784), ('Correcto', None)])
24.1949 	EXP 	image_2: autoDraw = False
24.1949 	EXP 	slider_2: autoDraw = False
24.1949 	EXP 	image_2: image = 'imagenes\\Papas-pollo.jpg'
24.1949 	EXP 	slider_2: markerPos = None
24.1949 	EXP 	slider_2: markerPos = None
24.1949 	EXP 	slider_2: rating = None
24.1949 	EXP 	image_2: autoDraw = True
24.1949 	EXP 	slider_2: autoDraw = True
24.2587 	DATA 	Mouse: Left button down, pos=(452,145)
24.2732 	EXP 	slider_2: markerPos = 1.99609375
24.2893 	EXP 	slider_2: markerPos = 2.03515625
24.3060 	EXP 	slider_2: markerPos = 2.1197916666666665
24.3228 	EXP 	slider_2: markerPos = 2.282552083333333
24.3393 	EXP 	slider_2: markerPos = 2.484375
24.3560 	EXP 	slider_2: markerPos = 2.73828125
24.3585 	DATA 	Mouse:  Left button up, pos=(610,150)
24.3727 	EXP 	slider_2: markerPos = 2.73828125
24.3727 	EXP 	slider_2: rating = 2.73828125
24.3768 	EXP 	New trial (rep=0, index=7): OrderedDict([('Imagenes', 'imagenes\\Manzana.jpg'), ('Random', 0.5168162194437935), ('Correcto', None)])
24.4062 	EXP 	image_2: autoDraw = False
24.4062 	EXP 	slider_2: autoDraw = False
24.4062 	EXP 	image_2: image = 'imagenes\\Manzana.jpg'
24.4062 	EXP 	slider_2: markerPos = None
24.4062 	EXP 	slider_2: markerPos = None
24.4062 	EXP 	slider_2: rating = None
24.4062 	EXP 	image_2: autoDraw = True
24.4062 	EXP 	slider_2: autoDraw = True
24.4290 	DATA 	Mouse: Left button down, pos=(704,156)
24.4559 	EXP 	slider_2: markerPos = 3.65625
24.4727 	EXP 	slider_2: markerPos = 3.708333333333333
24.4893 	EXP 	slider_2: markerPos = 3.75390625
24.5061 	EXP 	slider_2: markerPos = 3.884114583333333
24.5160 	DATA 	Mouse:  Left button up, pos=(774,150)
24.5229 	EXP 	slider_2: markerPos = 4.033854166666667
24.5395 	EXP 	slider_2: markerPos = 4.033854166666667
24.5395 	EXP 	slider_2: rating = 4.033854166666667
24.5432 	EXP 	New trial (rep=0, index=8): OrderedDict([('Imagenes', 'imagenes\\Chocoramo.jfif.jpg'), ('Random', 0.7789437122019539), ('Correcto', None)])
24.5759 	EXP 	image_2: autoDraw = False
24.5759 	EXP 	slider_2: autoDraw = False
24.5759 	EXP 	image_2: image = 'imagenes\\Chocoramo.jfif.jpg'
24.5759 	EXP 	slider_2: markerPos = None
24.5759 	EXP 	slider_2: markerPos = None
24.5759 	EXP 	slider_2: rating = None
24.5759 	EXP 	image_2: autoDraw = True
24.5759 	EXP 	slider_2: autoDraw = True
24.5949 	DATA 	Mouse: Left button down, pos=(828,146)
24.6229 	EXP 	slider_2: markerPos = 4.450520833333333
24.6395 	EXP 	slider_2: markerPos = 4.45703125
24.6558 	EXP 	slider_2: markerPos = 4.4765625
24.6728 	EXP 	slider_2: markerPos = 4.509114583333333
24.6756 	DATA 	Mouse:  Left button up, pos=(841,144)
24.6892 	EXP 	slider_2: markerPos = 4.509114583333333
24.6892 	EXP 	slider_2: rating = 4.509114583333333
24.6929 	EXP 	New trial (rep=0, index=9): OrderedDict([('Imagenes', 'imagenes\\Mango.jpeg'), ('Random', 0.555669112372461), ('Correcto', None)])
24.7185 	EXP 	image_2: autoDraw = False
24.7185 	EXP 	slider_2: autoDraw = False
24.7185 	EXP 	image_2: image = 'imagenes\\Mango.jpeg'
24.7185 	EXP 	slider_2: markerPos = None
24.7185 	EXP 	slider_2: markerPos = None
24.7185 	EXP 	slider_2: rating = None
24.7185 	EXP 	image_2: autoDraw = True
24.7185 	EXP 	slider_2: autoDraw = True
24.7627 	DATA 	Mouse: Left button down, pos=(934,144)
24.7902 	EXP 	slider_2: markerPos = 5.134114583333334
24.8062 	EXP 	slider_2: markerPos = 5.147135416666666
24.8226 	EXP 	slider_2: markerPos = 5.153645833333334
24.8308 	DATA 	Mouse:  Left button up, pos=(941,145)
24.8390 	EXP 	slider_2: markerPos = 5.16015625
24.8558 	EXP 	slider_2: markerPos = 5.16015625
24.8558 	EXP 	slider_2: rating = 5.16015625
24.8589 	EXP 	New trial (rep=0, index=10): OrderedDict([('Imagenes', 'imagenes\\Banano.jpeg'), ('Random', 0.651633055306917), ('Correcto', None)])
24.8815 	EXP 	image_2: autoDraw = False
24.8815 	EXP 	slider_2: autoDraw = False
24.8815 	EXP 	image_2: image = 'imagenes\\Banano.jpeg'
24.8815 	EXP 	slider_2: markerPos = None
24.8815 	EXP 	slider_2: markerPos = None
24.8815 	EXP 	slider_2: rating = None
24.8815 	EXP 	image_2: autoDraw = True
24.8815 	EXP 	slider_2: autoDraw = True
24.9413 	DATA 	Mouse: Left button down, pos=(989,153)
24.9558 	EXP 	slider_2: markerPos = 5.4921875
24.9726 	EXP 	slider_2: markerPos = 5.4921875
24.9895 	EXP 	slider_2: markerPos = 5.4921875
25.0059 	EXP 	slider_2: markerPos = 5.4921875
25.0231 	EXP 	slider_2: markerPos = 5.4921875
25.0395 	EXP 	slider_2: markerPos = 5.4921875
25.0460 	DATA 	Mouse:  Left button up, pos=(979,153)
25.0557 	EXP 	slider_2: markerPos = 5.446614583333334
25.0725 	EXP 	slider_2: markerPos = 5.446614583333334
25.0725 	EXP 	slider_2: rating = 5.446614583333334
25.0757 	EXP 	New trial (rep=0, index=11): OrderedDict([('Imagenes', 'imagenes\\bon-bon-bun.jpg'), ('Random', 0.7387922093313524), ('Correcto', None)])
25.1082 	EXP 	image_2: autoDraw = False
25.1082 	EXP 	slider_2: autoDraw = False
25.1082 	EXP 	image_2: image = 'imagenes\\bon-bon-bun.jpg'
25.1082 	EXP 	slider_2: markerPos = None
25.1082 	EXP 	slider_2: markerPos = None
25.1082 	EXP 	slider_2: rating = None
25.1082 	EXP 	image_2: autoDraw = True
25.1082 	EXP 	slider_2: autoDraw = True
25.1228 	DATA 	Mouse: Left button down, pos=(846,153)
25.1391 	EXP 	slider_2: markerPos = 4.561197916666667
25.1560 	EXP 	slider_2: markerPos = 4.326822916666667
25.1731 	EXP 	slider_2: markerPos = 4.1640625
25.1895 	EXP 	slider_2: markerPos = 4.020833333333333
25.2061 	EXP 	slider_2: markerPos = 3.94921875
25.2227 	EXP 	slider_2: markerPos = 3.819010416666667
25.2393 	DATA 	Mouse:  Left button up, pos=(707,139)
25.2413 	EXP 	slider_2: markerPos = 3.747395833333333
25.2556 	EXP 	slider_2: markerPos = 3.747395833333333
25.2556 	EXP 	slider_2: rating = 3.747395833333333
25.2593 	EXP 	New trial (rep=0, index=12): OrderedDict([('Imagenes', 'imagenes\\Nutella (1).jpg'), ('Random', 0.5277483225747329), ('Correcto', None)])
25.2782 	EXP 	image_2: autoDraw = False
25.2782 	EXP 	slider_2: autoDraw = False
25.2782 	EXP 	image_2: image = 'imagenes\\Nutella (1).jpg'
25.2782 	EXP 	slider_2: markerPos = None
25.2782 	EXP 	slider_2: markerPos = None
25.2782 	EXP 	slider_2: rating = None
25.2782 	EXP 	image_2: autoDraw = True
25.2782 	EXP 	slider_2: autoDraw = True
25.2913 	DATA 	Mouse: Left button down, pos=(678,139)
25.3060 	EXP 	slider_2: markerPos = 3.4674479166666665
25.3223 	EXP 	slider_2: markerPos = 3.4153645833333335
25.3390 	EXP 	slider_2: markerPos = 3.3567708333333335
25.3558 	EXP 	slider_2: markerPos = 3.24609375
25.3730 	EXP 	slider_2: markerPos = 3.1549479166666665
25.3895 	EXP 	slider_2: markerPos = 3.0768229166666665
25.4058 	EXP 	slider_2: markerPos = 2.9986979166666665
25.4078 	DATA 	Mouse:  Left button up, pos=(600,138)
25.4223 	EXP 	slider_2: markerPos = 2.9986979166666665
25.4223 	EXP 	slider_2: rating = 2.9986979166666665
25.4256 	EXP 	New trial (rep=0, index=13): OrderedDict([('Imagenes', 'imagenes\\Yogurt-alpina.jpg'), ('Random', 0.21540995091807813), ('Correcto', None)])
25.4472 	EXP 	image_2: autoDraw = False
25.4472 	EXP 	slider_2: autoDraw = False
25.4472 	EXP 	image_2: image = 'imagenes\\Yogurt-alpina.jpg'
25.4472 	EXP 	slider_2: markerPos = None
25.4472 	EXP 	slider_2: markerPos = None
25.4472 	EXP 	slider_2: rating = None
25.4472 	EXP 	image_2: autoDraw = True
25.4472 	EXP 	slider_2: autoDraw = True
25.4607 	DATA 	Mouse: Left button down, pos=(569,142)
25.4894 	EXP 	slider_2: markerPos = 2.69921875
25.5058 	EXP 	slider_2: markerPos = 2.647135416666667
25.5223 	EXP 	slider_2: markerPos = 2.614583333333333
25.5390 	EXP 	slider_2: markerPos = 2.54296875
25.5557 	EXP 	slider_2: markerPos = 2.484375
25.5575 	DATA 	Mouse:  Left button up, pos=(516,143)
25.5723 	EXP 	slider_2: markerPos = 2.484375
25.5723 	EXP 	slider_2: rating = 2.484375
25.5756 	EXP 	New trial (rep=0, index=14): OrderedDict([('Imagenes', 'imagenes\\Kiwi.jpg'), ('Random', 0.5893907384852061), ('Correcto', None)])
25.5896 	EXP 	image_2: autoDraw = False
25.5896 	EXP 	slider_2: autoDraw = False
25.5896 	EXP 	image_2: image = 'imagenes\\Kiwi.jpg'
25.5896 	EXP 	slider_2: markerPos = None
25.5896 	EXP 	slider_2: markerPos = None
25.5896 	EXP 	slider_2: rating = None
25.5896 	EXP 	image_2: autoDraw = True
25.5896 	EXP 	slider_2: autoDraw = True
25.6250 	DATA 	Mouse: Left button down, pos=(491,146)
25.6394 	EXP 	slider_2: markerPos = 2.2369791666666665
25.6557 	EXP 	slider_2: markerPos = 2.23046875
25.6728 	EXP 	slider_2: markerPos = 2.2109375
25.6894 	EXP 	slider_2: markerPos = 2.2044270833333335
25.7058 	EXP 	slider_2: markerPos = 2.1848958333333335
25.7121 	DATA 	Mouse:  Left button up, pos=(474,146)
25.7227 	EXP 	slider_2: markerPos = 2.1653645833333335
25.7394 	EXP 	slider_2: markerPos = 2.1653645833333335
25.7394 	EXP 	slider_2: rating = 2.1653645833333335
25.7437 	EXP 	New trial (rep=0, index=15): OrderedDict([('Imagenes', 'imagenes\\Brownie.jpg'), ('Random', 0.17000143351927688), ('Correcto', None)])
25.7867 	EXP 	image_2: autoDraw = False
25.7867 	EXP 	slider_2: autoDraw = False
25.7867 	EXP 	image_2: image = 'imagenes\\Brownie.jpg'
25.7867 	EXP 	slider_2: markerPos = None
25.7867 	EXP 	slider_2: markerPos = None
25.7867 	EXP 	slider_2: rating = None
25.7867 	EXP 	image_2: autoDraw = True
25.7867 	EXP 	slider_2: autoDraw = True
25.7918 	DATA 	Mouse: Left button down, pos=(450,146)
25.8006 	EXP 	slider_2: markerPos = 1.9830729166666665
25.8075 	EXP 	slider_2: markerPos = 1.9765625
25.8225 	EXP 	slider_2: markerPos = 1.9765625
25.8392 	EXP 	slider_2: markerPos = 1.9765625
25.8559 	EXP 	slider_2: markerPos = 1.9765625
25.8729 	EXP 	slider_2: markerPos = 1.9765625
25.8892 	EXP 	slider_2: markerPos = 1.9765625
25.8910 	DATA 	Mouse:  Left button up, pos=(456,146)
25.9058 	EXP 	slider_2: markerPos = 1.9765625
25.9058 	EXP 	slider_2: rating = 1.9765625
25.9099 	EXP 	New trial (rep=0, index=16): OrderedDict([('Imagenes', 'imagenes\\Croissant.jpg'), ('Random', 0.6152458173421255), ('Correcto', None)])
25.9457 	EXP 	image_2: autoDraw = False
25.9457 	EXP 	slider_2: autoDraw = False
25.9457 	EXP 	image_2: image = 'imagenes\\Croissant.jpg'
25.9457 	EXP 	slider_2: markerPos = None
25.9457 	EXP 	slider_2: markerPos = None
25.9457 	EXP 	slider_2: rating = None
25.9457 	EXP 	image_2: autoDraw = True
25.9457 	EXP 	slider_2: autoDraw = True
25.9928 	DATA 	Mouse: Left button down, pos=(579,150)
26.0060 	EXP 	slider_2: markerPos = 2.875
26.0231 	EXP 	slider_2: markerPos = 2.9401041666666665
26.0393 	EXP 	slider_2: markerPos = 2.9856770833333335
26.0559 	EXP 	slider_2: markerPos = 3.0703125
26.0731 	EXP 	slider_2: markerPos = 3.16796875
26.0897 	EXP 	slider_2: markerPos = 3.2786458333333335
26.1059 	EXP 	slider_2: markerPos = 3.4088541666666665
26.1085 	DATA 	Mouse:  Left button up, pos=(695,150)
26.1224 	EXP 	slider_2: markerPos = 3.4088541666666665
26.1224 	EXP 	slider_2: rating = 3.4088541666666665
26.1256 	EXP 	New trial (rep=0, index=17): OrderedDict([('Imagenes', 'imagenes\\Papas-naturales.jpg'), ('Random', 0.15856838916280946), ('Correcto', None)])
26.1436 	EXP 	image_2: autoDraw = False
26.1436 	EXP 	slider_2: autoDraw = False
26.1436 	EXP 	image_2: image = 'imagenes\\Papas-naturales.jpg'
26.1436 	EXP 	slider_2: markerPos = None
26.1436 	EXP 	slider_2: markerPos = None
26.1436 	EXP 	slider_2: rating = None
26.1436 	EXP 	image_2: autoDraw = True
26.1436 	EXP 	slider_2: autoDraw = True
26.3283 	DATA 	Mouse: Left button down, pos=(877,164)
26.3391 	EXP 	slider_2: markerPos = 4.763020833333334
26.3556 	EXP 	slider_2: markerPos = 4.76953125
26.3722 	EXP 	slider_2: markerPos = 4.76953125
26.3889 	EXP 	slider_2: markerPos = 4.76953125
26.3949 	DATA 	Mouse:  Left button up, pos=(885,162)
26.4056 	EXP 	slider_2: markerPos = 4.795572916666666
26.4227 	EXP 	slider_2: markerPos = 4.795572916666666
26.4227 	EXP 	slider_2: rating = 4.795572916666666
26.4264 	EXP 	New trial (rep=0, index=18): OrderedDict([('Imagenes', 'imagenes\\Popetas.jpg'), ('Random', 0.07650200324054446), ('Correcto', None)])
26.4735 	EXP 	image_2: autoDraw = False
26.4735 	EXP 	slider_2: autoDraw = False
26.4735 	EXP 	image_2: image = 'imagenes\\Popetas.jpg'
26.4735 	EXP 	slider_2: markerPos = None
26.4735 	EXP 	slider_2: markerPos = None
26.4735 	EXP 	slider_2: rating = None
26.4735 	EXP 	image_2: autoDraw = True
26.4735 	EXP 	slider_2: autoDraw = True
26.5079 	DATA 	Mouse: Left button down, pos=(939,160)
26.5229 	EXP 	slider_2: markerPos = 5.166666666666666
26.5392 	EXP 	slider_2: markerPos = 5.166666666666666
26.5558 	EXP 	slider_2: markerPos = 5.166666666666666
26.5729 	EXP 	slider_2: markerPos = 5.166666666666666
26.5797 	DATA 	Mouse:  Left button up, pos=(943,159)
26.5896 	EXP 	slider_2: markerPos = 5.1796875
26.6058 	EXP 	slider_2: markerPos = 5.1796875
26.6058 	EXP 	slider_2: rating = 5.1796875
26.6097 	EXP 	New trial (rep=0, index=19): OrderedDict([('Imagenes', 'imagenes\\Galletas Tosh.jpg'), ('Random', 0.478088790487872), ('Correcto', None)])
26.6456 	EXP 	image_2: autoDraw = False
26.6456 	EXP 	slider_2: autoDraw = False
26.6456 	EXP 	image_2: image = 'imagenes\\Galletas Tosh.jpg'
26.6456 	EXP 	slider_2: markerPos = None
26.6456 	EXP 	slider_2: markerPos = None
26.6456 	EXP 	slider_2: rating = None
26.6456 	EXP 	image_2: autoDraw = True
26.6456 	EXP 	slider_2: autoDraw = True
26.6747 	DATA 	Mouse: Left button down, pos=(963,159)
26.6890 	EXP 	slider_2: markerPos = 5.322916666666666
26.7056 	EXP 	slider_2: markerPos = 5.303385416666666
26.7226 	EXP 	slider_2: markerPos = 5.264322916666666
26.7394 	EXP 	slider_2: markerPos = 5.21875
26.7558 	EXP 	slider_2: markerPos = 5.055989583333334
26.7586 	DATA 	Mouse:  Left button up, pos=(869,156)
26.7728 	EXP 	slider_2: markerPos = 5.055989583333334
26.7728 	EXP 	slider_2: rating = 5.055989583333334
26.8375 	EXP 	image_2: autoDraw = False
26.8375 	EXP 	slider_2: autoDraw = False
26.8375 	EXP 	text: text = 'El nmero aleatorio es 863.'
26.8375 	EXP 	text_2: text = 'El precio seleccionado aleatoriamente es 3409.0.'
26.8375 	EXP 	text: autoDraw = True
26.8375 	EXP 	text_2: autoDraw = True
26.8406 	DATA 	Mouse: Left button down, pos=(728,156)
26.9418 	DATA 	Mouse:  Left button up, pos=(669,152)
27.0084 	DATA 	Mouse: Left button down, pos=(622,152)
27.1093 	DATA 	Mouse:  Left button up, pos=(546,148)
31.8391 	EXP 	text: autoDraw = False
31.8391 	EXP 	text_2: autoDraw = False
31.8391 	EXP 	text: autoDraw = False
31.8391 	EXP 	text_2: autoDraw = False
32.1522 	EXP 	window1: mouseVisible = True
